2025-10-28 14:24:03,662 [DEBUG] Initializing AdcActions class. (at adc_actions.py)
2025-10-28 14:24:03,662 [INFO] Lookup table found: /media/shyunc/DATA/KSpec/KSPEC_ICS/ADC/Simul/kspec_adc_controller/src/etc/ADC_lookup.csv (at adc_actions.py)
2025-10-28 14:24:03,663 [INFO] Interpolation function using pchip method created. (at adc_actions.py)
2025-10-28 14:25:36,859 [INFO] Connecting to devices. (at adc_actions.py)
2025-10-28 14:25:36,860 [INFO] Connection successful. (at adc_actions.py)
2025-10-28 14:25:36,870 [INFO] Starting homing operation. (at adc_actions.py)
2025-10-28 14:25:36,870 [DEBUG] Calling homing method on controller. (at adc_actions.py)
2025-10-28 14:25:46,871 [INFO] Homing completed successfully. (at adc_actions.py)
2025-10-28 14:25:46,884 [INFO] Starting zeroing operation with velocity 1 RPM. (at adc_actions.py)
2025-10-28 14:25:46,885 [DEBUG] Initiating homing as part of zeroing. (at adc_actions.py)
2025-10-28 14:25:56,886 [INFO] Zeroing operation completed successfully. (at adc_actions.py)
2025-10-28 14:25:56,902 [INFO] Retrieving status for motor 0. (at adc_actions.py)
2025-10-28 14:25:56,902 [INFO] Motor 0 status: $$$$$ (at adc_actions.py)
2025-10-28 14:30:01,919 [INFO] Calculating from ZA. (at adc_actions.py)
2025-10-28 14:30:01,919 [ERROR] Input zenith angle 97.98703062047154 is out of bounds (0.0, 60.0) (at adc_actions.py)
2025-10-28 14:30:01,920 [ERROR] Error calculating from ZA: Input zenith angle 97.98703062047154 is out of bounds. (at adc_actions.py)
2025-10-28 14:30:34,370 [INFO] Calculating from ZA. (at adc_actions.py)
2025-10-28 14:30:34,370 [ERROR] Input zenith angle 98.12078904417552 is out of bounds (0.0, 60.0) (at adc_actions.py)
2025-10-28 14:30:34,370 [ERROR] Error calculating from ZA: Input zenith angle 98.12078904417552 is out of bounds. (at adc_actions.py)
2025-10-28 14:30:49,865 [INFO] Starting zeroing operation with velocity 1 RPM. (at adc_actions.py)
2025-10-28 14:30:49,865 [DEBUG] Initiating homing as part of zeroing. (at adc_actions.py)
2025-10-28 14:30:59,868 [INFO] Zeroing operation completed successfully. (at adc_actions.py)
2025-10-28 14:31:05,294 [INFO] Calculating from ZA. (at adc_actions.py)
2025-10-28 14:31:05,295 [ERROR] Input zenith angle 98.19877428659703 is out of bounds (0.0, 60.0) (at adc_actions.py)
2025-10-28 14:31:05,295 [ERROR] Error calculating from ZA: Input zenith angle 98.19877428659703 is out of bounds. (at adc_actions.py)
2025-10-28 14:31:11,102 [INFO] Starting zeroing operation with velocity 1 RPM. (at adc_actions.py)
2025-10-28 14:31:11,103 [DEBUG] Initiating homing as part of zeroing. (at adc_actions.py)
2025-10-28 14:31:21,104 [INFO] Zeroing operation completed successfully. (at adc_actions.py)
2025-10-28 14:36:59,833 [INFO] Connecting to devices. (at adc_actions.py)
2025-10-28 14:36:59,834 [INFO] Connection successful. (at adc_actions.py)
2025-10-28 14:36:59,838 [INFO] Starting homing operation. (at adc_actions.py)
2025-10-28 14:36:59,838 [DEBUG] Calling homing method on controller. (at adc_actions.py)
2025-10-28 14:37:09,839 [INFO] Homing completed successfully. (at adc_actions.py)
2025-10-28 14:37:09,856 [INFO] Starting zeroing operation with velocity 1 RPM. (at adc_actions.py)
2025-10-28 14:37:09,856 [DEBUG] Initiating homing as part of zeroing. (at adc_actions.py)
2025-10-28 14:37:19,858 [INFO] Zeroing operation completed successfully. (at adc_actions.py)
2025-10-28 14:37:19,872 [INFO] Retrieving status for motor 0. (at adc_actions.py)
2025-10-28 14:37:19,873 [INFO] Motor 0 status: $$$$$ (at adc_actions.py)
2025-10-28 16:45:12,863 [INFO] Connecting to devices. (at adc_actions.py)
2025-10-28 16:45:12,864 [INFO] Connection successful. (at adc_actions.py)
2025-10-28 16:45:12,870 [INFO] Starting homing operation. (at adc_actions.py)
2025-10-28 16:45:12,870 [DEBUG] Calling homing method on controller. (at adc_actions.py)
2025-10-28 16:45:22,873 [INFO] Homing completed successfully. (at adc_actions.py)
2025-10-28 16:45:22,890 [INFO] Starting zeroing operation with velocity 1 RPM. (at adc_actions.py)
2025-10-28 16:45:22,891 [DEBUG] Initiating homing as part of zeroing. (at adc_actions.py)
2025-10-28 16:45:32,893 [INFO] Zeroing operation completed successfully. (at adc_actions.py)
2025-10-28 16:45:32,909 [INFO] Retrieving status for motor 0. (at adc_actions.py)
2025-10-28 16:45:32,909 [INFO] Motor 0 status: $$$$$ (at adc_actions.py)
2025-10-28 17:00:38,770 [INFO] Connecting to devices. (at adc_actions.py)
2025-10-28 17:00:38,770 [INFO] Connection successful. (at adc_actions.py)
2025-10-28 17:00:38,776 [INFO] Starting homing operation. (at adc_actions.py)
2025-10-28 17:00:38,777 [DEBUG] Calling homing method on controller. (at adc_actions.py)
2025-10-28 17:00:48,778 [INFO] Homing completed successfully. (at adc_actions.py)
2025-10-28 17:00:48,797 [INFO] Starting zeroing operation with velocity 1 RPM. (at adc_actions.py)
2025-10-28 17:00:48,797 [DEBUG] Initiating homing as part of zeroing. (at adc_actions.py)
2025-10-28 17:00:58,799 [INFO] Zeroing operation completed successfully. (at adc_actions.py)
2025-10-28 17:00:58,814 [INFO] Retrieving status for motor 0. (at adc_actions.py)
2025-10-28 17:00:58,815 [INFO] Motor 0 status: $$$$$ (at adc_actions.py)
2025-10-28 17:01:37,645 [INFO] Calculating from ZA. (at adc_actions.py)
2025-10-28 17:01:37,645 [ERROR] Input zenith angle 110.06329835429369 is out of bounds (0.0, 60.0) (at adc_actions.py)
2025-10-28 17:01:37,646 [ERROR] Error calculating from ZA: Input zenith angle 110.06329835429369 is out of bounds. (at adc_actions.py)
2025-10-28 17:01:40,568 [INFO] Calculating from ZA. (at adc_actions.py)
2025-10-28 17:01:40,568 [ERROR] Input zenith angle 110.06840372163666 is out of bounds (0.0, 60.0) (at adc_actions.py)
2025-10-28 17:01:40,568 [ERROR] Error calculating from ZA: Input zenith angle 110.06840372163666 is out of bounds. (at adc_actions.py)
2025-10-28 17:01:48,894 [INFO] Calculating from ZA. (at adc_actions.py)
2025-10-28 17:01:48,894 [ERROR] Input zenith angle 60.600036984141255 is out of bounds (0.0, 60.0) (at adc_actions.py)
2025-10-28 17:01:48,894 [ERROR] Error calculating from ZA: Input zenith angle 60.600036984141255 is out of bounds. (at adc_actions.py)
2025-10-28 17:01:57,912 [INFO] Calculating from ZA. (at adc_actions.py)
2025-10-28 17:01:57,912 [INFO] Calculation successful: -1.8420274101430962 (at adc_actions.py)
2025-10-28 17:01:57,913 [INFO] Converting degrees to counts. (at adc_actions.py)
2025-10-28 17:01:57,913 [DEBUG] Converted -1.8420274101430962 degrees to -82 counts. (at adc_actions.py)
2025-10-28 17:01:57,913 [INFO] Conversion successful: -82 (at adc_actions.py)
2025-10-28 17:01:57,914 [DEBUG] Starting simultaneous move for motors 1 and 2 to position -82 with velocity 1. (at adc_actions.py)
2025-10-28 17:01:57,914 [INFO] Both motors moved successfully. (at adc_actions.py)
2025-10-28 17:02:08,954 [DEBUG] Stopping both motors simultaneously. (at adc_actions.py)
2025-10-28 17:02:08,954 [INFO] Both motors stopped successfully. (at adc_actions.py)
2025-10-28 17:02:14,161 [INFO] Calculating from ZA. (at adc_actions.py)
2025-10-28 17:02:14,161 [INFO] Calculation successful: -1.7922040283440595 (at adc_actions.py)
2025-10-28 17:02:14,161 [INFO] Converting degrees to counts. (at adc_actions.py)
2025-10-28 17:02:14,161 [DEBUG] Converted -1.7922040283440595 degrees to -80 counts. (at adc_actions.py)
2025-10-28 17:02:14,161 [INFO] Conversion successful: -80 (at adc_actions.py)
2025-10-28 17:02:14,162 [DEBUG] Starting simultaneous move for motors 1 and 2 to position -80 with velocity 1. (at adc_actions.py)
2025-10-28 17:02:14,162 [INFO] Both motors moved successfully. (at adc_actions.py)
2025-10-28 17:03:14,186 [INFO] Calculating from ZA. (at adc_actions.py)
2025-10-28 17:03:14,186 [INFO] Calculation successful: -1.6082709519896352 (at adc_actions.py)
2025-10-28 17:03:14,186 [INFO] Converting degrees to counts. (at adc_actions.py)
2025-10-28 17:03:14,186 [DEBUG] Converted -1.6082709519896352 degrees to -72 counts. (at adc_actions.py)
2025-10-28 17:03:14,187 [INFO] Conversion successful: -72 (at adc_actions.py)
2025-10-28 17:03:14,188 [DEBUG] Starting simultaneous move for motors 1 and 2 to position 8 with velocity 1. (at adc_actions.py)
2025-10-28 17:03:14,188 [INFO] Both motors moved successfully. (at adc_actions.py)
2025-10-28 17:04:14,215 [INFO] Calculating from ZA. (at adc_actions.py)
2025-10-28 17:04:14,215 [INFO] Calculation successful: -1.424418946293172 (at adc_actions.py)
2025-10-28 17:04:14,215 [INFO] Converting degrees to counts. (at adc_actions.py)
2025-10-28 17:04:14,216 [DEBUG] Converted -1.424418946293172 degrees to -64 counts. (at adc_actions.py)
2025-10-28 17:04:14,216 [INFO] Conversion successful: -64 (at adc_actions.py)
2025-10-28 17:04:14,217 [DEBUG] Starting simultaneous move for motors 1 and 2 to position 8 with velocity 1. (at adc_actions.py)
2025-10-28 17:04:14,217 [INFO] Both motors moved successfully. (at adc_actions.py)
2025-10-28 17:04:16,856 [DEBUG] Stopping both motors simultaneously. (at adc_actions.py)
2025-10-28 17:04:16,856 [INFO] Both motors stopped successfully. (at adc_actions.py)
2025-10-28 17:04:58,197 [INFO] Calculating from ZA. (at adc_actions.py)
2025-10-28 17:04:58,197 [INFO] Calculation successful: -1.2897735677775195 (at adc_actions.py)
2025-10-28 17:04:58,198 [INFO] Converting degrees to counts. (at adc_actions.py)
2025-10-28 17:04:58,198 [DEBUG] Converted -1.2897735677775195 degrees to -58 counts. (at adc_actions.py)
2025-10-28 17:04:58,198 [INFO] Conversion successful: -58 (at adc_actions.py)
2025-10-28 17:04:58,198 [DEBUG] Starting simultaneous move for motors 1 and 2 to position -58 with velocity 1. (at adc_actions.py)
2025-10-28 17:04:58,198 [INFO] Both motors moved successfully. (at adc_actions.py)
2025-10-28 17:05:06,029 [DEBUG] Stopping both motors simultaneously. (at adc_actions.py)
2025-10-28 17:05:06,030 [INFO] Both motors stopped successfully. (at adc_actions.py)
