2025-12-01 16:45:27,078 [DEBUG] Initializing AdcActions class. (at adc_actions.py)
2025-12-01 16:45:27,078 [INFO] Lookup table found: /media/shyunc/DATA/KSpec/KSPEC_ICS/ADC/Simul/kspec_adc_controller/src/etc/ADC_lookup.csv (at adc_actions.py)
2025-12-01 16:45:27,079 [INFO] Interpolation function using pchip method created. (at adc_actions.py)
2025-12-01 16:49:34,981 [INFO] Connecting to devices. (at adc_actions.py)
2025-12-01 16:49:34,982 [INFO] Connection successful. (at adc_actions.py)
2025-12-01 16:49:34,988 [INFO] Starting homing operation. (at adc_actions.py)
2025-12-01 16:49:34,988 [DEBUG] Calling homing method on controller. (at adc_actions.py)
2025-12-01 16:49:44,990 [INFO] Homing completed successfully. (at adc_actions.py)
2025-12-01 16:49:44,999 [INFO] Starting zeroing operation with velocity 1 RPM. (at adc_actions.py)
2025-12-01 16:49:44,999 [DEBUG] Initiating homing as part of zeroing. (at adc_actions.py)
2025-12-01 16:49:55,002 [INFO] Zeroing operation completed successfully. (at adc_actions.py)
2025-12-01 16:49:55,018 [INFO] Retrieving status for motor 0. (at adc_actions.py)
2025-12-01 16:49:55,019 [INFO] Motor 0 status: $$$$$ (at adc_actions.py)
2025-12-01 17:01:29,543 [INFO] Calculating from ZA. (at adc_actions.py)
2025-12-01 17:01:29,543 [INFO] Calculation successful: -35.79557547731515 (at adc_actions.py)
2025-12-01 17:01:29,544 [INFO] Converting degrees to counts. (at adc_actions.py)
2025-12-01 17:01:29,544 [DEBUG] Converted -35.79557547731515 degrees to -1610 counts. (at adc_actions.py)
2025-12-01 17:01:29,544 [INFO] Conversion successful: -1610 (at adc_actions.py)
2025-12-01 17:01:29,545 [DEBUG] Starting simultaneous move for motors 1 and 2 to position -1610 with velocity 1. (at adc_actions.py)
2025-12-01 17:01:29,545 [INFO] Both motors moved successfully. (at adc_actions.py)
2025-12-01 17:02:29,557 [INFO] Calculating from ZA. (at adc_actions.py)
2025-12-01 17:02:29,558 [INFO] Calculation successful: -36.00526254405025 (at adc_actions.py)
2025-12-01 17:02:29,558 [INFO] Converting degrees to counts. (at adc_actions.py)
2025-12-01 17:02:29,558 [DEBUG] Converted -36.00526254405025 degrees to -1620 counts. (at adc_actions.py)
2025-12-01 17:02:29,558 [INFO] Conversion successful: -1620 (at adc_actions.py)
2025-12-01 17:02:29,559 [DEBUG] Starting simultaneous move for motors 1 and 2 to position -10 with velocity 1. (at adc_actions.py)
2025-12-01 17:02:29,559 [INFO] Both motors moved successfully. (at adc_actions.py)
2025-12-01 17:03:29,571 [INFO] Calculating from ZA. (at adc_actions.py)
2025-12-01 17:03:29,572 [INFO] Calculation successful: -36.21388678927822 (at adc_actions.py)
2025-12-01 17:03:29,572 [INFO] Converting degrees to counts. (at adc_actions.py)
2025-12-01 17:03:29,572 [DEBUG] Converted -36.21388678927822 degrees to -1629 counts. (at adc_actions.py)
2025-12-01 17:03:29,572 [INFO] Conversion successful: -1629 (at adc_actions.py)
2025-12-01 17:03:29,573 [DEBUG] Starting simultaneous move for motors 1 and 2 to position -9 with velocity 1. (at adc_actions.py)
2025-12-01 17:03:29,573 [INFO] Both motors moved successfully. (at adc_actions.py)
2025-12-01 17:04:29,585 [INFO] Calculating from ZA. (at adc_actions.py)
2025-12-01 17:04:29,585 [INFO] Calculation successful: -36.424421026321625 (at adc_actions.py)
2025-12-01 17:04:29,586 [INFO] Converting degrees to counts. (at adc_actions.py)
2025-12-01 17:04:29,586 [DEBUG] Converted -36.424421026321625 degrees to -1639 counts. (at adc_actions.py)
2025-12-01 17:04:29,586 [INFO] Conversion successful: -1639 (at adc_actions.py)
2025-12-01 17:04:29,587 [DEBUG] Starting simultaneous move for motors 1 and 2 to position -10 with velocity 1. (at adc_actions.py)
2025-12-01 17:04:29,587 [INFO] Both motors moved successfully. (at adc_actions.py)
2025-12-01 17:05:29,611 [INFO] Calculating from ZA. (at adc_actions.py)
2025-12-01 17:05:29,612 [INFO] Calculation successful: -36.636905592104085 (at adc_actions.py)
2025-12-01 17:05:29,612 [INFO] Converting degrees to counts. (at adc_actions.py)
2025-12-01 17:05:29,612 [DEBUG] Converted -36.636905592104085 degrees to -1648 counts. (at adc_actions.py)
2025-12-01 17:05:29,612 [INFO] Conversion successful: -1648 (at adc_actions.py)
2025-12-01 17:05:29,613 [DEBUG] Starting simultaneous move for motors 1 and 2 to position -9 with velocity 1. (at adc_actions.py)
2025-12-01 17:05:29,613 [INFO] Both motors moved successfully. (at adc_actions.py)
2025-12-01 17:05:53,451 [DEBUG] Stopping both motors simultaneously. (at adc_actions.py)
2025-12-01 17:05:53,452 [INFO] Both motors stopped successfully. (at adc_actions.py)
2025-12-01 17:05:53,456 [INFO] Starting zeroing operation with velocity 1 RPM. (at adc_actions.py)
2025-12-01 17:05:53,457 [DEBUG] Initiating homing as part of zeroing. (at adc_actions.py)
2025-12-01 17:06:03,459 [INFO] Zeroing operation completed successfully. (at adc_actions.py)
