2026-01-06 13:44:15,103 [DEBUG] Initializing AdcActions class. (at adc_actions.py)
2026-01-06 13:44:15,104 [INFO] Lookup table found: /media/shyunc/DATA/KSpec/KSPEC_ICS/ADC/Simul/kspec_adc_controller/src/etc/ADC_lookup.csv (at adc_actions.py)
2026-01-06 13:44:15,105 [INFO] Interpolation function using pchip method created. (at adc_actions.py)
2026-01-06 13:44:43,127 [INFO] Connecting to devices. (at adc_actions.py)
2026-01-06 13:44:43,127 [INFO] Connection successful. (at adc_actions.py)
2026-01-06 13:44:43,132 [INFO] Starting homing operation. (at adc_actions.py)
2026-01-06 13:44:43,132 [DEBUG] Calling homing method on controller. (at adc_actions.py)
2026-01-06 13:44:53,135 [INFO] Homing completed successfully. (at adc_actions.py)
2026-01-06 13:44:53,151 [INFO] Starting zeroing operation with velocity 1 RPM. (at adc_actions.py)
2026-01-06 13:44:53,152 [DEBUG] Initiating homing as part of zeroing. (at adc_actions.py)
2026-01-06 13:45:03,154 [INFO] Zeroing operation completed successfully. (at adc_actions.py)
2026-01-06 13:45:03,167 [INFO] Retrieving status for motor 0. (at adc_actions.py)
2026-01-06 13:45:03,167 [INFO] Motor 0 status: $$$$$ (at adc_actions.py)
2026-01-06 13:52:55,198 [INFO] Connecting to devices. (at adc_actions.py)
2026-01-06 13:52:55,198 [INFO] Connection successful. (at adc_actions.py)
2026-01-06 13:52:55,204 [INFO] Starting homing operation. (at adc_actions.py)
2026-01-06 13:52:55,204 [DEBUG] Calling homing method on controller. (at adc_actions.py)
2026-01-06 13:53:05,207 [INFO] Homing completed successfully. (at adc_actions.py)
2026-01-06 13:53:05,225 [INFO] Starting zeroing operation with velocity 1 RPM. (at adc_actions.py)
2026-01-06 13:53:05,226 [DEBUG] Initiating homing as part of zeroing. (at adc_actions.py)
2026-01-06 13:53:15,227 [INFO] Zeroing operation completed successfully. (at adc_actions.py)
2026-01-06 13:53:15,241 [INFO] Retrieving status for motor 0. (at adc_actions.py)
2026-01-06 13:53:15,241 [INFO] Motor 0 status: $$$$$ (at adc_actions.py)
2026-01-06 14:55:42,288 [INFO] Connecting to devices. (at adc_actions.py)
2026-01-06 14:55:42,289 [INFO] Connection successful. (at adc_actions.py)
2026-01-06 14:55:42,301 [INFO] Starting homing operation. (at adc_actions.py)
2026-01-06 14:55:42,301 [DEBUG] Calling homing method on controller. (at adc_actions.py)
2026-01-06 14:55:52,302 [INFO] Homing completed successfully. (at adc_actions.py)
2026-01-06 14:55:52,313 [INFO] Starting zeroing operation with velocity 1 RPM. (at adc_actions.py)
2026-01-06 14:55:52,313 [DEBUG] Initiating homing as part of zeroing. (at adc_actions.py)
2026-01-06 14:56:02,315 [INFO] Zeroing operation completed successfully. (at adc_actions.py)
2026-01-06 14:56:02,329 [INFO] Retrieving status for motor 0. (at adc_actions.py)
2026-01-06 14:56:02,329 [INFO] Motor 0 status: $$$$$ (at adc_actions.py)
2026-01-06 15:40:30,350 [INFO] Connecting to devices. (at adc_actions.py)
2026-01-06 15:40:30,350 [INFO] Connection successful. (at adc_actions.py)
2026-01-06 15:40:30,353 [INFO] Starting homing operation. (at adc_actions.py)
2026-01-06 15:40:30,353 [DEBUG] Calling homing method on controller. (at adc_actions.py)
2026-01-06 15:40:40,355 [INFO] Homing completed successfully. (at adc_actions.py)
2026-01-06 15:40:40,372 [INFO] Starting zeroing operation with velocity 1 RPM. (at adc_actions.py)
2026-01-06 15:40:40,373 [DEBUG] Initiating homing as part of zeroing. (at adc_actions.py)
2026-01-06 15:40:50,375 [INFO] Zeroing operation completed successfully. (at adc_actions.py)
2026-01-06 15:40:50,390 [INFO] Retrieving status for motor 0. (at adc_actions.py)
2026-01-06 15:40:50,391 [INFO] Motor 0 status: $$$$$ (at adc_actions.py)
2026-01-06 15:41:35,290 [INFO] Connecting to devices. (at adc_actions.py)
2026-01-06 15:41:35,290 [INFO] Connection successful. (at adc_actions.py)
2026-01-06 15:41:35,295 [INFO] Starting homing operation. (at adc_actions.py)
2026-01-06 15:41:35,295 [DEBUG] Calling homing method on controller. (at adc_actions.py)
2026-01-06 15:41:45,297 [INFO] Homing completed successfully. (at adc_actions.py)
2026-01-06 15:41:45,308 [INFO] Starting zeroing operation with velocity 1 RPM. (at adc_actions.py)
2026-01-06 15:41:45,308 [DEBUG] Initiating homing as part of zeroing. (at adc_actions.py)
2026-01-06 15:41:55,309 [INFO] Zeroing operation completed successfully. (at adc_actions.py)
2026-01-06 15:41:55,324 [INFO] Retrieving status for motor 0. (at adc_actions.py)
2026-01-06 15:41:55,324 [INFO] Motor 0 status: $$$$$ (at adc_actions.py)
2026-01-06 15:54:53,266 [INFO] Connecting to devices. (at adc_actions.py)
2026-01-06 15:54:53,267 [INFO] Connection successful. (at adc_actions.py)
2026-01-06 15:54:53,271 [INFO] Starting homing operation. (at adc_actions.py)
2026-01-06 15:54:53,272 [DEBUG] Calling homing method on controller. (at adc_actions.py)
2026-01-06 15:55:03,273 [INFO] Homing completed successfully. (at adc_actions.py)
2026-01-06 15:55:03,277 [INFO] Starting zeroing operation with velocity 1 RPM. (at adc_actions.py)
2026-01-06 15:55:03,277 [DEBUG] Initiating homing as part of zeroing. (at adc_actions.py)
2026-01-06 15:55:13,279 [INFO] Zeroing operation completed successfully. (at adc_actions.py)
2026-01-06 15:55:13,289 [INFO] Retrieving status for motor 0. (at adc_actions.py)
2026-01-06 15:55:13,290 [INFO] Motor 0 status: $$$$$ (at adc_actions.py)
2026-01-06 16:03:27,802 [INFO] Connecting to devices. (at adc_actions.py)
2026-01-06 16:03:27,803 [INFO] Connection successful. (at adc_actions.py)
2026-01-06 16:03:27,809 [INFO] Starting homing operation. (at adc_actions.py)
2026-01-06 16:03:27,809 [DEBUG] Calling homing method on controller. (at adc_actions.py)
2026-01-06 16:03:37,809 [INFO] Homing completed successfully. (at adc_actions.py)
2026-01-06 16:03:37,829 [INFO] Starting zeroing operation with velocity 1 RPM. (at adc_actions.py)
2026-01-06 16:03:37,829 [DEBUG] Initiating homing as part of zeroing. (at adc_actions.py)
2026-01-06 16:03:47,830 [INFO] Zeroing operation completed successfully. (at adc_actions.py)
2026-01-06 16:03:47,845 [INFO] Retrieving status for motor 0. (at adc_actions.py)
2026-01-06 16:03:47,846 [INFO] Motor 0 status: $$$$$ (at adc_actions.py)
2026-01-06 16:06:35,636 [INFO] Connecting to devices. (at adc_actions.py)
2026-01-06 16:06:35,637 [INFO] Connection successful. (at adc_actions.py)
2026-01-06 16:06:35,643 [INFO] Starting homing operation. (at adc_actions.py)
2026-01-06 16:06:35,643 [DEBUG] Calling homing method on controller. (at adc_actions.py)
2026-01-06 16:06:45,645 [INFO] Homing completed successfully. (at adc_actions.py)
2026-01-06 16:06:45,661 [INFO] Starting zeroing operation with velocity 1 RPM. (at adc_actions.py)
2026-01-06 16:06:45,662 [DEBUG] Initiating homing as part of zeroing. (at adc_actions.py)
2026-01-06 16:06:55,663 [INFO] Zeroing operation completed successfully. (at adc_actions.py)
2026-01-06 16:06:55,676 [INFO] Retrieving status for motor 0. (at adc_actions.py)
2026-01-06 16:06:55,676 [INFO] Motor 0 status: $$$$$ (at adc_actions.py)
