2025-12-13 17:22:58,841 [DEBUG] Initializing AdcActions class. (at adc_actions.py)
2025-12-13 17:22:58,841 [INFO] Lookup table found: /media/shyunc/DATA/KSpec/KSPEC_ICS/ADC/Simul/kspec_adc_controller/src/etc/ADC_lookup.csv (at adc_actions.py)
2025-12-13 17:22:58,842 [INFO] Interpolation function using pchip method created. (at adc_actions.py)
2025-12-13 17:27:12,274 [INFO] Connecting to devices. (at adc_actions.py)
2025-12-13 17:27:12,275 [INFO] Connection successful. (at adc_actions.py)
2025-12-13 17:27:12,279 [INFO] Starting homing operation. (at adc_actions.py)
2025-12-13 17:27:12,279 [DEBUG] Calling homing method on controller. (at adc_actions.py)
2025-12-13 17:27:22,280 [INFO] Homing completed successfully. (at adc_actions.py)
2025-12-13 17:27:22,294 [INFO] Starting zeroing operation with velocity 1 RPM. (at adc_actions.py)
2025-12-13 17:27:22,294 [DEBUG] Initiating homing as part of zeroing. (at adc_actions.py)
2025-12-13 17:27:32,296 [INFO] Zeroing operation completed successfully. (at adc_actions.py)
2025-12-13 17:27:32,308 [INFO] Retrieving status for motor 0. (at adc_actions.py)
2025-12-13 17:27:32,308 [INFO] Motor 0 status: $$$$$ (at adc_actions.py)
2025-12-13 17:32:01,397 [INFO] Connecting to devices. (at adc_actions.py)
2025-12-13 17:32:01,398 [INFO] Connection successful. (at adc_actions.py)
2025-12-13 17:32:01,404 [INFO] Starting homing operation. (at adc_actions.py)
2025-12-13 17:32:01,405 [DEBUG] Calling homing method on controller. (at adc_actions.py)
2025-12-13 17:32:11,407 [INFO] Homing completed successfully. (at adc_actions.py)
2025-12-13 17:32:11,417 [INFO] Starting zeroing operation with velocity 1 RPM. (at adc_actions.py)
2025-12-13 17:32:11,417 [DEBUG] Initiating homing as part of zeroing. (at adc_actions.py)
2025-12-13 17:32:21,419 [INFO] Zeroing operation completed successfully. (at adc_actions.py)
2025-12-13 17:32:21,436 [INFO] Retrieving status for motor 0. (at adc_actions.py)
2025-12-13 17:32:21,437 [INFO] Motor 0 status: $$$$$ (at adc_actions.py)
2025-12-13 17:57:26,178 [INFO] Connecting to devices. (at adc_actions.py)
2025-12-13 17:57:26,178 [INFO] Connection successful. (at adc_actions.py)
2025-12-13 17:57:26,182 [INFO] Starting homing operation. (at adc_actions.py)
2025-12-13 17:57:26,182 [DEBUG] Calling homing method on controller. (at adc_actions.py)
2025-12-13 17:57:36,184 [INFO] Homing completed successfully. (at adc_actions.py)
2025-12-13 17:57:36,202 [INFO] Starting zeroing operation with velocity 1 RPM. (at adc_actions.py)
2025-12-13 17:57:36,203 [DEBUG] Initiating homing as part of zeroing. (at adc_actions.py)
2025-12-13 17:57:46,205 [INFO] Zeroing operation completed successfully. (at adc_actions.py)
2025-12-13 17:57:46,221 [INFO] Retrieving status for motor 0. (at adc_actions.py)
2025-12-13 17:57:46,222 [INFO] Motor 0 status: $$$$$ (at adc_actions.py)
2025-12-13 17:58:51,634 [INFO] Connecting to devices. (at adc_actions.py)
2025-12-13 17:58:51,634 [INFO] Connection successful. (at adc_actions.py)
2025-12-13 17:58:51,645 [INFO] Starting homing operation. (at adc_actions.py)
2025-12-13 17:58:51,645 [DEBUG] Calling homing method on controller. (at adc_actions.py)
2025-12-13 17:59:01,646 [INFO] Homing completed successfully. (at adc_actions.py)
2025-12-13 17:59:01,663 [INFO] Starting zeroing operation with velocity 1 RPM. (at adc_actions.py)
2025-12-13 17:59:01,664 [DEBUG] Initiating homing as part of zeroing. (at adc_actions.py)
2025-12-13 17:59:11,665 [INFO] Zeroing operation completed successfully. (at adc_actions.py)
2025-12-13 17:59:11,675 [INFO] Retrieving status for motor 0. (at adc_actions.py)
2025-12-13 17:59:11,676 [INFO] Motor 0 status: $$$$$ (at adc_actions.py)
2025-12-13 18:37:43,698 [INFO] Connecting to devices. (at adc_actions.py)
2025-12-13 18:37:43,698 [INFO] Connection successful. (at adc_actions.py)
2025-12-13 18:37:43,702 [INFO] Starting homing operation. (at adc_actions.py)
2025-12-13 18:37:43,702 [DEBUG] Calling homing method on controller. (at adc_actions.py)
2025-12-13 18:37:53,703 [INFO] Homing completed successfully. (at adc_actions.py)
2025-12-13 18:37:53,714 [INFO] Starting zeroing operation with velocity 1 RPM. (at adc_actions.py)
2025-12-13 18:37:53,714 [DEBUG] Initiating homing as part of zeroing. (at adc_actions.py)
2025-12-13 18:38:03,716 [INFO] Zeroing operation completed successfully. (at adc_actions.py)
2025-12-13 18:38:03,726 [INFO] Retrieving status for motor 0. (at adc_actions.py)
2025-12-13 18:38:03,726 [INFO] Motor 0 status: $$$$$ (at adc_actions.py)
2025-12-13 18:39:42,649 [INFO] Connecting to devices. (at adc_actions.py)
2025-12-13 18:39:42,650 [INFO] Connection successful. (at adc_actions.py)
2025-12-13 18:39:42,654 [INFO] Starting homing operation. (at adc_actions.py)
2025-12-13 18:39:42,654 [DEBUG] Calling homing method on controller. (at adc_actions.py)
2025-12-13 18:39:52,655 [INFO] Homing completed successfully. (at adc_actions.py)
2025-12-13 18:39:52,672 [INFO] Starting zeroing operation with velocity 1 RPM. (at adc_actions.py)
2025-12-13 18:39:52,673 [DEBUG] Initiating homing as part of zeroing. (at adc_actions.py)
2025-12-13 18:40:02,675 [INFO] Zeroing operation completed successfully. (at adc_actions.py)
2025-12-13 18:40:02,685 [INFO] Retrieving status for motor 0. (at adc_actions.py)
2025-12-13 18:40:02,685 [INFO] Motor 0 status: $$$$$ (at adc_actions.py)
2025-12-13 18:42:40,058 [INFO] Connecting to devices. (at adc_actions.py)
2025-12-13 18:42:40,059 [INFO] Connection successful. (at adc_actions.py)
2025-12-13 18:42:40,063 [INFO] Starting homing operation. (at adc_actions.py)
2025-12-13 18:42:40,063 [DEBUG] Calling homing method on controller. (at adc_actions.py)
2025-12-13 18:42:50,064 [INFO] Homing completed successfully. (at adc_actions.py)
2025-12-13 18:42:50,074 [INFO] Starting zeroing operation with velocity 1 RPM. (at adc_actions.py)
2025-12-13 18:42:50,075 [DEBUG] Initiating homing as part of zeroing. (at adc_actions.py)
2025-12-13 18:43:00,076 [INFO] Zeroing operation completed successfully. (at adc_actions.py)
2025-12-13 18:43:00,089 [INFO] Retrieving status for motor 0. (at adc_actions.py)
2025-12-13 18:43:00,089 [INFO] Motor 0 status: $$$$$ (at adc_actions.py)
2025-12-13 18:48:10,517 [INFO] Connecting to devices. (at adc_actions.py)
2025-12-13 18:48:10,518 [INFO] Connection successful. (at adc_actions.py)
2025-12-13 18:48:10,521 [INFO] Starting homing operation. (at adc_actions.py)
2025-12-13 18:48:10,521 [DEBUG] Calling homing method on controller. (at adc_actions.py)
2025-12-13 18:48:20,523 [INFO] Homing completed successfully. (at adc_actions.py)
2025-12-13 18:48:20,540 [INFO] Starting zeroing operation with velocity 1 RPM. (at adc_actions.py)
2025-12-13 18:48:20,541 [DEBUG] Initiating homing as part of zeroing. (at adc_actions.py)
2025-12-13 18:48:30,543 [INFO] Zeroing operation completed successfully. (at adc_actions.py)
2025-12-13 18:48:30,553 [INFO] Retrieving status for motor 0. (at adc_actions.py)
2025-12-13 18:48:30,553 [INFO] Motor 0 status: $$$$$ (at adc_actions.py)
2025-12-13 18:50:00,551 [INFO] Connecting to devices. (at adc_actions.py)
2025-12-13 18:50:00,551 [INFO] Connection successful. (at adc_actions.py)
2025-12-13 18:50:00,556 [INFO] Starting homing operation. (at adc_actions.py)
2025-12-13 18:50:00,556 [DEBUG] Calling homing method on controller. (at adc_actions.py)
2025-12-13 18:50:10,557 [INFO] Homing completed successfully. (at adc_actions.py)
2025-12-13 18:50:10,576 [INFO] Starting zeroing operation with velocity 1 RPM. (at adc_actions.py)
2025-12-13 18:50:10,576 [DEBUG] Initiating homing as part of zeroing. (at adc_actions.py)
2025-12-13 18:50:20,579 [INFO] Zeroing operation completed successfully. (at adc_actions.py)
2025-12-13 18:50:20,593 [INFO] Retrieving status for motor 0. (at adc_actions.py)
2025-12-13 18:50:20,593 [INFO] Motor 0 status: $$$$$ (at adc_actions.py)
2025-12-13 18:53:10,347 [INFO] Connecting to devices. (at adc_actions.py)
2025-12-13 18:53:10,347 [INFO] Connection successful. (at adc_actions.py)
2025-12-13 18:53:10,351 [INFO] Starting homing operation. (at adc_actions.py)
2025-12-13 18:53:10,351 [DEBUG] Calling homing method on controller. (at adc_actions.py)
2025-12-13 18:53:20,352 [INFO] Homing completed successfully. (at adc_actions.py)
2025-12-13 18:53:20,366 [INFO] Starting zeroing operation with velocity 1 RPM. (at adc_actions.py)
2025-12-13 18:53:20,366 [DEBUG] Initiating homing as part of zeroing. (at adc_actions.py)
2025-12-13 18:53:30,368 [INFO] Zeroing operation completed successfully. (at adc_actions.py)
2025-12-13 18:53:30,384 [INFO] Retrieving status for motor 0. (at adc_actions.py)
2025-12-13 18:53:30,385 [INFO] Motor 0 status: $$$$$ (at adc_actions.py)
