2025-03-18 10:21:25 [INFO] Lookup table found: /media/shyunc/DATA/KSpec/KSPEC_ICS/ADC/Simul/kspec_adc_controller/src/etc/ADC_lookup.csv
2025-03-18 10:21:25 [INFO] Interpolation function using pchip method created.
2025-03-18 10:21:47 [INFO] Calculating from ZA.
2025-03-18 10:21:47 [INFO] Calculation successful: -6.288776600747404
2025-03-18 10:21:47 [INFO] Converting degrees to counts.
2025-03-18 10:21:47 [INFO] Conversion successful: -282
2025-03-18 10:21:53 [INFO] Both motors stopped successfully.
2025-03-18 13:00:46 [INFO] Calculating from ZA.
2025-03-18 13:00:46 [INFO] Calculation successful: -24.228167372212255
2025-03-18 13:00:46 [INFO] Converting degrees to counts.
2025-03-18 13:00:46 [INFO] Conversion successful: -1090
2025-03-18 13:01:01 [INFO] Both motors moved successfully.
2025-03-18 13:02:01 [INFO] Calculating from ZA.
2025-03-18 13:02:01 [INFO] Calculation successful: -24.56789201793975
2025-03-18 13:02:01 [INFO] Converting degrees to counts.
2025-03-18 13:02:01 [INFO] Conversion successful: -1105
2025-03-18 13:02:16 [INFO] Both motors moved successfully.
2025-03-18 13:03:16 [INFO] Calculating from ZA.
2025-03-18 13:03:16 [INFO] Calculation successful: -24.912101745082214
2025-03-18 13:03:16 [INFO] Converting degrees to counts.
2025-03-18 13:03:16 [INFO] Conversion successful: -1121
2025-03-18 13:03:31 [INFO] Both motors moved successfully.
2025-03-18 13:03:44 [INFO] Both motors stopped successfully.
2025-03-18 13:06:48 [INFO] Calculating from ZA.
2025-03-18 13:06:48 [INFO] Calculation successful: -25.889858894514493
2025-03-18 13:06:48 [INFO] Converting degrees to counts.
2025-03-18 13:06:48 [INFO] Conversion successful: -1165
2025-03-18 13:07:03 [INFO] Both motors moved successfully.
2025-03-18 13:08:03 [INFO] Calculating from ZA.
2025-03-18 13:08:03 [INFO] Calculation successful: -26.23173393874865
2025-03-18 13:08:03 [INFO] Converting degrees to counts.
2025-03-18 13:08:03 [INFO] Conversion successful: -1180
2025-03-18 13:08:18 [INFO] Both motors moved successfully.
2025-03-18 13:09:18 [INFO] Calculating from ZA.
2025-03-18 13:09:18 [INFO] Calculation successful: -26.56816142774192
2025-03-18 13:09:18 [INFO] Converting degrees to counts.
2025-03-18 13:09:18 [INFO] Conversion successful: -1195
2025-03-18 13:09:33 [INFO] Both motors moved successfully.
2025-03-18 13:10:33 [INFO] Calculating from ZA.
2025-03-18 13:10:33 [INFO] Calculation successful: -26.89674455571525
2025-03-18 13:10:33 [INFO] Converting degrees to counts.
2025-03-18 13:10:33 [INFO] Conversion successful: -1210
2025-03-18 13:10:48 [INFO] Both motors moved successfully.
2025-03-18 13:11:48 [INFO] Calculating from ZA.
2025-03-18 13:11:48 [INFO] Calculation successful: -27.21566788260892
2025-03-18 13:11:48 [INFO] Converting degrees to counts.
2025-03-18 13:11:48 [INFO] Conversion successful: -1224
2025-03-18 13:12:03 [INFO] Both motors moved successfully.
2025-03-18 13:13:03 [INFO] Calculating from ZA.
2025-03-18 13:13:03 [INFO] Calculation successful: -27.522679831374525
2025-03-18 13:13:03 [INFO] Converting degrees to counts.
2025-03-18 13:13:03 [INFO] Conversion successful: -1238
2025-03-18 13:13:14 [INFO] Both motors stopped successfully.
2025-03-18 13:28:53 [INFO] Calculating from ZA.
2025-03-18 13:28:53 [INFO] Calculation successful: -30.418061825306083
2025-03-18 13:28:53 [INFO] Converting degrees to counts.
2025-03-18 13:28:53 [INFO] Conversion successful: -1368
2025-03-18 13:29:08 [INFO] Both motors moved successfully.
2025-03-18 13:30:08 [INFO] Calculating from ZA.
2025-03-18 13:30:08 [INFO] Calculation successful: -30.610577937609953
2025-03-18 13:30:08 [INFO] Converting degrees to counts.
2025-03-18 13:30:08 [INFO] Conversion successful: -1377
2025-03-18 13:30:23 [INFO] Both motors moved successfully.
2025-03-18 13:31:23 [INFO] Calculating from ZA.
2025-03-18 13:31:23 [INFO] Calculation successful: -30.803066672610054
2025-03-18 13:31:23 [INFO] Converting degrees to counts.
2025-03-18 13:31:23 [INFO] Conversion successful: -1386
2025-03-18 13:31:24 [INFO] Both motors stopped successfully.
2025-03-18 13:31:33 [INFO] Both motors stopped successfully.
2025-03-18 13:41:31 [INFO] Calculating from ZA.
2025-03-18 13:41:31 [INFO] Calculation successful: -32.479802888910214
2025-03-18 13:41:31 [INFO] Converting degrees to counts.
2025-03-18 13:41:31 [INFO] Conversion successful: -1461
2025-03-18 13:41:46 [INFO] Both motors moved successfully.
2025-03-18 13:42:46 [INFO] Calculating from ZA.
2025-03-18 13:42:46 [INFO] Calculation successful: -32.707326068676494
2025-03-18 13:42:46 [INFO] Converting degrees to counts.
2025-03-18 13:42:46 [INFO] Conversion successful: -1471
2025-03-18 13:43:01 [INFO] Both motors moved successfully.
2025-03-18 13:43:38 [INFO] Both motors stopped successfully.
2025-03-18 14:30:53 [INFO] Calculating from ZA.
2025-03-18 14:30:53 [INFO] Calculation successful: -43.48876979675763
2025-03-18 14:30:53 [INFO] Converting degrees to counts.
2025-03-18 14:30:53 [INFO] Conversion successful: -1956
2025-03-18 14:31:08 [INFO] Both motors moved successfully.
2025-03-18 14:32:08 [INFO] Calculating from ZA.
2025-03-18 14:32:08 [INFO] Calculation successful: -43.84193709673514
2025-03-18 14:32:08 [INFO] Converting degrees to counts.
2025-03-18 14:32:08 [INFO] Conversion successful: -1972
2025-03-18 14:32:23 [INFO] Both motors moved successfully.
2025-03-18 14:33:00 [INFO] Both motors stopped successfully.
2025-03-18 14:40:21 [INFO] Calculating from ZA.
2025-03-18 14:40:21 [INFO] Calculation successful: -46.289047555367105
2025-03-18 14:40:21 [INFO] Converting degrees to counts.
2025-03-18 14:40:21 [INFO] Conversion successful: -2083
2025-03-18 14:40:36 [INFO] Both motors moved successfully.
2025-03-18 14:41:36 [INFO] Calculating from ZA.
2025-03-18 14:41:36 [INFO] Calculation successful: -46.68503567412854
2025-03-18 14:41:36 [INFO] Converting degrees to counts.
2025-03-18 14:41:36 [INFO] Conversion successful: -2100
2025-03-18 14:41:51 [INFO] Both motors moved successfully.
2025-03-18 14:42:51 [INFO] Calculating from ZA.
2025-03-18 14:42:51 [INFO] Calculation successful: -47.088462017822856
2025-03-18 14:42:51 [INFO] Converting degrees to counts.
2025-03-18 14:42:51 [INFO] Conversion successful: -2118
2025-03-18 14:43:06 [INFO] Both motors moved successfully.
2025-03-18 14:43:35 [INFO] Both motors stopped successfully.
2025-03-18 14:43:54 [INFO] Both motors stopped successfully.
2025-03-18 15:05:30 [INFO] Calculating from ZA.
2025-03-18 15:05:30 [INFO] Calculation successful: -55.88626522444818
2025-03-18 15:05:30 [INFO] Converting degrees to counts.
2025-03-18 15:05:30 [INFO] Conversion successful: -2514
2025-03-18 15:05:45 [INFO] Both motors moved successfully.
2025-03-18 15:06:45 [INFO] Calculating from ZA.
2025-03-18 15:06:45 [INFO] Calculation successful: -56.483921669090606
2025-03-18 15:06:45 [INFO] Converting degrees to counts.
2025-03-18 15:06:45 [INFO] Conversion successful: -2541
2025-03-18 15:07:00 [INFO] Both motors moved successfully.
2025-03-18 15:07:33 [INFO] Both motors stopped successfully.
2025-03-18 15:11:30 [INFO] Calculating from ZA.
2025-03-18 15:11:30 [INFO] Calculation successful: -58.96114474747659
2025-03-18 15:11:30 [INFO] Converting degrees to counts.
2025-03-18 15:11:30 [INFO] Conversion successful: -2653
2025-03-18 15:11:45 [INFO] Both motors moved successfully.
2025-03-18 15:12:45 [INFO] Calculating from ZA.
2025-03-18 15:12:45 [INFO] Calculation successful: -59.67653792039836
2025-03-18 15:12:45 [INFO] Converting degrees to counts.
2025-03-18 15:12:45 [INFO] Conversion successful: -2685
2025-03-18 15:13:00 [INFO] Both motors moved successfully.
2025-03-18 15:14:00 [INFO] Calculating from ZA.
2025-03-18 15:14:00 [INFO] Calculation successful: -60.421222616608944
2025-03-18 15:14:00 [INFO] Converting degrees to counts.
2025-03-18 15:14:00 [INFO] Conversion successful: -2718
2025-03-18 15:14:15 [INFO] Both motors moved successfully.
2025-03-18 15:15:15 [INFO] Calculating from ZA.
2025-03-18 15:15:15 [INFO] Calculation successful: -61.19742161829496
2025-03-18 15:15:15 [INFO] Converting degrees to counts.
2025-03-18 15:15:15 [INFO] Conversion successful: -2753
2025-03-18 15:15:30 [INFO] Both motors moved successfully.
2025-03-18 15:15:39 [INFO] Both motors stopped successfully.
2025-03-18 15:26:18 [INFO] Calculating from ZA.
2025-03-18 15:26:18 [INFO] Calculation successful: -70.38811228778538
2025-03-18 15:26:18 [INFO] Converting degrees to counts.
2025-03-18 15:26:18 [INFO] Conversion successful: -3167
2025-03-18 15:26:33 [INFO] Both motors moved successfully.
2025-03-18 15:27:33 [INFO] Calculating from ZA.
2025-03-18 15:27:33 [INFO] Calculation successful: -71.72024976004126
2025-03-18 15:27:33 [INFO] Converting degrees to counts.
2025-03-18 15:27:33 [INFO] Conversion successful: -3227
2025-03-18 15:27:48 [INFO] Both motors moved successfully.
2025-03-18 15:28:48 [INFO] Calculating from ZA.
2025-03-18 15:28:48 [INFO] Calculation successful: -73.10380798469605
2025-03-18 15:28:48 [INFO] Converting degrees to counts.
2025-03-18 15:28:48 [INFO] Conversion successful: -3289
2025-03-18 15:29:03 [INFO] Both motors moved successfully.
2025-03-18 15:30:03 [INFO] Calculating from ZA.
2025-03-18 15:30:03 [INFO] Calculation successful: -74.53544747233653
2025-03-18 15:30:03 [INFO] Converting degrees to counts.
2025-03-18 15:30:03 [INFO] Conversion successful: -3354
2025-03-18 15:30:18 [INFO] Both motors moved successfully.
2025-03-18 15:30:29 [INFO] Both motors stopped successfully.
2025-03-18 16:07:11 [INFO] Calculating from ZA.
2025-03-18 16:07:11 [ERROR] Input zenith angle 65.03378884299798 is out of bounds (0.0, 60.0)
2025-03-18 16:07:11 [ERROR] Error calculating from ZA: Input zenith angle 65.03378884299798 is out of bounds.
