2026-01-07 16:44:39,177 [DEBUG] Initializing AdcActions class. (at adc_actions.py)
2026-01-07 16:44:39,177 [INFO] Lookup table found: /media/shyunc/DATA/KSpec/KSPEC_ICS/ADC/Simul/kspec_adc_controller/src/etc/ADC_lookup.csv (at adc_actions.py)
2026-01-07 16:44:39,178 [INFO] Interpolation function using pchip method created. (at adc_actions.py)
2026-01-07 16:46:47,204 [INFO] Connecting to devices. (at adc_actions.py)
2026-01-07 16:46:47,205 [INFO] Connection successful. (at adc_actions.py)
2026-01-07 16:46:47,211 [INFO] Starting homing operation. (at adc_actions.py)
2026-01-07 16:46:47,211 [DEBUG] Calling homing method on controller. (at adc_actions.py)
2026-01-07 16:46:57,213 [INFO] Homing completed successfully. (at adc_actions.py)
2026-01-07 16:46:57,232 [INFO] Starting zeroing operation with velocity 1 RPM. (at adc_actions.py)
2026-01-07 16:46:57,232 [DEBUG] Initiating homing as part of zeroing. (at adc_actions.py)
2026-01-07 16:47:07,234 [INFO] Zeroing operation completed successfully. (at adc_actions.py)
2026-01-07 16:47:07,251 [INFO] Retrieving status for motor 0. (at adc_actions.py)
2026-01-07 16:47:07,251 [INFO] Motor 0 status: $$$$$ (at adc_actions.py)
2026-01-07 16:50:33,800 [INFO] Connecting to devices. (at adc_actions.py)
2026-01-07 16:50:33,801 [INFO] Connection successful. (at adc_actions.py)
2026-01-07 16:50:33,814 [INFO] Starting homing operation. (at adc_actions.py)
2026-01-07 16:50:33,814 [DEBUG] Calling homing method on controller. (at adc_actions.py)
2026-01-07 16:50:43,816 [INFO] Homing completed successfully. (at adc_actions.py)
2026-01-07 16:50:43,828 [INFO] Starting zeroing operation with velocity 1 RPM. (at adc_actions.py)
2026-01-07 16:50:43,828 [DEBUG] Initiating homing as part of zeroing. (at adc_actions.py)
2026-01-07 16:50:53,829 [INFO] Zeroing operation completed successfully. (at adc_actions.py)
2026-01-07 16:50:53,847 [INFO] Retrieving status for motor 0. (at adc_actions.py)
2026-01-07 16:50:53,848 [INFO] Motor 0 status: $$$$$ (at adc_actions.py)
