2026-01-09 16:30:43,288 [DEBUG] Initializing AdcActions class. (at adc_actions.py)
2026-01-09 16:30:43,289 [INFO] Lookup table found: /media/shyunc/DATA/KSpec/KSPEC_ICS/ADC/Simul/kspec_adc_controller/src/etc/ADC_lookup.csv (at adc_actions.py)
2026-01-09 16:30:43,289 [INFO] Interpolation function using pchip method created. (at adc_actions.py)
2026-01-09 16:31:41,451 [INFO] Connecting to devices. (at adc_actions.py)
2026-01-09 16:31:41,452 [INFO] Connection successful. (at adc_actions.py)
2026-01-09 16:31:41,457 [INFO] Starting homing operation. (at adc_actions.py)
2026-01-09 16:31:41,457 [DEBUG] Calling homing method on controller. (at adc_actions.py)
2026-01-09 16:31:51,458 [INFO] Homing completed successfully. (at adc_actions.py)
2026-01-09 16:31:51,470 [INFO] Starting zeroing operation with velocity 1 RPM. (at adc_actions.py)
2026-01-09 16:31:51,470 [DEBUG] Initiating homing as part of zeroing. (at adc_actions.py)
2026-01-09 16:32:01,471 [INFO] Zeroing operation completed successfully. (at adc_actions.py)
2026-01-09 16:32:01,486 [INFO] Retrieving status for motor 0. (at adc_actions.py)
2026-01-09 16:32:01,487 [INFO] Motor 0 status: $$$$$ (at adc_actions.py)
2026-01-09 17:03:17,228 [INFO] Connecting to devices. (at adc_actions.py)
2026-01-09 17:03:17,229 [INFO] Connection successful. (at adc_actions.py)
2026-01-09 17:03:17,238 [INFO] Starting homing operation. (at adc_actions.py)
2026-01-09 17:03:17,238 [DEBUG] Calling homing method on controller. (at adc_actions.py)
2026-01-09 17:03:27,240 [INFO] Homing completed successfully. (at adc_actions.py)
2026-01-09 17:03:27,257 [INFO] Starting zeroing operation with velocity 1 RPM. (at adc_actions.py)
2026-01-09 17:03:27,258 [DEBUG] Initiating homing as part of zeroing. (at adc_actions.py)
2026-01-09 17:03:37,259 [INFO] Zeroing operation completed successfully. (at adc_actions.py)
2026-01-09 17:03:37,270 [INFO] Retrieving status for motor 0. (at adc_actions.py)
2026-01-09 17:03:37,271 [INFO] Motor 0 status: $$$$$ (at adc_actions.py)
2026-01-09 17:08:54,326 [INFO] Connecting to devices. (at adc_actions.py)
2026-01-09 17:08:54,327 [INFO] Connection successful. (at adc_actions.py)
2026-01-09 17:08:54,335 [INFO] Starting homing operation. (at adc_actions.py)
2026-01-09 17:08:54,335 [DEBUG] Calling homing method on controller. (at adc_actions.py)
2026-01-09 17:09:04,337 [INFO] Homing completed successfully. (at adc_actions.py)
2026-01-09 17:09:04,347 [INFO] Starting zeroing operation with velocity 1 RPM. (at adc_actions.py)
2026-01-09 17:09:04,347 [DEBUG] Initiating homing as part of zeroing. (at adc_actions.py)
2026-01-09 17:09:14,350 [INFO] Zeroing operation completed successfully. (at adc_actions.py)
2026-01-09 17:09:14,361 [INFO] Retrieving status for motor 0. (at adc_actions.py)
2026-01-09 17:09:14,362 [INFO] Motor 0 status: $$$$$ (at adc_actions.py)
2026-01-09 17:12:24,095 [INFO] Connecting to devices. (at adc_actions.py)
2026-01-09 17:12:24,096 [INFO] Connection successful. (at adc_actions.py)
2026-01-09 17:12:24,100 [INFO] Starting homing operation. (at adc_actions.py)
2026-01-09 17:12:24,100 [DEBUG] Calling homing method on controller. (at adc_actions.py)
2026-01-09 17:12:34,102 [INFO] Homing completed successfully. (at adc_actions.py)
2026-01-09 17:12:34,113 [INFO] Starting zeroing operation with velocity 1 RPM. (at adc_actions.py)
2026-01-09 17:12:34,114 [DEBUG] Initiating homing as part of zeroing. (at adc_actions.py)
2026-01-09 17:12:44,115 [INFO] Zeroing operation completed successfully. (at adc_actions.py)
2026-01-09 17:12:44,126 [INFO] Retrieving status for motor 0. (at adc_actions.py)
2026-01-09 17:12:44,126 [INFO] Motor 0 status: $$$$$ (at adc_actions.py)
2026-01-09 17:18:43,887 [INFO] Connecting to devices. (at adc_actions.py)
2026-01-09 17:18:43,887 [INFO] Connection successful. (at adc_actions.py)
2026-01-09 17:18:43,891 [INFO] Starting homing operation. (at adc_actions.py)
2026-01-09 17:18:43,891 [DEBUG] Calling homing method on controller. (at adc_actions.py)
2026-01-09 17:18:53,892 [INFO] Homing completed successfully. (at adc_actions.py)
2026-01-09 17:18:53,896 [INFO] Starting zeroing operation with velocity 1 RPM. (at adc_actions.py)
2026-01-09 17:18:53,897 [DEBUG] Initiating homing as part of zeroing. (at adc_actions.py)
2026-01-09 17:19:03,897 [INFO] Zeroing operation completed successfully. (at adc_actions.py)
2026-01-09 17:19:03,901 [INFO] Retrieving status for motor 0. (at adc_actions.py)
2026-01-09 17:19:03,902 [INFO] Motor 0 status: $$$$$ (at adc_actions.py)
