2025-11-27 10:52:04,382 [DEBUG] Initializing AdcActions class. (at adc_actions.py)
2025-11-27 10:52:04,383 [INFO] Lookup table found: /media/shyunc/DATA/KSpec/KSPEC_ICS/ADC/Simul/kspec_adc_controller/src/etc/ADC_lookup.csv (at adc_actions.py)
2025-11-27 10:52:04,383 [INFO] Interpolation function using pchip method created. (at adc_actions.py)
2025-11-27 10:52:47,916 [INFO] Connecting to devices. (at adc_actions.py)
2025-11-27 10:52:47,917 [INFO] Connection successful. (at adc_actions.py)
2025-11-27 10:52:47,924 [INFO] Starting homing operation. (at adc_actions.py)
2025-11-27 10:52:47,924 [DEBUG] Calling homing method on controller. (at adc_actions.py)
2025-11-27 10:52:57,926 [INFO] Homing completed successfully. (at adc_actions.py)
2025-11-27 10:52:57,937 [INFO] Starting zeroing operation with velocity 1 RPM. (at adc_actions.py)
2025-11-27 10:52:57,937 [DEBUG] Initiating homing as part of zeroing. (at adc_actions.py)
2025-11-27 10:53:07,940 [INFO] Zeroing operation completed successfully. (at adc_actions.py)
2025-11-27 10:53:07,955 [INFO] Retrieving status for motor 0. (at adc_actions.py)
2025-11-27 10:53:07,956 [INFO] Motor 0 status: $$$$$ (at adc_actions.py)
2025-11-27 11:23:15,401 [INFO] Calculating from ZA. (at adc_actions.py)
2025-11-27 11:23:15,401 [ERROR] Input zenith angle 90.43453061922474 is out of bounds (0.0, 60.0) (at adc_actions.py)
2025-11-27 11:23:15,401 [ERROR] Error calculating from ZA: Input zenith angle 90.43453061922474 is out of bounds. (at adc_actions.py)
2025-11-27 13:35:35,104 [INFO] Connecting to devices. (at adc_actions.py)
2025-11-27 13:35:35,104 [INFO] Connection successful. (at adc_actions.py)
2025-11-27 13:35:35,108 [INFO] Starting homing operation. (at adc_actions.py)
2025-11-27 13:35:35,108 [DEBUG] Calling homing method on controller. (at adc_actions.py)
2025-11-27 13:35:45,109 [INFO] Homing completed successfully. (at adc_actions.py)
2025-11-27 13:35:45,126 [INFO] Starting zeroing operation with velocity 1 RPM. (at adc_actions.py)
2025-11-27 13:35:45,127 [DEBUG] Initiating homing as part of zeroing. (at adc_actions.py)
2025-11-27 13:35:55,129 [INFO] Zeroing operation completed successfully. (at adc_actions.py)
2025-11-27 13:35:55,143 [INFO] Retrieving status for motor 0. (at adc_actions.py)
2025-11-27 13:35:55,144 [INFO] Motor 0 status: $$$$$ (at adc_actions.py)
2025-11-27 13:58:15,833 [INFO] Connecting to devices. (at adc_actions.py)
2025-11-27 13:58:15,834 [INFO] Connection successful. (at adc_actions.py)
2025-11-27 13:58:15,846 [INFO] Starting homing operation. (at adc_actions.py)
2025-11-27 13:58:15,846 [DEBUG] Calling homing method on controller. (at adc_actions.py)
2025-11-27 13:58:25,848 [INFO] Homing completed successfully. (at adc_actions.py)
2025-11-27 13:58:25,867 [INFO] Starting zeroing operation with velocity 1 RPM. (at adc_actions.py)
2025-11-27 13:58:25,867 [DEBUG] Initiating homing as part of zeroing. (at adc_actions.py)
2025-11-27 13:58:35,869 [INFO] Zeroing operation completed successfully. (at adc_actions.py)
2025-11-27 13:58:35,885 [INFO] Retrieving status for motor 0. (at adc_actions.py)
2025-11-27 13:58:35,886 [INFO] Motor 0 status: $$$$$ (at adc_actions.py)
2025-11-27 14:04:11,600 [INFO] Calculating from ZA. (at adc_actions.py)
2025-11-27 14:04:11,600 [INFO] Calculation successful: -1.8648776328334162 (at adc_actions.py)
2025-11-27 14:04:11,601 [INFO] Converting degrees to counts. (at adc_actions.py)
2025-11-27 14:04:11,601 [DEBUG] Converted -1.8648776328334162 degrees to -83 counts. (at adc_actions.py)
2025-11-27 14:04:11,601 [INFO] Conversion successful: -83 (at adc_actions.py)
2025-11-27 14:04:11,602 [DEBUG] Starting simultaneous move for motors 1 and 2 to position -83 with velocity 1. (at adc_actions.py)
2025-11-27 14:04:11,602 [INFO] Both motors moved successfully. (at adc_actions.py)
2025-11-27 14:05:11,610 [INFO] Calculating from ZA. (at adc_actions.py)
2025-11-27 14:05:11,610 [INFO] Calculation successful: -1.6825107197083604 (at adc_actions.py)
2025-11-27 14:05:11,610 [INFO] Converting degrees to counts. (at adc_actions.py)
2025-11-27 14:05:11,610 [DEBUG] Converted -1.6825107197083604 degrees to -75 counts. (at adc_actions.py)
2025-11-27 14:05:11,610 [INFO] Conversion successful: -75 (at adc_actions.py)
2025-11-27 14:05:11,611 [DEBUG] Starting simultaneous move for motors 1 and 2 to position 8 with velocity 1. (at adc_actions.py)
2025-11-27 14:05:11,611 [INFO] Both motors moved successfully. (at adc_actions.py)
2025-11-27 14:06:11,622 [INFO] Calculating from ZA. (at adc_actions.py)
2025-11-27 14:06:11,623 [INFO] Calculation successful: -1.500603763077539 (at adc_actions.py)
2025-11-27 14:06:11,623 [INFO] Converting degrees to counts. (at adc_actions.py)
2025-11-27 14:06:11,623 [DEBUG] Converted -1.500603763077539 degrees to -67 counts. (at adc_actions.py)
2025-11-27 14:06:11,623 [INFO] Conversion successful: -67 (at adc_actions.py)
2025-11-27 14:06:11,624 [DEBUG] Starting simultaneous move for motors 1 and 2 to position 8 with velocity 1. (at adc_actions.py)
2025-11-27 14:06:11,624 [INFO] Both motors moved successfully. (at adc_actions.py)
2025-11-27 14:07:11,635 [INFO] Calculating from ZA. (at adc_actions.py)
2025-11-27 14:07:11,636 [INFO] Calculation successful: -1.3192808773006195 (at adc_actions.py)
2025-11-27 14:07:11,636 [INFO] Converting degrees to counts. (at adc_actions.py)
2025-11-27 14:07:11,636 [DEBUG] Converted -1.3192808773006195 degrees to -59 counts. (at adc_actions.py)
2025-11-27 14:07:11,637 [INFO] Conversion successful: -59 (at adc_actions.py)
2025-11-27 14:07:11,637 [DEBUG] Starting simultaneous move for motors 1 and 2 to position 8 with velocity 1. (at adc_actions.py)
2025-11-27 14:07:11,637 [INFO] Both motors moved successfully. (at adc_actions.py)
2025-11-27 14:08:11,663 [INFO] Calculating from ZA. (at adc_actions.py)
2025-11-27 14:08:11,664 [INFO] Calculation successful: -1.1387833862012875 (at adc_actions.py)
2025-11-27 14:08:11,664 [INFO] Converting degrees to counts. (at adc_actions.py)
2025-11-27 14:08:11,665 [DEBUG] Converted -1.1387833862012875 degrees to -51 counts. (at adc_actions.py)
2025-11-27 14:08:11,665 [INFO] Conversion successful: -51 (at adc_actions.py)
2025-11-27 14:08:11,666 [DEBUG] Starting simultaneous move for motors 1 and 2 to position 8 with velocity 1. (at adc_actions.py)
2025-11-27 14:08:11,666 [INFO] Both motors moved successfully. (at adc_actions.py)
2025-11-27 14:08:41,414 [DEBUG] Stopping both motors simultaneously. (at adc_actions.py)
2025-11-27 14:08:41,414 [INFO] Both motors stopped successfully. (at adc_actions.py)
2025-11-27 14:08:41,446 [INFO] Starting zeroing operation with velocity 1 RPM. (at adc_actions.py)
2025-11-27 14:08:41,446 [DEBUG] Initiating homing as part of zeroing. (at adc_actions.py)
2025-11-27 14:08:51,448 [INFO] Zeroing operation completed successfully. (at adc_actions.py)
2025-11-27 18:18:06,845 [INFO] Connecting to devices. (at adc_actions.py)
2025-11-27 18:18:06,846 [INFO] Connection successful. (at adc_actions.py)
2025-11-27 18:18:06,853 [INFO] Starting homing operation. (at adc_actions.py)
2025-11-27 18:18:06,853 [DEBUG] Calling homing method on controller. (at adc_actions.py)
2025-11-27 18:18:16,855 [INFO] Homing completed successfully. (at adc_actions.py)
2025-11-27 18:18:16,865 [INFO] Starting zeroing operation with velocity 1 RPM. (at adc_actions.py)
2025-11-27 18:18:16,865 [DEBUG] Initiating homing as part of zeroing. (at adc_actions.py)
2025-11-27 18:18:26,867 [INFO] Zeroing operation completed successfully. (at adc_actions.py)
2025-11-27 18:18:26,884 [INFO] Retrieving status for motor 0. (at adc_actions.py)
2025-11-27 18:18:26,885 [INFO] Motor 0 status: $$$$$ (at adc_actions.py)
2025-11-27 18:22:32,584 [INFO] Connecting to devices. (at adc_actions.py)
2025-11-27 18:22:32,585 [INFO] Connection successful. (at adc_actions.py)
2025-11-27 18:22:32,595 [INFO] Starting homing operation. (at adc_actions.py)
2025-11-27 18:22:32,595 [DEBUG] Calling homing method on controller. (at adc_actions.py)
2025-11-27 18:22:42,597 [INFO] Homing completed successfully. (at adc_actions.py)
2025-11-27 18:22:42,615 [INFO] Starting zeroing operation with velocity 1 RPM. (at adc_actions.py)
2025-11-27 18:22:42,615 [DEBUG] Initiating homing as part of zeroing. (at adc_actions.py)
2025-11-27 18:22:52,618 [INFO] Zeroing operation completed successfully. (at adc_actions.py)
2025-11-27 18:22:52,628 [INFO] Retrieving status for motor 0. (at adc_actions.py)
2025-11-27 18:22:52,628 [INFO] Motor 0 status: $$$$$ (at adc_actions.py)
2025-11-27 18:33:03,835 [INFO] Connecting to devices. (at adc_actions.py)
2025-11-27 18:33:03,835 [INFO] Connection successful. (at adc_actions.py)
2025-11-27 18:33:03,839 [INFO] Starting homing operation. (at adc_actions.py)
2025-11-27 18:33:03,839 [DEBUG] Calling homing method on controller. (at adc_actions.py)
2025-11-27 18:33:13,840 [INFO] Homing completed successfully. (at adc_actions.py)
2025-11-27 18:33:13,851 [INFO] Starting zeroing operation with velocity 1 RPM. (at adc_actions.py)
2025-11-27 18:33:13,851 [DEBUG] Initiating homing as part of zeroing. (at adc_actions.py)
2025-11-27 18:33:23,852 [INFO] Zeroing operation completed successfully. (at adc_actions.py)
2025-11-27 18:33:23,862 [INFO] Retrieving status for motor 0. (at adc_actions.py)
2025-11-27 18:33:23,862 [INFO] Motor 0 status: $$$$$ (at adc_actions.py)
2025-11-27 18:52:07,112 [INFO] Calculating from ZA. (at adc_actions.py)
2025-11-27 18:52:07,112 [INFO] Calculation successful: -78.85260875180677 (at adc_actions.py)
2025-11-27 18:52:07,112 [INFO] Converting degrees to counts. (at adc_actions.py)
2025-11-27 18:52:07,112 [DEBUG] Converted -78.85260875180677 degrees to -3548 counts. (at adc_actions.py)
2025-11-27 18:52:07,112 [INFO] Conversion successful: -3548 (at adc_actions.py)
2025-11-27 18:52:07,113 [DEBUG] Starting simultaneous move for motors 1 and 2 to position -3548 with velocity 1. (at adc_actions.py)
2025-11-27 18:52:07,113 [INFO] Both motors moved successfully. (at adc_actions.py)
2025-11-27 18:53:07,126 [INFO] Calculating from ZA. (at adc_actions.py)
2025-11-27 18:53:07,126 [INFO] Calculation successful: -80.12413123609203 (at adc_actions.py)
2025-11-27 18:53:07,126 [INFO] Converting degrees to counts. (at adc_actions.py)
2025-11-27 18:53:07,126 [DEBUG] Converted -80.12413123609203 degrees to -3605 counts. (at adc_actions.py)
2025-11-27 18:53:07,127 [INFO] Conversion successful: -3605 (at adc_actions.py)
2025-11-27 18:53:07,127 [DEBUG] Starting simultaneous move for motors 1 and 2 to position -57 with velocity 1. (at adc_actions.py)
2025-11-27 18:53:07,127 [INFO] Both motors moved successfully. (at adc_actions.py)
2025-11-27 18:54:07,138 [INFO] Calculating from ZA. (at adc_actions.py)
2025-11-27 18:54:07,139 [INFO] Calculation successful: -81.41913422324276 (at adc_actions.py)
2025-11-27 18:54:07,139 [INFO] Converting degrees to counts. (at adc_actions.py)
2025-11-27 18:54:07,139 [DEBUG] Converted -81.41913422324276 degrees to -3663 counts. (at adc_actions.py)
2025-11-27 18:54:07,139 [INFO] Conversion successful: -3663 (at adc_actions.py)
2025-11-27 18:54:07,140 [DEBUG] Starting simultaneous move for motors 1 and 2 to position -58 with velocity 1. (at adc_actions.py)
2025-11-27 18:54:07,140 [INFO] Both motors moved successfully. (at adc_actions.py)
2025-11-27 18:55:07,151 [INFO] Calculating from ZA. (at adc_actions.py)
2025-11-27 18:55:07,151 [INFO] Calculation successful: -82.73637177254932 (at adc_actions.py)
2025-11-27 18:55:07,151 [INFO] Converting degrees to counts. (at adc_actions.py)
2025-11-27 18:55:07,151 [DEBUG] Converted -82.73637177254932 degrees to -3723 counts. (at adc_actions.py)
2025-11-27 18:55:07,151 [INFO] Conversion successful: -3723 (at adc_actions.py)
2025-11-27 18:55:07,152 [DEBUG] Starting simultaneous move for motors 1 and 2 to position -60 with velocity 1. (at adc_actions.py)
2025-11-27 18:55:07,152 [INFO] Both motors moved successfully. (at adc_actions.py)
2025-11-27 18:56:07,178 [INFO] Calculating from ZA. (at adc_actions.py)
2025-11-27 18:56:07,178 [INFO] Calculation successful: -84.07456510906059 (at adc_actions.py)
2025-11-27 18:56:07,179 [INFO] Converting degrees to counts. (at adc_actions.py)
2025-11-27 18:56:07,179 [DEBUG] Converted -84.07456510906059 degrees to -3783 counts. (at adc_actions.py)
2025-11-27 18:56:07,179 [INFO] Conversion successful: -3783 (at adc_actions.py)
2025-11-27 18:56:07,180 [DEBUG] Starting simultaneous move for motors 1 and 2 to position -60 with velocity 1. (at adc_actions.py)
2025-11-27 18:56:07,180 [INFO] Both motors moved successfully. (at adc_actions.py)
2025-11-27 18:56:26,409 [DEBUG] Stopping both motors simultaneously. (at adc_actions.py)
2025-11-27 18:56:26,409 [INFO] Both motors stopped successfully. (at adc_actions.py)
2025-11-27 18:56:26,457 [INFO] Starting zeroing operation with velocity 1 RPM. (at adc_actions.py)
2025-11-27 18:56:26,457 [DEBUG] Initiating homing as part of zeroing. (at adc_actions.py)
2025-11-27 18:56:36,459 [INFO] Zeroing operation completed successfully. (at adc_actions.py)
2025-11-27 18:57:23,566 [INFO] Calculating from ZA. (at adc_actions.py)
2025-11-27 18:57:23,567 [INFO] Calculation successful: -85.80647429358609 (at adc_actions.py)
2025-11-27 18:57:23,567 [INFO] Converting degrees to counts. (at adc_actions.py)
2025-11-27 18:57:23,567 [DEBUG] Converted -85.80647429358609 degrees to -3861 counts. (at adc_actions.py)
2025-11-27 18:57:23,567 [INFO] Conversion successful: -3861 (at adc_actions.py)
2025-11-27 18:57:23,568 [DEBUG] Starting simultaneous move for motors 1 and 2 to position -3861 with velocity 1. (at adc_actions.py)
2025-11-27 18:57:23,568 [INFO] Both motors moved successfully. (at adc_actions.py)
2025-11-27 18:58:23,584 [INFO] Calculating from ZA. (at adc_actions.py)
2025-11-27 18:58:23,584 [INFO] Calculation successful: -87.18780861838034 (at adc_actions.py)
2025-11-27 18:58:23,584 [INFO] Converting degrees to counts. (at adc_actions.py)
2025-11-27 18:58:23,584 [DEBUG] Converted -87.18780861838034 degrees to -3923 counts. (at adc_actions.py)
2025-11-27 18:58:23,584 [INFO] Conversion successful: -3923 (at adc_actions.py)
2025-11-27 18:58:23,585 [DEBUG] Starting simultaneous move for motors 1 and 2 to position -62 with velocity 1. (at adc_actions.py)
2025-11-27 18:58:23,585 [INFO] Both motors moved successfully. (at adc_actions.py)
2025-11-27 18:59:23,597 [INFO] Calculating from ZA. (at adc_actions.py)
2025-11-27 18:59:23,597 [INFO] Calculation successful: -88.58597951498652 (at adc_actions.py)
2025-11-27 18:59:23,598 [INFO] Converting degrees to counts. (at adc_actions.py)
2025-11-27 18:59:23,598 [DEBUG] Converted -88.58597951498652 degrees to -3986 counts. (at adc_actions.py)
2025-11-27 18:59:23,598 [INFO] Conversion successful: -3986 (at adc_actions.py)
2025-11-27 18:59:23,599 [DEBUG] Starting simultaneous move for motors 1 and 2 to position -63 with velocity 1. (at adc_actions.py)
2025-11-27 18:59:23,599 [INFO] Both motors moved successfully. (at adc_actions.py)
2025-11-27 19:00:23,610 [INFO] Calculating from ZA. (at adc_actions.py)
2025-11-27 19:00:23,611 [ERROR] Input zenith angle 60.00034757580502 is out of bounds (0.0, 60.0) (at adc_actions.py)
2025-11-27 19:00:23,611 [ERROR] Error calculating from ZA: Input zenith angle 60.00034757580502 is out of bounds. (at adc_actions.py)
2025-11-27 19:00:42,797 [DEBUG] Stopping both motors simultaneously. (at adc_actions.py)
2025-11-27 19:00:42,797 [INFO] Both motors stopped successfully. (at adc_actions.py)
2025-11-27 19:00:42,803 [INFO] Starting zeroing operation with velocity 1 RPM. (at adc_actions.py)
2025-11-27 19:00:42,804 [DEBUG] Initiating homing as part of zeroing. (at adc_actions.py)
2025-11-27 19:00:52,806 [INFO] Zeroing operation completed successfully. (at adc_actions.py)
