2025-12-16 13:09:11,793 [DEBUG] Initializing AdcActions class. (at adc_actions.py)
2025-12-16 13:09:11,793 [INFO] Lookup table found: /media/shyunc/DATA/KSpec/KSPEC_ICS/ADC/Simul/kspec_adc_controller/src/etc/ADC_lookup.csv (at adc_actions.py)
2025-12-16 13:09:11,794 [INFO] Interpolation function using pchip method created. (at adc_actions.py)
2025-12-16 13:13:32,193 [INFO] Connecting to devices. (at adc_actions.py)
2025-12-16 13:13:32,193 [INFO] Connection successful. (at adc_actions.py)
2025-12-16 13:13:32,197 [INFO] Starting homing operation. (at adc_actions.py)
2025-12-16 13:13:32,197 [DEBUG] Calling homing method on controller. (at adc_actions.py)
2025-12-16 13:13:42,198 [INFO] Homing completed successfully. (at adc_actions.py)
2025-12-16 13:13:42,208 [INFO] Starting zeroing operation with velocity 1 RPM. (at adc_actions.py)
2025-12-16 13:13:42,208 [DEBUG] Initiating homing as part of zeroing. (at adc_actions.py)
2025-12-16 13:13:52,210 [INFO] Zeroing operation completed successfully. (at adc_actions.py)
2025-12-16 13:13:52,223 [INFO] Retrieving status for motor 0. (at adc_actions.py)
2025-12-16 13:13:52,223 [INFO] Motor 0 status: $$$$$ (at adc_actions.py)
2025-12-16 13:15:39,510 [INFO] Connecting to devices. (at adc_actions.py)
2025-12-16 13:15:39,510 [INFO] Connection successful. (at adc_actions.py)
2025-12-16 13:15:39,514 [INFO] Starting homing operation. (at adc_actions.py)
2025-12-16 13:15:39,514 [DEBUG] Calling homing method on controller. (at adc_actions.py)
2025-12-16 13:15:49,515 [INFO] Homing completed successfully. (at adc_actions.py)
2025-12-16 13:15:49,533 [INFO] Starting zeroing operation with velocity 1 RPM. (at adc_actions.py)
2025-12-16 13:15:49,534 [DEBUG] Initiating homing as part of zeroing. (at adc_actions.py)
2025-12-16 13:15:59,536 [INFO] Zeroing operation completed successfully. (at adc_actions.py)
2025-12-16 13:15:59,552 [INFO] Retrieving status for motor 0. (at adc_actions.py)
2025-12-16 13:15:59,553 [INFO] Motor 0 status: $$$$$ (at adc_actions.py)
2025-12-16 13:22:48,156 [INFO] Connecting to devices. (at adc_actions.py)
2025-12-16 13:22:48,156 [INFO] Connection successful. (at adc_actions.py)
2025-12-16 13:22:48,160 [INFO] Starting homing operation. (at adc_actions.py)
2025-12-16 13:22:48,160 [DEBUG] Calling homing method on controller. (at adc_actions.py)
2025-12-16 13:22:58,161 [INFO] Homing completed successfully. (at adc_actions.py)
2025-12-16 13:22:58,175 [INFO] Starting zeroing operation with velocity 1 RPM. (at adc_actions.py)
2025-12-16 13:22:58,175 [DEBUG] Initiating homing as part of zeroing. (at adc_actions.py)
2025-12-16 13:23:08,177 [INFO] Zeroing operation completed successfully. (at adc_actions.py)
2025-12-16 13:23:08,194 [INFO] Retrieving status for motor 0. (at adc_actions.py)
2025-12-16 13:23:08,194 [INFO] Motor 0 status: $$$$$ (at adc_actions.py)
2025-12-16 13:33:00,798 [INFO] Connecting to devices. (at adc_actions.py)
2025-12-16 13:33:00,799 [INFO] Connection successful. (at adc_actions.py)
2025-12-16 13:33:00,804 [INFO] Starting homing operation. (at adc_actions.py)
2025-12-16 13:33:00,805 [DEBUG] Calling homing method on controller. (at adc_actions.py)
2025-12-16 13:33:10,805 [INFO] Homing completed successfully. (at adc_actions.py)
2025-12-16 13:33:10,823 [INFO] Starting zeroing operation with velocity 1 RPM. (at adc_actions.py)
2025-12-16 13:33:10,824 [DEBUG] Initiating homing as part of zeroing. (at adc_actions.py)
2025-12-16 13:33:20,827 [INFO] Zeroing operation completed successfully. (at adc_actions.py)
2025-12-16 13:33:20,837 [INFO] Retrieving status for motor 0. (at adc_actions.py)
2025-12-16 13:33:20,837 [INFO] Motor 0 status: $$$$$ (at adc_actions.py)
2025-12-16 14:50:00,953 [INFO] Connecting to devices. (at adc_actions.py)
2025-12-16 14:50:00,953 [INFO] Connection successful. (at adc_actions.py)
2025-12-16 14:50:00,957 [INFO] Starting homing operation. (at adc_actions.py)
2025-12-16 14:50:00,957 [DEBUG] Calling homing method on controller. (at adc_actions.py)
2025-12-16 14:50:10,959 [INFO] Homing completed successfully. (at adc_actions.py)
2025-12-16 14:50:10,964 [INFO] Starting zeroing operation with velocity 1 RPM. (at adc_actions.py)
2025-12-16 14:50:10,964 [DEBUG] Initiating homing as part of zeroing. (at adc_actions.py)
2025-12-16 14:50:20,965 [INFO] Zeroing operation completed successfully. (at adc_actions.py)
2025-12-16 14:50:20,969 [INFO] Retrieving status for motor 0. (at adc_actions.py)
2025-12-16 14:50:20,969 [INFO] Motor 0 status: $$$$$ (at adc_actions.py)
2025-12-16 15:07:19,371 [INFO] Connecting to devices. (at adc_actions.py)
2025-12-16 15:07:19,371 [INFO] Connection successful. (at adc_actions.py)
2025-12-16 15:07:19,377 [INFO] Starting homing operation. (at adc_actions.py)
2025-12-16 15:07:19,377 [DEBUG] Calling homing method on controller. (at adc_actions.py)
2025-12-16 15:07:29,378 [INFO] Homing completed successfully. (at adc_actions.py)
2025-12-16 15:07:29,389 [INFO] Starting zeroing operation with velocity 1 RPM. (at adc_actions.py)
2025-12-16 15:07:29,389 [DEBUG] Initiating homing as part of zeroing. (at adc_actions.py)
2025-12-16 15:07:39,390 [INFO] Zeroing operation completed successfully. (at adc_actions.py)
2025-12-16 15:07:39,400 [INFO] Retrieving status for motor 0. (at adc_actions.py)
2025-12-16 15:07:39,400 [INFO] Motor 0 status: $$$$$ (at adc_actions.py)
2025-12-16 15:15:20,871 [INFO] Connecting to devices. (at adc_actions.py)
2025-12-16 15:15:20,871 [INFO] Connection successful. (at adc_actions.py)
2025-12-16 15:15:20,876 [INFO] Starting homing operation. (at adc_actions.py)
2025-12-16 15:15:20,877 [DEBUG] Calling homing method on controller. (at adc_actions.py)
2025-12-16 15:15:30,879 [INFO] Homing completed successfully. (at adc_actions.py)
2025-12-16 15:15:30,893 [INFO] Starting zeroing operation with velocity 1 RPM. (at adc_actions.py)
2025-12-16 15:15:30,893 [DEBUG] Initiating homing as part of zeroing. (at adc_actions.py)
2025-12-16 15:15:40,895 [INFO] Zeroing operation completed successfully. (at adc_actions.py)
2025-12-16 15:15:40,907 [INFO] Retrieving status for motor 0. (at adc_actions.py)
2025-12-16 15:15:40,907 [INFO] Motor 0 status: $$$$$ (at adc_actions.py)
