2025-12-28 09:51:47,559 [DEBUG] Initializing AdcActions class. (at adc_actions.py)
2025-12-28 09:51:47,560 [INFO] Lookup table found: /media/shyunc/DATA/KSpec/KSPEC_ICS/ADC/Simul/kspec_adc_controller/src/etc/ADC_lookup.csv (at adc_actions.py)
2025-12-28 09:51:47,560 [INFO] Interpolation function using pchip method created. (at adc_actions.py)
2025-12-28 09:52:45,175 [INFO] Connecting to devices. (at adc_actions.py)
2025-12-28 09:52:45,175 [INFO] Connection successful. (at adc_actions.py)
2025-12-28 09:52:45,189 [INFO] Starting homing operation. (at adc_actions.py)
2025-12-28 09:52:45,189 [DEBUG] Calling homing method on controller. (at adc_actions.py)
2025-12-28 09:52:55,191 [INFO] Homing completed successfully. (at adc_actions.py)
2025-12-28 09:52:55,209 [INFO] Starting zeroing operation with velocity 1 RPM. (at adc_actions.py)
2025-12-28 09:52:55,210 [DEBUG] Initiating homing as part of zeroing. (at adc_actions.py)
2025-12-28 09:53:05,212 [INFO] Zeroing operation completed successfully. (at adc_actions.py)
2025-12-28 09:53:05,229 [INFO] Retrieving status for motor 0. (at adc_actions.py)
2025-12-28 09:53:05,230 [INFO] Motor 0 status: $$$$$ (at adc_actions.py)
2025-12-28 13:57:01,772 [INFO] Connecting to devices. (at adc_actions.py)
2025-12-28 13:57:01,772 [INFO] Connection successful. (at adc_actions.py)
2025-12-28 13:57:01,777 [INFO] Starting homing operation. (at adc_actions.py)
2025-12-28 13:57:01,777 [DEBUG] Calling homing method on controller. (at adc_actions.py)
2025-12-28 13:57:11,778 [INFO] Homing completed successfully. (at adc_actions.py)
2025-12-28 13:57:11,797 [INFO] Starting zeroing operation with velocity 1 RPM. (at adc_actions.py)
2025-12-28 13:57:11,798 [DEBUG] Initiating homing as part of zeroing. (at adc_actions.py)
2025-12-28 13:57:21,800 [INFO] Zeroing operation completed successfully. (at adc_actions.py)
2025-12-28 13:57:21,816 [INFO] Retrieving status for motor 0. (at adc_actions.py)
2025-12-28 13:57:21,817 [INFO] Motor 0 status: $$$$$ (at adc_actions.py)
2025-12-28 15:31:58,768 [INFO] Connecting to devices. (at adc_actions.py)
2025-12-28 15:31:58,769 [INFO] Connection successful. (at adc_actions.py)
2025-12-28 15:31:58,777 [INFO] Starting homing operation. (at adc_actions.py)
2025-12-28 15:31:58,778 [DEBUG] Calling homing method on controller. (at adc_actions.py)
2025-12-28 15:32:08,780 [INFO] Homing completed successfully. (at adc_actions.py)
2025-12-28 15:32:08,790 [INFO] Starting zeroing operation with velocity 1 RPM. (at adc_actions.py)
2025-12-28 15:32:08,790 [DEBUG] Initiating homing as part of zeroing. (at adc_actions.py)
2025-12-28 15:32:18,791 [INFO] Zeroing operation completed successfully. (at adc_actions.py)
2025-12-28 15:32:18,807 [INFO] Retrieving status for motor 0. (at adc_actions.py)
2025-12-28 15:32:18,807 [INFO] Motor 0 status: $$$$$ (at adc_actions.py)
2025-12-28 15:45:33,617 [INFO] Connecting to devices. (at adc_actions.py)
2025-12-28 15:45:33,618 [INFO] Connection successful. (at adc_actions.py)
2025-12-28 15:45:33,630 [INFO] Starting homing operation. (at adc_actions.py)
2025-12-28 15:45:33,630 [DEBUG] Calling homing method on controller. (at adc_actions.py)
2025-12-28 15:45:43,632 [INFO] Homing completed successfully. (at adc_actions.py)
2025-12-28 15:45:43,642 [INFO] Starting zeroing operation with velocity 1 RPM. (at adc_actions.py)
2025-12-28 15:45:43,642 [DEBUG] Initiating homing as part of zeroing. (at adc_actions.py)
2025-12-28 15:45:53,643 [INFO] Zeroing operation completed successfully. (at adc_actions.py)
2025-12-28 15:45:53,662 [INFO] Retrieving status for motor 0. (at adc_actions.py)
2025-12-28 15:45:53,662 [INFO] Motor 0 status: $$$$$ (at adc_actions.py)
2025-12-28 15:54:14,828 [INFO] Connecting to devices. (at adc_actions.py)
2025-12-28 15:54:14,829 [INFO] Connection successful. (at adc_actions.py)
2025-12-28 15:54:14,834 [INFO] Starting homing operation. (at adc_actions.py)
2025-12-28 15:54:14,834 [DEBUG] Calling homing method on controller. (at adc_actions.py)
2025-12-28 15:54:24,836 [INFO] Homing completed successfully. (at adc_actions.py)
2025-12-28 15:54:24,847 [INFO] Starting zeroing operation with velocity 1 RPM. (at adc_actions.py)
2025-12-28 15:54:24,847 [DEBUG] Initiating homing as part of zeroing. (at adc_actions.py)
2025-12-28 15:54:34,849 [INFO] Zeroing operation completed successfully. (at adc_actions.py)
2025-12-28 15:54:34,855 [INFO] Retrieving status for motor 0. (at adc_actions.py)
2025-12-28 15:54:34,856 [INFO] Motor 0 status: $$$$$ (at adc_actions.py)
2025-12-28 16:58:48,590 [INFO] Connecting to devices. (at adc_actions.py)
2025-12-28 16:58:48,591 [INFO] Connection successful. (at adc_actions.py)
2025-12-28 16:58:48,595 [INFO] Starting homing operation. (at adc_actions.py)
2025-12-28 16:58:48,595 [DEBUG] Calling homing method on controller. (at adc_actions.py)
2025-12-28 16:58:58,597 [INFO] Homing completed successfully. (at adc_actions.py)
2025-12-28 16:58:58,611 [INFO] Starting zeroing operation with velocity 1 RPM. (at adc_actions.py)
2025-12-28 16:58:58,612 [DEBUG] Initiating homing as part of zeroing. (at adc_actions.py)
2025-12-28 16:59:08,613 [INFO] Zeroing operation completed successfully. (at adc_actions.py)
2025-12-28 16:59:08,630 [INFO] Retrieving status for motor 0. (at adc_actions.py)
2025-12-28 16:59:08,631 [INFO] Motor 0 status: $$$$$ (at adc_actions.py)
2025-12-28 17:36:37,090 [INFO] Connecting to devices. (at adc_actions.py)
2025-12-28 17:36:37,090 [INFO] Connection successful. (at adc_actions.py)
2025-12-28 17:36:37,096 [INFO] Starting homing operation. (at adc_actions.py)
2025-12-28 17:36:37,096 [DEBUG] Calling homing method on controller. (at adc_actions.py)
2025-12-28 17:36:47,097 [INFO] Homing completed successfully. (at adc_actions.py)
2025-12-28 17:36:47,117 [INFO] Starting zeroing operation with velocity 1 RPM. (at adc_actions.py)
2025-12-28 17:36:47,117 [DEBUG] Initiating homing as part of zeroing. (at adc_actions.py)
2025-12-28 17:36:57,119 [INFO] Zeroing operation completed successfully. (at adc_actions.py)
2025-12-28 17:36:57,135 [INFO] Retrieving status for motor 0. (at adc_actions.py)
2025-12-28 17:36:57,136 [INFO] Motor 0 status: $$$$$ (at adc_actions.py)
2025-12-28 17:56:43,735 [INFO] Connecting to devices. (at adc_actions.py)
2025-12-28 17:56:43,735 [INFO] Connection successful. (at adc_actions.py)
2025-12-28 17:56:43,740 [INFO] Starting homing operation. (at adc_actions.py)
2025-12-28 17:56:43,740 [DEBUG] Calling homing method on controller. (at adc_actions.py)
2025-12-28 17:56:53,741 [INFO] Homing completed successfully. (at adc_actions.py)
2025-12-28 17:56:53,759 [INFO] Starting zeroing operation with velocity 1 RPM. (at adc_actions.py)
2025-12-28 17:56:53,760 [DEBUG] Initiating homing as part of zeroing. (at adc_actions.py)
2025-12-28 17:57:03,762 [INFO] Zeroing operation completed successfully. (at adc_actions.py)
2025-12-28 17:57:03,778 [INFO] Retrieving status for motor 0. (at adc_actions.py)
2025-12-28 17:57:03,779 [INFO] Motor 0 status: $$$$$ (at adc_actions.py)
2025-12-28 18:24:10,918 [INFO] Connecting to devices. (at adc_actions.py)
2025-12-28 18:24:10,919 [INFO] Connection successful. (at adc_actions.py)
2025-12-28 18:24:10,931 [INFO] Starting homing operation. (at adc_actions.py)
2025-12-28 18:24:10,932 [DEBUG] Calling homing method on controller. (at adc_actions.py)
2025-12-28 18:24:20,933 [INFO] Homing completed successfully. (at adc_actions.py)
2025-12-28 18:24:20,945 [INFO] Starting zeroing operation with velocity 1 RPM. (at adc_actions.py)
2025-12-28 18:24:20,946 [DEBUG] Initiating homing as part of zeroing. (at adc_actions.py)
2025-12-28 18:24:30,947 [INFO] Zeroing operation completed successfully. (at adc_actions.py)
2025-12-28 18:24:30,964 [INFO] Retrieving status for motor 0. (at adc_actions.py)
2025-12-28 18:24:30,964 [INFO] Motor 0 status: $$$$$ (at adc_actions.py)
2025-12-28 18:30:35,205 [INFO] Connecting to devices. (at adc_actions.py)
2025-12-28 18:30:35,205 [INFO] Connection successful. (at adc_actions.py)
2025-12-28 18:30:35,216 [INFO] Starting homing operation. (at adc_actions.py)
2025-12-28 18:30:35,216 [DEBUG] Calling homing method on controller. (at adc_actions.py)
2025-12-28 18:30:45,217 [INFO] Homing completed successfully. (at adc_actions.py)
2025-12-28 18:30:45,235 [INFO] Starting zeroing operation with velocity 1 RPM. (at adc_actions.py)
2025-12-28 18:30:45,236 [DEBUG] Initiating homing as part of zeroing. (at adc_actions.py)
2025-12-28 18:30:55,238 [INFO] Zeroing operation completed successfully. (at adc_actions.py)
2025-12-28 18:30:55,254 [INFO] Retrieving status for motor 0. (at adc_actions.py)
2025-12-28 18:30:55,255 [INFO] Motor 0 status: $$$$$ (at adc_actions.py)
2025-12-29 09:12:54,362 [INFO] Connecting to devices. (at adc_actions.py)
2025-12-29 09:12:54,362 [INFO] Connection successful. (at adc_actions.py)
2025-12-29 09:12:54,366 [INFO] Starting homing operation. (at adc_actions.py)
2025-12-29 09:12:54,366 [DEBUG] Calling homing method on controller. (at adc_actions.py)
2025-12-29 09:13:04,367 [INFO] Homing completed successfully. (at adc_actions.py)
2025-12-29 09:13:04,385 [INFO] Starting zeroing operation with velocity 1 RPM. (at adc_actions.py)
2025-12-29 09:13:04,385 [DEBUG] Initiating homing as part of zeroing. (at adc_actions.py)
2025-12-29 09:13:14,387 [INFO] Zeroing operation completed successfully. (at adc_actions.py)
2025-12-29 09:13:14,401 [INFO] Retrieving status for motor 0. (at adc_actions.py)
2025-12-29 09:13:14,402 [INFO] Motor 0 status: $$$$$ (at adc_actions.py)
2025-12-29 09:38:09,369 [INFO] Connecting to devices. (at adc_actions.py)
2025-12-29 09:38:09,370 [INFO] Connection successful. (at adc_actions.py)
2025-12-29 09:38:09,386 [INFO] Starting homing operation. (at adc_actions.py)
2025-12-29 09:38:09,387 [DEBUG] Calling homing method on controller. (at adc_actions.py)
2025-12-29 09:38:19,390 [INFO] Homing completed successfully. (at adc_actions.py)
2025-12-29 09:38:19,409 [INFO] Starting zeroing operation with velocity 1 RPM. (at adc_actions.py)
2025-12-29 09:38:19,409 [DEBUG] Initiating homing as part of zeroing. (at adc_actions.py)
2025-12-29 09:38:29,411 [INFO] Zeroing operation completed successfully. (at adc_actions.py)
2025-12-29 09:38:29,427 [INFO] Retrieving status for motor 0. (at adc_actions.py)
2025-12-29 09:38:29,428 [INFO] Motor 0 status: $$$$$ (at adc_actions.py)
2025-12-29 14:13:10,318 [INFO] Connecting to devices. (at adc_actions.py)
2025-12-29 14:13:10,318 [INFO] Connection successful. (at adc_actions.py)
2025-12-29 14:13:10,322 [INFO] Starting homing operation. (at adc_actions.py)
2025-12-29 14:13:10,322 [DEBUG] Calling homing method on controller. (at adc_actions.py)
2025-12-29 14:13:20,323 [INFO] Homing completed successfully. (at adc_actions.py)
2025-12-29 14:13:20,327 [INFO] Starting zeroing operation with velocity 1 RPM. (at adc_actions.py)
2025-12-29 14:13:20,327 [DEBUG] Initiating homing as part of zeroing. (at adc_actions.py)
2025-12-29 14:13:30,329 [INFO] Zeroing operation completed successfully. (at adc_actions.py)
2025-12-29 14:13:30,347 [INFO] Retrieving status for motor 0. (at adc_actions.py)
2025-12-29 14:13:30,347 [INFO] Motor 0 status: $$$$$ (at adc_actions.py)
2025-12-29 14:38:48,490 [INFO] Connecting to devices. (at adc_actions.py)
2025-12-29 14:38:48,490 [INFO] Connection successful. (at adc_actions.py)
2025-12-29 14:38:48,494 [INFO] Starting homing operation. (at adc_actions.py)
2025-12-29 14:38:48,494 [DEBUG] Calling homing method on controller. (at adc_actions.py)
2025-12-29 14:38:58,497 [INFO] Homing completed successfully. (at adc_actions.py)
2025-12-29 14:38:58,501 [INFO] Starting zeroing operation with velocity 1 RPM. (at adc_actions.py)
2025-12-29 14:38:58,502 [DEBUG] Initiating homing as part of zeroing. (at adc_actions.py)
2025-12-29 14:39:08,503 [INFO] Zeroing operation completed successfully. (at adc_actions.py)
2025-12-29 14:39:08,507 [INFO] Retrieving status for motor 0. (at adc_actions.py)
2025-12-29 14:39:08,507 [INFO] Motor 0 status: $$$$$ (at adc_actions.py)
2025-12-29 14:41:34,031 [INFO] Connecting to devices. (at adc_actions.py)
2025-12-29 14:41:34,031 [INFO] Connection successful. (at adc_actions.py)
2025-12-29 14:41:34,035 [INFO] Starting homing operation. (at adc_actions.py)
2025-12-29 14:41:34,035 [DEBUG] Calling homing method on controller. (at adc_actions.py)
2025-12-29 14:41:44,036 [INFO] Homing completed successfully. (at adc_actions.py)
2025-12-29 14:41:44,050 [INFO] Starting zeroing operation with velocity 1 RPM. (at adc_actions.py)
2025-12-29 14:41:44,050 [DEBUG] Initiating homing as part of zeroing. (at adc_actions.py)
2025-12-29 14:41:54,051 [INFO] Zeroing operation completed successfully. (at adc_actions.py)
2025-12-29 14:41:54,067 [INFO] Retrieving status for motor 0. (at adc_actions.py)
2025-12-29 14:41:54,068 [INFO] Motor 0 status: $$$$$ (at adc_actions.py)
2025-12-29 14:43:10,722 [INFO] Connecting to devices. (at adc_actions.py)
2025-12-29 14:43:10,723 [INFO] Connection successful. (at adc_actions.py)
2025-12-29 14:43:10,728 [INFO] Starting homing operation. (at adc_actions.py)
2025-12-29 14:43:10,728 [DEBUG] Calling homing method on controller. (at adc_actions.py)
2025-12-29 14:43:20,730 [INFO] Homing completed successfully. (at adc_actions.py)
2025-12-29 14:43:20,744 [INFO] Starting zeroing operation with velocity 1 RPM. (at adc_actions.py)
2025-12-29 14:43:20,744 [DEBUG] Initiating homing as part of zeroing. (at adc_actions.py)
2025-12-29 14:43:30,746 [INFO] Zeroing operation completed successfully. (at adc_actions.py)
2025-12-29 14:43:30,763 [INFO] Retrieving status for motor 0. (at adc_actions.py)
2025-12-29 14:43:30,764 [INFO] Motor 0 status: $$$$$ (at adc_actions.py)
2025-12-29 14:48:51,960 [INFO] Connecting to devices. (at adc_actions.py)
2025-12-29 14:48:51,960 [INFO] Connection successful. (at adc_actions.py)
2025-12-29 14:48:51,966 [INFO] Starting homing operation. (at adc_actions.py)
2025-12-29 14:48:51,966 [DEBUG] Calling homing method on controller. (at adc_actions.py)
2025-12-29 14:49:01,967 [INFO] Homing completed successfully. (at adc_actions.py)
2025-12-29 14:49:01,979 [INFO] Starting zeroing operation with velocity 1 RPM. (at adc_actions.py)
2025-12-29 14:49:01,980 [DEBUG] Initiating homing as part of zeroing. (at adc_actions.py)
2025-12-29 14:49:11,982 [INFO] Zeroing operation completed successfully. (at adc_actions.py)
2025-12-29 14:49:11,991 [INFO] Retrieving status for motor 0. (at adc_actions.py)
2025-12-29 14:49:11,991 [INFO] Motor 0 status: $$$$$ (at adc_actions.py)
2025-12-29 14:52:28,663 [INFO] Connecting to devices. (at adc_actions.py)
2025-12-29 14:52:28,663 [INFO] Connection successful. (at adc_actions.py)
2025-12-29 14:52:28,669 [INFO] Starting homing operation. (at adc_actions.py)
2025-12-29 14:52:28,669 [DEBUG] Calling homing method on controller. (at adc_actions.py)
2025-12-29 14:52:38,671 [INFO] Homing completed successfully. (at adc_actions.py)
2025-12-29 14:52:38,681 [INFO] Starting zeroing operation with velocity 1 RPM. (at adc_actions.py)
2025-12-29 14:52:38,681 [DEBUG] Initiating homing as part of zeroing. (at adc_actions.py)
2025-12-29 14:52:48,683 [INFO] Zeroing operation completed successfully. (at adc_actions.py)
2025-12-29 14:52:48,699 [INFO] Retrieving status for motor 0. (at adc_actions.py)
2025-12-29 14:52:48,700 [INFO] Motor 0 status: $$$$$ (at adc_actions.py)
2025-12-29 18:12:07,516 [INFO] Connecting to devices. (at adc_actions.py)
2025-12-29 18:12:07,517 [INFO] Connection successful. (at adc_actions.py)
2025-12-29 18:12:07,523 [INFO] Starting homing operation. (at adc_actions.py)
2025-12-29 18:12:07,523 [DEBUG] Calling homing method on controller. (at adc_actions.py)
2025-12-29 18:12:17,526 [INFO] Homing completed successfully. (at adc_actions.py)
2025-12-29 18:12:17,537 [INFO] Starting zeroing operation with velocity 1 RPM. (at adc_actions.py)
2025-12-29 18:12:17,537 [DEBUG] Initiating homing as part of zeroing. (at adc_actions.py)
2025-12-29 18:12:27,540 [INFO] Zeroing operation completed successfully. (at adc_actions.py)
2025-12-29 18:12:27,549 [INFO] Retrieving status for motor 0. (at adc_actions.py)
2025-12-29 18:12:27,549 [INFO] Motor 0 status: $$$$$ (at adc_actions.py)
2025-12-29 18:18:17,045 [INFO] Connecting to devices. (at adc_actions.py)
2025-12-29 18:18:17,046 [INFO] Connection successful. (at adc_actions.py)
2025-12-29 18:18:17,051 [INFO] Starting homing operation. (at adc_actions.py)
2025-12-29 18:18:17,051 [DEBUG] Calling homing method on controller. (at adc_actions.py)
2025-12-29 18:18:27,053 [INFO] Homing completed successfully. (at adc_actions.py)
2025-12-29 18:18:27,072 [INFO] Starting zeroing operation with velocity 1 RPM. (at adc_actions.py)
2025-12-29 18:18:27,073 [DEBUG] Initiating homing as part of zeroing. (at adc_actions.py)
2025-12-29 18:18:37,075 [INFO] Zeroing operation completed successfully. (at adc_actions.py)
2025-12-29 18:18:37,091 [INFO] Retrieving status for motor 0. (at adc_actions.py)
2025-12-29 18:18:37,092 [INFO] Motor 0 status: $$$$$ (at adc_actions.py)
2025-12-29 18:33:07,385 [INFO] Connecting to devices. (at adc_actions.py)
2025-12-29 18:33:07,386 [INFO] Connection successful. (at adc_actions.py)
2025-12-29 18:33:07,391 [INFO] Starting homing operation. (at adc_actions.py)
2025-12-29 18:33:07,391 [DEBUG] Calling homing method on controller. (at adc_actions.py)
2025-12-29 18:33:17,392 [INFO] Homing completed successfully. (at adc_actions.py)
2025-12-29 18:33:17,402 [INFO] Starting zeroing operation with velocity 1 RPM. (at adc_actions.py)
2025-12-29 18:33:17,402 [DEBUG] Initiating homing as part of zeroing. (at adc_actions.py)
2025-12-29 18:33:27,403 [INFO] Zeroing operation completed successfully. (at adc_actions.py)
2025-12-29 18:33:27,420 [INFO] Retrieving status for motor 0. (at adc_actions.py)
2025-12-29 18:33:27,420 [INFO] Motor 0 status: $$$$$ (at adc_actions.py)
2025-12-29 18:34:53,784 [INFO] Connecting to devices. (at adc_actions.py)
2025-12-29 18:34:53,784 [INFO] Connection successful. (at adc_actions.py)
2025-12-29 18:34:53,788 [INFO] Starting homing operation. (at adc_actions.py)
2025-12-29 18:34:53,788 [DEBUG] Calling homing method on controller. (at adc_actions.py)
2025-12-29 18:35:03,789 [INFO] Homing completed successfully. (at adc_actions.py)
2025-12-29 18:35:03,794 [INFO] Starting zeroing operation with velocity 1 RPM. (at adc_actions.py)
2025-12-29 18:35:03,794 [DEBUG] Initiating homing as part of zeroing. (at adc_actions.py)
2025-12-29 18:35:13,794 [INFO] Zeroing operation completed successfully. (at adc_actions.py)
2025-12-29 18:35:13,799 [INFO] Retrieving status for motor 0. (at adc_actions.py)
2025-12-29 18:35:13,799 [INFO] Motor 0 status: $$$$$ (at adc_actions.py)
