2025-12-22 14:05:32,508 [DEBUG] Initializing AdcActions class. (at adc_actions.py)
2025-12-22 14:05:32,508 [INFO] Lookup table found: /media/shyunc/DATA/KSpec/KSPEC_ICS/ADC/Simul/kspec_adc_controller/src/etc/ADC_lookup.csv (at adc_actions.py)
2025-12-22 14:05:32,509 [INFO] Interpolation function using pchip method created. (at adc_actions.py)
2025-12-22 14:21:14,339 [INFO] Connecting to devices. (at adc_actions.py)
2025-12-22 14:21:14,339 [INFO] Connection successful. (at adc_actions.py)
2025-12-22 14:21:14,347 [INFO] Starting homing operation. (at adc_actions.py)
2025-12-22 14:21:14,348 [DEBUG] Calling homing method on controller. (at adc_actions.py)
2025-12-22 14:21:24,349 [INFO] Homing completed successfully. (at adc_actions.py)
2025-12-22 14:21:24,368 [INFO] Starting zeroing operation with velocity 1 RPM. (at adc_actions.py)
2025-12-22 14:21:24,368 [DEBUG] Initiating homing as part of zeroing. (at adc_actions.py)
2025-12-22 14:21:34,370 [INFO] Zeroing operation completed successfully. (at adc_actions.py)
2025-12-22 14:21:34,381 [INFO] Retrieving status for motor 0. (at adc_actions.py)
2025-12-22 14:21:34,381 [INFO] Motor 0 status: $$$$$ (at adc_actions.py)
2025-12-22 14:34:28,314 [INFO] Connecting to devices. (at adc_actions.py)
2025-12-22 14:34:28,314 [INFO] Connection successful. (at adc_actions.py)
2025-12-22 14:34:28,324 [INFO] Starting homing operation. (at adc_actions.py)
2025-12-22 14:34:28,325 [DEBUG] Calling homing method on controller. (at adc_actions.py)
2025-12-22 14:34:38,326 [INFO] Homing completed successfully. (at adc_actions.py)
2025-12-22 14:34:38,344 [INFO] Starting zeroing operation with velocity 1 RPM. (at adc_actions.py)
2025-12-22 14:34:38,345 [DEBUG] Initiating homing as part of zeroing. (at adc_actions.py)
2025-12-22 14:34:48,347 [INFO] Zeroing operation completed successfully. (at adc_actions.py)
2025-12-22 14:34:48,362 [INFO] Retrieving status for motor 0. (at adc_actions.py)
2025-12-22 14:34:48,363 [INFO] Motor 0 status: $$$$$ (at adc_actions.py)
2025-12-22 16:42:16,602 [INFO] Connecting to devices. (at adc_actions.py)
2025-12-22 16:42:16,603 [INFO] Connection successful. (at adc_actions.py)
2025-12-22 16:42:16,608 [INFO] Starting homing operation. (at adc_actions.py)
2025-12-22 16:42:16,609 [DEBUG] Calling homing method on controller. (at adc_actions.py)
2025-12-22 16:42:26,610 [INFO] Homing completed successfully. (at adc_actions.py)
2025-12-22 16:42:26,628 [INFO] Starting zeroing operation with velocity 1 RPM. (at adc_actions.py)
2025-12-22 16:42:26,629 [DEBUG] Initiating homing as part of zeroing. (at adc_actions.py)
2025-12-22 16:42:36,631 [INFO] Zeroing operation completed successfully. (at adc_actions.py)
2025-12-22 16:42:36,644 [INFO] Retrieving status for motor 0. (at adc_actions.py)
2025-12-22 16:42:36,644 [INFO] Motor 0 status: $$$$$ (at adc_actions.py)
2025-12-22 16:44:59,636 [INFO] Connecting to devices. (at adc_actions.py)
2025-12-22 16:44:59,637 [INFO] Connection successful. (at adc_actions.py)
2025-12-22 16:44:59,643 [INFO] Starting homing operation. (at adc_actions.py)
2025-12-22 16:44:59,643 [DEBUG] Calling homing method on controller. (at adc_actions.py)
2025-12-22 16:45:09,645 [INFO] Homing completed successfully. (at adc_actions.py)
2025-12-22 16:45:09,656 [INFO] Starting zeroing operation with velocity 1 RPM. (at adc_actions.py)
2025-12-22 16:45:09,656 [DEBUG] Initiating homing as part of zeroing. (at adc_actions.py)
2025-12-22 16:45:19,658 [INFO] Zeroing operation completed successfully. (at adc_actions.py)
2025-12-22 16:45:19,673 [INFO] Retrieving status for motor 0. (at adc_actions.py)
2025-12-22 16:45:19,674 [INFO] Motor 0 status: $$$$$ (at adc_actions.py)
