2025-12-27 11:19:04,277 [DEBUG] Initializing AdcActions class. (at adc_actions.py)
2025-12-27 11:19:04,277 [INFO] Lookup table found: /media/shyunc/DATA/KSpec/KSPEC_ICS/ADC/Simul/kspec_adc_controller/src/etc/ADC_lookup.csv (at adc_actions.py)
2025-12-27 11:19:04,277 [INFO] Interpolation function using pchip method created. (at adc_actions.py)
2025-12-27 11:19:31,952 [INFO] Connecting to devices. (at adc_actions.py)
2025-12-27 11:19:31,953 [INFO] Connection successful. (at adc_actions.py)
2025-12-27 11:19:31,961 [INFO] Starting homing operation. (at adc_actions.py)
2025-12-27 11:19:31,961 [DEBUG] Calling homing method on controller. (at adc_actions.py)
2025-12-27 11:19:41,963 [INFO] Homing completed successfully. (at adc_actions.py)
2025-12-27 11:19:41,981 [INFO] Starting zeroing operation with velocity 1 RPM. (at adc_actions.py)
2025-12-27 11:19:41,981 [DEBUG] Initiating homing as part of zeroing. (at adc_actions.py)
2025-12-27 11:19:51,983 [INFO] Zeroing operation completed successfully. (at adc_actions.py)
2025-12-27 11:19:52,000 [INFO] Retrieving status for motor 0. (at adc_actions.py)
2025-12-27 11:19:52,000 [INFO] Motor 0 status: $$$$$ (at adc_actions.py)
2025-12-27 14:32:38,920 [INFO] Connecting to devices. (at adc_actions.py)
2025-12-27 14:32:38,920 [INFO] Connection successful. (at adc_actions.py)
2025-12-27 14:32:38,935 [INFO] Starting homing operation. (at adc_actions.py)
2025-12-27 14:32:38,935 [DEBUG] Calling homing method on controller. (at adc_actions.py)
2025-12-27 14:32:48,937 [INFO] Homing completed successfully. (at adc_actions.py)
2025-12-27 14:32:48,956 [INFO] Starting zeroing operation with velocity 1 RPM. (at adc_actions.py)
2025-12-27 14:32:48,956 [DEBUG] Initiating homing as part of zeroing. (at adc_actions.py)
2025-12-27 14:32:58,957 [INFO] Zeroing operation completed successfully. (at adc_actions.py)
2025-12-27 14:32:58,973 [INFO] Retrieving status for motor 0. (at adc_actions.py)
2025-12-27 14:32:58,974 [INFO] Motor 0 status: $$$$$ (at adc_actions.py)
