2025-08-14 12:53:38,094 [DEBUG] Initializing AdcActions class. (at adc_actions.py)
2025-08-14 12:53:38,095 [INFO] Lookup table found: /media/shyunc/DATA/KSpec/KSPEC_ICS/ADC/Simul/kspec_adc_controller/src/etc/ADC_lookup.csv (at adc_actions.py)
2025-08-14 12:53:38,095 [INFO] Interpolation function using pchip method created. (at adc_actions.py)
2025-08-14 17:03:45,948 [INFO] Calculating from ZA. (at adc_actions.py)
2025-08-14 17:03:45,948 [INFO] Calculation successful: -22.06239869827481 (at adc_actions.py)
2025-08-14 17:03:45,948 [INFO] Converting degrees to counts. (at adc_actions.py)
2025-08-14 17:03:45,948 [DEBUG] Converted -22.06239869827481 degrees to -992 counts. (at adc_actions.py)
2025-08-14 17:03:45,949 [INFO] Conversion successful: -992 (at adc_actions.py)
2025-08-14 17:03:45,949 [DEBUG] Starting simultaneous move for motors 1 and 2 to position -992 with velocity 1. (at adc_actions.py)
2025-08-14 17:03:45,949 [INFO] Both motors moved successfully. (at adc_actions.py)
2025-08-14 17:04:45,962 [INFO] Calculating from ZA. (at adc_actions.py)
2025-08-14 17:04:45,962 [INFO] Calculation successful: -22.267321107427374 (at adc_actions.py)
2025-08-14 17:04:45,962 [INFO] Converting degrees to counts. (at adc_actions.py)
2025-08-14 17:04:45,963 [DEBUG] Converted -22.267321107427374 degrees to -1002 counts. (at adc_actions.py)
2025-08-14 17:04:45,963 [INFO] Conversion successful: -1002 (at adc_actions.py)
2025-08-14 17:04:45,964 [DEBUG] Starting simultaneous move for motors 1 and 2 to position -10 with velocity 1. (at adc_actions.py)
2025-08-14 17:04:45,964 [INFO] Both motors moved successfully. (at adc_actions.py)
2025-08-14 17:05:45,975 [INFO] Calculating from ZA. (at adc_actions.py)
2025-08-14 17:05:45,975 [INFO] Calculation successful: -22.473536924253995 (at adc_actions.py)
2025-08-14 17:05:45,976 [INFO] Converting degrees to counts. (at adc_actions.py)
2025-08-14 17:05:45,976 [DEBUG] Converted -22.473536924253995 degrees to -1011 counts. (at adc_actions.py)
2025-08-14 17:05:45,976 [INFO] Conversion successful: -1011 (at adc_actions.py)
2025-08-14 17:05:45,976 [DEBUG] Starting simultaneous move for motors 1 and 2 to position -9 with velocity 1. (at adc_actions.py)
2025-08-14 17:05:45,977 [INFO] Both motors moved successfully. (at adc_actions.py)
2025-08-14 17:06:45,995 [INFO] Calculating from ZA. (at adc_actions.py)
2025-08-14 17:06:45,996 [INFO] Calculation successful: -22.690946264781967 (at adc_actions.py)
2025-08-14 17:06:45,996 [INFO] Converting degrees to counts. (at adc_actions.py)
2025-08-14 17:06:45,996 [DEBUG] Converted -22.690946264781967 degrees to -1021 counts. (at adc_actions.py)
2025-08-14 17:06:45,997 [INFO] Conversion successful: -1021 (at adc_actions.py)
2025-08-14 17:06:45,999 [DEBUG] Starting simultaneous move for motors 1 and 2 to position -10 with velocity 1. (at adc_actions.py)
2025-08-14 17:06:45,999 [INFO] Both motors moved successfully. (at adc_actions.py)
2025-08-14 17:06:53,149 [DEBUG] Stopping both motors simultaneously. (at adc_actions.py)
2025-08-14 17:06:53,150 [INFO] Both motors stopped successfully. (at adc_actions.py)
2025-08-14 17:13:27,073 [INFO] Calculating from ZA. (at adc_actions.py)
2025-08-14 17:13:27,073 [INFO] Calculation successful: -24.367876050070322 (at adc_actions.py)
2025-08-14 17:13:27,074 [INFO] Converting degrees to counts. (at adc_actions.py)
2025-08-14 17:13:27,074 [DEBUG] Converted -24.367876050070322 degrees to -1096 counts. (at adc_actions.py)
2025-08-14 17:13:27,074 [INFO] Conversion successful: -1096 (at adc_actions.py)
2025-08-14 17:13:27,075 [DEBUG] Starting simultaneous move for motors 1 and 2 to position -1096 with velocity 1. (at adc_actions.py)
2025-08-14 17:13:27,076 [INFO] Both motors moved successfully. (at adc_actions.py)
2025-08-14 17:14:27,087 [INFO] Calculating from ZA. (at adc_actions.py)
2025-08-14 17:14:27,088 [INFO] Calculation successful: -24.64043652934359 (at adc_actions.py)
2025-08-14 17:14:27,088 [INFO] Converting degrees to counts. (at adc_actions.py)
2025-08-14 17:14:27,088 [DEBUG] Converted -24.64043652934359 degrees to -1108 counts. (at adc_actions.py)
2025-08-14 17:14:27,088 [INFO] Conversion successful: -1108 (at adc_actions.py)
2025-08-14 17:14:27,089 [DEBUG] Starting simultaneous move for motors 1 and 2 to position -12 with velocity 1. (at adc_actions.py)
2025-08-14 17:14:27,089 [INFO] Both motors moved successfully. (at adc_actions.py)
2025-08-14 17:15:27,112 [INFO] Calculating from ZA. (at adc_actions.py)
2025-08-14 17:15:27,112 [INFO] Calculation successful: -24.9155441523119 (at adc_actions.py)
2025-08-14 17:15:27,112 [INFO] Converting degrees to counts. (at adc_actions.py)
2025-08-14 17:15:27,113 [DEBUG] Converted -24.9155441523119 degrees to -1121 counts. (at adc_actions.py)
2025-08-14 17:15:27,113 [INFO] Conversion successful: -1121 (at adc_actions.py)
2025-08-14 17:15:27,114 [DEBUG] Starting simultaneous move for motors 1 and 2 to position -13 with velocity 1. (at adc_actions.py)
2025-08-14 17:15:27,114 [INFO] Both motors moved successfully. (at adc_actions.py)
2025-08-14 17:16:27,130 [INFO] Calculating from ZA. (at adc_actions.py)
2025-08-14 17:16:27,131 [INFO] Calculation successful: -25.19218162275122 (at adc_actions.py)
2025-08-14 17:16:27,131 [INFO] Converting degrees to counts. (at adc_actions.py)
2025-08-14 17:16:27,131 [DEBUG] Converted -25.19218162275122 degrees to -1133 counts. (at adc_actions.py)
2025-08-14 17:16:27,131 [INFO] Conversion successful: -1133 (at adc_actions.py)
2025-08-14 17:16:27,132 [DEBUG] Starting simultaneous move for motors 1 and 2 to position -12 with velocity 1. (at adc_actions.py)
2025-08-14 17:16:27,133 [INFO] Both motors moved successfully. (at adc_actions.py)
2025-08-14 17:16:40,659 [DEBUG] Stopping both motors simultaneously. (at adc_actions.py)
2025-08-14 17:16:40,660 [INFO] Both motors stopped successfully. (at adc_actions.py)
2025-08-14 17:16:40,667 [INFO] Starting zeroing operation with velocity 1 RPM. (at adc_actions.py)
2025-08-14 17:16:40,667 [DEBUG] Initiating homing as part of zeroing. (at adc_actions.py)
2025-08-14 17:16:50,669 [INFO] Zeroing operation completed successfully. (at adc_actions.py)
