2025-11-28 10:27:33,133 [DEBUG] Initializing AdcActions class. (at adc_actions.py)
2025-11-28 10:27:33,133 [INFO] Lookup table found: /media/shyunc/DATA/KSpec/KSPEC_ICS/ADC/Simul/kspec_adc_controller/src/etc/ADC_lookup.csv (at adc_actions.py)
2025-11-28 10:27:33,134 [INFO] Interpolation function using pchip method created. (at adc_actions.py)
2025-11-28 10:28:16,184 [INFO] Connecting to devices. (at adc_actions.py)
2025-11-28 10:28:16,185 [INFO] Connection successful. (at adc_actions.py)
2025-11-28 10:28:16,192 [INFO] Starting homing operation. (at adc_actions.py)
2025-11-28 10:28:16,192 [DEBUG] Calling homing method on controller. (at adc_actions.py)
2025-11-28 10:28:26,193 [INFO] Homing completed successfully. (at adc_actions.py)
2025-11-28 10:28:26,205 [INFO] Starting zeroing operation with velocity 1 RPM. (at adc_actions.py)
2025-11-28 10:28:26,205 [DEBUG] Initiating homing as part of zeroing. (at adc_actions.py)
2025-11-28 10:28:36,207 [INFO] Zeroing operation completed successfully. (at adc_actions.py)
2025-11-28 10:28:36,224 [INFO] Retrieving status for motor 0. (at adc_actions.py)
2025-11-28 10:28:36,225 [INFO] Motor 0 status: $$$$$ (at adc_actions.py)
2025-11-28 14:13:53,473 [INFO] Connecting to devices. (at adc_actions.py)
2025-11-28 14:13:53,473 [INFO] Connection successful. (at adc_actions.py)
2025-11-28 14:13:53,485 [INFO] Starting homing operation. (at adc_actions.py)
2025-11-28 14:13:53,485 [DEBUG] Calling homing method on controller. (at adc_actions.py)
2025-11-28 14:14:03,487 [INFO] Homing completed successfully. (at adc_actions.py)
2025-11-28 14:14:03,501 [INFO] Starting zeroing operation with velocity 1 RPM. (at adc_actions.py)
2025-11-28 14:14:03,502 [DEBUG] Initiating homing as part of zeroing. (at adc_actions.py)
2025-11-28 14:14:13,503 [INFO] Zeroing operation completed successfully. (at adc_actions.py)
2025-11-28 14:14:13,521 [INFO] Retrieving status for motor 0. (at adc_actions.py)
2025-11-28 14:14:13,521 [INFO] Motor 0 status: $$$$$ (at adc_actions.py)
2025-11-28 15:05:30,986 [INFO] Connecting to devices. (at adc_actions.py)
2025-11-28 15:05:30,987 [INFO] Connection successful. (at adc_actions.py)
2025-11-28 15:05:30,999 [INFO] Starting homing operation. (at adc_actions.py)
2025-11-28 15:05:30,999 [DEBUG] Calling homing method on controller. (at adc_actions.py)
2025-11-28 15:05:41,001 [INFO] Homing completed successfully. (at adc_actions.py)
2025-11-28 15:05:41,021 [INFO] Starting zeroing operation with velocity 1 RPM. (at adc_actions.py)
2025-11-28 15:05:41,021 [DEBUG] Initiating homing as part of zeroing. (at adc_actions.py)
2025-11-28 15:05:51,023 [INFO] Zeroing operation completed successfully. (at adc_actions.py)
2025-11-28 15:05:51,037 [INFO] Retrieving status for motor 0. (at adc_actions.py)
2025-11-28 15:05:51,038 [INFO] Motor 0 status: $$$$$ (at adc_actions.py)
2025-11-28 15:07:01,007 [INFO] Connecting to devices. (at adc_actions.py)
2025-11-28 15:07:01,008 [INFO] Connection successful. (at adc_actions.py)
2025-11-28 15:07:01,012 [INFO] Starting homing operation. (at adc_actions.py)
2025-11-28 15:07:01,012 [DEBUG] Calling homing method on controller. (at adc_actions.py)
2025-11-28 15:07:11,014 [INFO] Homing completed successfully. (at adc_actions.py)
2025-11-28 15:07:11,025 [INFO] Starting zeroing operation with velocity 1 RPM. (at adc_actions.py)
2025-11-28 15:07:11,026 [DEBUG] Initiating homing as part of zeroing. (at adc_actions.py)
2025-11-28 15:07:21,028 [INFO] Zeroing operation completed successfully. (at adc_actions.py)
2025-11-28 15:07:21,043 [INFO] Retrieving status for motor 0. (at adc_actions.py)
2025-11-28 15:07:21,044 [INFO] Motor 0 status: $$$$$ (at adc_actions.py)
2025-11-28 15:23:51,754 [INFO] Connecting to devices. (at adc_actions.py)
2025-11-28 15:23:51,754 [INFO] Connection successful. (at adc_actions.py)
2025-11-28 15:23:51,766 [INFO] Starting homing operation. (at adc_actions.py)
2025-11-28 15:23:51,766 [DEBUG] Calling homing method on controller. (at adc_actions.py)
2025-11-28 15:24:01,768 [INFO] Homing completed successfully. (at adc_actions.py)
2025-11-28 15:24:01,778 [INFO] Starting zeroing operation with velocity 1 RPM. (at adc_actions.py)
2025-11-28 15:24:01,779 [DEBUG] Initiating homing as part of zeroing. (at adc_actions.py)
2025-11-28 15:24:11,780 [INFO] Zeroing operation completed successfully. (at adc_actions.py)
2025-11-28 15:24:11,797 [INFO] Retrieving status for motor 0. (at adc_actions.py)
2025-11-28 15:24:11,797 [INFO] Motor 0 status: $$$$$ (at adc_actions.py)
2025-11-28 15:57:27,054 [INFO] Connecting to devices. (at adc_actions.py)
2025-11-28 15:57:27,054 [INFO] Connection successful. (at adc_actions.py)
2025-11-28 15:57:27,059 [INFO] Starting homing operation. (at adc_actions.py)
2025-11-28 15:57:27,059 [DEBUG] Calling homing method on controller. (at adc_actions.py)
2025-11-28 15:57:37,061 [INFO] Homing completed successfully. (at adc_actions.py)
2025-11-28 15:57:37,071 [INFO] Starting zeroing operation with velocity 1 RPM. (at adc_actions.py)
2025-11-28 15:57:37,071 [DEBUG] Initiating homing as part of zeroing. (at adc_actions.py)
2025-11-28 15:57:47,073 [INFO] Zeroing operation completed successfully. (at adc_actions.py)
2025-11-28 15:57:47,090 [INFO] Retrieving status for motor 0. (at adc_actions.py)
2025-11-28 15:57:47,090 [INFO] Motor 0 status: $$$$$ (at adc_actions.py)
2025-11-28 16:07:59,925 [INFO] Connecting to devices. (at adc_actions.py)
2025-11-28 16:07:59,926 [INFO] Connection successful. (at adc_actions.py)
2025-11-28 16:07:59,940 [INFO] Starting homing operation. (at adc_actions.py)
2025-11-28 16:07:59,941 [DEBUG] Calling homing method on controller. (at adc_actions.py)
2025-11-28 16:08:09,943 [INFO] Homing completed successfully. (at adc_actions.py)
2025-11-28 16:08:09,959 [INFO] Starting zeroing operation with velocity 1 RPM. (at adc_actions.py)
2025-11-28 16:08:09,959 [DEBUG] Initiating homing as part of zeroing. (at adc_actions.py)
2025-11-28 16:08:19,960 [INFO] Zeroing operation completed successfully. (at adc_actions.py)
2025-11-28 16:08:19,971 [INFO] Retrieving status for motor 0. (at adc_actions.py)
2025-11-28 16:08:19,971 [INFO] Motor 0 status: $$$$$ (at adc_actions.py)
2025-11-28 16:09:28,762 [INFO] Connecting to devices. (at adc_actions.py)
2025-11-28 16:09:28,763 [INFO] Connection successful. (at adc_actions.py)
2025-11-28 16:09:28,770 [INFO] Starting homing operation. (at adc_actions.py)
2025-11-28 16:09:28,770 [DEBUG] Calling homing method on controller. (at adc_actions.py)
2025-11-28 16:09:38,771 [INFO] Homing completed successfully. (at adc_actions.py)
2025-11-28 16:09:38,790 [INFO] Starting zeroing operation with velocity 1 RPM. (at adc_actions.py)
2025-11-28 16:09:38,790 [DEBUG] Initiating homing as part of zeroing. (at adc_actions.py)
2025-11-28 16:09:48,792 [INFO] Zeroing operation completed successfully. (at adc_actions.py)
2025-11-28 16:09:48,802 [INFO] Retrieving status for motor 0. (at adc_actions.py)
2025-11-28 16:09:48,802 [INFO] Motor 0 status: $$$$$ (at adc_actions.py)
2025-11-28 16:38:55,087 [INFO] Connecting to devices. (at adc_actions.py)
2025-11-28 16:38:55,088 [INFO] Connection successful. (at adc_actions.py)
2025-11-28 16:38:55,094 [INFO] Starting homing operation. (at adc_actions.py)
2025-11-28 16:38:55,095 [DEBUG] Calling homing method on controller. (at adc_actions.py)
2025-11-28 16:39:05,096 [INFO] Homing completed successfully. (at adc_actions.py)
2025-11-28 16:39:05,115 [INFO] Starting zeroing operation with velocity 1 RPM. (at adc_actions.py)
2025-11-28 16:39:05,116 [DEBUG] Initiating homing as part of zeroing. (at adc_actions.py)
2025-11-28 16:39:15,118 [INFO] Zeroing operation completed successfully. (at adc_actions.py)
2025-11-28 16:39:15,135 [INFO] Retrieving status for motor 0. (at adc_actions.py)
2025-11-28 16:39:15,136 [INFO] Motor 0 status: $$$$$ (at adc_actions.py)
2025-11-28 16:52:39,981 [INFO] Connecting to devices. (at adc_actions.py)
2025-11-28 16:52:39,982 [INFO] Connection successful. (at adc_actions.py)
2025-11-28 16:52:39,989 [INFO] Starting homing operation. (at adc_actions.py)
2025-11-28 16:52:39,989 [DEBUG] Calling homing method on controller. (at adc_actions.py)
2025-11-28 16:52:49,991 [INFO] Homing completed successfully. (at adc_actions.py)
2025-11-28 16:52:50,001 [INFO] Starting zeroing operation with velocity 1 RPM. (at adc_actions.py)
2025-11-28 16:52:50,002 [DEBUG] Initiating homing as part of zeroing. (at adc_actions.py)
2025-11-28 16:53:00,003 [INFO] Zeroing operation completed successfully. (at adc_actions.py)
2025-11-28 16:53:00,009 [INFO] Retrieving status for motor 0. (at adc_actions.py)
2025-11-28 16:53:00,009 [INFO] Motor 0 status: $$$$$ (at adc_actions.py)
2025-11-28 17:28:03,394 [INFO] Connecting to devices. (at adc_actions.py)
2025-11-28 17:28:03,395 [INFO] Connection successful. (at adc_actions.py)
2025-11-28 17:28:03,405 [INFO] Starting homing operation. (at adc_actions.py)
2025-11-28 17:28:03,405 [DEBUG] Calling homing method on controller. (at adc_actions.py)
2025-11-28 17:28:13,407 [INFO] Homing completed successfully. (at adc_actions.py)
2025-11-28 17:28:13,417 [INFO] Starting zeroing operation with velocity 1 RPM. (at adc_actions.py)
2025-11-28 17:28:13,418 [DEBUG] Initiating homing as part of zeroing. (at adc_actions.py)
2025-11-28 17:28:23,419 [INFO] Zeroing operation completed successfully. (at adc_actions.py)
2025-11-28 17:28:23,436 [INFO] Retrieving status for motor 0. (at adc_actions.py)
2025-11-28 17:28:23,436 [INFO] Motor 0 status: $$$$$ (at adc_actions.py)
2025-11-28 18:21:50,037 [INFO] Connecting to devices. (at adc_actions.py)
2025-11-28 18:21:50,037 [INFO] Connection successful. (at adc_actions.py)
2025-11-28 18:21:50,047 [INFO] Starting homing operation. (at adc_actions.py)
2025-11-28 18:21:50,048 [DEBUG] Calling homing method on controller. (at adc_actions.py)
2025-11-28 18:22:00,049 [INFO] Homing completed successfully. (at adc_actions.py)
2025-11-28 18:22:00,061 [INFO] Starting zeroing operation with velocity 1 RPM. (at adc_actions.py)
2025-11-28 18:22:00,061 [DEBUG] Initiating homing as part of zeroing. (at adc_actions.py)
2025-11-28 18:22:10,063 [INFO] Zeroing operation completed successfully. (at adc_actions.py)
2025-11-28 18:22:10,077 [INFO] Retrieving status for motor 0. (at adc_actions.py)
2025-11-28 18:22:10,077 [INFO] Motor 0 status: $$$$$ (at adc_actions.py)
