2025-08-12 16:06:20,968 [DEBUG] Initializing AdcActions class. (at adc_actions.py)
2025-08-12 16:06:20,968 [INFO] Lookup table found: /media/shyunc/DATA/KSpec/KSPEC_ICS/ADC/Simul/kspec_adc_controller/src/etc/ADC_lookup.csv (at adc_actions.py)
2025-08-12 16:06:20,968 [INFO] Interpolation function using pchip method created. (at adc_actions.py)
2025-08-12 16:06:27,242 [INFO] Calculating from ZA. (at adc_actions.py)
2025-08-12 16:06:27,242 [INFO] Calculation successful: -21.14713005426819 (at adc_actions.py)
2025-08-12 16:06:27,243 [INFO] Converting degrees to counts. (at adc_actions.py)
2025-08-12 16:06:27,243 [DEBUG] Converted -21.14713005426819 degrees to -951 counts. (at adc_actions.py)
2025-08-12 16:06:27,243 [INFO] Conversion successful: -951 (at adc_actions.py)
2025-08-12 16:06:27,244 [DEBUG] Starting simultaneous move for motors 1 and 2 to position -951 with velocity 1. (at adc_actions.py)
2025-08-12 16:06:27,244 [INFO] Both motors moved successfully. (at adc_actions.py)
2025-08-12 16:07:27,271 [INFO] Calculating from ZA. (at adc_actions.py)
2025-08-12 16:07:27,271 [INFO] Calculation successful: -21.323976191115566 (at adc_actions.py)
2025-08-12 16:07:27,272 [INFO] Converting degrees to counts. (at adc_actions.py)
2025-08-12 16:07:27,272 [DEBUG] Converted -21.323976191115566 degrees to -959 counts. (at adc_actions.py)
2025-08-12 16:07:27,272 [INFO] Conversion successful: -959 (at adc_actions.py)
2025-08-12 16:07:27,273 [DEBUG] Starting simultaneous move for motors 1 and 2 to position -8 with velocity 1. (at adc_actions.py)
2025-08-12 16:07:27,273 [INFO] Both motors moved successfully. (at adc_actions.py)
2025-08-12 16:07:44,503 [DEBUG] Stopping both motors simultaneously. (at adc_actions.py)
2025-08-12 16:07:44,503 [INFO] Both motors stopped successfully. (at adc_actions.py)
2025-08-12 16:23:31,072 [INFO] Calculating from ZA. (at adc_actions.py)
2025-08-12 16:23:31,073 [ERROR] Input zenith angle 64.18265888806545 is out of bounds (0.0, 60.0) (at adc_actions.py)
2025-08-12 16:23:31,073 [ERROR] Error calculating from ZA: Input zenith angle 64.18265888806545 is out of bounds. (at adc_actions.py)
2025-08-12 16:28:36,144 [DEBUG] Stopping both motors simultaneously. (at adc_actions.py)
2025-08-12 16:28:36,144 [INFO] Both motors stopped successfully. (at adc_actions.py)
2025-08-12 16:37:56,609 [DEBUG] Initializing AdcActions class. (at adc_actions.py)
2025-08-12 16:37:56,609 [INFO] Lookup table found: /media/shyunc/DATA/KSpec/KSPEC_ICS/ADC/Simul/kspec_adc_controller/src/etc/ADC_lookup.csv (at adc_actions.py)
2025-08-12 16:37:56,610 [INFO] Interpolation function using pchip method created. (at adc_actions.py)
2025-08-12 16:39:17,712 [INFO] Calculating from ZA. (at adc_actions.py)
2025-08-12 16:39:17,712 [INFO] Calculation successful: -16.180601210121363 (at adc_actions.py)
2025-08-12 16:39:17,712 [INFO] Converting degrees to counts. (at adc_actions.py)
2025-08-12 16:39:17,713 [DEBUG] Converted -16.180601210121363 degrees to -728 counts. (at adc_actions.py)
2025-08-12 16:39:17,713 [INFO] Conversion successful: -728 (at adc_actions.py)
2025-08-12 16:39:17,714 [DEBUG] Starting simultaneous move for motors 1 and 2 to position -728 with velocity 1. (at adc_actions.py)
2025-08-12 16:39:17,714 [INFO] Both motors moved successfully. (at adc_actions.py)
2025-08-12 16:40:17,726 [INFO] Calculating from ZA. (at adc_actions.py)
2025-08-12 16:40:17,727 [INFO] Calculation successful: -16.39998373716697 (at adc_actions.py)
2025-08-12 16:40:17,727 [INFO] Converting degrees to counts. (at adc_actions.py)
2025-08-12 16:40:17,727 [DEBUG] Converted -16.39998373716697 degrees to -737 counts. (at adc_actions.py)
2025-08-12 16:40:17,727 [INFO] Conversion successful: -737 (at adc_actions.py)
2025-08-12 16:40:17,728 [DEBUG] Starting simultaneous move for motors 1 and 2 to position -9 with velocity 1. (at adc_actions.py)
2025-08-12 16:40:17,728 [INFO] Both motors moved successfully. (at adc_actions.py)
2025-08-12 16:41:17,740 [INFO] Calculating from ZA. (at adc_actions.py)
2025-08-12 16:41:17,740 [INFO] Calculation successful: -16.61385718373107 (at adc_actions.py)
2025-08-12 16:41:17,741 [INFO] Converting degrees to counts. (at adc_actions.py)
2025-08-12 16:41:17,741 [DEBUG] Converted -16.61385718373107 degrees to -747 counts. (at adc_actions.py)
2025-08-12 16:41:17,741 [INFO] Conversion successful: -747 (at adc_actions.py)
2025-08-12 16:41:17,742 [DEBUG] Starting simultaneous move for motors 1 and 2 to position -10 with velocity 1. (at adc_actions.py)
2025-08-12 16:41:17,742 [INFO] Both motors moved successfully. (at adc_actions.py)
2025-08-12 16:42:17,754 [INFO] Calculating from ZA. (at adc_actions.py)
2025-08-12 16:42:17,754 [INFO] Calculation successful: -16.82608456372877 (at adc_actions.py)
2025-08-12 16:42:17,754 [INFO] Converting degrees to counts. (at adc_actions.py)
2025-08-12 16:42:17,755 [DEBUG] Converted -16.82608456372877 degrees to -757 counts. (at adc_actions.py)
2025-08-12 16:42:17,755 [INFO] Conversion successful: -757 (at adc_actions.py)
2025-08-12 16:42:17,755 [DEBUG] Starting simultaneous move for motors 1 and 2 to position -10 with velocity 1. (at adc_actions.py)
2025-08-12 16:42:17,755 [INFO] Both motors moved successfully. (at adc_actions.py)
2025-08-12 16:42:21,171 [DEBUG] Stopping both motors simultaneously. (at adc_actions.py)
2025-08-12 16:42:21,172 [INFO] Both motors stopped successfully. (at adc_actions.py)
2025-08-12 16:42:21,179 [INFO] Starting zeroing operation with velocity 1 RPM. (at adc_actions.py)
2025-08-12 16:42:21,179 [DEBUG] Initiating homing as part of zeroing. (at adc_actions.py)
2025-08-12 16:42:31,180 [INFO] Zeroing operation completed successfully. (at adc_actions.py)
2025-08-12 16:57:41,571 [INFO] Calculating from ZA. (at adc_actions.py)
2025-08-12 16:57:41,572 [INFO] Calculation successful: -19.697469284990138 (at adc_actions.py)
2025-08-12 16:57:41,572 [INFO] Converting degrees to counts. (at adc_actions.py)
2025-08-12 16:57:41,572 [DEBUG] Converted -19.697469284990138 degrees to -886 counts. (at adc_actions.py)
2025-08-12 16:57:41,572 [INFO] Conversion successful: -886 (at adc_actions.py)
2025-08-12 16:57:41,573 [DEBUG] Starting simultaneous move for motors 1 and 2 to position -886 with velocity 1. (at adc_actions.py)
2025-08-12 16:57:41,573 [INFO] Both motors moved successfully. (at adc_actions.py)
2025-08-12 16:58:41,580 [INFO] Calculating from ZA. (at adc_actions.py)
2025-08-12 16:58:41,581 [INFO] Calculation successful: -19.858720188954006 (at adc_actions.py)
2025-08-12 16:58:41,581 [INFO] Converting degrees to counts. (at adc_actions.py)
2025-08-12 16:58:41,581 [DEBUG] Converted -19.858720188954006 degrees to -893 counts. (at adc_actions.py)
2025-08-12 16:58:41,581 [INFO] Conversion successful: -893 (at adc_actions.py)
2025-08-12 16:58:41,582 [DEBUG] Starting simultaneous move for motors 1 and 2 to position -7 with velocity 1. (at adc_actions.py)
2025-08-12 16:58:41,582 [INFO] Both motors moved successfully. (at adc_actions.py)
2025-08-12 16:59:41,598 [INFO] Calculating from ZA. (at adc_actions.py)
2025-08-12 16:59:41,599 [INFO] Calculation successful: -20.019237209752706 (at adc_actions.py)
2025-08-12 16:59:41,599 [INFO] Converting degrees to counts. (at adc_actions.py)
2025-08-12 16:59:41,599 [DEBUG] Converted -20.019237209752706 degrees to -900 counts. (at adc_actions.py)
2025-08-12 16:59:41,599 [INFO] Conversion successful: -900 (at adc_actions.py)
2025-08-12 16:59:41,600 [DEBUG] Starting simultaneous move for motors 1 and 2 to position -7 with velocity 1. (at adc_actions.py)
2025-08-12 16:59:41,600 [INFO] Both motors moved successfully. (at adc_actions.py)
2025-08-12 17:00:41,161 [DEBUG] Stopping both motors simultaneously. (at adc_actions.py)
2025-08-12 17:00:41,161 [INFO] Both motors stopped successfully. (at adc_actions.py)
2025-08-12 17:00:41,171 [INFO] Starting zeroing operation with velocity 1 RPM. (at adc_actions.py)
2025-08-12 17:00:41,203 [DEBUG] Initiating homing as part of zeroing. (at adc_actions.py)
2025-08-12 17:00:51,206 [INFO] Zeroing operation completed successfully. (at adc_actions.py)
