2026-01-08 15:09:29,952 [DEBUG] Initializing AdcActions class. (at adc_actions.py)
2026-01-08 15:09:29,952 [INFO] Lookup table found: /media/shyunc/DATA/KSpec/KSPEC_ICS/ADC/Simul/kspec_adc_controller/src/etc/ADC_lookup.csv (at adc_actions.py)
2026-01-08 15:09:29,953 [INFO] Interpolation function using pchip method created. (at adc_actions.py)
2026-01-08 15:10:19,062 [INFO] Connecting to devices. (at adc_actions.py)
2026-01-08 15:10:19,063 [INFO] Connection successful. (at adc_actions.py)
2026-01-08 15:10:19,068 [INFO] Starting homing operation. (at adc_actions.py)
2026-01-08 15:10:19,069 [DEBUG] Calling homing method on controller. (at adc_actions.py)
2026-01-08 15:10:29,069 [INFO] Homing completed successfully. (at adc_actions.py)
2026-01-08 15:10:29,088 [INFO] Starting zeroing operation with velocity 1 RPM. (at adc_actions.py)
2026-01-08 15:10:29,089 [DEBUG] Initiating homing as part of zeroing. (at adc_actions.py)
2026-01-08 15:10:39,090 [INFO] Zeroing operation completed successfully. (at adc_actions.py)
2026-01-08 15:10:39,106 [INFO] Retrieving status for motor 0. (at adc_actions.py)
2026-01-08 15:10:39,107 [INFO] Motor 0 status: $$$$$ (at adc_actions.py)
2026-01-08 15:22:19,245 [INFO] Calculating from ZA. (at adc_actions.py)
2026-01-08 15:22:19,245 [ERROR] Input zenith angle 106.29750635816407 is out of bounds (0.0, 60.0) (at adc_actions.py)
2026-01-08 15:22:19,246 [ERROR] Error calculating from ZA: Input zenith angle 106.29750635816407 is out of bounds. (at adc_actions.py)
2026-01-08 15:22:33,823 [INFO] Calculating from ZA. (at adc_actions.py)
2026-01-08 15:22:33,823 [INFO] Calculation successful: -56.23567519420794 (at adc_actions.py)
2026-01-08 15:22:33,823 [INFO] Converting degrees to counts. (at adc_actions.py)
2026-01-08 15:22:33,823 [DEBUG] Converted -56.23567519420794 degrees to -2530 counts. (at adc_actions.py)
2026-01-08 15:22:33,823 [INFO] Conversion successful: -2530 (at adc_actions.py)
2026-01-08 15:22:33,824 [DEBUG] Starting simultaneous move for motors 1 and 2 to position -2530 with velocity 1. (at adc_actions.py)
2026-01-08 15:22:33,824 [INFO] Both motors moved successfully. (at adc_actions.py)
2026-01-08 15:23:00,851 [DEBUG] Stopping both motors simultaneously. (at adc_actions.py)
2026-01-08 15:23:00,852 [INFO] Both motors stopped successfully. (at adc_actions.py)
2026-01-08 15:23:09,131 [INFO] Starting homing operation. (at adc_actions.py)
2026-01-08 15:23:09,132 [DEBUG] Calling homing method on controller. (at adc_actions.py)
2026-01-08 15:23:19,134 [INFO] Homing completed successfully. (at adc_actions.py)
2026-01-08 15:23:20,163 [INFO] Starting parking operation. (at adc_actions.py)
2026-01-08 15:23:20,164 [DEBUG] Parking motors at predefined position. (at adc_actions.py)
2026-01-08 15:23:30,165 [INFO] Parking completed successfully. (at adc_actions.py)
2026-01-08 15:23:54,731 [DEBUG] Starting simultaneous move for motors 1 and 2 to position 2345 with velocity 1. (at adc_actions.py)
2026-01-08 15:23:54,732 [INFO] Both motors moved successfully. (at adc_actions.py)
2026-01-08 15:24:09,949 [DEBUG] Starting simultaneous move for motors 1 and 2 to position 2345 with velocity 1 in same direction (at adc_actions.py)
2026-01-08 15:24:09,949 [INFO] Both motors moved successfully. (at adc_actions.py)
2026-01-08 16:10:31,891 [INFO] Connecting to devices. (at adc_actions.py)
2026-01-08 16:10:31,891 [INFO] Connection successful. (at adc_actions.py)
2026-01-08 16:10:31,894 [INFO] Starting homing operation. (at adc_actions.py)
2026-01-08 16:10:31,894 [DEBUG] Calling homing method on controller. (at adc_actions.py)
2026-01-08 16:10:41,895 [INFO] Homing completed successfully. (at adc_actions.py)
2026-01-08 16:10:41,910 [INFO] Starting zeroing operation with velocity 1 RPM. (at adc_actions.py)
2026-01-08 16:10:41,911 [DEBUG] Initiating homing as part of zeroing. (at adc_actions.py)
2026-01-08 16:10:51,912 [INFO] Zeroing operation completed successfully. (at adc_actions.py)
2026-01-08 16:10:51,923 [INFO] Retrieving status for motor 0. (at adc_actions.py)
2026-01-08 16:10:51,924 [INFO] Motor 0 status: $$$$$ (at adc_actions.py)
2026-01-08 16:17:05,043 [INFO] Connecting to devices. (at adc_actions.py)
2026-01-08 16:17:05,043 [INFO] Connection successful. (at adc_actions.py)
2026-01-08 16:17:05,046 [INFO] Starting homing operation. (at adc_actions.py)
2026-01-08 16:17:05,046 [DEBUG] Calling homing method on controller. (at adc_actions.py)
2026-01-08 16:17:15,047 [INFO] Homing completed successfully. (at adc_actions.py)
2026-01-08 16:17:15,054 [INFO] Starting zeroing operation with velocity 1 RPM. (at adc_actions.py)
2026-01-08 16:17:15,054 [DEBUG] Initiating homing as part of zeroing. (at adc_actions.py)
2026-01-08 16:17:25,056 [INFO] Zeroing operation completed successfully. (at adc_actions.py)
2026-01-08 16:17:25,069 [INFO] Retrieving status for motor 0. (at adc_actions.py)
2026-01-08 16:17:25,069 [INFO] Motor 0 status: $$$$$ (at adc_actions.py)
