2026-03-19 09:27:38,565 [DEBUG] Initializing AdcActions class. (at adc_actions.py)
2026-03-19 09:27:38,565 [INFO] Lookup table found: /media/shyunc/DATA/KSpec/KSPEC_ICS/ADC/Simul/kspec_adc_controller/src/etc/ADC_lookup.csv (at adc_actions.py)
2026-03-19 09:27:38,566 [INFO] Interpolation function using pchip method created. (at adc_actions.py)
2026-03-19 09:28:03,024 [INFO] Connecting to devices. (at adc_actions.py)
2026-03-19 09:28:03,025 [INFO] Connection successful. (at adc_actions.py)
2026-03-19 09:28:05,050 [INFO] Starting homing operation. (at adc_actions.py)
2026-03-19 09:28:05,051 [DEBUG] Calling homing method on controller. (at adc_actions.py)
2026-03-19 09:28:15,053 [INFO] Homing completed successfully. (at adc_actions.py)
2026-03-19 09:28:17,051 [INFO] Starting zeroing operation with velocity 4 RPM. (at adc_actions.py)
2026-03-19 09:28:17,051 [DEBUG] Initiating homing as part of zeroing. (at adc_actions.py)
2026-03-19 09:28:27,053 [INFO] Zeroing operation completed successfully. (at adc_actions.py)
2026-03-19 09:28:29,049 [INFO] Retrieving status for motor 0. (at adc_actions.py)
2026-03-19 09:28:29,050 [INFO] Motor 0 status: $$$$$ (at adc_actions.py)
2026-03-19 09:34:27,051 [INFO] Connecting to devices. (at adc_actions.py)
2026-03-19 09:34:27,051 [INFO] Connection successful. (at adc_actions.py)
2026-03-19 09:34:29,052 [INFO] Starting homing operation. (at adc_actions.py)
2026-03-19 09:34:29,052 [DEBUG] Calling homing method on controller. (at adc_actions.py)
2026-03-19 09:34:39,054 [INFO] Homing completed successfully. (at adc_actions.py)
2026-03-19 09:34:41,054 [INFO] Starting zeroing operation with velocity 4 RPM. (at adc_actions.py)
2026-03-19 09:34:41,054 [DEBUG] Initiating homing as part of zeroing. (at adc_actions.py)
2026-03-19 09:34:51,056 [INFO] Zeroing operation completed successfully. (at adc_actions.py)
2026-03-19 09:34:53,051 [INFO] Retrieving status for motor 0. (at adc_actions.py)
2026-03-19 09:34:53,052 [INFO] Motor 0 status: $$$$$ (at adc_actions.py)
2026-03-19 09:49:19,052 [INFO] Connecting to devices. (at adc_actions.py)
2026-03-19 09:49:19,053 [INFO] Connection successful. (at adc_actions.py)
2026-03-19 09:49:21,052 [INFO] Starting homing operation. (at adc_actions.py)
2026-03-19 09:49:21,053 [DEBUG] Calling homing method on controller. (at adc_actions.py)
2026-03-19 09:49:31,055 [INFO] Homing completed successfully. (at adc_actions.py)
2026-03-19 09:49:33,054 [INFO] Starting zeroing operation with velocity 4 RPM. (at adc_actions.py)
2026-03-19 09:49:33,055 [DEBUG] Initiating homing as part of zeroing. (at adc_actions.py)
2026-03-19 09:49:43,057 [INFO] Zeroing operation completed successfully. (at adc_actions.py)
2026-03-19 09:49:45,051 [INFO] Retrieving status for motor 0. (at adc_actions.py)
2026-03-19 09:49:45,052 [INFO] Motor 0 status: $$$$$ (at adc_actions.py)
2026-03-19 09:52:03,050 [INFO] Connecting to devices. (at adc_actions.py)
2026-03-19 09:52:03,051 [INFO] Connection successful. (at adc_actions.py)
2026-03-19 09:52:05,053 [INFO] Starting homing operation. (at adc_actions.py)
2026-03-19 09:52:05,054 [DEBUG] Calling homing method on controller. (at adc_actions.py)
2026-03-19 09:52:15,056 [INFO] Homing completed successfully. (at adc_actions.py)
2026-03-19 09:52:17,052 [INFO] Starting zeroing operation with velocity 4 RPM. (at adc_actions.py)
2026-03-19 09:52:17,053 [DEBUG] Initiating homing as part of zeroing. (at adc_actions.py)
2026-03-19 09:52:27,054 [INFO] Zeroing operation completed successfully. (at adc_actions.py)
2026-03-19 09:52:29,051 [INFO] Retrieving status for motor 0. (at adc_actions.py)
2026-03-19 09:52:29,052 [INFO] Motor 0 status: $$$$$ (at adc_actions.py)
2026-03-19 13:28:40,049 [INFO] Connecting to devices. (at adc_actions.py)
2026-03-19 13:28:40,050 [INFO] Connection successful. (at adc_actions.py)
2026-03-19 13:28:42,051 [INFO] Starting homing operation. (at adc_actions.py)
2026-03-19 13:28:42,051 [DEBUG] Calling homing method on controller. (at adc_actions.py)
2026-03-19 13:28:52,054 [INFO] Homing completed successfully. (at adc_actions.py)
2026-03-19 13:28:54,050 [INFO] Starting zeroing operation with velocity 4 RPM. (at adc_actions.py)
2026-03-19 13:28:54,051 [DEBUG] Initiating homing as part of zeroing. (at adc_actions.py)
2026-03-19 13:29:04,053 [INFO] Zeroing operation completed successfully. (at adc_actions.py)
2026-03-19 13:29:06,049 [INFO] Retrieving status for motor 0. (at adc_actions.py)
2026-03-19 13:29:06,050 [INFO] Motor 0 status: $$$$$ (at adc_actions.py)
2026-03-19 13:45:08,610 [INFO] Connecting to devices. (at adc_actions.py)
2026-03-19 13:45:08,610 [INFO] Connection successful. (at adc_actions.py)
2026-03-19 13:45:10,550 [INFO] Starting homing operation. (at adc_actions.py)
2026-03-19 13:45:10,551 [DEBUG] Calling homing method on controller. (at adc_actions.py)
2026-03-19 13:45:20,553 [INFO] Homing completed successfully. (at adc_actions.py)
2026-03-19 13:45:22,551 [INFO] Starting zeroing operation with velocity 4 RPM. (at adc_actions.py)
2026-03-19 13:45:22,552 [DEBUG] Initiating homing as part of zeroing. (at adc_actions.py)
2026-03-19 13:45:32,554 [INFO] Zeroing operation completed successfully. (at adc_actions.py)
2026-03-19 13:45:34,549 [INFO] Retrieving status for motor 0. (at adc_actions.py)
2026-03-19 13:45:34,549 [INFO] Motor 0 status: $$$$$ (at adc_actions.py)
2026-03-19 13:47:35,549 [INFO] Connecting to devices. (at adc_actions.py)
2026-03-19 13:47:35,550 [INFO] Connection successful. (at adc_actions.py)
2026-03-19 13:47:37,551 [INFO] Starting homing operation. (at adc_actions.py)
2026-03-19 13:47:37,551 [DEBUG] Calling homing method on controller. (at adc_actions.py)
2026-03-19 13:47:47,553 [INFO] Homing completed successfully. (at adc_actions.py)
2026-03-19 13:47:49,550 [INFO] Starting zeroing operation with velocity 4 RPM. (at adc_actions.py)
2026-03-19 13:47:49,551 [DEBUG] Initiating homing as part of zeroing. (at adc_actions.py)
2026-03-19 13:47:59,553 [INFO] Zeroing operation completed successfully. (at adc_actions.py)
2026-03-19 13:48:01,549 [INFO] Retrieving status for motor 0. (at adc_actions.py)
2026-03-19 13:48:01,550 [INFO] Motor 0 status: $$$$$ (at adc_actions.py)
2026-03-19 13:52:07,049 [INFO] Connecting to devices. (at adc_actions.py)
2026-03-19 13:52:07,050 [INFO] Connection successful. (at adc_actions.py)
2026-03-19 13:52:09,050 [INFO] Starting homing operation. (at adc_actions.py)
2026-03-19 13:52:09,051 [DEBUG] Calling homing method on controller. (at adc_actions.py)
2026-03-19 13:52:19,053 [INFO] Homing completed successfully. (at adc_actions.py)
2026-03-19 13:52:21,051 [INFO] Starting zeroing operation with velocity 4 RPM. (at adc_actions.py)
2026-03-19 13:52:21,051 [DEBUG] Initiating homing as part of zeroing. (at adc_actions.py)
2026-03-19 13:52:31,053 [INFO] Zeroing operation completed successfully. (at adc_actions.py)
2026-03-19 13:52:33,049 [INFO] Retrieving status for motor 0. (at adc_actions.py)
2026-03-19 13:52:33,049 [INFO] Motor 0 status: $$$$$ (at adc_actions.py)
2026-03-19 14:21:40,524 [INFO] Connecting to devices. (at adc_actions.py)
2026-03-19 14:21:40,525 [INFO] Connection successful. (at adc_actions.py)
2026-03-19 14:21:42,550 [INFO] Starting homing operation. (at adc_actions.py)
2026-03-19 14:21:42,551 [DEBUG] Calling homing method on controller. (at adc_actions.py)
2026-03-19 14:21:52,553 [INFO] Homing completed successfully. (at adc_actions.py)
2026-03-19 14:21:54,551 [INFO] Starting zeroing operation with velocity 4 RPM. (at adc_actions.py)
2026-03-19 14:21:54,552 [DEBUG] Initiating homing as part of zeroing. (at adc_actions.py)
2026-03-19 14:22:04,553 [INFO] Zeroing operation completed successfully. (at adc_actions.py)
2026-03-19 14:22:06,549 [INFO] Retrieving status for motor 0. (at adc_actions.py)
2026-03-19 14:22:06,549 [INFO] Motor 0 status: $$$$$ (at adc_actions.py)
2026-03-19 14:27:12,050 [INFO] Connecting to devices. (at adc_actions.py)
2026-03-19 14:27:12,051 [INFO] Connection successful. (at adc_actions.py)
2026-03-19 14:27:14,051 [INFO] Starting homing operation. (at adc_actions.py)
2026-03-19 14:27:14,051 [DEBUG] Calling homing method on controller. (at adc_actions.py)
2026-03-19 14:27:24,053 [INFO] Homing completed successfully. (at adc_actions.py)
2026-03-19 14:27:26,051 [INFO] Starting zeroing operation with velocity 4 RPM. (at adc_actions.py)
2026-03-19 14:27:26,051 [DEBUG] Initiating homing as part of zeroing. (at adc_actions.py)
2026-03-19 14:27:36,053 [INFO] Zeroing operation completed successfully. (at adc_actions.py)
2026-03-19 14:27:38,049 [INFO] Retrieving status for motor 0. (at adc_actions.py)
2026-03-19 14:27:38,049 [INFO] Motor 0 status: $$$$$ (at adc_actions.py)
2026-03-19 14:30:44,548 [INFO] Connecting to devices. (at adc_actions.py)
2026-03-19 14:30:44,549 [INFO] Connection successful. (at adc_actions.py)
2026-03-19 14:30:46,554 [INFO] Starting homing operation. (at adc_actions.py)
2026-03-19 14:30:46,554 [DEBUG] Calling homing method on controller. (at adc_actions.py)
2026-03-19 14:30:56,556 [INFO] Homing completed successfully. (at adc_actions.py)
2026-03-19 14:30:58,554 [INFO] Starting zeroing operation with velocity 4 RPM. (at adc_actions.py)
2026-03-19 14:30:58,555 [DEBUG] Initiating homing as part of zeroing. (at adc_actions.py)
2026-03-19 14:31:08,556 [INFO] Zeroing operation completed successfully. (at adc_actions.py)
2026-03-19 14:31:10,552 [INFO] Retrieving status for motor 0. (at adc_actions.py)
2026-03-19 14:31:10,552 [INFO] Motor 0 status: $$$$$ (at adc_actions.py)
2026-03-19 14:34:00,035 [INFO] Connecting to devices. (at adc_actions.py)
2026-03-19 14:34:00,036 [INFO] Connection successful. (at adc_actions.py)
2026-03-19 14:34:02,050 [INFO] Starting homing operation. (at adc_actions.py)
2026-03-19 14:34:02,051 [DEBUG] Calling homing method on controller. (at adc_actions.py)
2026-03-19 14:34:12,053 [INFO] Homing completed successfully. (at adc_actions.py)
2026-03-19 14:34:14,051 [INFO] Starting zeroing operation with velocity 4 RPM. (at adc_actions.py)
2026-03-19 14:34:14,052 [DEBUG] Initiating homing as part of zeroing. (at adc_actions.py)
2026-03-19 14:34:24,054 [INFO] Zeroing operation completed successfully. (at adc_actions.py)
2026-03-19 14:34:26,049 [INFO] Retrieving status for motor 0. (at adc_actions.py)
2026-03-19 14:34:26,050 [INFO] Motor 0 status: $$$$$ (at adc_actions.py)
2026-03-19 14:58:04,549 [INFO] Connecting to devices. (at adc_actions.py)
2026-03-19 14:58:04,550 [INFO] Connection successful. (at adc_actions.py)
2026-03-19 14:58:06,551 [INFO] Starting homing operation. (at adc_actions.py)
2026-03-19 14:58:06,551 [DEBUG] Calling homing method on controller. (at adc_actions.py)
2026-03-19 14:58:16,553 [INFO] Homing completed successfully. (at adc_actions.py)
2026-03-19 14:58:18,551 [INFO] Starting zeroing operation with velocity 4 RPM. (at adc_actions.py)
2026-03-19 14:58:18,551 [DEBUG] Initiating homing as part of zeroing. (at adc_actions.py)
2026-03-19 14:58:28,554 [INFO] Zeroing operation completed successfully. (at adc_actions.py)
2026-03-19 14:58:30,549 [INFO] Retrieving status for motor 0. (at adc_actions.py)
2026-03-19 14:58:30,549 [INFO] Motor 0 status: $$$$$ (at adc_actions.py)
2026-03-19 15:01:24,901 [DEBUG] Stopping both motors simultaneously. (at adc_actions.py)
2026-03-19 15:01:24,901 [INFO] Both motors stopped successfully. (at adc_actions.py)
2026-03-19 15:06:09,049 [INFO] Connecting to devices. (at adc_actions.py)
2026-03-19 15:06:09,050 [INFO] Connection successful. (at adc_actions.py)
2026-03-19 15:06:11,050 [INFO] Starting homing operation. (at adc_actions.py)
2026-03-19 15:06:11,051 [DEBUG] Calling homing method on controller. (at adc_actions.py)
2026-03-19 15:06:21,053 [INFO] Homing completed successfully. (at adc_actions.py)
2026-03-19 15:06:23,050 [INFO] Starting zeroing operation with velocity 4 RPM. (at adc_actions.py)
2026-03-19 15:06:23,051 [DEBUG] Initiating homing as part of zeroing. (at adc_actions.py)
2026-03-19 15:06:33,053 [INFO] Zeroing operation completed successfully. (at adc_actions.py)
2026-03-19 15:06:35,049 [INFO] Retrieving status for motor 0. (at adc_actions.py)
2026-03-19 15:06:35,049 [INFO] Motor 0 status: $$$$$ (at adc_actions.py)
2026-03-19 15:10:13,913 [DEBUG] Converted -14.999606581054653 degrees to -674 counts. (at adc_actions.py)
2026-03-19 15:10:13,914 [DEBUG] Starting simultaneous move for motors 1 and 2 to position -674 with velocity 1. (at adc_actions.py)
2026-03-19 15:10:13,914 [INFO] Both motors moved successfully. (at adc_actions.py)
2026-03-19 15:11:13,926 [DEBUG] Converted -15.218826316620401 degrees to -684 counts. (at adc_actions.py)
2026-03-19 15:11:13,927 [DEBUG] Starting simultaneous move for motors 1 and 2 to position -10 with velocity 1. (at adc_actions.py)
2026-03-19 15:11:13,927 [INFO] Both motors moved successfully. (at adc_actions.py)
2026-03-19 15:12:13,939 [DEBUG] Converted -15.437033859720614 degrees to -694 counts. (at adc_actions.py)
2026-03-19 15:12:13,940 [DEBUG] Starting simultaneous move for motors 1 and 2 to position -10 with velocity 1. (at adc_actions.py)
2026-03-19 15:12:13,940 [INFO] Both motors moved successfully. (at adc_actions.py)
2026-03-19 15:13:00,903 [DEBUG] Stopping both motors simultaneously. (at adc_actions.py)
2026-03-19 15:13:00,904 [INFO] Both motors stopped successfully. (at adc_actions.py)
2026-03-19 15:13:00,910 [INFO] Starting zeroing operation with velocity 2 RPM. (at adc_actions.py)
2026-03-19 15:13:00,910 [DEBUG] Initiating homing as part of zeroing. (at adc_actions.py)
2026-03-19 15:13:10,912 [INFO] Zeroing operation completed successfully. (at adc_actions.py)
2026-03-19 15:21:06,564 [DEBUG] Converted -17.336372020387493 degrees to -780 counts. (at adc_actions.py)
2026-03-19 15:21:06,565 [DEBUG] Starting simultaneous move for motors 1 and 2 to position -780 with velocity 1. (at adc_actions.py)
2026-03-19 15:21:06,565 [INFO] Both motors moved successfully. (at adc_actions.py)
2026-03-19 15:22:06,577 [DEBUG] Converted -17.541093599169116 degrees to -789 counts. (at adc_actions.py)
2026-03-19 15:22:06,578 [DEBUG] Starting simultaneous move for motors 1 and 2 to position -9 with velocity 1. (at adc_actions.py)
2026-03-19 15:22:06,578 [INFO] Both motors moved successfully. (at adc_actions.py)
2026-03-19 15:23:06,590 [DEBUG] Converted -17.742901069654792 degrees to -798 counts. (at adc_actions.py)
2026-03-19 15:23:06,591 [DEBUG] Starting simultaneous move for motors 1 and 2 to position -9 with velocity 1. (at adc_actions.py)
2026-03-19 15:23:06,591 [INFO] Both motors moved successfully. (at adc_actions.py)
2026-03-19 15:23:53,917 [DEBUG] Stopping both motors simultaneously. (at adc_actions.py)
2026-03-19 15:23:53,917 [INFO] Both motors stopped successfully. (at adc_actions.py)
2026-03-19 15:23:53,924 [INFO] Starting zeroing operation with velocity 2 RPM. (at adc_actions.py)
2026-03-19 15:23:53,924 [DEBUG] Initiating homing as part of zeroing. (at adc_actions.py)
2026-03-19 15:24:03,925 [INFO] Zeroing operation completed successfully. (at adc_actions.py)
2026-03-19 16:16:11,049 [INFO] Connecting to devices. (at adc_actions.py)
2026-03-19 16:16:11,049 [INFO] Connection successful. (at adc_actions.py)
2026-03-19 16:16:13,051 [INFO] Starting homing operation. (at adc_actions.py)
2026-03-19 16:16:13,051 [DEBUG] Calling homing method on controller. (at adc_actions.py)
2026-03-19 16:16:23,053 [INFO] Homing completed successfully. (at adc_actions.py)
2026-03-19 16:16:25,051 [INFO] Starting zeroing operation with velocity 4 RPM. (at adc_actions.py)
2026-03-19 16:16:25,051 [DEBUG] Initiating homing as part of zeroing. (at adc_actions.py)
2026-03-19 16:16:35,053 [INFO] Zeroing operation completed successfully. (at adc_actions.py)
2026-03-19 16:16:37,049 [INFO] Retrieving status for motor 0. (at adc_actions.py)
2026-03-19 16:16:37,049 [INFO] Motor 0 status: $$$$$ (at adc_actions.py)
2026-03-19 16:17:34,557 [DEBUG] Converted -29.177636425069863 degrees to -1312 counts. (at adc_actions.py)
2026-03-19 16:17:34,558 [DEBUG] Starting simultaneous move for motors 1 and 2 to position -1312 with velocity 1. (at adc_actions.py)
2026-03-19 16:17:34,558 [INFO] Both motors moved successfully. (at adc_actions.py)
2026-03-19 16:18:34,570 [DEBUG] Converted -29.350020577637036 degrees to -1320 counts. (at adc_actions.py)
2026-03-19 16:18:34,571 [DEBUG] Starting simultaneous move for motors 1 and 2 to position -8 with velocity 1. (at adc_actions.py)
2026-03-19 16:18:34,571 [INFO] Both motors moved successfully. (at adc_actions.py)
2026-03-19 16:19:34,582 [DEBUG] Converted -29.518288307308435 degrees to -1328 counts. (at adc_actions.py)
2026-03-19 16:19:34,584 [DEBUG] Starting simultaneous move for motors 1 and 2 to position -8 with velocity 1. (at adc_actions.py)
2026-03-19 16:19:34,584 [INFO] Both motors moved successfully. (at adc_actions.py)
2026-03-19 16:20:21,895 [DEBUG] Stopping both motors simultaneously. (at adc_actions.py)
2026-03-19 16:20:21,895 [INFO] Both motors stopped successfully. (at adc_actions.py)
2026-03-19 16:20:21,901 [INFO] Starting zeroing operation with velocity 2 RPM. (at adc_actions.py)
2026-03-19 16:20:21,901 [DEBUG] Initiating homing as part of zeroing. (at adc_actions.py)
2026-03-19 16:20:31,903 [INFO] Zeroing operation completed successfully. (at adc_actions.py)
2026-03-20 13:44:40,522 [INFO] Connecting to devices. (at adc_actions.py)
2026-03-20 13:44:40,523 [INFO] Connection successful. (at adc_actions.py)
2026-03-20 13:44:42,553 [INFO] Starting homing operation. (at adc_actions.py)
2026-03-20 13:44:42,554 [DEBUG] Calling homing method on controller. (at adc_actions.py)
2026-03-20 13:44:52,555 [INFO] Homing completed successfully. (at adc_actions.py)
2026-03-20 13:44:54,553 [INFO] Starting zeroing operation with velocity 4 RPM. (at adc_actions.py)
2026-03-20 13:44:54,554 [DEBUG] Initiating homing as part of zeroing. (at adc_actions.py)
2026-03-20 13:45:04,556 [INFO] Zeroing operation completed successfully. (at adc_actions.py)
2026-03-20 13:45:06,552 [INFO] Retrieving status for motor 0. (at adc_actions.py)
2026-03-20 13:45:06,553 [INFO] Motor 0 status: $$$$$ (at adc_actions.py)
