2025-12-26 17:44:52,928 [DEBUG] Initializing AdcActions class. (at adc_actions.py)
2025-12-26 17:44:52,928 [INFO] Lookup table found: /media/shyunc/DATA/KSpec/KSPEC_ICS/ADC/Simul/kspec_adc_controller/src/etc/ADC_lookup.csv (at adc_actions.py)
2025-12-26 17:44:52,929 [INFO] Interpolation function using pchip method created. (at adc_actions.py)
2025-12-26 17:45:35,071 [INFO] Connecting to devices. (at adc_actions.py)
2025-12-26 17:45:35,071 [INFO] Connection successful. (at adc_actions.py)
2025-12-26 17:45:35,076 [INFO] Starting homing operation. (at adc_actions.py)
2025-12-26 17:45:35,076 [DEBUG] Calling homing method on controller. (at adc_actions.py)
2025-12-26 17:45:45,077 [INFO] Homing completed successfully. (at adc_actions.py)
2025-12-26 17:45:45,088 [INFO] Starting zeroing operation with velocity 1 RPM. (at adc_actions.py)
2025-12-26 17:45:45,088 [DEBUG] Initiating homing as part of zeroing. (at adc_actions.py)
2025-12-26 17:45:55,089 [INFO] Zeroing operation completed successfully. (at adc_actions.py)
2025-12-26 17:45:55,103 [INFO] Retrieving status for motor 0. (at adc_actions.py)
2025-12-26 17:45:55,103 [INFO] Motor 0 status: $$$$$ (at adc_actions.py)
2025-12-26 17:57:22,347 [INFO] Connecting to devices. (at adc_actions.py)
2025-12-26 17:57:22,347 [INFO] Connection successful. (at adc_actions.py)
2025-12-26 17:57:22,350 [INFO] Starting homing operation. (at adc_actions.py)
2025-12-26 17:57:22,351 [DEBUG] Calling homing method on controller. (at adc_actions.py)
2025-12-26 17:57:32,352 [INFO] Homing completed successfully. (at adc_actions.py)
2025-12-26 17:57:32,371 [INFO] Starting zeroing operation with velocity 1 RPM. (at adc_actions.py)
2025-12-26 17:57:32,371 [DEBUG] Initiating homing as part of zeroing. (at adc_actions.py)
2025-12-26 17:57:42,373 [INFO] Zeroing operation completed successfully. (at adc_actions.py)
2025-12-26 17:57:42,389 [INFO] Retrieving status for motor 0. (at adc_actions.py)
2025-12-26 17:57:42,390 [INFO] Motor 0 status: $$$$$ (at adc_actions.py)
2025-12-26 18:44:55,712 [INFO] Connecting to devices. (at adc_actions.py)
2025-12-26 18:44:55,712 [INFO] Connection successful. (at adc_actions.py)
2025-12-26 18:44:55,716 [INFO] Starting homing operation. (at adc_actions.py)
2025-12-26 18:44:55,717 [DEBUG] Calling homing method on controller. (at adc_actions.py)
2025-12-26 18:45:05,718 [INFO] Homing completed successfully. (at adc_actions.py)
2025-12-26 18:45:05,737 [INFO] Starting zeroing operation with velocity 1 RPM. (at adc_actions.py)
2025-12-26 18:45:05,737 [DEBUG] Initiating homing as part of zeroing. (at adc_actions.py)
2025-12-26 18:45:15,739 [INFO] Zeroing operation completed successfully. (at adc_actions.py)
2025-12-26 18:45:15,750 [INFO] Retrieving status for motor 0. (at adc_actions.py)
2025-12-26 18:45:15,750 [INFO] Motor 0 status: $$$$$ (at adc_actions.py)
2025-12-26 19:38:00,146 [INFO] Connecting to devices. (at adc_actions.py)
2025-12-26 19:38:00,146 [INFO] Connection successful. (at adc_actions.py)
2025-12-26 19:38:00,151 [INFO] Starting homing operation. (at adc_actions.py)
2025-12-26 19:38:00,151 [DEBUG] Calling homing method on controller. (at adc_actions.py)
2025-12-26 19:38:10,152 [INFO] Homing completed successfully. (at adc_actions.py)
2025-12-26 19:38:10,164 [INFO] Starting zeroing operation with velocity 1 RPM. (at adc_actions.py)
2025-12-26 19:38:10,164 [DEBUG] Initiating homing as part of zeroing. (at adc_actions.py)
2025-12-26 19:38:20,166 [INFO] Zeroing operation completed successfully. (at adc_actions.py)
2025-12-26 19:38:20,181 [INFO] Retrieving status for motor 0. (at adc_actions.py)
2025-12-26 19:38:20,181 [INFO] Motor 0 status: $$$$$ (at adc_actions.py)
