2026-06-08 09:52:06,102 [DEBUG] Initializing AdcActions class. (at adc_actions.py)
2026-06-08 09:52:06,102 [INFO] Lookup table found: /media/shyunc/DATA/KSpec/KSPEC_ICS/ADC/Simul/kspec_adc_controller/src/etc/ADC_lookup.csv (at adc_actions.py)
2026-06-08 09:52:06,102 [INFO] Interpolation function using pchip method created. (at adc_actions.py)
2026-06-08 09:53:42,658 [DEBUG] Converted -44.388239912850565 degrees to -1997 counts. (at adc_actions.py)
2026-06-08 09:53:42,659 [DEBUG] Starting simultaneous move for motors 1 and 2 to position -1997 with velocity 1. (at adc_actions.py)
2026-06-08 09:53:42,659 [INFO] Both motors moved successfully. (at adc_actions.py)
2026-06-08 09:54:42,671 [DEBUG] Converted -44.055846949639665 degrees to -1982 counts. (at adc_actions.py)
2026-06-08 09:54:42,672 [DEBUG] Starting simultaneous move for motors 1 and 2 to position 15 with velocity 1. (at adc_actions.py)
2026-06-08 09:54:42,672 [INFO] Both motors moved successfully. (at adc_actions.py)
2026-06-08 09:55:11,958 [DEBUG] Stopping both motors simultaneously. (at adc_actions.py)
2026-06-08 09:55:11,959 [INFO] Both motors stopped successfully. (at adc_actions.py)
2026-06-08 09:58:19,555 [DEBUG] Moving motor 1 to position 345 with velocity 2. (at adc_actions.py)
2026-06-08 09:58:19,556 [INFO] Motor 1 moved successfully to position 345. (at adc_actions.py)
2026-06-08 09:58:28,213 [DEBUG] Starting simultaneous move for motors 1 and 2 to position 345 with velocity 2. (at adc_actions.py)
2026-06-08 09:58:28,213 [INFO] Both motors moved successfully. (at adc_actions.py)
2026-06-08 09:58:37,485 [DEBUG] Starting simultaneous move for motors 1 and 2 to position 345 with velocity 2 in same direction (at adc_actions.py)
2026-06-08 09:58:37,485 [INFO] Both motors moved successfully. (at adc_actions.py)
2026-06-08 09:58:57,212 [INFO] Starting parking operation. (at adc_actions.py)
2026-06-08 09:58:57,212 [DEBUG] Parking motors at predefined position. (at adc_actions.py)
2026-06-08 09:59:04,877 [INFO] Starting homing operation. (at adc_actions.py)
2026-06-08 09:59:04,877 [DEBUG] Calling homing method on controller. (at adc_actions.py)
2026-06-08 09:59:07,213 [INFO] Parking completed successfully. (at adc_actions.py)
2026-06-08 09:59:14,879 [INFO] Homing completed successfully. (at adc_actions.py)
2026-06-08 09:59:17,363 [INFO] Starting zeroing operation with velocity 2 RPM. (at adc_actions.py)
2026-06-08 09:59:17,363 [DEBUG] Initiating homing as part of zeroing. (at adc_actions.py)
2026-06-08 09:59:27,365 [INFO] Zeroing operation completed successfully. (at adc_actions.py)
2026-06-08 09:59:31,123 [WARNING] Requested velocity (10 RPM) exceeds the limit of 5 RPM. Setting velocity to 5 RPM. (at adc_actions.py)
2026-06-08 09:59:31,124 [INFO] Starting zeroing operation with velocity 5 RPM. (at adc_actions.py)
2026-06-08 09:59:31,125 [DEBUG] Initiating homing as part of zeroing. (at adc_actions.py)
2026-06-08 09:59:41,126 [INFO] Zeroing operation completed successfully. (at adc_actions.py)
2026-06-08 09:59:44,395 [INFO] Starting zeroing operation with velocity 5 RPM. (at adc_actions.py)
2026-06-08 09:59:44,395 [DEBUG] Initiating homing as part of zeroing. (at adc_actions.py)
2026-06-08 09:59:54,397 [INFO] Zeroing operation completed successfully. (at adc_actions.py)
2026-06-08 09:59:58,956 [INFO] Connecting to devices. (at adc_actions.py)
2026-06-08 09:59:58,957 [INFO] Connection successful. (at adc_actions.py)
2026-06-08 13:28:11,836 [DEBUG] Initializing AdcActions class. (at adc_actions.py)
2026-06-08 13:28:11,836 [INFO] Lookup table found: /media/shyunc/DATA/KSpec/KSPEC_ICS/ADC/Simul/kspec_adc_controller/src/etc/ADC_lookup.csv (at adc_actions.py)
2026-06-08 13:28:11,837 [INFO] Interpolation function using pchip method created. (at adc_actions.py)
2026-06-08 13:28:56,460 [DEBUG] Converted -31.722167249670413 degrees to -1427 counts. (at adc_actions.py)
2026-06-08 13:28:56,461 [DEBUG] Starting simultaneous move for motors 1 and 2 to position -1427 with velocity 1. (at adc_actions.py)
2026-06-08 13:28:56,461 [INFO] Both motors moved successfully. (at adc_actions.py)
2026-06-08 13:28:59,406 [DEBUG] Stopping both motors simultaneously. (at adc_actions.py)
2026-06-08 13:28:59,407 [INFO] Both motors stopped successfully. (at adc_actions.py)
2026-06-08 13:45:14,501 [DEBUG] Initializing AdcActions class. (at adc_actions.py)
2026-06-08 13:45:14,501 [INFO] Lookup table found: /media/shyunc/DATA/KSpec/KSPEC_ICS/ADC/Simul/kspec_adc_controller/src/etc/ADC_lookup.csv (at adc_actions.py)
2026-06-08 13:45:14,502 [INFO] Interpolation function using pchip method created. (at adc_actions.py)
2026-06-08 13:45:56,612 [ERROR] Input zenith angle 60.08423304172518 is out of bounds (0.0, 60.0) (at adc_actions.py)
2026-06-08 13:46:17,280 [DEBUG] Converted -32.59712491549886 degrees to -1466 counts. (at adc_actions.py)
2026-06-08 13:46:17,280 [DEBUG] Starting simultaneous move for motors 1 and 2 to position -1466 with velocity 1. (at adc_actions.py)
2026-06-08 13:46:17,281 [INFO] Both motors moved successfully. (at adc_actions.py)
2026-06-08 13:47:17,294 [DEBUG] Converted -32.41579487812726 degrees to -1458 counts. (at adc_actions.py)
2026-06-08 13:47:17,295 [DEBUG] Starting simultaneous move for motors 1 and 2 to position 8 with velocity 1. (at adc_actions.py)
2026-06-08 13:47:17,295 [INFO] Both motors moved successfully. (at adc_actions.py)
2026-06-08 13:48:06,528 [DEBUG] Stopping both motors simultaneously. (at adc_actions.py)
2026-06-08 13:48:06,529 [INFO] Both motors stopped successfully. (at adc_actions.py)
2026-06-08 13:49:48,022 [INFO] Connecting to devices. (at adc_actions.py)
2026-06-08 13:49:48,023 [INFO] Connection successful. (at adc_actions.py)
2026-06-08 13:51:45,442 [DEBUG] Initializing AdcActions class. (at adc_actions.py)
2026-06-08 13:51:45,442 [INFO] Lookup table found: /media/shyunc/DATA/KSpec/KSPEC_ICS/ADC/Simul/kspec_adc_controller/src/etc/ADC_lookup.csv (at adc_actions.py)
2026-06-08 13:51:45,443 [INFO] Interpolation function using pchip method created. (at adc_actions.py)
2026-06-08 13:52:03,837 [INFO] Connecting to devices. (at adc_actions.py)
2026-06-08 13:52:03,838 [INFO] Connection successful. (at adc_actions.py)
2026-06-08 15:34:30,147 [DEBUG] Initializing AdcActions class. (at adc_actions.py)
2026-06-08 15:34:30,148 [INFO] Lookup table found: /media/shyunc/DATA/KSpec/KSPEC_ICS/ADC/Simul/kspec_adc_controller/src/etc/ADC_lookup.csv (at adc_actions.py)
2026-06-08 15:34:30,148 [INFO] Interpolation function using pchip method created. (at adc_actions.py)
2026-06-08 15:34:42,559 [INFO] Connecting to devices. (at adc_actions.py)
2026-06-08 15:34:42,559 [INFO] Connection successful. (at adc_actions.py)
2026-06-08 15:35:06,275 [DEBUG] Converted -20.413977100655917 degrees to -918 counts. (at adc_actions.py)
2026-06-08 15:35:06,276 [DEBUG] Starting simultaneous move for motors 1 and 2 to position -918 with velocity 1. (at adc_actions.py)
2026-06-08 15:35:06,276 [INFO] Both motors moved successfully. (at adc_actions.py)
2026-06-08 15:36:06,292 [DEBUG] Converted -20.251980545514666 degrees to -911 counts. (at adc_actions.py)
2026-06-08 15:36:06,294 [DEBUG] Starting simultaneous move for motors 1 and 2 to position 7 with velocity 1. (at adc_actions.py)
2026-06-08 15:36:06,294 [INFO] Both motors moved successfully. (at adc_actions.py)
2026-06-08 15:36:37,769 [DEBUG] Stopping both motors simultaneously. (at adc_actions.py)
2026-06-08 15:36:37,769 [INFO] Both motors stopped successfully. (at adc_actions.py)
2026-06-08 15:36:45,349 [DEBUG] Moving motor 1 to position 234 with velocity 5. (at adc_actions.py)
2026-06-08 15:36:45,349 [INFO] Motor 1 moved successfully to position 234. (at adc_actions.py)
2026-06-08 15:37:00,651 [INFO] Starting parking operation. (at adc_actions.py)
2026-06-08 15:37:00,651 [DEBUG] Parking motors at predefined position. (at adc_actions.py)
2026-06-08 15:37:10,652 [INFO] Parking completed successfully. (at adc_actions.py)
2026-06-08 15:57:22,530 [DEBUG] Initializing AdcActions class. (at adc_actions.py)
2026-06-08 15:57:22,530 [INFO] Lookup table found: /media/shyunc/DATA/KSpec/KSPEC_ICS/ADC/Simul/kspec_adc_controller/src/etc/ADC_lookup.csv (at adc_actions.py)
2026-06-08 15:57:22,531 [INFO] Interpolation function using pchip method created. (at adc_actions.py)
2026-06-08 16:02:27,803 [INFO] Connecting to devices. (at adc_actions.py)
2026-06-08 16:02:27,804 [INFO] Connection successful. (at adc_actions.py)
2026-06-08 16:02:44,025 [DEBUG] Converted -17.39969913190156 degrees to -782 counts. (at adc_actions.py)
2026-06-08 16:02:44,026 [DEBUG] Starting simultaneous move for motors 1 and 2 to position -782 with velocity 1. (at adc_actions.py)
2026-06-08 16:02:44,026 [INFO] Both motors moved successfully. (at adc_actions.py)
2026-06-08 16:02:45,932 [DEBUG] Stopping both motors simultaneously. (at adc_actions.py)
2026-06-08 16:02:45,933 [INFO] Both motors stopped successfully. (at adc_actions.py)
2026-06-08 16:02:58,972 [DEBUG] Moving motor 2 to position 234 with velocity 10. (at adc_actions.py)
2026-06-08 16:02:58,972 [INFO] Motor 2 moved successfully to position 234. (at adc_actions.py)
2026-06-08 16:03:17,627 [INFO] Starting parking operation. (at adc_actions.py)
2026-06-08 16:03:17,627 [DEBUG] Parking motors at predefined position. (at adc_actions.py)
2026-06-08 16:03:27,628 [INFO] Parking completed successfully. (at adc_actions.py)
2026-06-08 16:03:28,626 [WARNING] Requested velocity (10 RPM) exceeds the limit of 5 RPM. Setting velocity to 5 RPM. (at adc_actions.py)
2026-06-08 16:03:28,626 [INFO] Starting zeroing operation with velocity 5 RPM. (at adc_actions.py)
2026-06-08 16:03:28,627 [DEBUG] Initiating homing as part of zeroing. (at adc_actions.py)
2026-06-08 16:03:38,629 [INFO] Zeroing operation completed successfully. (at adc_actions.py)
2026-06-08 16:03:48,766 [INFO] Starting zeroing operation with velocity 5 RPM. (at adc_actions.py)
2026-06-08 16:03:48,767 [DEBUG] Initiating homing as part of zeroing. (at adc_actions.py)
2026-06-08 16:03:58,768 [INFO] Zeroing operation completed successfully. (at adc_actions.py)
2026-06-08 16:05:39,350 [INFO] Starting homing operation. (at adc_actions.py)
2026-06-08 16:05:39,350 [DEBUG] Calling homing method on controller. (at adc_actions.py)
2026-06-08 16:05:49,351 [INFO] Homing completed successfully. (at adc_actions.py)
2026-06-08 16:27:02,722 [DEBUG] Initializing AdcActions class. (at adc_actions.py)
2026-06-08 16:27:02,722 [INFO] Lookup table found: /media/shyunc/DATA/KSpec/KSPEC_ICS/ADC/Simul/kspec_adc_controller/src/etc/ADC_lookup.csv (at adc_actions.py)
2026-06-08 16:27:02,723 [INFO] Interpolation function using pchip method created. (at adc_actions.py)
2026-06-08 16:27:16,338 [INFO] Connecting to devices. (at adc_actions.py)
2026-06-08 16:27:16,338 [INFO] Connection successful. (at adc_actions.py)
2026-06-08 16:27:38,863 [DEBUG] Converted -24.21123606096383 degrees to -1089 counts. (at adc_actions.py)
2026-06-08 16:27:38,864 [DEBUG] Starting simultaneous move for motors 1 and 2 to position -1089 with velocity 1. (at adc_actions.py)
2026-06-08 16:27:38,864 [INFO] Both motors moved successfully. (at adc_actions.py)
2026-06-08 16:28:14,321 [DEBUG] Stopping both motors simultaneously. (at adc_actions.py)
2026-06-08 16:28:14,322 [INFO] Both motors stopped successfully. (at adc_actions.py)
