2026-03-17 13:47:40,220 [DEBUG] Initializing AdcActions class. (at adc_actions.py)
2026-03-17 13:47:40,221 [INFO] Lookup table found: /media/shyunc/DATA/KSpec/KSPEC_ICS/ADC/Simul/kspec_adc_controller/src/etc/ADC_lookup.csv (at adc_actions.py)
2026-03-17 13:47:40,221 [INFO] Interpolation function using pchip method created. (at adc_actions.py)
2026-03-17 13:48:02,052 [INFO] Connecting to devices. (at adc_actions.py)
2026-03-17 13:48:02,052 [INFO] Connection successful. (at adc_actions.py)
2026-03-17 13:48:04,054 [INFO] Starting homing operation. (at adc_actions.py)
2026-03-17 13:48:04,054 [DEBUG] Calling homing method on controller. (at adc_actions.py)
2026-03-17 13:48:14,057 [INFO] Homing completed successfully. (at adc_actions.py)
2026-03-17 13:48:16,053 [INFO] Starting zeroing operation with velocity 4 RPM. (at adc_actions.py)
2026-03-17 13:48:16,054 [DEBUG] Initiating homing as part of zeroing. (at adc_actions.py)
2026-03-17 13:48:26,056 [INFO] Zeroing operation completed successfully. (at adc_actions.py)
2026-03-17 13:48:28,052 [INFO] Retrieving status for motor 0. (at adc_actions.py)
2026-03-17 13:48:28,052 [INFO] Motor 0 status: $$$$$ (at adc_actions.py)
2026-03-17 14:10:37,049 [INFO] Connecting to devices. (at adc_actions.py)
2026-03-17 14:10:37,050 [INFO] Connection successful. (at adc_actions.py)
2026-03-17 14:10:39,050 [INFO] Starting homing operation. (at adc_actions.py)
2026-03-17 14:10:39,051 [DEBUG] Calling homing method on controller. (at adc_actions.py)
2026-03-17 14:10:49,053 [INFO] Homing completed successfully. (at adc_actions.py)
2026-03-17 14:10:51,051 [INFO] Starting zeroing operation with velocity 4 RPM. (at adc_actions.py)
2026-03-17 14:10:51,052 [DEBUG] Initiating homing as part of zeroing. (at adc_actions.py)
2026-03-17 14:11:01,053 [INFO] Zeroing operation completed successfully. (at adc_actions.py)
2026-03-17 14:11:03,049 [INFO] Retrieving status for motor 0. (at adc_actions.py)
2026-03-17 14:11:03,050 [INFO] Motor 0 status: $$$$$ (at adc_actions.py)
2026-03-17 14:13:10,049 [INFO] Connecting to devices. (at adc_actions.py)
2026-03-17 14:13:10,050 [INFO] Connection successful. (at adc_actions.py)
2026-03-17 14:13:12,050 [INFO] Starting homing operation. (at adc_actions.py)
2026-03-17 14:13:12,051 [DEBUG] Calling homing method on controller. (at adc_actions.py)
2026-03-17 14:13:22,053 [INFO] Homing completed successfully. (at adc_actions.py)
2026-03-17 14:13:24,051 [INFO] Starting zeroing operation with velocity 4 RPM. (at adc_actions.py)
2026-03-17 14:13:24,052 [DEBUG] Initiating homing as part of zeroing. (at adc_actions.py)
2026-03-17 14:13:34,054 [INFO] Zeroing operation completed successfully. (at adc_actions.py)
2026-03-17 14:13:36,049 [INFO] Retrieving status for motor 0. (at adc_actions.py)
2026-03-17 14:13:36,049 [INFO] Motor 0 status: $$$$$ (at adc_actions.py)
2026-03-17 14:15:47,848 [DEBUG] Converted -2.877428366465942 degrees to -129 counts. (at adc_actions.py)
2026-03-17 14:15:47,849 [DEBUG] Starting simultaneous move for motors 1 and 2 to position -129 with velocity 1. (at adc_actions.py)
2026-03-17 14:15:47,849 [INFO] Both motors moved successfully. (at adc_actions.py)
2026-03-17 14:16:37,217 [DEBUG] Stopping both motors simultaneously. (at adc_actions.py)
2026-03-17 14:16:37,218 [INFO] Both motors stopped successfully. (at adc_actions.py)
2026-03-17 14:22:12,051 [INFO] Connecting to devices. (at adc_actions.py)
2026-03-17 14:22:12,052 [INFO] Connection successful. (at adc_actions.py)
2026-03-17 14:22:14,052 [INFO] Starting homing operation. (at adc_actions.py)
2026-03-17 14:22:14,052 [DEBUG] Calling homing method on controller. (at adc_actions.py)
2026-03-17 14:22:24,053 [INFO] Homing completed successfully. (at adc_actions.py)
2026-03-17 14:22:26,054 [INFO] Starting zeroing operation with velocity 4 RPM. (at adc_actions.py)
2026-03-17 14:22:26,055 [DEBUG] Initiating homing as part of zeroing. (at adc_actions.py)
2026-03-17 14:22:36,056 [INFO] Zeroing operation completed successfully. (at adc_actions.py)
2026-03-17 14:22:38,047 [INFO] Retrieving status for motor 0. (at adc_actions.py)
2026-03-17 14:22:38,048 [INFO] Motor 0 status: $$$$$ (at adc_actions.py)
2026-03-17 14:23:02,562 [DEBUG] Converted -4.215335987902101 degrees to -189 counts. (at adc_actions.py)
2026-03-17 14:23:02,563 [DEBUG] Starting simultaneous move for motors 1 and 2 to position -189 with velocity 1. (at adc_actions.py)
2026-03-17 14:23:02,563 [INFO] Both motors moved successfully. (at adc_actions.py)
2026-03-17 14:24:02,587 [DEBUG] Converted -4.400255339451881 degrees to -198 counts. (at adc_actions.py)
2026-03-17 14:24:02,588 [DEBUG] Starting simultaneous move for motors 1 and 2 to position -9 with velocity 1. (at adc_actions.py)
2026-03-17 14:24:02,588 [INFO] Both motors moved successfully. (at adc_actions.py)
2026-03-17 14:24:05,004 [DEBUG] Stopping both motors simultaneously. (at adc_actions.py)
2026-03-17 14:24:05,004 [INFO] Both motors stopped successfully. (at adc_actions.py)
2026-03-17 14:36:55,046 [INFO] Connecting to devices. (at adc_actions.py)
2026-03-17 14:36:55,047 [INFO] Connection successful. (at adc_actions.py)
2026-03-17 14:36:57,051 [INFO] Starting homing operation. (at adc_actions.py)
2026-03-17 14:36:57,051 [DEBUG] Calling homing method on controller. (at adc_actions.py)
2026-03-17 14:37:07,053 [INFO] Homing completed successfully. (at adc_actions.py)
2026-03-17 14:37:09,051 [INFO] Starting zeroing operation with velocity 4 RPM. (at adc_actions.py)
2026-03-17 14:37:09,052 [DEBUG] Initiating homing as part of zeroing. (at adc_actions.py)
2026-03-17 14:37:19,054 [INFO] Zeroing operation completed successfully. (at adc_actions.py)
2026-03-17 14:37:21,049 [INFO] Retrieving status for motor 0. (at adc_actions.py)
2026-03-17 14:37:21,050 [INFO] Motor 0 status: $$$$$ (at adc_actions.py)
2026-03-17 14:40:16,588 [DEBUG] Converted -7.397459891125237 degrees to -332 counts. (at adc_actions.py)
2026-03-17 14:40:16,589 [DEBUG] Starting simultaneous move for motors 1 and 2 to position -332 with velocity 1. (at adc_actions.py)
2026-03-17 14:40:16,589 [INFO] Both motors moved successfully. (at adc_actions.py)
2026-03-17 14:41:16,613 [DEBUG] Converted -7.585113795340537 degrees to -341 counts. (at adc_actions.py)
2026-03-17 14:41:16,614 [DEBUG] Starting simultaneous move for motors 1 and 2 to position -9 with velocity 1. (at adc_actions.py)
2026-03-17 14:41:16,614 [INFO] Both motors moved successfully. (at adc_actions.py)
2026-03-17 14:42:12,296 [DEBUG] Stopping both motors simultaneously. (at adc_actions.py)
2026-03-17 14:42:12,297 [INFO] Both motors stopped successfully. (at adc_actions.py)
2026-03-17 15:10:42,537 [INFO] Connecting to devices. (at adc_actions.py)
2026-03-17 15:10:42,538 [INFO] Connection successful. (at adc_actions.py)
2026-03-17 15:10:44,551 [INFO] Starting homing operation. (at adc_actions.py)
2026-03-17 15:10:44,552 [DEBUG] Calling homing method on controller. (at adc_actions.py)
2026-03-17 15:10:54,554 [INFO] Homing completed successfully. (at adc_actions.py)
2026-03-17 15:10:56,550 [INFO] Starting zeroing operation with velocity 4 RPM. (at adc_actions.py)
2026-03-17 15:10:56,551 [DEBUG] Initiating homing as part of zeroing. (at adc_actions.py)
2026-03-17 15:11:06,553 [INFO] Zeroing operation completed successfully. (at adc_actions.py)
2026-03-17 15:11:08,549 [INFO] Retrieving status for motor 0. (at adc_actions.py)
2026-03-17 15:11:08,550 [INFO] Motor 0 status: $$$$$ (at adc_actions.py)
2026-03-17 15:13:41,530 [DEBUG] Converted -14.050311334296172 degrees to -632 counts. (at adc_actions.py)
2026-03-17 15:13:41,531 [DEBUG] Starting simultaneous move for motors 1 and 2 to position -632 with velocity 1. (at adc_actions.py)
2026-03-17 15:13:41,531 [INFO] Both motors moved successfully. (at adc_actions.py)
2026-03-17 15:14:41,543 [DEBUG] Converted -14.264139481346172 degrees to -641 counts. (at adc_actions.py)
2026-03-17 15:14:41,544 [DEBUG] Starting simultaneous move for motors 1 and 2 to position -9 with velocity 1. (at adc_actions.py)
2026-03-17 15:14:41,545 [INFO] Both motors moved successfully. (at adc_actions.py)
2026-03-17 15:15:41,556 [DEBUG] Converted -14.479406322202355 degrees to -651 counts. (at adc_actions.py)
2026-03-17 15:15:41,558 [DEBUG] Starting simultaneous move for motors 1 and 2 to position -10 with velocity 1. (at adc_actions.py)
2026-03-17 15:15:41,558 [INFO] Both motors moved successfully. (at adc_actions.py)
2026-03-17 15:15:52,481 [DEBUG] Stopping both motors simultaneously. (at adc_actions.py)
2026-03-17 15:15:52,482 [INFO] Both motors stopped successfully. (at adc_actions.py)
2026-03-17 15:56:27,550 [INFO] Connecting to devices. (at adc_actions.py)
2026-03-17 15:56:27,550 [INFO] Connection successful. (at adc_actions.py)
2026-03-17 15:56:29,551 [INFO] Starting homing operation. (at adc_actions.py)
2026-03-17 15:56:29,551 [DEBUG] Calling homing method on controller. (at adc_actions.py)
2026-03-17 15:56:39,553 [INFO] Homing completed successfully. (at adc_actions.py)
2026-03-17 15:56:41,550 [INFO] Starting zeroing operation with velocity 4 RPM. (at adc_actions.py)
2026-03-17 15:56:41,551 [DEBUG] Initiating homing as part of zeroing. (at adc_actions.py)
2026-03-17 15:56:51,553 [INFO] Zeroing operation completed successfully. (at adc_actions.py)
2026-03-17 15:56:53,549 [INFO] Retrieving status for motor 0. (at adc_actions.py)
2026-03-17 15:56:53,550 [INFO] Motor 0 status: $$$$$ (at adc_actions.py)
2026-03-17 15:57:14,661 [DEBUG] Converted -22.35402825241556 degrees to -1005 counts. (at adc_actions.py)
2026-03-17 15:57:14,662 [DEBUG] Starting simultaneous move for motors 1 and 2 to position -1005 with velocity 1. (at adc_actions.py)
2026-03-17 15:57:14,662 [INFO] Both motors moved successfully. (at adc_actions.py)
2026-03-17 15:57:23,618 [DEBUG] Stopping both motors simultaneously. (at adc_actions.py)
2026-03-17 15:57:23,619 [INFO] Both motors stopped successfully. (at adc_actions.py)
2026-03-17 15:58:30,552 [INFO] Connecting to devices. (at adc_actions.py)
2026-03-17 15:58:30,553 [INFO] Connection successful. (at adc_actions.py)
2026-03-17 15:58:32,554 [INFO] Starting homing operation. (at adc_actions.py)
2026-03-17 15:58:32,554 [DEBUG] Calling homing method on controller. (at adc_actions.py)
2026-03-17 15:58:42,556 [INFO] Homing completed successfully. (at adc_actions.py)
2026-03-17 15:58:44,554 [INFO] Starting zeroing operation with velocity 4 RPM. (at adc_actions.py)
2026-03-17 15:58:44,554 [DEBUG] Initiating homing as part of zeroing. (at adc_actions.py)
2026-03-17 15:58:54,556 [INFO] Zeroing operation completed successfully. (at adc_actions.py)
2026-03-17 15:58:56,552 [INFO] Retrieving status for motor 0. (at adc_actions.py)
2026-03-17 15:58:56,552 [INFO] Motor 0 status: $$$$$ (at adc_actions.py)
2026-03-17 15:59:28,558 [DEBUG] Converted -22.840550177017192 degrees to -1027 counts. (at adc_actions.py)
2026-03-17 15:59:28,560 [DEBUG] Starting simultaneous move for motors 1 and 2 to position -1027 with velocity 1. (at adc_actions.py)
2026-03-17 15:59:28,560 [INFO] Both motors moved successfully. (at adc_actions.py)
2026-03-17 15:59:43,902 [DEBUG] Stopping both motors simultaneously. (at adc_actions.py)
2026-03-17 15:59:43,903 [INFO] Both motors stopped successfully. (at adc_actions.py)
2026-03-17 16:25:37,010 [INFO] Connecting to devices. (at adc_actions.py)
2026-03-17 16:25:37,010 [INFO] Connection successful. (at adc_actions.py)
2026-03-17 16:25:39,050 [INFO] Starting homing operation. (at adc_actions.py)
2026-03-17 16:25:39,051 [DEBUG] Calling homing method on controller. (at adc_actions.py)
2026-03-17 16:25:49,053 [INFO] Homing completed successfully. (at adc_actions.py)
2026-03-17 16:25:51,046 [INFO] Starting zeroing operation with velocity 4 RPM. (at adc_actions.py)
2026-03-17 16:25:51,047 [DEBUG] Initiating homing as part of zeroing. (at adc_actions.py)
2026-03-17 16:26:01,049 [INFO] Zeroing operation completed successfully. (at adc_actions.py)
2026-03-17 16:26:03,049 [INFO] Retrieving status for motor 0. (at adc_actions.py)
2026-03-17 16:26:03,050 [INFO] Motor 0 status: $$$$$ (at adc_actions.py)
2026-03-17 16:26:30,642 [DEBUG] Converted -29.362012019379847 degrees to -1321 counts. (at adc_actions.py)
2026-03-17 16:26:30,643 [DEBUG] Starting simultaneous move for motors 1 and 2 to position -1321 with velocity 1. (at adc_actions.py)
2026-03-17 16:26:30,643 [INFO] Both motors moved successfully. (at adc_actions.py)
2026-03-17 16:27:30,651 [DEBUG] Converted -29.530009185070224 degrees to -1328 counts. (at adc_actions.py)
2026-03-17 16:27:30,652 [DEBUG] Starting simultaneous move for motors 1 and 2 to position -7 with velocity 1. (at adc_actions.py)
2026-03-17 16:27:30,652 [INFO] Both motors moved successfully. (at adc_actions.py)
2026-03-17 16:27:34,173 [DEBUG] Stopping both motors simultaneously. (at adc_actions.py)
2026-03-17 16:27:34,173 [INFO] Both motors stopped successfully. (at adc_actions.py)
2026-03-17 16:36:08,549 [INFO] Connecting to devices. (at adc_actions.py)
2026-03-17 16:36:08,550 [INFO] Connection successful. (at adc_actions.py)
2026-03-17 16:36:10,551 [INFO] Starting homing operation. (at adc_actions.py)
2026-03-17 16:36:10,551 [DEBUG] Calling homing method on controller. (at adc_actions.py)
2026-03-17 16:36:20,554 [INFO] Homing completed successfully. (at adc_actions.py)
2026-03-17 16:36:22,551 [INFO] Starting zeroing operation with velocity 4 RPM. (at adc_actions.py)
2026-03-17 16:36:22,551 [DEBUG] Initiating homing as part of zeroing. (at adc_actions.py)
2026-03-17 16:36:32,553 [INFO] Zeroing operation completed successfully. (at adc_actions.py)
2026-03-17 16:36:34,549 [INFO] Retrieving status for motor 0. (at adc_actions.py)
2026-03-17 16:36:34,550 [INFO] Motor 0 status: $$$$$ (at adc_actions.py)
2026-03-17 16:37:03,628 [DEBUG] Converted -31.02829385897375 degrees to -1396 counts. (at adc_actions.py)
2026-03-17 16:37:03,629 [DEBUG] Starting simultaneous move for motors 1 and 2 to position -1396 with velocity 1. (at adc_actions.py)
2026-03-17 16:37:03,629 [INFO] Both motors moved successfully. (at adc_actions.py)
2026-03-17 16:37:45,706 [DEBUG] Stopping both motors simultaneously. (at adc_actions.py)
2026-03-17 16:37:45,706 [INFO] Both motors stopped successfully. (at adc_actions.py)
2026-03-17 16:40:03,549 [INFO] Connecting to devices. (at adc_actions.py)
2026-03-17 16:40:03,550 [INFO] Connection successful. (at adc_actions.py)
2026-03-17 16:40:05,551 [INFO] Starting homing operation. (at adc_actions.py)
2026-03-17 16:40:05,551 [DEBUG] Calling homing method on controller. (at adc_actions.py)
2026-03-17 16:40:15,553 [INFO] Homing completed successfully. (at adc_actions.py)
2026-03-17 16:40:17,551 [INFO] Starting zeroing operation with velocity 4 RPM. (at adc_actions.py)
2026-03-17 16:40:17,552 [DEBUG] Initiating homing as part of zeroing. (at adc_actions.py)
2026-03-17 16:40:27,554 [INFO] Zeroing operation completed successfully. (at adc_actions.py)
2026-03-17 16:40:29,549 [INFO] Retrieving status for motor 0. (at adc_actions.py)
2026-03-17 16:40:29,550 [INFO] Motor 0 status: $$$$$ (at adc_actions.py)
2026-03-17 16:42:10,076 [DEBUG] Converted -31.85086951149682 degrees to -1433 counts. (at adc_actions.py)
2026-03-17 16:42:10,077 [DEBUG] Starting simultaneous move for motors 1 and 2 to position -1433 with velocity 1. (at adc_actions.py)
2026-03-17 16:42:10,077 [INFO] Both motors moved successfully. (at adc_actions.py)
2026-03-17 16:42:56,193 [DEBUG] Stopping both motors simultaneously. (at adc_actions.py)
2026-03-17 16:42:56,194 [INFO] Both motors stopped successfully. (at adc_actions.py)
2026-03-17 16:50:03,549 [INFO] Connecting to devices. (at adc_actions.py)
2026-03-17 16:50:03,550 [INFO] Connection successful. (at adc_actions.py)
2026-03-17 16:50:05,551 [INFO] Starting homing operation. (at adc_actions.py)
2026-03-17 16:50:05,551 [DEBUG] Calling homing method on controller. (at adc_actions.py)
2026-03-17 16:50:15,553 [INFO] Homing completed successfully. (at adc_actions.py)
2026-03-17 16:50:17,551 [INFO] Starting zeroing operation with velocity 4 RPM. (at adc_actions.py)
2026-03-17 16:50:17,552 [DEBUG] Initiating homing as part of zeroing. (at adc_actions.py)
2026-03-17 16:50:27,554 [INFO] Zeroing operation completed successfully. (at adc_actions.py)
2026-03-17 16:50:29,549 [INFO] Retrieving status for motor 0. (at adc_actions.py)
2026-03-17 16:50:29,550 [INFO] Motor 0 status: $$$$$ (at adc_actions.py)
2026-03-17 16:51:13,066 [DEBUG] Converted -33.489673913453174 degrees to -1507 counts. (at adc_actions.py)
2026-03-17 16:51:13,067 [DEBUG] Starting simultaneous move for motors 1 and 2 to position -1507 with velocity 1. (at adc_actions.py)
2026-03-17 16:51:13,067 [INFO] Both motors moved successfully. (at adc_actions.py)
2026-03-17 16:52:06,074 [DEBUG] Stopping both motors simultaneously. (at adc_actions.py)
2026-03-17 16:52:06,075 [INFO] Both motors stopped successfully. (at adc_actions.py)
2026-03-17 17:05:37,049 [INFO] Connecting to devices. (at adc_actions.py)
2026-03-17 17:05:37,050 [INFO] Connection successful. (at adc_actions.py)
2026-03-17 17:05:39,051 [INFO] Starting homing operation. (at adc_actions.py)
2026-03-17 17:05:39,052 [DEBUG] Calling homing method on controller. (at adc_actions.py)
2026-03-17 17:05:49,053 [INFO] Homing completed successfully. (at adc_actions.py)
2026-03-17 17:05:51,050 [INFO] Starting zeroing operation with velocity 4 RPM. (at adc_actions.py)
2026-03-17 17:05:51,051 [DEBUG] Initiating homing as part of zeroing. (at adc_actions.py)
2026-03-17 17:06:01,052 [INFO] Zeroing operation completed successfully. (at adc_actions.py)
2026-03-17 17:06:03,049 [INFO] Retrieving status for motor 0. (at adc_actions.py)
2026-03-17 17:06:03,050 [INFO] Motor 0 status: $$$$$ (at adc_actions.py)
2026-03-17 17:06:25,070 [DEBUG] Converted -36.51606471699774 degrees to -1643 counts. (at adc_actions.py)
2026-03-17 17:06:25,071 [DEBUG] Starting simultaneous move for motors 1 and 2 to position -1643 with velocity 1. (at adc_actions.py)
2026-03-17 17:06:25,071 [INFO] Both motors moved successfully. (at adc_actions.py)
2026-03-17 17:07:25,094 [DEBUG] Converted -36.72952110654866 degrees to -1652 counts. (at adc_actions.py)
2026-03-17 17:07:25,095 [DEBUG] Starting simultaneous move for motors 1 and 2 to position -9 with velocity 1. (at adc_actions.py)
2026-03-17 17:07:25,095 [INFO] Both motors moved successfully. (at adc_actions.py)
2026-03-17 17:07:56,153 [DEBUG] Stopping both motors simultaneously. (at adc_actions.py)
2026-03-17 17:07:56,154 [INFO] Both motors stopped successfully. (at adc_actions.py)
2026-03-18 10:48:35,052 [INFO] Connecting to devices. (at adc_actions.py)
2026-03-18 10:48:35,053 [INFO] Connection successful. (at adc_actions.py)
2026-03-18 10:48:37,053 [INFO] Starting homing operation. (at adc_actions.py)
2026-03-18 10:48:37,054 [DEBUG] Calling homing method on controller. (at adc_actions.py)
2026-03-18 10:48:47,056 [INFO] Homing completed successfully. (at adc_actions.py)
2026-03-18 10:48:49,053 [INFO] Starting zeroing operation with velocity 4 RPM. (at adc_actions.py)
2026-03-18 10:48:49,054 [DEBUG] Initiating homing as part of zeroing. (at adc_actions.py)
2026-03-18 10:48:59,056 [INFO] Zeroing operation completed successfully. (at adc_actions.py)
2026-03-18 10:49:01,051 [INFO] Retrieving status for motor 0. (at adc_actions.py)
2026-03-18 10:49:01,052 [INFO] Motor 0 status: $$$$$ (at adc_actions.py)
2026-03-18 11:34:14,049 [INFO] Connecting to devices. (at adc_actions.py)
2026-03-18 11:34:14,050 [INFO] Connection successful. (at adc_actions.py)
2026-03-18 11:34:16,051 [INFO] Starting homing operation. (at adc_actions.py)
2026-03-18 11:34:16,051 [DEBUG] Calling homing method on controller. (at adc_actions.py)
2026-03-18 11:34:26,054 [INFO] Homing completed successfully. (at adc_actions.py)
2026-03-18 11:34:28,051 [INFO] Starting zeroing operation with velocity 4 RPM. (at adc_actions.py)
2026-03-18 11:34:28,052 [DEBUG] Initiating homing as part of zeroing. (at adc_actions.py)
2026-03-18 11:34:38,054 [INFO] Zeroing operation completed successfully. (at adc_actions.py)
2026-03-18 11:34:40,049 [INFO] Retrieving status for motor 0. (at adc_actions.py)
2026-03-18 11:34:40,049 [INFO] Motor 0 status: $$$$$ (at adc_actions.py)
2026-03-18 11:36:07,951 [DEBUG] Converted -28.18601557098794 degrees to -1268 counts. (at adc_actions.py)
2026-03-18 11:36:07,952 [DEBUG] Starting simultaneous move for motors 1 and 2 to position -1268 with velocity 1. (at adc_actions.py)
2026-03-18 11:36:07,952 [INFO] Both motors moved successfully. (at adc_actions.py)
2026-03-18 11:37:07,978 [DEBUG] Converted -27.970586029070788 degrees to -1258 counts. (at adc_actions.py)
2026-03-18 11:37:07,979 [DEBUG] Starting simultaneous move for motors 1 and 2 to position 10 with velocity 1. (at adc_actions.py)
2026-03-18 11:37:07,980 [INFO] Both motors moved successfully. (at adc_actions.py)
2026-03-18 11:37:12,530 [DEBUG] Stopping both motors simultaneously. (at adc_actions.py)
2026-03-18 11:37:12,531 [INFO] Both motors stopped successfully. (at adc_actions.py)
2026-03-18 11:50:11,049 [INFO] Connecting to devices. (at adc_actions.py)
2026-03-18 11:50:11,050 [INFO] Connection successful. (at adc_actions.py)
2026-03-18 11:50:13,051 [INFO] Starting homing operation. (at adc_actions.py)
2026-03-18 11:50:13,051 [DEBUG] Calling homing method on controller. (at adc_actions.py)
2026-03-18 11:50:23,054 [INFO] Homing completed successfully. (at adc_actions.py)
2026-03-18 11:50:25,051 [INFO] Starting zeroing operation with velocity 4 RPM. (at adc_actions.py)
2026-03-18 11:50:25,051 [DEBUG] Initiating homing as part of zeroing. (at adc_actions.py)
2026-03-18 11:50:35,054 [INFO] Zeroing operation completed successfully. (at adc_actions.py)
2026-03-18 11:50:37,050 [INFO] Retrieving status for motor 0. (at adc_actions.py)
2026-03-18 11:50:37,050 [INFO] Motor 0 status: $$$$$ (at adc_actions.py)
2026-03-18 11:52:12,564 [DEBUG] Converted -24.00126865415945 degrees to -1080 counts. (at adc_actions.py)
2026-03-18 11:52:12,565 [DEBUG] Starting simultaneous move for motors 1 and 2 to position -1080 with velocity 1. (at adc_actions.py)
2026-03-18 11:52:12,565 [INFO] Both motors moved successfully. (at adc_actions.py)
2026-03-18 11:53:12,576 [DEBUG] Converted -23.738603681841102 degrees to -1068 counts. (at adc_actions.py)
2026-03-18 11:53:12,578 [DEBUG] Starting simultaneous move for motors 1 and 2 to position 12 with velocity 1. (at adc_actions.py)
2026-03-18 11:53:12,578 [INFO] Both motors moved successfully. (at adc_actions.py)
2026-03-18 11:53:37,445 [DEBUG] Stopping both motors simultaneously. (at adc_actions.py)
2026-03-18 11:53:37,446 [INFO] Both motors stopped successfully. (at adc_actions.py)
2026-03-18 14:43:57,052 [INFO] Connecting to devices. (at adc_actions.py)
2026-03-18 14:43:57,053 [INFO] Connection successful. (at adc_actions.py)
2026-03-18 14:43:59,054 [INFO] Starting homing operation. (at adc_actions.py)
2026-03-18 14:43:59,054 [DEBUG] Calling homing method on controller. (at adc_actions.py)
2026-03-18 14:44:09,057 [INFO] Homing completed successfully. (at adc_actions.py)
2026-03-18 14:44:11,054 [INFO] Starting zeroing operation with velocity 4 RPM. (at adc_actions.py)
2026-03-18 14:44:11,054 [DEBUG] Initiating homing as part of zeroing. (at adc_actions.py)
2026-03-18 14:44:21,056 [INFO] Zeroing operation completed successfully. (at adc_actions.py)
2026-03-18 14:44:23,052 [INFO] Retrieving status for motor 0. (at adc_actions.py)
2026-03-18 14:44:23,052 [INFO] Motor 0 status: $$$$$ (at adc_actions.py)
2026-03-18 14:45:25,553 [DEBUG] Converted -9.131695185313058 degrees to -410 counts. (at adc_actions.py)
2026-03-18 14:45:25,554 [DEBUG] Starting simultaneous move for motors 1 and 2 to position -410 with velocity 1. (at adc_actions.py)
2026-03-18 14:45:25,554 [INFO] Both motors moved successfully. (at adc_actions.py)
2026-03-18 14:46:25,565 [DEBUG] Converted -9.326919105188882 degrees to -419 counts. (at adc_actions.py)
2026-03-18 14:46:25,567 [DEBUG] Starting simultaneous move for motors 1 and 2 to position -9 with velocity 1. (at adc_actions.py)
2026-03-18 14:46:25,567 [INFO] Both motors moved successfully. (at adc_actions.py)
2026-03-18 14:47:25,578 [DEBUG] Converted -9.522871324988753 degrees to -428 counts. (at adc_actions.py)
2026-03-18 14:47:25,579 [DEBUG] Starting simultaneous move for motors 1 and 2 to position -9 with velocity 1. (at adc_actions.py)
2026-03-18 14:47:25,579 [INFO] Both motors moved successfully. (at adc_actions.py)
2026-03-18 14:47:51,458 [DEBUG] Stopping both motors simultaneously. (at adc_actions.py)
2026-03-18 14:47:51,458 [INFO] Both motors stopped successfully. (at adc_actions.py)
2026-03-18 14:51:08,049 [INFO] Connecting to devices. (at adc_actions.py)
2026-03-18 14:51:08,050 [INFO] Connection successful. (at adc_actions.py)
2026-03-18 14:51:10,050 [INFO] Starting homing operation. (at adc_actions.py)
2026-03-18 14:51:10,051 [DEBUG] Calling homing method on controller. (at adc_actions.py)
2026-03-18 14:51:20,052 [INFO] Homing completed successfully. (at adc_actions.py)
2026-03-18 14:51:22,051 [INFO] Starting zeroing operation with velocity 4 RPM. (at adc_actions.py)
2026-03-18 14:51:22,051 [DEBUG] Initiating homing as part of zeroing. (at adc_actions.py)
2026-03-18 14:51:32,052 [INFO] Zeroing operation completed successfully. (at adc_actions.py)
2026-03-18 14:51:34,049 [INFO] Retrieving status for motor 0. (at adc_actions.py)
2026-03-18 14:51:34,050 [INFO] Motor 0 status: $$$$$ (at adc_actions.py)
2026-03-18 15:18:53,107 [INFO] Connecting to devices. (at adc_actions.py)
2026-03-18 15:18:53,107 [INFO] Connection successful. (at adc_actions.py)
2026-03-18 15:18:55,051 [INFO] Starting homing operation. (at adc_actions.py)
2026-03-18 15:18:55,053 [DEBUG] Calling homing method on controller. (at adc_actions.py)
2026-03-18 15:19:05,054 [INFO] Homing completed successfully. (at adc_actions.py)
2026-03-18 15:19:07,051 [INFO] Starting zeroing operation with velocity 4 RPM. (at adc_actions.py)
2026-03-18 15:19:07,051 [DEBUG] Initiating homing as part of zeroing. (at adc_actions.py)
2026-03-18 15:19:17,053 [INFO] Zeroing operation completed successfully. (at adc_actions.py)
2026-03-18 15:19:19,049 [INFO] Retrieving status for motor 0. (at adc_actions.py)
2026-03-18 15:19:19,050 [INFO] Motor 0 status: $$$$$ (at adc_actions.py)
2026-03-18 15:25:12,061 [DEBUG] Converted -17.369227520969364 degrees to -781 counts. (at adc_actions.py)
2026-03-18 15:25:12,062 [DEBUG] Starting simultaneous move for motors 1 and 2 to position -781 with velocity 1. (at adc_actions.py)
2026-03-18 15:25:12,062 [INFO] Both motors moved successfully. (at adc_actions.py)
2026-03-18 15:26:12,075 [DEBUG] Converted -17.57350492230558 degrees to -790 counts. (at adc_actions.py)
2026-03-18 15:26:12,076 [DEBUG] Starting simultaneous move for motors 1 and 2 to position -9 with velocity 1. (at adc_actions.py)
2026-03-18 15:26:12,076 [INFO] Both motors moved successfully. (at adc_actions.py)
2026-03-18 15:27:12,088 [DEBUG] Converted -17.774825555525883 degrees to -799 counts. (at adc_actions.py)
2026-03-18 15:27:12,089 [DEBUG] Starting simultaneous move for motors 1 and 2 to position -9 with velocity 1. (at adc_actions.py)
2026-03-18 15:27:12,089 [INFO] Both motors moved successfully. (at adc_actions.py)
2026-03-18 15:27:58,911 [DEBUG] Stopping both motors simultaneously. (at adc_actions.py)
2026-03-18 15:27:58,911 [INFO] Both motors stopped successfully. (at adc_actions.py)
2026-03-18 15:39:20,059 [INFO] Connecting to devices. (at adc_actions.py)
2026-03-18 15:39:20,059 [INFO] Connection successful. (at adc_actions.py)
2026-03-18 15:39:22,054 [INFO] Starting homing operation. (at adc_actions.py)
2026-03-18 15:39:22,054 [DEBUG] Calling homing method on controller. (at adc_actions.py)
2026-03-18 15:39:32,055 [INFO] Homing completed successfully. (at adc_actions.py)
2026-03-18 15:39:34,053 [INFO] Starting zeroing operation with velocity 4 RPM. (at adc_actions.py)
2026-03-18 15:39:34,054 [DEBUG] Initiating homing as part of zeroing. (at adc_actions.py)
2026-03-18 15:39:44,056 [INFO] Zeroing operation completed successfully. (at adc_actions.py)
2026-03-18 15:39:46,052 [INFO] Retrieving status for motor 0. (at adc_actions.py)
2026-03-18 15:39:46,052 [INFO] Motor 0 status: $$$$$ (at adc_actions.py)
2026-03-18 15:52:09,541 [DEBUG] Converted -22.12181665690836 degrees to -995 counts. (at adc_actions.py)
2026-03-18 15:52:09,541 [DEBUG] Starting simultaneous move for motors 1 and 2 to position -995 with velocity 1. (at adc_actions.py)
2026-03-18 15:52:09,542 [INFO] Both motors moved successfully. (at adc_actions.py)
2026-03-18 15:53:09,567 [DEBUG] Converted -22.322701293624572 degrees to -1004 counts. (at adc_actions.py)
2026-03-18 15:53:09,569 [DEBUG] Starting simultaneous move for motors 1 and 2 to position -9 with velocity 1. (at adc_actions.py)
2026-03-18 15:53:09,569 [INFO] Both motors moved successfully. (at adc_actions.py)
2026-03-18 15:54:09,595 [DEBUG] Converted -22.532107515380805 degrees to -1013 counts. (at adc_actions.py)
2026-03-18 15:54:09,596 [DEBUG] Starting simultaneous move for motors 1 and 2 to position -9 with velocity 1. (at adc_actions.py)
2026-03-18 15:54:09,597 [INFO] Both motors moved successfully. (at adc_actions.py)
2026-03-18 15:54:56,898 [DEBUG] Stopping both motors simultaneously. (at adc_actions.py)
2026-03-18 15:54:56,898 [INFO] Both motors stopped successfully. (at adc_actions.py)
2026-03-18 15:54:56,902 [INFO] Starting zeroing operation with velocity 2 RPM. (at adc_actions.py)
2026-03-18 15:54:56,902 [DEBUG] Initiating homing as part of zeroing. (at adc_actions.py)
2026-03-18 15:55:06,903 [INFO] Zeroing operation completed successfully. (at adc_actions.py)
2026-03-18 16:05:17,049 [INFO] Connecting to devices. (at adc_actions.py)
2026-03-18 16:05:17,050 [INFO] Connection successful. (at adc_actions.py)
2026-03-18 16:05:19,051 [INFO] Starting homing operation. (at adc_actions.py)
2026-03-18 16:05:19,052 [DEBUG] Calling homing method on controller. (at adc_actions.py)
2026-03-18 16:05:29,054 [INFO] Homing completed successfully. (at adc_actions.py)
2026-03-18 16:05:31,050 [INFO] Starting zeroing operation with velocity 4 RPM. (at adc_actions.py)
2026-03-18 16:05:31,051 [DEBUG] Initiating homing as part of zeroing. (at adc_actions.py)
2026-03-18 16:05:41,053 [INFO] Zeroing operation completed successfully. (at adc_actions.py)
2026-03-18 16:05:43,049 [INFO] Retrieving status for motor 0. (at adc_actions.py)
2026-03-18 16:05:43,049 [INFO] Motor 0 status: $$$$$ (at adc_actions.py)
2026-03-18 16:10:16,064 [DEBUG] Converted -26.750447967238237 degrees to -1203 counts. (at adc_actions.py)
2026-03-18 16:10:16,065 [DEBUG] Starting simultaneous move for motors 1 and 2 to position -1203 with velocity 1. (at adc_actions.py)
2026-03-18 16:10:16,065 [INFO] Both motors moved successfully. (at adc_actions.py)
2026-03-18 16:11:16,077 [DEBUG] Converted -27.009940225290478 degrees to -1215 counts. (at adc_actions.py)
2026-03-18 16:11:16,078 [DEBUG] Starting simultaneous move for motors 1 and 2 to position -12 with velocity 1. (at adc_actions.py)
2026-03-18 16:11:16,078 [INFO] Both motors moved successfully. (at adc_actions.py)
2026-03-18 16:12:16,089 [DEBUG] Converted -27.26273159616831 degrees to -1226 counts. (at adc_actions.py)
2026-03-18 16:12:16,090 [DEBUG] Starting simultaneous move for motors 1 and 2 to position -11 with velocity 1. (at adc_actions.py)
2026-03-18 16:12:16,090 [INFO] Both motors moved successfully. (at adc_actions.py)
2026-03-18 16:13:02,905 [DEBUG] Stopping both motors simultaneously. (at adc_actions.py)
2026-03-18 16:13:02,905 [INFO] Both motors stopped successfully. (at adc_actions.py)
2026-03-18 17:05:32,104 [INFO] Connecting to devices. (at adc_actions.py)
2026-03-18 17:05:32,105 [INFO] Connection successful. (at adc_actions.py)
2026-03-18 17:05:34,051 [INFO] Starting homing operation. (at adc_actions.py)
2026-03-18 17:05:34,051 [DEBUG] Calling homing method on controller. (at adc_actions.py)
2026-03-18 17:05:44,053 [INFO] Homing completed successfully. (at adc_actions.py)
2026-03-18 17:05:46,050 [INFO] Starting zeroing operation with velocity 4 RPM. (at adc_actions.py)
2026-03-18 17:05:46,051 [DEBUG] Initiating homing as part of zeroing. (at adc_actions.py)
2026-03-18 17:05:56,052 [INFO] Zeroing operation completed successfully. (at adc_actions.py)
2026-03-18 17:05:58,049 [INFO] Retrieving status for motor 0. (at adc_actions.py)
2026-03-18 17:05:58,050 [INFO] Motor 0 status: $$$$$ (at adc_actions.py)
