2025-12-24 15:45:24,368 [DEBUG] Initializing AdcActions class. (at adc_actions.py)
2025-12-24 15:45:24,369 [INFO] Lookup table found: /media/shyunc/DATA/KSpec/KSPEC_ICS/ADC/Simul/kspec_adc_controller/src/etc/ADC_lookup.csv (at adc_actions.py)
2025-12-24 15:45:24,369 [INFO] Interpolation function using pchip method created. (at adc_actions.py)
2025-12-24 15:48:45,257 [INFO] Connecting to devices. (at adc_actions.py)
2025-12-24 15:48:45,257 [INFO] Connection successful. (at adc_actions.py)
2025-12-24 15:48:45,263 [INFO] Starting homing operation. (at adc_actions.py)
2025-12-24 15:48:45,263 [DEBUG] Calling homing method on controller. (at adc_actions.py)
2025-12-24 15:48:55,265 [INFO] Homing completed successfully. (at adc_actions.py)
2025-12-24 15:48:55,283 [INFO] Starting zeroing operation with velocity 1 RPM. (at adc_actions.py)
2025-12-24 15:48:55,283 [DEBUG] Initiating homing as part of zeroing. (at adc_actions.py)
2025-12-24 15:49:05,285 [INFO] Zeroing operation completed successfully. (at adc_actions.py)
2025-12-24 15:49:05,299 [INFO] Retrieving status for motor 0. (at adc_actions.py)
2025-12-24 15:49:05,300 [INFO] Motor 0 status: $$$$$ (at adc_actions.py)
2025-12-24 16:00:17,057 [INFO] Connecting to devices. (at adc_actions.py)
2025-12-24 16:00:17,057 [INFO] Connection successful. (at adc_actions.py)
2025-12-24 16:00:17,062 [INFO] Starting homing operation. (at adc_actions.py)
2025-12-24 16:00:17,062 [DEBUG] Calling homing method on controller. (at adc_actions.py)
2025-12-24 16:00:27,064 [INFO] Homing completed successfully. (at adc_actions.py)
2025-12-24 16:00:27,082 [INFO] Starting zeroing operation with velocity 1 RPM. (at adc_actions.py)
2025-12-24 16:00:27,083 [DEBUG] Initiating homing as part of zeroing. (at adc_actions.py)
2025-12-24 16:00:37,085 [INFO] Zeroing operation completed successfully. (at adc_actions.py)
2025-12-24 16:00:37,090 [INFO] Retrieving status for motor 0. (at adc_actions.py)
2025-12-24 16:00:37,091 [INFO] Motor 0 status: $$$$$ (at adc_actions.py)
