2026-03-30 10:14:52,117 [DEBUG] Initializing AdcActions class. (at adc_actions.py)
2026-03-30 10:14:52,117 [INFO] Lookup table found: /media/shyunc/DATA/KSpec/KSPEC_ICS/ADC/Simul/kspec_adc_controller/src/etc/ADC_lookup.csv (at adc_actions.py)
2026-03-30 10:14:52,118 [INFO] Interpolation function using pchip method created. (at adc_actions.py)
2026-03-30 10:16:29,549 [INFO] Connecting to devices. (at adc_actions.py)
2026-03-30 10:16:29,550 [INFO] Connection successful. (at adc_actions.py)
2026-03-30 10:16:31,551 [INFO] Starting homing operation. (at adc_actions.py)
2026-03-30 10:16:31,551 [DEBUG] Calling homing method on controller. (at adc_actions.py)
2026-03-30 10:16:33,551 [INFO] Starting zeroing operation with velocity 4 RPM. (at adc_actions.py)
2026-03-30 10:16:33,552 [DEBUG] Initiating homing as part of zeroing. (at adc_actions.py)
2026-03-30 10:16:41,553 [INFO] Homing completed successfully. (at adc_actions.py)
2026-03-30 10:16:43,549 [INFO] Retrieving status for motor 0. (at adc_actions.py)
2026-03-30 10:16:43,550 [INFO] Motor 0 status: $$$$$ (at adc_actions.py)
2026-03-30 10:16:43,553 [INFO] Zeroing operation completed successfully. (at adc_actions.py)
2026-03-30 10:55:48,052 [INFO] Connecting to devices. (at adc_actions.py)
2026-03-30 10:55:48,053 [INFO] Connection successful. (at adc_actions.py)
2026-03-30 10:55:50,054 [INFO] Starting homing operation. (at adc_actions.py)
2026-03-30 10:55:50,054 [DEBUG] Calling homing method on controller. (at adc_actions.py)
2026-03-30 10:56:00,057 [INFO] Homing completed successfully. (at adc_actions.py)
2026-03-30 10:56:02,054 [INFO] Starting zeroing operation with velocity 4 RPM. (at adc_actions.py)
2026-03-30 10:56:02,055 [DEBUG] Initiating homing as part of zeroing. (at adc_actions.py)
2026-03-30 10:56:12,057 [INFO] Zeroing operation completed successfully. (at adc_actions.py)
2026-03-30 10:56:14,052 [INFO] Retrieving status for motor 0. (at adc_actions.py)
2026-03-30 10:56:14,053 [INFO] Motor 0 status: $$$$$ (at adc_actions.py)
2026-03-30 14:16:21,552 [INFO] Connecting to devices. (at adc_actions.py)
2026-03-30 14:16:21,552 [INFO] Connection successful. (at adc_actions.py)
2026-03-30 14:16:23,553 [INFO] Starting homing operation. (at adc_actions.py)
2026-03-30 14:16:23,554 [DEBUG] Calling homing method on controller. (at adc_actions.py)
2026-03-30 14:16:33,555 [INFO] Homing completed successfully. (at adc_actions.py)
2026-03-30 14:16:35,553 [INFO] Starting zeroing operation with velocity 4 RPM. (at adc_actions.py)
2026-03-30 14:16:35,554 [DEBUG] Initiating homing as part of zeroing. (at adc_actions.py)
2026-03-30 14:16:45,556 [INFO] Zeroing operation completed successfully. (at adc_actions.py)
2026-03-30 14:16:47,551 [INFO] Retrieving status for motor 0. (at adc_actions.py)
2026-03-30 14:16:47,552 [INFO] Motor 0 status: $$$$$ (at adc_actions.py)
2026-03-31 11:38:48,052 [INFO] Connecting to devices. (at adc_actions.py)
2026-03-31 11:38:48,052 [INFO] Connection successful. (at adc_actions.py)
2026-03-31 11:38:50,054 [INFO] Starting homing operation. (at adc_actions.py)
2026-03-31 11:38:50,054 [DEBUG] Calling homing method on controller. (at adc_actions.py)
2026-03-31 11:39:00,056 [INFO] Homing completed successfully. (at adc_actions.py)
2026-03-31 11:39:02,053 [INFO] Starting zeroing operation with velocity 4 RPM. (at adc_actions.py)
2026-03-31 11:39:02,054 [DEBUG] Initiating homing as part of zeroing. (at adc_actions.py)
2026-03-31 11:39:12,057 [INFO] Zeroing operation completed successfully. (at adc_actions.py)
2026-03-31 11:39:14,052 [INFO] Retrieving status for motor 0. (at adc_actions.py)
2026-03-31 11:39:14,053 [INFO] Motor 0 status: $$$$$ (at adc_actions.py)
2026-03-31 16:33:53,048 [INFO] Connecting to devices. (at adc_actions.py)
2026-03-31 16:33:53,049 [INFO] Connection successful. (at adc_actions.py)
2026-03-31 16:33:55,051 [INFO] Starting homing operation. (at adc_actions.py)
2026-03-31 16:33:55,051 [DEBUG] Calling homing method on controller. (at adc_actions.py)
2026-03-31 16:34:05,053 [INFO] Homing completed successfully. (at adc_actions.py)
2026-03-31 16:34:07,050 [INFO] Starting zeroing operation with velocity 4 RPM. (at adc_actions.py)
2026-03-31 16:34:07,051 [DEBUG] Initiating homing as part of zeroing. (at adc_actions.py)
2026-03-31 16:34:17,053 [INFO] Zeroing operation completed successfully. (at adc_actions.py)
2026-03-31 16:34:19,048 [INFO] Retrieving status for motor 0. (at adc_actions.py)
2026-03-31 16:34:19,049 [INFO] Motor 0 status: $$$$$ (at adc_actions.py)
2026-03-31 17:07:12,540 [INFO] Connecting to devices. (at adc_actions.py)
2026-03-31 17:07:12,541 [INFO] Connection successful. (at adc_actions.py)
2026-03-31 17:07:14,551 [INFO] Starting homing operation. (at adc_actions.py)
2026-03-31 17:07:14,551 [DEBUG] Calling homing method on controller. (at adc_actions.py)
2026-03-31 17:07:24,553 [INFO] Homing completed successfully. (at adc_actions.py)
2026-03-31 17:07:26,550 [INFO] Starting zeroing operation with velocity 4 RPM. (at adc_actions.py)
2026-03-31 17:07:26,551 [DEBUG] Initiating homing as part of zeroing. (at adc_actions.py)
2026-03-31 17:07:36,553 [INFO] Zeroing operation completed successfully. (at adc_actions.py)
2026-03-31 17:07:38,549 [INFO] Retrieving status for motor 0. (at adc_actions.py)
2026-03-31 17:07:38,549 [INFO] Motor 0 status: $$$$$ (at adc_actions.py)
2026-03-31 17:51:34,548 [INFO] Connecting to devices. (at adc_actions.py)
2026-03-31 17:51:34,548 [INFO] Connection successful. (at adc_actions.py)
2026-03-31 17:51:36,553 [INFO] Starting homing operation. (at adc_actions.py)
2026-03-31 17:51:36,554 [DEBUG] Calling homing method on controller. (at adc_actions.py)
2026-03-31 17:51:46,555 [INFO] Homing completed successfully. (at adc_actions.py)
2026-03-31 17:51:48,554 [INFO] Starting zeroing operation with velocity 4 RPM. (at adc_actions.py)
2026-03-31 17:51:48,555 [DEBUG] Initiating homing as part of zeroing. (at adc_actions.py)
2026-03-31 17:51:58,556 [INFO] Zeroing operation completed successfully. (at adc_actions.py)
2026-03-31 17:52:00,552 [INFO] Retrieving status for motor 0. (at adc_actions.py)
2026-03-31 17:52:00,553 [INFO] Motor 0 status: $$$$$ (at adc_actions.py)
2026-03-31 18:30:32,021 [INFO] Connecting to devices. (at adc_actions.py)
2026-03-31 18:30:32,022 [INFO] Connection successful. (at adc_actions.py)
2026-03-31 18:30:34,053 [INFO] Starting homing operation. (at adc_actions.py)
2026-03-31 18:30:34,054 [DEBUG] Calling homing method on controller. (at adc_actions.py)
2026-03-31 18:30:44,057 [INFO] Homing completed successfully. (at adc_actions.py)
2026-03-31 18:30:46,053 [INFO] Starting zeroing operation with velocity 4 RPM. (at adc_actions.py)
2026-03-31 18:30:46,054 [DEBUG] Initiating homing as part of zeroing. (at adc_actions.py)
2026-03-31 18:30:56,054 [INFO] Zeroing operation completed successfully. (at adc_actions.py)
2026-03-31 18:30:58,051 [INFO] Retrieving status for motor 0. (at adc_actions.py)
2026-03-31 18:30:58,052 [INFO] Motor 0 status: $$$$$ (at adc_actions.py)
2026-04-01 09:54:38,545 [INFO] Connecting to devices. (at adc_actions.py)
2026-04-01 09:54:38,546 [INFO] Connection successful. (at adc_actions.py)
2026-04-01 09:54:40,550 [INFO] Starting homing operation. (at adc_actions.py)
2026-04-01 09:54:40,551 [DEBUG] Calling homing method on controller. (at adc_actions.py)
2026-04-01 09:54:50,554 [INFO] Homing completed successfully. (at adc_actions.py)
2026-04-01 09:54:52,551 [INFO] Starting zeroing operation with velocity 4 RPM. (at adc_actions.py)
2026-04-01 09:54:52,551 [DEBUG] Initiating homing as part of zeroing. (at adc_actions.py)
2026-04-01 09:55:02,553 [INFO] Zeroing operation completed successfully. (at adc_actions.py)
2026-04-01 09:55:04,548 [INFO] Retrieving status for motor 0. (at adc_actions.py)
2026-04-01 09:55:04,549 [INFO] Motor 0 status: $$$$$ (at adc_actions.py)
2026-04-01 10:07:25,052 [INFO] Connecting to devices. (at adc_actions.py)
2026-04-01 10:07:25,052 [INFO] Connection successful. (at adc_actions.py)
2026-04-01 10:07:27,052 [INFO] Starting homing operation. (at adc_actions.py)
2026-04-01 10:07:27,053 [DEBUG] Calling homing method on controller. (at adc_actions.py)
2026-04-01 10:07:37,055 [INFO] Homing completed successfully. (at adc_actions.py)
2026-04-01 10:07:39,053 [INFO] Starting zeroing operation with velocity 4 RPM. (at adc_actions.py)
2026-04-01 10:07:39,054 [DEBUG] Initiating homing as part of zeroing. (at adc_actions.py)
2026-04-01 10:07:49,055 [INFO] Zeroing operation completed successfully. (at adc_actions.py)
2026-04-01 10:07:51,052 [INFO] Retrieving status for motor 0. (at adc_actions.py)
2026-04-01 10:07:51,052 [INFO] Motor 0 status: $$$$$ (at adc_actions.py)
2026-04-01 10:13:31,051 [INFO] Connecting to devices. (at adc_actions.py)
2026-04-01 10:13:31,052 [INFO] Connection successful. (at adc_actions.py)
2026-04-01 10:13:33,053 [INFO] Starting homing operation. (at adc_actions.py)
2026-04-01 10:13:33,054 [DEBUG] Calling homing method on controller. (at adc_actions.py)
2026-04-01 10:13:43,055 [INFO] Homing completed successfully. (at adc_actions.py)
2026-04-01 10:13:45,053 [INFO] Starting zeroing operation with velocity 4 RPM. (at adc_actions.py)
2026-04-01 10:13:45,053 [DEBUG] Initiating homing as part of zeroing. (at adc_actions.py)
2026-04-01 10:13:55,055 [INFO] Zeroing operation completed successfully. (at adc_actions.py)
2026-04-01 10:13:57,051 [INFO] Retrieving status for motor 0. (at adc_actions.py)
2026-04-01 10:13:57,052 [INFO] Motor 0 status: $$$$$ (at adc_actions.py)
2026-04-01 10:26:39,549 [INFO] Connecting to devices. (at adc_actions.py)
2026-04-01 10:26:39,550 [INFO] Connection successful. (at adc_actions.py)
2026-04-01 10:26:41,551 [INFO] Starting homing operation. (at adc_actions.py)
2026-04-01 10:26:41,551 [DEBUG] Calling homing method on controller. (at adc_actions.py)
2026-04-01 10:26:51,553 [INFO] Homing completed successfully. (at adc_actions.py)
2026-04-01 10:26:53,551 [INFO] Starting zeroing operation with velocity 4 RPM. (at adc_actions.py)
2026-04-01 10:26:53,551 [DEBUG] Initiating homing as part of zeroing. (at adc_actions.py)
2026-04-01 10:27:03,553 [INFO] Zeroing operation completed successfully. (at adc_actions.py)
2026-04-01 10:27:05,549 [INFO] Retrieving status for motor 0. (at adc_actions.py)
2026-04-01 10:27:05,550 [INFO] Motor 0 status: $$$$$ (at adc_actions.py)
2026-04-01 11:21:01,050 [INFO] Connecting to devices. (at adc_actions.py)
2026-04-01 11:21:01,050 [INFO] Connection successful. (at adc_actions.py)
2026-04-01 11:21:03,050 [INFO] Starting homing operation. (at adc_actions.py)
2026-04-01 11:21:03,051 [DEBUG] Calling homing method on controller. (at adc_actions.py)
2026-04-01 11:21:13,053 [INFO] Homing completed successfully. (at adc_actions.py)
2026-04-01 11:21:15,051 [INFO] Starting zeroing operation with velocity 4 RPM. (at adc_actions.py)
2026-04-01 11:21:15,052 [DEBUG] Initiating homing as part of zeroing. (at adc_actions.py)
2026-04-01 11:21:25,054 [INFO] Zeroing operation completed successfully. (at adc_actions.py)
2026-04-01 11:21:27,050 [INFO] Retrieving status for motor 0. (at adc_actions.py)
2026-04-01 11:21:27,050 [INFO] Motor 0 status: $$$$$ (at adc_actions.py)
2026-04-01 11:58:44,549 [INFO] Connecting to devices. (at adc_actions.py)
2026-04-01 11:58:44,550 [INFO] Connection successful. (at adc_actions.py)
2026-04-01 11:58:46,550 [INFO] Starting homing operation. (at adc_actions.py)
2026-04-01 11:58:46,551 [DEBUG] Calling homing method on controller. (at adc_actions.py)
2026-04-01 11:58:56,554 [INFO] Homing completed successfully. (at adc_actions.py)
2026-04-01 11:58:58,551 [INFO] Starting zeroing operation with velocity 4 RPM. (at adc_actions.py)
2026-04-01 11:58:58,551 [DEBUG] Initiating homing as part of zeroing. (at adc_actions.py)
2026-04-01 11:59:08,553 [INFO] Zeroing operation completed successfully. (at adc_actions.py)
2026-04-01 11:59:10,548 [INFO] Retrieving status for motor 0. (at adc_actions.py)
2026-04-01 11:59:10,549 [INFO] Motor 0 status: $$$$$ (at adc_actions.py)
2026-04-01 15:25:27,517 [INFO] Connecting to devices. (at adc_actions.py)
2026-04-01 15:25:27,518 [INFO] Connection successful. (at adc_actions.py)
2026-04-01 15:25:29,550 [INFO] Starting homing operation. (at adc_actions.py)
2026-04-01 15:25:29,551 [DEBUG] Calling homing method on controller. (at adc_actions.py)
2026-04-01 15:25:39,552 [INFO] Homing completed successfully. (at adc_actions.py)
2026-04-01 15:25:41,550 [INFO] Starting zeroing operation with velocity 4 RPM. (at adc_actions.py)
2026-04-01 15:25:41,551 [DEBUG] Initiating homing as part of zeroing. (at adc_actions.py)
2026-04-01 15:25:51,553 [INFO] Zeroing operation completed successfully. (at adc_actions.py)
2026-04-01 15:25:53,549 [INFO] Retrieving status for motor 0. (at adc_actions.py)
2026-04-01 15:25:53,550 [INFO] Motor 0 status: $$$$$ (at adc_actions.py)
2026-04-01 15:46:25,552 [INFO] Connecting to devices. (at adc_actions.py)
2026-04-01 15:46:25,553 [INFO] Connection successful. (at adc_actions.py)
2026-04-01 15:46:27,553 [INFO] Starting homing operation. (at adc_actions.py)
2026-04-01 15:46:27,553 [DEBUG] Calling homing method on controller. (at adc_actions.py)
2026-04-01 15:46:37,555 [INFO] Homing completed successfully. (at adc_actions.py)
2026-04-01 15:46:39,553 [INFO] Starting zeroing operation with velocity 4 RPM. (at adc_actions.py)
2026-04-01 15:46:39,553 [DEBUG] Initiating homing as part of zeroing. (at adc_actions.py)
2026-04-01 15:46:49,556 [INFO] Zeroing operation completed successfully. (at adc_actions.py)
2026-04-01 15:46:51,547 [INFO] Retrieving status for motor 0. (at adc_actions.py)
2026-04-01 15:46:51,547 [INFO] Motor 0 status: $$$$$ (at adc_actions.py)
2026-04-01 16:03:12,551 [INFO] Connecting to devices. (at adc_actions.py)
2026-04-01 16:03:12,552 [INFO] Connection successful. (at adc_actions.py)
2026-04-01 16:03:14,552 [INFO] Starting homing operation. (at adc_actions.py)
2026-04-01 16:03:14,553 [DEBUG] Calling homing method on controller. (at adc_actions.py)
2026-04-01 16:03:24,553 [INFO] Homing completed successfully. (at adc_actions.py)
2026-04-01 16:03:26,552 [INFO] Starting zeroing operation with velocity 4 RPM. (at adc_actions.py)
2026-04-01 16:03:26,553 [DEBUG] Initiating homing as part of zeroing. (at adc_actions.py)
2026-04-01 16:03:36,554 [INFO] Zeroing operation completed successfully. (at adc_actions.py)
2026-04-01 16:03:38,551 [INFO] Retrieving status for motor 0. (at adc_actions.py)
2026-04-01 16:03:38,552 [INFO] Motor 0 status: $$$$$ (at adc_actions.py)
2026-04-01 16:26:54,551 [INFO] Connecting to devices. (at adc_actions.py)
2026-04-01 16:26:54,552 [INFO] Connection successful. (at adc_actions.py)
2026-04-01 16:26:56,553 [INFO] Starting homing operation. (at adc_actions.py)
2026-04-01 16:26:56,554 [DEBUG] Calling homing method on controller. (at adc_actions.py)
2026-04-01 16:27:06,556 [INFO] Homing completed successfully. (at adc_actions.py)
2026-04-01 16:27:08,554 [INFO] Starting zeroing operation with velocity 4 RPM. (at adc_actions.py)
2026-04-01 16:27:08,554 [DEBUG] Initiating homing as part of zeroing. (at adc_actions.py)
2026-04-01 16:27:18,556 [INFO] Zeroing operation completed successfully. (at adc_actions.py)
2026-04-01 16:27:20,551 [INFO] Retrieving status for motor 0. (at adc_actions.py)
2026-04-01 16:27:20,552 [INFO] Motor 0 status: $$$$$ (at adc_actions.py)
