2025-12-14 10:50:47,988 [DEBUG] Initializing AdcActions class. (at adc_actions.py)
2025-12-14 10:50:47,988 [INFO] Lookup table found: /media/shyunc/DATA/KSpec/KSPEC_ICS/ADC/Simul/kspec_adc_controller/src/etc/ADC_lookup.csv (at adc_actions.py)
2025-12-14 10:50:47,988 [INFO] Interpolation function using pchip method created. (at adc_actions.py)
2025-12-14 10:51:29,507 [INFO] Connecting to devices. (at adc_actions.py)
2025-12-14 10:51:29,508 [INFO] Connection successful. (at adc_actions.py)
2025-12-14 10:51:29,513 [INFO] Starting homing operation. (at adc_actions.py)
2025-12-14 10:51:29,513 [DEBUG] Calling homing method on controller. (at adc_actions.py)
2025-12-14 10:51:39,514 [INFO] Homing completed successfully. (at adc_actions.py)
2025-12-14 10:51:39,529 [INFO] Starting zeroing operation with velocity 1 RPM. (at adc_actions.py)
2025-12-14 10:51:39,530 [DEBUG] Initiating homing as part of zeroing. (at adc_actions.py)
2025-12-14 10:51:49,532 [INFO] Zeroing operation completed successfully. (at adc_actions.py)
2025-12-14 10:51:49,548 [INFO] Retrieving status for motor 0. (at adc_actions.py)
2025-12-14 10:51:49,549 [INFO] Motor 0 status: $$$$$ (at adc_actions.py)
2025-12-14 10:54:26,676 [INFO] Connecting to devices. (at adc_actions.py)
2025-12-14 10:54:26,676 [INFO] Connection successful. (at adc_actions.py)
2025-12-14 10:54:26,681 [INFO] Starting homing operation. (at adc_actions.py)
2025-12-14 10:54:26,682 [DEBUG] Calling homing method on controller. (at adc_actions.py)
2025-12-14 10:54:36,683 [INFO] Homing completed successfully. (at adc_actions.py)
2025-12-14 10:54:36,697 [INFO] Starting zeroing operation with velocity 1 RPM. (at adc_actions.py)
2025-12-14 10:54:36,697 [DEBUG] Initiating homing as part of zeroing. (at adc_actions.py)
2025-12-14 10:54:46,699 [INFO] Zeroing operation completed successfully. (at adc_actions.py)
2025-12-14 10:54:46,715 [INFO] Retrieving status for motor 0. (at adc_actions.py)
2025-12-14 10:54:46,716 [INFO] Motor 0 status: $$$$$ (at adc_actions.py)
2025-12-14 12:02:51,330 [INFO] Connecting to devices. (at adc_actions.py)
2025-12-14 12:02:51,331 [INFO] Connection successful. (at adc_actions.py)
2025-12-14 12:02:51,336 [INFO] Starting homing operation. (at adc_actions.py)
2025-12-14 12:02:51,336 [DEBUG] Calling homing method on controller. (at adc_actions.py)
2025-12-14 12:03:01,337 [INFO] Homing completed successfully. (at adc_actions.py)
2025-12-14 12:03:01,351 [INFO] Starting zeroing operation with velocity 1 RPM. (at adc_actions.py)
2025-12-14 12:03:01,352 [DEBUG] Initiating homing as part of zeroing. (at adc_actions.py)
2025-12-14 12:03:11,352 [INFO] Zeroing operation completed successfully. (at adc_actions.py)
2025-12-14 12:03:11,368 [INFO] Retrieving status for motor 0. (at adc_actions.py)
2025-12-14 12:03:11,369 [INFO] Motor 0 status: $$$$$ (at adc_actions.py)
2025-12-14 12:06:09,227 [INFO] Connecting to devices. (at adc_actions.py)
2025-12-14 12:06:09,227 [INFO] Connection successful. (at adc_actions.py)
2025-12-14 12:06:09,230 [INFO] Starting homing operation. (at adc_actions.py)
2025-12-14 12:06:09,230 [DEBUG] Calling homing method on controller. (at adc_actions.py)
2025-12-14 12:06:19,232 [INFO] Homing completed successfully. (at adc_actions.py)
2025-12-14 12:06:19,245 [INFO] Starting zeroing operation with velocity 1 RPM. (at adc_actions.py)
2025-12-14 12:06:19,245 [DEBUG] Initiating homing as part of zeroing. (at adc_actions.py)
2025-12-14 12:06:29,247 [INFO] Zeroing operation completed successfully. (at adc_actions.py)
2025-12-14 12:06:29,257 [INFO] Retrieving status for motor 0. (at adc_actions.py)
2025-12-14 12:06:29,257 [INFO] Motor 0 status: $$$$$ (at adc_actions.py)
2025-12-14 12:37:37,933 [INFO] Connecting to devices. (at adc_actions.py)
2025-12-14 12:37:37,934 [INFO] Connection successful. (at adc_actions.py)
2025-12-14 12:37:37,939 [INFO] Starting homing operation. (at adc_actions.py)
2025-12-14 12:37:37,940 [DEBUG] Calling homing method on controller. (at adc_actions.py)
2025-12-14 12:37:47,941 [INFO] Homing completed successfully. (at adc_actions.py)
2025-12-14 12:37:47,959 [INFO] Starting zeroing operation with velocity 1 RPM. (at adc_actions.py)
2025-12-14 12:37:47,960 [DEBUG] Initiating homing as part of zeroing. (at adc_actions.py)
2025-12-14 12:37:57,960 [INFO] Zeroing operation completed successfully. (at adc_actions.py)
2025-12-14 12:37:57,965 [INFO] Retrieving status for motor 0. (at adc_actions.py)
2025-12-14 12:37:57,965 [INFO] Motor 0 status: $$$$$ (at adc_actions.py)
2025-12-14 12:50:56,170 [INFO] Connecting to devices. (at adc_actions.py)
2025-12-14 12:50:56,170 [INFO] Connection successful. (at adc_actions.py)
2025-12-14 12:50:56,175 [INFO] Starting homing operation. (at adc_actions.py)
2025-12-14 12:50:56,175 [DEBUG] Calling homing method on controller. (at adc_actions.py)
2025-12-14 12:51:06,176 [INFO] Homing completed successfully. (at adc_actions.py)
2025-12-14 12:51:06,193 [INFO] Starting zeroing operation with velocity 1 RPM. (at adc_actions.py)
2025-12-14 12:51:06,194 [DEBUG] Initiating homing as part of zeroing. (at adc_actions.py)
2025-12-14 12:51:16,197 [INFO] Zeroing operation completed successfully. (at adc_actions.py)
2025-12-14 12:51:16,209 [INFO] Retrieving status for motor 0. (at adc_actions.py)
2025-12-14 12:51:16,209 [INFO] Motor 0 status: $$$$$ (at adc_actions.py)
2025-12-14 13:01:32,925 [INFO] Connecting to devices. (at adc_actions.py)
2025-12-14 13:01:32,926 [INFO] Connection successful. (at adc_actions.py)
2025-12-14 13:01:32,929 [INFO] Starting homing operation. (at adc_actions.py)
2025-12-14 13:01:32,929 [DEBUG] Calling homing method on controller. (at adc_actions.py)
2025-12-14 13:01:42,931 [INFO] Homing completed successfully. (at adc_actions.py)
2025-12-14 13:01:42,949 [INFO] Starting zeroing operation with velocity 1 RPM. (at adc_actions.py)
2025-12-14 13:01:42,949 [DEBUG] Initiating homing as part of zeroing. (at adc_actions.py)
2025-12-14 13:01:52,951 [INFO] Zeroing operation completed successfully. (at adc_actions.py)
2025-12-14 13:01:52,967 [INFO] Retrieving status for motor 0. (at adc_actions.py)
2025-12-14 13:01:52,967 [INFO] Motor 0 status: $$$$$ (at adc_actions.py)
2025-12-14 13:19:38,821 [INFO] Connecting to devices. (at adc_actions.py)
2025-12-14 13:19:38,821 [INFO] Connection successful. (at adc_actions.py)
2025-12-14 13:19:38,907 [INFO] Starting homing operation. (at adc_actions.py)
2025-12-14 13:19:38,907 [DEBUG] Calling homing method on controller. (at adc_actions.py)
2025-12-14 13:19:48,908 [INFO] Homing completed successfully. (at adc_actions.py)
2025-12-14 13:19:48,927 [INFO] Starting zeroing operation with velocity 1 RPM. (at adc_actions.py)
2025-12-14 13:19:48,928 [DEBUG] Initiating homing as part of zeroing. (at adc_actions.py)
2025-12-14 13:19:58,929 [INFO] Zeroing operation completed successfully. (at adc_actions.py)
2025-12-14 13:19:58,939 [INFO] Retrieving status for motor 0. (at adc_actions.py)
2025-12-14 13:19:58,939 [INFO] Motor 0 status: $$$$$ (at adc_actions.py)
