2025-06-12 13:45:10,519 [DEBUG] Initializing AdcActions class. (at adc_actions.py)
2025-06-12 13:45:10,519 [INFO] Lookup table found: /media/shyunc/DATA/KSpec/KSPEC_ICS/ADC/Simul/kspec_adc_controller/src/etc/ADC_lookup.csv (at adc_actions.py)
2025-06-12 13:45:10,520 [INFO] Interpolation function using pchip method created. (at adc_actions.py)
2025-06-12 13:45:24,051 [INFO] Starting homing operation. (at adc_actions.py)
2025-06-12 13:45:24,052 [DEBUG] Calling homing method on controller. (at adc_actions.py)
2025-06-12 13:45:34,063 [INFO] Homing completed successfully. (at adc_actions.py)
2025-06-12 13:45:54,818 [INFO] Calculating from ZA. (at adc_actions.py)
2025-06-12 13:45:54,818 [INFO] Calculation successful: -45.12966492878764 (at adc_actions.py)
2025-06-12 13:45:54,818 [INFO] Converting degrees to counts. (at adc_actions.py)
2025-06-12 13:45:54,818 [DEBUG] Converted -45.12966492878764 degrees to -2030 counts. (at adc_actions.py)
2025-06-12 13:45:54,818 [INFO] Conversion successful: -2030 (at adc_actions.py)
2025-06-12 13:45:54,819 [DEBUG] Starting simultaneous move for motors 1 and 2 to position -2030 with velocity 1. (at adc_actions.py)
2025-06-12 13:45:54,819 [INFO] Both motors moved successfully. (at adc_actions.py)
2025-06-12 13:46:54,858 [INFO] Calculating from ZA. (at adc_actions.py)
2025-06-12 13:46:54,858 [INFO] Calculation successful: -45.45485113988697 (at adc_actions.py)
2025-06-12 13:46:54,858 [INFO] Converting degrees to counts. (at adc_actions.py)
2025-06-12 13:46:54,859 [DEBUG] Converted -45.45485113988697 degrees to -2045 counts. (at adc_actions.py)
2025-06-12 13:46:54,859 [INFO] Conversion successful: -2045 (at adc_actions.py)
2025-06-12 13:46:54,860 [DEBUG] Starting simultaneous move for motors 1 and 2 to position -15 with velocity 1. (at adc_actions.py)
2025-06-12 13:46:54,860 [INFO] Both motors moved successfully. (at adc_actions.py)
2025-06-12 13:47:54,899 [INFO] Calculating from ZA. (at adc_actions.py)
2025-06-12 13:47:54,899 [INFO] Calculation successful: -45.75927707997366 (at adc_actions.py)
2025-06-12 13:47:54,900 [INFO] Converting degrees to counts. (at adc_actions.py)
2025-06-12 13:47:54,900 [DEBUG] Converted -45.75927707997366 degrees to -2059 counts. (at adc_actions.py)
2025-06-12 13:47:54,900 [INFO] Conversion successful: -2059 (at adc_actions.py)
2025-06-12 13:47:54,901 [DEBUG] Starting simultaneous move for motors 1 and 2 to position -14 with velocity 1. (at adc_actions.py)
2025-06-12 13:47:54,901 [INFO] Both motors moved successfully. (at adc_actions.py)
2025-06-12 13:48:54,927 [INFO] Calculating from ZA. (at adc_actions.py)
2025-06-12 13:48:54,927 [INFO] Calculation successful: -46.06784529431834 (at adc_actions.py)
2025-06-12 13:48:54,927 [INFO] Converting degrees to counts. (at adc_actions.py)
2025-06-12 13:48:54,928 [DEBUG] Converted -46.06784529431834 degrees to -2073 counts. (at adc_actions.py)
2025-06-12 13:48:54,928 [INFO] Conversion successful: -2073 (at adc_actions.py)
2025-06-12 13:48:54,929 [DEBUG] Starting simultaneous move for motors 1 and 2 to position -14 with velocity 1. (at adc_actions.py)
2025-06-12 13:48:54,929 [INFO] Both motors moved successfully. (at adc_actions.py)
2025-06-12 13:49:00,410 [DEBUG] Stopping both motors simultaneously. (at adc_actions.py)
2025-06-12 13:49:00,411 [INFO] Both motors stopped successfully. (at adc_actions.py)
