2025-08-26 13:34:09,458 [DEBUG] Initializing AdcActions class. (at adc_actions.py)
2025-08-26 13:34:09,459 [INFO] Lookup table found: /media/shyunc/DATA/KSpec/KSPEC_ICS/ADC/Simul/kspec_adc_controller/src/etc/ADC_lookup.csv (at adc_actions.py)
2025-08-26 13:34:09,459 [INFO] Interpolation function using pchip method created. (at adc_actions.py)
2025-08-26 16:57:00,565 [DEBUG] Initializing AdcActions class. (at adc_actions.py)
2025-08-26 16:57:00,565 [INFO] Lookup table found: /media/shyunc/DATA/KSpec/KSPEC_ICS/ADC/Simul/kspec_adc_controller/src/etc/ADC_lookup.csv (at adc_actions.py)
2025-08-26 16:57:00,566 [INFO] Interpolation function using pchip method created. (at adc_actions.py)
2025-08-26 16:58:49,611 [INFO] Calculating from ZA. (at adc_actions.py)
2025-08-26 16:58:49,611 [INFO] Calculation successful: -44.320735506875685 (at adc_actions.py)
2025-08-26 16:58:49,611 [INFO] Converting degrees to counts. (at adc_actions.py)
2025-08-26 16:58:49,611 [DEBUG] Converted -44.320735506875685 degrees to -1994 counts. (at adc_actions.py)
2025-08-26 16:58:49,611 [INFO] Conversion successful: -1994 (at adc_actions.py)
2025-08-26 16:58:49,612 [DEBUG] Starting simultaneous move for motors 1 and 2 to position -1994 with velocity 1. (at adc_actions.py)
2025-08-26 16:58:49,612 [INFO] Both motors moved successfully. (at adc_actions.py)
2025-08-26 16:58:58,658 [DEBUG] Stopping both motors simultaneously. (at adc_actions.py)
2025-08-26 16:58:58,658 [INFO] Both motors stopped successfully. (at adc_actions.py)
2025-08-26 17:05:15,561 [DEBUG] Initializing AdcActions class. (at adc_actions.py)
2025-08-26 17:05:15,561 [INFO] Lookup table found: /media/shyunc/DATA/KSpec/KSPEC_ICS/ADC/Simul/kspec_adc_controller/src/etc/ADC_lookup.csv (at adc_actions.py)
2025-08-26 17:05:15,562 [INFO] Interpolation function using pchip method created. (at adc_actions.py)
2025-08-26 17:05:36,655 [INFO] Calculating from ZA. (at adc_actions.py)
2025-08-26 17:05:36,655 [INFO] Calculation successful: -46.359132130934576 (at adc_actions.py)
2025-08-26 17:05:36,655 [INFO] Converting degrees to counts. (at adc_actions.py)
2025-08-26 17:05:36,656 [DEBUG] Converted -46.359132130934576 degrees to -2086 counts. (at adc_actions.py)
2025-08-26 17:05:36,656 [INFO] Conversion successful: -2086 (at adc_actions.py)
2025-08-26 17:05:36,657 [DEBUG] Starting simultaneous move for motors 1 and 2 to position -2086 with velocity 1. (at adc_actions.py)
2025-08-26 17:05:36,657 [INFO] Both motors moved successfully. (at adc_actions.py)
2025-08-26 17:05:54,615 [DEBUG] Stopping both motors simultaneously. (at adc_actions.py)
2025-08-26 17:05:54,615 [INFO] Both motors stopped successfully. (at adc_actions.py)
