2025-11-11 13:02:36,382 [DEBUG] Initializing AdcActions class. (at adc_actions.py)
2025-11-11 13:02:36,383 [INFO] Lookup table found: /media/shyunc/DATA/KSpec/KSPEC_ICS/ADC/Simul/kspec_adc_controller/src/etc/ADC_lookup.csv (at adc_actions.py)
2025-11-11 13:02:36,385 [INFO] Interpolation function using pchip method created. (at adc_actions.py)
2025-11-11 13:03:06,744 [INFO] Connecting to devices. (at adc_actions.py)
2025-11-11 13:03:06,745 [INFO] Connection successful. (at adc_actions.py)
2025-11-11 13:03:06,751 [INFO] Starting homing operation. (at adc_actions.py)
2025-11-11 13:03:06,751 [DEBUG] Calling homing method on controller. (at adc_actions.py)
2025-11-11 13:03:16,752 [INFO] Homing completed successfully. (at adc_actions.py)
2025-11-11 13:03:16,769 [INFO] Starting zeroing operation with velocity 1 RPM. (at adc_actions.py)
2025-11-11 13:03:16,769 [DEBUG] Initiating homing as part of zeroing. (at adc_actions.py)
2025-11-11 13:03:26,770 [INFO] Zeroing operation completed successfully. (at adc_actions.py)
2025-11-11 13:03:26,786 [INFO] Retrieving status for motor 0. (at adc_actions.py)
2025-11-11 13:03:26,787 [INFO] Motor 0 status: $$$$$ (at adc_actions.py)
2025-11-11 16:49:24,268 [INFO] Connecting to devices. (at adc_actions.py)
2025-11-11 16:49:24,269 [INFO] Connection successful. (at adc_actions.py)
2025-11-11 16:49:24,281 [INFO] Starting homing operation. (at adc_actions.py)
2025-11-11 16:49:24,281 [DEBUG] Calling homing method on controller. (at adc_actions.py)
2025-11-11 16:49:34,283 [INFO] Homing completed successfully. (at adc_actions.py)
2025-11-11 16:49:34,300 [INFO] Starting zeroing operation with velocity 1 RPM. (at adc_actions.py)
2025-11-11 16:49:34,301 [DEBUG] Initiating homing as part of zeroing. (at adc_actions.py)
2025-11-11 16:49:44,302 [INFO] Zeroing operation completed successfully. (at adc_actions.py)
2025-11-11 16:49:44,314 [INFO] Retrieving status for motor 0. (at adc_actions.py)
2025-11-11 16:49:44,315 [INFO] Motor 0 status: $$$$$ (at adc_actions.py)
