2025-12-23 09:00:32,471 [DEBUG] Initializing AdcActions class. (at adc_actions.py)
2025-12-23 09:00:32,471 [INFO] Lookup table found: /media/shyunc/DATA/KSpec/KSPEC_ICS/ADC/Simul/kspec_adc_controller/src/etc/ADC_lookup.csv (at adc_actions.py)
2025-12-23 09:00:32,472 [INFO] Interpolation function using pchip method created. (at adc_actions.py)
2025-12-23 09:07:38,435 [INFO] Connecting to devices. (at adc_actions.py)
2025-12-23 09:07:38,436 [INFO] Connection successful. (at adc_actions.py)
2025-12-23 09:07:38,442 [INFO] Starting homing operation. (at adc_actions.py)
2025-12-23 09:07:38,442 [DEBUG] Calling homing method on controller. (at adc_actions.py)
2025-12-23 09:07:48,443 [INFO] Homing completed successfully. (at adc_actions.py)
2025-12-23 09:07:48,447 [INFO] Starting zeroing operation with velocity 1 RPM. (at adc_actions.py)
2025-12-23 09:07:48,448 [DEBUG] Initiating homing as part of zeroing. (at adc_actions.py)
2025-12-23 09:07:58,449 [INFO] Zeroing operation completed successfully. (at adc_actions.py)
2025-12-23 09:07:58,456 [INFO] Retrieving status for motor 0. (at adc_actions.py)
2025-12-23 09:07:58,456 [INFO] Motor 0 status: $$$$$ (at adc_actions.py)
2025-12-23 10:17:49,462 [INFO] Connecting to devices. (at adc_actions.py)
2025-12-23 10:17:49,462 [INFO] Connection successful. (at adc_actions.py)
2025-12-23 10:17:49,467 [INFO] Starting homing operation. (at adc_actions.py)
2025-12-23 10:17:49,467 [DEBUG] Calling homing method on controller. (at adc_actions.py)
2025-12-23 10:17:59,468 [INFO] Homing completed successfully. (at adc_actions.py)
2025-12-23 10:17:59,480 [INFO] Starting zeroing operation with velocity 1 RPM. (at adc_actions.py)
2025-12-23 10:17:59,480 [DEBUG] Initiating homing as part of zeroing. (at adc_actions.py)
2025-12-23 10:18:09,482 [INFO] Zeroing operation completed successfully. (at adc_actions.py)
2025-12-23 10:18:09,495 [INFO] Retrieving status for motor 0. (at adc_actions.py)
2025-12-23 10:18:09,495 [INFO] Motor 0 status: $$$$$ (at adc_actions.py)
2025-12-23 16:45:23,136 [INFO] Connecting to devices. (at adc_actions.py)
2025-12-23 16:45:23,137 [INFO] Connection successful. (at adc_actions.py)
2025-12-23 16:45:23,142 [INFO] Starting homing operation. (at adc_actions.py)
2025-12-23 16:45:23,143 [DEBUG] Calling homing method on controller. (at adc_actions.py)
2025-12-23 16:45:33,144 [INFO] Homing completed successfully. (at adc_actions.py)
2025-12-23 16:45:33,158 [INFO] Starting zeroing operation with velocity 1 RPM. (at adc_actions.py)
2025-12-23 16:45:33,158 [DEBUG] Initiating homing as part of zeroing. (at adc_actions.py)
2025-12-23 16:45:43,160 [INFO] Zeroing operation completed successfully. (at adc_actions.py)
2025-12-23 16:45:43,170 [INFO] Retrieving status for motor 0. (at adc_actions.py)
2025-12-23 16:45:43,170 [INFO] Motor 0 status: $$$$$ (at adc_actions.py)
