2025-12-08 14:38:54,050 [DEBUG] Initializing AdcActions class. (at adc_actions.py)
2025-12-08 14:38:54,050 [INFO] Lookup table found: /media/shyunc/DATA/KSpec/KSPEC_ICS/ADC/Simul/kspec_adc_controller/src/etc/ADC_lookup.csv (at adc_actions.py)
2025-12-08 14:38:54,051 [INFO] Interpolation function using pchip method created. (at adc_actions.py)
2025-12-08 14:39:05,713 [INFO] Connecting to devices. (at adc_actions.py)
2025-12-08 14:39:05,714 [INFO] Connection successful. (at adc_actions.py)
2025-12-08 14:39:05,720 [INFO] Starting homing operation. (at adc_actions.py)
2025-12-08 14:39:05,720 [DEBUG] Calling homing method on controller. (at adc_actions.py)
2025-12-08 14:39:15,722 [INFO] Homing completed successfully. (at adc_actions.py)
2025-12-08 14:39:15,730 [INFO] Starting zeroing operation with velocity 1 RPM. (at adc_actions.py)
2025-12-08 14:39:15,731 [DEBUG] Initiating homing as part of zeroing. (at adc_actions.py)
2025-12-08 14:39:25,732 [INFO] Zeroing operation completed successfully. (at adc_actions.py)
2025-12-08 14:39:25,742 [INFO] Retrieving status for motor 0. (at adc_actions.py)
2025-12-08 14:39:25,742 [INFO] Motor 0 status: $$$$$ (at adc_actions.py)
2025-12-11 14:13:29,243 [INFO] Connecting to devices. (at adc_actions.py)
2025-12-11 14:13:29,244 [INFO] Connection successful. (at adc_actions.py)
2025-12-11 14:13:29,247 [INFO] Starting homing operation. (at adc_actions.py)
2025-12-11 14:13:29,247 [DEBUG] Calling homing method on controller. (at adc_actions.py)
2025-12-11 14:13:39,249 [INFO] Homing completed successfully. (at adc_actions.py)
2025-12-11 14:13:39,263 [INFO] Starting zeroing operation with velocity 1 RPM. (at adc_actions.py)
2025-12-11 14:13:39,263 [DEBUG] Initiating homing as part of zeroing. (at adc_actions.py)
2025-12-11 14:13:49,264 [INFO] Zeroing operation completed successfully. (at adc_actions.py)
2025-12-11 14:13:49,274 [INFO] Retrieving status for motor 0. (at adc_actions.py)
2025-12-11 14:13:49,274 [INFO] Motor 0 status: $$$$$ (at adc_actions.py)
2025-12-11 14:25:57,861 [INFO] Connecting to devices. (at adc_actions.py)
2025-12-11 14:25:57,862 [INFO] Connection successful. (at adc_actions.py)
2025-12-11 14:25:57,867 [INFO] Starting homing operation. (at adc_actions.py)
2025-12-11 14:25:57,867 [DEBUG] Calling homing method on controller. (at adc_actions.py)
2025-12-11 14:26:07,869 [INFO] Homing completed successfully. (at adc_actions.py)
2025-12-11 14:26:07,883 [INFO] Starting zeroing operation with velocity 1 RPM. (at adc_actions.py)
2025-12-11 14:26:07,883 [DEBUG] Initiating homing as part of zeroing. (at adc_actions.py)
2025-12-11 14:26:17,884 [INFO] Zeroing operation completed successfully. (at adc_actions.py)
2025-12-11 14:26:17,897 [INFO] Retrieving status for motor 0. (at adc_actions.py)
2025-12-11 14:26:17,897 [INFO] Motor 0 status: $$$$$ (at adc_actions.py)
2025-12-11 14:28:36,873 [INFO] Connecting to devices. (at adc_actions.py)
2025-12-11 14:28:36,874 [INFO] Connection successful. (at adc_actions.py)
2025-12-11 14:28:36,881 [INFO] Starting homing operation. (at adc_actions.py)
2025-12-11 14:28:36,881 [DEBUG] Calling homing method on controller. (at adc_actions.py)
2025-12-11 14:28:46,882 [INFO] Homing completed successfully. (at adc_actions.py)
2025-12-11 14:28:46,896 [INFO] Starting zeroing operation with velocity 1 RPM. (at adc_actions.py)
2025-12-11 14:28:46,896 [DEBUG] Initiating homing as part of zeroing. (at adc_actions.py)
2025-12-11 14:28:56,897 [INFO] Zeroing operation completed successfully. (at adc_actions.py)
2025-12-11 14:28:56,914 [INFO] Retrieving status for motor 0. (at adc_actions.py)
2025-12-11 14:28:56,915 [INFO] Motor 0 status: $$$$$ (at adc_actions.py)
