2026-01-05 14:21:01,569 [DEBUG] Initializing AdcActions class. (at adc_actions.py)
2026-01-05 14:21:01,569 [INFO] Lookup table found: /media/shyunc/DATA/KSpec/KSPEC_ICS/ADC/Simul/kspec_adc_controller/src/etc/ADC_lookup.csv (at adc_actions.py)
2026-01-05 14:21:01,570 [INFO] Interpolation function using pchip method created. (at adc_actions.py)
2026-01-05 14:22:55,468 [INFO] Connecting to devices. (at adc_actions.py)
2026-01-05 14:22:55,468 [INFO] Connection successful. (at adc_actions.py)
2026-01-05 14:22:55,472 [INFO] Starting homing operation. (at adc_actions.py)
2026-01-05 14:22:55,472 [DEBUG] Calling homing method on controller. (at adc_actions.py)
2026-01-05 14:23:05,474 [INFO] Homing completed successfully. (at adc_actions.py)
2026-01-05 14:23:05,492 [INFO] Starting zeroing operation with velocity 1 RPM. (at adc_actions.py)
2026-01-05 14:23:05,492 [DEBUG] Initiating homing as part of zeroing. (at adc_actions.py)
2026-01-05 14:23:15,494 [INFO] Zeroing operation completed successfully. (at adc_actions.py)
2026-01-05 14:23:15,511 [INFO] Retrieving status for motor 0. (at adc_actions.py)
2026-01-05 14:23:15,512 [INFO] Motor 0 status: $$$$$ (at adc_actions.py)
2026-01-05 14:24:28,435 [INFO] Calculating from ZA. (at adc_actions.py)
2026-01-05 14:24:28,435 [ERROR] Input zenith angle 112.50759194086342 is out of bounds (0.0, 60.0) (at adc_actions.py)
2026-01-05 14:24:28,435 [ERROR] Error calculating from ZA: Input zenith angle 112.50759194086342 is out of bounds. (at adc_actions.py)
2026-01-05 14:31:40,246 [INFO] Calculating from ZA. (at adc_actions.py)
2026-01-05 14:31:40,246 [ERROR] Input zenith angle 110.23705795089566 is out of bounds (0.0, 60.0) (at adc_actions.py)
2026-01-05 14:31:40,246 [ERROR] Error calculating from ZA: Input zenith angle 110.23705795089566 is out of bounds. (at adc_actions.py)
2026-01-05 14:31:44,810 [INFO] Calculating from ZA. (at adc_actions.py)
2026-01-05 14:31:44,810 [ERROR] Input zenith angle 110.24490643449542 is out of bounds (0.0, 60.0) (at adc_actions.py)
2026-01-05 14:31:44,810 [ERROR] Error calculating from ZA: Input zenith angle 110.24490643449542 is out of bounds. (at adc_actions.py)
2026-01-05 14:34:25,025 [INFO] Calculating from ZA. (at adc_actions.py)
2026-01-05 14:34:25,026 [ERROR] Input zenith angle 115.89077419323266 is out of bounds (0.0, 60.0) (at adc_actions.py)
2026-01-05 14:34:25,026 [ERROR] Error calculating from ZA: Input zenith angle 115.89077419323266 is out of bounds. (at adc_actions.py)
2026-01-05 14:34:36,404 [INFO] Calculating from ZA. (at adc_actions.py)
2026-01-05 14:34:36,405 [INFO] Calculation successful: -53.67616601564383 (at adc_actions.py)
2026-01-05 14:34:36,405 [INFO] Converting degrees to counts. (at adc_actions.py)
2026-01-05 14:34:36,405 [DEBUG] Converted -53.67616601564383 degrees to -2415 counts. (at adc_actions.py)
2026-01-05 14:34:36,405 [INFO] Conversion successful: -2415 (at adc_actions.py)
2026-01-05 14:34:36,406 [DEBUG] Starting simultaneous move for motors 1 and 2 to position -2415 with velocity 1. (at adc_actions.py)
2026-01-05 14:34:36,406 [INFO] Both motors moved successfully. (at adc_actions.py)
2026-01-05 14:34:50,623 [DEBUG] Stopping both motors simultaneously. (at adc_actions.py)
2026-01-05 14:34:50,624 [INFO] Both motors stopped successfully. (at adc_actions.py)
2026-01-05 16:50:17,183 [INFO] Connecting to devices. (at adc_actions.py)
2026-01-05 16:50:17,184 [INFO] Connection successful. (at adc_actions.py)
2026-01-05 16:50:17,187 [INFO] Starting homing operation. (at adc_actions.py)
2026-01-05 16:50:17,187 [DEBUG] Calling homing method on controller. (at adc_actions.py)
2026-01-05 16:50:27,189 [INFO] Homing completed successfully. (at adc_actions.py)
2026-01-05 16:50:27,202 [INFO] Starting zeroing operation with velocity 1 RPM. (at adc_actions.py)
2026-01-05 16:50:27,202 [DEBUG] Initiating homing as part of zeroing. (at adc_actions.py)
2026-01-05 16:50:37,204 [INFO] Zeroing operation completed successfully. (at adc_actions.py)
2026-01-05 16:50:37,220 [INFO] Retrieving status for motor 0. (at adc_actions.py)
2026-01-05 16:50:37,221 [INFO] Motor 0 status: $$$$$ (at adc_actions.py)
2026-01-05 16:53:26,108 [INFO] Connecting to devices. (at adc_actions.py)
2026-01-05 16:53:26,108 [INFO] Connection successful. (at adc_actions.py)
2026-01-05 16:53:26,121 [INFO] Starting homing operation. (at adc_actions.py)
2026-01-05 16:53:26,122 [DEBUG] Calling homing method on controller. (at adc_actions.py)
2026-01-05 16:53:36,124 [INFO] Homing completed successfully. (at adc_actions.py)
2026-01-05 16:53:36,137 [INFO] Starting zeroing operation with velocity 1 RPM. (at adc_actions.py)
2026-01-05 16:53:36,138 [DEBUG] Initiating homing as part of zeroing. (at adc_actions.py)
2026-01-05 16:53:46,139 [INFO] Zeroing operation completed successfully. (at adc_actions.py)
2026-01-05 16:53:46,149 [INFO] Retrieving status for motor 0. (at adc_actions.py)
2026-01-05 16:53:46,149 [INFO] Motor 0 status: $$$$$ (at adc_actions.py)
