2025-04-15 09:15:53 [INFO] Lookup table found: /media/shyunc/DATA/KSpec/KSPEC_ICS/ADC/Simul/kspec_adc_controller/src/etc/ADC_lookup.csv
2025-04-15 09:15:53 [INFO] Interpolation function using pchip method created.
2025-04-15 09:20:14 [INFO] Calculating from ZA.
2025-04-15 09:20:14 [INFO] Calculation successful: -87.71468415836978
2025-04-15 09:20:14 [INFO] Converting degrees to counts.
2025-04-15 09:20:14 [INFO] Conversion successful: -3947
2025-04-15 09:20:29 [INFO] Both motors moved successfully.
2025-04-15 09:21:29 [INFO] Calculating from ZA.
2025-04-15 09:21:29 [INFO] Calculation successful: -85.95531359400981
2025-04-15 09:21:29 [INFO] Converting degrees to counts.
2025-04-15 09:21:29 [INFO] Conversion successful: -3867
2025-04-15 09:21:44 [INFO] Both motors moved successfully.
2025-04-15 09:22:08 [INFO] Both motors stopped successfully.
2025-04-15 10:07:31 [INFO] Calculating from ZA.
2025-04-15 10:07:31 [INFO] Calculation successful: -50.681702938794054
2025-04-15 10:07:31 [INFO] Converting degrees to counts.
2025-04-15 10:07:31 [INFO] Conversion successful: -2280
2025-04-15 10:07:46 [INFO] Both motors moved successfully.
2025-04-15 10:08:46 [INFO] Calculating from ZA.
2025-04-15 10:08:46 [INFO] Calculation successful: -50.2032385735311
2025-04-15 10:08:46 [INFO] Converting degrees to counts.
2025-04-15 10:08:46 [INFO] Conversion successful: -2259
2025-04-15 10:09:01 [INFO] Both motors moved successfully.
2025-04-15 10:10:01 [INFO] Calculating from ZA.
2025-04-15 10:10:01 [INFO] Calculation successful: -49.73533238887631
2025-04-15 10:10:01 [INFO] Converting degrees to counts.
2025-04-15 10:10:01 [INFO] Conversion successful: -2238
2025-04-15 10:10:16 [INFO] Both motors moved successfully.
2025-04-15 10:10:21 [INFO] Both motors stopped successfully.
2025-04-15 10:10:21 [INFO] Starting zeroing operation with velocity 1 RPM.
2025-04-15 10:10:31 [INFO] Zeroing operation completed successfully.
2025-04-15 10:11:30 [INFO] Calculating from ZA.
2025-04-15 10:11:30 [INFO] Calculation successful: -49.19106052440037
2025-04-15 10:11:30 [INFO] Converting degrees to counts.
2025-04-15 10:11:30 [INFO] Conversion successful: -2213
2025-04-15 10:11:45 [INFO] Both motors moved successfully.
2025-04-15 10:12:45 [INFO] Calculating from ZA.
2025-04-15 10:12:45 [INFO] Calculation successful: -48.7451929156113
2025-04-15 10:12:45 [INFO] Converting degrees to counts.
2025-04-15 10:12:45 [INFO] Conversion successful: -2193
2025-04-15 10:13:00 [INFO] Both motors moved successfully.
2025-04-15 10:14:00 [INFO] Calculating from ZA.
2025-04-15 10:14:00 [INFO] Calculation successful: -48.3088451074508
2025-04-15 10:14:00 [INFO] Converting degrees to counts.
2025-04-15 10:14:00 [INFO] Conversion successful: -2173
2025-04-15 10:14:15 [INFO] Both motors moved successfully.
2025-04-15 10:15:16 [INFO] Calculating from ZA.
2025-04-15 10:15:16 [INFO] Calculation successful: -47.88150976444457
2025-04-15 10:15:16 [INFO] Converting degrees to counts.
2025-04-15 10:15:16 [INFO] Conversion successful: -2154
2025-04-15 10:15:31 [INFO] Both motors moved successfully.
2025-04-15 10:15:35 [INFO] Both motors stopped successfully.
2025-04-15 10:23:57 [INFO] Calculating from ZA.
2025-04-15 10:23:57 [INFO] Calculation successful: -45.12970779951121
2025-04-15 10:23:57 [INFO] Converting degrees to counts.
2025-04-15 10:23:57 [INFO] Conversion successful: -2030
2025-04-15 10:24:12 [INFO] Both motors moved successfully.
2025-04-15 10:25:12 [INFO] Calculating from ZA.
2025-04-15 10:25:12 [INFO] Calculation successful: -44.759696796046036
2025-04-15 10:25:12 [INFO] Converting degrees to counts.
2025-04-15 10:25:12 [INFO] Conversion successful: -2014
2025-04-15 10:25:27 [INFO] Both motors moved successfully.
2025-04-15 10:26:27 [INFO] Calculating from ZA.
2025-04-15 10:26:27 [INFO] Calculation successful: -44.395080469749466
2025-04-15 10:26:27 [INFO] Converting degrees to counts.
2025-04-15 10:26:27 [INFO] Conversion successful: -1997
2025-04-15 10:26:42 [INFO] Both motors moved successfully.
2025-04-15 10:27:06 [INFO] Both motors stopped successfully.
2025-04-15 10:27:06 [INFO] Starting zeroing operation with velocity 1 RPM.
2025-04-15 10:27:16 [INFO] Zeroing operation completed successfully.
2025-04-15 11:36:32 [INFO] Calculating from ZA.
2025-04-15 11:36:32 [INFO] Calculation successful: -29.646778142280098
2025-04-15 11:36:32 [INFO] Converting degrees to counts.
2025-04-15 11:36:32 [INFO] Conversion successful: -1334
2025-04-15 11:36:47 [INFO] Both motors moved successfully.
2025-04-15 11:37:48 [INFO] Calculating from ZA.
2025-04-15 11:37:48 [INFO] Calculation successful: -29.4394133295127
2025-04-15 11:37:48 [INFO] Converting degrees to counts.
2025-04-15 11:37:48 [INFO] Conversion successful: -1324
2025-04-15 11:38:03 [INFO] Both motors moved successfully.
2025-04-15 11:39:03 [INFO] Calculating from ZA.
2025-04-15 11:39:03 [INFO] Calculation successful: -29.226106508436708
2025-04-15 11:39:03 [INFO] Converting degrees to counts.
2025-04-15 11:39:03 [INFO] Conversion successful: -1315
2025-04-15 11:39:18 [INFO] Both motors moved successfully.
2025-04-15 11:40:18 [INFO] Calculating from ZA.
2025-04-15 11:40:18 [INFO] Calculation successful: -29.00573175343175
2025-04-15 11:40:18 [INFO] Converting degrees to counts.
2025-04-15 11:40:18 [INFO] Conversion successful: -1305
2025-04-15 11:40:33 [INFO] Both motors moved successfully.
2025-04-15 11:40:57 [INFO] Both motors stopped successfully.
2025-04-15 11:43:54 [INFO] Calculating from ZA.
2025-04-15 11:43:54 [INFO] Calculation successful: -28.32029735769959
2025-04-15 11:43:54 [INFO] Converting degrees to counts.
2025-04-15 11:43:54 [INFO] Conversion successful: -1274
2025-04-15 11:44:09 [INFO] Both motors moved successfully.
2025-04-15 11:45:10 [INFO] Calculating from ZA.
2025-04-15 11:45:10 [INFO] Calculation successful: -28.05880601683707
2025-04-15 11:45:10 [INFO] Converting degrees to counts.
2025-04-15 11:45:10 [INFO] Conversion successful: -1262
2025-04-15 11:45:25 [INFO] Both motors moved successfully.
2025-04-15 11:46:25 [INFO] Calculating from ZA.
2025-04-15 11:46:25 [INFO] Calculation successful: -27.779668378906674
2025-04-15 11:46:25 [INFO] Converting degrees to counts.
2025-04-15 11:46:25 [INFO] Conversion successful: -1250
2025-04-15 11:46:40 [INFO] Both motors moved successfully.
2025-04-15 11:46:44 [INFO] Both motors stopped successfully.
2025-04-15 11:46:44 [INFO] Starting zeroing operation with velocity 1 RPM.
2025-04-15 11:46:54 [INFO] Zeroing operation completed successfully.
2025-04-15 11:47:46 [INFO] Calculating from ZA.
2025-04-15 11:47:46 [INFO] Calculation successful: -27.460671189896168
2025-04-15 11:47:46 [INFO] Converting degrees to counts.
2025-04-15 11:47:46 [INFO] Conversion successful: -1235
2025-04-15 11:48:01 [INFO] Both motors moved successfully.
2025-04-15 11:49:01 [INFO] Calculating from ZA.
2025-04-15 11:49:01 [INFO] Calculation successful: -27.151216979528613
2025-04-15 11:49:01 [INFO] Converting degrees to counts.
2025-04-15 11:49:01 [INFO] Conversion successful: -1221
2025-04-15 11:49:16 [INFO] Both motors moved successfully.
2025-04-15 11:50:16 [INFO] Calculating from ZA.
2025-04-15 11:50:16 [INFO] Calculation successful: -26.830289977736648
2025-04-15 11:50:16 [INFO] Converting degrees to counts.
2025-04-15 11:50:16 [INFO] Conversion successful: -1207
2025-04-15 11:50:31 [INFO] Both motors moved successfully.
2025-04-15 11:51:31 [INFO] Calculating from ZA.
2025-04-15 11:51:31 [INFO] Calculation successful: -26.500165255382225
2025-04-15 11:51:31 [INFO] Converting degrees to counts.
2025-04-15 11:51:31 [INFO] Conversion successful: -1192
2025-04-15 11:51:40 [INFO] Both motors stopped successfully.
2025-04-15 11:51:40 [INFO] Starting zeroing operation with velocity 1 RPM.
2025-04-15 11:51:50 [INFO] Zeroing operation completed successfully.
2025-04-15 11:55:31 [INFO] Calculating from ZA.
2025-04-15 11:55:31 [INFO] Calculation successful: -25.403949412796564
2025-04-15 11:55:31 [INFO] Converting degrees to counts.
2025-04-15 11:55:31 [INFO] Conversion successful: -1143
2025-04-15 11:55:46 [INFO] Both motors moved successfully.
2025-04-15 11:56:46 [INFO] Calculating from ZA.
2025-04-15 11:56:46 [INFO] Calculation successful: -25.057202713968156
2025-04-15 11:56:46 [INFO] Converting degrees to counts.
2025-04-15 11:56:46 [INFO] Conversion successful: -1127
2025-04-15 11:57:01 [INFO] Both motors moved successfully.
2025-04-15 11:57:16 [INFO] Calculating from ZA.
2025-04-15 11:57:16 [INFO] Calculation successful: -24.91930018190062
2025-04-15 11:57:16 [INFO] Converting degrees to counts.
2025-04-15 11:57:16 [INFO] Conversion successful: -1121
2025-04-15 11:57:27 [INFO] Both motors stopped successfully.
2025-04-15 12:36:44 [INFO] Calculating from ZA.
2025-04-15 12:36:44 [INFO] Calculation successful: -17.14407198852667
2025-04-15 12:36:44 [INFO] Converting degrees to counts.
2025-04-15 12:36:44 [INFO] Conversion successful: -771
2025-04-15 12:36:59 [INFO] Both motors moved successfully.
2025-04-15 12:37:59 [INFO] Calculating from ZA.
2025-04-15 12:37:59 [INFO] Calculation successful: -16.881887552410262
2025-04-15 12:37:59 [INFO] Converting degrees to counts.
2025-04-15 12:37:59 [INFO] Conversion successful: -759
2025-04-15 12:38:14 [INFO] Both motors moved successfully.
2025-04-15 12:38:53 [INFO] Both motors stopped successfully.
2025-04-15 12:38:53 [INFO] Starting zeroing operation with velocity 1 RPM.
2025-04-15 12:39:03 [INFO] Zeroing operation completed successfully.
2025-04-15 12:42:09 [INFO] Calculating from ZA.
2025-04-15 12:42:09 [INFO] Calculation successful: -15.991023617621142
2025-04-15 12:42:09 [INFO] Converting degrees to counts.
2025-04-15 12:42:09 [INFO] Conversion successful: -719
2025-04-15 12:42:24 [INFO] Both motors moved successfully.
2025-04-15 12:43:24 [INFO] Calculating from ZA.
2025-04-15 12:43:24 [INFO] Calculation successful: -15.719148831495488
2025-04-15 12:43:24 [INFO] Converting degrees to counts.
2025-04-15 12:43:24 [INFO] Conversion successful: -707
2025-04-15 12:43:39 [INFO] Both motors moved successfully.
2025-04-15 12:44:33 [INFO] Both motors stopped successfully.
2025-04-15 12:44:33 [INFO] Starting zeroing operation with velocity 1 RPM.
2025-04-15 12:44:43 [INFO] Zeroing operation completed successfully.
2025-04-15 12:48:37 [INFO] Calculating from ZA.
2025-04-15 12:48:37 [INFO] Calculation successful: -14.58446904082175
2025-04-15 12:48:37 [INFO] Converting degrees to counts.
2025-04-15 12:48:37 [INFO] Conversion successful: -656
2025-04-15 12:48:52 [INFO] Both motors moved successfully.
2025-04-15 12:49:52 [INFO] Calculating from ZA.
2025-04-15 12:49:52 [INFO] Calculation successful: -14.314863052550313
2025-04-15 12:49:52 [INFO] Converting degrees to counts.
2025-04-15 12:49:52 [INFO] Conversion successful: -644
2025-04-15 12:50:07 [INFO] Both motors moved successfully.
2025-04-15 12:51:06 [INFO] Both motors stopped successfully.
2025-04-15 12:51:06 [INFO] Starting zeroing operation with velocity 1 RPM.
2025-04-15 12:51:16 [INFO] Zeroing operation completed successfully.
2025-04-15 12:52:09 [INFO] Calculating from ZA.
2025-04-15 12:52:09 [INFO] Calculation successful: -13.827251530579062
2025-04-15 12:52:09 [INFO] Converting degrees to counts.
2025-04-15 12:52:09 [INFO] Conversion successful: -622
2025-04-15 12:52:24 [INFO] Both motors moved successfully.
2025-04-15 12:53:24 [INFO] Calculating from ZA.
2025-04-15 12:53:24 [INFO] Calculation successful: -13.565224484498128
2025-04-15 12:53:24 [INFO] Converting degrees to counts.
2025-04-15 12:53:24 [INFO] Conversion successful: -610
2025-04-15 12:53:39 [INFO] Both motors moved successfully.
2025-04-15 12:54:39 [INFO] Calculating from ZA.
2025-04-15 12:54:39 [INFO] Calculation successful: -13.306820860275296
2025-04-15 12:54:39 [INFO] Converting degrees to counts.
2025-04-15 12:54:39 [INFO] Conversion successful: -598
2025-04-15 12:54:54 [INFO] Both motors moved successfully.
2025-04-15 12:55:03 [INFO] Both motors stopped successfully.
2025-04-15 12:55:03 [INFO] Starting zeroing operation with velocity 1 RPM.
2025-04-15 12:55:13 [INFO] Zeroing operation completed successfully.
2025-04-15 12:55:42 [INFO] Calculating from ZA.
2025-04-15 12:55:42 [INFO] Calculation successful: -13.090561022674656
2025-04-15 12:55:42 [INFO] Converting degrees to counts.
2025-04-15 12:55:42 [INFO] Conversion successful: -589
2025-04-15 12:55:57 [INFO] Both motors moved successfully.
2025-04-15 12:56:57 [INFO] Calculating from ZA.
2025-04-15 12:56:57 [INFO] Calculation successful: -12.83444231964636
2025-04-15 12:56:57 [INFO] Converting degrees to counts.
2025-04-15 12:56:57 [INFO] Conversion successful: -577
2025-04-15 12:57:01 [INFO] Both motors stopped successfully.
2025-04-15 12:57:01 [INFO] Starting zeroing operation with velocity 1 RPM.
2025-04-15 12:57:11 [INFO] Zeroing operation completed successfully.
2025-04-15 13:07:44 [INFO] Calculating from ZA.
2025-04-15 13:07:44 [INFO] Calculation successful: -10.652439971708228
2025-04-15 13:07:44 [INFO] Converting degrees to counts.
2025-04-15 13:07:44 [INFO] Conversion successful: -479
2025-04-15 13:07:59 [INFO] Both motors moved successfully.
2025-04-15 13:08:59 [INFO] Calculating from ZA.
2025-04-15 13:08:59 [INFO] Calculation successful: -10.403112973456464
2025-04-15 13:08:59 [INFO] Converting degrees to counts.
2025-04-15 13:08:59 [INFO] Conversion successful: -468
2025-04-15 13:09:14 [INFO] Both motors moved successfully.
2025-04-15 13:10:14 [INFO] Calculating from ZA.
2025-04-15 13:10:14 [INFO] Calculation successful: -10.154629002870161
2025-04-15 13:10:14 [INFO] Converting degrees to counts.
2025-04-15 13:10:14 [INFO] Conversion successful: -456
2025-04-15 13:10:29 [INFO] Both motors moved successfully.
2025-04-15 13:10:58 [INFO] Both motors stopped successfully.
2025-04-15 13:10:58 [INFO] Starting zeroing operation with velocity 1 RPM.
2025-04-15 13:11:08 [INFO] Zeroing operation completed successfully.
2025-04-15 13:12:25 [INFO] Calculating from ZA.
2025-04-15 13:12:25 [INFO] Calculation successful: -9.723086579323628
2025-04-15 13:12:25 [INFO] Converting degrees to counts.
2025-04-15 13:12:25 [INFO] Conversion successful: -437
2025-04-15 13:12:40 [INFO] Both motors moved successfully.
2025-04-15 13:13:40 [INFO] Calculating from ZA.
2025-04-15 13:13:40 [INFO] Calculation successful: -9.477390192935937
2025-04-15 13:13:40 [INFO] Converting degrees to counts.
2025-04-15 13:13:40 [INFO] Conversion successful: -426
2025-04-15 13:13:55 [INFO] Both motors moved successfully.
2025-04-15 13:14:44 [INFO] Both motors stopped successfully.
2025-04-15 13:14:44 [INFO] Starting zeroing operation with velocity 1 RPM.
2025-04-15 13:14:54 [INFO] Zeroing operation completed successfully.
2025-04-15 13:16:03 [INFO] Calculating from ZA.
2025-04-15 13:16:03 [INFO] Calculation successful: -9.014553482677195
2025-04-15 13:16:03 [INFO] Converting degrees to counts.
2025-04-15 13:16:03 [INFO] Conversion successful: -405
2025-04-15 13:16:18 [INFO] Both motors moved successfully.
2025-04-15 13:17:18 [INFO] Calculating from ZA.
2025-04-15 13:17:18 [INFO] Calculation successful: -8.772114145439202
2025-04-15 13:17:18 [INFO] Converting degrees to counts.
2025-04-15 13:17:18 [INFO] Conversion successful: -394
2025-04-15 13:17:33 [INFO] Both motors moved successfully.
2025-04-15 13:18:32 [INFO] Both motors stopped successfully.
2025-04-15 13:18:32 [INFO] Starting zeroing operation with velocity 1 RPM.
2025-04-15 13:18:42 [INFO] Zeroing operation completed successfully.
2025-04-15 13:24:07 [INFO] Calculating from ZA.
2025-04-15 13:24:07 [INFO] Calculation successful: -7.474232562648206
2025-04-15 13:24:07 [INFO] Converting degrees to counts.
2025-04-15 13:24:07 [INFO] Conversion successful: -336
2025-04-15 13:24:22 [INFO] Both motors moved successfully.
2025-04-15 13:25:22 [INFO] Calculating from ZA.
2025-04-15 13:25:22 [INFO] Calculation successful: -7.240320116843257
2025-04-15 13:25:22 [INFO] Converting degrees to counts.
2025-04-15 13:25:22 [INFO] Conversion successful: -325
2025-04-15 13:25:37 [INFO] Both motors moved successfully.
2025-04-15 13:26:37 [INFO] Calculating from ZA.
2025-04-15 13:26:37 [INFO] Calculation successful: -7.007387466280426
2025-04-15 13:26:37 [INFO] Converting degrees to counts.
2025-04-15 13:26:37 [INFO] Conversion successful: -315
2025-04-15 13:26:46 [INFO] Both motors stopped successfully.
2025-04-15 13:26:46 [INFO] Starting zeroing operation with velocity 1 RPM.
2025-04-15 13:26:56 [INFO] Zeroing operation completed successfully.
2025-04-15 13:29:03 [INFO] Calculating from ZA.
2025-04-15 13:29:03 [INFO] Calculation successful: -6.555740314842751
2025-04-15 13:29:03 [INFO] Converting degrees to counts.
2025-04-15 13:29:03 [INFO] Conversion successful: -295
2025-04-15 13:29:18 [INFO] Both motors moved successfully.
2025-04-15 13:30:18 [INFO] Calculating from ZA.
2025-04-15 13:30:18 [INFO] Calculation successful: -6.324868021706655
2025-04-15 13:30:18 [INFO] Converting degrees to counts.
2025-04-15 13:30:18 [INFO] Conversion successful: -284
2025-04-15 13:30:33 [INFO] Both motors moved successfully.
2025-04-15 13:31:33 [INFO] Calculating from ZA.
2025-04-15 13:31:33 [INFO] Calculation successful: -6.094520188530826
2025-04-15 13:31:33 [INFO] Converting degrees to counts.
2025-04-15 13:31:33 [INFO] Conversion successful: -274
2025-04-15 13:31:42 [INFO] Both motors stopped successfully.
2025-04-15 13:31:42 [INFO] Starting zeroing operation with velocity 1 RPM.
2025-04-15 13:31:52 [INFO] Zeroing operation completed successfully.
2025-04-16 13:30:13 [INFO] Calculating from ZA.
2025-04-16 13:30:13 [INFO] Calculation successful: -5.619310054307544
2025-04-16 13:30:13 [INFO] Converting degrees to counts.
2025-04-16 13:30:13 [INFO] Conversion successful: -252
2025-04-16 13:30:28 [INFO] Both motors moved successfully.
2025-04-16 13:31:28 [INFO] Calculating from ZA.
2025-04-16 13:31:28 [INFO] Calculation successful: -5.3896680012145515
2025-04-16 13:31:28 [INFO] Converting degrees to counts.
2025-04-16 13:31:28 [INFO] Conversion successful: -242
2025-04-16 13:31:32 [INFO] Both motors stopped successfully.
2025-04-16 13:31:32 [INFO] Starting zeroing operation with velocity 1 RPM.
2025-04-16 13:31:42 [INFO] Zeroing operation completed successfully.
2025-04-16 13:34:38 [INFO] Calculating from ZA.
2025-04-16 13:34:38 [INFO] Calculation successful: -4.806463353333673
2025-04-16 13:34:38 [INFO] Converting degrees to counts.
2025-04-16 13:34:38 [INFO] Conversion successful: -216
2025-04-16 13:34:53 [INFO] Both motors moved successfully.
2025-04-16 13:35:53 [INFO] Calculating from ZA.
2025-04-16 13:35:53 [INFO] Calculation successful: -4.576223717159154
2025-04-16 13:35:53 [INFO] Converting degrees to counts.
2025-04-16 13:35:53 [INFO] Conversion successful: -205
2025-04-16 13:36:08 [INFO] Both motors moved successfully.
2025-04-16 13:37:08 [INFO] Calculating from ZA.
2025-04-16 13:37:08 [INFO] Calculation successful: -4.345490281421646
2025-04-16 13:37:08 [INFO] Converting degrees to counts.
2025-04-16 13:37:08 [INFO] Conversion successful: -195
2025-04-16 13:37:23 [INFO] Both motors moved successfully.
2025-04-16 13:37:42 [INFO] Both motors stopped successfully.
2025-04-16 13:37:42 [INFO] Starting zeroing operation with velocity 1 RPM.
2025-04-16 13:37:52 [INFO] Zeroing operation completed successfully.
2025-04-16 13:41:07 [INFO] Calculating from ZA.
2025-04-16 13:41:07 [INFO] Calculation successful: -3.6109363121233073
2025-04-16 13:41:07 [INFO] Converting degrees to counts.
2025-04-16 13:41:07 [INFO] Conversion successful: -162
2025-04-16 13:41:22 [INFO] Both motors moved successfully.
2025-04-16 13:42:22 [INFO] Calculating from ZA.
2025-04-16 13:42:22 [INFO] Calculation successful: -3.3805573601379852
2025-04-16 13:42:22 [INFO] Converting degrees to counts.
2025-04-16 13:42:22 [INFO] Conversion successful: -152
2025-04-16 13:42:26 [INFO] Both motors stopped successfully.
2025-04-16 13:42:26 [INFO] Starting zeroing operation with velocity 1 RPM.
2025-04-16 13:42:36 [INFO] Zeroing operation completed successfully.
2025-04-16 13:43:22 [INFO] Calculating from ZA.
2025-04-16 13:43:22 [INFO] Calculation successful: -3.1959520239267025
2025-04-16 13:43:22 [INFO] Converting degrees to counts.
2025-04-16 13:43:22 [INFO] Conversion successful: -143
2025-04-16 13:43:37 [INFO] Both motors moved successfully.
2025-04-16 13:44:37 [INFO] Calculating from ZA.
2025-04-16 13:44:37 [INFO] Calculation successful: -2.9659191133143197
2025-04-16 13:44:37 [INFO] Converting degrees to counts.
2025-04-16 13:44:37 [INFO] Conversion successful: -133
2025-04-16 13:44:41 [INFO] Both motors stopped successfully.
2025-04-16 13:44:41 [INFO] Starting zeroing operation with velocity 1 RPM.
2025-04-16 13:44:51 [INFO] Zeroing operation completed successfully.
2025-04-16 15:29:59 [INFO] Calculating from ZA.
2025-04-16 15:29:59 [INFO] Calculation successful: -17.41131354525758
2025-04-16 15:29:59 [INFO] Converting degrees to counts.
2025-04-16 15:29:59 [INFO] Conversion successful: -783
2025-04-16 15:30:14 [INFO] Both motors moved successfully.
2025-04-16 15:31:14 [INFO] Calculating from ZA.
2025-04-16 15:31:14 [INFO] Calculation successful: -17.665467666748523
2025-04-16 15:31:14 [INFO] Converting degrees to counts.
2025-04-16 15:31:14 [INFO] Conversion successful: -794
2025-04-16 15:31:29 [INFO] Both motors moved successfully.
2025-04-16 15:32:29 [INFO] Calculating from ZA.
2025-04-16 15:32:29 [INFO] Calculation successful: -17.91473023088387
2025-04-16 15:32:29 [INFO] Converting degrees to counts.
2025-04-16 15:32:29 [INFO] Conversion successful: -806
2025-04-16 15:32:44 [INFO] Both motors moved successfully.
2025-04-16 15:32:58 [INFO] Both motors stopped successfully.
2025-04-16 15:32:58 [INFO] Starting zeroing operation with velocity 1 RPM.
2025-04-16 15:33:08 [INFO] Zeroing operation completed successfully.
2025-04-16 15:34:15 [INFO] Calculating from ZA.
2025-04-16 15:34:15 [INFO] Calculation successful: -18.258144736599125
2025-04-16 15:34:15 [INFO] Converting degrees to counts.
2025-04-16 15:34:15 [INFO] Conversion successful: -821
2025-04-16 15:34:30 [INFO] Both motors moved successfully.
2025-04-16 15:35:30 [INFO] Calculating from ZA.
2025-04-16 15:35:30 [INFO] Calculation successful: -18.492672715562442
2025-04-16 15:35:30 [INFO] Converting degrees to counts.
2025-04-16 15:35:30 [INFO] Conversion successful: -832
2025-04-16 15:35:45 [INFO] Both motors moved successfully.
2025-04-16 15:35:54 [INFO] Both motors stopped successfully.
2025-04-16 15:35:54 [INFO] Starting zeroing operation with velocity 1 RPM.
2025-04-16 15:36:04 [INFO] Zeroing operation completed successfully.
2025-04-16 15:36:38 [INFO] Calculating from ZA.
2025-04-16 15:36:38 [INFO] Calculation successful: -18.699525518547453
2025-04-16 15:36:38 [INFO] Converting degrees to counts.
2025-04-16 15:36:38 [INFO] Conversion successful: -841
2025-04-16 15:36:53 [INFO] Both motors moved successfully.
2025-04-16 15:37:53 [INFO] Calculating from ZA.
2025-04-16 15:37:53 [INFO] Calculation successful: -18.91984679385567
2025-04-16 15:37:53 [INFO] Converting degrees to counts.
2025-04-16 15:37:53 [INFO] Conversion successful: -851
2025-04-16 15:38:08 [INFO] Both motors moved successfully.
2025-04-16 15:39:08 [INFO] Calculating from ZA.
2025-04-16 15:39:08 [INFO] Calculation successful: -19.13430912911391
2025-04-16 15:39:08 [INFO] Converting degrees to counts.
2025-04-16 15:39:08 [INFO] Conversion successful: -861
2025-04-16 15:39:23 [INFO] Both motors moved successfully.
2025-04-16 15:40:23 [INFO] Calculating from ZA.
2025-04-16 15:40:23 [INFO] Calculation successful: -19.34388740918562
2025-04-16 15:40:23 [INFO] Converting degrees to counts.
2025-04-16 15:40:23 [INFO] Conversion successful: -870
2025-04-16 15:40:38 [INFO] Both motors moved successfully.
2025-04-16 15:41:38 [INFO] Calculating from ZA.
2025-04-16 15:41:38 [INFO] Calculation successful: -19.54972070701608
2025-04-16 15:41:38 [INFO] Converting degrees to counts.
2025-04-16 15:41:38 [INFO] Conversion successful: -879
2025-04-16 15:41:53 [INFO] Both motors moved successfully.
2025-04-16 15:42:53 [INFO] Calculating from ZA.
2025-04-16 15:42:53 [INFO] Calculation successful: -19.752740454326705
2025-04-16 15:42:53 [INFO] Converting degrees to counts.
2025-04-16 15:42:53 [INFO] Conversion successful: -888
2025-04-16 15:43:08 [INFO] Both motors moved successfully.
2025-04-16 15:43:57 [INFO] Both motors stopped successfully.
2025-04-16 15:43:57 [INFO] Starting zeroing operation with velocity 1 RPM.
2025-04-16 15:44:07 [INFO] Zeroing operation completed successfully.
2025-04-16 15:45:10 [INFO] Calculating from ZA.
2025-04-16 15:45:10 [INFO] Calculation successful: -20.119246479365906
2025-04-16 15:45:10 [INFO] Converting degrees to counts.
2025-04-16 15:45:10 [INFO] Conversion successful: -905
2025-04-16 15:45:25 [INFO] Both motors moved successfully.
2025-04-16 15:46:25 [INFO] Calculating from ZA.
2025-04-16 15:46:25 [INFO] Calculation successful: -20.320144594630904
2025-04-16 15:46:25 [INFO] Converting degrees to counts.
2025-04-16 15:46:25 [INFO] Conversion successful: -914
2025-04-16 15:46:29 [INFO] Both motors stopped successfully.
2025-04-16 15:46:29 [INFO] Starting zeroing operation with velocity 1 RPM.
2025-04-16 15:46:39 [INFO] Zeroing operation completed successfully.
2025-04-16 15:47:48 [INFO] Calculating from ZA.
2025-04-16 15:47:48 [INFO] Calculation successful: -20.543470819031832
2025-04-16 15:47:48 [INFO] Converting degrees to counts.
2025-04-16 15:47:48 [INFO] Conversion successful: -924
2025-04-16 15:48:03 [INFO] Both motors moved successfully.
2025-04-16 15:49:03 [INFO] Calculating from ZA.
2025-04-16 15:49:03 [INFO] Calculation successful: -20.748221746448152
2025-04-16 15:49:03 [INFO] Converting degrees to counts.
2025-04-16 15:49:03 [INFO] Conversion successful: -933
2025-04-16 15:49:18 [INFO] Both motors moved successfully.
2025-04-16 15:50:18 [INFO] Calculating from ZA.
2025-04-16 15:50:18 [INFO] Calculation successful: -20.956487295946385
2025-04-16 15:50:18 [INFO] Converting degrees to counts.
2025-04-16 15:50:18 [INFO] Conversion successful: -943
2025-04-16 15:50:23 [INFO] Both motors stopped successfully.
2025-04-16 15:50:23 [INFO] Starting zeroing operation with velocity 1 RPM.
2025-04-16 15:50:33 [INFO] Zeroing operation completed successfully.
2025-04-16 16:03:53 [INFO] Calculating from ZA.
2025-04-16 16:03:53 [INFO] Calculation successful: -23.768272640354084
2025-04-16 16:03:53 [INFO] Converting degrees to counts.
2025-04-16 16:03:53 [INFO] Conversion successful: -1069
2025-04-16 16:04:08 [INFO] Both motors moved successfully.
2025-04-16 16:05:08 [INFO] Calculating from ZA.
2025-04-16 16:05:08 [INFO] Calculation successful: -24.098180191423232
2025-04-16 16:05:08 [INFO] Converting degrees to counts.
2025-04-16 16:05:08 [INFO] Conversion successful: -1084
2025-04-16 16:05:23 [INFO] Both motors moved successfully.
2025-04-16 16:06:23 [INFO] Calculating from ZA.
2025-04-16 16:06:23 [INFO] Calculation successful: -24.43533403647478
2025-04-16 16:06:23 [INFO] Converting degrees to counts.
2025-04-16 16:06:23 [INFO] Conversion successful: -1099
2025-04-16 16:06:29 [INFO] Both motors stopped successfully.
2025-04-16 16:06:29 [INFO] Starting zeroing operation with velocity 1 RPM.
2025-04-16 16:06:39 [INFO] Zeroing operation completed successfully.
2025-04-16 16:08:17 [INFO] Calculating from ZA.
2025-04-16 16:08:17 [INFO] Calculation successful: -24.956095543136655
2025-04-16 16:08:17 [INFO] Converting degrees to counts.
2025-04-16 16:08:17 [INFO] Conversion successful: -1123
2025-04-16 16:08:32 [INFO] Both motors moved successfully.
2025-04-16 16:09:32 [INFO] Calculating from ZA.
2025-04-16 16:09:32 [INFO] Calculation successful: -25.302532294226204
2025-04-16 16:09:32 [INFO] Converting degrees to counts.
2025-04-16 16:09:32 [INFO] Conversion successful: -1138
2025-04-16 16:09:47 [INFO] Both motors moved successfully.
2025-04-16 16:10:47 [INFO] Calculating from ZA.
2025-04-16 16:10:47 [INFO] Calculation successful: -25.6490703365701
2025-04-16 16:10:47 [INFO] Converting degrees to counts.
2025-04-16 16:10:47 [INFO] Conversion successful: -1154
2025-04-16 16:10:48 [INFO] Both motors stopped successfully.
2025-04-16 16:10:48 [INFO] Starting zeroing operation with velocity 1 RPM.
2025-04-16 16:10:58 [INFO] Zeroing operation completed successfully.
2025-04-16 16:14:01 [INFO] Calculating from ZA.
2025-04-16 16:14:01 [INFO] Calculation successful: -26.5274089897615
2025-04-16 16:14:01 [INFO] Converting degrees to counts.
2025-04-16 16:14:01 [INFO] Conversion successful: -1193
2025-04-16 16:14:16 [INFO] Both motors moved successfully.
2025-04-16 16:15:16 [INFO] Calculating from ZA.
2025-04-16 16:15:16 [INFO] Calculation successful: -26.85695857897528
2025-04-16 16:15:16 [INFO] Converting degrees to counts.
2025-04-16 16:15:16 [INFO] Conversion successful: -1208
2025-04-16 16:15:31 [INFO] Both motors stopped successfully.
2025-04-16 16:15:31 [INFO] Starting zeroing operation with velocity 1 RPM.
2025-04-16 16:15:41 [INFO] Zeroing operation completed successfully.
2025-04-16 18:35:54 [INFO] Calculating from ZA.
2025-04-16 18:35:54 [INFO] Calculation successful: -75.59487071186669
2025-04-16 18:35:54 [INFO] Converting degrees to counts.
2025-04-16 18:35:54 [INFO] Conversion successful: -3401
2025-04-16 18:36:09 [INFO] Both motors moved successfully.
2025-04-16 18:37:09 [INFO] Calculating from ZA.
2025-04-16 18:37:09 [INFO] Calculation successful: -77.10295491841279
2025-04-16 18:37:09 [INFO] Converting degrees to counts.
2025-04-16 18:37:09 [INFO] Conversion successful: -3469
2025-04-16 18:37:24 [INFO] Both motors moved successfully.
2025-04-16 18:37:36 [INFO] Both motors stopped successfully.
2025-04-16 18:37:36 [INFO] Starting zeroing operation with velocity 1 RPM.
2025-04-16 18:37:46 [INFO] Zeroing operation completed successfully.
2025-04-16 18:48:56 [INFO] Calculating from ZA.
2025-04-16 18:48:56 [ERROR] Input zenith angle 60.418908643972586 is out of bounds (0.0, 60.0)
2025-04-16 18:48:56 [ERROR] Error calculating from ZA: Input zenith angle 60.418908643972586 is out of bounds.
2025-04-16 18:51:51 [INFO] Both motors stopped successfully.
2025-04-16 18:51:51 [INFO] Starting zeroing operation with velocity 1 RPM.
2025-04-16 18:52:01 [INFO] Zeroing operation completed successfully.
2025-04-16 18:52:28 [INFO] Calculating from ZA.
2025-04-16 18:52:28 [INFO] Calculation successful: -12.782051316053545
2025-04-16 18:52:28 [INFO] Converting degrees to counts.
2025-04-16 18:52:28 [INFO] Conversion successful: -575
2025-04-16 18:52:42 [INFO] Both motors stopped successfully.
2025-04-16 18:53:08 [INFO] Calculating from ZA.
2025-04-16 18:53:08 [INFO] Calculation successful: -12.647976066170125
2025-04-16 18:53:08 [INFO] Converting degrees to counts.
2025-04-16 18:53:08 [INFO] Conversion successful: -569
2025-04-16 18:53:23 [INFO] Both motors moved successfully.
2025-04-16 18:54:23 [INFO] Calculating from ZA.
2025-04-16 18:54:23 [INFO] Calculation successful: -12.393047272329685
2025-04-16 18:54:23 [INFO] Converting degrees to counts.
2025-04-16 18:54:23 [INFO] Conversion successful: -557
2025-04-16 18:54:38 [INFO] Both motors moved successfully.
2025-04-16 18:55:38 [INFO] Calculating from ZA.
2025-04-16 18:55:38 [INFO] Calculation successful: -12.13876716120289
2025-04-16 18:55:38 [INFO] Converting degrees to counts.
2025-04-16 18:55:38 [INFO] Conversion successful: -546
2025-04-16 18:55:53 [INFO] Both motors moved successfully.
2025-04-16 18:56:49 [INFO] Both motors stopped successfully.
2025-04-16 18:56:49 [INFO] Starting zeroing operation with velocity 1 RPM.
2025-04-16 18:56:59 [INFO] Zeroing operation completed successfully.
2025-04-16 18:59:30 [INFO] Calculating from ZA.
2025-04-16 18:59:30 [INFO] Calculation successful: -11.355704654891465
2025-04-16 18:59:30 [INFO] Converting degrees to counts.
2025-04-16 18:59:30 [INFO] Conversion successful: -511
2025-04-16 18:59:45 [INFO] Both motors moved successfully.
2025-04-16 19:00:45 [INFO] Calculating from ZA.
2025-04-16 19:00:45 [INFO] Calculation successful: -11.104265440091263
2025-04-16 19:00:45 [INFO] Converting degrees to counts.
2025-04-16 19:00:45 [INFO] Conversion successful: -499
2025-04-16 19:01:00 [INFO] Both motors moved successfully.
2025-04-16 19:01:17 [INFO] Both motors stopped successfully.
2025-04-16 19:01:17 [INFO] Starting zeroing operation with velocity 1 RPM.
2025-04-16 19:01:27 [INFO] Zeroing operation completed successfully.
2025-04-16 19:04:15 [INFO] Calculating from ZA.
2025-04-16 19:04:15 [INFO] Calculation successful: -10.405428222792455
2025-04-16 19:04:15 [INFO] Converting degrees to counts.
2025-04-16 19:04:15 [INFO] Conversion successful: -468
2025-04-16 19:04:30 [INFO] Both motors moved successfully.
2025-04-16 19:05:30 [INFO] Calculating from ZA.
2025-04-16 19:05:30 [INFO] Calculation successful: -10.157390468107248
2025-04-16 19:05:30 [INFO] Converting degrees to counts.
2025-04-16 19:05:30 [INFO] Conversion successful: -457
2025-04-16 19:05:45 [INFO] Both motors moved successfully.
2025-04-16 19:06:37 [INFO] Both motors stopped successfully.
2025-04-16 19:06:37 [INFO] Starting zeroing operation with velocity 1 RPM.
2025-04-16 19:06:47 [INFO] Zeroing operation completed successfully.
2025-04-16 19:09:28 [INFO] Calculating from ZA.
2025-04-16 19:09:28 [INFO] Calculation successful: -9.376893411246929
2025-04-16 19:09:28 [INFO] Converting degrees to counts.
2025-04-16 19:09:28 [INFO] Conversion successful: -421
2025-04-16 19:09:43 [INFO] Both motors moved successfully.
2025-04-16 19:10:43 [INFO] Calculating from ZA.
2025-04-16 19:10:43 [INFO] Calculation successful: -9.133129310413933
2025-04-16 19:10:43 [INFO] Converting degrees to counts.
2025-04-16 19:10:43 [INFO] Conversion successful: -410
2025-04-16 19:10:58 [INFO] Both motors moved successfully.
2025-04-16 19:11:05 [INFO] Both motors stopped successfully.
2025-04-16 19:11:05 [INFO] Starting zeroing operation with velocity 1 RPM.
2025-04-16 19:11:15 [INFO] Zeroing operation completed successfully.
