2026-03-16 11:06:01,813 [DEBUG] Initializing AdcActions class. (at adc_actions.py)
2026-03-16 11:06:01,813 [INFO] Lookup table found: /media/shyunc/DATA/KSpec/KSPEC_ICS/ADC/Simul/kspec_adc_controller/src/etc/ADC_lookup.csv (at adc_actions.py)
2026-03-16 11:06:01,814 [INFO] Interpolation function using pchip method created. (at adc_actions.py)
2026-03-16 11:06:37,049 [INFO] Connecting to devices. (at adc_actions.py)
2026-03-16 11:06:37,050 [INFO] Connection successful. (at adc_actions.py)
2026-03-16 11:06:39,051 [INFO] Starting homing operation. (at adc_actions.py)
2026-03-16 11:06:39,052 [DEBUG] Calling homing method on controller. (at adc_actions.py)
2026-03-16 11:06:49,054 [INFO] Homing completed successfully. (at adc_actions.py)
2026-03-16 11:06:51,050 [INFO] Starting zeroing operation with velocity 4 RPM. (at adc_actions.py)
2026-03-16 11:06:51,051 [DEBUG] Initiating homing as part of zeroing. (at adc_actions.py)
2026-03-16 11:07:01,052 [INFO] Zeroing operation completed successfully. (at adc_actions.py)
2026-03-16 11:07:03,048 [INFO] Retrieving status for motor 0. (at adc_actions.py)
2026-03-16 11:07:03,049 [INFO] Motor 0 status: $$$$$ (at adc_actions.py)
2026-03-16 11:07:40,005 [ERROR] Input zenith angle 84.73605514891398 is out of bounds (0.0, 60.0) (at adc_actions.py)
2026-03-16 11:08:00,352 [ERROR] Input zenith angle 110.74318139327555 is out of bounds (0.0, 60.0) (at adc_actions.py)
2026-03-16 11:08:09,428 [DEBUG] Converted -34.44676070048993 degrees to -1550 counts. (at adc_actions.py)
2026-03-16 11:08:09,429 [DEBUG] Starting simultaneous move for motors 1 and 2 to position -1550 with velocity 1. (at adc_actions.py)
2026-03-16 11:08:09,429 [INFO] Both motors moved successfully. (at adc_actions.py)
2026-03-16 11:08:21,276 [DEBUG] Stopping both motors simultaneously. (at adc_actions.py)
2026-03-16 11:08:21,277 [INFO] Both motors stopped successfully. (at adc_actions.py)
2026-03-16 11:14:37,559 [INFO] Starting zeroing operation with velocity 2 RPM. (at adc_actions.py)
2026-03-16 11:14:37,560 [DEBUG] Initiating homing as part of zeroing. (at adc_actions.py)
2026-03-16 11:14:47,562 [INFO] Zeroing operation completed successfully. (at adc_actions.py)
2026-03-16 11:14:55,457 [INFO] Starting homing operation. (at adc_actions.py)
2026-03-16 11:14:55,458 [DEBUG] Calling homing method on controller. (at adc_actions.py)
2026-03-16 11:15:05,460 [INFO] Homing completed successfully. (at adc_actions.py)
2026-03-16 11:15:44,917 [INFO] Starting zeroing operation with velocity 0 RPM. (at adc_actions.py)
2026-03-16 11:15:44,918 [DEBUG] Initiating homing as part of zeroing. (at adc_actions.py)
2026-03-16 11:15:54,920 [INFO] Zeroing operation completed successfully. (at adc_actions.py)
2026-03-16 11:15:58,757 [INFO] Starting zeroing operation with velocity 2 RPM. (at adc_actions.py)
2026-03-16 11:15:58,758 [DEBUG] Initiating homing as part of zeroing. (at adc_actions.py)
2026-03-16 11:16:08,760 [INFO] Zeroing operation completed successfully. (at adc_actions.py)
2026-03-16 11:16:48,050 [INFO] Connecting to devices. (at adc_actions.py)
2026-03-16 11:16:48,050 [INFO] Connection successful. (at adc_actions.py)
2026-03-16 11:16:50,053 [INFO] Starting homing operation. (at adc_actions.py)
2026-03-16 11:16:50,054 [DEBUG] Calling homing method on controller. (at adc_actions.py)
2026-03-16 11:17:00,055 [INFO] Homing completed successfully. (at adc_actions.py)
2026-03-16 11:17:02,053 [INFO] Starting zeroing operation with velocity 4 RPM. (at adc_actions.py)
2026-03-16 11:17:02,054 [DEBUG] Initiating homing as part of zeroing. (at adc_actions.py)
2026-03-16 11:17:12,055 [INFO] Zeroing operation completed successfully. (at adc_actions.py)
2026-03-16 11:17:14,051 [INFO] Retrieving status for motor 0. (at adc_actions.py)
2026-03-16 11:17:14,052 [INFO] Motor 0 status: $$$$$ (at adc_actions.py)
2026-03-16 11:18:10,668 [DEBUG] Converted -32.53114539011556 degrees to -1463 counts. (at adc_actions.py)
2026-03-16 11:18:10,670 [DEBUG] Starting simultaneous move for motors 1 and 2 to position -1463 with velocity 1. (at adc_actions.py)
2026-03-16 11:18:10,670 [INFO] Both motors moved successfully. (at adc_actions.py)
2026-03-16 11:19:10,681 [DEBUG] Converted -32.35010313964227 degrees to -1455 counts. (at adc_actions.py)
2026-03-16 11:19:10,682 [DEBUG] Starting simultaneous move for motors 1 and 2 to position 8 with velocity 1. (at adc_actions.py)
2026-03-16 11:19:10,682 [INFO] Both motors moved successfully. (at adc_actions.py)
2026-03-16 11:19:18,794 [DEBUG] Stopping both motors simultaneously. (at adc_actions.py)
2026-03-16 11:19:18,795 [INFO] Both motors stopped successfully. (at adc_actions.py)
2026-03-16 14:04:08,052 [INFO] Connecting to devices. (at adc_actions.py)
2026-03-16 14:04:08,053 [INFO] Connection successful. (at adc_actions.py)
2026-03-16 14:04:10,049 [INFO] Starting homing operation. (at adc_actions.py)
2026-03-16 14:04:10,049 [DEBUG] Calling homing method on controller. (at adc_actions.py)
2026-03-16 14:04:20,051 [INFO] Homing completed successfully. (at adc_actions.py)
2026-03-16 14:04:22,053 [INFO] Starting zeroing operation with velocity 4 RPM. (at adc_actions.py)
2026-03-16 14:04:22,054 [DEBUG] Initiating homing as part of zeroing. (at adc_actions.py)
2026-03-16 14:04:32,056 [INFO] Zeroing operation completed successfully. (at adc_actions.py)
2026-03-16 14:04:34,047 [INFO] Retrieving status for motor 0. (at adc_actions.py)
2026-03-16 14:04:34,048 [INFO] Motor 0 status: $$$$$ (at adc_actions.py)
2026-03-16 14:04:59,664 [DEBUG] Converted -0.24302595066859586 degrees to -10 counts. (at adc_actions.py)
2026-03-16 14:04:59,665 [DEBUG] Starting simultaneous move for motors 1 and 2 to position -10 with velocity 1. (at adc_actions.py)
2026-03-16 14:04:59,665 [INFO] Both motors moved successfully. (at adc_actions.py)
2026-03-16 14:05:05,728 [DEBUG] Stopping both motors simultaneously. (at adc_actions.py)
2026-03-16 14:05:05,728 [INFO] Both motors stopped successfully. (at adc_actions.py)
2026-03-16 14:05:34,911 [DEBUG] Converted -0.3266916490125244 degrees to -14 counts. (at adc_actions.py)
2026-03-16 14:05:34,912 [DEBUG] Starting simultaneous move for motors 1 and 2 to position -14 with velocity 1. (at adc_actions.py)
2026-03-16 14:05:34,912 [INFO] Both motors moved successfully. (at adc_actions.py)
2026-03-16 14:06:30,660 [DEBUG] Stopping both motors simultaneously. (at adc_actions.py)
2026-03-16 14:06:30,660 [INFO] Both motors stopped successfully. (at adc_actions.py)
2026-03-16 14:46:28,049 [INFO] Connecting to devices. (at adc_actions.py)
2026-03-16 14:46:28,050 [INFO] Connection successful. (at adc_actions.py)
2026-03-16 14:46:30,051 [INFO] Starting homing operation. (at adc_actions.py)
2026-03-16 14:46:30,052 [DEBUG] Calling homing method on controller. (at adc_actions.py)
2026-03-16 14:46:40,054 [INFO] Homing completed successfully. (at adc_actions.py)
2026-03-16 14:46:42,051 [INFO] Starting zeroing operation with velocity 4 RPM. (at adc_actions.py)
2026-03-16 14:46:42,052 [DEBUG] Initiating homing as part of zeroing. (at adc_actions.py)
2026-03-16 14:46:52,054 [INFO] Zeroing operation completed successfully. (at adc_actions.py)
2026-03-16 14:46:54,049 [INFO] Retrieving status for motor 0. (at adc_actions.py)
2026-03-16 14:46:54,050 [INFO] Motor 0 status: $$$$$ (at adc_actions.py)
2026-03-16 14:47:20,061 [DEBUG] Converted -7.986310132675834 degrees to -359 counts. (at adc_actions.py)
2026-03-16 14:47:20,063 [DEBUG] Starting simultaneous move for motors 1 and 2 to position -359 with velocity 1. (at adc_actions.py)
2026-03-16 14:47:20,063 [INFO] Both motors moved successfully. (at adc_actions.py)
2026-03-16 14:47:58,996 [DEBUG] Stopping both motors simultaneously. (at adc_actions.py)
2026-03-16 14:47:58,996 [INFO] Both motors stopped successfully. (at adc_actions.py)
2026-03-16 14:51:11,051 [INFO] Connecting to devices. (at adc_actions.py)
2026-03-16 14:51:11,052 [INFO] Connection successful. (at adc_actions.py)
2026-03-16 14:51:13,053 [INFO] Starting homing operation. (at adc_actions.py)
2026-03-16 14:51:13,054 [DEBUG] Calling homing method on controller. (at adc_actions.py)
2026-03-16 14:51:23,055 [INFO] Homing completed successfully. (at adc_actions.py)
2026-03-16 14:51:25,053 [INFO] Starting zeroing operation with velocity 4 RPM. (at adc_actions.py)
2026-03-16 14:51:25,054 [DEBUG] Initiating homing as part of zeroing. (at adc_actions.py)
2026-03-16 14:51:35,057 [INFO] Zeroing operation completed successfully. (at adc_actions.py)
2026-03-16 14:51:37,051 [INFO] Retrieving status for motor 0. (at adc_actions.py)
2026-03-16 14:51:37,052 [INFO] Motor 0 status: $$$$$ (at adc_actions.py)
2026-03-16 14:52:05,008 [DEBUG] Converted -8.897156130362964 degrees to -400 counts. (at adc_actions.py)
2026-03-16 14:52:05,009 [DEBUG] Starting simultaneous move for motors 1 and 2 to position -400 with velocity 1. (at adc_actions.py)
2026-03-16 14:52:05,010 [INFO] Both motors moved successfully. (at adc_actions.py)
2026-03-16 14:52:38,843 [DEBUG] Stopping both motors simultaneously. (at adc_actions.py)
2026-03-16 14:52:38,844 [INFO] Both motors stopped successfully. (at adc_actions.py)
2026-03-16 14:53:43,566 [DEBUG] Converted -9.216738595599557 degrees to -414 counts. (at adc_actions.py)
2026-03-16 14:53:43,567 [DEBUG] Starting simultaneous move for motors 1 and 2 to position -414 with velocity 1. (at adc_actions.py)
2026-03-16 14:53:43,567 [INFO] Both motors moved successfully. (at adc_actions.py)
2026-03-16 14:54:08,388 [DEBUG] Stopping both motors simultaneously. (at adc_actions.py)
2026-03-16 14:54:08,389 [INFO] Both motors stopped successfully. (at adc_actions.py)
2026-03-16 15:42:01,549 [INFO] Connecting to devices. (at adc_actions.py)
2026-03-16 15:42:01,550 [INFO] Connection successful. (at adc_actions.py)
2026-03-16 15:42:03,551 [INFO] Starting homing operation. (at adc_actions.py)
2026-03-16 15:42:03,552 [DEBUG] Calling homing method on controller. (at adc_actions.py)
2026-03-16 15:42:13,553 [INFO] Homing completed successfully. (at adc_actions.py)
2026-03-16 15:42:15,551 [INFO] Starting zeroing operation with velocity 4 RPM. (at adc_actions.py)
2026-03-16 15:42:15,551 [DEBUG] Initiating homing as part of zeroing. (at adc_actions.py)
2026-03-16 15:42:25,554 [INFO] Zeroing operation completed successfully. (at adc_actions.py)
2026-03-16 15:42:27,549 [INFO] Retrieving status for motor 0. (at adc_actions.py)
2026-03-16 15:42:27,550 [INFO] Motor 0 status: $$$$$ (at adc_actions.py)
2026-03-16 15:43:36,183 [DEBUG] Converted -19.331447388720427 degrees to -869 counts. (at adc_actions.py)
2026-03-16 15:43:36,184 [DEBUG] Starting simultaneous move for motors 1 and 2 to position -869 with velocity 1. (at adc_actions.py)
2026-03-16 15:43:36,185 [INFO] Both motors moved successfully. (at adc_actions.py)
2026-03-16 15:44:09,882 [DEBUG] Stopping both motors simultaneously. (at adc_actions.py)
2026-03-16 15:44:09,882 [INFO] Both motors stopped successfully. (at adc_actions.py)
2026-03-16 16:03:16,550 [INFO] Connecting to devices. (at adc_actions.py)
2026-03-16 16:03:16,551 [INFO] Connection successful. (at adc_actions.py)
2026-03-16 16:03:18,551 [INFO] Starting homing operation. (at adc_actions.py)
2026-03-16 16:03:18,551 [DEBUG] Calling homing method on controller. (at adc_actions.py)
2026-03-16 16:03:28,553 [INFO] Homing completed successfully. (at adc_actions.py)
2026-03-16 16:03:30,551 [INFO] Starting zeroing operation with velocity 4 RPM. (at adc_actions.py)
2026-03-16 16:03:30,551 [DEBUG] Initiating homing as part of zeroing. (at adc_actions.py)
2026-03-16 16:03:40,554 [INFO] Zeroing operation completed successfully. (at adc_actions.py)
2026-03-16 16:03:42,549 [INFO] Retrieving status for motor 0. (at adc_actions.py)
2026-03-16 16:03:42,550 [INFO] Motor 0 status: $$$$$ (at adc_actions.py)
2026-03-16 16:05:39,564 [DEBUG] Converted -23.382115867273207 degrees to -1052 counts. (at adc_actions.py)
2026-03-16 16:05:39,565 [DEBUG] Starting simultaneous move for motors 1 and 2 to position -1052 with velocity 1. (at adc_actions.py)
2026-03-16 16:05:39,566 [INFO] Both motors moved successfully. (at adc_actions.py)
2026-03-16 16:06:39,484 [DEBUG] Stopping both motors simultaneously. (at adc_actions.py)
2026-03-16 16:06:39,485 [INFO] Both motors stopped successfully. (at adc_actions.py)
2026-03-16 16:16:56,049 [INFO] Connecting to devices. (at adc_actions.py)
2026-03-16 16:16:56,050 [INFO] Connection successful. (at adc_actions.py)
2026-03-16 16:16:58,050 [INFO] Starting homing operation. (at adc_actions.py)
2026-03-16 16:16:58,051 [DEBUG] Calling homing method on controller. (at adc_actions.py)
2026-03-16 16:17:08,053 [INFO] Homing completed successfully. (at adc_actions.py)
2026-03-16 16:17:10,050 [INFO] Starting zeroing operation with velocity 4 RPM. (at adc_actions.py)
2026-03-16 16:17:10,051 [DEBUG] Initiating homing as part of zeroing. (at adc_actions.py)
2026-03-16 16:17:20,053 [INFO] Zeroing operation completed successfully. (at adc_actions.py)
2026-03-16 16:17:22,049 [INFO] Retrieving status for motor 0. (at adc_actions.py)
2026-03-16 16:17:22,050 [INFO] Motor 0 status: $$$$$ (at adc_actions.py)
2026-03-16 16:18:19,053 [DEBUG] Converted -26.799118412985223 degrees to -1205 counts. (at adc_actions.py)
2026-03-16 16:18:19,054 [DEBUG] Starting simultaneous move for motors 1 and 2 to position -1205 with velocity 1. (at adc_actions.py)
2026-03-16 16:18:19,054 [INFO] Both motors moved successfully. (at adc_actions.py)
2026-03-16 16:19:13,207 [DEBUG] Stopping both motors simultaneously. (at adc_actions.py)
2026-03-16 16:19:13,207 [INFO] Both motors stopped successfully. (at adc_actions.py)
2026-03-16 16:27:00,549 [INFO] Connecting to devices. (at adc_actions.py)
2026-03-16 16:27:00,550 [INFO] Connection successful. (at adc_actions.py)
2026-03-16 16:27:02,550 [INFO] Starting homing operation. (at adc_actions.py)
2026-03-16 16:27:02,551 [DEBUG] Calling homing method on controller. (at adc_actions.py)
2026-03-16 16:27:12,553 [INFO] Homing completed successfully. (at adc_actions.py)
2026-03-16 16:27:14,551 [INFO] Starting zeroing operation with velocity 4 RPM. (at adc_actions.py)
2026-03-16 16:27:14,551 [DEBUG] Initiating homing as part of zeroing. (at adc_actions.py)
2026-03-16 16:27:24,554 [INFO] Zeroing operation completed successfully. (at adc_actions.py)
2026-03-16 16:27:26,549 [INFO] Retrieving status for motor 0. (at adc_actions.py)
2026-03-16 16:27:26,549 [INFO] Motor 0 status: $$$$$ (at adc_actions.py)
2026-03-16 16:31:56,542 [DEBUG] Converted -29.612514565858653 degrees to -1332 counts. (at adc_actions.py)
2026-03-16 16:31:56,543 [DEBUG] Starting simultaneous move for motors 1 and 2 to position -1332 with velocity 1. (at adc_actions.py)
2026-03-16 16:31:56,544 [INFO] Both motors moved successfully. (at adc_actions.py)
2026-03-16 16:32:31,037 [DEBUG] Stopping both motors simultaneously. (at adc_actions.py)
2026-03-16 16:32:31,038 [INFO] Both motors stopped successfully. (at adc_actions.py)
2026-03-16 16:38:43,552 [INFO] Connecting to devices. (at adc_actions.py)
2026-03-16 16:38:43,553 [INFO] Connection successful. (at adc_actions.py)
2026-03-16 16:38:45,554 [INFO] Starting homing operation. (at adc_actions.py)
2026-03-16 16:38:45,554 [DEBUG] Calling homing method on controller. (at adc_actions.py)
2026-03-16 16:38:55,556 [INFO] Homing completed successfully. (at adc_actions.py)
2026-03-16 16:38:57,554 [INFO] Starting zeroing operation with velocity 4 RPM. (at adc_actions.py)
2026-03-16 16:38:57,554 [DEBUG] Initiating homing as part of zeroing. (at adc_actions.py)
2026-03-16 16:39:07,556 [INFO] Zeroing operation completed successfully. (at adc_actions.py)
2026-03-16 16:39:09,551 [INFO] Retrieving status for motor 0. (at adc_actions.py)
2026-03-16 16:39:09,552 [INFO] Motor 0 status: $$$$$ (at adc_actions.py)
2026-03-16 16:40:20,056 [DEBUG] Converted -30.926222982797967 degrees to -1391 counts. (at adc_actions.py)
2026-03-16 16:40:20,057 [DEBUG] Starting simultaneous move for motors 1 and 2 to position -1391 with velocity 1. (at adc_actions.py)
2026-03-16 16:40:20,057 [INFO] Both motors moved successfully. (at adc_actions.py)
2026-03-16 16:40:53,139 [DEBUG] Stopping both motors simultaneously. (at adc_actions.py)
2026-03-16 16:40:53,139 [INFO] Both motors stopped successfully. (at adc_actions.py)
2026-03-16 16:51:15,049 [INFO] Connecting to devices. (at adc_actions.py)
2026-03-16 16:51:15,050 [INFO] Connection successful. (at adc_actions.py)
2026-03-16 16:51:17,050 [INFO] Starting homing operation. (at adc_actions.py)
2026-03-16 16:51:17,051 [DEBUG] Calling homing method on controller. (at adc_actions.py)
2026-03-16 16:51:27,053 [INFO] Homing completed successfully. (at adc_actions.py)
2026-03-16 16:51:29,050 [INFO] Starting zeroing operation with velocity 4 RPM. (at adc_actions.py)
2026-03-16 16:51:29,051 [DEBUG] Initiating homing as part of zeroing. (at adc_actions.py)
2026-03-16 16:51:39,053 [INFO] Zeroing operation completed successfully. (at adc_actions.py)
2026-03-16 16:51:41,048 [INFO] Retrieving status for motor 0. (at adc_actions.py)
2026-03-16 16:51:41,049 [INFO] Motor 0 status: $$$$$ (at adc_actions.py)
2026-03-16 16:52:25,947 [DEBUG] Converted -32.98456005563281 degrees to -1484 counts. (at adc_actions.py)
2026-03-16 16:52:25,948 [DEBUG] Starting simultaneous move for motors 1 and 2 to position -1484 with velocity 1. (at adc_actions.py)
2026-03-16 16:52:25,948 [INFO] Both motors moved successfully. (at adc_actions.py)
2026-03-16 16:52:58,910 [DEBUG] Stopping both motors simultaneously. (at adc_actions.py)
2026-03-16 16:52:58,911 [INFO] Both motors stopped successfully. (at adc_actions.py)
2026-03-16 16:59:56,049 [INFO] Connecting to devices. (at adc_actions.py)
2026-03-16 16:59:56,050 [INFO] Connection successful. (at adc_actions.py)
2026-03-16 16:59:58,051 [INFO] Starting homing operation. (at adc_actions.py)
2026-03-16 16:59:58,051 [DEBUG] Calling homing method on controller. (at adc_actions.py)
2026-03-16 17:00:08,053 [INFO] Homing completed successfully. (at adc_actions.py)
2026-03-16 17:00:10,051 [INFO] Starting zeroing operation with velocity 4 RPM. (at adc_actions.py)
2026-03-16 17:00:10,052 [DEBUG] Initiating homing as part of zeroing. (at adc_actions.py)
2026-03-16 17:00:20,054 [INFO] Zeroing operation completed successfully. (at adc_actions.py)
2026-03-16 17:00:22,050 [INFO] Retrieving status for motor 0. (at adc_actions.py)
2026-03-16 17:00:22,050 [INFO] Motor 0 status: $$$$$ (at adc_actions.py)
2026-03-16 17:00:53,057 [DEBUG] Converted -34.587901239849444 degrees to -1556 counts. (at adc_actions.py)
2026-03-16 17:00:53,058 [DEBUG] Starting simultaneous move for motors 1 and 2 to position -1556 with velocity 1. (at adc_actions.py)
2026-03-16 17:00:53,058 [INFO] Both motors moved successfully. (at adc_actions.py)
2026-03-16 17:01:36,435 [DEBUG] Stopping both motors simultaneously. (at adc_actions.py)
2026-03-16 17:01:36,436 [INFO] Both motors stopped successfully. (at adc_actions.py)
