2025-09-09 13:37:13,841 [DEBUG] Initializing AdcActions class. (at adc_actions.py)
2025-09-09 13:37:13,841 [INFO] Lookup table found: /media/shyunc/DATA/KSpec/KSPEC_ICS/ADC/Simul/kspec_adc_controller/src/etc/ADC_lookup.csv (at adc_actions.py)
2025-09-09 13:37:13,842 [INFO] Interpolation function using pchip method created. (at adc_actions.py)
2025-09-09 13:46:14,048 [INFO] Connecting to devices. (at adc_actions.py)
2025-09-09 13:46:14,048 [INFO] Connection successful. (at adc_actions.py)
2025-09-09 13:46:14,051 [INFO] Starting homing operation. (at adc_actions.py)
2025-09-09 13:46:14,051 [DEBUG] Calling homing method on controller. (at adc_actions.py)
2025-09-09 13:46:24,053 [INFO] Homing completed successfully. (at adc_actions.py)
2025-09-09 13:46:24,065 [INFO] Starting zeroing operation with velocity 1 RPM. (at adc_actions.py)
2025-09-09 13:46:24,066 [DEBUG] Initiating homing as part of zeroing. (at adc_actions.py)
2025-09-09 13:46:34,067 [INFO] Zeroing operation completed successfully. (at adc_actions.py)
2025-09-09 13:46:34,081 [INFO] Retrieving status for motor 0. (at adc_actions.py)
2025-09-09 13:46:34,082 [INFO] Motor 0 status: $$$$$ (at adc_actions.py)
2025-09-09 13:51:26,610 [INFO] Connecting to devices. (at adc_actions.py)
2025-09-09 13:51:26,611 [INFO] Connection successful. (at adc_actions.py)
2025-09-09 13:51:26,615 [INFO] Starting homing operation. (at adc_actions.py)
2025-09-09 13:51:26,616 [DEBUG] Calling homing method on controller. (at adc_actions.py)
2025-09-09 13:51:36,618 [INFO] Homing completed successfully. (at adc_actions.py)
2025-09-09 13:51:36,632 [INFO] Starting zeroing operation with velocity 1 RPM. (at adc_actions.py)
2025-09-09 13:51:36,633 [DEBUG] Initiating homing as part of zeroing. (at adc_actions.py)
2025-09-09 13:51:46,634 [INFO] Zeroing operation completed successfully. (at adc_actions.py)
2025-09-09 13:51:46,646 [INFO] Retrieving status for motor 0. (at adc_actions.py)
2025-09-09 13:51:46,647 [INFO] Motor 0 status: $$$$$ (at adc_actions.py)
2025-09-09 15:00:41,803 [INFO] Connecting to devices. (at adc_actions.py)
2025-09-09 15:00:41,803 [INFO] Connection successful. (at adc_actions.py)
2025-09-09 15:00:41,806 [INFO] Starting homing operation. (at adc_actions.py)
2025-09-09 15:00:41,806 [DEBUG] Calling homing method on controller. (at adc_actions.py)
2025-09-09 15:00:51,808 [INFO] Homing completed successfully. (at adc_actions.py)
2025-09-09 15:00:51,817 [INFO] Starting zeroing operation with velocity 1 RPM. (at adc_actions.py)
2025-09-09 15:00:51,818 [DEBUG] Initiating homing as part of zeroing. (at adc_actions.py)
2025-09-09 15:01:01,819 [INFO] Zeroing operation completed successfully. (at adc_actions.py)
2025-09-09 15:01:01,831 [INFO] Retrieving status for motor 0. (at adc_actions.py)
2025-09-09 15:01:01,831 [INFO] Motor 0 status: $$$$$ (at adc_actions.py)
2025-09-09 15:02:07,398 [INFO] Connecting to devices. (at adc_actions.py)
2025-09-09 15:02:07,398 [INFO] Connection successful. (at adc_actions.py)
2025-09-09 15:02:07,402 [INFO] Starting homing operation. (at adc_actions.py)
2025-09-09 15:02:07,402 [DEBUG] Calling homing method on controller. (at adc_actions.py)
2025-09-09 15:02:17,403 [INFO] Homing completed successfully. (at adc_actions.py)
2025-09-09 15:02:17,418 [INFO] Starting zeroing operation with velocity 1 RPM. (at adc_actions.py)
2025-09-09 15:02:17,418 [DEBUG] Initiating homing as part of zeroing. (at adc_actions.py)
2025-09-09 15:02:27,419 [INFO] Zeroing operation completed successfully. (at adc_actions.py)
2025-09-09 15:02:27,428 [INFO] Retrieving status for motor 0. (at adc_actions.py)
2025-09-09 15:02:27,428 [INFO] Motor 0 status: $$$$$ (at adc_actions.py)
2025-09-09 15:19:18,209 [INFO] Connecting to devices. (at adc_actions.py)
2025-09-09 15:19:18,209 [INFO] Connection successful. (at adc_actions.py)
2025-09-09 15:19:18,213 [INFO] Starting homing operation. (at adc_actions.py)
2025-09-09 15:19:18,213 [DEBUG] Calling homing method on controller. (at adc_actions.py)
2025-09-09 15:19:28,215 [INFO] Homing completed successfully. (at adc_actions.py)
2025-09-09 15:19:28,218 [INFO] Starting zeroing operation with velocity 1 RPM. (at adc_actions.py)
2025-09-09 15:19:28,219 [DEBUG] Initiating homing as part of zeroing. (at adc_actions.py)
2025-09-09 15:19:38,220 [INFO] Zeroing operation completed successfully. (at adc_actions.py)
2025-09-09 15:19:38,224 [INFO] Retrieving status for motor 0. (at adc_actions.py)
2025-09-09 15:19:38,224 [INFO] Motor 0 status: $$$$$ (at adc_actions.py)
2025-09-09 15:20:49,795 [INFO] Connecting to devices. (at adc_actions.py)
2025-09-09 15:20:49,795 [INFO] Connection successful. (at adc_actions.py)
2025-09-09 15:20:49,798 [INFO] Starting homing operation. (at adc_actions.py)
2025-09-09 15:20:49,799 [DEBUG] Calling homing method on controller. (at adc_actions.py)
2025-09-09 15:20:59,799 [INFO] Homing completed successfully. (at adc_actions.py)
2025-09-09 15:20:59,803 [INFO] Starting zeroing operation with velocity 1 RPM. (at adc_actions.py)
2025-09-09 15:20:59,804 [DEBUG] Initiating homing as part of zeroing. (at adc_actions.py)
2025-09-09 15:21:09,804 [INFO] Zeroing operation completed successfully. (at adc_actions.py)
2025-09-09 15:21:09,808 [INFO] Retrieving status for motor 0. (at adc_actions.py)
2025-09-09 15:21:09,809 [INFO] Motor 0 status: $$$$$ (at adc_actions.py)
2025-09-09 15:25:33,307 [INFO] Connecting to devices. (at adc_actions.py)
2025-09-09 15:25:33,307 [INFO] Connection successful. (at adc_actions.py)
2025-09-09 15:25:33,310 [INFO] Starting homing operation. (at adc_actions.py)
2025-09-09 15:25:33,310 [DEBUG] Calling homing method on controller. (at adc_actions.py)
2025-09-09 15:25:43,311 [INFO] Homing completed successfully. (at adc_actions.py)
2025-09-09 15:25:43,316 [INFO] Starting zeroing operation with velocity 1 RPM. (at adc_actions.py)
2025-09-09 15:25:43,316 [DEBUG] Initiating homing as part of zeroing. (at adc_actions.py)
2025-09-09 15:25:53,318 [INFO] Zeroing operation completed successfully. (at adc_actions.py)
2025-09-09 15:25:53,321 [INFO] Retrieving status for motor 0. (at adc_actions.py)
2025-09-09 15:25:53,321 [INFO] Motor 0 status: $$$$$ (at adc_actions.py)
2025-09-09 15:27:01,996 [INFO] Connecting to devices. (at adc_actions.py)
2025-09-09 15:27:01,996 [INFO] Connection successful. (at adc_actions.py)
2025-09-09 15:27:01,999 [INFO] Starting homing operation. (at adc_actions.py)
2025-09-09 15:27:01,999 [DEBUG] Calling homing method on controller. (at adc_actions.py)
2025-09-09 15:27:12,000 [INFO] Homing completed successfully. (at adc_actions.py)
2025-09-09 15:27:12,004 [INFO] Starting zeroing operation with velocity 1 RPM. (at adc_actions.py)
2025-09-09 15:27:12,005 [DEBUG] Initiating homing as part of zeroing. (at adc_actions.py)
2025-09-09 15:27:22,005 [INFO] Zeroing operation completed successfully. (at adc_actions.py)
2025-09-09 15:27:22,009 [INFO] Retrieving status for motor 0. (at adc_actions.py)
2025-09-09 15:27:22,009 [INFO] Motor 0 status: $$$$$ (at adc_actions.py)
2025-09-09 15:28:04,386 [INFO] Connecting to devices. (at adc_actions.py)
2025-09-09 15:28:04,387 [INFO] Connection successful. (at adc_actions.py)
2025-09-09 15:28:04,390 [INFO] Starting homing operation. (at adc_actions.py)
2025-09-09 15:28:04,390 [DEBUG] Calling homing method on controller. (at adc_actions.py)
2025-09-09 15:28:14,391 [INFO] Homing completed successfully. (at adc_actions.py)
2025-09-09 15:28:14,395 [INFO] Starting zeroing operation with velocity 1 RPM. (at adc_actions.py)
2025-09-09 15:28:14,396 [DEBUG] Initiating homing as part of zeroing. (at adc_actions.py)
2025-09-09 15:28:24,397 [INFO] Zeroing operation completed successfully. (at adc_actions.py)
2025-09-09 15:28:24,401 [INFO] Retrieving status for motor 0. (at adc_actions.py)
2025-09-09 15:28:24,401 [INFO] Motor 0 status: $$$$$ (at adc_actions.py)
2025-09-09 15:29:06,683 [INFO] Connecting to devices. (at adc_actions.py)
2025-09-09 15:29:06,683 [INFO] Connection successful. (at adc_actions.py)
2025-09-09 15:29:06,687 [INFO] Starting homing operation. (at adc_actions.py)
2025-09-09 15:29:06,687 [DEBUG] Calling homing method on controller. (at adc_actions.py)
2025-09-09 15:29:16,689 [INFO] Homing completed successfully. (at adc_actions.py)
2025-09-09 15:29:16,693 [INFO] Starting zeroing operation with velocity 1 RPM. (at adc_actions.py)
2025-09-09 15:29:16,693 [DEBUG] Initiating homing as part of zeroing. (at adc_actions.py)
2025-09-09 15:29:26,695 [INFO] Zeroing operation completed successfully. (at adc_actions.py)
2025-09-09 15:29:26,698 [INFO] Retrieving status for motor 0. (at adc_actions.py)
2025-09-09 15:29:26,698 [INFO] Motor 0 status: $$$$$ (at adc_actions.py)
2025-09-09 16:06:40,234 [INFO] Connecting to devices. (at adc_actions.py)
2025-09-09 16:06:40,234 [INFO] Connection successful. (at adc_actions.py)
2025-09-09 16:06:40,237 [INFO] Starting homing operation. (at adc_actions.py)
2025-09-09 16:06:40,237 [DEBUG] Calling homing method on controller. (at adc_actions.py)
2025-09-09 16:06:50,239 [INFO] Homing completed successfully. (at adc_actions.py)
2025-09-09 16:06:50,243 [INFO] Starting zeroing operation with velocity 1 RPM. (at adc_actions.py)
2025-09-09 16:06:50,243 [DEBUG] Initiating homing as part of zeroing. (at adc_actions.py)
2025-09-09 16:07:00,244 [INFO] Zeroing operation completed successfully. (at adc_actions.py)
2025-09-09 16:07:00,248 [INFO] Retrieving status for motor 0. (at adc_actions.py)
2025-09-09 16:07:00,248 [INFO] Motor 0 status: $$$$$ (at adc_actions.py)
2025-09-09 16:07:33,331 [INFO] Connecting to devices. (at adc_actions.py)
2025-09-09 16:07:33,331 [INFO] Connection successful. (at adc_actions.py)
2025-09-09 16:07:33,335 [INFO] Starting homing operation. (at adc_actions.py)
2025-09-09 16:07:33,335 [DEBUG] Calling homing method on controller. (at adc_actions.py)
2025-09-09 16:07:43,337 [INFO] Homing completed successfully. (at adc_actions.py)
2025-09-09 16:07:43,341 [INFO] Starting zeroing operation with velocity 1 RPM. (at adc_actions.py)
2025-09-09 16:07:43,342 [DEBUG] Initiating homing as part of zeroing. (at adc_actions.py)
2025-09-09 16:07:53,344 [INFO] Zeroing operation completed successfully. (at adc_actions.py)
2025-09-09 16:07:53,348 [INFO] Retrieving status for motor 0. (at adc_actions.py)
2025-09-09 16:07:53,348 [INFO] Motor 0 status: $$$$$ (at adc_actions.py)
2025-09-09 16:08:27,282 [INFO] Connecting to devices. (at adc_actions.py)
2025-09-09 16:08:27,283 [INFO] Connection successful. (at adc_actions.py)
2025-09-09 16:08:27,286 [INFO] Starting homing operation. (at adc_actions.py)
2025-09-09 16:08:27,286 [DEBUG] Calling homing method on controller. (at adc_actions.py)
2025-09-09 16:08:37,288 [INFO] Homing completed successfully. (at adc_actions.py)
2025-09-09 16:08:37,291 [INFO] Starting zeroing operation with velocity 1 RPM. (at adc_actions.py)
2025-09-09 16:08:37,292 [DEBUG] Initiating homing as part of zeroing. (at adc_actions.py)
2025-09-09 16:08:47,293 [INFO] Zeroing operation completed successfully. (at adc_actions.py)
2025-09-09 16:08:47,296 [INFO] Retrieving status for motor 0. (at adc_actions.py)
2025-09-09 16:08:47,296 [INFO] Motor 0 status: $$$$$ (at adc_actions.py)
2025-09-09 16:09:48,185 [INFO] Connecting to devices. (at adc_actions.py)
2025-09-09 16:09:48,186 [INFO] Connection successful. (at adc_actions.py)
2025-09-09 16:09:48,189 [INFO] Starting homing operation. (at adc_actions.py)
2025-09-09 16:09:48,189 [DEBUG] Calling homing method on controller. (at adc_actions.py)
2025-09-09 16:09:58,190 [INFO] Homing completed successfully. (at adc_actions.py)
2025-09-09 16:09:58,195 [INFO] Starting zeroing operation with velocity 1 RPM. (at adc_actions.py)
2025-09-09 16:09:58,195 [DEBUG] Initiating homing as part of zeroing. (at adc_actions.py)
2025-09-09 16:10:08,196 [INFO] Zeroing operation completed successfully. (at adc_actions.py)
2025-09-09 16:10:08,200 [INFO] Retrieving status for motor 0. (at adc_actions.py)
2025-09-09 16:10:08,200 [INFO] Motor 0 status: $$$$$ (at adc_actions.py)
2025-09-09 16:10:34,579 [INFO] Connecting to devices. (at adc_actions.py)
2025-09-09 16:10:34,579 [INFO] Connection successful. (at adc_actions.py)
2025-09-09 16:10:34,583 [INFO] Starting homing operation. (at adc_actions.py)
2025-09-09 16:10:34,583 [DEBUG] Calling homing method on controller. (at adc_actions.py)
2025-09-09 16:10:44,584 [INFO] Homing completed successfully. (at adc_actions.py)
2025-09-09 16:10:44,588 [INFO] Starting zeroing operation with velocity 1 RPM. (at adc_actions.py)
2025-09-09 16:10:44,588 [DEBUG] Initiating homing as part of zeroing. (at adc_actions.py)
2025-09-09 16:10:54,590 [INFO] Zeroing operation completed successfully. (at adc_actions.py)
2025-09-09 16:10:54,593 [INFO] Retrieving status for motor 0. (at adc_actions.py)
2025-09-09 16:10:54,593 [INFO] Motor 0 status: $$$$$ (at adc_actions.py)
2025-09-09 16:12:47,783 [INFO] Connecting to devices. (at adc_actions.py)
2025-09-09 16:12:47,783 [INFO] Connection successful. (at adc_actions.py)
2025-09-09 16:12:47,787 [INFO] Starting homing operation. (at adc_actions.py)
2025-09-09 16:12:47,787 [DEBUG] Calling homing method on controller. (at adc_actions.py)
2025-09-09 16:12:57,790 [INFO] Homing completed successfully. (at adc_actions.py)
2025-09-09 16:12:57,794 [INFO] Starting zeroing operation with velocity 1 RPM. (at adc_actions.py)
2025-09-09 16:12:57,795 [DEBUG] Initiating homing as part of zeroing. (at adc_actions.py)
2025-09-09 16:13:07,797 [INFO] Zeroing operation completed successfully. (at adc_actions.py)
2025-09-09 16:13:07,801 [INFO] Retrieving status for motor 0. (at adc_actions.py)
2025-09-09 16:13:07,801 [INFO] Motor 0 status: $$$$$ (at adc_actions.py)
2025-09-09 16:13:38,424 [INFO] Connecting to devices. (at adc_actions.py)
2025-09-09 16:13:38,424 [INFO] Connection successful. (at adc_actions.py)
2025-09-09 16:13:38,428 [INFO] Starting homing operation. (at adc_actions.py)
2025-09-09 16:13:38,428 [DEBUG] Calling homing method on controller. (at adc_actions.py)
2025-09-09 16:13:48,429 [INFO] Homing completed successfully. (at adc_actions.py)
2025-09-09 16:13:48,433 [INFO] Starting zeroing operation with velocity 1 RPM. (at adc_actions.py)
2025-09-09 16:13:48,433 [DEBUG] Initiating homing as part of zeroing. (at adc_actions.py)
2025-09-09 16:13:58,435 [INFO] Zeroing operation completed successfully. (at adc_actions.py)
2025-09-09 16:13:58,439 [INFO] Retrieving status for motor 0. (at adc_actions.py)
2025-09-09 16:13:58,439 [INFO] Motor 0 status: $$$$$ (at adc_actions.py)
2025-09-09 16:41:40,102 [INFO] Connecting to devices. (at adc_actions.py)
2025-09-09 16:41:40,103 [INFO] Connection successful. (at adc_actions.py)
2025-09-09 16:41:40,108 [INFO] Starting homing operation. (at adc_actions.py)
2025-09-09 16:41:40,108 [DEBUG] Calling homing method on controller. (at adc_actions.py)
2025-09-09 16:41:50,110 [INFO] Homing completed successfully. (at adc_actions.py)
2025-09-09 16:41:50,121 [INFO] Starting zeroing operation with velocity 1 RPM. (at adc_actions.py)
2025-09-09 16:41:50,121 [DEBUG] Initiating homing as part of zeroing. (at adc_actions.py)
2025-09-09 16:42:00,123 [INFO] Zeroing operation completed successfully. (at adc_actions.py)
2025-09-09 16:42:00,137 [INFO] Retrieving status for motor 0. (at adc_actions.py)
2025-09-09 16:42:00,137 [INFO] Motor 0 status: $$$$$ (at adc_actions.py)
2025-09-09 16:58:54,517 [INFO] Connecting to devices. (at adc_actions.py)
2025-09-09 16:58:54,518 [INFO] Connection successful. (at adc_actions.py)
2025-09-09 16:58:54,523 [INFO] Starting homing operation. (at adc_actions.py)
2025-09-09 16:58:54,523 [DEBUG] Calling homing method on controller. (at adc_actions.py)
2025-09-09 16:59:04,525 [INFO] Homing completed successfully. (at adc_actions.py)
2025-09-09 16:59:04,535 [INFO] Starting zeroing operation with velocity 1 RPM. (at adc_actions.py)
2025-09-09 16:59:04,535 [DEBUG] Initiating homing as part of zeroing. (at adc_actions.py)
2025-09-09 16:59:14,537 [INFO] Zeroing operation completed successfully. (at adc_actions.py)
2025-09-09 16:59:14,552 [INFO] Retrieving status for motor 0. (at adc_actions.py)
2025-09-09 16:59:14,553 [INFO] Motor 0 status: $$$$$ (at adc_actions.py)
2025-09-09 17:00:21,325 [INFO] Calculating from ZA. (at adc_actions.py)
2025-09-09 17:00:21,325 [INFO] Calculation successful: -43.22208622632839 (at adc_actions.py)
2025-09-09 17:00:21,325 [INFO] Converting degrees to counts. (at adc_actions.py)
2025-09-09 17:00:21,325 [DEBUG] Converted -43.22208622632839 degrees to -1944 counts. (at adc_actions.py)
2025-09-09 17:00:21,326 [INFO] Conversion successful: -1944 (at adc_actions.py)
2025-09-09 17:00:21,326 [DEBUG] Starting simultaneous move for motors 1 and 2 to position -1944 with velocity 1. (at adc_actions.py)
2025-09-09 17:00:21,326 [INFO] Both motors moved successfully. (at adc_actions.py)
2025-09-09 17:01:21,338 [INFO] Calculating from ZA. (at adc_actions.py)
2025-09-09 17:01:21,338 [INFO] Calculation successful: -43.59613709894539 (at adc_actions.py)
2025-09-09 17:01:21,338 [INFO] Converting degrees to counts. (at adc_actions.py)
2025-09-09 17:01:21,338 [DEBUG] Converted -43.59613709894539 degrees to -1961 counts. (at adc_actions.py)
2025-09-09 17:01:21,339 [INFO] Conversion successful: -1961 (at adc_actions.py)
2025-09-09 17:01:21,339 [DEBUG] Starting simultaneous move for motors 1 and 2 to position -17 with velocity 1. (at adc_actions.py)
2025-09-09 17:01:21,339 [INFO] Both motors moved successfully. (at adc_actions.py)
2025-09-09 17:02:14,094 [INFO] Calculating from ZA. (at adc_actions.py)
2025-09-09 17:02:14,094 [ERROR] Input zenith angle 106.99437690283902 is out of bounds (0.0, 60.0) (at adc_actions.py)
2025-09-09 17:02:14,095 [ERROR] Error calculating from ZA: Input zenith angle 106.99437690283902 is out of bounds. (at adc_actions.py)
2025-09-09 17:02:20,042 [DEBUG] Stopping both motors simultaneously. (at adc_actions.py)
2025-09-09 17:02:20,042 [INFO] Both motors stopped successfully. (at adc_actions.py)
2025-09-09 17:02:44,953 [DEBUG] Stopping both motors simultaneously. (at adc_actions.py)
2025-09-09 17:02:44,953 [INFO] Both motors stopped successfully. (at adc_actions.py)
2025-09-09 17:06:48,943 [INFO] Connecting to devices. (at adc_actions.py)
2025-09-09 17:06:48,944 [INFO] Connection successful. (at adc_actions.py)
2025-09-09 17:06:48,953 [INFO] Starting homing operation. (at adc_actions.py)
2025-09-09 17:06:48,953 [DEBUG] Calling homing method on controller. (at adc_actions.py)
2025-09-09 17:06:58,955 [INFO] Homing completed successfully. (at adc_actions.py)
2025-09-09 17:06:58,971 [INFO] Starting zeroing operation with velocity 1 RPM. (at adc_actions.py)
2025-09-09 17:06:58,972 [DEBUG] Initiating homing as part of zeroing. (at adc_actions.py)
2025-09-09 17:07:08,974 [INFO] Zeroing operation completed successfully. (at adc_actions.py)
2025-09-09 17:07:08,989 [INFO] Retrieving status for motor 0. (at adc_actions.py)
2025-09-09 17:07:08,990 [INFO] Motor 0 status: $$$$$ (at adc_actions.py)
2025-09-10 09:31:40,471 [INFO] Connecting to devices. (at adc_actions.py)
2025-09-10 09:31:40,471 [INFO] Connection successful. (at adc_actions.py)
2025-09-10 09:31:40,475 [INFO] Starting homing operation. (at adc_actions.py)
2025-09-10 09:31:40,475 [DEBUG] Calling homing method on controller. (at adc_actions.py)
2025-09-10 09:31:50,477 [INFO] Homing completed successfully. (at adc_actions.py)
2025-09-10 09:31:50,487 [INFO] Starting zeroing operation with velocity 1 RPM. (at adc_actions.py)
2025-09-10 09:31:50,487 [DEBUG] Initiating homing as part of zeroing. (at adc_actions.py)
2025-09-10 09:32:00,490 [INFO] Zeroing operation completed successfully. (at adc_actions.py)
2025-09-10 09:32:00,503 [INFO] Retrieving status for motor 0. (at adc_actions.py)
2025-09-10 09:32:00,503 [INFO] Motor 0 status: $$$$$ (at adc_actions.py)
2025-09-10 09:52:18,119 [INFO] Connecting to devices. (at adc_actions.py)
2025-09-10 09:52:18,119 [INFO] Connection successful. (at adc_actions.py)
2025-09-10 09:52:18,124 [INFO] Starting homing operation. (at adc_actions.py)
2025-09-10 09:52:18,124 [DEBUG] Calling homing method on controller. (at adc_actions.py)
2025-09-10 09:52:28,126 [INFO] Homing completed successfully. (at adc_actions.py)
2025-09-10 09:52:28,139 [INFO] Starting zeroing operation with velocity 1 RPM. (at adc_actions.py)
2025-09-10 09:52:28,139 [DEBUG] Initiating homing as part of zeroing. (at adc_actions.py)
2025-09-10 09:52:38,141 [INFO] Zeroing operation completed successfully. (at adc_actions.py)
2025-09-10 09:52:38,153 [INFO] Retrieving status for motor 0. (at adc_actions.py)
2025-09-10 09:52:38,154 [INFO] Motor 0 status: $$$$$ (at adc_actions.py)
2025-09-10 10:12:40,165 [INFO] Connecting to devices. (at adc_actions.py)
2025-09-10 10:12:40,165 [INFO] Connection successful. (at adc_actions.py)
2025-09-10 10:12:40,171 [INFO] Starting homing operation. (at adc_actions.py)
2025-09-10 10:12:40,171 [DEBUG] Calling homing method on controller. (at adc_actions.py)
2025-09-10 10:12:50,172 [INFO] Homing completed successfully. (at adc_actions.py)
2025-09-10 10:12:50,184 [INFO] Starting zeroing operation with velocity 1 RPM. (at adc_actions.py)
2025-09-10 10:12:50,184 [DEBUG] Initiating homing as part of zeroing. (at adc_actions.py)
2025-09-10 10:13:00,185 [INFO] Zeroing operation completed successfully. (at adc_actions.py)
2025-09-10 10:13:00,195 [INFO] Retrieving status for motor 0. (at adc_actions.py)
2025-09-10 10:13:00,195 [INFO] Motor 0 status: $$$$$ (at adc_actions.py)
2025-09-10 10:16:46,406 [INFO] Connecting to devices. (at adc_actions.py)
2025-09-10 10:16:46,406 [INFO] Connection successful. (at adc_actions.py)
2025-09-10 10:16:46,410 [INFO] Starting homing operation. (at adc_actions.py)
2025-09-10 10:16:46,410 [DEBUG] Calling homing method on controller. (at adc_actions.py)
2025-09-10 10:16:56,411 [INFO] Homing completed successfully. (at adc_actions.py)
2025-09-10 10:16:56,427 [INFO] Starting zeroing operation with velocity 1 RPM. (at adc_actions.py)
2025-09-10 10:16:56,427 [DEBUG] Initiating homing as part of zeroing. (at adc_actions.py)
2025-09-10 10:17:06,428 [INFO] Zeroing operation completed successfully. (at adc_actions.py)
2025-09-10 10:17:06,441 [INFO] Retrieving status for motor 0. (at adc_actions.py)
2025-09-10 10:17:06,441 [INFO] Motor 0 status: $$$$$ (at adc_actions.py)
2025-09-10 10:26:39,840 [INFO] Connecting to devices. (at adc_actions.py)
2025-09-10 10:26:39,841 [INFO] Connection successful. (at adc_actions.py)
2025-09-10 10:26:39,846 [INFO] Starting homing operation. (at adc_actions.py)
2025-09-10 10:26:39,846 [DEBUG] Calling homing method on controller. (at adc_actions.py)
2025-09-10 10:26:49,849 [INFO] Homing completed successfully. (at adc_actions.py)
2025-09-10 10:26:49,853 [INFO] Starting zeroing operation with velocity 1 RPM. (at adc_actions.py)
2025-09-10 10:26:49,853 [DEBUG] Initiating homing as part of zeroing. (at adc_actions.py)
2025-09-10 10:26:59,855 [INFO] Zeroing operation completed successfully. (at adc_actions.py)
2025-09-10 10:26:59,869 [INFO] Retrieving status for motor 0. (at adc_actions.py)
2025-09-10 10:26:59,869 [INFO] Motor 0 status: $$$$$ (at adc_actions.py)
2025-09-10 10:46:53,943 [INFO] Connecting to devices. (at adc_actions.py)
2025-09-10 10:46:53,943 [INFO] Connection successful. (at adc_actions.py)
2025-09-10 10:46:53,952 [INFO] Starting homing operation. (at adc_actions.py)
2025-09-10 10:46:53,952 [DEBUG] Calling homing method on controller. (at adc_actions.py)
2025-09-10 10:47:03,953 [INFO] Homing completed successfully. (at adc_actions.py)
2025-09-10 10:47:03,969 [INFO] Starting zeroing operation with velocity 1 RPM. (at adc_actions.py)
2025-09-10 10:47:03,970 [DEBUG] Initiating homing as part of zeroing. (at adc_actions.py)
2025-09-10 10:47:13,972 [INFO] Zeroing operation completed successfully. (at adc_actions.py)
2025-09-10 10:47:13,985 [INFO] Retrieving status for motor 0. (at adc_actions.py)
2025-09-10 10:47:13,985 [INFO] Motor 0 status: $$$$$ (at adc_actions.py)
2025-09-10 14:34:17,961 [INFO] Connecting to devices. (at adc_actions.py)
2025-09-10 14:34:17,962 [INFO] Connection successful. (at adc_actions.py)
2025-09-10 14:34:17,966 [INFO] Starting homing operation. (at adc_actions.py)
2025-09-10 14:34:17,966 [DEBUG] Calling homing method on controller. (at adc_actions.py)
2025-09-10 14:34:27,968 [INFO] Homing completed successfully. (at adc_actions.py)
2025-09-10 14:34:27,981 [INFO] Starting zeroing operation with velocity 1 RPM. (at adc_actions.py)
2025-09-10 14:34:27,982 [DEBUG] Initiating homing as part of zeroing. (at adc_actions.py)
2025-09-10 14:34:37,983 [INFO] Zeroing operation completed successfully. (at adc_actions.py)
2025-09-10 14:34:37,998 [INFO] Retrieving status for motor 0. (at adc_actions.py)
2025-09-10 14:34:37,999 [INFO] Motor 0 status: $$$$$ (at adc_actions.py)
2025-09-10 14:38:16,001 [INFO] Connecting to devices. (at adc_actions.py)
2025-09-10 14:38:16,002 [INFO] Connection successful. (at adc_actions.py)
2025-09-10 14:38:16,008 [INFO] Starting homing operation. (at adc_actions.py)
2025-09-10 14:38:16,008 [DEBUG] Calling homing method on controller. (at adc_actions.py)
2025-09-10 14:38:26,010 [INFO] Homing completed successfully. (at adc_actions.py)
2025-09-10 14:38:26,027 [INFO] Starting zeroing operation with velocity 1 RPM. (at adc_actions.py)
2025-09-10 14:38:26,027 [DEBUG] Initiating homing as part of zeroing. (at adc_actions.py)
2025-09-10 14:38:36,028 [INFO] Zeroing operation completed successfully. (at adc_actions.py)
2025-09-10 14:38:36,044 [INFO] Retrieving status for motor 0. (at adc_actions.py)
2025-09-10 14:38:36,044 [INFO] Motor 0 status: $$$$$ (at adc_actions.py)
2025-09-10 14:47:37,153 [INFO] Calculating from ZA. (at adc_actions.py)
2025-09-10 14:47:37,153 [ERROR] Input zenith angle 116.94752301661617 is out of bounds (0.0, 60.0) (at adc_actions.py)
2025-09-10 14:47:37,154 [ERROR] Error calculating from ZA: Input zenith angle 116.94752301661617 is out of bounds. (at adc_actions.py)
2025-09-10 14:47:48,103 [DEBUG] Stopping both motors simultaneously. (at adc_actions.py)
2025-09-10 14:47:48,104 [INFO] Both motors stopped successfully. (at adc_actions.py)
2025-09-10 14:49:21,986 [INFO] Connecting to devices. (at adc_actions.py)
2025-09-10 14:49:21,986 [INFO] Connection successful. (at adc_actions.py)
2025-09-10 14:49:21,992 [INFO] Starting homing operation. (at adc_actions.py)
2025-09-10 14:49:21,992 [DEBUG] Calling homing method on controller. (at adc_actions.py)
2025-09-10 14:49:31,994 [INFO] Homing completed successfully. (at adc_actions.py)
2025-09-10 14:49:32,010 [INFO] Starting zeroing operation with velocity 1 RPM. (at adc_actions.py)
2025-09-10 14:49:32,010 [DEBUG] Initiating homing as part of zeroing. (at adc_actions.py)
2025-09-10 14:49:42,011 [INFO] Zeroing operation completed successfully. (at adc_actions.py)
2025-09-10 14:49:42,026 [INFO] Retrieving status for motor 0. (at adc_actions.py)
2025-09-10 14:49:42,027 [INFO] Motor 0 status: $$$$$ (at adc_actions.py)
2025-09-10 15:28:16,479 [INFO] Connecting to devices. (at adc_actions.py)
2025-09-10 15:28:16,480 [INFO] Connection successful. (at adc_actions.py)
2025-09-10 15:28:16,484 [INFO] Starting homing operation. (at adc_actions.py)
2025-09-10 15:28:16,484 [DEBUG] Calling homing method on controller. (at adc_actions.py)
2025-09-10 15:28:26,486 [INFO] Homing completed successfully. (at adc_actions.py)
2025-09-10 15:28:26,503 [INFO] Starting zeroing operation with velocity 1 RPM. (at adc_actions.py)
2025-09-10 15:28:26,503 [DEBUG] Initiating homing as part of zeroing. (at adc_actions.py)
2025-09-10 15:28:36,506 [INFO] Zeroing operation completed successfully. (at adc_actions.py)
2025-09-10 15:28:36,520 [INFO] Retrieving status for motor 0. (at adc_actions.py)
2025-09-10 15:28:36,520 [INFO] Motor 0 status: $$$$$ (at adc_actions.py)
2025-09-10 15:53:26,424 [INFO] Connecting to devices. (at adc_actions.py)
2025-09-10 15:53:26,425 [INFO] Connection successful. (at adc_actions.py)
2025-09-10 15:53:26,429 [INFO] Starting homing operation. (at adc_actions.py)
2025-09-10 15:53:26,429 [DEBUG] Calling homing method on controller. (at adc_actions.py)
2025-09-10 15:53:36,431 [INFO] Homing completed successfully. (at adc_actions.py)
2025-09-10 15:53:36,446 [INFO] Starting zeroing operation with velocity 1 RPM. (at adc_actions.py)
2025-09-10 15:53:36,446 [DEBUG] Initiating homing as part of zeroing. (at adc_actions.py)
2025-09-10 15:53:46,448 [INFO] Zeroing operation completed successfully. (at adc_actions.py)
2025-09-10 15:53:46,457 [INFO] Retrieving status for motor 0. (at adc_actions.py)
2025-09-10 15:53:46,457 [INFO] Motor 0 status: $$$$$ (at adc_actions.py)
2025-09-10 16:05:58,993 [INFO] Connecting to devices. (at adc_actions.py)
2025-09-10 16:05:58,993 [INFO] Connection successful. (at adc_actions.py)
2025-09-10 16:05:58,999 [INFO] Starting homing operation. (at adc_actions.py)
2025-09-10 16:05:58,999 [DEBUG] Calling homing method on controller. (at adc_actions.py)
2025-09-10 16:06:09,001 [INFO] Homing completed successfully. (at adc_actions.py)
2025-09-10 16:06:09,009 [INFO] Starting zeroing operation with velocity 1 RPM. (at adc_actions.py)
2025-09-10 16:06:09,009 [DEBUG] Initiating homing as part of zeroing. (at adc_actions.py)
2025-09-10 16:06:19,011 [INFO] Zeroing operation completed successfully. (at adc_actions.py)
2025-09-10 16:06:19,014 [INFO] Retrieving status for motor 0. (at adc_actions.py)
2025-09-10 16:06:19,014 [INFO] Motor 0 status: $$$$$ (at adc_actions.py)
2025-09-10 16:06:46,444 [INFO] Connecting to devices. (at adc_actions.py)
2025-09-10 16:06:46,445 [INFO] Connection successful. (at adc_actions.py)
2025-09-10 16:06:46,450 [INFO] Starting homing operation. (at adc_actions.py)
2025-09-10 16:06:46,451 [DEBUG] Calling homing method on controller. (at adc_actions.py)
2025-09-10 16:06:46,452 [INFO] Starting zeroing operation with velocity 1 RPM. (at adc_actions.py)
2025-09-10 16:06:46,452 [DEBUG] Initiating homing as part of zeroing. (at adc_actions.py)
2025-09-10 16:06:56,452 [INFO] Homing completed successfully. (at adc_actions.py)
2025-09-10 16:06:56,453 [INFO] Zeroing operation completed successfully. (at adc_actions.py)
2025-09-10 16:06:56,463 [INFO] Retrieving status for motor 0. (at adc_actions.py)
2025-09-10 16:06:56,463 [INFO] Motor 0 status: $$$$$ (at adc_actions.py)
2025-09-10 16:08:19,906 [INFO] Connecting to devices. (at adc_actions.py)
2025-09-10 16:08:19,907 [INFO] Connection successful. (at adc_actions.py)
2025-09-10 16:08:19,912 [INFO] Starting homing operation. (at adc_actions.py)
2025-09-10 16:08:19,913 [DEBUG] Calling homing method on controller. (at adc_actions.py)
2025-09-10 16:08:29,914 [INFO] Homing completed successfully. (at adc_actions.py)
2025-09-10 16:08:29,931 [INFO] Starting zeroing operation with velocity 1 RPM. (at adc_actions.py)
2025-09-10 16:08:29,931 [DEBUG] Initiating homing as part of zeroing. (at adc_actions.py)
2025-09-10 16:08:39,932 [INFO] Zeroing operation completed successfully. (at adc_actions.py)
2025-09-10 16:08:39,948 [INFO] Retrieving status for motor 0. (at adc_actions.py)
2025-09-10 16:08:39,949 [INFO] Motor 0 status: $$$$$ (at adc_actions.py)
2025-09-10 16:34:26,836 [INFO] Connecting to devices. (at adc_actions.py)
2025-09-10 16:34:26,837 [INFO] Connection successful. (at adc_actions.py)
2025-09-10 16:34:26,842 [INFO] Starting homing operation. (at adc_actions.py)
2025-09-10 16:34:26,842 [DEBUG] Calling homing method on controller. (at adc_actions.py)
2025-09-10 16:34:36,843 [INFO] Homing completed successfully. (at adc_actions.py)
2025-09-10 16:34:36,856 [INFO] Starting zeroing operation with velocity 1 RPM. (at adc_actions.py)
2025-09-10 16:34:36,857 [DEBUG] Initiating homing as part of zeroing. (at adc_actions.py)
2025-09-10 16:34:46,858 [INFO] Zeroing operation completed successfully. (at adc_actions.py)
2025-09-10 16:34:46,870 [INFO] Retrieving status for motor 0. (at adc_actions.py)
2025-09-10 16:34:46,870 [INFO] Motor 0 status: $$$$$ (at adc_actions.py)
2025-09-10 16:43:27,927 [INFO] Connecting to devices. (at adc_actions.py)
2025-09-10 16:43:27,927 [INFO] Connection successful. (at adc_actions.py)
2025-09-10 16:43:27,933 [INFO] Starting homing operation. (at adc_actions.py)
2025-09-10 16:43:27,933 [DEBUG] Calling homing method on controller. (at adc_actions.py)
2025-09-10 16:43:37,935 [INFO] Homing completed successfully. (at adc_actions.py)
2025-09-10 16:43:37,952 [INFO] Starting zeroing operation with velocity 1 RPM. (at adc_actions.py)
2025-09-10 16:43:37,953 [DEBUG] Initiating homing as part of zeroing. (at adc_actions.py)
2025-09-10 16:43:47,955 [INFO] Zeroing operation completed successfully. (at adc_actions.py)
2025-09-10 16:43:47,964 [INFO] Retrieving status for motor 0. (at adc_actions.py)
2025-09-10 16:43:47,964 [INFO] Motor 0 status: $$$$$ (at adc_actions.py)
2025-09-10 16:53:03,124 [INFO] Calculating from ZA. (at adc_actions.py)
2025-09-10 16:53:03,124 [ERROR] Input zenith angle 107.62366514190978 is out of bounds (0.0, 60.0) (at adc_actions.py)
2025-09-10 16:53:03,124 [ERROR] Error calculating from ZA: Input zenith angle 107.62366514190978 is out of bounds. (at adc_actions.py)
2025-09-10 16:53:07,503 [DEBUG] Stopping both motors simultaneously. (at adc_actions.py)
2025-09-10 16:53:07,504 [INFO] Both motors stopped successfully. (at adc_actions.py)
2025-09-10 16:58:21,497 [INFO] Connecting to devices. (at adc_actions.py)
2025-09-10 16:58:21,498 [INFO] Connection successful. (at adc_actions.py)
2025-09-10 16:58:21,503 [INFO] Starting homing operation. (at adc_actions.py)
2025-09-10 16:58:21,504 [DEBUG] Calling homing method on controller. (at adc_actions.py)
2025-09-10 16:58:31,505 [INFO] Homing completed successfully. (at adc_actions.py)
2025-09-10 16:58:31,523 [INFO] Starting zeroing operation with velocity 1 RPM. (at adc_actions.py)
2025-09-10 16:58:31,523 [DEBUG] Initiating homing as part of zeroing. (at adc_actions.py)
2025-09-10 16:58:41,524 [INFO] Zeroing operation completed successfully. (at adc_actions.py)
2025-09-10 16:58:41,533 [INFO] Retrieving status for motor 0. (at adc_actions.py)
2025-09-10 16:58:41,534 [INFO] Motor 0 status: $$$$$ (at adc_actions.py)
2025-09-11 09:35:23,366 [INFO] Connecting to devices. (at adc_actions.py)
2025-09-11 09:35:23,367 [INFO] Connection successful. (at adc_actions.py)
2025-09-11 09:35:23,371 [INFO] Starting homing operation. (at adc_actions.py)
2025-09-11 09:35:23,371 [DEBUG] Calling homing method on controller. (at adc_actions.py)
2025-09-11 09:35:33,372 [INFO] Homing completed successfully. (at adc_actions.py)
2025-09-11 09:35:33,389 [INFO] Starting zeroing operation with velocity 1 RPM. (at adc_actions.py)
2025-09-11 09:35:33,390 [DEBUG] Initiating homing as part of zeroing. (at adc_actions.py)
2025-09-11 09:35:43,392 [INFO] Zeroing operation completed successfully. (at adc_actions.py)
2025-09-11 09:35:43,407 [INFO] Retrieving status for motor 0. (at adc_actions.py)
2025-09-11 09:35:43,408 [INFO] Motor 0 status: $$$$$ (at adc_actions.py)
2025-09-11 09:36:37,318 [INFO] Calculating from ZA. (at adc_actions.py)
2025-09-11 09:36:37,318 [ERROR] Input zenith angle 88.54100352046578 is out of bounds (0.0, 60.0) (at adc_actions.py)
2025-09-11 09:36:37,318 [ERROR] Error calculating from ZA: Input zenith angle 88.54100352046578 is out of bounds. (at adc_actions.py)
2025-09-11 09:36:44,767 [DEBUG] Stopping both motors simultaneously. (at adc_actions.py)
2025-09-11 09:36:44,767 [INFO] Both motors stopped successfully. (at adc_actions.py)
2025-09-11 09:38:36,725 [INFO] Calculating from ZA. (at adc_actions.py)
2025-09-11 09:38:36,725 [ERROR] Input zenith angle 88.88299881447347 is out of bounds (0.0, 60.0) (at adc_actions.py)
2025-09-11 09:38:36,726 [ERROR] Error calculating from ZA: Input zenith angle 88.88299881447347 is out of bounds. (at adc_actions.py)
2025-09-11 09:38:38,183 [DEBUG] Stopping both motors simultaneously. (at adc_actions.py)
2025-09-11 09:38:38,183 [INFO] Both motors stopped successfully. (at adc_actions.py)
2025-09-11 09:39:16,957 [INFO] Connecting to devices. (at adc_actions.py)
2025-09-11 09:39:16,958 [INFO] Connection successful. (at adc_actions.py)
2025-09-11 09:39:16,963 [INFO] Starting homing operation. (at adc_actions.py)
2025-09-11 09:39:16,963 [DEBUG] Calling homing method on controller. (at adc_actions.py)
2025-09-11 09:39:26,964 [INFO] Homing completed successfully. (at adc_actions.py)
2025-09-11 09:39:26,981 [INFO] Starting zeroing operation with velocity 1 RPM. (at adc_actions.py)
2025-09-11 09:39:26,981 [DEBUG] Initiating homing as part of zeroing. (at adc_actions.py)
2025-09-11 09:39:36,982 [INFO] Zeroing operation completed successfully. (at adc_actions.py)
2025-09-11 09:39:36,993 [INFO] Retrieving status for motor 0. (at adc_actions.py)
2025-09-11 09:39:36,993 [INFO] Motor 0 status: $$$$$ (at adc_actions.py)
2025-09-11 09:40:21,101 [INFO] Calculating from ZA. (at adc_actions.py)
2025-09-11 09:40:21,102 [INFO] Calculation successful: -4.133516970386984 (at adc_actions.py)
2025-09-11 09:40:21,102 [INFO] Converting degrees to counts. (at adc_actions.py)
2025-09-11 09:40:21,102 [DEBUG] Converted -4.133516970386984 degrees to -186 counts. (at adc_actions.py)
2025-09-11 09:40:21,102 [INFO] Conversion successful: -186 (at adc_actions.py)
2025-09-11 09:40:21,103 [DEBUG] Starting simultaneous move for motors 1 and 2 to position -186 with velocity 1. (at adc_actions.py)
2025-09-11 09:40:21,103 [INFO] Both motors moved successfully. (at adc_actions.py)
2025-09-11 09:41:21,113 [INFO] Calculating from ZA. (at adc_actions.py)
2025-09-11 09:41:21,114 [INFO] Calculation successful: -4.317729973948577 (at adc_actions.py)
2025-09-11 09:41:21,114 [INFO] Converting degrees to counts. (at adc_actions.py)
2025-09-11 09:41:21,114 [DEBUG] Converted -4.317729973948577 degrees to -194 counts. (at adc_actions.py)
2025-09-11 09:41:21,114 [INFO] Conversion successful: -194 (at adc_actions.py)
2025-09-11 09:41:21,115 [DEBUG] Starting simultaneous move for motors 1 and 2 to position -8 with velocity 1. (at adc_actions.py)
2025-09-11 09:41:21,115 [INFO] Both motors moved successfully. (at adc_actions.py)
2025-09-11 09:41:24,520 [DEBUG] Stopping both motors simultaneously. (at adc_actions.py)
2025-09-11 09:41:24,521 [INFO] Both motors stopped successfully. (at adc_actions.py)
2025-09-11 09:59:11,562 [INFO] Calculating from ZA. (at adc_actions.py)
2025-09-11 09:59:11,562 [INFO] Calculation successful: -39.21757149142105 (at adc_actions.py)
2025-09-11 09:59:11,563 [INFO] Converting degrees to counts. (at adc_actions.py)
2025-09-11 09:59:11,563 [DEBUG] Converted -39.21757149142105 degrees to -1764 counts. (at adc_actions.py)
2025-09-11 09:59:11,563 [INFO] Conversion successful: -1764 (at adc_actions.py)
2025-09-11 09:59:11,564 [DEBUG] Starting simultaneous move for motors 1 and 2 to position -1764 with velocity 1. (at adc_actions.py)
2025-09-11 09:59:11,564 [INFO] Both motors moved successfully. (at adc_actions.py)
2025-09-11 10:00:11,575 [INFO] Calculating from ZA. (at adc_actions.py)
2025-09-11 10:00:11,575 [INFO] Calculation successful: -38.98392204924984 (at adc_actions.py)
2025-09-11 10:00:11,576 [INFO] Converting degrees to counts. (at adc_actions.py)
2025-09-11 10:00:11,576 [DEBUG] Converted -38.98392204924984 degrees to -1754 counts. (at adc_actions.py)
2025-09-11 10:00:11,576 [INFO] Conversion successful: -1754 (at adc_actions.py)
2025-09-11 10:00:11,577 [DEBUG] Starting simultaneous move for motors 1 and 2 to position 10 with velocity 1. (at adc_actions.py)
2025-09-11 10:00:11,577 [INFO] Both motors moved successfully. (at adc_actions.py)
2025-09-11 10:01:11,589 [INFO] Calculating from ZA. (at adc_actions.py)
2025-09-11 10:01:11,589 [INFO] Calculation successful: -38.75246095988987 (at adc_actions.py)
2025-09-11 10:01:11,589 [INFO] Converting degrees to counts. (at adc_actions.py)
2025-09-11 10:01:11,589 [DEBUG] Converted -38.75246095988987 degrees to -1743 counts. (at adc_actions.py)
2025-09-11 10:01:11,589 [INFO] Conversion successful: -1743 (at adc_actions.py)
2025-09-11 10:01:11,590 [DEBUG] Starting simultaneous move for motors 1 and 2 to position 11 with velocity 1. (at adc_actions.py)
2025-09-11 10:01:11,590 [INFO] Both motors moved successfully. (at adc_actions.py)
2025-09-11 10:02:11,601 [INFO] Calculating from ZA. (at adc_actions.py)
2025-09-11 10:02:11,602 [INFO] Calculation successful: -38.52309409943931 (at adc_actions.py)
2025-09-11 10:02:11,602 [INFO] Converting degrees to counts. (at adc_actions.py)
2025-09-11 10:02:11,602 [DEBUG] Converted -38.52309409943931 degrees to -1733 counts. (at adc_actions.py)
2025-09-11 10:02:11,602 [INFO] Conversion successful: -1733 (at adc_actions.py)
2025-09-11 10:02:11,603 [DEBUG] Starting simultaneous move for motors 1 and 2 to position 10 with velocity 1. (at adc_actions.py)
2025-09-11 10:02:11,603 [INFO] Both motors moved successfully. (at adc_actions.py)
2025-09-11 10:02:54,267 [DEBUG] Stopping both motors simultaneously. (at adc_actions.py)
2025-09-11 10:02:54,267 [INFO] Both motors stopped successfully. (at adc_actions.py)
2025-09-11 10:17:31,659 [INFO] Connecting to devices. (at adc_actions.py)
2025-09-11 10:17:31,659 [INFO] Connection successful. (at adc_actions.py)
2025-09-11 10:17:31,666 [INFO] Starting homing operation. (at adc_actions.py)
2025-09-11 10:17:31,666 [DEBUG] Calling homing method on controller. (at adc_actions.py)
2025-09-11 10:17:41,669 [INFO] Homing completed successfully. (at adc_actions.py)
2025-09-11 10:17:41,682 [INFO] Starting zeroing operation with velocity 1 RPM. (at adc_actions.py)
2025-09-11 10:17:41,683 [DEBUG] Initiating homing as part of zeroing. (at adc_actions.py)
2025-09-11 10:17:51,686 [INFO] Zeroing operation completed successfully. (at adc_actions.py)
2025-09-11 10:17:51,700 [INFO] Retrieving status for motor 0. (at adc_actions.py)
2025-09-11 10:17:51,700 [INFO] Motor 0 status: $$$$$ (at adc_actions.py)
2025-09-11 10:20:38,514 [INFO] Calculating from ZA. (at adc_actions.py)
2025-09-11 10:20:38,515 [INFO] Calculation successful: -11.763361049270928 (at adc_actions.py)
2025-09-11 10:20:38,515 [INFO] Converting degrees to counts. (at adc_actions.py)
2025-09-11 10:20:38,515 [DEBUG] Converted -11.763361049270928 degrees to -529 counts. (at adc_actions.py)
2025-09-11 10:20:38,515 [INFO] Conversion successful: -529 (at adc_actions.py)
2025-09-11 10:20:38,516 [DEBUG] Starting simultaneous move for motors 1 and 2 to position -529 with velocity 1. (at adc_actions.py)
2025-09-11 10:20:38,516 [INFO] Both motors moved successfully. (at adc_actions.py)
2025-09-11 10:21:38,527 [INFO] Calculating from ZA. (at adc_actions.py)
2025-09-11 10:21:38,528 [INFO] Calculation successful: -11.965971720655768 (at adc_actions.py)
2025-09-11 10:21:38,528 [INFO] Converting degrees to counts. (at adc_actions.py)
2025-09-11 10:21:38,528 [DEBUG] Converted -11.965971720655768 degrees to -538 counts. (at adc_actions.py)
2025-09-11 10:21:38,528 [INFO] Conversion successful: -538 (at adc_actions.py)
2025-09-11 10:21:38,529 [DEBUG] Starting simultaneous move for motors 1 and 2 to position -9 with velocity 1. (at adc_actions.py)
2025-09-11 10:21:38,529 [INFO] Both motors moved successfully. (at adc_actions.py)
2025-09-11 10:22:38,541 [INFO] Calculating from ZA. (at adc_actions.py)
2025-09-11 10:22:38,541 [INFO] Calculation successful: -12.168984575073372 (at adc_actions.py)
2025-09-11 10:22:38,542 [INFO] Converting degrees to counts. (at adc_actions.py)
2025-09-11 10:22:38,542 [DEBUG] Converted -12.168984575073372 degrees to -547 counts. (at adc_actions.py)
2025-09-11 10:22:38,542 [INFO] Conversion successful: -547 (at adc_actions.py)
2025-09-11 10:22:38,542 [DEBUG] Starting simultaneous move for motors 1 and 2 to position -9 with velocity 1. (at adc_actions.py)
2025-09-11 10:22:38,543 [INFO] Both motors moved successfully. (at adc_actions.py)
2025-09-11 10:23:03,755 [DEBUG] Stopping both motors simultaneously. (at adc_actions.py)
2025-09-11 10:23:03,755 [INFO] Both motors stopped successfully. (at adc_actions.py)
2025-09-11 10:47:06,937 [INFO] Connecting to devices. (at adc_actions.py)
2025-09-11 10:47:06,938 [INFO] Connection successful. (at adc_actions.py)
2025-09-11 10:47:06,941 [INFO] Starting homing operation. (at adc_actions.py)
2025-09-11 10:47:06,941 [DEBUG] Calling homing method on controller. (at adc_actions.py)
2025-09-11 10:47:16,942 [INFO] Homing completed successfully. (at adc_actions.py)
2025-09-11 10:47:16,959 [INFO] Starting zeroing operation with velocity 1 RPM. (at adc_actions.py)
2025-09-11 10:47:16,959 [DEBUG] Initiating homing as part of zeroing. (at adc_actions.py)
2025-09-11 10:47:26,960 [INFO] Zeroing operation completed successfully. (at adc_actions.py)
2025-09-11 10:47:26,974 [INFO] Retrieving status for motor 0. (at adc_actions.py)
2025-09-11 10:47:26,975 [INFO] Motor 0 status: $$$$$ (at adc_actions.py)
2025-09-11 11:47:45,694 [INFO] Connecting to devices. (at adc_actions.py)
2025-09-11 11:47:45,695 [INFO] Connection successful. (at adc_actions.py)
2025-09-11 11:47:45,700 [INFO] Starting homing operation. (at adc_actions.py)
2025-09-11 11:47:45,700 [DEBUG] Calling homing method on controller. (at adc_actions.py)
2025-09-11 11:47:55,701 [INFO] Homing completed successfully. (at adc_actions.py)
2025-09-11 11:47:55,710 [INFO] Starting zeroing operation with velocity 1 RPM. (at adc_actions.py)
2025-09-11 11:47:55,710 [DEBUG] Initiating homing as part of zeroing. (at adc_actions.py)
2025-09-11 11:48:05,712 [INFO] Zeroing operation completed successfully. (at adc_actions.py)
2025-09-11 11:48:05,722 [INFO] Retrieving status for motor 0. (at adc_actions.py)
2025-09-11 11:48:05,722 [INFO] Motor 0 status: $$$$$ (at adc_actions.py)
2025-09-11 16:54:40,961 [INFO] Connecting to devices. (at adc_actions.py)
2025-09-11 16:54:40,962 [INFO] Connection successful. (at adc_actions.py)
2025-09-11 16:54:40,967 [INFO] Starting homing operation. (at adc_actions.py)
2025-09-11 16:54:40,967 [DEBUG] Calling homing method on controller. (at adc_actions.py)
2025-09-11 16:54:50,968 [INFO] Homing completed successfully. (at adc_actions.py)
2025-09-11 16:54:50,979 [INFO] Starting zeroing operation with velocity 1 RPM. (at adc_actions.py)
2025-09-11 16:54:50,979 [DEBUG] Initiating homing as part of zeroing. (at adc_actions.py)
2025-09-11 16:55:00,981 [INFO] Zeroing operation completed successfully. (at adc_actions.py)
2025-09-11 16:55:00,990 [INFO] Retrieving status for motor 0. (at adc_actions.py)
2025-09-11 16:55:00,990 [INFO] Motor 0 status: $$$$$ (at adc_actions.py)
2025-09-11 16:55:55,632 [INFO] Calculating from ZA. (at adc_actions.py)
2025-09-11 16:55:55,633 [ERROR] Input zenith angle 91.82554904220453 is out of bounds (0.0, 60.0) (at adc_actions.py)
2025-09-11 16:55:55,633 [ERROR] Error calculating from ZA: Input zenith angle 91.82554904220453 is out of bounds. (at adc_actions.py)
2025-09-11 16:57:21,528 [DEBUG] Stopping both motors simultaneously. (at adc_actions.py)
2025-09-11 16:57:21,529 [INFO] Both motors stopped successfully. (at adc_actions.py)
2025-09-11 17:05:08,970 [INFO] Connecting to devices. (at adc_actions.py)
2025-09-11 17:05:08,970 [INFO] Connection successful. (at adc_actions.py)
2025-09-11 17:05:08,975 [INFO] Starting homing operation. (at adc_actions.py)
2025-09-11 17:05:08,975 [DEBUG] Calling homing method on controller. (at adc_actions.py)
2025-09-11 17:05:18,976 [INFO] Homing completed successfully. (at adc_actions.py)
2025-09-11 17:05:18,987 [INFO] Starting zeroing operation with velocity 1 RPM. (at adc_actions.py)
2025-09-11 17:05:18,987 [DEBUG] Initiating homing as part of zeroing. (at adc_actions.py)
2025-09-11 17:05:28,989 [INFO] Zeroing operation completed successfully. (at adc_actions.py)
2025-09-11 17:05:29,004 [INFO] Retrieving status for motor 0. (at adc_actions.py)
2025-09-11 17:05:29,005 [INFO] Motor 0 status: $$$$$ (at adc_actions.py)
2025-09-11 17:07:19,567 [INFO] Calculating from ZA. (at adc_actions.py)
2025-09-11 17:07:19,567 [ERROR] Input zenith angle 93.69243110618274 is out of bounds (0.0, 60.0) (at adc_actions.py)
2025-09-11 17:07:19,568 [ERROR] Error calculating from ZA: Input zenith angle 93.69243110618274 is out of bounds. (at adc_actions.py)
2025-09-12 10:27:54,454 [INFO] Connecting to devices. (at adc_actions.py)
2025-09-12 10:27:54,455 [INFO] Connection successful. (at adc_actions.py)
2025-09-12 10:27:54,460 [INFO] Starting homing operation. (at adc_actions.py)
2025-09-12 10:27:54,461 [DEBUG] Calling homing method on controller. (at adc_actions.py)
2025-09-12 10:28:04,462 [INFO] Homing completed successfully. (at adc_actions.py)
2025-09-12 10:28:04,478 [INFO] Starting zeroing operation with velocity 1 RPM. (at adc_actions.py)
2025-09-12 10:28:04,479 [DEBUG] Initiating homing as part of zeroing. (at adc_actions.py)
2025-09-12 10:28:14,481 [INFO] Zeroing operation completed successfully. (at adc_actions.py)
2025-09-12 10:28:14,484 [INFO] Retrieving status for motor 0. (at adc_actions.py)
2025-09-12 10:28:14,484 [INFO] Motor 0 status: $$$$$ (at adc_actions.py)
2025-09-12 10:29:46,560 [INFO] Calculating from ZA. (at adc_actions.py)
2025-09-12 10:29:46,561 [INFO] Calculation successful: -14.464627875196953 (at adc_actions.py)
2025-09-12 10:29:46,561 [INFO] Converting degrees to counts. (at adc_actions.py)
2025-09-12 10:29:46,561 [DEBUG] Converted -14.464627875196953 degrees to -650 counts. (at adc_actions.py)
2025-09-12 10:29:46,561 [INFO] Conversion successful: -650 (at adc_actions.py)
2025-09-12 10:29:46,562 [DEBUG] Starting simultaneous move for motors 1 and 2 to position -650 with velocity 1. (at adc_actions.py)
2025-09-12 10:29:46,562 [INFO] Both motors moved successfully. (at adc_actions.py)
2025-09-12 10:30:46,573 [INFO] Calculating from ZA. (at adc_actions.py)
2025-09-12 10:30:46,574 [INFO] Calculation successful: -14.680656967614059 (at adc_actions.py)
2025-09-12 10:30:46,574 [INFO] Converting degrees to counts. (at adc_actions.py)
2025-09-12 10:30:46,574 [DEBUG] Converted -14.680656967614059 degrees to -660 counts. (at adc_actions.py)
2025-09-12 10:30:46,574 [INFO] Conversion successful: -660 (at adc_actions.py)
2025-09-12 10:30:46,575 [DEBUG] Starting simultaneous move for motors 1 and 2 to position -10 with velocity 1. (at adc_actions.py)
2025-09-12 10:30:46,575 [INFO] Both motors moved successfully. (at adc_actions.py)
2025-09-12 10:31:15,151 [DEBUG] Stopping both motors simultaneously. (at adc_actions.py)
2025-09-12 10:31:15,152 [INFO] Both motors stopped successfully. (at adc_actions.py)
2025-09-12 10:46:33,765 [INFO] Connecting to devices. (at adc_actions.py)
2025-09-12 10:46:33,765 [INFO] Connection successful. (at adc_actions.py)
2025-09-12 10:46:33,768 [INFO] Starting homing operation. (at adc_actions.py)
2025-09-12 10:46:33,769 [DEBUG] Calling homing method on controller. (at adc_actions.py)
2025-09-12 10:46:43,770 [INFO] Homing completed successfully. (at adc_actions.py)
2025-09-12 10:46:43,774 [INFO] Starting zeroing operation with velocity 1 RPM. (at adc_actions.py)
2025-09-12 10:46:43,774 [DEBUG] Initiating homing as part of zeroing. (at adc_actions.py)
2025-09-12 10:46:53,776 [INFO] Zeroing operation completed successfully. (at adc_actions.py)
2025-09-12 10:46:53,780 [INFO] Retrieving status for motor 0. (at adc_actions.py)
2025-09-12 10:46:53,780 [INFO] Motor 0 status: $$$$$ (at adc_actions.py)
2025-09-12 10:47:24,011 [INFO] Calculating from ZA. (at adc_actions.py)
2025-09-12 10:47:24,012 [INFO] Calculation successful: -18.226799226933316 (at adc_actions.py)
2025-09-12 10:47:24,012 [INFO] Converting degrees to counts. (at adc_actions.py)
2025-09-12 10:47:24,012 [DEBUG] Converted -18.226799226933316 degrees to -820 counts. (at adc_actions.py)
2025-09-12 10:47:24,012 [INFO] Conversion successful: -820 (at adc_actions.py)
2025-09-12 10:47:24,012 [DEBUG] Starting simultaneous move for motors 1 and 2 to position -820 with velocity 1. (at adc_actions.py)
2025-09-12 10:47:24,012 [INFO] Both motors moved successfully. (at adc_actions.py)
2025-09-12 10:47:35,345 [DEBUG] Stopping both motors simultaneously. (at adc_actions.py)
2025-09-12 10:47:35,345 [INFO] Both motors stopped successfully. (at adc_actions.py)
2025-09-12 10:48:29,646 [INFO] Calculating from ZA. (at adc_actions.py)
2025-09-12 10:48:29,647 [INFO] Calculation successful: -18.39208900418785 (at adc_actions.py)
2025-09-12 10:48:29,647 [INFO] Converting degrees to counts. (at adc_actions.py)
2025-09-12 10:48:29,647 [DEBUG] Converted -18.39208900418785 degrees to -827 counts. (at adc_actions.py)
2025-09-12 10:48:29,647 [INFO] Conversion successful: -827 (at adc_actions.py)
2025-09-12 10:48:29,648 [DEBUG] Starting simultaneous move for motors 1 and 2 to position -827 with velocity 1. (at adc_actions.py)
2025-09-12 10:48:29,648 [INFO] Both motors moved successfully. (at adc_actions.py)
2025-09-12 10:49:29,655 [INFO] Calculating from ZA. (at adc_actions.py)
2025-09-12 10:49:29,655 [INFO] Calculation successful: -18.57642893139435 (at adc_actions.py)
2025-09-12 10:49:29,655 [INFO] Converting degrees to counts. (at adc_actions.py)
2025-09-12 10:49:29,656 [DEBUG] Converted -18.57642893139435 degrees to -835 counts. (at adc_actions.py)
2025-09-12 10:49:29,656 [INFO] Conversion successful: -835 (at adc_actions.py)
2025-09-12 10:49:29,656 [DEBUG] Starting simultaneous move for motors 1 and 2 to position -8 with velocity 1. (at adc_actions.py)
2025-09-12 10:49:29,656 [INFO] Both motors moved successfully. (at adc_actions.py)
2025-09-12 10:49:47,139 [DEBUG] Stopping both motors simultaneously. (at adc_actions.py)
2025-09-12 10:49:47,139 [INFO] Both motors stopped successfully. (at adc_actions.py)
2025-09-12 11:26:47,768 [INFO] Connecting to devices. (at adc_actions.py)
2025-09-12 11:26:47,768 [INFO] Connection successful. (at adc_actions.py)
2025-09-12 11:26:47,774 [INFO] Starting homing operation. (at adc_actions.py)
2025-09-12 11:26:47,774 [DEBUG] Calling homing method on controller. (at adc_actions.py)
2025-09-12 11:26:57,776 [INFO] Homing completed successfully. (at adc_actions.py)
2025-09-12 11:26:57,791 [INFO] Starting zeroing operation with velocity 1 RPM. (at adc_actions.py)
2025-09-12 11:26:57,792 [DEBUG] Initiating homing as part of zeroing. (at adc_actions.py)
2025-09-12 11:27:07,794 [INFO] Zeroing operation completed successfully. (at adc_actions.py)
2025-09-12 11:27:07,809 [INFO] Retrieving status for motor 0. (at adc_actions.py)
2025-09-12 11:27:07,809 [INFO] Motor 0 status: $$$$$ (at adc_actions.py)
2025-09-12 11:27:49,281 [INFO] Calculating from ZA. (at adc_actions.py)
2025-09-12 11:27:49,281 [INFO] Calculation successful: -26.647131018530015 (at adc_actions.py)
2025-09-12 11:27:49,281 [INFO] Converting degrees to counts. (at adc_actions.py)
2025-09-12 11:27:49,282 [DEBUG] Converted -26.647131018530015 degrees to -1199 counts. (at adc_actions.py)
2025-09-12 11:27:49,282 [INFO] Conversion successful: -1199 (at adc_actions.py)
2025-09-12 11:27:49,282 [DEBUG] Starting simultaneous move for motors 1 and 2 to position -1199 with velocity 1. (at adc_actions.py)
2025-09-12 11:27:49,282 [INFO] Both motors moved successfully. (at adc_actions.py)
2025-09-12 11:27:59,613 [DEBUG] Stopping both motors simultaneously. (at adc_actions.py)
2025-09-12 11:27:59,613 [INFO] Both motors stopped successfully. (at adc_actions.py)
2025-09-12 12:03:43,226 [INFO] Connecting to devices. (at adc_actions.py)
2025-09-12 12:03:43,226 [INFO] Connection successful. (at adc_actions.py)
2025-09-12 12:03:43,229 [INFO] Starting homing operation. (at adc_actions.py)
2025-09-12 12:03:43,230 [DEBUG] Calling homing method on controller. (at adc_actions.py)
2025-09-12 12:03:53,232 [INFO] Homing completed successfully. (at adc_actions.py)
2025-09-12 12:03:53,236 [INFO] Starting zeroing operation with velocity 1 RPM. (at adc_actions.py)
2025-09-12 12:03:53,236 [DEBUG] Initiating homing as part of zeroing. (at adc_actions.py)
2025-09-12 12:04:03,237 [INFO] Zeroing operation completed successfully. (at adc_actions.py)
2025-09-12 12:04:03,242 [INFO] Retrieving status for motor 0. (at adc_actions.py)
2025-09-12 12:04:03,242 [INFO] Motor 0 status: $$$$$ (at adc_actions.py)
2025-09-12 12:06:03,439 [INFO] Connecting to devices. (at adc_actions.py)
2025-09-12 12:06:03,440 [INFO] Connection successful. (at adc_actions.py)
2025-09-12 12:06:03,443 [INFO] Starting homing operation. (at adc_actions.py)
2025-09-12 12:06:03,443 [DEBUG] Calling homing method on controller. (at adc_actions.py)
2025-09-12 12:06:13,445 [INFO] Homing completed successfully. (at adc_actions.py)
2025-09-12 12:06:13,449 [INFO] Starting zeroing operation with velocity 1 RPM. (at adc_actions.py)
2025-09-12 12:06:13,450 [DEBUG] Initiating homing as part of zeroing. (at adc_actions.py)
2025-09-12 12:06:23,450 [INFO] Zeroing operation completed successfully. (at adc_actions.py)
2025-09-12 12:06:23,454 [INFO] Retrieving status for motor 0. (at adc_actions.py)
2025-09-12 12:06:23,454 [INFO] Motor 0 status: $$$$$ (at adc_actions.py)
2025-09-12 12:08:39,152 [INFO] Connecting to devices. (at adc_actions.py)
2025-09-12 12:08:39,152 [INFO] Connection successful. (at adc_actions.py)
2025-09-12 12:08:39,156 [INFO] Starting homing operation. (at adc_actions.py)
2025-09-12 12:08:39,156 [DEBUG] Calling homing method on controller. (at adc_actions.py)
2025-09-12 12:08:49,157 [INFO] Homing completed successfully. (at adc_actions.py)
2025-09-12 12:08:49,162 [INFO] Starting zeroing operation with velocity 1 RPM. (at adc_actions.py)
2025-09-12 12:08:49,162 [DEBUG] Initiating homing as part of zeroing. (at adc_actions.py)
2025-09-12 12:08:59,163 [INFO] Zeroing operation completed successfully. (at adc_actions.py)
2025-09-12 12:08:59,168 [INFO] Retrieving status for motor 0. (at adc_actions.py)
2025-09-12 12:08:59,168 [INFO] Motor 0 status: $$$$$ (at adc_actions.py)
2025-09-12 12:43:56,759 [INFO] Connecting to devices. (at adc_actions.py)
2025-09-12 12:43:56,760 [INFO] Connection successful. (at adc_actions.py)
2025-09-12 12:43:56,766 [INFO] Starting homing operation. (at adc_actions.py)
2025-09-12 12:43:56,766 [DEBUG] Calling homing method on controller. (at adc_actions.py)
2025-09-12 12:44:06,768 [INFO] Homing completed successfully. (at adc_actions.py)
2025-09-12 12:44:06,784 [INFO] Starting zeroing operation with velocity 1 RPM. (at adc_actions.py)
2025-09-12 12:44:06,784 [DEBUG] Initiating homing as part of zeroing. (at adc_actions.py)
2025-09-12 12:44:16,786 [INFO] Zeroing operation completed successfully. (at adc_actions.py)
2025-09-12 12:44:16,795 [INFO] Retrieving status for motor 0. (at adc_actions.py)
2025-09-12 12:44:16,796 [INFO] Motor 0 status: $$$$$ (at adc_actions.py)
2025-09-12 12:46:27,463 [INFO] Connecting to devices. (at adc_actions.py)
2025-09-12 12:46:27,463 [INFO] Connection successful. (at adc_actions.py)
2025-09-12 12:46:27,469 [INFO] Starting homing operation. (at adc_actions.py)
2025-09-12 12:46:27,469 [DEBUG] Calling homing method on controller. (at adc_actions.py)
2025-09-12 12:46:37,470 [INFO] Homing completed successfully. (at adc_actions.py)
2025-09-12 12:46:37,487 [INFO] Starting zeroing operation with velocity 1 RPM. (at adc_actions.py)
2025-09-12 12:46:37,487 [DEBUG] Initiating homing as part of zeroing. (at adc_actions.py)
2025-09-12 12:46:47,489 [INFO] Zeroing operation completed successfully. (at adc_actions.py)
2025-09-12 12:46:47,504 [INFO] Retrieving status for motor 0. (at adc_actions.py)
2025-09-12 12:46:47,504 [INFO] Motor 0 status: $$$$$ (at adc_actions.py)
2025-09-12 14:26:49,447 [INFO] Connecting to devices. (at adc_actions.py)
2025-09-12 14:26:49,448 [INFO] Connection successful. (at adc_actions.py)
2025-09-12 14:26:49,460 [INFO] Starting homing operation. (at adc_actions.py)
2025-09-12 14:26:49,461 [DEBUG] Calling homing method on controller. (at adc_actions.py)
2025-09-12 14:26:59,463 [INFO] Homing completed successfully. (at adc_actions.py)
2025-09-12 14:26:59,480 [INFO] Starting zeroing operation with velocity 1 RPM. (at adc_actions.py)
2025-09-12 14:26:59,480 [DEBUG] Initiating homing as part of zeroing. (at adc_actions.py)
2025-09-12 14:27:09,482 [INFO] Zeroing operation completed successfully. (at adc_actions.py)
2025-09-12 14:27:09,496 [INFO] Retrieving status for motor 0. (at adc_actions.py)
2025-09-12 14:27:09,497 [INFO] Motor 0 status: $$$$$ (at adc_actions.py)
2025-09-12 14:29:35,634 [INFO] Connecting to devices. (at adc_actions.py)
2025-09-12 14:29:35,635 [INFO] Connection successful. (at adc_actions.py)
2025-09-12 14:29:35,641 [INFO] Starting homing operation. (at adc_actions.py)
2025-09-12 14:29:35,641 [DEBUG] Calling homing method on controller. (at adc_actions.py)
2025-09-12 14:29:45,643 [INFO] Homing completed successfully. (at adc_actions.py)
2025-09-12 14:29:45,660 [INFO] Starting zeroing operation with velocity 1 RPM. (at adc_actions.py)
2025-09-12 14:29:45,660 [DEBUG] Initiating homing as part of zeroing. (at adc_actions.py)
2025-09-12 14:29:55,662 [INFO] Zeroing operation completed successfully. (at adc_actions.py)
2025-09-12 14:29:55,676 [INFO] Retrieving status for motor 0. (at adc_actions.py)
2025-09-12 14:29:55,677 [INFO] Motor 0 status: $$$$$ (at adc_actions.py)
2025-09-12 14:32:30,638 [INFO] Connecting to devices. (at adc_actions.py)
2025-09-12 14:32:30,638 [INFO] Connection successful. (at adc_actions.py)
2025-09-12 14:32:30,644 [INFO] Starting homing operation. (at adc_actions.py)
2025-09-12 14:32:30,645 [DEBUG] Calling homing method on controller. (at adc_actions.py)
2025-09-12 14:32:40,646 [INFO] Homing completed successfully. (at adc_actions.py)
2025-09-12 14:32:40,663 [INFO] Starting zeroing operation with velocity 1 RPM. (at adc_actions.py)
2025-09-12 14:32:40,664 [DEBUG] Initiating homing as part of zeroing. (at adc_actions.py)
2025-09-12 14:32:50,665 [INFO] Zeroing operation completed successfully. (at adc_actions.py)
2025-09-12 14:32:50,679 [INFO] Retrieving status for motor 0. (at adc_actions.py)
2025-09-12 14:32:50,679 [INFO] Motor 0 status: $$$$$ (at adc_actions.py)
2025-09-12 15:24:53,960 [INFO] Connecting to devices. (at adc_actions.py)
2025-09-12 15:24:53,961 [INFO] Connection successful. (at adc_actions.py)
2025-09-12 15:24:53,967 [INFO] Starting homing operation. (at adc_actions.py)
2025-09-12 15:24:53,967 [DEBUG] Calling homing method on controller. (at adc_actions.py)
2025-09-12 15:25:03,968 [INFO] Homing completed successfully. (at adc_actions.py)
2025-09-12 15:25:03,984 [INFO] Starting zeroing operation with velocity 1 RPM. (at adc_actions.py)
2025-09-12 15:25:03,984 [DEBUG] Initiating homing as part of zeroing. (at adc_actions.py)
2025-09-12 15:25:13,985 [INFO] Zeroing operation completed successfully. (at adc_actions.py)
2025-09-12 15:25:13,995 [INFO] Retrieving status for motor 0. (at adc_actions.py)
2025-09-12 15:25:13,995 [INFO] Motor 0 status: $$$$$ (at adc_actions.py)
2025-09-12 15:26:15,994 [INFO] Calculating from ZA. (at adc_actions.py)
2025-09-12 15:26:15,994 [ERROR] Input zenith angle 76.62865031406889 is out of bounds (0.0, 60.0) (at adc_actions.py)
2025-09-12 15:26:15,994 [ERROR] Error calculating from ZA: Input zenith angle 76.62865031406889 is out of bounds. (at adc_actions.py)
2025-09-12 15:27:23,369 [INFO] Calculating from ZA. (at adc_actions.py)
2025-09-12 15:27:23,369 [ERROR] Input zenith angle 76.87969893240275 is out of bounds (0.0, 60.0) (at adc_actions.py)
2025-09-12 15:27:23,369 [ERROR] Error calculating from ZA: Input zenith angle 76.87969893240275 is out of bounds. (at adc_actions.py)
