2025-03-11 10:00:00 [INFO] Lookup table found: /media/shyunc/DATA/KSpec/KSPEC_ICS/ADC/Simul/kspec_adc_controller/src/etc/ADC_lookup.csv
2025-03-11 10:00:00 [INFO] Interpolation function using pchip method created.
2025-03-11 10:00:46 [INFO] Calculating from ZA.
2025-03-11 10:00:46 [INFO] Calculation successful: -18.81996100676485
2025-03-11 10:00:46 [INFO] Converting degrees to counts.
2025-03-11 10:00:46 [INFO] Conversion successful: -846
2025-03-11 10:01:01 [INFO] Both motors moved successfully.
2025-03-11 10:02:01 [INFO] Calculating from ZA.
2025-03-11 10:02:01 [INFO] Calculation successful: -19.04033865090472
2025-03-11 10:02:01 [INFO] Converting degrees to counts.
2025-03-11 10:02:01 [INFO] Conversion successful: -856
2025-03-11 10:02:16 [INFO] Both motors moved successfully.
2025-03-11 10:02:36 [INFO] Both motors stopped successfully.
2025-03-11 12:05:53 [INFO] Calculating from ZA.
2025-03-11 12:05:53 [INFO] Calculation successful: -45.431470933918796
2025-03-11 12:05:53 [INFO] Converting degrees to counts.
2025-03-11 12:05:53 [INFO] Conversion successful: -2044
2025-03-11 12:06:08 [INFO] Both motors moved successfully.
2025-03-11 12:07:08 [INFO] Calculating from ZA.
2025-03-11 12:07:08 [INFO] Calculation successful: -45.81220236658365
2025-03-11 12:07:08 [INFO] Converting degrees to counts.
2025-03-11 12:07:08 [INFO] Conversion successful: -2061
2025-03-11 12:07:23 [INFO] Both motors moved successfully.
2025-03-11 12:07:34 [INFO] Both motors stopped successfully.
2025-03-11 13:42:58 [INFO] Calculating from ZA.
2025-03-11 13:42:58 [ERROR] Input zenith angle 66.49545445813781 is out of bounds (0.0, 60.0)
2025-03-11 13:42:58 [ERROR] Error calculating from ZA: Input zenith angle 66.49545445813781 is out of bounds.
2025-03-11 13:43:36 [INFO] Both motors stopped successfully.
2025-03-11 13:53:22 [INFO] Calculating from ZA.
2025-03-11 13:53:22 [INFO] Calculation successful: -29.94248171412048
2025-03-11 13:53:22 [INFO] Converting degrees to counts.
2025-03-11 13:53:22 [INFO] Conversion successful: -1347
2025-03-11 13:53:37 [INFO] Both motors moved successfully.
2025-03-11 13:54:37 [INFO] Calculating from ZA.
2025-03-11 13:54:37 [INFO] Calculation successful: -30.139377014248065
2025-03-11 13:54:37 [INFO] Converting degrees to counts.
2025-03-11 13:54:37 [INFO] Conversion successful: -1356
2025-03-11 13:54:52 [INFO] Both motors moved successfully.
2025-03-11 13:55:52 [INFO] Calculating from ZA.
2025-03-11 13:55:52 [INFO] Calculation successful: -30.33380492337671
2025-03-11 13:55:52 [INFO] Converting degrees to counts.
2025-03-11 13:55:52 [INFO] Conversion successful: -1365
2025-03-11 13:56:07 [INFO] Both motors moved successfully.
2025-03-11 13:57:07 [INFO] Calculating from ZA.
2025-03-11 13:57:07 [INFO] Calculation successful: -30.526651003692987
2025-03-11 13:57:07 [INFO] Converting degrees to counts.
2025-03-11 13:57:07 [INFO] Conversion successful: -1373
2025-03-11 13:57:22 [INFO] Both motors moved successfully.
2025-03-11 13:58:22 [INFO] Calculating from ZA.
2025-03-11 13:58:22 [INFO] Calculation successful: -30.71905183355767
2025-03-11 13:58:22 [INFO] Converting degrees to counts.
2025-03-11 13:58:22 [INFO] Conversion successful: -1382
2025-03-11 13:58:37 [INFO] Both motors moved successfully.
2025-03-11 13:59:37 [INFO] Calculating from ZA.
2025-03-11 13:59:37 [INFO] Calculation successful: -30.911859522022446
2025-03-11 13:59:37 [INFO] Converting degrees to counts.
2025-03-11 13:59:37 [INFO] Conversion successful: -1391
2025-03-11 13:59:52 [INFO] Both motors moved successfully.
2025-03-11 14:00:52 [INFO] Calculating from ZA.
2025-03-11 14:00:52 [INFO] Calculation successful: -31.106201593666114
2025-03-11 14:00:52 [INFO] Converting degrees to counts.
2025-03-11 14:00:52 [INFO] Conversion successful: -1399
2025-03-11 14:01:04 [INFO] Both motors stopped successfully.
