2026-03-13 09:47:12,258 [DEBUG] Initializing AdcActions class. (at adc_actions.py)
2026-03-13 09:47:12,258 [INFO] Lookup table found: /media/shyunc/DATA/KSpec/KSPEC_ICS/ADC/Simul/kspec_adc_controller/src/etc/ADC_lookup.csv (at adc_actions.py)
2026-03-13 09:47:12,258 [INFO] Interpolation function using pchip method created. (at adc_actions.py)
2026-03-13 09:47:34,942 [DEBUG] Moving motor 1 to position 445 with velocity 1. (at adc_actions.py)
2026-03-13 09:47:34,943 [INFO] Motor 1 moved successfully to position 445. (at adc_actions.py)
2026-03-13 09:55:10,963 [ERROR] Input zenith angle 96.98736341185545 is out of bounds (0.0, 60.0) (at adc_actions.py)
2026-03-13 09:55:23,728 [ERROR] Input zenith angle 116.11062430423127 is out of bounds (0.0, 60.0) (at adc_actions.py)
2026-03-13 09:55:33,036 [DEBUG] Converted -55.815126818987785 degrees to -2511 counts. (at adc_actions.py)
2026-03-13 09:55:33,037 [DEBUG] Starting simultaneous move for motors 1 and 2 to position -2511 with velocity 1. (at adc_actions.py)
2026-03-13 09:55:33,038 [INFO] Both motors moved successfully. (at adc_actions.py)
2026-03-13 10:15:55,444 [DEBUG] Initializing AdcActions class. (at adc_actions.py)
2026-03-13 10:15:55,444 [INFO] Lookup table found: /media/shyunc/DATA/KSpec/KSPEC_ICS/ADC/Simul/kspec_adc_controller/src/etc/ADC_lookup.csv (at adc_actions.py)
2026-03-13 10:15:55,445 [INFO] Interpolation function using pchip method created. (at adc_actions.py)
2026-03-13 10:16:00,389 [DEBUG] Converted -47.760198710707265 degrees to -2149 counts. (at adc_actions.py)
2026-03-13 10:16:00,390 [DEBUG] Starting simultaneous move for motors 1 and 2 to position -2149 with velocity 1. (at adc_actions.py)
2026-03-13 10:16:00,390 [INFO] Both motors moved successfully. (at adc_actions.py)
2026-03-13 10:17:00,401 [DEBUG] Converted -47.42433805973171 degrees to -2134 counts. (at adc_actions.py)
2026-03-13 10:17:00,402 [DEBUG] Starting simultaneous move for motors 1 and 2 to position 15 with velocity 1. (at adc_actions.py)
2026-03-13 10:17:00,402 [INFO] Both motors moved successfully. (at adc_actions.py)
2026-03-13 10:18:00,428 [DEBUG] Converted -47.09553759288976 degrees to -2119 counts. (at adc_actions.py)
2026-03-13 10:18:00,430 [DEBUG] Starting simultaneous move for motors 1 and 2 to position 15 with velocity 1. (at adc_actions.py)
2026-03-13 10:18:00,430 [INFO] Both motors moved successfully. (at adc_actions.py)
2026-03-13 10:19:00,442 [DEBUG] Converted -46.77170352013319 degrees to -2104 counts. (at adc_actions.py)
2026-03-13 10:19:00,443 [DEBUG] Starting simultaneous move for motors 1 and 2 to position 15 with velocity 1. (at adc_actions.py)
2026-03-13 10:19:00,444 [INFO] Both motors moved successfully. (at adc_actions.py)
2026-03-13 10:20:00,455 [DEBUG] Converted -46.45278911481261 degrees to -2090 counts. (at adc_actions.py)
2026-03-13 10:20:00,456 [DEBUG] Starting simultaneous move for motors 1 and 2 to position 14 with velocity 1. (at adc_actions.py)
2026-03-13 10:20:00,456 [INFO] Both motors moved successfully. (at adc_actions.py)
2026-03-13 10:21:00,468 [DEBUG] Converted -46.138500736353706 degrees to -2076 counts. (at adc_actions.py)
2026-03-13 10:21:00,469 [DEBUG] Starting simultaneous move for motors 1 and 2 to position 14 with velocity 1. (at adc_actions.py)
2026-03-13 10:21:00,469 [INFO] Both motors moved successfully. (at adc_actions.py)
2026-03-13 10:22:00,477 [DEBUG] Converted -45.8286395686703 degrees to -2062 counts. (at adc_actions.py)
2026-03-13 10:22:00,477 [DEBUG] Starting simultaneous move for motors 1 and 2 to position 14 with velocity 1. (at adc_actions.py)
2026-03-13 10:22:00,477 [INFO] Both motors moved successfully. (at adc_actions.py)
2026-03-13 10:22:46,149 [DEBUG] Stopping both motors simultaneously. (at adc_actions.py)
2026-03-13 10:22:46,150 [INFO] Both motors stopped successfully. (at adc_actions.py)
2026-03-13 11:28:35,628 [DEBUG] Initializing AdcActions class. (at adc_actions.py)
2026-03-13 11:28:35,628 [INFO] Lookup table found: /media/shyunc/DATA/KSpec/KSPEC_ICS/ADC/Simul/kspec_adc_controller/src/etc/ADC_lookup.csv (at adc_actions.py)
2026-03-13 11:28:35,629 [INFO] Interpolation function using pchip method created. (at adc_actions.py)
2026-03-13 11:29:05,769 [INFO] Starting homing operation. (at adc_actions.py)
2026-03-13 11:29:05,770 [DEBUG] Calling homing method on controller. (at adc_actions.py)
2026-03-13 11:29:15,771 [INFO] Homing completed successfully. (at adc_actions.py)
2026-03-13 11:29:19,683 [INFO] Starting parking operation. (at adc_actions.py)
2026-03-13 11:29:19,683 [DEBUG] Parking motors at predefined position. (at adc_actions.py)
2026-03-13 11:29:29,685 [INFO] Parking completed successfully. (at adc_actions.py)
2026-03-13 11:30:58,260 [DEBUG] Initializing AdcActions class. (at adc_actions.py)
2026-03-13 11:30:58,260 [INFO] Lookup table found: /media/shyunc/DATA/KSpec/KSPEC_ICS/ADC/Simul/kspec_adc_controller/src/etc/ADC_lookup.csv (at adc_actions.py)
2026-03-13 11:30:58,260 [INFO] Interpolation function using pchip method created. (at adc_actions.py)
2026-03-13 11:31:12,464 [INFO] Starting zeroing operation with velocity 2 RPM. (at adc_actions.py)
2026-03-13 11:31:12,464 [DEBUG] Initiating homing as part of zeroing. (at adc_actions.py)
2026-03-13 11:31:22,465 [INFO] Zeroing operation completed successfully. (at adc_actions.py)
2026-03-13 11:31:54,398 [INFO] Starting parking operation. (at adc_actions.py)
2026-03-13 11:31:54,399 [DEBUG] Parking motors at predefined position. (at adc_actions.py)
2026-03-13 11:32:04,401 [INFO] Parking completed successfully. (at adc_actions.py)
2026-03-13 11:43:48,834 [INFO] Starting parking operation. (at adc_actions.py)
2026-03-13 11:43:48,835 [DEBUG] Parking motors at predefined position. (at adc_actions.py)
2026-03-13 11:43:58,837 [INFO] Parking completed successfully. (at adc_actions.py)
2026-03-13 11:44:09,335 [INFO] Starting homing operation. (at adc_actions.py)
2026-03-13 11:44:09,336 [DEBUG] Calling homing method on controller. (at adc_actions.py)
2026-03-13 11:44:19,337 [INFO] Homing completed successfully. (at adc_actions.py)
2026-03-13 11:48:09,756 [DEBUG] Initializing AdcActions class. (at adc_actions.py)
2026-03-13 11:48:09,756 [INFO] Lookup table found: /media/shyunc/DATA/KSpec/KSPEC_ICS/ADC/Simul/kspec_adc_controller/src/etc/ADC_lookup.csv (at adc_actions.py)
2026-03-13 11:48:09,757 [INFO] Interpolation function using pchip method created. (at adc_actions.py)
2026-03-13 11:49:55,700 [INFO] Connecting to devices. (at adc_actions.py)
2026-03-13 11:49:55,701 [INFO] Connection successful. (at adc_actions.py)
2026-03-13 11:57:01,587 [INFO] Starting homing operation. (at adc_actions.py)
2026-03-13 11:57:01,588 [DEBUG] Calling homing method on controller. (at adc_actions.py)
2026-03-13 11:57:11,590 [INFO] Homing completed successfully. (at adc_actions.py)
2026-03-13 13:52:01,792 [INFO] Connecting to devices. (at adc_actions.py)
2026-03-13 13:52:01,793 [INFO] Connection successful. (at adc_actions.py)
2026-03-13 13:52:01,805 [INFO] Starting homing operation. (at adc_actions.py)
2026-03-13 13:52:01,806 [DEBUG] Calling homing method on controller. (at adc_actions.py)
2026-03-13 13:52:11,807 [INFO] Homing completed successfully. (at adc_actions.py)
2026-03-13 13:52:11,812 [INFO] Starting zeroing operation with velocity 4 RPM. (at adc_actions.py)
2026-03-13 13:52:11,812 [DEBUG] Initiating homing as part of zeroing. (at adc_actions.py)
2026-03-13 13:52:21,813 [INFO] Zeroing operation completed successfully. (at adc_actions.py)
2026-03-13 13:52:21,832 [INFO] Retrieving status for motor 0. (at adc_actions.py)
2026-03-13 13:52:21,833 [INFO] Motor 0 status: $$$$$ (at adc_actions.py)
2026-03-13 14:33:02,103 [INFO] Connecting to devices. (at adc_actions.py)
2026-03-13 14:33:02,104 [INFO] Connection successful. (at adc_actions.py)
2026-03-13 14:33:04,048 [INFO] Starting homing operation. (at adc_actions.py)
2026-03-13 14:33:04,048 [DEBUG] Calling homing method on controller. (at adc_actions.py)
2026-03-13 14:33:14,050 [INFO] Homing completed successfully. (at adc_actions.py)
2026-03-13 14:33:16,053 [INFO] Starting zeroing operation with velocity 4 RPM. (at adc_actions.py)
2026-03-13 14:33:16,053 [DEBUG] Initiating homing as part of zeroing. (at adc_actions.py)
2026-03-13 14:33:26,055 [INFO] Zeroing operation completed successfully. (at adc_actions.py)
2026-03-13 14:33:28,051 [INFO] Retrieving status for motor 0. (at adc_actions.py)
2026-03-13 14:33:28,052 [INFO] Motor 0 status: $$$$$ (at adc_actions.py)
2026-03-13 15:15:45,915 [ERROR] Input zenith angle 104.12851980270965 is out of bounds (0.0, 60.0) (at adc_actions.py)
2026-03-13 15:16:03,449 [DEBUG] Converted -35.03685799565897 degrees to -1576 counts. (at adc_actions.py)
2026-03-13 15:16:03,450 [DEBUG] Starting simultaneous move for motors 1 and 2 to position -1576 with velocity 1. (at adc_actions.py)
2026-03-13 15:16:03,450 [INFO] Both motors moved successfully. (at adc_actions.py)
2026-03-13 15:16:22,843 [DEBUG] Stopping both motors simultaneously. (at adc_actions.py)
2026-03-13 15:16:22,843 [INFO] Both motors stopped successfully. (at adc_actions.py)
2026-03-13 15:29:36,552 [INFO] Connecting to devices. (at adc_actions.py)
2026-03-13 15:29:36,552 [INFO] Connection successful. (at adc_actions.py)
2026-03-13 15:29:38,553 [INFO] Starting homing operation. (at adc_actions.py)
2026-03-13 15:29:38,554 [DEBUG] Calling homing method on controller. (at adc_actions.py)
2026-03-13 15:29:48,556 [INFO] Homing completed successfully. (at adc_actions.py)
2026-03-13 15:29:50,554 [INFO] Starting zeroing operation with velocity 4 RPM. (at adc_actions.py)
2026-03-13 15:29:50,554 [DEBUG] Initiating homing as part of zeroing. (at adc_actions.py)
2026-03-13 15:30:00,556 [INFO] Zeroing operation completed successfully. (at adc_actions.py)
2026-03-13 15:30:02,552 [INFO] Retrieving status for motor 0. (at adc_actions.py)
2026-03-13 15:30:02,552 [INFO] Motor 0 status: $$$$$ (at adc_actions.py)
2026-03-13 15:30:58,053 [DEBUG] Converted -32.192084242711395 degrees to -1448 counts. (at adc_actions.py)
2026-03-13 15:30:58,055 [DEBUG] Starting simultaneous move for motors 1 and 2 to position -1448 with velocity 1. (at adc_actions.py)
2026-03-13 15:30:58,055 [INFO] Both motors moved successfully. (at adc_actions.py)
2026-03-13 15:31:58,067 [DEBUG] Converted -32.01700105053662 degrees to -1440 counts. (at adc_actions.py)
2026-03-13 15:31:58,068 [DEBUG] Starting simultaneous move for motors 1 and 2 to position 8 with velocity 1. (at adc_actions.py)
2026-03-13 15:31:58,068 [INFO] Both motors moved successfully. (at adc_actions.py)
2026-03-13 15:32:40,918 [DEBUG] Stopping both motors simultaneously. (at adc_actions.py)
2026-03-13 15:32:40,919 [INFO] Both motors stopped successfully. (at adc_actions.py)
2026-03-13 16:11:09,049 [INFO] Connecting to devices. (at adc_actions.py)
2026-03-13 16:11:09,049 [INFO] Connection successful. (at adc_actions.py)
2026-03-13 16:11:11,051 [INFO] Starting homing operation. (at adc_actions.py)
2026-03-13 16:11:11,051 [DEBUG] Calling homing method on controller. (at adc_actions.py)
2026-03-13 16:11:21,054 [INFO] Homing completed successfully. (at adc_actions.py)
2026-03-13 16:11:23,051 [INFO] Starting zeroing operation with velocity 4 RPM. (at adc_actions.py)
2026-03-13 16:11:23,051 [DEBUG] Initiating homing as part of zeroing. (at adc_actions.py)
2026-03-13 16:11:33,054 [INFO] Zeroing operation completed successfully. (at adc_actions.py)
2026-03-13 16:11:35,049 [INFO] Retrieving status for motor 0. (at adc_actions.py)
2026-03-13 16:11:35,050 [INFO] Motor 0 status: $$$$$ (at adc_actions.py)
2026-03-13 16:12:02,062 [DEBUG] Converted -23.734093085754704 degrees to -1068 counts. (at adc_actions.py)
2026-03-13 16:12:02,063 [DEBUG] Starting simultaneous move for motors 1 and 2 to position -1068 with velocity 1. (at adc_actions.py)
2026-03-13 16:12:02,064 [INFO] Both motors moved successfully. (at adc_actions.py)
2026-03-13 16:13:02,076 [DEBUG] Converted -23.477899184453072 degrees to -1056 counts. (at adc_actions.py)
2026-03-13 16:13:02,077 [DEBUG] Starting simultaneous move for motors 1 and 2 to position 12 with velocity 1. (at adc_actions.py)
2026-03-13 16:13:02,077 [INFO] Both motors moved successfully. (at adc_actions.py)
2026-03-13 16:13:39,858 [DEBUG] Stopping both motors simultaneously. (at adc_actions.py)
2026-03-13 16:13:39,859 [INFO] Both motors stopped successfully. (at adc_actions.py)
2026-03-13 16:16:57,048 [INFO] Connecting to devices. (at adc_actions.py)
2026-03-13 16:16:57,048 [INFO] Connection successful. (at adc_actions.py)
2026-03-13 16:16:59,047 [INFO] Starting homing operation. (at adc_actions.py)
2026-03-13 16:16:59,047 [DEBUG] Calling homing method on controller. (at adc_actions.py)
2026-03-13 16:17:09,048 [INFO] Homing completed successfully. (at adc_actions.py)
2026-03-13 16:17:11,051 [INFO] Starting zeroing operation with velocity 4 RPM. (at adc_actions.py)
2026-03-13 16:17:11,051 [DEBUG] Initiating homing as part of zeroing. (at adc_actions.py)
2026-03-13 16:17:21,052 [INFO] Zeroing operation completed successfully. (at adc_actions.py)
2026-03-13 16:17:23,049 [INFO] Retrieving status for motor 0. (at adc_actions.py)
2026-03-13 16:17:23,049 [INFO] Motor 0 status: $$$$$ (at adc_actions.py)
2026-03-13 16:31:14,048 [INFO] Connecting to devices. (at adc_actions.py)
2026-03-13 16:31:14,049 [INFO] Connection successful. (at adc_actions.py)
2026-03-13 16:31:16,050 [INFO] Starting homing operation. (at adc_actions.py)
2026-03-13 16:31:16,051 [DEBUG] Calling homing method on controller. (at adc_actions.py)
2026-03-13 16:31:26,052 [INFO] Homing completed successfully. (at adc_actions.py)
2026-03-13 16:31:28,051 [INFO] Starting zeroing operation with velocity 4 RPM. (at adc_actions.py)
2026-03-13 16:31:28,051 [DEBUG] Initiating homing as part of zeroing. (at adc_actions.py)
2026-03-13 16:31:38,053 [INFO] Zeroing operation completed successfully. (at adc_actions.py)
2026-03-13 16:31:40,049 [INFO] Retrieving status for motor 0. (at adc_actions.py)
2026-03-13 16:31:40,050 [INFO] Motor 0 status: $$$$$ (at adc_actions.py)
2026-03-13 17:03:57,549 [INFO] Connecting to devices. (at adc_actions.py)
2026-03-13 17:03:57,550 [INFO] Connection successful. (at adc_actions.py)
2026-03-13 17:03:59,547 [INFO] Starting homing operation. (at adc_actions.py)
2026-03-13 17:03:59,547 [DEBUG] Calling homing method on controller. (at adc_actions.py)
2026-03-13 17:04:09,549 [INFO] Homing completed successfully. (at adc_actions.py)
2026-03-13 17:04:11,551 [INFO] Starting zeroing operation with velocity 4 RPM. (at adc_actions.py)
2026-03-13 17:04:11,551 [DEBUG] Initiating homing as part of zeroing. (at adc_actions.py)
2026-03-13 17:04:21,553 [INFO] Zeroing operation completed successfully. (at adc_actions.py)
2026-03-13 17:04:23,549 [INFO] Retrieving status for motor 0. (at adc_actions.py)
2026-03-13 17:04:23,550 [INFO] Motor 0 status: $$$$$ (at adc_actions.py)
2026-03-13 17:05:07,212 [DEBUG] Converted -13.291888070709335 degrees to -598 counts. (at adc_actions.py)
2026-03-13 17:05:07,214 [DEBUG] Starting simultaneous move for motors 1 and 2 to position -598 with velocity 1. (at adc_actions.py)
2026-03-13 17:05:07,214 [INFO] Both motors moved successfully. (at adc_actions.py)
2026-03-13 17:05:38,018 [DEBUG] Stopping both motors simultaneously. (at adc_actions.py)
2026-03-13 17:05:38,019 [INFO] Both motors stopped successfully. (at adc_actions.py)
