2025-09-12 15:52:12,298 [DEBUG] Initializing AdcActions class. (at adc_actions.py)
2025-09-12 15:52:12,298 [INFO] Lookup table found: /media/shyunc/DATA/KSpec/KSPEC_ICS/ADC/Simul/kspec_adc_controller/src/etc/ADC_lookup.csv (at adc_actions.py)
2025-09-12 15:52:12,300 [INFO] Interpolation function using pchip method created. (at adc_actions.py)
2025-09-12 15:59:04,138 [INFO] Connecting to devices. (at adc_actions.py)
2025-09-12 15:59:04,139 [INFO] Connection successful. (at adc_actions.py)
2025-09-12 15:59:04,145 [INFO] Starting homing operation. (at adc_actions.py)
2025-09-12 15:59:04,145 [DEBUG] Calling homing method on controller. (at adc_actions.py)
2025-09-12 15:59:04,150 [INFO] Starting zeroing operation with velocity 1 RPM. (at adc_actions.py)
2025-09-12 15:59:04,150 [DEBUG] Initiating homing as part of zeroing. (at adc_actions.py)
2025-09-12 15:59:04,152 [INFO] Retrieving status for motor 0. (at adc_actions.py)
2025-09-12 15:59:04,152 [INFO] Motor 0 status: $$$$$ (at adc_actions.py)
2025-09-12 15:59:14,146 [INFO] Homing completed successfully. (at adc_actions.py)
2025-09-12 15:59:14,151 [INFO] Zeroing operation completed successfully. (at adc_actions.py)
2025-09-12 15:59:14,828 [INFO] Connecting to devices. (at adc_actions.py)
2025-09-12 15:59:14,829 [INFO] Connection successful. (at adc_actions.py)
2025-09-12 15:59:14,838 [INFO] Starting homing operation. (at adc_actions.py)
2025-09-12 15:59:14,838 [DEBUG] Calling homing method on controller. (at adc_actions.py)
2025-09-12 15:59:14,841 [INFO] Starting zeroing operation with velocity 1 RPM. (at adc_actions.py)
2025-09-12 15:59:14,841 [DEBUG] Initiating homing as part of zeroing. (at adc_actions.py)
2025-09-12 15:59:14,843 [INFO] Retrieving status for motor 0. (at adc_actions.py)
2025-09-12 15:59:14,843 [INFO] Motor 0 status: $$$$$ (at adc_actions.py)
2025-09-12 15:59:24,840 [INFO] Homing completed successfully. (at adc_actions.py)
2025-09-12 15:59:24,841 [INFO] Zeroing operation completed successfully. (at adc_actions.py)
2025-09-12 16:00:51,364 [DEBUG] Initializing AdcActions class. (at adc_actions.py)
2025-09-12 16:00:51,364 [INFO] Lookup table found: /media/shyunc/DATA/KSpec/KSPEC_ICS/ADC/Simul/kspec_adc_controller/src/etc/ADC_lookup.csv (at adc_actions.py)
2025-09-12 16:00:51,365 [INFO] Interpolation function using pchip method created. (at adc_actions.py)
2025-09-12 16:02:17,979 [INFO] Connecting to devices. (at adc_actions.py)
2025-09-12 16:02:17,980 [INFO] Connection successful. (at adc_actions.py)
2025-09-12 16:02:17,986 [INFO] Starting homing operation. (at adc_actions.py)
2025-09-12 16:02:17,986 [DEBUG] Calling homing method on controller. (at adc_actions.py)
2025-09-12 16:02:17,990 [INFO] Starting zeroing operation with velocity 1 RPM. (at adc_actions.py)
2025-09-12 16:02:17,990 [DEBUG] Initiating homing as part of zeroing. (at adc_actions.py)
2025-09-12 16:02:17,994 [INFO] Retrieving status for motor 0. (at adc_actions.py)
2025-09-12 16:02:17,994 [INFO] Motor 0 status: $$$$$ (at adc_actions.py)
2025-09-12 16:02:27,987 [INFO] Homing completed successfully. (at adc_actions.py)
2025-09-12 16:02:27,991 [INFO] Zeroing operation completed successfully. (at adc_actions.py)
2025-09-12 16:04:08,835 [INFO] Connecting to devices. (at adc_actions.py)
2025-09-12 16:04:08,836 [INFO] Connection successful. (at adc_actions.py)
2025-09-12 16:04:08,840 [INFO] Starting homing operation. (at adc_actions.py)
2025-09-12 16:04:08,841 [DEBUG] Calling homing method on controller. (at adc_actions.py)
2025-09-12 16:04:18,841 [INFO] Homing completed successfully. (at adc_actions.py)
2025-09-12 16:04:18,852 [INFO] Starting zeroing operation with velocity 1 RPM. (at adc_actions.py)
2025-09-12 16:04:18,852 [DEBUG] Initiating homing as part of zeroing. (at adc_actions.py)
2025-09-12 16:04:28,853 [INFO] Zeroing operation completed successfully. (at adc_actions.py)
2025-09-12 16:04:28,870 [INFO] Retrieving status for motor 0. (at adc_actions.py)
2025-09-12 16:04:28,870 [INFO] Motor 0 status: $$$$$ (at adc_actions.py)
2025-09-12 16:04:38,442 [INFO] Calculating from ZA. (at adc_actions.py)
2025-09-12 16:04:38,443 [ERROR] Input zenith angle 83.68024149973984 is out of bounds (0.0, 60.0) (at adc_actions.py)
2025-09-12 16:04:38,443 [ERROR] Error calculating from ZA: Input zenith angle 83.68024149973984 is out of bounds. (at adc_actions.py)
2025-09-12 16:04:41,225 [INFO] Calculating from ZA. (at adc_actions.py)
2025-09-12 16:04:41,225 [ERROR] Input zenith angle 83.70287052540085 is out of bounds (0.0, 60.0) (at adc_actions.py)
2025-09-12 16:04:41,225 [ERROR] Error calculating from ZA: Input zenith angle 83.70287052540085 is out of bounds. (at adc_actions.py)
