2025-11-25 13:15:55,087 [DEBUG] Initializing AdcActions class. (at adc_actions.py)
2025-11-25 13:15:55,087 [INFO] Lookup table found: /media/shyunc/DATA/KSpec/KSPEC_ICS/ADC/Simul/kspec_adc_controller/src/etc/ADC_lookup.csv (at adc_actions.py)
2025-11-25 13:15:55,088 [INFO] Interpolation function using pchip method created. (at adc_actions.py)
2025-11-25 13:17:55,387 [INFO] Connecting to devices. (at adc_actions.py)
2025-11-25 13:17:55,387 [INFO] Connection successful. (at adc_actions.py)
2025-11-25 13:17:55,393 [INFO] Starting homing operation. (at adc_actions.py)
2025-11-25 13:17:55,393 [DEBUG] Calling homing method on controller. (at adc_actions.py)
2025-11-25 13:18:05,395 [INFO] Homing completed successfully. (at adc_actions.py)
2025-11-25 13:18:05,407 [INFO] Starting zeroing operation with velocity 1 RPM. (at adc_actions.py)
2025-11-25 13:18:05,407 [DEBUG] Initiating homing as part of zeroing. (at adc_actions.py)
2025-11-25 13:18:15,409 [INFO] Zeroing operation completed successfully. (at adc_actions.py)
2025-11-25 13:18:15,425 [INFO] Retrieving status for motor 0. (at adc_actions.py)
2025-11-25 13:18:15,425 [INFO] Motor 0 status: $$$$$ (at adc_actions.py)
2025-11-25 13:18:59,350 [INFO] Calculating from ZA. (at adc_actions.py)
2025-11-25 13:18:59,351 [ERROR] Input zenith angle 61.91280333443386 is out of bounds (0.0, 60.0) (at adc_actions.py)
2025-11-25 13:18:59,351 [ERROR] Error calculating from ZA: Input zenith angle 61.91280333443386 is out of bounds. (at adc_actions.py)
2025-11-25 13:26:44,229 [INFO] Connecting to devices. (at adc_actions.py)
2025-11-25 13:26:44,230 [INFO] Connection successful. (at adc_actions.py)
2025-11-25 13:26:44,237 [INFO] Starting homing operation. (at adc_actions.py)
2025-11-25 13:26:44,237 [DEBUG] Calling homing method on controller. (at adc_actions.py)
2025-11-25 13:26:54,239 [INFO] Homing completed successfully. (at adc_actions.py)
2025-11-25 13:26:54,257 [INFO] Starting zeroing operation with velocity 1 RPM. (at adc_actions.py)
2025-11-25 13:26:54,257 [DEBUG] Initiating homing as part of zeroing. (at adc_actions.py)
2025-11-25 13:27:04,259 [INFO] Zeroing operation completed successfully. (at adc_actions.py)
2025-11-25 13:27:04,275 [INFO] Retrieving status for motor 0. (at adc_actions.py)
2025-11-25 13:27:04,275 [INFO] Motor 0 status: $$$$$ (at adc_actions.py)
2025-11-25 13:28:20,146 [INFO] Calculating from ZA. (at adc_actions.py)
2025-11-25 13:28:20,146 [ERROR] Input zenith angle 106.40114286294346 is out of bounds (0.0, 60.0) (at adc_actions.py)
2025-11-25 13:28:20,146 [ERROR] Error calculating from ZA: Input zenith angle 106.40114286294346 is out of bounds. (at adc_actions.py)
2025-11-25 13:28:31,936 [INFO] Calculating from ZA. (at adc_actions.py)
2025-11-25 13:28:31,936 [INFO] Calculation successful: -3.18270560529434 (at adc_actions.py)
2025-11-25 13:28:31,937 [INFO] Converting degrees to counts. (at adc_actions.py)
2025-11-25 13:28:31,937 [DEBUG] Converted -3.18270560529434 degrees to -143 counts. (at adc_actions.py)
2025-11-25 13:28:31,937 [INFO] Conversion successful: -143 (at adc_actions.py)
2025-11-25 13:28:31,938 [DEBUG] Starting simultaneous move for motors 1 and 2 to position -143 with velocity 1. (at adc_actions.py)
2025-11-25 13:28:31,938 [INFO] Both motors moved successfully. (at adc_actions.py)
2025-11-25 13:29:01,073 [DEBUG] Stopping both motors simultaneously. (at adc_actions.py)
2025-11-25 13:29:01,074 [INFO] Both motors stopped successfully. (at adc_actions.py)
2025-11-25 13:34:48,132 [INFO] Calculating from ZA. (at adc_actions.py)
2025-11-25 13:34:48,132 [ERROR] Input zenith angle 65.0452473650111 is out of bounds (0.0, 60.0) (at adc_actions.py)
2025-11-25 13:34:48,132 [ERROR] Error calculating from ZA: Input zenith angle 65.0452473650111 is out of bounds. (at adc_actions.py)
2025-11-25 13:36:00,156 [INFO] Connecting to devices. (at adc_actions.py)
2025-11-25 13:36:00,157 [INFO] Connection successful. (at adc_actions.py)
2025-11-25 13:36:00,164 [INFO] Starting homing operation. (at adc_actions.py)
2025-11-25 13:36:00,165 [DEBUG] Calling homing method on controller. (at adc_actions.py)
2025-11-25 13:36:10,166 [INFO] Homing completed successfully. (at adc_actions.py)
2025-11-25 13:36:10,170 [INFO] Starting zeroing operation with velocity 1 RPM. (at adc_actions.py)
2025-11-25 13:36:10,170 [DEBUG] Initiating homing as part of zeroing. (at adc_actions.py)
2025-11-25 13:36:20,172 [INFO] Zeroing operation completed successfully. (at adc_actions.py)
2025-11-25 13:36:20,185 [INFO] Retrieving status for motor 0. (at adc_actions.py)
2025-11-25 13:36:20,185 [INFO] Motor 0 status: $$$$$ (at adc_actions.py)
2025-11-25 13:37:25,834 [INFO] Connecting to devices. (at adc_actions.py)
2025-11-25 13:37:25,834 [INFO] Connection successful. (at adc_actions.py)
2025-11-25 13:37:25,838 [INFO] Starting homing operation. (at adc_actions.py)
2025-11-25 13:37:25,838 [DEBUG] Calling homing method on controller. (at adc_actions.py)
2025-11-25 13:37:35,839 [INFO] Homing completed successfully. (at adc_actions.py)
2025-11-25 13:37:35,857 [INFO] Starting zeroing operation with velocity 1 RPM. (at adc_actions.py)
2025-11-25 13:37:35,857 [DEBUG] Initiating homing as part of zeroing. (at adc_actions.py)
2025-11-25 13:37:45,859 [INFO] Zeroing operation completed successfully. (at adc_actions.py)
2025-11-25 13:37:45,876 [INFO] Retrieving status for motor 0. (at adc_actions.py)
2025-11-25 13:37:45,876 [INFO] Motor 0 status: $$$$$ (at adc_actions.py)
2025-11-25 13:38:14,066 [INFO] Calculating from ZA. (at adc_actions.py)
2025-11-25 13:38:14,067 [INFO] Calculation successful: -8.112487970513271 (at adc_actions.py)
2025-11-25 13:38:14,067 [INFO] Converting degrees to counts. (at adc_actions.py)
2025-11-25 13:38:14,067 [DEBUG] Converted -8.112487970513271 degrees to -365 counts. (at adc_actions.py)
2025-11-25 13:38:14,067 [INFO] Conversion successful: -365 (at adc_actions.py)
2025-11-25 13:38:14,068 [DEBUG] Starting simultaneous move for motors 1 and 2 to position -365 with velocity 1. (at adc_actions.py)
2025-11-25 13:38:14,068 [INFO] Both motors moved successfully. (at adc_actions.py)
2025-11-25 13:39:14,085 [INFO] Calculating from ZA. (at adc_actions.py)
2025-11-25 13:39:14,085 [INFO] Calculation successful: -7.922789886318858 (at adc_actions.py)
2025-11-25 13:39:14,085 [INFO] Converting degrees to counts. (at adc_actions.py)
2025-11-25 13:39:14,086 [DEBUG] Converted -7.922789886318858 degrees to -356 counts. (at adc_actions.py)
2025-11-25 13:39:14,086 [INFO] Conversion successful: -356 (at adc_actions.py)
2025-11-25 13:39:14,086 [DEBUG] Starting simultaneous move for motors 1 and 2 to position 9 with velocity 1. (at adc_actions.py)
2025-11-25 13:39:14,086 [INFO] Both motors moved successfully. (at adc_actions.py)
2025-11-25 13:40:14,098 [INFO] Calculating from ZA. (at adc_actions.py)
2025-11-25 13:40:14,098 [INFO] Calculation successful: -7.733906997123838 (at adc_actions.py)
2025-11-25 13:40:14,099 [INFO] Converting degrees to counts. (at adc_actions.py)
2025-11-25 13:40:14,099 [DEBUG] Converted -7.733906997123838 degrees to -348 counts. (at adc_actions.py)
2025-11-25 13:40:14,099 [INFO] Conversion successful: -348 (at adc_actions.py)
2025-11-25 13:40:14,100 [DEBUG] Starting simultaneous move for motors 1 and 2 to position 8 with velocity 1. (at adc_actions.py)
2025-11-25 13:40:14,100 [INFO] Both motors moved successfully. (at adc_actions.py)
2025-11-25 13:41:14,125 [INFO] Calculating from ZA. (at adc_actions.py)
2025-11-25 13:41:14,125 [INFO] Calculation successful: -7.545811607346883 (at adc_actions.py)
2025-11-25 13:41:14,126 [INFO] Converting degrees to counts. (at adc_actions.py)
2025-11-25 13:41:14,126 [DEBUG] Converted -7.545811607346883 degrees to -339 counts. (at adc_actions.py)
2025-11-25 13:41:14,126 [INFO] Conversion successful: -339 (at adc_actions.py)
2025-11-25 13:41:14,127 [DEBUG] Starting simultaneous move for motors 1 and 2 to position 9 with velocity 1. (at adc_actions.py)
2025-11-25 13:41:14,127 [INFO] Both motors moved successfully. (at adc_actions.py)
2025-11-25 13:42:14,138 [INFO] Calculating from ZA. (at adc_actions.py)
2025-11-25 13:42:14,138 [INFO] Calculation successful: -7.3583776607418905 (at adc_actions.py)
2025-11-25 13:42:14,139 [INFO] Converting degrees to counts. (at adc_actions.py)
2025-11-25 13:42:14,139 [DEBUG] Converted -7.3583776607418905 degrees to -331 counts. (at adc_actions.py)
2025-11-25 13:42:14,139 [INFO] Conversion successful: -331 (at adc_actions.py)
2025-11-25 13:42:14,140 [DEBUG] Starting simultaneous move for motors 1 and 2 to position 8 with velocity 1. (at adc_actions.py)
2025-11-25 13:42:14,140 [INFO] Both motors moved successfully. (at adc_actions.py)
2025-11-25 13:42:53,192 [DEBUG] Stopping both motors simultaneously. (at adc_actions.py)
2025-11-25 13:42:53,192 [INFO] Both motors stopped successfully. (at adc_actions.py)
2025-11-25 13:42:53,200 [INFO] Starting zeroing operation with velocity 1 RPM. (at adc_actions.py)
2025-11-25 13:42:53,200 [DEBUG] Initiating homing as part of zeroing. (at adc_actions.py)
2025-11-25 13:43:03,200 [INFO] Zeroing operation completed successfully. (at adc_actions.py)
2025-11-26 09:44:44,025 [INFO] Connecting to devices. (at adc_actions.py)
2025-11-26 09:44:44,026 [INFO] Connection successful. (at adc_actions.py)
2025-11-26 09:44:44,034 [INFO] Starting homing operation. (at adc_actions.py)
2025-11-26 09:44:44,034 [DEBUG] Calling homing method on controller. (at adc_actions.py)
2025-11-26 09:44:54,036 [INFO] Homing completed successfully. (at adc_actions.py)
2025-11-26 09:44:54,054 [INFO] Starting zeroing operation with velocity 1 RPM. (at adc_actions.py)
2025-11-26 09:44:54,054 [DEBUG] Initiating homing as part of zeroing. (at adc_actions.py)
2025-11-26 09:45:04,056 [INFO] Zeroing operation completed successfully. (at adc_actions.py)
2025-11-26 09:45:04,073 [INFO] Retrieving status for motor 0. (at adc_actions.py)
2025-11-26 09:45:04,074 [INFO] Motor 0 status: $$$$$ (at adc_actions.py)
2025-11-26 09:46:17,367 [INFO] Connecting to devices. (at adc_actions.py)
2025-11-26 09:46:17,368 [INFO] Connection successful. (at adc_actions.py)
2025-11-26 09:46:17,377 [INFO] Starting homing operation. (at adc_actions.py)
2025-11-26 09:46:17,377 [DEBUG] Calling homing method on controller. (at adc_actions.py)
2025-11-26 09:46:27,378 [INFO] Homing completed successfully. (at adc_actions.py)
2025-11-26 09:46:27,389 [INFO] Starting zeroing operation with velocity 1 RPM. (at adc_actions.py)
2025-11-26 09:46:27,389 [DEBUG] Initiating homing as part of zeroing. (at adc_actions.py)
2025-11-26 09:46:37,389 [INFO] Zeroing operation completed successfully. (at adc_actions.py)
2025-11-26 09:46:37,405 [INFO] Retrieving status for motor 0. (at adc_actions.py)
2025-11-26 09:46:37,406 [INFO] Motor 0 status: $$$$$ (at adc_actions.py)
2025-11-26 09:49:51,356 [INFO] Connecting to devices. (at adc_actions.py)
2025-11-26 09:49:51,357 [INFO] Connection successful. (at adc_actions.py)
2025-11-26 09:49:51,371 [INFO] Starting homing operation. (at adc_actions.py)
2025-11-26 09:49:51,372 [DEBUG] Calling homing method on controller. (at adc_actions.py)
2025-11-26 09:50:01,375 [INFO] Homing completed successfully. (at adc_actions.py)
2025-11-26 09:50:01,392 [INFO] Starting zeroing operation with velocity 1 RPM. (at adc_actions.py)
2025-11-26 09:50:01,393 [DEBUG] Initiating homing as part of zeroing. (at adc_actions.py)
2025-11-26 09:50:11,396 [INFO] Zeroing operation completed successfully. (at adc_actions.py)
2025-11-26 09:50:11,410 [INFO] Retrieving status for motor 0. (at adc_actions.py)
2025-11-26 09:50:11,410 [INFO] Motor 0 status: $$$$$ (at adc_actions.py)
2025-11-26 10:11:06,123 [INFO] Connecting to devices. (at adc_actions.py)
2025-11-26 10:11:06,124 [INFO] Connection successful. (at adc_actions.py)
2025-11-26 10:11:06,131 [INFO] Starting homing operation. (at adc_actions.py)
2025-11-26 10:11:06,131 [DEBUG] Calling homing method on controller. (at adc_actions.py)
2025-11-26 10:11:06,136 [INFO] Starting zeroing operation with velocity 1 RPM. (at adc_actions.py)
2025-11-26 10:11:06,136 [DEBUG] Initiating homing as part of zeroing. (at adc_actions.py)
2025-11-26 10:11:06,138 [INFO] Retrieving status for motor 0. (at adc_actions.py)
2025-11-26 10:11:06,138 [INFO] Motor 0 status: $$$$$ (at adc_actions.py)
2025-11-26 10:11:16,133 [INFO] Homing completed successfully. (at adc_actions.py)
2025-11-26 10:11:16,136 [INFO] Zeroing operation completed successfully. (at adc_actions.py)
2025-11-26 10:13:15,602 [INFO] Connecting to devices. (at adc_actions.py)
2025-11-26 10:13:15,602 [INFO] Connection successful. (at adc_actions.py)
2025-11-26 10:13:15,605 [INFO] Starting homing operation. (at adc_actions.py)
2025-11-26 10:13:15,606 [DEBUG] Calling homing method on controller. (at adc_actions.py)
2025-11-26 10:13:25,607 [INFO] Homing completed successfully. (at adc_actions.py)
2025-11-26 10:13:25,624 [INFO] Starting zeroing operation with velocity 1 RPM. (at adc_actions.py)
2025-11-26 10:13:25,624 [DEBUG] Initiating homing as part of zeroing. (at adc_actions.py)
2025-11-26 10:13:35,626 [INFO] Zeroing operation completed successfully. (at adc_actions.py)
2025-11-26 10:13:35,642 [INFO] Retrieving status for motor 0. (at adc_actions.py)
2025-11-26 10:13:35,643 [INFO] Motor 0 status: $$$$$ (at adc_actions.py)
2025-11-26 10:24:04,189 [INFO] Calculating from ZA. (at adc_actions.py)
2025-11-26 10:24:04,190 [INFO] Calculation successful: -49.55857846717443 (at adc_actions.py)
2025-11-26 10:24:04,190 [INFO] Converting degrees to counts. (at adc_actions.py)
2025-11-26 10:24:04,190 [DEBUG] Converted -49.55857846717443 degrees to -2230 counts. (at adc_actions.py)
2025-11-26 10:24:04,190 [INFO] Conversion successful: -2230 (at adc_actions.py)
2025-11-26 10:24:04,191 [DEBUG] Starting simultaneous move for motors 1 and 2 to position -2230 with velocity 1. (at adc_actions.py)
2025-11-26 10:24:04,191 [INFO] Both motors moved successfully. (at adc_actions.py)
2025-11-26 10:25:04,217 [INFO] Calculating from ZA. (at adc_actions.py)
2025-11-26 10:25:04,218 [INFO] Calculation successful: -49.19485987898616 (at adc_actions.py)
2025-11-26 10:25:04,218 [INFO] Converting degrees to counts. (at adc_actions.py)
2025-11-26 10:25:04,218 [DEBUG] Converted -49.19485987898616 degrees to -2213 counts. (at adc_actions.py)
2025-11-26 10:25:04,218 [INFO] Conversion successful: -2213 (at adc_actions.py)
2025-11-26 10:25:04,219 [DEBUG] Starting simultaneous move for motors 1 and 2 to position 17 with velocity 1. (at adc_actions.py)
2025-11-26 10:25:04,219 [INFO] Both motors moved successfully. (at adc_actions.py)
2025-11-26 10:26:04,231 [INFO] Calculating from ZA. (at adc_actions.py)
2025-11-26 10:26:04,232 [INFO] Calculation successful: -48.83739855223531 (at adc_actions.py)
2025-11-26 10:26:04,232 [INFO] Converting degrees to counts. (at adc_actions.py)
2025-11-26 10:26:04,232 [DEBUG] Converted -48.83739855223531 degrees to -2197 counts. (at adc_actions.py)
2025-11-26 10:26:04,232 [INFO] Conversion successful: -2197 (at adc_actions.py)
2025-11-26 10:26:04,233 [DEBUG] Starting simultaneous move for motors 1 and 2 to position 16 with velocity 1. (at adc_actions.py)
2025-11-26 10:26:04,233 [INFO] Both motors moved successfully. (at adc_actions.py)
2025-11-26 10:27:04,245 [INFO] Calculating from ZA. (at adc_actions.py)
2025-11-26 10:27:04,245 [INFO] Calculation successful: -48.48613630186126 (at adc_actions.py)
2025-11-26 10:27:04,246 [INFO] Converting degrees to counts. (at adc_actions.py)
2025-11-26 10:27:04,246 [DEBUG] Converted -48.48613630186126 degrees to -2181 counts. (at adc_actions.py)
2025-11-26 10:27:04,246 [INFO] Conversion successful: -2181 (at adc_actions.py)
2025-11-26 10:27:04,247 [DEBUG] Starting simultaneous move for motors 1 and 2 to position 16 with velocity 1. (at adc_actions.py)
2025-11-26 10:27:04,247 [INFO] Both motors moved successfully. (at adc_actions.py)
2025-11-26 10:28:04,254 [INFO] Calculating from ZA. (at adc_actions.py)
2025-11-26 10:28:04,254 [INFO] Calculation successful: -48.140789514716474 (at adc_actions.py)
2025-11-26 10:28:04,255 [INFO] Converting degrees to counts. (at adc_actions.py)
2025-11-26 10:28:04,255 [DEBUG] Converted -48.140789514716474 degrees to -2166 counts. (at adc_actions.py)
2025-11-26 10:28:04,255 [INFO] Conversion successful: -2166 (at adc_actions.py)
2025-11-26 10:28:04,256 [DEBUG] Starting simultaneous move for motors 1 and 2 to position 15 with velocity 1. (at adc_actions.py)
2025-11-26 10:28:04,256 [INFO] Both motors moved successfully. (at adc_actions.py)
2025-11-26 10:28:28,216 [DEBUG] Stopping both motors simultaneously. (at adc_actions.py)
2025-11-26 10:28:28,216 [INFO] Both motors stopped successfully. (at adc_actions.py)
2025-11-26 10:28:28,224 [INFO] Starting zeroing operation with velocity 1 RPM. (at adc_actions.py)
2025-11-26 10:28:28,224 [DEBUG] Initiating homing as part of zeroing. (at adc_actions.py)
2025-11-26 10:28:38,226 [INFO] Zeroing operation completed successfully. (at adc_actions.py)
2025-11-26 14:30:12,669 [INFO] Connecting to devices. (at adc_actions.py)
2025-11-26 14:30:12,669 [INFO] Connection successful. (at adc_actions.py)
2025-11-26 14:30:12,674 [INFO] Starting homing operation. (at adc_actions.py)
2025-11-26 14:30:12,675 [DEBUG] Calling homing method on controller. (at adc_actions.py)
2025-11-26 14:30:22,675 [INFO] Homing completed successfully. (at adc_actions.py)
2025-11-26 14:30:22,689 [INFO] Starting zeroing operation with velocity 1 RPM. (at adc_actions.py)
2025-11-26 14:30:22,690 [DEBUG] Initiating homing as part of zeroing. (at adc_actions.py)
2025-11-26 14:30:32,692 [INFO] Zeroing operation completed successfully. (at adc_actions.py)
2025-11-26 14:30:32,707 [INFO] Retrieving status for motor 0. (at adc_actions.py)
2025-11-26 14:30:32,707 [INFO] Motor 0 status: $$$$$ (at adc_actions.py)
2025-11-26 14:50:51,286 [INFO] Connecting to devices. (at adc_actions.py)
2025-11-26 14:50:51,287 [INFO] Connection successful. (at adc_actions.py)
2025-11-26 14:50:51,293 [INFO] Starting homing operation. (at adc_actions.py)
2025-11-26 14:50:51,293 [DEBUG] Calling homing method on controller. (at adc_actions.py)
2025-11-26 14:51:01,294 [INFO] Homing completed successfully. (at adc_actions.py)
2025-11-26 14:51:01,312 [INFO] Starting zeroing operation with velocity 1 RPM. (at adc_actions.py)
2025-11-26 14:51:01,312 [DEBUG] Initiating homing as part of zeroing. (at adc_actions.py)
2025-11-26 14:51:11,314 [INFO] Zeroing operation completed successfully. (at adc_actions.py)
2025-11-26 14:51:11,329 [INFO] Retrieving status for motor 0. (at adc_actions.py)
2025-11-26 14:51:11,329 [INFO] Motor 0 status: $$$$$ (at adc_actions.py)
2025-11-26 15:08:01,568 [INFO] Calculating from ZA. (at adc_actions.py)
2025-11-26 15:08:01,568 [INFO] Calculation successful: -9.238773820489635 (at adc_actions.py)
2025-11-26 15:08:01,569 [INFO] Converting degrees to counts. (at adc_actions.py)
2025-11-26 15:08:01,569 [DEBUG] Converted -9.238773820489635 degrees to -415 counts. (at adc_actions.py)
2025-11-26 15:08:01,569 [INFO] Conversion successful: -415 (at adc_actions.py)
2025-11-26 15:08:01,570 [DEBUG] Starting simultaneous move for motors 1 and 2 to position -415 with velocity 1. (at adc_actions.py)
2025-11-26 15:08:01,570 [INFO] Both motors moved successfully. (at adc_actions.py)
2025-11-26 15:09:01,582 [INFO] Calculating from ZA. (at adc_actions.py)
2025-11-26 15:09:01,582 [INFO] Calculation successful: -9.434341332905753 (at adc_actions.py)
2025-11-26 15:09:01,582 [INFO] Converting degrees to counts. (at adc_actions.py)
2025-11-26 15:09:01,583 [DEBUG] Converted -9.434341332905753 degrees to -424 counts. (at adc_actions.py)
2025-11-26 15:09:01,583 [INFO] Conversion successful: -424 (at adc_actions.py)
2025-11-26 15:09:01,583 [DEBUG] Starting simultaneous move for motors 1 and 2 to position -9 with velocity 1. (at adc_actions.py)
2025-11-26 15:09:01,583 [INFO] Both motors moved successfully. (at adc_actions.py)
2025-11-26 15:10:01,595 [INFO] Calculating from ZA. (at adc_actions.py)
2025-11-26 15:10:01,595 [INFO] Calculation successful: -9.630590623275017 (at adc_actions.py)
2025-11-26 15:10:01,595 [INFO] Converting degrees to counts. (at adc_actions.py)
2025-11-26 15:10:01,595 [DEBUG] Converted -9.630590623275017 degrees to -433 counts. (at adc_actions.py)
2025-11-26 15:10:01,595 [INFO] Conversion successful: -433 (at adc_actions.py)
2025-11-26 15:10:01,596 [DEBUG] Starting simultaneous move for motors 1 and 2 to position -9 with velocity 1. (at adc_actions.py)
2025-11-26 15:10:01,596 [INFO] Both motors moved successfully. (at adc_actions.py)
2025-11-26 15:11:01,607 [INFO] Calculating from ZA. (at adc_actions.py)
2025-11-26 15:11:01,607 [INFO] Calculation successful: -9.827523778852061 (at adc_actions.py)
2025-11-26 15:11:01,608 [INFO] Converting degrees to counts. (at adc_actions.py)
2025-11-26 15:11:01,608 [DEBUG] Converted -9.827523778852061 degrees to -442 counts. (at adc_actions.py)
2025-11-26 15:11:01,608 [INFO] Conversion successful: -442 (at adc_actions.py)
2025-11-26 15:11:01,609 [DEBUG] Starting simultaneous move for motors 1 and 2 to position -9 with velocity 1. (at adc_actions.py)
2025-11-26 15:11:01,609 [INFO] Both motors moved successfully. (at adc_actions.py)
2025-11-26 15:12:01,622 [INFO] Calculating from ZA. (at adc_actions.py)
2025-11-26 15:12:01,622 [INFO] Calculation successful: -10.02512148470349 (at adc_actions.py)
2025-11-26 15:12:01,622 [INFO] Converting degrees to counts. (at adc_actions.py)
2025-11-26 15:12:01,622 [DEBUG] Converted -10.02512148470349 degrees to -451 counts. (at adc_actions.py)
2025-11-26 15:12:01,622 [INFO] Conversion successful: -451 (at adc_actions.py)
2025-11-26 15:12:01,623 [DEBUG] Starting simultaneous move for motors 1 and 2 to position -9 with velocity 1. (at adc_actions.py)
2025-11-26 15:12:01,623 [INFO] Both motors moved successfully. (at adc_actions.py)
2025-11-26 15:12:25,684 [DEBUG] Stopping both motors simultaneously. (at adc_actions.py)
2025-11-26 15:12:25,685 [INFO] Both motors stopped successfully. (at adc_actions.py)
2025-11-26 15:12:25,692 [INFO] Starting zeroing operation with velocity 1 RPM. (at adc_actions.py)
2025-11-26 15:12:25,692 [DEBUG] Initiating homing as part of zeroing. (at adc_actions.py)
2025-11-26 15:12:35,694 [INFO] Zeroing operation completed successfully. (at adc_actions.py)
2025-11-26 15:14:42,130 [INFO] Calculating from ZA. (at adc_actions.py)
2025-11-26 15:14:42,130 [INFO] Calculation successful: -10.556659108568974 (at adc_actions.py)
2025-11-26 15:14:42,130 [INFO] Converting degrees to counts. (at adc_actions.py)
2025-11-26 15:14:42,130 [DEBUG] Converted -10.556659108568974 degrees to -475 counts. (at adc_actions.py)
2025-11-26 15:14:42,130 [INFO] Conversion successful: -475 (at adc_actions.py)
2025-11-26 15:14:42,131 [DEBUG] Starting simultaneous move for motors 1 and 2 to position -475 with velocity 1. (at adc_actions.py)
2025-11-26 15:14:42,131 [INFO] Both motors moved successfully. (at adc_actions.py)
2025-11-26 15:15:42,156 [INFO] Calculating from ZA. (at adc_actions.py)
2025-11-26 15:15:42,156 [INFO] Calculation successful: -10.75648719073206 (at adc_actions.py)
2025-11-26 15:15:42,156 [INFO] Converting degrees to counts. (at adc_actions.py)
2025-11-26 15:15:42,157 [DEBUG] Converted -10.75648719073206 degrees to -484 counts. (at adc_actions.py)
2025-11-26 15:15:42,157 [INFO] Conversion successful: -484 (at adc_actions.py)
2025-11-26 15:15:42,157 [DEBUG] Starting simultaneous move for motors 1 and 2 to position -9 with velocity 1. (at adc_actions.py)
2025-11-26 15:15:42,158 [INFO] Both motors moved successfully. (at adc_actions.py)
2025-11-26 15:16:42,170 [INFO] Calculating from ZA. (at adc_actions.py)
2025-11-26 15:16:42,171 [INFO] Calculation successful: -10.956918189825197 (at adc_actions.py)
2025-11-26 15:16:42,171 [INFO] Converting degrees to counts. (at adc_actions.py)
2025-11-26 15:16:42,171 [DEBUG] Converted -10.956918189825197 degrees to -493 counts. (at adc_actions.py)
2025-11-26 15:16:42,171 [INFO] Conversion successful: -493 (at adc_actions.py)
2025-11-26 15:16:42,172 [DEBUG] Starting simultaneous move for motors 1 and 2 to position -9 with velocity 1. (at adc_actions.py)
2025-11-26 15:16:42,172 [INFO] Both motors moved successfully. (at adc_actions.py)
2025-11-26 15:17:38,721 [DEBUG] Stopping both motors simultaneously. (at adc_actions.py)
2025-11-26 15:17:38,722 [INFO] Both motors stopped successfully. (at adc_actions.py)
2025-11-26 15:17:44,052 [DEBUG] Stopping both motors simultaneously. (at adc_actions.py)
2025-11-26 15:17:44,052 [INFO] Both motors stopped successfully. (at adc_actions.py)
2025-11-26 15:17:44,066 [INFO] Starting zeroing operation with velocity 1 RPM. (at adc_actions.py)
2025-11-26 15:17:44,066 [DEBUG] Initiating homing as part of zeroing. (at adc_actions.py)
2025-11-26 15:17:54,067 [INFO] Zeroing operation completed successfully. (at adc_actions.py)
2025-11-26 15:25:19,732 [INFO] Connecting to devices. (at adc_actions.py)
2025-11-26 15:25:19,732 [INFO] Connection successful. (at adc_actions.py)
2025-11-26 15:25:19,739 [INFO] Starting homing operation. (at adc_actions.py)
2025-11-26 15:25:19,739 [DEBUG] Calling homing method on controller. (at adc_actions.py)
2025-11-26 15:25:29,740 [INFO] Homing completed successfully. (at adc_actions.py)
2025-11-26 15:25:29,751 [INFO] Starting zeroing operation with velocity 1 RPM. (at adc_actions.py)
2025-11-26 15:25:29,751 [DEBUG] Initiating homing as part of zeroing. (at adc_actions.py)
2025-11-26 15:25:39,752 [INFO] Zeroing operation completed successfully. (at adc_actions.py)
2025-11-26 15:25:39,763 [INFO] Retrieving status for motor 0. (at adc_actions.py)
2025-11-26 15:25:39,763 [INFO] Motor 0 status: $$$$$ (at adc_actions.py)
2025-11-26 15:26:38,172 [INFO] Calculating from ZA. (at adc_actions.py)
2025-11-26 15:26:38,172 [INFO] Calculation successful: -12.97234116358528 (at adc_actions.py)
2025-11-26 15:26:38,172 [INFO] Converting degrees to counts. (at adc_actions.py)
2025-11-26 15:26:38,172 [DEBUG] Converted -12.97234116358528 degrees to -583 counts. (at adc_actions.py)
2025-11-26 15:26:38,172 [INFO] Conversion successful: -583 (at adc_actions.py)
2025-11-26 15:26:38,173 [DEBUG] Starting simultaneous move for motors 1 and 2 to position -583 with velocity 1. (at adc_actions.py)
2025-11-26 15:26:38,173 [INFO] Both motors moved successfully. (at adc_actions.py)
2025-11-26 15:27:38,184 [INFO] Calculating from ZA. (at adc_actions.py)
2025-11-26 15:27:38,185 [INFO] Calculation successful: -13.177398605684086 (at adc_actions.py)
2025-11-26 15:27:38,185 [INFO] Converting degrees to counts. (at adc_actions.py)
2025-11-26 15:27:38,185 [DEBUG] Converted -13.177398605684086 degrees to -592 counts. (at adc_actions.py)
2025-11-26 15:27:38,185 [INFO] Conversion successful: -592 (at adc_actions.py)
2025-11-26 15:27:38,186 [DEBUG] Starting simultaneous move for motors 1 and 2 to position -9 with velocity 1. (at adc_actions.py)
2025-11-26 15:27:38,186 [INFO] Both motors moved successfully. (at adc_actions.py)
2025-11-26 15:28:38,199 [INFO] Calculating from ZA. (at adc_actions.py)
2025-11-26 15:28:38,199 [INFO] Calculation successful: -13.382782349249787 (at adc_actions.py)
2025-11-26 15:28:38,200 [INFO] Converting degrees to counts. (at adc_actions.py)
2025-11-26 15:28:38,200 [DEBUG] Converted -13.382782349249787 degrees to -602 counts. (at adc_actions.py)
2025-11-26 15:28:38,200 [INFO] Conversion successful: -602 (at adc_actions.py)
2025-11-26 15:28:38,201 [DEBUG] Starting simultaneous move for motors 1 and 2 to position -10 with velocity 1. (at adc_actions.py)
2025-11-26 15:28:38,201 [INFO] Both motors moved successfully. (at adc_actions.py)
2025-11-26 15:29:38,213 [INFO] Calculating from ZA. (at adc_actions.py)
2025-11-26 15:29:38,214 [INFO] Calculation successful: -13.59005611953472 (at adc_actions.py)
2025-11-26 15:29:38,214 [INFO] Converting degrees to counts. (at adc_actions.py)
2025-11-26 15:29:38,214 [DEBUG] Converted -13.59005611953472 degrees to -611 counts. (at adc_actions.py)
2025-11-26 15:29:38,214 [INFO] Conversion successful: -611 (at adc_actions.py)
2025-11-26 15:29:38,215 [DEBUG] Starting simultaneous move for motors 1 and 2 to position -9 with velocity 1. (at adc_actions.py)
2025-11-26 15:29:38,215 [INFO] Both motors moved successfully. (at adc_actions.py)
2025-11-26 15:30:38,227 [INFO] Calculating from ZA. (at adc_actions.py)
2025-11-26 15:30:38,227 [INFO] Calculation successful: -13.79967529546362 (at adc_actions.py)
2025-11-26 15:30:38,227 [INFO] Converting degrees to counts. (at adc_actions.py)
2025-11-26 15:30:38,228 [DEBUG] Converted -13.79967529546362 degrees to -620 counts. (at adc_actions.py)
2025-11-26 15:30:38,228 [INFO] Conversion successful: -620 (at adc_actions.py)
2025-11-26 15:30:38,229 [DEBUG] Starting simultaneous move for motors 1 and 2 to position -9 with velocity 1. (at adc_actions.py)
2025-11-26 15:30:38,229 [INFO] Both motors moved successfully. (at adc_actions.py)
2025-11-26 15:31:11,754 [DEBUG] Stopping both motors simultaneously. (at adc_actions.py)
2025-11-26 15:31:11,755 [INFO] Both motors stopped successfully. (at adc_actions.py)
2025-11-26 15:36:10,288 [INFO] Connecting to devices. (at adc_actions.py)
2025-11-26 15:36:10,289 [INFO] Connection successful. (at adc_actions.py)
2025-11-26 15:36:10,297 [INFO] Starting homing operation. (at adc_actions.py)
2025-11-26 15:36:10,297 [DEBUG] Calling homing method on controller. (at adc_actions.py)
2025-11-26 15:36:20,300 [INFO] Homing completed successfully. (at adc_actions.py)
2025-11-26 15:36:20,311 [INFO] Starting zeroing operation with velocity 1 RPM. (at adc_actions.py)
2025-11-26 15:36:20,311 [DEBUG] Initiating homing as part of zeroing. (at adc_actions.py)
2025-11-26 15:36:30,314 [INFO] Zeroing operation completed successfully. (at adc_actions.py)
2025-11-26 15:36:30,324 [INFO] Retrieving status for motor 0. (at adc_actions.py)
2025-11-26 15:36:30,324 [INFO] Motor 0 status: $$$$$ (at adc_actions.py)
2025-11-26 15:37:15,677 [INFO] Calculating from ZA. (at adc_actions.py)
2025-11-26 15:37:15,678 [INFO] Calculation successful: -15.226450453911989 (at adc_actions.py)
2025-11-26 15:37:15,678 [INFO] Converting degrees to counts. (at adc_actions.py)
2025-11-26 15:37:15,678 [DEBUG] Converted -15.226450453911989 degrees to -685 counts. (at adc_actions.py)
2025-11-26 15:37:15,678 [INFO] Conversion successful: -685 (at adc_actions.py)
2025-11-26 15:37:15,680 [DEBUG] Starting simultaneous move for motors 1 and 2 to position -685 with velocity 1. (at adc_actions.py)
2025-11-26 15:37:15,680 [INFO] Both motors moved successfully. (at adc_actions.py)
2025-11-26 15:38:15,693 [INFO] Calculating from ZA. (at adc_actions.py)
2025-11-26 15:38:15,694 [INFO] Calculation successful: -15.444587848792612 (at adc_actions.py)
2025-11-26 15:38:15,694 [INFO] Converting degrees to counts. (at adc_actions.py)
2025-11-26 15:38:15,694 [DEBUG] Converted -15.444587848792612 degrees to -695 counts. (at adc_actions.py)
2025-11-26 15:38:15,694 [INFO] Conversion successful: -695 (at adc_actions.py)
2025-11-26 15:38:15,696 [DEBUG] Starting simultaneous move for motors 1 and 2 to position -10 with velocity 1. (at adc_actions.py)
2025-11-26 15:38:15,696 [INFO] Both motors moved successfully. (at adc_actions.py)
2025-11-26 15:39:15,707 [INFO] Calculating from ZA. (at adc_actions.py)
2025-11-26 15:39:15,707 [INFO] Calculation successful: -15.662618143134909 (at adc_actions.py)
2025-11-26 15:39:15,707 [INFO] Converting degrees to counts. (at adc_actions.py)
2025-11-26 15:39:15,707 [DEBUG] Converted -15.662618143134909 degrees to -704 counts. (at adc_actions.py)
2025-11-26 15:39:15,707 [INFO] Conversion successful: -704 (at adc_actions.py)
2025-11-26 15:39:15,708 [DEBUG] Starting simultaneous move for motors 1 and 2 to position -9 with velocity 1. (at adc_actions.py)
2025-11-26 15:39:15,708 [INFO] Both motors moved successfully. (at adc_actions.py)
2025-11-26 15:40:15,719 [INFO] Calculating from ZA. (at adc_actions.py)
2025-11-26 15:40:15,720 [INFO] Calculation successful: -15.88023770522584 (at adc_actions.py)
2025-11-26 15:40:15,720 [INFO] Converting degrees to counts. (at adc_actions.py)
2025-11-26 15:40:15,720 [DEBUG] Converted -15.88023770522584 degrees to -714 counts. (at adc_actions.py)
2025-11-26 15:40:15,720 [INFO] Conversion successful: -714 (at adc_actions.py)
2025-11-26 15:40:15,721 [DEBUG] Starting simultaneous move for motors 1 and 2 to position -10 with velocity 1. (at adc_actions.py)
2025-11-26 15:40:15,721 [INFO] Both motors moved successfully. (at adc_actions.py)
2025-11-26 15:41:15,747 [INFO] Calculating from ZA. (at adc_actions.py)
2025-11-26 15:41:15,747 [INFO] Calculation successful: -16.09717709409562 (at adc_actions.py)
2025-11-26 15:41:15,748 [INFO] Converting degrees to counts. (at adc_actions.py)
2025-11-26 15:41:15,748 [DEBUG] Converted -16.09717709409562 degrees to -724 counts. (at adc_actions.py)
2025-11-26 15:41:15,748 [INFO] Conversion successful: -724 (at adc_actions.py)
2025-11-26 15:41:15,749 [DEBUG] Starting simultaneous move for motors 1 and 2 to position -10 with velocity 1. (at adc_actions.py)
2025-11-26 15:41:15,749 [INFO] Both motors moved successfully. (at adc_actions.py)
2025-11-26 15:41:39,931 [DEBUG] Stopping both motors simultaneously. (at adc_actions.py)
2025-11-26 15:41:39,931 [INFO] Both motors stopped successfully. (at adc_actions.py)
2025-11-26 15:41:39,937 [INFO] Starting zeroing operation with velocity 1 RPM. (at adc_actions.py)
2025-11-26 15:41:39,937 [DEBUG] Initiating homing as part of zeroing. (at adc_actions.py)
2025-11-26 15:41:49,938 [INFO] Zeroing operation completed successfully. (at adc_actions.py)
2025-11-26 15:49:53,705 [INFO] Calculating from ZA. (at adc_actions.py)
2025-11-26 15:49:53,706 [INFO] Calculation successful: -17.899361922855352 (at adc_actions.py)
2025-11-26 15:49:53,706 [INFO] Converting degrees to counts. (at adc_actions.py)
2025-11-26 15:49:53,706 [DEBUG] Converted -17.899361922855352 degrees to -805 counts. (at adc_actions.py)
2025-11-26 15:49:53,706 [INFO] Conversion successful: -805 (at adc_actions.py)
2025-11-26 15:49:53,707 [DEBUG] Starting simultaneous move for motors 1 and 2 to position -805 with velocity 1. (at adc_actions.py)
2025-11-26 15:49:53,707 [INFO] Both motors moved successfully. (at adc_actions.py)
2025-11-26 15:50:53,722 [INFO] Calculating from ZA. (at adc_actions.py)
2025-11-26 15:50:53,722 [INFO] Calculation successful: -18.09522441774358 (at adc_actions.py)
2025-11-26 15:50:53,722 [INFO] Converting degrees to counts. (at adc_actions.py)
2025-11-26 15:50:53,722 [DEBUG] Converted -18.09522441774358 degrees to -814 counts. (at adc_actions.py)
2025-11-26 15:50:53,723 [INFO] Conversion successful: -814 (at adc_actions.py)
2025-11-26 15:50:53,723 [DEBUG] Starting simultaneous move for motors 1 and 2 to position -9 with velocity 1. (at adc_actions.py)
2025-11-26 15:50:53,723 [INFO] Both motors moved successfully. (at adc_actions.py)
2025-11-26 15:51:53,734 [INFO] Calculating from ZA. (at adc_actions.py)
2025-11-26 15:51:53,734 [INFO] Calculation successful: -18.287380312850892 (at adc_actions.py)
2025-11-26 15:51:53,734 [INFO] Converting degrees to counts. (at adc_actions.py)
2025-11-26 15:51:53,734 [DEBUG] Converted -18.287380312850892 degrees to -822 counts. (at adc_actions.py)
2025-11-26 15:51:53,735 [INFO] Conversion successful: -822 (at adc_actions.py)
2025-11-26 15:51:53,735 [DEBUG] Starting simultaneous move for motors 1 and 2 to position -8 with velocity 1. (at adc_actions.py)
2025-11-26 15:51:53,735 [INFO] Both motors moved successfully. (at adc_actions.py)
2025-11-26 15:52:53,742 [INFO] Calculating from ZA. (at adc_actions.py)
2025-11-26 15:52:53,743 [INFO] Calculation successful: -18.47482270790995 (at adc_actions.py)
2025-11-26 15:52:53,743 [INFO] Converting degrees to counts. (at adc_actions.py)
2025-11-26 15:52:53,743 [DEBUG] Converted -18.47482270790995 degrees to -831 counts. (at adc_actions.py)
2025-11-26 15:52:53,743 [INFO] Conversion successful: -831 (at adc_actions.py)
2025-11-26 15:52:53,744 [DEBUG] Starting simultaneous move for motors 1 and 2 to position -9 with velocity 1. (at adc_actions.py)
2025-11-26 15:52:53,744 [INFO] Both motors moved successfully. (at adc_actions.py)
2025-11-26 15:53:53,756 [INFO] Calculating from ZA. (at adc_actions.py)
2025-11-26 15:53:53,757 [INFO] Calculation successful: -18.65715735116924 (at adc_actions.py)
2025-11-26 15:53:53,757 [INFO] Converting degrees to counts. (at adc_actions.py)
2025-11-26 15:53:53,757 [DEBUG] Converted -18.65715735116924 degrees to -839 counts. (at adc_actions.py)
2025-11-26 15:53:53,757 [INFO] Conversion successful: -839 (at adc_actions.py)
2025-11-26 15:53:53,758 [DEBUG] Starting simultaneous move for motors 1 and 2 to position -8 with velocity 1. (at adc_actions.py)
2025-11-26 15:53:53,758 [INFO] Both motors moved successfully. (at adc_actions.py)
2025-11-26 15:54:17,945 [DEBUG] Stopping both motors simultaneously. (at adc_actions.py)
2025-11-26 15:54:17,945 [INFO] Both motors stopped successfully. (at adc_actions.py)
2025-11-26 15:54:17,952 [INFO] Starting zeroing operation with velocity 1 RPM. (at adc_actions.py)
2025-11-26 15:54:17,952 [DEBUG] Initiating homing as part of zeroing. (at adc_actions.py)
2025-11-26 15:54:27,954 [INFO] Zeroing operation completed successfully. (at adc_actions.py)
2025-11-26 15:55:44,359 [INFO] Calculating from ZA. (at adc_actions.py)
2025-11-26 15:55:44,360 [ERROR] Input zenith angle 114.78673891063414 is out of bounds (0.0, 60.0) (at adc_actions.py)
2025-11-26 15:55:44,360 [ERROR] Error calculating from ZA: Input zenith angle 114.78673891063414 is out of bounds. (at adc_actions.py)
2025-11-26 15:55:54,506 [INFO] Calculating from ZA. (at adc_actions.py)
2025-11-26 15:55:54,507 [ERROR] Input zenith angle 114.78550489238961 is out of bounds (0.0, 60.0) (at adc_actions.py)
2025-11-26 15:55:54,507 [ERROR] Error calculating from ZA: Input zenith angle 114.78550489238961 is out of bounds. (at adc_actions.py)
