2025-08-27 09:27:36,508 [DEBUG] Initializing AdcActions class. (at adc_actions.py)
2025-08-27 09:27:36,508 [INFO] Lookup table found: /media/shyunc/DATA/KSpec/KSPEC_ICS/ADC/Simul/kspec_adc_controller/src/etc/ADC_lookup.csv (at adc_actions.py)
2025-08-27 09:27:36,508 [INFO] Interpolation function using pchip method created. (at adc_actions.py)
2025-08-27 10:01:14,310 [INFO] Calculating from ZA. (at adc_actions.py)
2025-08-27 10:01:14,310 [INFO] Calculation successful: -38.476112318711984 (at adc_actions.py)
2025-08-27 10:01:14,310 [INFO] Converting degrees to counts. (at adc_actions.py)
2025-08-27 10:01:14,310 [DEBUG] Converted -38.476112318711984 degrees to -1731 counts. (at adc_actions.py)
2025-08-27 10:01:14,311 [INFO] Conversion successful: -1731 (at adc_actions.py)
2025-08-27 10:01:14,311 [DEBUG] Starting simultaneous move for motors 1 and 2 to position -1731 with velocity 1. (at adc_actions.py)
2025-08-27 10:01:14,312 [INFO] Both motors moved successfully. (at adc_actions.py)
2025-08-27 10:01:36,197 [DEBUG] Stopping both motors simultaneously. (at adc_actions.py)
2025-08-27 10:01:36,198 [INFO] Both motors stopped successfully. (at adc_actions.py)
2025-08-27 10:14:37,261 [INFO] Starting parking operation. (at adc_actions.py)
2025-08-27 10:14:37,261 [DEBUG] Parking motors at predefined position. (at adc_actions.py)
2025-08-27 10:14:47,262 [INFO] Parking completed successfully. (at adc_actions.py)
2025-08-27 10:14:50,413 [INFO] Starting parking operation. (at adc_actions.py)
2025-08-27 10:14:50,414 [DEBUG] Parking motors at predefined position. (at adc_actions.py)
2025-08-27 10:15:00,415 [INFO] Parking completed successfully. (at adc_actions.py)
2025-08-27 10:15:21,554 [DEBUG] Moving motor 1 to position 0 with velocity 1. (at adc_actions.py)
2025-08-27 10:15:21,554 [INFO] Motor 1 moved successfully to position 0. (at adc_actions.py)
2025-08-27 10:15:34,661 [INFO] Starting zeroing operation with velocity 1 RPM. (at adc_actions.py)
2025-08-27 10:15:34,662 [DEBUG] Initiating homing as part of zeroing. (at adc_actions.py)
2025-08-27 10:15:44,663 [INFO] Zeroing operation completed successfully. (at adc_actions.py)
2025-08-27 10:20:06,685 [INFO] Starting parking operation. (at adc_actions.py)
2025-08-27 10:20:06,686 [DEBUG] Parking motors at predefined position. (at adc_actions.py)
2025-08-27 10:20:16,687 [INFO] Parking completed successfully. (at adc_actions.py)
2025-08-27 13:41:27,325 [INFO] Calculating from ZA. (at adc_actions.py)
2025-08-27 13:41:27,326 [INFO] Calculation successful: -4.568623890235865 (at adc_actions.py)
2025-08-27 13:41:27,326 [INFO] Converting degrees to counts. (at adc_actions.py)
2025-08-27 13:41:27,326 [DEBUG] Converted -4.568623890235865 degrees to -205 counts. (at adc_actions.py)
2025-08-27 13:41:27,326 [INFO] Conversion successful: -205 (at adc_actions.py)
2025-08-27 13:41:27,327 [DEBUG] Starting simultaneous move for motors 1 and 2 to position -205 with velocity 1. (at adc_actions.py)
2025-08-27 13:41:27,327 [INFO] Both motors moved successfully. (at adc_actions.py)
2025-08-27 13:41:44,673 [DEBUG] Stopping both motors simultaneously. (at adc_actions.py)
2025-08-27 13:41:44,674 [INFO] Both motors stopped successfully. (at adc_actions.py)
2025-08-27 13:44:08,733 [INFO] Calculating from ZA. (at adc_actions.py)
2025-08-27 13:44:08,733 [INFO] Calculation successful: -5.061993661551014 (at adc_actions.py)
2025-08-27 13:44:08,733 [INFO] Converting degrees to counts. (at adc_actions.py)
2025-08-27 13:44:08,733 [DEBUG] Converted -5.061993661551014 degrees to -227 counts. (at adc_actions.py)
2025-08-27 13:44:08,733 [INFO] Conversion successful: -227 (at adc_actions.py)
2025-08-27 13:44:08,735 [DEBUG] Starting simultaneous move for motors 1 and 2 to position -227 with velocity 1. (at adc_actions.py)
2025-08-27 13:44:08,735 [INFO] Both motors moved successfully. (at adc_actions.py)
2025-08-27 13:44:11,101 [DEBUG] Stopping both motors simultaneously. (at adc_actions.py)
2025-08-27 13:44:11,101 [INFO] Both motors stopped successfully. (at adc_actions.py)
2025-08-27 13:44:28,660 [INFO] Calculating from ZA. (at adc_actions.py)
2025-08-27 13:44:28,661 [INFO] Calculation successful: -5.122834952112012 (at adc_actions.py)
2025-08-27 13:44:28,661 [INFO] Converting degrees to counts. (at adc_actions.py)
2025-08-27 13:44:28,661 [DEBUG] Converted -5.122834952112012 degrees to -230 counts. (at adc_actions.py)
2025-08-27 13:44:28,661 [INFO] Conversion successful: -230 (at adc_actions.py)
2025-08-27 13:44:28,661 [DEBUG] Starting simultaneous move for motors 1 and 2 to position -230 with velocity 1. (at adc_actions.py)
2025-08-27 13:44:28,661 [INFO] Both motors moved successfully. (at adc_actions.py)
2025-08-27 13:44:29,113 [DEBUG] Stopping both motors simultaneously. (at adc_actions.py)
2025-08-27 13:44:29,113 [INFO] Both motors stopped successfully. (at adc_actions.py)
2025-08-27 13:44:30,657 [INFO] Calculating from ZA. (at adc_actions.py)
2025-08-27 13:44:30,658 [INFO] Calculation successful: -5.128907561168817 (at adc_actions.py)
2025-08-27 13:44:30,658 [INFO] Converting degrees to counts. (at adc_actions.py)
2025-08-27 13:44:30,658 [DEBUG] Converted -5.128907561168817 degrees to -230 counts. (at adc_actions.py)
2025-08-27 13:44:30,658 [INFO] Conversion successful: -230 (at adc_actions.py)
2025-08-27 13:44:30,659 [DEBUG] Starting simultaneous move for motors 1 and 2 to position -230 with velocity 1. (at adc_actions.py)
2025-08-27 13:44:30,659 [INFO] Both motors moved successfully. (at adc_actions.py)
2025-08-27 13:45:28,203 [DEBUG] Stopping both motors simultaneously. (at adc_actions.py)
2025-08-27 13:45:28,203 [INFO] Both motors stopped successfully. (at adc_actions.py)
2025-08-27 13:46:41,449 [DEBUG] Initializing AdcActions class. (at adc_actions.py)
2025-08-27 13:46:41,449 [INFO] Lookup table found: /media/shyunc/DATA/KSpec/KSPEC_ICS/ADC/Simul/kspec_adc_controller/src/etc/ADC_lookup.csv (at adc_actions.py)
2025-08-27 13:46:41,450 [INFO] Interpolation function using pchip method created. (at adc_actions.py)
2025-08-27 13:46:45,430 [INFO] Calculating from ZA. (at adc_actions.py)
2025-08-27 13:46:45,430 [INFO] Calculation successful: -5.53708597129293 (at adc_actions.py)
2025-08-27 13:46:45,430 [INFO] Converting degrees to counts. (at adc_actions.py)
2025-08-27 13:46:45,430 [DEBUG] Converted -5.53708597129293 degrees to -249 counts. (at adc_actions.py)
2025-08-27 13:46:45,431 [INFO] Conversion successful: -249 (at adc_actions.py)
2025-08-27 13:46:45,431 [DEBUG] Starting simultaneous move for motors 1 and 2 to position -249 with velocity 1. (at adc_actions.py)
2025-08-27 13:46:45,432 [INFO] Both motors moved successfully. (at adc_actions.py)
2025-08-27 13:46:59,030 [DEBUG] Stopping both motors simultaneously. (at adc_actions.py)
2025-08-27 13:46:59,030 [INFO] Both motors stopped successfully. (at adc_actions.py)
2025-08-27 13:53:24,958 [DEBUG] Starting simultaneous move for motors 1 and 2 to position 344 with velocity 1. (at adc_actions.py)
2025-08-27 13:53:24,959 [INFO] Both motors moved successfully. (at adc_actions.py)
2025-08-27 14:01:47,437 [DEBUG] Initializing AdcActions class. (at adc_actions.py)
2025-08-27 14:01:47,437 [INFO] Lookup table found: /media/shyunc/DATA/KSpec/KSPEC_ICS/ADC/Simul/kspec_adc_controller/src/etc/ADC_lookup.csv (at adc_actions.py)
2025-08-27 14:01:47,437 [INFO] Interpolation function using pchip method created. (at adc_actions.py)
2025-08-27 14:01:58,783 [DEBUG] Moving motor 1 to position 320 with velocity 1. (at adc_actions.py)
2025-08-27 14:01:58,784 [INFO] Motor 1 moved successfully to position 320. (at adc_actions.py)
2025-08-27 14:21:20,497 [INFO] Starting parking operation. (at adc_actions.py)
2025-08-27 14:21:20,497 [DEBUG] Parking motors at predefined position. (at adc_actions.py)
2025-08-27 14:21:30,498 [INFO] Parking completed successfully. (at adc_actions.py)
2025-08-27 14:29:27,010 [DEBUG] Initializing AdcActions class. (at adc_actions.py)
2025-08-27 14:29:27,010 [INFO] Lookup table found: /media/shyunc/DATA/KSpec/KSPEC_ICS/ADC/Simul/kspec_adc_controller/src/etc/ADC_lookup.csv (at adc_actions.py)
2025-08-27 14:29:27,011 [INFO] Interpolation function using pchip method created. (at adc_actions.py)
2025-08-27 14:29:42,736 [DEBUG] Moving motor 1 to position 320 with velocity 1. (at adc_actions.py)
2025-08-27 14:29:42,737 [INFO] Motor 1 moved successfully to position 320. (at adc_actions.py)
2025-08-27 14:29:49,351 [DEBUG] Starting simultaneous move for motors 1 and 2 to position 320 with velocity 1. (at adc_actions.py)
2025-08-27 14:29:49,352 [INFO] Both motors moved successfully. (at adc_actions.py)
2025-08-27 14:29:54,360 [INFO] Starting parking operation. (at adc_actions.py)
2025-08-27 14:29:54,361 [DEBUG] Parking motors at predefined position. (at adc_actions.py)
2025-08-27 14:30:04,362 [INFO] Parking completed successfully. (at adc_actions.py)
2025-08-27 14:30:11,985 [INFO] Starting homing operation. (at adc_actions.py)
2025-08-27 14:30:11,985 [DEBUG] Calling homing method on controller. (at adc_actions.py)
2025-08-27 14:30:21,987 [INFO] Homing completed successfully. (at adc_actions.py)
2025-08-27 14:30:22,864 [INFO] Starting zeroing operation with velocity 1 RPM. (at adc_actions.py)
2025-08-27 14:30:22,864 [DEBUG] Initiating homing as part of zeroing. (at adc_actions.py)
2025-08-27 14:30:32,865 [INFO] Zeroing operation completed successfully. (at adc_actions.py)
2025-08-27 14:30:46,793 [INFO] Starting parking operation. (at adc_actions.py)
2025-08-27 14:30:46,793 [DEBUG] Parking motors at predefined position. (at adc_actions.py)
2025-08-27 14:30:56,794 [INFO] Parking completed successfully. (at adc_actions.py)
2025-08-27 14:31:05,279 [INFO] Starting homing operation. (at adc_actions.py)
2025-08-27 14:31:05,281 [DEBUG] Calling homing method on controller. (at adc_actions.py)
2025-08-27 14:31:15,283 [INFO] Homing completed successfully. (at adc_actions.py)
2025-08-27 14:31:17,653 [INFO] Starting homing operation. (at adc_actions.py)
2025-08-27 14:31:17,654 [DEBUG] Calling homing method on controller. (at adc_actions.py)
2025-08-27 14:31:27,656 [INFO] Homing completed successfully. (at adc_actions.py)
2025-08-27 14:31:28,738 [INFO] Starting zeroing operation with velocity 1 RPM. (at adc_actions.py)
2025-08-27 14:31:28,739 [DEBUG] Initiating homing as part of zeroing. (at adc_actions.py)
2025-08-27 14:31:38,740 [INFO] Zeroing operation completed successfully. (at adc_actions.py)
2025-08-27 14:45:59,961 [INFO] Activating motors with zenith angle 23.5, velocity 1 RPM. (at adc_actions.py)
2025-08-27 14:45:59,963 [DEBUG] Converted -21.05120707353628 degrees to -947 counts. (at adc_actions.py)
2025-08-27 14:45:59,963 [INFO] Calculated angle: -21.05120707353628, position: -947. (at adc_actions.py)
2025-08-27 14:46:09,965 [INFO] Motors activated successfully. (at adc_actions.py)
2025-08-27 14:46:09,966 [ERROR] Failed to activate motors with zenith angle 23.5: name 'results' is not defined (at adc_actions.py)
2025-08-27 14:56:52,116 [DEBUG] Initializing AdcActions class. (at adc_actions.py)
2025-08-27 14:56:52,116 [INFO] Lookup table found: /media/shyunc/DATA/KSpec/KSPEC_ICS/ADC/Simul/kspec_adc_controller/src/etc/ADC_lookup.csv (at adc_actions.py)
2025-08-27 14:56:52,117 [INFO] Interpolation function using pchip method created. (at adc_actions.py)
2025-08-27 14:57:04,557 [INFO] Activating motors with zenith angle 23.45, velocity 1 RPM. (at adc_actions.py)
2025-08-27 14:57:04,558 [DEBUG] Converted -21.01128560650802 degrees to -945 counts. (at adc_actions.py)
2025-08-27 14:57:04,558 [INFO] Calculated angle: -21.01128560650802, position: -945. (at adc_actions.py)
2025-08-27 14:57:14,561 [INFO] Motors activated successfully. (at adc_actions.py)
2025-08-27 15:08:21,432 [DEBUG] Initializing AdcActions class. (at adc_actions.py)
2025-08-27 15:08:21,432 [INFO] Lookup table found: /media/shyunc/DATA/KSpec/KSPEC_ICS/ADC/Simul/kspec_adc_controller/src/etc/ADC_lookup.csv (at adc_actions.py)
2025-08-27 15:08:21,432 [INFO] Interpolation function using pchip method created. (at adc_actions.py)
2025-08-27 15:08:45,473 [INFO] Activating motors with zenith angle 12.34, velocity 1 RPM. (at adc_actions.py)
2025-08-27 15:08:45,474 [DEBUG] Converted -10.804642891833735 degrees to -486 counts. (at adc_actions.py)
2025-08-27 15:08:45,474 [INFO] Calculated angle: -10.804642891833735, position: -486. (at adc_actions.py)
2025-08-27 15:08:55,477 [INFO] Motors activated successfully. (at adc_actions.py)
2025-08-27 15:15:25,820 [DEBUG] Initializing AdcActions class. (at adc_actions.py)
2025-08-27 15:15:25,820 [INFO] Lookup table found: /media/shyunc/DATA/KSpec/KSPEC_ICS/ADC/Simul/kspec_adc_controller/src/etc/ADC_lookup.csv (at adc_actions.py)
2025-08-27 15:15:25,820 [INFO] Interpolation function using pchip method created. (at adc_actions.py)
2025-08-27 15:15:52,155 [DEBUG] Starting simultaneous move for motors 1 and 2 to position 231 with velocity 1. (at adc_actions.py)
2025-08-27 15:15:52,156 [INFO] Both motors moved successfully. (at adc_actions.py)
2025-08-27 15:15:57,268 [INFO] Starting parking operation. (at adc_actions.py)
2025-08-27 15:15:57,268 [DEBUG] Parking motors at predefined position. (at adc_actions.py)
2025-08-27 15:16:07,270 [INFO] Parking completed successfully. (at adc_actions.py)
2025-08-27 17:15:15,702 [INFO] Activating motors with zenith angle 23.45, velocity 1 RPM. (at adc_actions.py)
2025-08-27 17:15:15,703 [DEBUG] Converted -21.01128560650802 degrees to -945 counts. (at adc_actions.py)
2025-08-27 17:15:15,704 [INFO] Calculated angle: -21.01128560650802, position: -945. (at adc_actions.py)
2025-08-27 17:15:25,706 [INFO] Motors activated successfully. (at adc_actions.py)
2025-08-27 17:17:05,407 [INFO] Activating motors with zenith angle 23.4, velocity 1 RPM. (at adc_actions.py)
2025-08-27 17:17:05,408 [DEBUG] Converted -20.971533978574353 degrees to -943 counts. (at adc_actions.py)
2025-08-27 17:17:05,409 [INFO] Calculated angle: -20.971533978574353, position: -943. (at adc_actions.py)
2025-08-27 17:17:15,411 [INFO] Motors activated successfully. (at adc_actions.py)
2025-08-28 10:09:27,691 [INFO] Calculating from ZA. (at adc_actions.py)
2025-08-28 10:09:27,691 [INFO] Calculation successful: -35.83856770371457 (at adc_actions.py)
2025-08-28 10:09:27,691 [INFO] Converting degrees to counts. (at adc_actions.py)
2025-08-28 10:09:27,691 [DEBUG] Converted -35.83856770371457 degrees to -1612 counts. (at adc_actions.py)
2025-08-28 10:09:27,691 [INFO] Conversion successful: -1612 (at adc_actions.py)
2025-08-28 10:09:27,692 [DEBUG] Starting simultaneous move for motors 1 and 2 to position -1612 with velocity 1. (at adc_actions.py)
2025-08-28 10:09:27,692 [INFO] Both motors moved successfully. (at adc_actions.py)
2025-08-28 10:09:34,397 [DEBUG] Stopping both motors simultaneously. (at adc_actions.py)
2025-08-28 10:09:34,398 [INFO] Both motors stopped successfully. (at adc_actions.py)
2025-08-28 10:10:04,797 [DEBUG] Stopping both motors simultaneously. (at adc_actions.py)
2025-08-28 10:10:04,797 [INFO] Both motors stopped successfully. (at adc_actions.py)
2025-08-28 10:10:18,786 [DEBUG] Stopping both motors simultaneously. (at adc_actions.py)
2025-08-28 10:10:18,786 [INFO] Both motors stopped successfully. (at adc_actions.py)
2025-08-28 10:26:02,326 [INFO] Calculating from ZA. (at adc_actions.py)
2025-08-28 10:26:02,326 [INFO] Calculation successful: -32.63821541144973 (at adc_actions.py)
2025-08-28 10:26:02,326 [INFO] Converting degrees to counts. (at adc_actions.py)
2025-08-28 10:26:02,326 [DEBUG] Converted -32.63821541144973 degrees to -1468 counts. (at adc_actions.py)
2025-08-28 10:26:02,326 [INFO] Conversion successful: -1468 (at adc_actions.py)
2025-08-28 10:26:02,327 [DEBUG] Starting simultaneous move for motors 1 and 2 to position -1468 with velocity 1. (at adc_actions.py)
2025-08-28 10:26:02,327 [INFO] Both motors moved successfully. (at adc_actions.py)
2025-08-28 10:26:11,494 [DEBUG] Stopping both motors simultaneously. (at adc_actions.py)
2025-08-28 10:26:11,494 [INFO] Both motors stopped successfully. (at adc_actions.py)
2025-08-28 10:26:29,997 [INFO] Calculating from ZA. (at adc_actions.py)
2025-08-28 10:26:29,997 [ERROR] Input zenith angle 87.64893468671139 is out of bounds (0.0, 60.0) (at adc_actions.py)
2025-08-28 10:26:29,998 [ERROR] Error calculating from ZA: Input zenith angle 87.64893468671139 is out of bounds. (at adc_actions.py)
2025-08-28 10:28:20,300 [INFO] Calculating from ZA. (at adc_actions.py)
2025-08-28 10:28:20,300 [ERROR] Input zenith angle 87.96757930902226 is out of bounds (0.0, 60.0) (at adc_actions.py)
2025-08-28 10:28:20,300 [ERROR] Error calculating from ZA: Input zenith angle 87.96757930902226 is out of bounds. (at adc_actions.py)
2025-08-28 10:28:32,833 [DEBUG] Stopping both motors simultaneously. (at adc_actions.py)
2025-08-28 10:28:32,834 [INFO] Both motors stopped successfully. (at adc_actions.py)
