2025-09-15 17:04:14,023 [DEBUG] Initializing AdcActions class. (at adc_actions.py)
2025-09-15 17:04:14,023 [INFO] Lookup table found: /media/shyunc/DATA/KSpec/KSPEC_ICS/ADC/Simul/kspec_adc_controller/src/etc/ADC_lookup.csv (at adc_actions.py)
2025-09-15 17:04:14,024 [INFO] Interpolation function using pchip method created. (at adc_actions.py)
2025-09-15 17:04:26,281 [INFO] Connecting to devices. (at adc_actions.py)
2025-09-15 17:04:26,281 [INFO] Connection successful. (at adc_actions.py)
2025-09-15 17:04:26,286 [INFO] Starting homing operation. (at adc_actions.py)
2025-09-15 17:04:26,286 [DEBUG] Calling homing method on controller. (at adc_actions.py)
2025-09-15 17:04:36,288 [INFO] Homing completed successfully. (at adc_actions.py)
2025-09-15 17:04:36,305 [INFO] Starting zeroing operation with velocity 1 RPM. (at adc_actions.py)
2025-09-15 17:04:36,306 [DEBUG] Initiating homing as part of zeroing. (at adc_actions.py)
2025-09-15 17:04:46,307 [INFO] Zeroing operation completed successfully. (at adc_actions.py)
2025-09-15 17:04:46,314 [INFO] Retrieving status for motor 0. (at adc_actions.py)
2025-09-15 17:04:46,314 [INFO] Motor 0 status: $$$$$ (at adc_actions.py)
2025-09-15 17:18:49,724 [INFO] Connecting to devices. (at adc_actions.py)
2025-09-15 17:18:49,725 [INFO] Connection successful. (at adc_actions.py)
2025-09-15 17:18:49,731 [INFO] Starting homing operation. (at adc_actions.py)
2025-09-15 17:18:49,732 [DEBUG] Calling homing method on controller. (at adc_actions.py)
2025-09-15 17:18:59,733 [INFO] Homing completed successfully. (at adc_actions.py)
2025-09-15 17:18:59,743 [INFO] Starting zeroing operation with velocity 1 RPM. (at adc_actions.py)
2025-09-15 17:18:59,744 [DEBUG] Initiating homing as part of zeroing. (at adc_actions.py)
2025-09-15 17:19:09,745 [INFO] Zeroing operation completed successfully. (at adc_actions.py)
2025-09-15 17:19:09,750 [INFO] Retrieving status for motor 0. (at adc_actions.py)
2025-09-15 17:19:09,750 [INFO] Motor 0 status: $$$$$ (at adc_actions.py)
2025-09-15 17:19:35,244 [INFO] Calculating from ZA. (at adc_actions.py)
2025-09-15 17:19:35,244 [ERROR] Input zenith angle 98.08685039326858 is out of bounds (0.0, 60.0) (at adc_actions.py)
2025-09-15 17:19:35,245 [ERROR] Error calculating from ZA: Input zenith angle 98.08685039326858 is out of bounds. (at adc_actions.py)
