2025-02-22 10:53:30 [INFO] Lookup table found: /media/shyunc/DATA/KSpec/KSPEC_ICS/ADC/Simul/kspec_adc_controller/src/etc/ADC_lookup.csv
2025-02-22 10:53:30 [INFO] Interpolation function using pchip method created.
2025-02-22 10:53:36 [INFO] Starting homing operation.
2025-02-22 10:53:46 [INFO] Homing completed successfully.
2025-02-22 10:53:46 [INFO] Starting zeroing operation with velocity 1 RPM.
2025-02-22 10:53:56 [INFO] Zeroing operation completed successfully.
2025-02-22 10:55:04 [INFO] Starting homing operation.
2025-02-22 10:55:14 [INFO] Homing completed successfully.
2025-02-22 10:55:14 [INFO] Starting zeroing operation with velocity 1 RPM.
2025-02-22 10:55:24 [INFO] Zeroing operation completed successfully.
2025-02-22 10:55:24 [INFO] Retrieving status for motor 0.
2025-02-22 10:55:24 [INFO] Motor 0 status: $$$$$
2025-02-22 11:39:45 [INFO] Starting homing operation.
2025-02-22 11:39:55 [INFO] Homing completed successfully.
2025-02-22 11:39:55 [INFO] Starting zeroing operation with velocity 1 RPM.
2025-02-22 11:40:05 [INFO] Zeroing operation completed successfully.
2025-02-22 11:40:05 [INFO] Retrieving status for motor 0.
2025-02-22 11:40:05 [INFO] Motor 0 status: $$$$$
2025-02-22 11:46:59 [INFO] Starting homing operation.
2025-02-22 11:47:09 [INFO] Homing completed successfully.
2025-02-22 11:47:09 [INFO] Starting zeroing operation with velocity 1 RPM.
2025-02-22 11:47:19 [INFO] Zeroing operation completed successfully.
2025-02-22 11:47:19 [INFO] Retrieving status for motor 0.
2025-02-22 11:47:19 [INFO] Motor 0 status: $$$$$
2025-02-22 11:47:53 [INFO] Starting homing operation.
2025-02-22 11:48:03 [INFO] Homing completed successfully.
2025-02-22 11:48:43 [INFO] Starting homing operation.
2025-02-22 11:48:53 [INFO] Homing completed successfully.
2025-02-22 11:49:45 [INFO] Starting homing operation.
2025-02-22 11:49:55 [INFO] Homing completed successfully.
2025-02-22 11:49:55 [INFO] Starting zeroing operation with velocity 1 RPM.
2025-02-22 11:50:05 [INFO] Zeroing operation completed successfully.
2025-02-22 11:50:05 [INFO] Retrieving status for motor 0.
2025-02-22 11:50:05 [INFO] Motor 0 status: $$$$$
2025-02-22 11:50:35 [INFO] Starting homing operation.
2025-02-22 11:50:45 [INFO] Homing completed successfully.
2025-02-22 11:51:43 [INFO] Starting homing operation.
2025-02-22 11:51:53 [INFO] Homing completed successfully.
2025-02-22 11:52:22 [INFO] Starting homing operation.
2025-02-22 11:52:32 [INFO] Homing completed successfully.
2025-02-22 11:53:24 [INFO] Starting homing operation.
2025-02-22 11:53:34 [INFO] Homing completed successfully.
2025-02-22 11:53:34 [INFO] Starting zeroing operation with velocity 1 RPM.
2025-02-22 11:53:44 [INFO] Zeroing operation completed successfully.
2025-02-22 11:53:44 [INFO] Retrieving status for motor 0.
2025-02-22 11:53:44 [INFO] Motor 0 status: $$$$$
2025-02-22 11:54:35 [INFO] Starting homing operation.
2025-02-22 11:54:45 [INFO] Homing completed successfully.
2025-02-22 11:54:45 [INFO] Starting zeroing operation with velocity 1 RPM.
2025-02-22 11:54:55 [INFO] Zeroing operation completed successfully.
2025-02-22 11:54:55 [INFO] Retrieving status for motor 0.
2025-02-22 11:54:55 [INFO] Motor 0 status: $$$$$
2025-02-22 11:55:45 [INFO] Starting homing operation.
2025-02-22 11:55:55 [INFO] Homing completed successfully.
2025-02-22 11:55:55 [INFO] Starting zeroing operation with velocity 1 RPM.
2025-02-22 11:56:05 [INFO] Zeroing operation completed successfully.
2025-02-22 11:56:05 [INFO] Retrieving status for motor 0.
2025-02-22 11:56:05 [INFO] Motor 0 status: $$$$$
