2026-03-12 15:59:27,559 [DEBUG] Initializing AdcActions class. (at adc_actions.py)
2026-03-12 15:59:27,559 [INFO] Lookup table found: /media/shyunc/DATA/KSpec/KSPEC_ICS/ADC/Simul/kspec_adc_controller/src/etc/ADC_lookup.csv (at adc_actions.py)
2026-03-12 15:59:27,560 [INFO] Interpolation function using pchip method created. (at adc_actions.py)
2026-03-12 16:01:36,106 [DEBUG] Initializing AdcActions class. (at adc_actions.py)
2026-03-12 16:01:36,106 [INFO] Lookup table found: /media/shyunc/DATA/KSpec/KSPEC_ICS/ADC/Simul/kspec_adc_controller/src/etc/ADC_lookup.csv (at adc_actions.py)
2026-03-12 16:01:36,107 [INFO] Interpolation function using pchip method created. (at adc_actions.py)
2026-03-12 16:27:14,329 [DEBUG] Starting simultaneous move for motors 1 and 2 to position 240 with velocity 2. (at adc_actions.py)
2026-03-12 16:27:14,330 [INFO] Both motors moved successfully. (at adc_actions.py)
2026-03-12 16:27:25,862 [DEBUG] Starting simultaneous move for motors 1 and 2 to position 240 with velocity 10. (at adc_actions.py)
2026-03-12 16:27:25,862 [INFO] Both motors moved successfully. (at adc_actions.py)
2026-03-12 16:27:38,367 [DEBUG] Starting simultaneous move for motors 1 and 2 to position 240 with velocity 10 in same direction (at adc_actions.py)
2026-03-12 16:27:38,367 [INFO] Both motors moved successfully. (at adc_actions.py)
2026-03-12 16:28:13,539 [DEBUG] Moving motor 1 to position 240 with velocity 10. (at adc_actions.py)
2026-03-12 16:28:13,539 [INFO] Motor 1 moved successfully to position 240. (at adc_actions.py)
2026-03-12 16:28:26,376 [DEBUG] Moving motor 1 to position -240 with velocity 10. (at adc_actions.py)
2026-03-12 16:28:26,377 [INFO] Motor 1 moved successfully to position -240. (at adc_actions.py)
2026-03-12 16:28:31,958 [DEBUG] Moving motor 1 to position -240 with velocity 5. (at adc_actions.py)
2026-03-12 16:28:31,959 [INFO] Motor 1 moved successfully to position -240. (at adc_actions.py)
2026-03-12 16:37:33,337 [ERROR] Input zenith angle 115.55143275688478 is out of bounds (0.0, 60.0) (at adc_actions.py)
2026-03-12 16:37:45,720 [ERROR] Input zenith angle 115.53851504808708 is out of bounds (0.0, 60.0) (at adc_actions.py)
2026-03-12 16:38:05,649 [ERROR] Input zenith angle 112.4820401900019 is out of bounds (0.0, 60.0) (at adc_actions.py)
2026-03-12 16:38:20,228 [ERROR] Input zenith angle 99.00971644117482 is out of bounds (0.0, 60.0) (at adc_actions.py)
2026-03-12 16:38:25,816 [ERROR] Input zenith angle 99.02323203748765 is out of bounds (0.0, 60.0) (at adc_actions.py)
2026-03-12 16:38:36,468 [DEBUG] Converted -17.539601363457955 degrees to -789 counts. (at adc_actions.py)
2026-03-12 16:38:36,469 [DEBUG] Starting simultaneous move for motors 1 and 2 to position -789 with velocity 1. (at adc_actions.py)
2026-03-12 16:38:36,470 [INFO] Both motors moved successfully. (at adc_actions.py)
2026-03-12 16:38:57,340 [DEBUG] Converted -17.60946091930495 degrees to -792 counts. (at adc_actions.py)
2026-03-12 16:38:57,341 [DEBUG] Starting simultaneous move for motors 1 and 2 to position -792 with velocity 1. (at adc_actions.py)
2026-03-12 16:38:57,341 [INFO] Both motors moved successfully. (at adc_actions.py)
2026-03-12 16:39:14,331 [DEBUG] Converted -5.408170988647932 degrees to -243 counts. (at adc_actions.py)
2026-03-12 16:39:14,332 [DEBUG] Starting simultaneous move for motors 1 and 2 to position -243 with velocity 1. (at adc_actions.py)
2026-03-12 16:39:14,332 [INFO] Both motors moved successfully. (at adc_actions.py)
2026-03-12 16:39:57,187 [DEBUG] Converted -41.11001842265365 degrees to -1849 counts. (at adc_actions.py)
2026-03-12 16:39:57,188 [DEBUG] Starting simultaneous move for motors 1 and 2 to position -1849 with velocity 1. (at adc_actions.py)
2026-03-12 16:39:57,188 [INFO] Both motors moved successfully. (at adc_actions.py)
2026-03-12 16:44:57,992 [INFO] Starting homing operation. (at adc_actions.py)
2026-03-12 16:44:57,992 [DEBUG] Calling homing method on controller. (at adc_actions.py)
2026-03-12 16:45:07,994 [INFO] Homing completed successfully. (at adc_actions.py)
2026-03-12 16:45:43,648 [DEBUG] Initializing AdcActions class. (at adc_actions.py)
2026-03-12 16:45:43,648 [INFO] Lookup table found: /media/shyunc/DATA/KSpec/KSPEC_ICS/ADC/Simul/kspec_adc_controller/src/etc/ADC_lookup.csv (at adc_actions.py)
2026-03-12 16:45:43,649 [INFO] Interpolation function using pchip method created. (at adc_actions.py)
2026-03-12 16:55:01,118 [DEBUG] Initializing AdcActions class. (at adc_actions.py)
2026-03-12 16:55:01,119 [INFO] Lookup table found: /media/shyunc/DATA/KSpec/KSPEC_ICS/ADC/Simul/kspec_adc_controller/src/etc/ADC_lookup.csv (at adc_actions.py)
2026-03-12 16:55:01,120 [INFO] Interpolation function using pchip method created. (at adc_actions.py)
2026-03-12 16:55:01,452 [DEBUG] Converted -13.905282918189219 degrees to -625 counts. (at adc_actions.py)
2026-03-12 16:55:01,453 [DEBUG] Starting simultaneous move for motors 1 and 2 to position -625 with velocity 1. (at adc_actions.py)
2026-03-12 16:55:01,453 [INFO] Both motors moved successfully. (at adc_actions.py)
