2025-11-24 10:24:00,528 [DEBUG] Initializing AdcActions class. (at adc_actions.py)
2025-11-24 10:24:00,528 [INFO] Lookup table found: /media/shyunc/DATA/KSpec/KSPEC_ICS/ADC/Simul/kspec_adc_controller/src/etc/ADC_lookup.csv (at adc_actions.py)
2025-11-24 10:24:00,529 [INFO] Interpolation function using pchip method created. (at adc_actions.py)
2025-11-24 11:14:53,965 [INFO] Connecting to devices. (at adc_actions.py)
2025-11-24 11:14:53,966 [INFO] Connection successful. (at adc_actions.py)
2025-11-24 11:14:53,976 [INFO] Starting homing operation. (at adc_actions.py)
2025-11-24 11:14:53,976 [DEBUG] Calling homing method on controller. (at adc_actions.py)
2025-11-24 11:15:03,978 [INFO] Homing completed successfully. (at adc_actions.py)
2025-11-24 11:15:03,997 [INFO] Starting zeroing operation with velocity 1 RPM. (at adc_actions.py)
2025-11-24 11:15:03,997 [DEBUG] Initiating homing as part of zeroing. (at adc_actions.py)
2025-11-24 11:15:13,999 [INFO] Zeroing operation completed successfully. (at adc_actions.py)
2025-11-24 11:15:14,013 [INFO] Retrieving status for motor 0. (at adc_actions.py)
2025-11-24 11:15:14,013 [INFO] Motor 0 status: $$$$$ (at adc_actions.py)
2025-11-24 11:16:32,154 [INFO] Calculating from ZA. (at adc_actions.py)
2025-11-24 11:16:32,154 [INFO] Calculation successful: -33.107580709290026 (at adc_actions.py)
2025-11-24 11:16:32,154 [INFO] Converting degrees to counts. (at adc_actions.py)
2025-11-24 11:16:32,154 [DEBUG] Converted -33.107580709290026 degrees to -1489 counts. (at adc_actions.py)
2025-11-24 11:16:32,154 [INFO] Conversion successful: -1489 (at adc_actions.py)
2025-11-24 11:16:32,155 [DEBUG] Starting simultaneous move for motors 1 and 2 to position -1489 with velocity 1. (at adc_actions.py)
2025-11-24 11:16:32,155 [INFO] Both motors moved successfully. (at adc_actions.py)
2025-11-24 11:17:32,181 [INFO] Calculating from ZA. (at adc_actions.py)
2025-11-24 11:17:32,181 [INFO] Calculation successful: -33.36433629552253 (at adc_actions.py)
2025-11-24 11:17:32,181 [INFO] Converting degrees to counts. (at adc_actions.py)
2025-11-24 11:17:32,182 [DEBUG] Converted -33.36433629552253 degrees to -1501 counts. (at adc_actions.py)
2025-11-24 11:17:32,182 [INFO] Conversion successful: -1501 (at adc_actions.py)
2025-11-24 11:17:32,183 [DEBUG] Starting simultaneous move for motors 1 and 2 to position -12 with velocity 1. (at adc_actions.py)
2025-11-24 11:17:32,183 [INFO] Both motors moved successfully. (at adc_actions.py)
2025-11-24 11:18:32,197 [INFO] Calculating from ZA. (at adc_actions.py)
2025-11-24 11:18:32,197 [INFO] Calculation successful: -33.55148686218214 (at adc_actions.py)
2025-11-24 11:18:32,197 [INFO] Converting degrees to counts. (at adc_actions.py)
2025-11-24 11:18:32,198 [DEBUG] Converted -33.55148686218214 degrees to -1509 counts. (at adc_actions.py)
2025-11-24 11:18:32,198 [INFO] Conversion successful: -1509 (at adc_actions.py)
2025-11-24 11:18:32,200 [DEBUG] Starting simultaneous move for motors 1 and 2 to position -8 with velocity 1. (at adc_actions.py)
2025-11-24 11:18:32,200 [INFO] Both motors moved successfully. (at adc_actions.py)
2025-11-24 11:18:48,445 [DEBUG] Stopping both motors simultaneously. (at adc_actions.py)
2025-11-24 11:18:48,445 [INFO] Both motors stopped successfully. (at adc_actions.py)
2025-11-24 11:20:06,158 [INFO] Starting zeroing operation with velocity 1 RPM. (at adc_actions.py)
2025-11-24 11:20:06,159 [DEBUG] Initiating homing as part of zeroing. (at adc_actions.py)
2025-11-24 11:20:16,161 [INFO] Zeroing operation completed successfully. (at adc_actions.py)
