2026-01-19 11:00:24,233 [DEBUG] Initializing AdcActions class. (at adc_actions.py)
2026-01-19 11:00:24,233 [DEBUG] Initializing AdcController (at adc_controller.py)
2026-01-19 11:00:24,234 [INFO] Starting the process to find devices... (at adc_controller.py)
2026-01-19 11:00:24,325 [INFO] Found bus hardware ID 0: BusHardwareId(Serial Port (/dev/ttyUSB0)) [bus hardware: Serial Port, protocol: MODBUS RTU, hardware specifier: /dev/ttyUSB0] (at adc_controller.py)
2026-01-19 11:00:24,325 [INFO] Found bus hardware ID 1: BusHardwareId(USB Bus) [bus hardware: USB BUS, protocol: MODBUS VCP, hardware specifier: UsbRoot0, extra hardware specifier: UsbBusVcp] (at adc_controller.py)
2026-01-19 11:00:24,325 [INFO] Found bus hardware ID 2: BusHardwareId(eno12399np0 (Ethernet interface)) [bus hardware: Network Adapter, protocol: MODBUS TCP, hardware specifier: eno12399np0] (at adc_controller.py)
2026-01-19 11:00:24,325 [INFO] Found bus hardware ID 3: BusHardwareId(eno12399np0 (Ethernet interface)) [bus hardware: Network Adapter, protocol: EtherCAT, hardware specifier: eno12399np0] (at adc_controller.py)
2026-01-19 11:00:24,325 [INFO] Found bus hardware ID 4: BusHardwareId(eno12399np0 (Ethernet interface)) [bus hardware: Network Adapter, protocol: RESTful API, hardware specifier: eno12399np0] (at adc_controller.py)
2026-01-19 11:00:24,325 [INFO] Found bus hardware ID 5: BusHardwareId(USB Bus) [bus hardware: USB BUS, protocol: MSC, hardware specifier: UsbRoot0, extra hardware specifier: UsbBusMsc] (at adc_controller.py)
2026-01-19 11:00:24,325 [INFO] Selected bus hardware ID: <nanotec_nanolib.Nanolib.BusHardwareId; proxy of <Swig Object of type 'nlc::BusHardwareId *' at 0x7ecf9934f0f0> > (at adc_controller.py)
2026-01-19 11:00:51,869 [INFO] Device 1 added successfully. (at adc_controller.py)
2026-01-19 11:00:51,870 [INFO] Device 2 added successfully. (at adc_controller.py)
2026-01-19 11:00:51,871 [INFO] Lookup table found: /home/kspecics/work/KSPEC_ICS/ADC/kspec_adc_controller/src/etc/ADC_lookup.csv (at adc_calc_angle.py)
2026-01-19 11:00:51,873 [INFO] Interpolation function using pchip method created. (at adc_calc_angle.py)
2026-01-19 11:34:13,390 [INFO] Connecting to devices. (at adc_actions.py)
2026-01-19 11:34:13,559 [INFO] Device 1 connected successfully. (at adc_controller.py)
2026-01-19 11:34:13,735 [INFO] Device 2 connected successfully. (at adc_controller.py)
2026-01-19 11:34:13,736 [INFO] Connection successful. (at adc_actions.py)
2026-01-19 11:34:13,751 [INFO] Starting homing operation. (at adc_actions.py)
2026-01-19 11:34:13,751 [DEBUG] Calling homing method on controller. (at adc_actions.py)
2026-01-19 11:34:13,752 [INFO] Initializing homing process for both motors. (at adc_controller.py)
2026-01-19 11:34:13,784 [DEBUG] Raw value Motor 1: 196, Raw value Motor 2: 196 (at adc_controller.py)
2026-01-19 11:34:13,911 [INFO] Motor 1 homing initiated. Monitoring position changes... (at adc_controller.py)
2026-01-19 11:34:14,055 [INFO] Motor 2 homing initiated. Monitoring position changes... (at adc_controller.py)
2026-01-19 11:34:17,783 [DEBUG] Stopping Motor 2 (at adc_controller.py)
2026-01-19 11:34:17,815 [INFO] Motor 2 stopped successfully. (at adc_controller.py)
2026-01-19 11:34:17,816 [INFO] Motor 2: Polling statusword for STOP (0x0040)... (at adc_controller.py)
2026-01-19 11:34:17,831 [INFO] Motor 2 stop confirmed. (statusword=0x1240) (at adc_controller.py)
2026-01-19 11:34:17,831 [DEBUG] Home position found for Motor 2. (at adc_controller.py)
2026-01-19 11:34:18,055 [DEBUG] Stopping Motor 1 (at adc_controller.py)
2026-01-19 11:34:18,087 [INFO] Motor 1 stopped successfully. (at adc_controller.py)
2026-01-19 11:34:18,088 [INFO] Motor 1: Polling statusword for STOP (0x0040)... (at adc_controller.py)
2026-01-19 11:34:18,103 [INFO] Motor 1 stop confirmed. (statusword=0x1240) (at adc_controller.py)
2026-01-19 11:34:18,103 [DEBUG] Home position found for Motor 1. (at adc_controller.py)
2026-01-19 11:34:18,135 [INFO] Home positions set: Motor 1: 16451, Motor 2: 16429 (at adc_controller.py)
2026-01-19 11:34:18,167 [INFO] Homing complete. Final positions: Motor 1: 16451, Motor 2: 16429 (at adc_controller.py)
2026-01-19 11:34:18,231 [INFO] Device states: {'motor1': {'position_state': 16451, 'connection_state': True}, 'motor2': {'position_state': 16429, 'connection_state': True}} (at adc_controller.py)
2026-01-19 11:34:18,231 [INFO] Homing completed successfully. (at adc_actions.py)
2026-01-19 11:34:18,244 [INFO] Starting zeroing operation with velocity 1 RPM. (at adc_actions.py)
2026-01-19 11:34:18,244 [DEBUG] Initiating homing as part of zeroing. (at adc_actions.py)
2026-01-19 11:34:18,244 [INFO] Zeroing process initiated... (at adc_controller.py)
2026-01-19 11:34:18,279 [INFO] Current positions: Motor 1: 16451, Motor 2: 16429 (at adc_controller.py)
2026-01-19 11:34:18,280 [INFO] Target Zero positions: Motor 1: 24086, Motor 2: 18355 (at adc_controller.py)
2026-01-19 11:34:18,280 [INFO] Moving motors to Zero positions... (at adc_controller.py)
2026-01-19 11:34:18,282 [DEBUG] Moving Motor 1 to position 7635 with velocity 1 (at adc_controller.py)
2026-01-19 11:34:18,283 [DEBUG] Moving Motor 2 to position 1926 with velocity 1 (at adc_controller.py)
2026-01-19 11:36:26,583 [INFO] Motors moved to Zero positions successfully. (at adc_controller.py)
2026-01-19 11:36:26,583 [INFO] Zeroing operation completed successfully. (at adc_actions.py)
2026-01-19 11:36:26,594 [INFO] Retrieving status for motor 0. (at adc_actions.py)
2026-01-19 11:36:26,662 [INFO] Device states: {'motor1': {'position_state': 24086, 'connection_state': True}, 'motor2': {'position_state': 18355, 'connection_state': True}} (at adc_controller.py)
2026-01-19 11:36:26,663 [INFO] Motor 0 status: {'motor1': {'position_state': 24086, 'connection_state': True}, 'motor2': {'position_state': 18355, 'connection_state': True}} (at adc_actions.py)
2026-01-19 18:24:58,541 [INFO] Retrieving status for motor 0. (at adc_actions.py)
2026-01-19 18:24:58,598 [INFO] Device states: {'motor1': {'position_state': 24086, 'connection_state': True}, 'motor2': {'position_state': 18355, 'connection_state': True}} (at adc_controller.py)
2026-01-19 18:24:58,598 [INFO] Motor 0 status: {'motor1': {'position_state': 24086, 'connection_state': True}, 'motor2': {'position_state': 18355, 'connection_state': True}} (at adc_actions.py)
2026-01-19 21:34:32,126 [INFO] Retrieving status for motor 0. (at adc_actions.py)
2026-01-19 21:34:32,191 [INFO] Device states: {'motor1': {'position_state': 24086, 'connection_state': True}, 'motor2': {'position_state': 18355, 'connection_state': True}} (at adc_controller.py)
2026-01-19 21:34:32,191 [INFO] Motor 0 status: {'motor1': {'position_state': 24086, 'connection_state': True}, 'motor2': {'position_state': 18355, 'connection_state': True}} (at adc_actions.py)
2026-01-19 21:34:39,547 [INFO] Starting homing operation. (at adc_actions.py)
2026-01-19 21:34:39,548 [DEBUG] Calling homing method on controller. (at adc_actions.py)
2026-01-19 21:34:39,583 [INFO] Current positions: Motor 1: 24086, Motor 2: 18355 (at adc_controller.py)
2026-01-19 21:34:39,583 [INFO] Target home positions: Motor 1: 16451, Motor 2: 16429 (at adc_controller.py)
2026-01-19 21:34:39,583 [INFO] Moving motors to home positions... (at adc_controller.py)
2026-01-19 21:34:39,583 [DEBUG] Moving Motor 1 to position -7635 with velocity 1 (at adc_controller.py)
2026-01-19 21:34:39,584 [DEBUG] Moving Motor 2 to position -1926 with velocity 1 (at adc_controller.py)
2026-01-19 21:36:47,886 [INFO] Motors moved to home positions successfully. (at adc_controller.py)
2026-01-19 21:36:47,918 [INFO] Homing complete. Final positions: Motor 1: 16451, Motor 2: 16429 (at adc_controller.py)
2026-01-19 21:36:47,982 [INFO] Device states: {'motor1': {'position_state': 16451, 'connection_state': True}, 'motor2': {'position_state': 16429, 'connection_state': True}} (at adc_controller.py)
2026-01-19 21:36:47,982 [INFO] Homing completed successfully. (at adc_actions.py)
2026-01-19 21:43:50,549 [INFO] Starting parking operation. (at adc_actions.py)
2026-01-19 21:43:50,550 [DEBUG] Parking motors at predefined position. (at adc_actions.py)
2026-01-19 21:43:50,550 [INFO] Parking process initiated... (at adc_controller.py)
2026-01-19 21:43:50,585 [INFO] Current positions: Motor 1: 16451, Motor 2: 16429 (at adc_controller.py)
2026-01-19 21:43:50,585 [INFO] Target parking positions relative to home: Motor 1: 16201, Motor 2: 16204 (at adc_controller.py)
2026-01-19 21:43:50,585 [INFO] Moving motors to parking positions... (at adc_controller.py)
2026-01-19 21:43:50,586 [DEBUG] Moving Motor 1 to position -250 with velocity 1 (at adc_controller.py)
2026-01-19 21:43:50,586 [DEBUG] Moving Motor 2 to position -225 with velocity 1 (at adc_controller.py)
2026-01-19 21:43:55,897 [INFO] Motors moved to parking positions successfully. (at adc_controller.py)
2026-01-19 21:43:55,897 [INFO] Parking completed successfully. (at adc_actions.py)
2026-01-19 21:44:33,639 [INFO] Connecting to devices. (at adc_actions.py)
2026-01-19 21:44:33,639 [INFO] Device 1 is already connected. (at adc_controller.py)
2026-01-19 21:44:33,639 [INFO] Device 2 is already connected. (at adc_controller.py)
2026-01-19 21:44:33,639 [INFO] Connection successful. (at adc_actions.py)
2026-01-19 21:44:33,670 [INFO] Starting homing operation. (at adc_actions.py)
2026-01-19 21:44:33,670 [DEBUG] Calling homing method on controller. (at adc_actions.py)
2026-01-19 21:44:33,705 [INFO] Current positions: Motor 1: 16201, Motor 2: 16204 (at adc_controller.py)
2026-01-19 21:44:33,705 [INFO] Target home positions: Motor 1: 16451, Motor 2: 16429 (at adc_controller.py)
2026-01-19 21:44:33,705 [INFO] Moving motors to home positions... (at adc_controller.py)
2026-01-19 21:44:33,705 [DEBUG] Moving Motor 1 to position 250 with velocity 1 (at adc_controller.py)
2026-01-19 21:44:33,706 [DEBUG] Moving Motor 2 to position 225 with velocity 1 (at adc_controller.py)
2026-01-19 21:44:39,033 [INFO] Motors moved to home positions successfully. (at adc_controller.py)
2026-01-19 21:44:39,064 [INFO] Homing complete. Final positions: Motor 1: 16451, Motor 2: 16429 (at adc_controller.py)
2026-01-19 21:44:39,128 [INFO] Device states: {'motor1': {'position_state': 16451, 'connection_state': True}, 'motor2': {'position_state': 16429, 'connection_state': True}} (at adc_controller.py)
2026-01-19 21:44:39,129 [INFO] Homing completed successfully. (at adc_actions.py)
2026-01-19 21:44:39,140 [INFO] Retrieving status for motor 0. (at adc_actions.py)
2026-01-19 21:44:39,209 [INFO] Device states: {'motor1': {'position_state': 16451, 'connection_state': True}, 'motor2': {'position_state': 16429, 'connection_state': True}} (at adc_controller.py)
2026-01-19 21:44:39,209 [INFO] Motor 0 status: {'motor1': {'position_state': 16451, 'connection_state': True}, 'motor2': {'position_state': 16429, 'connection_state': True}} (at adc_actions.py)
2026-01-19 21:45:02,623 [ERROR] Input zenith angle 62.29526138021626 is out of bounds (0.0, 60.0) (at adc_calc_angle.py)
2026-01-19 21:45:23,156 [INFO] Starting parking operation. (at adc_actions.py)
2026-01-19 21:45:23,156 [DEBUG] Parking motors at predefined position. (at adc_actions.py)
2026-01-19 21:45:23,156 [INFO] Parking process initiated... (at adc_controller.py)
2026-01-19 21:45:23,192 [INFO] Current positions: Motor 1: 16451, Motor 2: 16429 (at adc_controller.py)
2026-01-19 21:45:23,192 [INFO] Target parking positions relative to home: Motor 1: 16201, Motor 2: 16204 (at adc_controller.py)
2026-01-19 21:45:23,192 [INFO] Moving motors to parking positions... (at adc_controller.py)
2026-01-19 21:45:23,193 [DEBUG] Moving Motor 1 to position -250 with velocity 1 (at adc_controller.py)
2026-01-19 21:45:23,194 [DEBUG] Moving Motor 2 to position -225 with velocity 1 (at adc_controller.py)
2026-01-19 21:45:28,520 [INFO] Motors moved to parking positions successfully. (at adc_controller.py)
2026-01-19 21:45:28,520 [INFO] Parking completed successfully. (at adc_actions.py)
2026-01-19 21:47:01,038 [INFO] Connecting to devices. (at adc_actions.py)
2026-01-19 21:47:01,038 [INFO] Device 1 is already connected. (at adc_controller.py)
2026-01-19 21:47:01,038 [INFO] Device 2 is already connected. (at adc_controller.py)
2026-01-19 21:47:01,038 [INFO] Connection successful. (at adc_actions.py)
2026-01-19 21:47:01,069 [INFO] Starting homing operation. (at adc_actions.py)
2026-01-19 21:47:01,070 [DEBUG] Calling homing method on controller. (at adc_actions.py)
2026-01-19 21:47:01,095 [INFO] Current positions: Motor 1: 16201, Motor 2: 16204 (at adc_controller.py)
2026-01-19 21:47:01,095 [INFO] Target home positions: Motor 1: 16451, Motor 2: 16429 (at adc_controller.py)
2026-01-19 21:47:01,095 [INFO] Moving motors to home positions... (at adc_controller.py)
2026-01-19 21:47:01,096 [DEBUG] Moving Motor 1 to position 250 with velocity 1 (at adc_controller.py)
2026-01-19 21:47:01,096 [DEBUG] Moving Motor 2 to position 225 with velocity 1 (at adc_controller.py)
2026-01-19 21:47:06,423 [INFO] Motors moved to home positions successfully. (at adc_controller.py)
2026-01-19 21:47:06,455 [INFO] Homing complete. Final positions: Motor 1: 16451, Motor 2: 16429 (at adc_controller.py)
2026-01-19 21:47:06,519 [INFO] Device states: {'motor1': {'position_state': 16451, 'connection_state': True}, 'motor2': {'position_state': 16429, 'connection_state': True}} (at adc_controller.py)
2026-01-19 21:47:06,519 [INFO] Homing completed successfully. (at adc_actions.py)
2026-01-19 21:47:06,531 [INFO] Retrieving status for motor 0. (at adc_actions.py)
2026-01-19 21:47:06,599 [INFO] Device states: {'motor1': {'position_state': 16451, 'connection_state': True}, 'motor2': {'position_state': 16429, 'connection_state': True}} (at adc_controller.py)
2026-01-19 21:47:06,599 [INFO] Motor 0 status: {'motor1': {'position_state': 16451, 'connection_state': True}, 'motor2': {'position_state': 16429, 'connection_state': True}} (at adc_actions.py)
2026-01-20 00:08:29,728 [INFO] Starting homing operation. (at adc_actions.py)
2026-01-20 00:08:29,729 [DEBUG] Calling homing method on controller. (at adc_actions.py)
2026-01-20 00:08:29,764 [INFO] Current positions: Motor 1: 16451, Motor 2: 16429 (at adc_controller.py)
2026-01-20 00:08:29,764 [INFO] Target home positions: Motor 1: 16451, Motor 2: 16429 (at adc_controller.py)
2026-01-20 00:08:29,764 [INFO] Both motors are already close to home position. (at adc_controller.py)
2026-01-20 00:08:29,796 [INFO] Homing complete. Final positions: Motor 1: 16451, Motor 2: 16429 (at adc_controller.py)
2026-01-20 00:08:29,860 [INFO] Device states: {'motor1': {'position_state': 16451, 'connection_state': True}, 'motor2': {'position_state': 16429, 'connection_state': True}} (at adc_controller.py)
2026-01-20 00:08:29,860 [INFO] Homing completed successfully. (at adc_actions.py)
2026-01-20 00:08:44,297 [INFO] Starting zeroing operation with velocity 1 RPM. (at adc_actions.py)
2026-01-20 00:08:44,297 [DEBUG] Initiating homing as part of zeroing. (at adc_actions.py)
2026-01-20 00:08:44,297 [INFO] Zeroing process initiated... (at adc_controller.py)
2026-01-20 00:08:44,324 [INFO] Current positions: Motor 1: 16451, Motor 2: 16429 (at adc_controller.py)
2026-01-20 00:08:44,324 [INFO] Target Zero positions: Motor 1: 24086, Motor 2: 18355 (at adc_controller.py)
2026-01-20 00:08:44,324 [INFO] Moving motors to Zero positions... (at adc_controller.py)
2026-01-20 00:08:44,324 [DEBUG] Moving Motor 1 to position 7635 with velocity 1 (at adc_controller.py)
2026-01-20 00:08:44,325 [DEBUG] Moving Motor 2 to position 1926 with velocity 1 (at adc_controller.py)
2026-01-20 00:10:52,611 [INFO] Motors moved to Zero positions successfully. (at adc_controller.py)
2026-01-20 00:10:52,611 [INFO] Zeroing operation completed successfully. (at adc_actions.py)
2026-01-20 00:11:03,771 [ERROR] Input zenith angle 83.74242730101702 is out of bounds (0.0, 60.0) (at adc_calc_angle.py)
2026-01-20 00:12:50,430 [INFO] Starting zeroing operation with velocity 1 RPM. (at adc_actions.py)
2026-01-20 00:12:50,430 [DEBUG] Initiating homing as part of zeroing. (at adc_actions.py)
2026-01-20 00:12:50,430 [INFO] Zeroing process initiated... (at adc_controller.py)
2026-01-20 00:12:50,465 [INFO] Current positions: Motor 1: 24086, Motor 2: 18355 (at adc_controller.py)
2026-01-20 00:12:50,465 [INFO] Target Zero positions: Motor 1: 24086, Motor 2: 18355 (at adc_controller.py)
2026-01-20 00:12:50,466 [INFO] Both motors are already close to Zero position. (at adc_controller.py)
2026-01-20 00:12:50,466 [INFO] Zeroing operation completed successfully. (at adc_actions.py)
2026-01-20 00:15:28,247 [INFO] Starting homing operation. (at adc_actions.py)
2026-01-20 00:15:28,247 [DEBUG] Calling homing method on controller. (at adc_actions.py)
2026-01-20 00:15:28,272 [INFO] Current positions: Motor 1: 24086, Motor 2: 18355 (at adc_controller.py)
2026-01-20 00:15:28,272 [INFO] Target home positions: Motor 1: 16451, Motor 2: 16429 (at adc_controller.py)
2026-01-20 00:15:28,272 [INFO] Moving motors to home positions... (at adc_controller.py)
2026-01-20 00:15:28,273 [DEBUG] Moving Motor 1 to position -7635 with velocity 1 (at adc_controller.py)
2026-01-20 00:15:28,273 [DEBUG] Moving Motor 2 to position -1926 with velocity 1 (at adc_controller.py)
2026-01-20 00:17:36,575 [INFO] Motors moved to home positions successfully. (at adc_controller.py)
2026-01-20 00:17:36,607 [INFO] Homing complete. Final positions: Motor 1: 16451, Motor 2: 16429 (at adc_controller.py)
2026-01-20 00:17:36,671 [INFO] Device states: {'motor1': {'position_state': 16451, 'connection_state': True}, 'motor2': {'position_state': 16429, 'connection_state': True}} (at adc_controller.py)
2026-01-20 00:17:36,671 [INFO] Homing completed successfully. (at adc_actions.py)
2026-01-20 00:17:39,379 [INFO] Starting parking operation. (at adc_actions.py)
2026-01-20 00:17:39,379 [DEBUG] Parking motors at predefined position. (at adc_actions.py)
2026-01-20 00:17:39,379 [INFO] Parking process initiated... (at adc_controller.py)
2026-01-20 00:17:39,407 [INFO] Current positions: Motor 1: 16451, Motor 2: 16429 (at adc_controller.py)
2026-01-20 00:17:39,407 [INFO] Target parking positions relative to home: Motor 1: 16201, Motor 2: 16204 (at adc_controller.py)
2026-01-20 00:17:39,407 [INFO] Moving motors to parking positions... (at adc_controller.py)
2026-01-20 00:17:39,408 [DEBUG] Moving Motor 1 to position -250 with velocity 1 (at adc_controller.py)
2026-01-20 00:17:39,408 [DEBUG] Moving Motor 2 to position -225 with velocity 1 (at adc_controller.py)
2026-01-20 00:17:44,735 [INFO] Motors moved to parking positions successfully. (at adc_controller.py)
2026-01-20 00:17:44,735 [INFO] Parking completed successfully. (at adc_actions.py)
