2024-12-05 14:49:47 [INFO] Starting the process to find devices...
2024-12-05 14:49:47 [INFO] ID 0: BusHardwareId(Wi-Fi (Intel(R) Wi-Fi 6E AX211 160MHz)) [bus hardware: Network Adapter, protocol: EtherCAT, hardware specifier: {0B3C66B5-CC23-40D1-997B-E4053F477E82}]
2024-12-05 14:49:47 [INFO] ID 1: BusHardwareId(Serial Port (COM3)) [bus hardware: Serial Port, protocol: MODBUS RTU, hardware specifier: COM3]
2024-12-05 14:49:47 [INFO] ID 2: BusHardwareId(USB Bus) [bus hardware: USB BUS, protocol: MODBUS VCP, hardware specifier: UsbRoot0, extra hardware specifier: UsbBusVcp]
2024-12-05 14:49:47 [INFO] ID 3: BusHardwareId(Wi-Fi (Intel(R) Wi-Fi 6E AX211 160MHz)) [bus hardware: Network Adapter, protocol: MODBUS TCP, hardware specifier: {0B3C66B5-CC23-40D1-997B-E4053F477E82}]
2024-12-05 14:49:47 [INFO] ID 4: BusHardwareId(Wi-Fi (Intel(R) Wi-Fi 6E AX211 160MHz)) [bus hardware: Network Adapter, protocol: RESTful API, hardware specifier: {0B3C66B5-CC23-40D1-997B-E4053F477E82}]
2024-12-05 14:49:47 [INFO] ID 5: BusHardwareId(USB Bus) [bus hardware: USB BUS, protocol: MSC, hardware specifier: UsbRoot0, extra hardware specifier: UsbBusMsc]
2024-12-05 14:49:47 [INFO] Selected bus hardware ID: <nanotec_nanolib.Nanolib.BusHardwareId; proxy of <Swig Object of type 'nlc::BusHardwareId *' at 0x0000021A2EE9F270> >
2024-12-05 14:50:15 [INFO] Device 1 added successfully.
2024-12-05 14:50:15 [INFO] Device 2 added successfully.
2024-12-05 14:50:15 [INFO] Retrieving status for motor 0.
2024-12-05 14:50:15 [INFO] Device states: {'motor1': {'connection_state': False}, 'motor2': {'connection_state': False}}
2024-12-05 14:50:15 [INFO] Motor 0 status: {'motor1': {'connection_state': False}, 'motor2': {'connection_state': False}}
2024-12-05 14:50:15 [INFO] Activating motors.
2024-12-05 14:50:15 [INFO] Device 1 connected successfully.
2024-12-05 14:50:15 [INFO] Device 2 connected successfully.
2024-12-05 14:50:29 [INFO] Motors activated successfully.
2024-12-05 14:50:29 [INFO] Retrieving status for motor 0.
2024-12-05 14:50:29 [INFO] Device states: {'motor1': {'connection_state': True}, 'motor2': {'connection_state': True}}
2024-12-05 14:50:29 [INFO] Motor 0 status: {'motor1': {'connection_state': True}, 'motor2': {'connection_state': True}}
2024-12-05 14:50:48 [INFO] Powering off and disconnecting from devices.
2024-12-05 14:50:48 [INFO] Device 1 disconnected successfully.
2024-12-05 14:50:48 [INFO] Device 2 disconnected successfully.
2024-12-05 14:50:48 [INFO] Bus hardware closed successfully.
2024-12-05 14:50:48 [INFO] Power off successful.
