2024-12-05 13:50:08,573 [DEBUG] Initializing adc_actions class. (at adc_actions.py)
2024-12-05 13:50:43,791 [DEBUG] Initializing adc_actions class. (at adc_actions.py)
2024-12-05 13:50:45,962 [DEBUG] Initializing adc_actions class. (at adc_actions.py)
2024-12-05 13:51:06,219 [DEBUG] Initializing adc_actions class. (at adc_actions.py)
2024-12-05 13:51:06,219 [DEBUG] Initializing adc_controller (at adc_actions.py)
2024-12-05 13:51:06,219 [INFO] Starting the process to find devices... (at adc_actions.py)
2024-12-05 13:51:06,219 [INFO] Calling listAvailableBusHardware()... (at adc_actions.py)
2024-12-05 13:51:10,079 [INFO] Number of available bus hardware IDs: 6 (at adc_actions.py)
2024-12-05 13:51:10,079 [INFO] Available Bus Hardware IDs: (at adc_actions.py)
2024-12-05 13:51:10,079 [INFO] ID 0: BusHardwareId(Wi-Fi (Intel(R) Wi-Fi 6E AX211 160MHz)) [bus hardware: Network Adapter, protocol: EtherCAT, hardware specifier: {0B3C66B5-CC23-40D1-997B-E4053F477E82}] (at adc_actions.py)
2024-12-05 13:51:10,079 [INFO] ID 1: BusHardwareId(Serial Port (COM3)) [bus hardware: Serial Port, protocol: MODBUS RTU, hardware specifier: COM3] (at adc_actions.py)
2024-12-05 13:51:10,079 [INFO] ID 2: BusHardwareId(USB Bus) [bus hardware: USB BUS, protocol: MODBUS VCP, hardware specifier: UsbRoot0, extra hardware specifier: UsbBusVcp] (at adc_actions.py)
2024-12-05 13:51:10,079 [INFO] ID 3: BusHardwareId(Wi-Fi (Intel(R) Wi-Fi 6E AX211 160MHz)) [bus hardware: Network Adapter, protocol: MODBUS TCP, hardware specifier: {0B3C66B5-CC23-40D1-997B-E4053F477E82}] (at adc_actions.py)
2024-12-05 13:51:10,079 [INFO] ID 4: BusHardwareId(Wi-Fi (Intel(R) Wi-Fi 6E AX211 160MHz)) [bus hardware: Network Adapter, protocol: RESTful API, hardware specifier: {0B3C66B5-CC23-40D1-997B-E4053F477E82}] (at adc_actions.py)
2024-12-05 13:51:10,079 [INFO] ID 5: BusHardwareId(USB Bus) [bus hardware: USB BUS, protocol: MSC, hardware specifier: UsbRoot0, extra hardware specifier: UsbBusMsc] (at adc_actions.py)
2024-12-05 13:51:10,079 [INFO] Selecting bus hardware ID at index 0. (at adc_actions.py)
2024-12-05 13:51:10,091 [INFO] Selected bus hardware ID: <nanotec_nanolib.Nanolib.BusHardwareId; proxy of <Swig Object of type 'nlc::BusHardwareId *' at 0x000002367B4CB420> > (at adc_actions.py)
2024-12-05 13:51:10,091 [INFO] Configuring ADC motor options... (at adc_actions.py)
2024-12-05 13:51:10,096 [INFO] ADC motor options configured successfully. (at adc_actions.py)
2024-12-05 13:51:10,096 [INFO] Opening bus hardware with protocol... (at adc_actions.py)
2024-12-05 13:51:10,107 [ERROR] Error: openBusHardwareWithProtocol() - Connecting to the EtherCAT network {0B3C66B5-CC23-40D1-997B-E4053F477E82} failed. (at adc_actions.py)
2024-12-05 13:51:53,643 [DEBUG] Initializing adc_actions class. (at adc_actions.py)
2024-12-05 13:51:53,643 [DEBUG] Initializing adc_controller (at adc_actions.py)
2024-12-05 13:51:53,643 [INFO] Starting the process to find devices... (at adc_actions.py)
2024-12-05 13:51:53,644 [INFO] Calling listAvailableBusHardware()... (at adc_actions.py)
2024-12-05 13:51:53,794 [INFO] Number of available bus hardware IDs: 6 (at adc_actions.py)
2024-12-05 13:51:53,795 [INFO] Available Bus Hardware IDs: (at adc_actions.py)
2024-12-05 13:51:53,795 [INFO] ID 0: BusHardwareId(Wi-Fi (Intel(R) Wi-Fi 6E AX211 160MHz)) [bus hardware: Network Adapter, protocol: EtherCAT, hardware specifier: {0B3C66B5-CC23-40D1-997B-E4053F477E82}] (at adc_actions.py)
2024-12-05 13:51:53,795 [INFO] ID 1: BusHardwareId(Serial Port (COM3)) [bus hardware: Serial Port, protocol: MODBUS RTU, hardware specifier: COM3] (at adc_actions.py)
2024-12-05 13:51:53,800 [INFO] ID 2: BusHardwareId(USB Bus) [bus hardware: USB BUS, protocol: MODBUS VCP, hardware specifier: UsbRoot0, extra hardware specifier: UsbBusVcp] (at adc_actions.py)
2024-12-05 13:51:53,801 [INFO] ID 3: BusHardwareId(Wi-Fi (Intel(R) Wi-Fi 6E AX211 160MHz)) [bus hardware: Network Adapter, protocol: MODBUS TCP, hardware specifier: {0B3C66B5-CC23-40D1-997B-E4053F477E82}] (at adc_actions.py)
2024-12-05 13:51:53,802 [INFO] ID 4: BusHardwareId(Wi-Fi (Intel(R) Wi-Fi 6E AX211 160MHz)) [bus hardware: Network Adapter, protocol: RESTful API, hardware specifier: {0B3C66B5-CC23-40D1-997B-E4053F477E82}] (at adc_actions.py)
2024-12-05 13:51:53,803 [INFO] ID 5: BusHardwareId(USB Bus) [bus hardware: USB BUS, protocol: MSC, hardware specifier: UsbRoot0, extra hardware specifier: UsbBusMsc] (at adc_actions.py)
2024-12-05 13:51:53,803 [INFO] Selecting bus hardware ID at index 1. (at adc_actions.py)
2024-12-05 13:51:53,804 [INFO] Selected bus hardware ID: <nanotec_nanolib.Nanolib.BusHardwareId; proxy of <Swig Object of type 'nlc::BusHardwareId *' at 0x0000021362F1BF60> > (at adc_actions.py)
2024-12-05 13:51:53,804 [INFO] Configuring ADC motor options... (at adc_actions.py)
2024-12-05 13:51:53,806 [INFO] ADC motor options configured successfully. (at adc_actions.py)
2024-12-05 13:51:53,807 [INFO] Opening bus hardware with protocol... (at adc_actions.py)
2024-12-05 13:51:54,204 [INFO] Bus hardware opened successfully. (at adc_actions.py)
2024-12-05 13:51:54,206 [INFO] Scanning for devices on the bus... (at adc_actions.py)
2024-12-05 13:52:21,548 [INFO] Number of devices found: 0 (at adc_actions.py)
2024-12-05 13:52:21,550 [INFO] Device IDs found: (at adc_actions.py)
2024-12-05 13:52:21,551 [ERROR] No devices found during scan. (at adc_actions.py)
2024-12-05 13:52:47,684 [DEBUG] Initializing adc_actions class. (at adc_actions.py)
2024-12-05 13:52:47,685 [DEBUG] Initializing adc_controller (at adc_actions.py)
2024-12-05 13:52:47,685 [INFO] Starting the process to find devices... (at adc_actions.py)
2024-12-05 13:52:47,687 [INFO] Calling listAvailableBusHardware()... (at adc_actions.py)
2024-12-05 13:52:47,693 [INFO] Number of available bus hardware IDs: 5 (at adc_actions.py)
2024-12-05 13:52:47,694 [INFO] Available Bus Hardware IDs: (at adc_actions.py)
2024-12-05 13:52:47,695 [INFO] ID 0: BusHardwareId(Wi-Fi (Intel(R) Wi-Fi 6E AX211 160MHz)) [bus hardware: Network Adapter, protocol: EtherCAT, hardware specifier: {0B3C66B5-CC23-40D1-997B-E4053F477E82}] (at adc_actions.py)
2024-12-05 13:52:47,696 [INFO] ID 1: BusHardwareId(USB Bus) [bus hardware: USB BUS, protocol: MODBUS VCP, hardware specifier: UsbRoot0, extra hardware specifier: UsbBusVcp] (at adc_actions.py)
2024-12-05 13:52:47,697 [INFO] ID 2: BusHardwareId(Wi-Fi (Intel(R) Wi-Fi 6E AX211 160MHz)) [bus hardware: Network Adapter, protocol: MODBUS TCP, hardware specifier: {0B3C66B5-CC23-40D1-997B-E4053F477E82}] (at adc_actions.py)
2024-12-05 13:52:47,698 [INFO] ID 3: BusHardwareId(Wi-Fi (Intel(R) Wi-Fi 6E AX211 160MHz)) [bus hardware: Network Adapter, protocol: RESTful API, hardware specifier: {0B3C66B5-CC23-40D1-997B-E4053F477E82}] (at adc_actions.py)
2024-12-05 13:52:47,699 [INFO] ID 4: BusHardwareId(USB Bus) [bus hardware: USB BUS, protocol: MSC, hardware specifier: UsbRoot0, extra hardware specifier: UsbBusMsc] (at adc_actions.py)
2024-12-05 13:52:47,701 [INFO] Selecting bus hardware ID at index 1. (at adc_actions.py)
2024-12-05 13:52:47,703 [INFO] Selected bus hardware ID: <nanotec_nanolib.Nanolib.BusHardwareId; proxy of <Swig Object of type 'nlc::BusHardwareId *' at 0x0000021362F1B7E0> > (at adc_actions.py)
2024-12-05 13:52:47,704 [INFO] Configuring ADC motor options... (at adc_actions.py)
2024-12-05 13:52:47,705 [INFO] ADC motor options configured successfully. (at adc_actions.py)
2024-12-05 13:52:47,706 [INFO] Opening bus hardware with protocol... (at adc_actions.py)
2024-12-05 13:52:47,711 [INFO] Bus hardware opened successfully. (at adc_actions.py)
2024-12-05 13:52:47,712 [INFO] Scanning for devices on the bus... (at adc_actions.py)
2024-12-05 13:52:47,713 [INFO] Number of devices found: 0 (at adc_actions.py)
2024-12-05 13:52:47,714 [INFO] Device IDs found: (at adc_actions.py)
2024-12-05 13:52:47,715 [ERROR] No devices found during scan. (at adc_actions.py)
2024-12-05 13:52:50,980 [DEBUG] Initializing adc_actions class. (at adc_actions.py)
2024-12-05 13:52:50,980 [DEBUG] Initializing adc_controller (at adc_actions.py)
2024-12-05 13:52:50,981 [INFO] Starting the process to find devices... (at adc_actions.py)
2024-12-05 13:52:50,984 [INFO] Calling listAvailableBusHardware()... (at adc_actions.py)
2024-12-05 13:52:50,991 [INFO] Number of available bus hardware IDs: 5 (at adc_actions.py)
2024-12-05 13:52:50,993 [INFO] Available Bus Hardware IDs: (at adc_actions.py)
2024-12-05 13:52:50,994 [INFO] ID 0: BusHardwareId(Wi-Fi (Intel(R) Wi-Fi 6E AX211 160MHz)) [bus hardware: Network Adapter, protocol: EtherCAT, hardware specifier: {0B3C66B5-CC23-40D1-997B-E4053F477E82}] (at adc_actions.py)
2024-12-05 13:52:50,995 [INFO] ID 1: BusHardwareId(USB Bus) [bus hardware: USB BUS, protocol: MODBUS VCP, hardware specifier: UsbRoot0, extra hardware specifier: UsbBusVcp] (at adc_actions.py)
2024-12-05 13:52:50,996 [INFO] ID 2: BusHardwareId(Wi-Fi (Intel(R) Wi-Fi 6E AX211 160MHz)) [bus hardware: Network Adapter, protocol: MODBUS TCP, hardware specifier: {0B3C66B5-CC23-40D1-997B-E4053F477E82}] (at adc_actions.py)
2024-12-05 13:52:50,996 [INFO] ID 3: BusHardwareId(Wi-Fi (Intel(R) Wi-Fi 6E AX211 160MHz)) [bus hardware: Network Adapter, protocol: RESTful API, hardware specifier: {0B3C66B5-CC23-40D1-997B-E4053F477E82}] (at adc_actions.py)
2024-12-05 13:52:50,998 [INFO] ID 4: BusHardwareId(USB Bus) [bus hardware: USB BUS, protocol: MSC, hardware specifier: UsbRoot0, extra hardware specifier: UsbBusMsc] (at adc_actions.py)
2024-12-05 13:52:50,999 [INFO] Selecting bus hardware ID at index 1. (at adc_actions.py)
2024-12-05 13:52:51,000 [INFO] Selected bus hardware ID: <nanotec_nanolib.Nanolib.BusHardwareId; proxy of <Swig Object of type 'nlc::BusHardwareId *' at 0x0000021362C2C810> > (at adc_actions.py)
2024-12-05 13:52:51,001 [INFO] Configuring ADC motor options... (at adc_actions.py)
2024-12-05 13:52:51,001 [INFO] ADC motor options configured successfully. (at adc_actions.py)
2024-12-05 13:52:51,002 [INFO] Opening bus hardware with protocol... (at adc_actions.py)
2024-12-05 13:52:51,002 [INFO] Bus hardware opened successfully. (at adc_actions.py)
2024-12-05 13:52:51,003 [INFO] Scanning for devices on the bus... (at adc_actions.py)
2024-12-05 13:52:51,005 [INFO] Number of devices found: 0 (at adc_actions.py)
2024-12-05 13:52:51,006 [INFO] Device IDs found: (at adc_actions.py)
2024-12-05 13:52:51,007 [ERROR] No devices found during scan. (at adc_actions.py)
2024-12-05 13:52:57,533 [DEBUG] Initializing adc_actions class. (at adc_actions.py)
2024-12-05 13:52:57,534 [DEBUG] Initializing adc_controller (at adc_actions.py)
2024-12-05 13:52:57,534 [INFO] Starting the process to find devices... (at adc_actions.py)
2024-12-05 13:52:57,535 [INFO] Calling listAvailableBusHardware()... (at adc_actions.py)
2024-12-05 13:52:57,671 [INFO] Number of available bus hardware IDs: 6 (at adc_actions.py)
2024-12-05 13:52:57,671 [INFO] Available Bus Hardware IDs: (at adc_actions.py)
2024-12-05 13:52:57,671 [INFO] ID 0: BusHardwareId(Wi-Fi (Intel(R) Wi-Fi 6E AX211 160MHz)) [bus hardware: Network Adapter, protocol: EtherCAT, hardware specifier: {0B3C66B5-CC23-40D1-997B-E4053F477E82}] (at adc_actions.py)
2024-12-05 13:52:57,671 [INFO] ID 1: BusHardwareId(Serial Port (COM3)) [bus hardware: Serial Port, protocol: MODBUS RTU, hardware specifier: COM3] (at adc_actions.py)
2024-12-05 13:52:57,671 [INFO] ID 2: BusHardwareId(USB Bus) [bus hardware: USB BUS, protocol: MODBUS VCP, hardware specifier: UsbRoot0, extra hardware specifier: UsbBusVcp] (at adc_actions.py)
2024-12-05 13:52:57,671 [INFO] ID 3: BusHardwareId(Wi-Fi (Intel(R) Wi-Fi 6E AX211 160MHz)) [bus hardware: Network Adapter, protocol: MODBUS TCP, hardware specifier: {0B3C66B5-CC23-40D1-997B-E4053F477E82}] (at adc_actions.py)
2024-12-05 13:52:57,671 [INFO] ID 4: BusHardwareId(Wi-Fi (Intel(R) Wi-Fi 6E AX211 160MHz)) [bus hardware: Network Adapter, protocol: RESTful API, hardware specifier: {0B3C66B5-CC23-40D1-997B-E4053F477E82}] (at adc_actions.py)
2024-12-05 13:52:57,678 [INFO] ID 5: BusHardwareId(USB Bus) [bus hardware: USB BUS, protocol: MSC, hardware specifier: UsbRoot0, extra hardware specifier: UsbBusMsc] (at adc_actions.py)
2024-12-05 13:52:57,678 [INFO] Selecting bus hardware ID at index 1. (at adc_actions.py)
2024-12-05 13:52:57,678 [INFO] Selected bus hardware ID: <nanotec_nanolib.Nanolib.BusHardwareId; proxy of <Swig Object of type 'nlc::BusHardwareId *' at 0x00000280E7C27810> > (at adc_actions.py)
2024-12-05 13:52:57,678 [INFO] Configuring ADC motor options... (at adc_actions.py)
2024-12-05 13:52:57,684 [INFO] ADC motor options configured successfully. (at adc_actions.py)
2024-12-05 13:52:57,685 [INFO] Opening bus hardware with protocol... (at adc_actions.py)
2024-12-05 13:52:58,111 [INFO] Bus hardware opened successfully. (at adc_actions.py)
2024-12-05 13:52:58,112 [INFO] Scanning for devices on the bus... (at adc_actions.py)
2024-12-05 13:53:25,310 [INFO] Number of devices found: 2 (at adc_actions.py)
2024-12-05 13:53:25,312 [INFO] Device IDs found: (at adc_actions.py)
2024-12-05 13:53:25,313 [INFO] ID 0: <nanotec_nanolib.Nanolib.DeviceId; proxy of <Swig Object of type 'nlc::DeviceId *' at 0x00000280E92F34B0> > (at adc_actions.py)
2024-12-05 13:53:25,314 [INFO] ID 1: <nanotec_nanolib.Nanolib.DeviceId; proxy of <Swig Object of type 'nlc::DeviceId *' at 0x00000280E9270270> > (at adc_actions.py)
2024-12-05 13:53:25,315 [INFO] Adding devices to the system... (at adc_actions.py)
2024-12-05 13:53:25,317 [INFO] Device 1 added successfully with handle: <nanotec_nanolib.Nanolib.DeviceHandle; proxy of <Swig Object of type 'nlc::DeviceHandle *' at 0x00000280E9203360> > (at adc_actions.py)
2024-12-05 13:53:25,319 [INFO] Device 2 added successfully with handle: <nanotec_nanolib.Nanolib.DeviceHandle; proxy of <Swig Object of type 'nlc::DeviceHandle *' at 0x00000280E923B660> > (at adc_actions.py)
2024-12-05 13:53:25,320 [INFO] Initializing device connection statuses... (at adc_actions.py)
2024-12-05 13:53:25,321 [INFO] Device connection statuses initialized. Process completed successfully. (at adc_actions.py)
2024-12-05 13:54:35,616 [INFO] Retrieving status for motor 0. (at adc_actions.py)
2024-12-05 13:54:35,617 [ERROR] Error in status: 'adc_controller' object has no attribute 'DeviceState' (at adc_actions.py)
2024-12-05 13:58:04,384 [DEBUG] Initializing adc_actions class. (at adc_actions.py)
2024-12-05 13:58:04,384 [DEBUG] Initializing adc_controller (at adc_actions.py)
2024-12-05 13:58:04,384 [INFO] Starting the process to find devices... (at adc_actions.py)
2024-12-05 13:58:04,385 [INFO] Calling listAvailableBusHardware()... (at adc_actions.py)
2024-12-05 13:58:04,531 [INFO] Number of available bus hardware IDs: 6 (at adc_actions.py)
2024-12-05 13:58:04,531 [INFO] Available Bus Hardware IDs: (at adc_actions.py)
2024-12-05 13:58:04,535 [INFO] ID 0: BusHardwareId(Wi-Fi (Intel(R) Wi-Fi 6E AX211 160MHz)) [bus hardware: Network Adapter, protocol: EtherCAT, hardware specifier: {0B3C66B5-CC23-40D1-997B-E4053F477E82}] (at adc_actions.py)
2024-12-05 13:58:04,535 [INFO] ID 1: BusHardwareId(Serial Port (COM3)) [bus hardware: Serial Port, protocol: MODBUS RTU, hardware specifier: COM3] (at adc_actions.py)
2024-12-05 13:58:04,535 [INFO] ID 2: BusHardwareId(USB Bus) [bus hardware: USB BUS, protocol: MODBUS VCP, hardware specifier: UsbRoot0, extra hardware specifier: UsbBusVcp] (at adc_actions.py)
2024-12-05 13:58:04,535 [INFO] ID 3: BusHardwareId(Wi-Fi (Intel(R) Wi-Fi 6E AX211 160MHz)) [bus hardware: Network Adapter, protocol: MODBUS TCP, hardware specifier: {0B3C66B5-CC23-40D1-997B-E4053F477E82}] (at adc_actions.py)
2024-12-05 13:58:04,535 [INFO] ID 4: BusHardwareId(Wi-Fi (Intel(R) Wi-Fi 6E AX211 160MHz)) [bus hardware: Network Adapter, protocol: RESTful API, hardware specifier: {0B3C66B5-CC23-40D1-997B-E4053F477E82}] (at adc_actions.py)
2024-12-05 13:58:04,535 [INFO] ID 5: BusHardwareId(USB Bus) [bus hardware: USB BUS, protocol: MSC, hardware specifier: UsbRoot0, extra hardware specifier: UsbBusMsc] (at adc_actions.py)
2024-12-05 13:58:04,541 [INFO] Selecting bus hardware ID at index 1. (at adc_actions.py)
2024-12-05 13:58:04,544 [INFO] Selected bus hardware ID: <nanotec_nanolib.Nanolib.BusHardwareId; proxy of <Swig Object of type 'nlc::BusHardwareId *' at 0x000002435F4EB420> > (at adc_actions.py)
2024-12-05 13:58:04,545 [INFO] Configuring ADC motor options... (at adc_actions.py)
2024-12-05 13:58:04,546 [INFO] ADC motor options configured successfully. (at adc_actions.py)
2024-12-05 13:58:04,546 [INFO] Opening bus hardware with protocol... (at adc_actions.py)
2024-12-05 13:58:04,953 [INFO] Bus hardware opened successfully. (at adc_actions.py)
2024-12-05 13:58:04,954 [INFO] Scanning for devices on the bus... (at adc_actions.py)
2024-12-05 13:58:32,271 [INFO] Number of devices found: 2 (at adc_actions.py)
2024-12-05 13:58:32,272 [INFO] Device IDs found: (at adc_actions.py)
2024-12-05 13:58:32,273 [INFO] ID 0: <nanotec_nanolib.Nanolib.DeviceId; proxy of <Swig Object of type 'nlc::DeviceId *' at 0x000002435F5939F0> > (at adc_actions.py)
2024-12-05 13:58:32,275 [INFO] ID 1: <nanotec_nanolib.Nanolib.DeviceId; proxy of <Swig Object of type 'nlc::DeviceId *' at 0x000002435F593270> > (at adc_actions.py)
2024-12-05 13:58:32,276 [INFO] Adding devices to the system... (at adc_actions.py)
2024-12-05 13:58:32,277 [INFO] Device 1 added successfully with handle: <nanotec_nanolib.Nanolib.DeviceHandle; proxy of <Swig Object of type 'nlc::DeviceHandle *' at 0x000002435F4EB660> > (at adc_actions.py)
2024-12-05 13:58:32,278 [INFO] Device 2 added successfully with handle: <nanotec_nanolib.Nanolib.DeviceHandle; proxy of <Swig Object of type 'nlc::DeviceHandle *' at 0x000002435F4EB840> > (at adc_actions.py)
2024-12-05 13:58:32,279 [INFO] Initializing device connection statuses... (at adc_actions.py)
2024-12-05 13:58:32,280 [INFO] Device connection statuses initialized. Process completed successfully. (at adc_actions.py)
2024-12-05 13:58:42,459 [INFO] Retrieving status for motor 0. (at adc_actions.py)
2024-12-05 13:58:42,460 [DEBUG] Checking device and connection states, including Modbus RTU network status (at adc_actions.py)
2024-12-05 13:58:42,461 [ERROR] Error in status: adc_logger.info() takes 2 positional arguments but 3 were given (at adc_actions.py)
2024-12-05 14:02:03,384 [DEBUG] Initializing adc_actions class. (at adc_actions.py)
2024-12-05 14:02:03,384 [DEBUG] Initializing adc_controller (at adc_actions.py)
2024-12-05 14:02:03,384 [INFO] Starting the process to find devices... (at adc_actions.py)
2024-12-05 14:02:03,384 [INFO] Calling listAvailableBusHardware()... (at adc_actions.py)
2024-12-05 14:02:03,518 [INFO] Number of available bus hardware IDs: 6 (at adc_actions.py)
2024-12-05 14:02:03,518 [INFO] Available Bus Hardware IDs: (at adc_actions.py)
2024-12-05 14:02:03,518 [INFO] ID 0: BusHardwareId(Wi-Fi (Intel(R) Wi-Fi 6E AX211 160MHz)) [bus hardware: Network Adapter, protocol: EtherCAT, hardware specifier: {0B3C66B5-CC23-40D1-997B-E4053F477E82}] (at adc_actions.py)
2024-12-05 14:02:03,518 [INFO] ID 1: BusHardwareId(Serial Port (COM3)) [bus hardware: Serial Port, protocol: MODBUS RTU, hardware specifier: COM3] (at adc_actions.py)
2024-12-05 14:02:03,518 [INFO] ID 2: BusHardwareId(USB Bus) [bus hardware: USB BUS, protocol: MODBUS VCP, hardware specifier: UsbRoot0, extra hardware specifier: UsbBusVcp] (at adc_actions.py)
2024-12-05 14:02:03,524 [INFO] ID 3: BusHardwareId(Wi-Fi (Intel(R) Wi-Fi 6E AX211 160MHz)) [bus hardware: Network Adapter, protocol: MODBUS TCP, hardware specifier: {0B3C66B5-CC23-40D1-997B-E4053F477E82}] (at adc_actions.py)
2024-12-05 14:02:03,525 [INFO] ID 4: BusHardwareId(Wi-Fi (Intel(R) Wi-Fi 6E AX211 160MHz)) [bus hardware: Network Adapter, protocol: RESTful API, hardware specifier: {0B3C66B5-CC23-40D1-997B-E4053F477E82}] (at adc_actions.py)
2024-12-05 14:02:03,525 [INFO] ID 5: BusHardwareId(USB Bus) [bus hardware: USB BUS, protocol: MSC, hardware specifier: UsbRoot0, extra hardware specifier: UsbBusMsc] (at adc_actions.py)
2024-12-05 14:02:03,526 [INFO] Selecting bus hardware ID at index 1. (at adc_actions.py)
2024-12-05 14:02:03,528 [INFO] Selected bus hardware ID: <nanotec_nanolib.Nanolib.BusHardwareId; proxy of <Swig Object of type 'nlc::BusHardwareId *' at 0x000001DB03BB6BE0> > (at adc_actions.py)
2024-12-05 14:02:03,528 [INFO] Configuring ADC motor options... (at adc_actions.py)
2024-12-05 14:02:03,532 [INFO] ADC motor options configured successfully. (at adc_actions.py)
2024-12-05 14:02:03,532 [INFO] Opening bus hardware with protocol... (at adc_actions.py)
2024-12-05 14:02:03,944 [INFO] Bus hardware opened successfully. (at adc_actions.py)
2024-12-05 14:02:03,945 [INFO] Scanning for devices on the bus... (at adc_actions.py)
2024-12-05 14:02:31,146 [INFO] Number of devices found: 2 (at adc_actions.py)
2024-12-05 14:02:31,147 [INFO] Device IDs found: (at adc_actions.py)
2024-12-05 14:02:31,149 [INFO] ID 0: <nanotec_nanolib.Nanolib.DeviceId; proxy of <Swig Object of type 'nlc::DeviceId *' at 0x000001DB0521F630> > (at adc_actions.py)
2024-12-05 14:02:31,150 [INFO] ID 1: <nanotec_nanolib.Nanolib.DeviceId; proxy of <Swig Object of type 'nlc::DeviceId *' at 0x000001DB0521F630> > (at adc_actions.py)
2024-12-05 14:02:31,150 [INFO] Adding devices to the system... (at adc_actions.py)
2024-12-05 14:02:31,152 [INFO] Device 1 added successfully with handle: <nanotec_nanolib.Nanolib.DeviceHandle; proxy of <Swig Object of type 'nlc::DeviceHandle *' at 0x000001DB05148060> > (at adc_actions.py)
2024-12-05 14:02:31,153 [INFO] Device 2 added successfully with handle: <nanotec_nanolib.Nanolib.DeviceHandle; proxy of <Swig Object of type 'nlc::DeviceHandle *' at 0x000001DB0521F630> > (at adc_actions.py)
2024-12-05 14:02:31,154 [INFO] Initializing device connection statuses... (at adc_actions.py)
2024-12-05 14:02:31,155 [INFO] Device connection statuses initialized. Process completed successfully. (at adc_actions.py)
2024-12-05 14:02:38,604 [INFO] Retrieving status for motor 0. (at adc_actions.py)
2024-12-05 14:02:38,606 [DEBUG] Checking device and connection states, including Modbus RTU network status (at adc_actions.py)
2024-12-05 14:02:38,606 [INFO] Device states: {'motor1': {'connection_state': False}, 'motor2': {'connection_state': False}} (at adc_actions.py)
2024-12-05 14:02:38,607 [INFO] Motor 0 status: {'motor1': {'connection_state': False}, 'motor2': {'connection_state': False}} (at adc_actions.py)
2024-12-05 14:07:17,103 [INFO] Retrieving status for motor 0. (at adc_actions.py)
2024-12-05 14:07:17,105 [DEBUG] Checking device and connection states, including Modbus RTU network status (at adc_actions.py)
2024-12-05 14:07:17,105 [INFO] Device states: {'motor1': {'connection_state': False}, 'motor2': {'connection_state': False}} (at adc_actions.py)
2024-12-05 14:07:17,106 [INFO] Motor 0 status: {'motor1': {'connection_state': False}, 'motor2': {'connection_state': False}} (at adc_actions.py)
2024-12-05 14:07:24,391 [INFO] Powering off and disconnecting from devices. (at adc_actions.py)
2024-12-05 14:07:24,392 [DEBUG] Disconnecting devices (at adc_actions.py)
2024-12-05 14:07:24,392 [INFO] Device 1 was not connected. (at adc_actions.py)
2024-12-05 14:07:24,392 [INFO] Device 2 was not connected. (at adc_actions.py)
2024-12-05 14:07:24,394 [DEBUG] close all (at adc_actions.py)
2024-12-05 14:07:24,498 [INFO] Power off successful. (at adc_actions.py)
2024-12-05 14:07:36,433 [DEBUG] Initializing adc_actions class. (at adc_actions.py)
2024-12-05 14:07:36,433 [DEBUG] Initializing adc_controller (at adc_actions.py)
2024-12-05 14:07:36,433 [INFO] Starting the process to find devices... (at adc_actions.py)
2024-12-05 14:07:36,433 [INFO] Calling listAvailableBusHardware()... (at adc_actions.py)
2024-12-05 14:07:36,608 [INFO] Number of available bus hardware IDs: 6 (at adc_actions.py)
2024-12-05 14:07:36,608 [INFO] Available Bus Hardware IDs: (at adc_actions.py)
2024-12-05 14:07:36,608 [INFO] ID 0: BusHardwareId(Wi-Fi (Intel(R) Wi-Fi 6E AX211 160MHz)) [bus hardware: Network Adapter, protocol: EtherCAT, hardware specifier: {0B3C66B5-CC23-40D1-997B-E4053F477E82}] (at adc_actions.py)
2024-12-05 14:07:36,608 [INFO] ID 1: BusHardwareId(Serial Port (COM3)) [bus hardware: Serial Port, protocol: MODBUS RTU, hardware specifier: COM3] (at adc_actions.py)
2024-12-05 14:07:36,608 [INFO] ID 2: BusHardwareId(USB Bus) [bus hardware: USB BUS, protocol: MODBUS VCP, hardware specifier: UsbRoot0, extra hardware specifier: UsbBusVcp] (at adc_actions.py)
2024-12-05 14:07:36,608 [INFO] ID 3: BusHardwareId(Wi-Fi (Intel(R) Wi-Fi 6E AX211 160MHz)) [bus hardware: Network Adapter, protocol: MODBUS TCP, hardware specifier: {0B3C66B5-CC23-40D1-997B-E4053F477E82}] (at adc_actions.py)
2024-12-05 14:07:36,608 [INFO] ID 4: BusHardwareId(Wi-Fi (Intel(R) Wi-Fi 6E AX211 160MHz)) [bus hardware: Network Adapter, protocol: RESTful API, hardware specifier: {0B3C66B5-CC23-40D1-997B-E4053F477E82}] (at adc_actions.py)
2024-12-05 14:07:36,608 [INFO] ID 5: BusHardwareId(USB Bus) [bus hardware: USB BUS, protocol: MSC, hardware specifier: UsbRoot0, extra hardware specifier: UsbBusMsc] (at adc_actions.py)
2024-12-05 14:07:36,608 [INFO] Selecting bus hardware ID at index 1. (at adc_actions.py)
2024-12-05 14:07:36,608 [INFO] Selected bus hardware ID: <nanotec_nanolib.Nanolib.BusHardwareId; proxy of <Swig Object of type 'nlc::BusHardwareId *' at 0x00000261E07F8090> > (at adc_actions.py)
2024-12-05 14:07:36,608 [INFO] Configuring ADC motor options... (at adc_actions.py)
2024-12-05 14:07:36,608 [INFO] ADC motor options configured successfully. (at adc_actions.py)
2024-12-05 14:07:36,624 [INFO] Opening bus hardware with protocol... (at adc_actions.py)
2024-12-05 14:07:37,025 [INFO] Bus hardware opened successfully. (at adc_actions.py)
2024-12-05 14:07:37,026 [INFO] Scanning for devices on the bus... (at adc_actions.py)
2024-12-05 14:08:04,331 [INFO] Number of devices found: 2 (at adc_actions.py)
2024-12-05 14:08:04,332 [INFO] Device IDs found: (at adc_actions.py)
2024-12-05 14:08:04,333 [INFO] ID 0: <nanotec_nanolib.Nanolib.DeviceId; proxy of <Swig Object of type 'nlc::DeviceId *' at 0x00000261E07FB990> > (at adc_actions.py)
2024-12-05 14:08:04,334 [INFO] ID 1: <nanotec_nanolib.Nanolib.DeviceId; proxy of <Swig Object of type 'nlc::DeviceId *' at 0x00000261E07FB180> > (at adc_actions.py)
2024-12-05 14:08:04,335 [INFO] Adding devices to the system... (at adc_actions.py)
2024-12-05 14:08:04,337 [INFO] Device 1 added successfully with handle: <nanotec_nanolib.Nanolib.DeviceHandle; proxy of <Swig Object of type 'nlc::DeviceHandle *' at 0x00000261E07C3840> > (at adc_actions.py)
2024-12-05 14:08:04,338 [INFO] Device 2 added successfully with handle: <nanotec_nanolib.Nanolib.DeviceHandle; proxy of <Swig Object of type 'nlc::DeviceHandle *' at 0x00000261E07FB5D0> > (at adc_actions.py)
2024-12-05 14:08:04,339 [INFO] Initializing device connection statuses... (at adc_actions.py)
2024-12-05 14:08:04,339 [INFO] Device connection statuses initialized. Process completed successfully. (at adc_actions.py)
2024-12-05 14:08:04,349 [INFO] Retrieving status for motor 0. (at adc_actions.py)
2024-12-05 14:08:04,350 [DEBUG] Checking device and connection states, including Modbus RTU network status (at adc_actions.py)
2024-12-05 14:08:04,350 [INFO] Device states: {'motor1': {'connection_state': False}, 'motor2': {'connection_state': False}} (at adc_actions.py)
2024-12-05 14:08:04,351 [INFO] Motor 0 status: {'motor1': {'connection_state': False}, 'motor2': {'connection_state': False}} (at adc_actions.py)
2024-12-05 14:08:17,028 [INFO] Retrieving status for motor 0. (at adc_actions.py)
2024-12-05 14:08:17,030 [DEBUG] Checking device and connection states, including Modbus RTU network status (at adc_actions.py)
2024-12-05 14:08:17,030 [INFO] Device states: {'motor1': {'connection_state': False}, 'motor2': {'connection_state': False}} (at adc_actions.py)
2024-12-05 14:08:17,031 [INFO] Motor 0 status: {'motor1': {'connection_state': False}, 'motor2': {'connection_state': False}} (at adc_actions.py)
2024-12-05 14:09:57,620 [INFO] Activating motors. (at adc_actions.py)
2024-12-05 14:09:57,622 [DEBUG] Connecting devices (at adc_actions.py)
2024-12-05 14:09:57,796 [INFO] Device 1 connected successfully. (at adc_actions.py)
2024-12-05 14:09:57,972 [INFO] Device 2 connected successfully. (at adc_actions.py)
2024-12-05 14:10:22,456 [INFO] Powering off and disconnecting from devices. (at adc_actions.py)
2024-12-05 14:10:22,459 [DEBUG] Disconnecting devices (at adc_actions.py)
2024-12-05 14:10:22,459 [INFO] Device 1 disconnected successfully. (at adc_actions.py)
2024-12-05 14:10:22,460 [INFO] Device 2 disconnected successfully. (at adc_actions.py)
2024-12-05 14:10:22,461 [DEBUG] close all (at adc_actions.py)
2024-12-05 14:10:22,571 [INFO] Power off successful. (at adc_actions.py)
2024-12-05 14:10:32,610 [DEBUG] Initializing adc_actions class. (at adc_actions.py)
2024-12-05 14:10:32,610 [DEBUG] Initializing adc_controller (at adc_actions.py)
2024-12-05 14:10:32,610 [INFO] Starting the process to find devices... (at adc_actions.py)
2024-12-05 14:10:32,610 [INFO] Calling listAvailableBusHardware()... (at adc_actions.py)
2024-12-05 14:10:32,754 [INFO] Number of available bus hardware IDs: 6 (at adc_actions.py)
2024-12-05 14:10:32,754 [INFO] Available Bus Hardware IDs: (at adc_actions.py)
2024-12-05 14:10:32,754 [INFO] ID 0: BusHardwareId(Wi-Fi (Intel(R) Wi-Fi 6E AX211 160MHz)) [bus hardware: Network Adapter, protocol: EtherCAT, hardware specifier: {0B3C66B5-CC23-40D1-997B-E4053F477E82}] (at adc_actions.py)
2024-12-05 14:10:32,754 [INFO] ID 1: BusHardwareId(Serial Port (COM3)) [bus hardware: Serial Port, protocol: MODBUS RTU, hardware specifier: COM3] (at adc_actions.py)
2024-12-05 14:10:32,754 [INFO] ID 2: BusHardwareId(USB Bus) [bus hardware: USB BUS, protocol: MODBUS VCP, hardware specifier: UsbRoot0, extra hardware specifier: UsbBusVcp] (at adc_actions.py)
2024-12-05 14:10:32,770 [INFO] ID 3: BusHardwareId(Wi-Fi (Intel(R) Wi-Fi 6E AX211 160MHz)) [bus hardware: Network Adapter, protocol: MODBUS TCP, hardware specifier: {0B3C66B5-CC23-40D1-997B-E4053F477E82}] (at adc_actions.py)
2024-12-05 14:10:32,770 [INFO] ID 4: BusHardwareId(Wi-Fi (Intel(R) Wi-Fi 6E AX211 160MHz)) [bus hardware: Network Adapter, protocol: RESTful API, hardware specifier: {0B3C66B5-CC23-40D1-997B-E4053F477E82}] (at adc_actions.py)
2024-12-05 14:10:32,770 [INFO] ID 5: BusHardwareId(USB Bus) [bus hardware: USB BUS, protocol: MSC, hardware specifier: UsbRoot0, extra hardware specifier: UsbBusMsc] (at adc_actions.py)
2024-12-05 14:10:32,770 [INFO] Selecting bus hardware ID at index 1. (at adc_actions.py)
2024-12-05 14:10:32,778 [INFO] Selected bus hardware ID: <nanotec_nanolib.Nanolib.BusHardwareId; proxy of <Swig Object of type 'nlc::BusHardwareId *' at 0x000002472B7AF270> > (at adc_actions.py)
2024-12-05 14:10:32,780 [INFO] Configuring ADC motor options... (at adc_actions.py)
2024-12-05 14:10:32,781 [INFO] ADC motor options configured successfully. (at adc_actions.py)
2024-12-05 14:10:32,782 [INFO] Opening bus hardware with protocol... (at adc_actions.py)
2024-12-05 14:10:33,197 [INFO] Bus hardware opened successfully. (at adc_actions.py)
2024-12-05 14:10:33,198 [INFO] Scanning for devices on the bus... (at adc_actions.py)
2024-12-05 14:11:00,489 [INFO] Number of devices found: 2 (at adc_actions.py)
2024-12-05 14:11:00,490 [INFO] Device IDs found: (at adc_actions.py)
2024-12-05 14:11:00,491 [INFO] ID 0: <nanotec_nanolib.Nanolib.DeviceId; proxy of <Swig Object of type 'nlc::DeviceId *' at 0x000002472B76CE70> > (at adc_actions.py)
2024-12-05 14:11:00,492 [INFO] ID 1: <nanotec_nanolib.Nanolib.DeviceId; proxy of <Swig Object of type 'nlc::DeviceId *' at 0x000002472B76C7B0> > (at adc_actions.py)
2024-12-05 14:11:00,493 [INFO] Adding devices to the system... (at adc_actions.py)
2024-12-05 14:11:00,494 [INFO] Device 1 added successfully with handle: <nanotec_nanolib.Nanolib.DeviceHandle; proxy of <Swig Object of type 'nlc::DeviceHandle *' at 0x000002472B35C360> > (at adc_actions.py)
2024-12-05 14:11:00,495 [INFO] Device 2 added successfully with handle: <nanotec_nanolib.Nanolib.DeviceHandle; proxy of <Swig Object of type 'nlc::DeviceHandle *' at 0x000002472B76D500> > (at adc_actions.py)
2024-12-05 14:11:00,496 [INFO] Initializing device connection statuses... (at adc_actions.py)
2024-12-05 14:11:00,496 [INFO] Device connection statuses initialized. Process completed successfully. (at adc_actions.py)
2024-12-05 14:11:00,505 [INFO] Retrieving status for motor 0. (at adc_actions.py)
2024-12-05 14:11:00,506 [DEBUG] Checking device and connection states, including Modbus RTU network status (at adc_actions.py)
2024-12-05 14:11:00,507 [INFO] Device states: {'motor1': {'connection_state': False}, 'motor2': {'connection_state': False}} (at adc_actions.py)
2024-12-05 14:11:00,508 [INFO] Motor 0 status: {'motor1': {'connection_state': False}, 'motor2': {'connection_state': False}} (at adc_actions.py)
2024-12-05 14:11:00,522 [INFO] Activating motors. (at adc_actions.py)
2024-12-05 14:11:00,524 [DEBUG] Connecting devices (at adc_actions.py)
2024-12-05 14:11:00,698 [INFO] Device 1 connected successfully. (at adc_actions.py)
2024-12-05 14:11:00,874 [INFO] Device 2 connected successfully. (at adc_actions.py)
2024-12-05 14:11:00,875 [DEBUG] Checking device and connection states, including Modbus RTU network status (at adc_actions.py)
2024-12-05 14:11:00,906 [INFO] Device states: {'motor1': {'connection_state': True}, 'motor2': {'connection_state': True}} (at adc_actions.py)
2024-12-05 14:11:00,907 [INFO] Motor status: {'motor1': {'connection_state': True}, 'motor2': {'connection_state': True}} (at adc_actions.py)
2024-12-05 14:11:00,910 [DEBUG] Moving Motor 1 to position 4050 with velocity 5 (at adc_actions.py)
2024-12-05 14:11:00,911 [DEBUG] Moving Motor 2 to position 4050 with velocity 5 (at adc_actions.py)
2024-12-05 14:11:00,986 [INFO] Modes of operation display: 1 (at adc_actions.py)
2024-12-05 14:11:01,002 [INFO] Modes of operation display: 1 (at adc_actions.py)
2024-12-05 14:11:01,017 [INFO] <nanotec_nanolib.Nanolib.ResultVoid; proxy of <Swig Object of type 'nlc::ResultVoid *' at 0x000002472B76E460> > (at adc_actions.py)
2024-12-05 14:11:01,034 [INFO] <nanotec_nanolib.Nanolib.ResultVoid; proxy of <Swig Object of type 'nlc::ResultVoid *' at 0x000002472B7AF840> > (at adc_actions.py)
2024-12-05 14:11:01,082 [INFO] <nanotec_nanolib.Nanolib.ResultVoid; proxy of <Swig Object of type 'nlc::ResultVoid *' at 0x000002472B76D3B0> > (at adc_actions.py)
2024-12-05 14:11:01,098 [INFO] <nanotec_nanolib.Nanolib.ResultVoid; proxy of <Swig Object of type 'nlc::ResultVoid *' at 0x000002472B76E820> > (at adc_actions.py)
2024-12-05 14:11:01,114 [INFO] <nanotec_nanolib.Nanolib.ResultVoid; proxy of <Swig Object of type 'nlc::ResultVoid *' at 0x000002472B76E940> > (at adc_actions.py)
2024-12-05 14:11:01,130 [INFO] <nanotec_nanolib.Nanolib.ResultVoid; proxy of <Swig Object of type 'nlc::ResultVoid *' at 0x000002472B76EA30> > (at adc_actions.py)
2024-12-05 14:11:01,146 [INFO] <nanotec_nanolib.Nanolib.ResultVoid; proxy of <Swig Object of type 'nlc::ResultVoid *' at 0x000002472B76E820> > (at adc_actions.py)
2024-12-05 14:11:01,162 [INFO] <nanotec_nanolib.Nanolib.ResultVoid; proxy of <Swig Object of type 'nlc::ResultVoid *' at 0x000002472B76EC40> > (at adc_actions.py)
2024-12-05 14:11:01,178 [INFO] <nanotec_nanolib.Nanolib.ResultVoid; proxy of <Swig Object of type 'nlc::ResultVoid *' at 0x000002472B76ECA0> > (at adc_actions.py)
2024-12-05 14:11:01,194 [INFO] <nanotec_nanolib.Nanolib.ResultVoid; proxy of <Swig Object of type 'nlc::ResultVoid *' at 0x000002472B7AEC70> > (at adc_actions.py)
2024-12-05 14:11:01,209 [INFO] <nanotec_nanolib.Nanolib.ResultVoid; proxy of <Swig Object of type 'nlc::ResultVoid *' at 0x000002472B76EC10> > (at adc_actions.py)
2024-12-05 14:11:01,226 [INFO] <nanotec_nanolib.Nanolib.ResultVoid; proxy of <Swig Object of type 'nlc::ResultVoid *' at 0x000002472A1069A0> > (at adc_actions.py)
2024-12-05 14:11:01,242 [DEBUG] Motor 1 status_word = 4663 (at adc_actions.py)
2024-12-05 14:11:01,257 [DEBUG] Motor 2 status_word = 1587 (at adc_actions.py)
2024-12-05 14:11:06,260 [DEBUG] Motor 1 status_word = 4663 (at adc_actions.py)
2024-12-05 14:11:06,275 [DEBUG] Motor 2 status_word = 37431 (at adc_actions.py)
2024-12-05 14:11:11,278 [DEBUG] Motor 1 status_word = 4663 (at adc_actions.py)
2024-12-05 14:11:11,293 [DEBUG] Motor 2 status_word = 37431 (at adc_actions.py)
2024-12-05 14:11:16,296 [DEBUG] Motor 1 status_word = 5687 (at adc_actions.py)
2024-12-05 14:11:16,296 [INFO] Motor 1 reached target position. (at adc_actions.py)
2024-12-05 14:11:16,311 [DEBUG] Motor 2 status_word = 38455 (at adc_actions.py)
2024-12-05 14:11:16,312 [INFO] Motor 2 reached target position. (at adc_actions.py)
2024-12-05 14:11:16,328 [INFO] Total execution time for move_motor (Motor 1): 15.42 seconds (at adc_actions.py)
2024-12-05 14:11:16,329 [INFO] {'initial_position': 0, 'final_position': 4050, 'position_change': 4050, 'execution_time': 15.416018724441528} (at adc_actions.py)
2024-12-05 14:11:16,343 [INFO] Total execution time for move_motor (Motor 2): 15.43 seconds (at adc_actions.py)
2024-12-05 14:11:16,345 [INFO] {'initial_position': 0, 'final_position': 4049, 'position_change': 4049, 'execution_time': 15.432199001312256} (at adc_actions.py)
2024-12-05 14:11:16,347 [INFO] Motors activated successfully. (at adc_actions.py)
2024-12-05 14:11:16,357 [INFO] Retrieving status for motor 0. (at adc_actions.py)
2024-12-05 14:11:16,358 [DEBUG] Checking device and connection states, including Modbus RTU network status (at adc_actions.py)
2024-12-05 14:11:16,391 [INFO] Device states: {'motor1': {'connection_state': True}, 'motor2': {'connection_state': True}} (at adc_actions.py)
2024-12-05 14:11:16,392 [INFO] Motor 0 status: {'motor1': {'connection_state': True}, 'motor2': {'connection_state': True}} (at adc_actions.py)
2024-12-05 14:11:16,401 [INFO] Powering off and disconnecting from devices. (at adc_actions.py)
2024-12-05 14:11:16,403 [DEBUG] Disconnecting devices (at adc_actions.py)
2024-12-05 14:11:16,403 [INFO] Device 1 disconnected successfully. (at adc_actions.py)
2024-12-05 14:11:16,404 [INFO] Device 2 disconnected successfully. (at adc_actions.py)
2024-12-05 14:11:16,404 [DEBUG] close all (at adc_actions.py)
2024-12-05 14:11:16,507 [INFO] Power off successful. (at adc_actions.py)
2024-12-05 14:11:53,567 [DEBUG] Initializing adc_actions class. (at adc_actions.py)
2024-12-05 14:11:53,567 [DEBUG] Initializing adc_controller (at adc_actions.py)
2024-12-05 14:11:53,567 [INFO] Starting the process to find devices... (at adc_actions.py)
2024-12-05 14:11:53,567 [INFO] Calling listAvailableBusHardware()... (at adc_actions.py)
2024-12-05 14:11:53,712 [INFO] Number of available bus hardware IDs: 6 (at adc_actions.py)
2024-12-05 14:11:53,712 [INFO] Available Bus Hardware IDs: (at adc_actions.py)
2024-12-05 14:11:53,712 [INFO] ID 0: BusHardwareId(Wi-Fi (Intel(R) Wi-Fi 6E AX211 160MHz)) [bus hardware: Network Adapter, protocol: EtherCAT, hardware specifier: {0B3C66B5-CC23-40D1-997B-E4053F477E82}] (at adc_actions.py)
2024-12-05 14:11:53,712 [INFO] ID 1: BusHardwareId(Serial Port (COM3)) [bus hardware: Serial Port, protocol: MODBUS RTU, hardware specifier: COM3] (at adc_actions.py)
2024-12-05 14:11:53,712 [INFO] ID 2: BusHardwareId(USB Bus) [bus hardware: USB BUS, protocol: MODBUS VCP, hardware specifier: UsbRoot0, extra hardware specifier: UsbBusVcp] (at adc_actions.py)
2024-12-05 14:11:53,712 [INFO] ID 3: BusHardwareId(Wi-Fi (Intel(R) Wi-Fi 6E AX211 160MHz)) [bus hardware: Network Adapter, protocol: MODBUS TCP, hardware specifier: {0B3C66B5-CC23-40D1-997B-E4053F477E82}] (at adc_actions.py)
2024-12-05 14:11:53,718 [INFO] ID 4: BusHardwareId(Wi-Fi (Intel(R) Wi-Fi 6E AX211 160MHz)) [bus hardware: Network Adapter, protocol: RESTful API, hardware specifier: {0B3C66B5-CC23-40D1-997B-E4053F477E82}] (at adc_actions.py)
2024-12-05 14:11:53,719 [INFO] ID 5: BusHardwareId(USB Bus) [bus hardware: USB BUS, protocol: MSC, hardware specifier: UsbRoot0, extra hardware specifier: UsbBusMsc] (at adc_actions.py)
2024-12-05 14:11:53,719 [INFO] Selecting bus hardware ID at index 1. (at adc_actions.py)
2024-12-05 14:11:53,719 [INFO] Selected bus hardware ID: <nanotec_nanolib.Nanolib.BusHardwareId; proxy of <Swig Object of type 'nlc::BusHardwareId *' at 0x000001DA3087BFC0> > (at adc_actions.py)
2024-12-05 14:11:53,719 [INFO] Configuring ADC motor options... (at adc_actions.py)
2024-12-05 14:11:53,719 [INFO] ADC motor options configured successfully. (at adc_actions.py)
2024-12-05 14:11:53,719 [INFO] Opening bus hardware with protocol... (at adc_actions.py)
2024-12-05 14:11:54,134 [INFO] Bus hardware opened successfully. (at adc_actions.py)
2024-12-05 14:11:54,135 [INFO] Scanning for devices on the bus... (at adc_actions.py)
2024-12-05 14:12:21,508 [INFO] Number of devices found: 2 (at adc_actions.py)
2024-12-05 14:12:21,509 [INFO] Device IDs found: (at adc_actions.py)
2024-12-05 14:12:21,511 [INFO] ID 0: <nanotec_nanolib.Nanolib.DeviceId; proxy of <Swig Object of type 'nlc::DeviceId *' at 0x000001DA3091F1E0> > (at adc_actions.py)
2024-12-05 14:12:21,512 [INFO] ID 1: <nanotec_nanolib.Nanolib.DeviceId; proxy of <Swig Object of type 'nlc::DeviceId *' at 0x000001DA3091FB40> > (at adc_actions.py)
2024-12-05 14:12:21,513 [INFO] Adding devices to the system... (at adc_actions.py)
2024-12-05 14:12:21,514 [INFO] Device 1 added successfully with handle: <nanotec_nanolib.Nanolib.DeviceHandle; proxy of <Swig Object of type 'nlc::DeviceHandle *' at 0x000001DA3091FA20> > (at adc_actions.py)
2024-12-05 14:12:21,515 [INFO] Device 2 added successfully with handle: <nanotec_nanolib.Nanolib.DeviceHandle; proxy of <Swig Object of type 'nlc::DeviceHandle *' at 0x000001DA3091E0D0> > (at adc_actions.py)
2024-12-05 14:12:21,516 [INFO] Initializing device connection statuses... (at adc_actions.py)
2024-12-05 14:12:21,517 [INFO] Device connection statuses initialized. Process completed successfully. (at adc_actions.py)
2024-12-05 14:12:30,338 [INFO] Retrieving status for motor 0. (at adc_actions.py)
2024-12-05 14:12:30,339 [DEBUG] Checking device and connection states, including Modbus RTU network status (at adc_actions.py)
2024-12-05 14:12:30,340 [INFO] Device states: {'motor1': {'connection_state': False}, 'motor2': {'connection_state': False}} (at adc_actions.py)
2024-12-05 14:12:30,341 [INFO] Motor 0 status: {'motor1': {'connection_state': False}, 'motor2': {'connection_state': False}} (at adc_actions.py)
2024-12-05 14:12:32,829 [INFO] Activating motors. (at adc_actions.py)
2024-12-05 14:12:32,831 [DEBUG] Connecting devices (at adc_actions.py)
2024-12-05 14:12:33,014 [INFO] Device 1 connected successfully. (at adc_actions.py)
2024-12-05 14:12:33,189 [INFO] Device 2 connected successfully. (at adc_actions.py)
2024-12-05 14:12:33,191 [DEBUG] Checking device and connection states, including Modbus RTU network status (at adc_actions.py)
2024-12-05 14:12:33,221 [INFO] Device states: {'motor1': {'connection_state': True}, 'motor2': {'connection_state': True}} (at adc_actions.py)
2024-12-05 14:12:33,222 [INFO] Motor status: {'motor1': {'connection_state': True}, 'motor2': {'connection_state': True}} (at adc_actions.py)
2024-12-05 14:12:33,224 [DEBUG] Moving Motor 1 to position 4050 with velocity 5 (at adc_actions.py)
2024-12-05 14:12:33,224 [DEBUG] Moving Motor 2 to position 4050 with velocity 5 (at adc_actions.py)
2024-12-05 14:12:33,301 [INFO] Modes of operation display: 1 (at adc_actions.py)
2024-12-05 14:12:33,317 [INFO] Modes of operation display: 1 (at adc_actions.py)
2024-12-05 14:12:33,333 [INFO] <nanotec_nanolib.Nanolib.ResultVoid; proxy of <Swig Object of type 'nlc::ResultVoid *' at 0x000001DA308799E0> > (at adc_actions.py)
2024-12-05 14:12:33,349 [INFO] <nanotec_nanolib.Nanolib.ResultVoid; proxy of <Swig Object of type 'nlc::ResultVoid *' at 0x000001DA3091FD50> > (at adc_actions.py)
2024-12-05 14:12:33,397 [INFO] <nanotec_nanolib.Nanolib.ResultVoid; proxy of <Swig Object of type 'nlc::ResultVoid *' at 0x000001DA3091E130> > (at adc_actions.py)
2024-12-05 14:12:33,413 [INFO] <nanotec_nanolib.Nanolib.ResultVoid; proxy of <Swig Object of type 'nlc::ResultVoid *' at 0x000001DA308FD7A0> > (at adc_actions.py)
2024-12-05 14:12:33,429 [INFO] <nanotec_nanolib.Nanolib.ResultVoid; proxy of <Swig Object of type 'nlc::ResultVoid *' at 0x000001DA308FDE00> > (at adc_actions.py)
2024-12-05 14:12:33,445 [INFO] <nanotec_nanolib.Nanolib.ResultVoid; proxy of <Swig Object of type 'nlc::ResultVoid *' at 0x000001DA308FDF20> > (at adc_actions.py)
2024-12-05 14:12:33,461 [INFO] <nanotec_nanolib.Nanolib.ResultVoid; proxy of <Swig Object of type 'nlc::ResultVoid *' at 0x000001DA308FE070> > (at adc_actions.py)
2024-12-05 14:12:33,477 [INFO] <nanotec_nanolib.Nanolib.ResultVoid; proxy of <Swig Object of type 'nlc::ResultVoid *' at 0x000001DA308FE130> > (at adc_actions.py)
2024-12-05 14:12:33,493 [INFO] <nanotec_nanolib.Nanolib.ResultVoid; proxy of <Swig Object of type 'nlc::ResultVoid *' at 0x000001DA308FE220> > (at adc_actions.py)
2024-12-05 14:12:33,509 [INFO] <nanotec_nanolib.Nanolib.ResultVoid; proxy of <Swig Object of type 'nlc::ResultVoid *' at 0x000001DA308FE310> > (at adc_actions.py)
2024-12-05 14:12:33,525 [INFO] <nanotec_nanolib.Nanolib.ResultVoid; proxy of <Swig Object of type 'nlc::ResultVoid *' at 0x000001DA2ED56400> > (at adc_actions.py)
2024-12-05 14:12:33,541 [INFO] <nanotec_nanolib.Nanolib.ResultVoid; proxy of <Swig Object of type 'nlc::ResultVoid *' at 0x000001DA308FE160> > (at adc_actions.py)
2024-12-05 14:12:33,557 [DEBUG] Motor 2 status_word = 37431 (at adc_actions.py)
2024-12-05 14:12:33,573 [DEBUG] Motor 1 status_word = 4663 (at adc_actions.py)
2024-12-05 14:12:38,575 [DEBUG] Motor 2 status_word = 37431 (at adc_actions.py)
2024-12-05 14:12:38,591 [DEBUG] Motor 1 status_word = 4663 (at adc_actions.py)
2024-12-05 14:12:43,593 [DEBUG] Motor 2 status_word = 37431 (at adc_actions.py)
2024-12-05 14:12:43,608 [DEBUG] Motor 1 status_word = 4663 (at adc_actions.py)
2024-12-05 14:12:48,610 [DEBUG] Motor 2 status_word = 38455 (at adc_actions.py)
2024-12-05 14:12:48,610 [INFO] Motor 2 reached target position. (at adc_actions.py)
2024-12-05 14:12:48,626 [DEBUG] Motor 1 status_word = 5687 (at adc_actions.py)
2024-12-05 14:12:48,626 [INFO] Motor 1 reached target position. (at adc_actions.py)
2024-12-05 14:12:48,642 [INFO] Total execution time for move_motor (Motor 2): 15.42 seconds (at adc_actions.py)
2024-12-05 14:12:48,643 [INFO] {'initial_position': 4050, 'final_position': 8100, 'position_change': 4050, 'execution_time': 15.416965246200562} (at adc_actions.py)
2024-12-05 14:12:48,658 [INFO] Total execution time for move_motor (Motor 1): 15.43 seconds (at adc_actions.py)
2024-12-05 14:12:48,659 [INFO] {'initial_position': 4050, 'final_position': 8100, 'position_change': 4050, 'execution_time': 15.433955192565918} (at adc_actions.py)
2024-12-05 14:12:48,661 [INFO] Motors activated successfully. (at adc_actions.py)
2024-12-05 14:12:50,562 [INFO] Activating motors. (at adc_actions.py)
2024-12-05 14:12:50,565 [DEBUG] Connecting devices (at adc_actions.py)
2024-12-05 14:12:50,566 [DEBUG] Checking device and connection states, including Modbus RTU network status (at adc_actions.py)
2024-12-05 14:12:50,592 [INFO] Device states: {'motor1': {'connection_state': True}, 'motor2': {'connection_state': True}} (at adc_actions.py)
2024-12-05 14:12:50,593 [INFO] Motor status: {'motor1': {'connection_state': True}, 'motor2': {'connection_state': True}} (at adc_actions.py)
2024-12-05 14:12:50,594 [DEBUG] Moving Motor 1 to position 4050 with velocity 5 (at adc_actions.py)
2024-12-05 14:12:50,594 [DEBUG] Moving Motor 2 to position 4050 with velocity 5 (at adc_actions.py)
2024-12-05 14:12:50,672 [INFO] Modes of operation display: 1 (at adc_actions.py)
2024-12-05 14:12:50,688 [INFO] Modes of operation display: 1 (at adc_actions.py)
2024-12-05 14:12:50,704 [INFO] <nanotec_nanolib.Nanolib.ResultVoid; proxy of <Swig Object of type 'nlc::ResultVoid *' at 0x000001DA308FE910> > (at adc_actions.py)
2024-12-05 14:12:50,720 [INFO] <nanotec_nanolib.Nanolib.ResultVoid; proxy of <Swig Object of type 'nlc::ResultVoid *' at 0x000001DA308FEA90> > (at adc_actions.py)
2024-12-05 14:12:50,768 [INFO] <nanotec_nanolib.Nanolib.ResultVoid; proxy of <Swig Object of type 'nlc::ResultVoid *' at 0x000001DA308FDE90> > (at adc_actions.py)
2024-12-05 14:12:50,784 [INFO] <nanotec_nanolib.Nanolib.ResultVoid; proxy of <Swig Object of type 'nlc::ResultVoid *' at 0x000001DA308FEA90> > (at adc_actions.py)
2024-12-05 14:12:50,800 [INFO] <nanotec_nanolib.Nanolib.ResultVoid; proxy of <Swig Object of type 'nlc::ResultVoid *' at 0x000001DA3091EE20> > (at adc_actions.py)
2024-12-05 14:12:50,816 [INFO] <nanotec_nanolib.Nanolib.ResultVoid; proxy of <Swig Object of type 'nlc::ResultVoid *' at 0x000001DA3091EF70> > (at adc_actions.py)
2024-12-05 14:12:50,832 [INFO] <nanotec_nanolib.Nanolib.ResultVoid; proxy of <Swig Object of type 'nlc::ResultVoid *' at 0x000001DA303B6A90> > (at adc_actions.py)
2024-12-05 14:12:50,848 [INFO] <nanotec_nanolib.Nanolib.ResultVoid; proxy of <Swig Object of type 'nlc::ResultVoid *' at 0x000001DA3091F000> > (at adc_actions.py)
2024-12-05 14:12:50,864 [INFO] <nanotec_nanolib.Nanolib.ResultVoid; proxy of <Swig Object of type 'nlc::ResultVoid *' at 0x000001DA3091F090> > (at adc_actions.py)
2024-12-05 14:12:50,880 [INFO] <nanotec_nanolib.Nanolib.ResultVoid; proxy of <Swig Object of type 'nlc::ResultVoid *' at 0x000001DA3091F0C0> > (at adc_actions.py)
2024-12-05 14:12:50,896 [INFO] <nanotec_nanolib.Nanolib.ResultVoid; proxy of <Swig Object of type 'nlc::ResultVoid *' at 0x000001DA3091F000> > (at adc_actions.py)
2024-12-05 14:12:50,912 [INFO] <nanotec_nanolib.Nanolib.ResultVoid; proxy of <Swig Object of type 'nlc::ResultVoid *' at 0x000001DA3091EF70> > (at adc_actions.py)
2024-12-05 14:12:50,927 [DEBUG] Motor 2 status_word = 37431 (at adc_actions.py)
2024-12-05 14:12:50,943 [DEBUG] Motor 1 status_word = 4663 (at adc_actions.py)
2024-12-05 14:12:55,945 [DEBUG] Motor 2 status_word = 37431 (at adc_actions.py)
2024-12-05 14:12:55,961 [DEBUG] Motor 1 status_word = 4663 (at adc_actions.py)
2024-12-05 14:13:00,963 [DEBUG] Motor 2 status_word = 37431 (at adc_actions.py)
2024-12-05 14:13:00,979 [DEBUG] Motor 1 status_word = 4663 (at adc_actions.py)
2024-12-05 14:13:05,981 [DEBUG] Motor 2 status_word = 38455 (at adc_actions.py)
2024-12-05 14:13:05,981 [INFO] Motor 2 reached target position. (at adc_actions.py)
2024-12-05 14:13:05,997 [DEBUG] Motor 1 status_word = 5687 (at adc_actions.py)
2024-12-05 14:13:05,997 [INFO] Motor 1 reached target position. (at adc_actions.py)
2024-12-05 14:13:06,013 [INFO] Total execution time for move_motor (Motor 2): 15.42 seconds (at adc_actions.py)
2024-12-05 14:13:06,013 [INFO] {'initial_position': 8100, 'final_position': 12150, 'position_change': 4050, 'execution_time': 15.417970180511475} (at adc_actions.py)
2024-12-05 14:13:06,029 [INFO] Total execution time for move_motor (Motor 1): 15.43 seconds (at adc_actions.py)
2024-12-05 14:13:06,030 [INFO] {'initial_position': 8100, 'final_position': 12150, 'position_change': 4050, 'execution_time': 15.434847831726074} (at adc_actions.py)
2024-12-05 14:13:06,031 [INFO] Motors activated successfully. (at adc_actions.py)
2024-12-05 14:13:43,218 [INFO] Retrieving status for motor 0. (at adc_actions.py)
2024-12-05 14:13:43,219 [DEBUG] Checking device and connection states, including Modbus RTU network status (at adc_actions.py)
2024-12-05 14:13:43,247 [INFO] Device states: {'motor1': {'connection_state': True}, 'motor2': {'connection_state': True}} (at adc_actions.py)
2024-12-05 14:13:43,247 [INFO] Motor 0 status: {'motor1': {'connection_state': True}, 'motor2': {'connection_state': True}} (at adc_actions.py)
2024-12-05 14:13:46,922 [INFO] Powering off and disconnecting from devices. (at adc_actions.py)
2024-12-05 14:13:46,923 [DEBUG] Disconnecting devices (at adc_actions.py)
2024-12-05 14:13:46,924 [INFO] Device 1 disconnected successfully. (at adc_actions.py)
2024-12-05 14:13:46,924 [INFO] Device 2 disconnected successfully. (at adc_actions.py)
2024-12-05 14:13:46,926 [DEBUG] close all (at adc_actions.py)
2024-12-05 14:13:47,040 [INFO] Power off successful. (at adc_actions.py)
