2026-01-20 00:17:51,030 [DEBUG] Initializing AdcActions class. (at adc_actions.py)
2026-01-20 00:17:51,030 [DEBUG] Initializing AdcController (at adc_controller.py)
2026-01-20 00:17:51,031 [INFO] Starting the process to find devices... (at adc_controller.py)
2026-01-20 00:17:51,122 [INFO] Found bus hardware ID 0: BusHardwareId(Serial Port (/dev/ttyUSB0)) [bus hardware: Serial Port, protocol: MODBUS RTU, hardware specifier: /dev/ttyUSB0] (at adc_controller.py)
2026-01-20 00:17:51,122 [INFO] Found bus hardware ID 1: BusHardwareId(USB Bus) [bus hardware: USB BUS, protocol: MODBUS VCP, hardware specifier: UsbRoot0, extra hardware specifier: UsbBusVcp] (at adc_controller.py)
2026-01-20 00:17:51,122 [INFO] Found bus hardware ID 2: BusHardwareId(eno12399np0 (Ethernet interface)) [bus hardware: Network Adapter, protocol: MODBUS TCP, hardware specifier: eno12399np0] (at adc_controller.py)
2026-01-20 00:17:51,122 [INFO] Found bus hardware ID 3: BusHardwareId(eno12399np0 (Ethernet interface)) [bus hardware: Network Adapter, protocol: EtherCAT, hardware specifier: eno12399np0] (at adc_controller.py)
2026-01-20 00:17:51,122 [INFO] Found bus hardware ID 4: BusHardwareId(eno12399np0 (Ethernet interface)) [bus hardware: Network Adapter, protocol: RESTful API, hardware specifier: eno12399np0] (at adc_controller.py)
2026-01-20 00:17:51,122 [INFO] Found bus hardware ID 5: BusHardwareId(USB Bus) [bus hardware: USB BUS, protocol: MSC, hardware specifier: UsbRoot0, extra hardware specifier: UsbBusMsc] (at adc_controller.py)
2026-01-20 00:17:51,122 [INFO] Selected bus hardware ID: <nanotec_nanolib.Nanolib.BusHardwareId; proxy of <Swig Object of type 'nlc::BusHardwareId *' at 0x769c0b5d37b0> > (at adc_controller.py)
2026-01-20 00:18:18,661 [INFO] Device 1 added successfully. (at adc_controller.py)
2026-01-20 00:18:18,662 [INFO] Device 2 added successfully. (at adc_controller.py)
2026-01-20 00:18:18,663 [INFO] Lookup table found: /home/kspecics/work/KSPEC_ICS/ADC/kspec_adc_controller/src/etc/ADC_lookup.csv (at adc_calc_angle.py)
2026-01-20 00:18:18,665 [INFO] Interpolation function using pchip method created. (at adc_calc_angle.py)
2026-01-20 00:18:35,596 [INFO] Starting homing operation. (at adc_actions.py)
2026-01-20 00:18:35,596 [DEBUG] Calling homing method on controller. (at adc_actions.py)
2026-01-20 00:18:35,596 [INFO] Initializing homing process for both motors. (at adc_controller.py)
2026-01-20 00:18:35,596 [DEBUG] Raw value Motor 1: 0, Raw value Motor 2: 0 (at adc_controller.py)
2026-01-20 00:18:35,597 [INFO] Motor 1 homing initiated. Monitoring position changes... (at adc_controller.py)
2026-01-20 00:18:35,597 [INFO] Motor 2 homing initiated. Monitoring position changes... (at adc_controller.py)
2026-01-20 00:23:35,598 [DEBUG] Stopping Motor 1 (at adc_controller.py)
2026-01-20 00:23:35,598 [ERROR] Error during homing for Motor 1: Error: Motor 1 is not connected. Please connect it before stopping. (at adc_controller.py)
Traceback (most recent call last):
  File "/home/kspecics/work/KSPEC_ICS/ADC/kspec_adc_controller/src/adc_controller.py", line 850, in find_home_position
    self.stop_motor(motor_id)
  File "/home/kspecics/work/KSPEC_ICS/ADC/kspec_adc_controller/src/adc_controller.py", line 393, in stop_motor
    raise Exception(
Exception: Error: Motor 1 is not connected. Please connect it before stopping.
2026-01-20 00:23:35,600 [DEBUG] Stopping Motor 2 (at adc_controller.py)
2026-01-20 00:23:35,600 [ERROR] Error during homing for Motor 2: Error: Motor 2 is not connected. Please connect it before stopping. (at adc_controller.py)
Traceback (most recent call last):
  File "/home/kspecics/work/KSPEC_ICS/ADC/kspec_adc_controller/src/adc_controller.py", line 850, in find_home_position
    self.stop_motor(motor_id)
  File "/home/kspecics/work/KSPEC_ICS/ADC/kspec_adc_controller/src/adc_controller.py", line 393, in stop_motor
    raise Exception(
Exception: Error: Motor 2 is not connected. Please connect it before stopping.
2026-01-20 00:23:35,601 [ERROR] Error during homing process for motors: Error: Motor 1 is not connected. Please connect it before stopping. (at adc_controller.py)
Traceback (most recent call last):
  File "/home/kspecics/work/KSPEC_ICS/ADC/kspec_adc_controller/src/adc_controller.py", line 700, in homing
    await asyncio.gather(
  File "/home/kspecics/work/KSPEC_ICS/ADC/kspec_adc_controller/src/adc_controller.py", line 850, in find_home_position
    self.stop_motor(motor_id)
  File "/home/kspecics/work/KSPEC_ICS/ADC/kspec_adc_controller/src/adc_controller.py", line 393, in stop_motor
    raise Exception(
Exception: Error: Motor 1 is not connected. Please connect it before stopping.
2026-01-20 00:23:35,602 [ERROR] Error in homing operation: Error: Motor 1 is not connected. Please connect it before stopping. (at adc_actions.py)
2026-01-20 00:24:14,184 [INFO] Starting parking operation. (at adc_actions.py)
2026-01-20 00:24:14,184 [DEBUG] Parking motors at predefined position. (at adc_actions.py)
2026-01-20 00:24:14,185 [ERROR] Parking must be performed after homing. (at adc_controller.py)
2026-01-20 00:24:14,185 [ERROR] Error in parking operation: Parking must be performed after homing. (at adc_actions.py)
2026-01-20 00:24:39,168 [DEBUG] Initializing AdcActions class. (at adc_actions.py)
2026-01-20 00:24:39,168 [DEBUG] Initializing AdcController (at adc_controller.py)
2026-01-20 00:24:39,168 [INFO] Starting the process to find devices... (at adc_controller.py)
2026-01-20 00:24:39,259 [INFO] Found bus hardware ID 0: BusHardwareId(Serial Port (/dev/ttyUSB0)) [bus hardware: Serial Port, protocol: MODBUS RTU, hardware specifier: /dev/ttyUSB0] (at adc_controller.py)
2026-01-20 00:24:39,260 [INFO] Found bus hardware ID 1: BusHardwareId(USB Bus) [bus hardware: USB BUS, protocol: MODBUS VCP, hardware specifier: UsbRoot0, extra hardware specifier: UsbBusVcp] (at adc_controller.py)
2026-01-20 00:24:39,260 [INFO] Found bus hardware ID 2: BusHardwareId(eno12399np0 (Ethernet interface)) [bus hardware: Network Adapter, protocol: MODBUS TCP, hardware specifier: eno12399np0] (at adc_controller.py)
2026-01-20 00:24:39,260 [INFO] Found bus hardware ID 3: BusHardwareId(eno12399np0 (Ethernet interface)) [bus hardware: Network Adapter, protocol: EtherCAT, hardware specifier: eno12399np0] (at adc_controller.py)
2026-01-20 00:24:39,260 [INFO] Found bus hardware ID 4: BusHardwareId(eno12399np0 (Ethernet interface)) [bus hardware: Network Adapter, protocol: RESTful API, hardware specifier: eno12399np0] (at adc_controller.py)
2026-01-20 00:24:39,260 [INFO] Found bus hardware ID 5: BusHardwareId(USB Bus) [bus hardware: USB BUS, protocol: MSC, hardware specifier: UsbRoot0, extra hardware specifier: UsbBusMsc] (at adc_controller.py)
2026-01-20 00:24:39,260 [INFO] Selected bus hardware ID: <nanotec_nanolib.Nanolib.BusHardwareId; proxy of <Swig Object of type 'nlc::BusHardwareId *' at 0x7f0582a8c330> > (at adc_controller.py)
2026-01-20 00:25:06,816 [INFO] Device 1 added successfully. (at adc_controller.py)
2026-01-20 00:25:06,817 [INFO] Device 2 added successfully. (at adc_controller.py)
2026-01-20 00:25:06,817 [INFO] Lookup table found: /home/kspecics/work/KSPEC_ICS/ADC/kspec_adc_controller/src/etc/ADC_lookup.csv (at adc_calc_angle.py)
2026-01-20 00:25:06,820 [INFO] Interpolation function using pchip method created. (at adc_calc_angle.py)
2026-01-20 00:25:19,529 [INFO] Connecting to devices. (at adc_actions.py)
2026-01-20 00:25:19,711 [INFO] Device 1 connected successfully. (at adc_controller.py)
2026-01-20 00:25:19,887 [INFO] Device 2 connected successfully. (at adc_controller.py)
2026-01-20 00:25:19,887 [INFO] Connection successful. (at adc_actions.py)
2026-01-20 00:25:19,904 [INFO] Starting homing operation. (at adc_actions.py)
2026-01-20 00:25:19,904 [DEBUG] Calling homing method on controller. (at adc_actions.py)
2026-01-20 00:25:19,904 [INFO] Initializing homing process for both motors. (at adc_controller.py)
2026-01-20 00:25:19,936 [DEBUG] Raw value Motor 1: 196, Raw value Motor 2: 196 (at adc_controller.py)
2026-01-20 00:25:20,063 [INFO] Motor 1 homing initiated. Monitoring position changes... (at adc_controller.py)
2026-01-20 00:25:20,207 [INFO] Motor 2 homing initiated. Monitoring position changes... (at adc_controller.py)
2026-01-20 00:25:23,935 [DEBUG] Stopping Motor 2 (at adc_controller.py)
2026-01-20 00:25:23,967 [INFO] Motor 2 stopped successfully. (at adc_controller.py)
2026-01-20 00:25:23,967 [INFO] Motor 2: Polling statusword for STOP (0x0040)... (at adc_controller.py)
2026-01-20 00:25:23,983 [INFO] Motor 2 stop confirmed. (statusword=0x1240) (at adc_controller.py)
2026-01-20 00:25:23,983 [DEBUG] Home position found for Motor 2. (at adc_controller.py)
2026-01-20 00:25:24,239 [DEBUG] Stopping Motor 1 (at adc_controller.py)
2026-01-20 00:25:24,271 [INFO] Motor 1 stopped successfully. (at adc_controller.py)
2026-01-20 00:25:24,271 [INFO] Motor 1: Polling statusword for STOP (0x0040)... (at adc_controller.py)
2026-01-20 00:25:24,287 [INFO] Motor 1 stop confirmed. (statusword=0x1240) (at adc_controller.py)
2026-01-20 00:25:24,287 [DEBUG] Home position found for Motor 1. (at adc_controller.py)
2026-01-20 00:25:24,319 [INFO] Home positions set: Motor 1: 16453, Motor 2: 16428 (at adc_controller.py)
2026-01-20 00:25:24,351 [INFO] Homing complete. Final positions: Motor 1: 16453, Motor 2: 16428 (at adc_controller.py)
2026-01-20 00:25:24,415 [INFO] Device states: {'motor1': {'position_state': 16453, 'connection_state': True}, 'motor2': {'position_state': 16428, 'connection_state': True}} (at adc_controller.py)
2026-01-20 00:25:24,415 [INFO] Homing completed successfully. (at adc_actions.py)
2026-01-20 00:25:24,427 [INFO] Retrieving status for motor 0. (at adc_actions.py)
2026-01-20 00:25:24,495 [INFO] Device states: {'motor1': {'position_state': 16453, 'connection_state': True}, 'motor2': {'position_state': 16428, 'connection_state': True}} (at adc_controller.py)
2026-01-20 00:25:24,496 [INFO] Motor 0 status: {'motor1': {'position_state': 16453, 'connection_state': True}, 'motor2': {'position_state': 16428, 'connection_state': True}} (at adc_actions.py)
2026-01-20 00:25:38,448 [INFO] Starting zeroing operation with velocity 1 RPM. (at adc_actions.py)
2026-01-20 00:25:38,448 [DEBUG] Initiating homing as part of zeroing. (at adc_actions.py)
2026-01-20 00:25:38,448 [INFO] Zeroing process initiated... (at adc_controller.py)
2026-01-20 00:25:38,479 [INFO] Current positions: Motor 1: 16453, Motor 2: 16428 (at adc_controller.py)
2026-01-20 00:25:38,479 [INFO] Target Zero positions: Motor 1: 24088, Motor 2: 18354 (at adc_controller.py)
2026-01-20 00:25:38,479 [INFO] Moving motors to Zero positions... (at adc_controller.py)
2026-01-20 00:25:38,482 [DEBUG] Moving Motor 1 to position 7635 with velocity 1 (at adc_controller.py)
2026-01-20 00:25:38,482 [DEBUG] Moving Motor 2 to position 1926 with velocity 1 (at adc_controller.py)
2026-01-20 00:27:46,782 [INFO] Motors moved to Zero positions successfully. (at adc_controller.py)
2026-01-20 00:27:46,783 [INFO] Zeroing operation completed successfully. (at adc_actions.py)
2026-01-20 00:28:00,216 [DEBUG] Converted -25.589468781914693 degrees to -1151 counts. (at adc_calc_angle.py)
2026-01-20 00:28:00,217 [DEBUG] Starting simultaneous move for motors 1 and 2 to position -1151 with velocity 1. (at adc_actions.py)
2026-01-20 00:28:00,217 [DEBUG] Moving Motor 1 to position 1151 with velocity 1 (at adc_controller.py)
2026-01-20 00:28:00,218 [DEBUG] Moving Motor 2 to position 1151 with velocity 1 (at adc_controller.py)
2026-01-20 00:28:19,694 [INFO] Both motors moved successfully. (at adc_actions.py)
2026-01-20 00:29:19,725 [DEBUG] Converted -25.821005588190694 degrees to -1161 counts. (at adc_calc_angle.py)
2026-01-20 00:29:19,727 [DEBUG] Starting simultaneous move for motors 1 and 2 to position -10 with velocity 1. (at adc_actions.py)
2026-01-20 00:29:19,728 [DEBUG] Moving Motor 1 to position 10 with velocity 1 (at adc_controller.py)
2026-01-20 00:29:19,728 [DEBUG] Moving Motor 2 to position 10 with velocity 1 (at adc_controller.py)
2026-01-20 00:29:21,053 [INFO] Both motors moved successfully. (at adc_actions.py)
2026-01-20 00:30:21,086 [DEBUG] Converted -25.998454773005676 degrees to -1169 counts. (at adc_calc_angle.py)
2026-01-20 00:30:21,089 [DEBUG] Starting simultaneous move for motors 1 and 2 to position -8 with velocity 1. (at adc_actions.py)
2026-01-20 00:30:21,089 [DEBUG] Moving Motor 1 to position 8 with velocity 1 (at adc_controller.py)
2026-01-20 00:30:21,089 [DEBUG] Moving Motor 2 to position 8 with velocity 1 (at adc_controller.py)
2026-01-20 00:30:22,413 [INFO] Both motors moved successfully. (at adc_actions.py)
2026-01-20 00:31:22,445 [DEBUG] Converted -26.17553364258328 degrees to -1177 counts. (at adc_calc_angle.py)
2026-01-20 00:31:22,447 [DEBUG] Starting simultaneous move for motors 1 and 2 to position -8 with velocity 1. (at adc_actions.py)
2026-01-20 00:31:22,447 [DEBUG] Moving Motor 1 to position 8 with velocity 1 (at adc_controller.py)
2026-01-20 00:31:22,448 [DEBUG] Moving Motor 2 to position 8 with velocity 1 (at adc_controller.py)
2026-01-20 00:31:23,773 [INFO] Both motors moved successfully. (at adc_actions.py)
2026-01-20 00:32:23,803 [DEBUG] Converted -26.351925190335773 degrees to -1185 counts. (at adc_calc_angle.py)
2026-01-20 00:32:23,805 [DEBUG] Starting simultaneous move for motors 1 and 2 to position -8 with velocity 1. (at adc_actions.py)
2026-01-20 00:32:23,806 [DEBUG] Moving Motor 1 to position 8 with velocity 1 (at adc_controller.py)
2026-01-20 00:32:23,806 [DEBUG] Moving Motor 2 to position 8 with velocity 1 (at adc_controller.py)
2026-01-20 00:32:25,132 [INFO] Both motors moved successfully. (at adc_actions.py)
2026-01-20 00:33:25,163 [DEBUG] Converted -26.52731085866634 degrees to -1193 counts. (at adc_calc_angle.py)
2026-01-20 00:33:25,165 [DEBUG] Starting simultaneous move for motors 1 and 2 to position -8 with velocity 1. (at adc_actions.py)
2026-01-20 00:33:25,166 [DEBUG] Moving Motor 1 to position 8 with velocity 1 (at adc_controller.py)
2026-01-20 00:33:25,166 [DEBUG] Moving Motor 2 to position 8 with velocity 1 (at adc_controller.py)
2026-01-20 00:33:26,476 [INFO] Both motors moved successfully. (at adc_actions.py)
2026-01-20 00:34:26,508 [DEBUG] Converted -26.701317844135325 degrees to -1201 counts. (at adc_calc_angle.py)
2026-01-20 00:34:26,510 [DEBUG] Starting simultaneous move for motors 1 and 2 to position -8 with velocity 1. (at adc_actions.py)
2026-01-20 00:34:26,511 [DEBUG] Moving Motor 1 to position 8 with velocity 1 (at adc_controller.py)
2026-01-20 00:34:26,511 [DEBUG] Moving Motor 2 to position 8 with velocity 1 (at adc_controller.py)
2026-01-20 00:34:27,819 [INFO] Both motors moved successfully. (at adc_actions.py)
2026-01-20 00:35:27,850 [DEBUG] Converted -26.87363963528821 degrees to -1209 counts. (at adc_calc_angle.py)
2026-01-20 00:35:27,852 [DEBUG] Starting simultaneous move for motors 1 and 2 to position -8 with velocity 1. (at adc_actions.py)
2026-01-20 00:35:27,852 [DEBUG] Moving Motor 1 to position 8 with velocity 1 (at adc_controller.py)
2026-01-20 00:35:27,852 [DEBUG] Moving Motor 2 to position 8 with velocity 1 (at adc_controller.py)
2026-01-20 00:35:29,179 [INFO] Both motors moved successfully. (at adc_actions.py)
2026-01-20 00:36:29,208 [DEBUG] Converted -27.043993477569124 degrees to -1216 counts. (at adc_calc_angle.py)
2026-01-20 00:36:29,210 [DEBUG] Starting simultaneous move for motors 1 and 2 to position -7 with velocity 1. (at adc_actions.py)
2026-01-20 00:36:29,211 [DEBUG] Moving Motor 1 to position 7 with velocity 1 (at adc_controller.py)
2026-01-20 00:36:29,211 [DEBUG] Moving Motor 2 to position 7 with velocity 1 (at adc_controller.py)
2026-01-20 00:36:30,538 [INFO] Both motors moved successfully. (at adc_actions.py)
2026-01-20 00:37:30,569 [DEBUG] Converted -27.211985366077258 degrees to -1224 counts. (at adc_calc_angle.py)
2026-01-20 00:37:30,571 [DEBUG] Starting simultaneous move for motors 1 and 2 to position -8 with velocity 1. (at adc_actions.py)
2026-01-20 00:37:30,572 [DEBUG] Moving Motor 1 to position 8 with velocity 1 (at adc_controller.py)
2026-01-20 00:37:30,572 [DEBUG] Moving Motor 2 to position 8 with velocity 1 (at adc_controller.py)
2026-01-20 00:37:31,898 [INFO] Both motors moved successfully. (at adc_actions.py)
2026-01-20 00:38:31,928 [DEBUG] Converted -27.37725194618119 degrees to -1231 counts. (at adc_calc_angle.py)
2026-01-20 00:38:31,930 [DEBUG] Starting simultaneous move for motors 1 and 2 to position -7 with velocity 1. (at adc_actions.py)
2026-01-20 00:38:31,931 [DEBUG] Moving Motor 1 to position 7 with velocity 1 (at adc_controller.py)
2026-01-20 00:38:31,931 [DEBUG] Moving Motor 2 to position 7 with velocity 1 (at adc_controller.py)
2026-01-20 00:38:33,257 [INFO] Both motors moved successfully. (at adc_actions.py)
2026-01-20 00:39:33,287 [DEBUG] Converted -27.53943902196688 degrees to -1239 counts. (at adc_calc_angle.py)
2026-01-20 00:39:33,289 [DEBUG] Starting simultaneous move for motors 1 and 2 to position -8 with velocity 1. (at adc_actions.py)
2026-01-20 00:39:33,290 [DEBUG] Moving Motor 1 to position 8 with velocity 1 (at adc_controller.py)
2026-01-20 00:39:33,290 [DEBUG] Moving Motor 2 to position 8 with velocity 1 (at adc_controller.py)
2026-01-20 00:39:34,617 [INFO] Both motors moved successfully. (at adc_actions.py)
2026-01-20 00:40:34,647 [DEBUG] Converted -27.6981809093831 degrees to -1246 counts. (at adc_calc_angle.py)
2026-01-20 00:40:34,649 [DEBUG] Starting simultaneous move for motors 1 and 2 to position -7 with velocity 1. (at adc_actions.py)
2026-01-20 00:40:34,650 [DEBUG] Moving Motor 1 to position 7 with velocity 1 (at adc_controller.py)
2026-01-20 00:40:34,650 [DEBUG] Moving Motor 2 to position 7 with velocity 1 (at adc_controller.py)
2026-01-20 00:40:35,976 [INFO] Both motors moved successfully. (at adc_actions.py)
2026-01-20 00:41:36,007 [DEBUG] Converted -27.85310287659761 degrees to -1253 counts. (at adc_calc_angle.py)
2026-01-20 00:41:36,009 [DEBUG] Starting simultaneous move for motors 1 and 2 to position -7 with velocity 1. (at adc_actions.py)
2026-01-20 00:41:36,009 [DEBUG] Moving Motor 1 to position 7 with velocity 1 (at adc_controller.py)
2026-01-20 00:41:36,010 [DEBUG] Moving Motor 2 to position 7 with velocity 1 (at adc_controller.py)
2026-01-20 00:41:37,336 [INFO] Both motors moved successfully. (at adc_actions.py)
2026-01-20 00:42:37,365 [DEBUG] Converted -28.00382529419969 degrees to -1260 counts. (at adc_calc_angle.py)
2026-01-20 00:42:37,367 [DEBUG] Starting simultaneous move for motors 1 and 2 to position -7 with velocity 1. (at adc_actions.py)
2026-01-20 00:42:37,367 [DEBUG] Moving Motor 1 to position 7 with velocity 1 (at adc_controller.py)
2026-01-20 00:42:37,368 [DEBUG] Moving Motor 2 to position 7 with velocity 1 (at adc_controller.py)
2026-01-20 00:42:38,695 [INFO] Both motors moved successfully. (at adc_actions.py)
2026-01-20 00:43:38,725 [DEBUG] Converted -28.149975330579256 degrees to -1266 counts. (at adc_calc_angle.py)
2026-01-20 00:43:38,727 [DEBUG] Starting simultaneous move for motors 1 and 2 to position -6 with velocity 1. (at adc_actions.py)
2026-01-20 00:43:38,728 [DEBUG] Moving Motor 1 to position 6 with velocity 1 (at adc_controller.py)
2026-01-20 00:43:38,728 [DEBUG] Moving Motor 2 to position 6 with velocity 1 (at adc_controller.py)
2026-01-20 00:43:40,055 [INFO] Both motors moved successfully. (at adc_actions.py)
2026-01-20 00:44:40,092 [DEBUG] Converted -28.291157494525695 degrees to -1273 counts. (at adc_calc_angle.py)
2026-01-20 00:44:40,094 [DEBUG] Starting simultaneous move for motors 1 and 2 to position -7 with velocity 1. (at adc_actions.py)
2026-01-20 00:44:40,094 [DEBUG] Moving Motor 1 to position 7 with velocity 1 (at adc_controller.py)
2026-01-20 00:44:40,095 [DEBUG] Moving Motor 2 to position 7 with velocity 1 (at adc_controller.py)
2026-01-20 00:44:41,414 [INFO] Both motors moved successfully. (at adc_actions.py)
2026-01-20 00:45:41,443 [DEBUG] Converted -28.427675776983406 degrees to -1279 counts. (at adc_calc_angle.py)
2026-01-20 00:45:41,445 [DEBUG] Starting simultaneous move for motors 1 and 2 to position -6 with velocity 1. (at adc_actions.py)
2026-01-20 00:45:41,446 [DEBUG] Moving Motor 1 to position 6 with velocity 1 (at adc_controller.py)
2026-01-20 00:45:41,446 [DEBUG] Moving Motor 2 to position 6 with velocity 1 (at adc_controller.py)
2026-01-20 00:45:42,774 [INFO] Both motors moved successfully. (at adc_actions.py)
2026-01-20 00:46:42,804 [DEBUG] Converted -28.561370722472272 degrees to -1285 counts. (at adc_calc_angle.py)
2026-01-20 00:46:42,806 [DEBUG] Starting simultaneous move for motors 1 and 2 to position -6 with velocity 1. (at adc_actions.py)
2026-01-20 00:46:42,806 [DEBUG] Moving Motor 1 to position 6 with velocity 1 (at adc_controller.py)
2026-01-20 00:46:42,806 [DEBUG] Moving Motor 2 to position 6 with velocity 1 (at adc_controller.py)
2026-01-20 00:46:44,133 [INFO] Both motors moved successfully. (at adc_actions.py)
2026-01-20 00:47:44,164 [DEBUG] Converted -28.69248167021183 degrees to -1291 counts. (at adc_calc_angle.py)
2026-01-20 00:47:44,166 [DEBUG] Starting simultaneous move for motors 1 and 2 to position -6 with velocity 1. (at adc_actions.py)
2026-01-20 00:47:44,166 [DEBUG] Moving Motor 1 to position 6 with velocity 1 (at adc_controller.py)
2026-01-20 00:47:44,167 [DEBUG] Moving Motor 2 to position 6 with velocity 1 (at adc_controller.py)
2026-01-20 00:47:45,493 [INFO] Both motors moved successfully. (at adc_actions.py)
2026-01-20 00:48:45,523 [DEBUG] Converted -28.82114324137987 degrees to -1296 counts. (at adc_calc_angle.py)
2026-01-20 00:48:45,525 [DEBUG] Starting simultaneous move for motors 1 and 2 to position -5 with velocity 1. (at adc_actions.py)
2026-01-20 00:48:45,526 [DEBUG] Moving Motor 1 to position 5 with velocity 1 (at adc_controller.py)
2026-01-20 00:48:45,526 [DEBUG] Moving Motor 2 to position 5 with velocity 1 (at adc_controller.py)
2026-01-20 00:48:47,589 [ERROR] Failed to read position for Motor 1: Error: readNumber() - Timeout waiting for message (at adc_controller.py)
2026-01-20 00:48:47,590 [ERROR] Failed to move Motor 1: Error: readNumber() - Timeout waiting for message (at adc_controller.py)
2026-01-20 00:48:47,590 [ERROR] Error moving motor 0 to position -5 with velocity 1: Error: readNumber() - Timeout waiting for message (at adc_actions.py)
2026-01-20 00:48:48,596 [ERROR] Failed to read position for Motor 2: Error: readNumber() - Timeout waiting for message (at adc_controller.py)
2026-01-20 00:48:48,597 [ERROR] Failed to move Motor 2: Error: readNumber() - Timeout waiting for message (at adc_controller.py)
2026-01-20 01:08:46,659 [INFO] Starting zeroing operation with velocity 1 RPM. (at adc_actions.py)
2026-01-20 01:08:46,659 [DEBUG] Initiating homing as part of zeroing. (at adc_actions.py)
2026-01-20 01:08:46,659 [INFO] Zeroing process initiated... (at adc_controller.py)
2026-01-20 01:08:47,666 [ERROR] Failed to read position for Motor 1: Error: readNumber() - Timeout waiting for message (at adc_controller.py)
2026-01-20 01:08:47,666 [ERROR] Error while moving motors to zero position: Error: readNumber() - Timeout waiting for message (at adc_controller.py)
Traceback (most recent call last):
  File "/home/kspecics/work/KSPEC_ICS/ADC/kspec_adc_controller/src/adc_controller.py", line 582, in zeroing
    current_pos_1 = self.read_motor_position(1)
                    ^^^^^^^^^^^^^^^^^^^^^^^^^^^
  File "/home/kspecics/work/KSPEC_ICS/ADC/kspec_adc_controller/src/adc_controller.py", line 898, in read_motor_position
    raise Exception(f"Error: readNumber() - {position_result.getError()}")
Exception: Error: readNumber() - Timeout waiting for message
2026-01-20 01:08:47,668 [ERROR] Error in zeroing operation: Error: readNumber() - Timeout waiting for message (at adc_actions.py)
2026-01-20 01:09:58,786 [INFO] Starting zeroing operation with velocity 1 RPM. (at adc_actions.py)
2026-01-20 01:09:58,786 [DEBUG] Initiating homing as part of zeroing. (at adc_actions.py)
2026-01-20 01:09:58,786 [INFO] Zeroing process initiated... (at adc_controller.py)
2026-01-20 01:09:59,793 [ERROR] Failed to read position for Motor 1: Error: readNumber() - Timeout waiting for message (at adc_controller.py)
2026-01-20 01:09:59,794 [ERROR] Error while moving motors to zero position: Error: readNumber() - Timeout waiting for message (at adc_controller.py)
Traceback (most recent call last):
  File "/home/kspecics/work/KSPEC_ICS/ADC/kspec_adc_controller/src/adc_controller.py", line 582, in zeroing
    current_pos_1 = self.read_motor_position(1)
                    ^^^^^^^^^^^^^^^^^^^^^^^^^^^
  File "/home/kspecics/work/KSPEC_ICS/ADC/kspec_adc_controller/src/adc_controller.py", line 898, in read_motor_position
    raise Exception(f"Error: readNumber() - {position_result.getError()}")
Exception: Error: readNumber() - Timeout waiting for message
2026-01-20 01:09:59,795 [ERROR] Error in zeroing operation: Error: readNumber() - Timeout waiting for message (at adc_actions.py)
2026-01-20 01:10:27,645 [INFO] Retrieving status for motor 0. (at adc_actions.py)
2026-01-20 01:10:28,653 [ERROR] Failed to read position for Motor 1: Error: readNumber() - Timeout waiting for message (at adc_controller.py)
2026-01-20 01:10:28,653 [ERROR] Error in status: Error: readNumber() - Timeout waiting for message (at adc_actions.py)
2026-01-20 01:11:20,236 [INFO] Powering off and disconnecting from devices. (at adc_actions.py)
2026-01-20 01:11:20,237 [INFO] Device 1 disconnected successfully. (at adc_controller.py)
2026-01-20 01:11:20,237 [INFO] Device 2 disconnected successfully. (at adc_controller.py)
2026-01-20 01:11:20,237 [DEBUG] Closing all devices... (at adc_controller.py)
2026-01-20 01:11:20,239 [INFO] Bus hardware closed successfully. (at adc_controller.py)
2026-01-20 01:11:20,239 [INFO] Power off successful. (at adc_actions.py)
2026-01-20 01:11:59,120 [DEBUG] Initializing AdcActions class. (at adc_actions.py)
2026-01-20 01:11:59,121 [DEBUG] Initializing AdcController (at adc_controller.py)
2026-01-20 01:11:59,121 [INFO] Starting the process to find devices... (at adc_controller.py)
2026-01-20 01:11:59,212 [INFO] Found bus hardware ID 0: BusHardwareId(Serial Port (/dev/ttyUSB0)) [bus hardware: Serial Port, protocol: MODBUS RTU, hardware specifier: /dev/ttyUSB0] (at adc_controller.py)
2026-01-20 01:11:59,212 [INFO] Found bus hardware ID 1: BusHardwareId(USB Bus) [bus hardware: USB BUS, protocol: MODBUS VCP, hardware specifier: UsbRoot0, extra hardware specifier: UsbBusVcp] (at adc_controller.py)
2026-01-20 01:11:59,212 [INFO] Found bus hardware ID 2: BusHardwareId(eno12399np0 (Ethernet interface)) [bus hardware: Network Adapter, protocol: MODBUS TCP, hardware specifier: eno12399np0] (at adc_controller.py)
2026-01-20 01:11:59,212 [INFO] Found bus hardware ID 3: BusHardwareId(eno12399np0 (Ethernet interface)) [bus hardware: Network Adapter, protocol: EtherCAT, hardware specifier: eno12399np0] (at adc_controller.py)
2026-01-20 01:11:59,212 [INFO] Found bus hardware ID 4: BusHardwareId(eno12399np0 (Ethernet interface)) [bus hardware: Network Adapter, protocol: RESTful API, hardware specifier: eno12399np0] (at adc_controller.py)
2026-01-20 01:11:59,212 [INFO] Found bus hardware ID 5: BusHardwareId(USB Bus) [bus hardware: USB BUS, protocol: MSC, hardware specifier: UsbRoot0, extra hardware specifier: UsbBusMsc] (at adc_controller.py)
2026-01-20 01:11:59,212 [INFO] Selected bus hardware ID: <nanotec_nanolib.Nanolib.BusHardwareId; proxy of <Swig Object of type 'nlc::BusHardwareId *' at 0x71ca488db480> > (at adc_controller.py)
2026-01-20 01:12:26,754 [INFO] Device 1 added successfully. (at adc_controller.py)
2026-01-20 01:12:26,755 [INFO] Device 2 added successfully. (at adc_controller.py)
2026-01-20 01:12:26,756 [INFO] Lookup table found: /home/kspecics/work/KSPEC_ICS/ADC/kspec_adc_controller/src/etc/ADC_lookup.csv (at adc_calc_angle.py)
2026-01-20 01:12:26,758 [INFO] Interpolation function using pchip method created. (at adc_calc_angle.py)
2026-01-20 01:12:39,776 [INFO] Connecting to devices. (at adc_actions.py)
2026-01-20 01:12:39,951 [INFO] Device 1 connected successfully. (at adc_controller.py)
2026-01-20 01:12:40,127 [INFO] Device 2 connected successfully. (at adc_controller.py)
2026-01-20 01:12:40,128 [INFO] Connection successful. (at adc_actions.py)
2026-01-20 01:12:40,141 [INFO] Starting homing operation. (at adc_actions.py)
2026-01-20 01:12:40,141 [DEBUG] Calling homing method on controller. (at adc_actions.py)
2026-01-20 01:12:40,141 [INFO] Initializing homing process for both motors. (at adc_controller.py)
2026-01-20 01:12:40,175 [DEBUG] Raw value Motor 1: 196, Raw value Motor 2: 196 (at adc_controller.py)
2026-01-20 01:12:40,303 [INFO] Motor 1 homing initiated. Monitoring position changes... (at adc_controller.py)
2026-01-20 01:12:40,447 [INFO] Motor 2 homing initiated. Monitoring position changes... (at adc_controller.py)
2026-01-20 01:14:41,566 [DEBUG] Stopping Motor 1 (at adc_controller.py)
2026-01-20 01:14:41,598 [INFO] Motor 1 stopped successfully. (at adc_controller.py)
2026-01-20 01:14:41,598 [INFO] Motor 1: Polling statusword for STOP (0x0040)... (at adc_controller.py)
2026-01-20 01:14:41,614 [INFO] Motor 1 stop confirmed. (statusword=0x1240) (at adc_controller.py)
2026-01-20 01:14:41,614 [DEBUG] Home position found for Motor 1. (at adc_controller.py)
2026-01-20 01:16:16,958 [DEBUG] Stopping Motor 2 (at adc_controller.py)
2026-01-20 01:16:16,990 [INFO] Motor 2 stopped successfully. (at adc_controller.py)
2026-01-20 01:16:16,990 [INFO] Motor 2: Polling statusword for STOP (0x0040)... (at adc_controller.py)
2026-01-20 01:16:17,006 [INFO] Motor 2 stop confirmed. (statusword=0x1240) (at adc_controller.py)
2026-01-20 01:16:17,006 [DEBUG] Home position found for Motor 2. (at adc_controller.py)
2026-01-20 01:16:17,038 [INFO] Home positions set: Motor 1: 32657, Motor 2: 32625 (at adc_controller.py)
2026-01-20 01:16:17,070 [INFO] Homing complete. Final positions: Motor 1: 32657, Motor 2: 32625 (at adc_controller.py)
2026-01-20 01:16:17,134 [INFO] Device states: {'motor1': {'position_state': 32657, 'connection_state': True}, 'motor2': {'position_state': 32625, 'connection_state': True}} (at adc_controller.py)
2026-01-20 01:16:17,134 [INFO] Homing completed successfully. (at adc_actions.py)
2026-01-20 01:16:17,147 [INFO] Retrieving status for motor 0. (at adc_actions.py)
2026-01-20 01:16:17,214 [INFO] Device states: {'motor1': {'position_state': 32657, 'connection_state': True}, 'motor2': {'position_state': 32625, 'connection_state': True}} (at adc_controller.py)
2026-01-20 01:16:17,214 [INFO] Motor 0 status: {'motor1': {'position_state': 32657, 'connection_state': True}, 'motor2': {'position_state': 32625, 'connection_state': True}} (at adc_actions.py)
2026-01-20 01:16:28,991 [INFO] Starting parking operation. (at adc_actions.py)
2026-01-20 01:16:28,991 [DEBUG] Parking motors at predefined position. (at adc_actions.py)
2026-01-20 01:16:28,991 [INFO] Parking process initiated... (at adc_controller.py)
2026-01-20 01:16:29,022 [INFO] Current positions: Motor 1: 32657, Motor 2: 32625 (at adc_controller.py)
2026-01-20 01:16:29,022 [INFO] Target parking positions relative to home: Motor 1: 32407, Motor 2: 32400 (at adc_controller.py)
2026-01-20 01:16:29,022 [INFO] Moving motors to parking positions... (at adc_controller.py)
2026-01-20 01:16:29,024 [DEBUG] Moving Motor 1 to position -250 with velocity 1 (at adc_controller.py)
2026-01-20 01:16:29,025 [DEBUG] Moving Motor 2 to position -225 with velocity 1 (at adc_controller.py)
2026-01-20 01:16:34,350 [INFO] Motors moved to parking positions successfully. (at adc_controller.py)
2026-01-20 01:16:34,350 [INFO] Parking completed successfully. (at adc_actions.py)
2026-01-20 01:17:55,752 [DEBUG] Initializing AdcActions class. (at adc_actions.py)
2026-01-20 01:17:55,752 [DEBUG] Initializing AdcController (at adc_controller.py)
2026-01-20 01:17:55,752 [INFO] Starting the process to find devices... (at adc_controller.py)
2026-01-20 01:17:55,843 [INFO] Found bus hardware ID 0: BusHardwareId(Serial Port (/dev/ttyUSB0)) [bus hardware: Serial Port, protocol: MODBUS RTU, hardware specifier: /dev/ttyUSB0] (at adc_controller.py)
2026-01-20 01:17:55,843 [INFO] Found bus hardware ID 1: BusHardwareId(USB Bus) [bus hardware: USB BUS, protocol: MODBUS VCP, hardware specifier: UsbRoot0, extra hardware specifier: UsbBusVcp] (at adc_controller.py)
2026-01-20 01:17:55,843 [INFO] Found bus hardware ID 2: BusHardwareId(eno12399np0 (Ethernet interface)) [bus hardware: Network Adapter, protocol: MODBUS TCP, hardware specifier: eno12399np0] (at adc_controller.py)
2026-01-20 01:17:55,843 [INFO] Found bus hardware ID 3: BusHardwareId(eno12399np0 (Ethernet interface)) [bus hardware: Network Adapter, protocol: EtherCAT, hardware specifier: eno12399np0] (at adc_controller.py)
2026-01-20 01:17:55,843 [INFO] Found bus hardware ID 4: BusHardwareId(eno12399np0 (Ethernet interface)) [bus hardware: Network Adapter, protocol: RESTful API, hardware specifier: eno12399np0] (at adc_controller.py)
2026-01-20 01:17:55,843 [INFO] Found bus hardware ID 5: BusHardwareId(USB Bus) [bus hardware: USB BUS, protocol: MSC, hardware specifier: UsbRoot0, extra hardware specifier: UsbBusMsc] (at adc_controller.py)
2026-01-20 01:17:55,843 [INFO] Selected bus hardware ID: <nanotec_nanolib.Nanolib.BusHardwareId; proxy of <Swig Object of type 'nlc::BusHardwareId *' at 0x7e7644bbb3f0> > (at adc_controller.py)
2026-01-20 01:18:23,388 [INFO] Device 1 added successfully. (at adc_controller.py)
2026-01-20 01:18:23,389 [INFO] Device 2 added successfully. (at adc_controller.py)
2026-01-20 01:18:23,389 [INFO] Lookup table found: /home/kspecics/work/KSPEC_ICS/ADC/kspec_adc_controller/src/etc/ADC_lookup.csv (at adc_calc_angle.py)
2026-01-20 01:18:23,392 [INFO] Interpolation function using pchip method created. (at adc_calc_angle.py)
2026-01-20 01:19:15,263 [INFO] Connecting to devices. (at adc_actions.py)
2026-01-20 01:19:15,446 [INFO] Device 1 connected successfully. (at adc_controller.py)
2026-01-20 01:19:15,622 [INFO] Device 2 connected successfully. (at adc_controller.py)
2026-01-20 01:19:15,622 [INFO] Connection successful. (at adc_actions.py)
2026-01-20 01:19:15,638 [INFO] Starting homing operation. (at adc_actions.py)
2026-01-20 01:19:15,638 [DEBUG] Calling homing method on controller. (at adc_actions.py)
2026-01-20 01:19:15,638 [INFO] Initializing homing process for both motors. (at adc_controller.py)
2026-01-20 01:19:15,670 [DEBUG] Raw value Motor 1: 196, Raw value Motor 2: 196 (at adc_controller.py)
2026-01-20 01:19:15,798 [INFO] Motor 1 homing initiated. Monitoring position changes... (at adc_controller.py)
2026-01-20 01:19:15,942 [INFO] Motor 2 homing initiated. Monitoring position changes... (at adc_controller.py)
2026-01-20 01:19:20,038 [DEBUG] Stopping Motor 1 (at adc_controller.py)
2026-01-20 01:19:20,070 [INFO] Motor 1 stopped successfully. (at adc_controller.py)
2026-01-20 01:19:20,070 [INFO] Motor 1: Polling statusword for STOP (0x0040)... (at adc_controller.py)
2026-01-20 01:19:20,086 [INFO] Motor 1 stop confirmed. (statusword=0x1240) (at adc_controller.py)
2026-01-20 01:19:20,086 [DEBUG] Home position found for Motor 1. (at adc_controller.py)
2026-01-20 01:19:20,166 [DEBUG] Stopping Motor 2 (at adc_controller.py)
2026-01-20 01:19:20,198 [INFO] Motor 2 stopped successfully. (at adc_controller.py)
2026-01-20 01:19:20,198 [INFO] Motor 2: Polling statusword for STOP (0x0040)... (at adc_controller.py)
2026-01-20 01:19:20,214 [INFO] Motor 2 stop confirmed. (statusword=0x1240) (at adc_controller.py)
2026-01-20 01:19:20,214 [DEBUG] Home position found for Motor 2. (at adc_controller.py)
2026-01-20 01:19:20,246 [INFO] Home positions set: Motor 1: 255, Motor 2: 225 (at adc_controller.py)
2026-01-20 01:19:20,278 [INFO] Homing complete. Final positions: Motor 1: 255, Motor 2: 225 (at adc_controller.py)
2026-01-20 01:19:20,342 [INFO] Device states: {'motor1': {'position_state': 255, 'connection_state': True}, 'motor2': {'position_state': 225, 'connection_state': True}} (at adc_controller.py)
2026-01-20 01:19:20,342 [INFO] Homing completed successfully. (at adc_actions.py)
2026-01-20 01:19:20,354 [INFO] Retrieving status for motor 0. (at adc_actions.py)
2026-01-20 01:19:20,422 [INFO] Device states: {'motor1': {'position_state': 255, 'connection_state': True}, 'motor2': {'position_state': 225, 'connection_state': True}} (at adc_controller.py)
2026-01-20 01:19:20,422 [INFO] Motor 0 status: {'motor1': {'position_state': 255, 'connection_state': True}, 'motor2': {'position_state': 225, 'connection_state': True}} (at adc_actions.py)
2026-01-20 01:19:38,846 [INFO] Starting zeroing operation with velocity 1 RPM. (at adc_actions.py)
2026-01-20 01:19:38,846 [DEBUG] Initiating homing as part of zeroing. (at adc_actions.py)
2026-01-20 01:19:38,847 [INFO] Zeroing process initiated... (at adc_controller.py)
2026-01-20 01:19:38,870 [INFO] Current positions: Motor 1: 255, Motor 2: 225 (at adc_controller.py)
2026-01-20 01:19:38,870 [INFO] Target Zero positions: Motor 1: 7890, Motor 2: 2151 (at adc_controller.py)
2026-01-20 01:19:38,870 [INFO] Moving motors to Zero positions... (at adc_controller.py)
2026-01-20 01:19:38,873 [DEBUG] Moving Motor 1 to position 7635 with velocity 1 (at adc_controller.py)
2026-01-20 01:19:38,873 [DEBUG] Moving Motor 2 to position 1926 with velocity 1 (at adc_controller.py)
2026-01-20 01:21:47,173 [INFO] Motors moved to Zero positions successfully. (at adc_controller.py)
2026-01-20 01:21:47,174 [INFO] Zeroing operation completed successfully. (at adc_actions.py)
2026-01-20 01:23:16,645 [DEBUG] Converted -5.580042488705762 degrees to -251 counts. (at adc_calc_angle.py)
2026-01-20 01:23:16,647 [DEBUG] Starting simultaneous move for motors 1 and 2 to position -251 with velocity 1. (at adc_actions.py)
2026-01-20 01:23:16,647 [DEBUG] Moving Motor 1 to position 251 with velocity 1 (at adc_controller.py)
2026-01-20 01:23:16,647 [DEBUG] Moving Motor 2 to position 251 with velocity 1 (at adc_controller.py)
2026-01-20 01:23:22,004 [INFO] Both motors moved successfully. (at adc_actions.py)
2026-01-20 01:24:22,037 [DEBUG] Converted -5.782301976786365 degrees to -260 counts. (at adc_calc_angle.py)
2026-01-20 01:24:22,041 [DEBUG] Starting simultaneous move for motors 1 and 2 to position -9 with velocity 1. (at adc_actions.py)
2026-01-20 01:24:22,041 [DEBUG] Moving Motor 1 to position 9 with velocity 1 (at adc_controller.py)
2026-01-20 01:24:22,041 [DEBUG] Moving Motor 2 to position 9 with velocity 1 (at adc_controller.py)
2026-01-20 01:24:23,364 [INFO] Both motors moved successfully. (at adc_actions.py)
2026-01-20 01:25:23,394 [DEBUG] Converted -5.970640917804516 degrees to -268 counts. (at adc_calc_angle.py)
2026-01-20 01:25:23,396 [DEBUG] Starting simultaneous move for motors 1 and 2 to position -8 with velocity 1. (at adc_actions.py)
2026-01-20 01:25:23,396 [DEBUG] Moving Motor 1 to position 8 with velocity 1 (at adc_controller.py)
2026-01-20 01:25:23,396 [DEBUG] Moving Motor 2 to position 8 with velocity 1 (at adc_controller.py)
2026-01-20 01:25:24,723 [INFO] Both motors moved successfully. (at adc_actions.py)
2026-01-20 01:26:24,754 [DEBUG] Converted -6.159170627760519 degrees to -277 counts. (at adc_calc_angle.py)
2026-01-20 01:26:24,756 [DEBUG] Starting simultaneous move for motors 1 and 2 to position -9 with velocity 1. (at adc_actions.py)
2026-01-20 01:26:24,756 [DEBUG] Moving Motor 1 to position 9 with velocity 1 (at adc_controller.py)
2026-01-20 01:26:24,756 [DEBUG] Moving Motor 2 to position 9 with velocity 1 (at adc_controller.py)
2026-01-20 01:26:26,067 [INFO] Both motors moved successfully. (at adc_actions.py)
2026-01-20 01:27:26,098 [DEBUG] Converted -6.347903528355202 degrees to -285 counts. (at adc_calc_angle.py)
2026-01-20 01:27:26,100 [DEBUG] Starting simultaneous move for motors 1 and 2 to position -8 with velocity 1. (at adc_actions.py)
2026-01-20 01:27:26,100 [DEBUG] Moving Motor 1 to position 8 with velocity 1 (at adc_controller.py)
2026-01-20 01:27:26,101 [DEBUG] Moving Motor 2 to position 8 with velocity 1 (at adc_controller.py)
2026-01-20 01:27:27,426 [INFO] Both motors moved successfully. (at adc_actions.py)
2026-01-20 01:28:27,457 [DEBUG] Converted -6.536997113439154 degrees to -294 counts. (at adc_calc_angle.py)
2026-01-20 01:28:27,459 [DEBUG] Starting simultaneous move for motors 1 and 2 to position -9 with velocity 1. (at adc_actions.py)
2026-01-20 01:28:27,459 [DEBUG] Moving Motor 1 to position 9 with velocity 1 (at adc_controller.py)
2026-01-20 01:28:27,460 [DEBUG] Moving Motor 2 to position 9 with velocity 1 (at adc_controller.py)
2026-01-20 01:28:28,786 [INFO] Both motors moved successfully. (at adc_actions.py)
2026-01-20 01:29:28,816 [DEBUG] Converted -6.726476484685645 degrees to -302 counts. (at adc_calc_angle.py)
2026-01-20 01:29:28,818 [DEBUG] Starting simultaneous move for motors 1 and 2 to position -8 with velocity 1. (at adc_actions.py)
2026-01-20 01:29:28,819 [DEBUG] Moving Motor 1 to position 8 with velocity 1 (at adc_controller.py)
2026-01-20 01:29:28,819 [DEBUG] Moving Motor 2 to position 8 with velocity 1 (at adc_controller.py)
2026-01-20 01:29:30,129 [INFO] Both motors moved successfully. (at adc_actions.py)
2026-01-20 01:30:30,160 [DEBUG] Converted -6.916358873799492 degrees to -311 counts. (at adc_calc_angle.py)
2026-01-20 01:30:30,162 [DEBUG] Starting simultaneous move for motors 1 and 2 to position -9 with velocity 1. (at adc_actions.py)
2026-01-20 01:30:30,162 [DEBUG] Moving Motor 1 to position 9 with velocity 1 (at adc_controller.py)
2026-01-20 01:30:30,162 [DEBUG] Moving Motor 2 to position 9 with velocity 1 (at adc_controller.py)
2026-01-20 01:30:31,489 [INFO] Both motors moved successfully. (at adc_actions.py)
2026-01-20 01:31:31,520 [DEBUG] Converted -7.10681052043614 degrees to -319 counts. (at adc_calc_angle.py)
2026-01-20 01:31:31,522 [DEBUG] Starting simultaneous move for motors 1 and 2 to position -8 with velocity 1. (at adc_actions.py)
2026-01-20 01:31:31,522 [DEBUG] Moving Motor 1 to position 8 with velocity 1 (at adc_controller.py)
2026-01-20 01:31:31,522 [DEBUG] Moving Motor 2 to position 8 with velocity 1 (at adc_controller.py)
2026-01-20 01:31:32,848 [INFO] Both motors moved successfully. (at adc_actions.py)
2026-01-20 01:32:32,878 [DEBUG] Converted -7.297841397689181 degrees to -328 counts. (at adc_calc_angle.py)
2026-01-20 01:32:32,880 [DEBUG] Starting simultaneous move for motors 1 and 2 to position -9 with velocity 1. (at adc_actions.py)
2026-01-20 01:32:32,881 [DEBUG] Moving Motor 1 to position 9 with velocity 1 (at adc_controller.py)
2026-01-20 01:32:32,881 [DEBUG] Moving Motor 2 to position 9 with velocity 1 (at adc_controller.py)
2026-01-20 01:32:34,192 [INFO] Both motors moved successfully. (at adc_actions.py)
2026-01-20 01:33:34,222 [DEBUG] Converted -7.489478353411431 degrees to -337 counts. (at adc_calc_angle.py)
2026-01-20 01:33:34,224 [DEBUG] Starting simultaneous move for motors 1 and 2 to position -9 with velocity 1. (at adc_actions.py)
2026-01-20 01:33:34,225 [DEBUG] Moving Motor 1 to position 9 with velocity 1 (at adc_controller.py)
2026-01-20 01:33:34,225 [DEBUG] Moving Motor 2 to position 9 with velocity 1 (at adc_controller.py)
2026-01-20 01:33:35,551 [INFO] Both motors moved successfully. (at adc_actions.py)
2026-01-20 01:34:35,584 [DEBUG] Converted -7.681887938493473 degrees to -345 counts. (at adc_calc_angle.py)
2026-01-20 01:34:35,586 [DEBUG] Starting simultaneous move for motors 1 and 2 to position -8 with velocity 1. (at adc_actions.py)
2026-01-20 01:34:35,586 [DEBUG] Moving Motor 1 to position 8 with velocity 1 (at adc_controller.py)
2026-01-20 01:34:35,587 [DEBUG] Moving Motor 2 to position 8 with velocity 1 (at adc_controller.py)
2026-01-20 01:34:36,911 [INFO] Both motors moved successfully. (at adc_actions.py)
2026-01-20 01:35:36,941 [DEBUG] Converted -7.875069749376277 degrees to -354 counts. (at adc_calc_angle.py)
2026-01-20 01:35:36,942 [DEBUG] Starting simultaneous move for motors 1 and 2 to position -9 with velocity 1. (at adc_actions.py)
2026-01-20 01:35:36,943 [DEBUG] Moving Motor 1 to position 9 with velocity 1 (at adc_controller.py)
2026-01-20 01:35:36,943 [DEBUG] Moving Motor 2 to position 9 with velocity 1 (at adc_controller.py)
2026-01-20 01:35:38,270 [INFO] Both motors moved successfully. (at adc_actions.py)
2026-01-20 01:36:38,301 [DEBUG] Converted -8.069113755956172 degrees to -363 counts. (at adc_calc_angle.py)
2026-01-20 01:36:38,303 [DEBUG] Starting simultaneous move for motors 1 and 2 to position -9 with velocity 1. (at adc_actions.py)
2026-01-20 01:36:38,304 [DEBUG] Moving Motor 1 to position 9 with velocity 1 (at adc_controller.py)
2026-01-20 01:36:38,304 [DEBUG] Moving Motor 2 to position 9 with velocity 1 (at adc_controller.py)
2026-01-20 01:36:39,614 [INFO] Both motors moved successfully. (at adc_actions.py)
2026-01-20 01:37:39,646 [DEBUG] Converted -8.26402568199031 degrees to -371 counts. (at adc_calc_angle.py)
2026-01-20 01:37:39,648 [DEBUG] Starting simultaneous move for motors 1 and 2 to position -8 with velocity 1. (at adc_actions.py)
2026-01-20 01:37:39,648 [DEBUG] Moving Motor 1 to position 8 with velocity 1 (at adc_controller.py)
2026-01-20 01:37:39,648 [DEBUG] Moving Motor 2 to position 8 with velocity 1 (at adc_controller.py)
2026-01-20 01:37:40,973 [INFO] Both motors moved successfully. (at adc_actions.py)
2026-01-20 01:38:41,004 [DEBUG] Converted -8.459966270441848 degrees to -380 counts. (at adc_calc_angle.py)
2026-01-20 01:38:41,006 [DEBUG] Starting simultaneous move for motors 1 and 2 to position -9 with velocity 1. (at adc_actions.py)
2026-01-20 01:38:41,006 [DEBUG] Moving Motor 1 to position 9 with velocity 1 (at adc_controller.py)
2026-01-20 01:38:41,007 [DEBUG] Moving Motor 2 to position 9 with velocity 1 (at adc_controller.py)
2026-01-20 01:38:42,332 [INFO] Both motors moved successfully. (at adc_actions.py)
2026-01-20 01:39:42,369 [DEBUG] Converted -8.656959449885484 degrees to -389 counts. (at adc_calc_angle.py)
2026-01-20 01:39:42,371 [DEBUG] Starting simultaneous move for motors 1 and 2 to position -9 with velocity 1. (at adc_actions.py)
2026-01-20 01:39:42,372 [DEBUG] Moving Motor 1 to position 9 with velocity 1 (at adc_controller.py)
2026-01-20 01:39:42,372 [DEBUG] Moving Motor 2 to position 9 with velocity 1 (at adc_controller.py)
2026-01-20 01:39:43,692 [INFO] Both motors moved successfully. (at adc_actions.py)
2026-01-20 01:40:43,722 [DEBUG] Converted -8.854904118833895 degrees to -398 counts. (at adc_calc_angle.py)
2026-01-20 01:40:43,724 [DEBUG] Starting simultaneous move for motors 1 and 2 to position -9 with velocity 1. (at adc_actions.py)
2026-01-20 01:40:43,725 [DEBUG] Moving Motor 1 to position 9 with velocity 1 (at adc_controller.py)
2026-01-20 01:40:43,725 [DEBUG] Moving Motor 2 to position 9 with velocity 1 (at adc_controller.py)
2026-01-20 01:40:45,051 [INFO] Both motors moved successfully. (at adc_actions.py)
2026-01-20 01:41:45,081 [DEBUG] Converted -9.053651715193453 degrees to -407 counts. (at adc_calc_angle.py)
2026-01-20 01:41:45,083 [DEBUG] Starting simultaneous move for motors 1 and 2 to position -9 with velocity 1. (at adc_actions.py)
2026-01-20 01:41:45,084 [DEBUG] Moving Motor 1 to position 9 with velocity 1 (at adc_controller.py)
2026-01-20 01:41:45,084 [DEBUG] Moving Motor 2 to position 9 with velocity 1 (at adc_controller.py)
2026-01-20 01:41:46,410 [INFO] Both motors moved successfully. (at adc_actions.py)
2026-01-20 01:42:46,441 [DEBUG] Converted -9.253180616655145 degrees to -416 counts. (at adc_calc_angle.py)
2026-01-20 01:42:46,443 [DEBUG] Starting simultaneous move for motors 1 and 2 to position -9 with velocity 1. (at adc_actions.py)
2026-01-20 01:42:46,444 [DEBUG] Moving Motor 1 to position 9 with velocity 1 (at adc_controller.py)
2026-01-20 01:42:46,444 [DEBUG] Moving Motor 2 to position 9 with velocity 1 (at adc_controller.py)
2026-01-20 01:42:47,769 [INFO] Both motors moved successfully. (at adc_actions.py)
2026-01-20 01:43:47,800 [DEBUG] Converted -9.45346402127403 degrees to -425 counts. (at adc_calc_angle.py)
2026-01-20 01:43:47,802 [DEBUG] Starting simultaneous move for motors 1 and 2 to position -9 with velocity 1. (at adc_actions.py)
2026-01-20 01:43:47,802 [DEBUG] Moving Motor 1 to position 9 with velocity 1 (at adc_controller.py)
2026-01-20 01:43:47,803 [DEBUG] Moving Motor 2 to position 9 with velocity 1 (at adc_controller.py)
2026-01-20 01:43:49,129 [INFO] Both motors moved successfully. (at adc_actions.py)
2026-01-20 01:44:49,159 [DEBUG] Converted -9.654483005531018 degrees to -434 counts. (at adc_calc_angle.py)
2026-01-20 01:44:49,161 [DEBUG] Starting simultaneous move for motors 1 and 2 to position -9 with velocity 1. (at adc_actions.py)
2026-01-20 01:44:49,162 [DEBUG] Moving Motor 1 to position 9 with velocity 1 (at adc_controller.py)
2026-01-20 01:44:49,162 [DEBUG] Moving Motor 2 to position 9 with velocity 1 (at adc_controller.py)
2026-01-20 01:44:50,472 [INFO] Both motors moved successfully. (at adc_actions.py)
2026-01-20 01:45:50,502 [DEBUG] Converted -9.856157891462459 degrees to -443 counts. (at adc_calc_angle.py)
2026-01-20 01:45:50,504 [DEBUG] Starting simultaneous move for motors 1 and 2 to position -9 with velocity 1. (at adc_actions.py)
2026-01-20 01:45:50,505 [DEBUG] Moving Motor 1 to position 9 with velocity 1 (at adc_controller.py)
2026-01-20 01:45:50,505 [DEBUG] Moving Motor 2 to position 9 with velocity 1 (at adc_controller.py)
2026-01-20 01:45:51,831 [INFO] Both motors moved successfully. (at adc_actions.py)
2026-01-20 01:46:51,861 [DEBUG] Converted -10.05857072895343 degrees to -452 counts. (at adc_calc_angle.py)
2026-01-20 01:46:51,863 [DEBUG] Starting simultaneous move for motors 1 and 2 to position -9 with velocity 1. (at adc_actions.py)
2026-01-20 01:46:51,864 [DEBUG] Moving Motor 1 to position 9 with velocity 1 (at adc_controller.py)
2026-01-20 01:46:51,864 [DEBUG] Moving Motor 2 to position 9 with velocity 1 (at adc_controller.py)
2026-01-20 01:46:53,191 [INFO] Both motors moved successfully. (at adc_actions.py)
2026-01-20 01:47:53,221 [DEBUG] Converted -10.261647424579644 degrees to -461 counts. (at adc_calc_angle.py)
2026-01-20 01:47:53,223 [DEBUG] Starting simultaneous move for motors 1 and 2 to position -9 with velocity 1. (at adc_actions.py)
2026-01-20 01:47:53,223 [DEBUG] Moving Motor 1 to position 9 with velocity 1 (at adc_controller.py)
2026-01-20 01:47:53,224 [DEBUG] Moving Motor 2 to position 9 with velocity 1 (at adc_controller.py)
2026-01-20 01:47:54,550 [INFO] Both motors moved successfully. (at adc_actions.py)
2026-01-20 01:48:54,580 [DEBUG] Converted -10.465362474123761 degrees to -470 counts. (at adc_calc_angle.py)
2026-01-20 01:48:54,582 [DEBUG] Starting simultaneous move for motors 1 and 2 to position -9 with velocity 1. (at adc_actions.py)
2026-01-20 01:48:54,583 [DEBUG] Moving Motor 1 to position 9 with velocity 1 (at adc_controller.py)
2026-01-20 01:48:54,583 [DEBUG] Moving Motor 2 to position 9 with velocity 1 (at adc_controller.py)
2026-01-20 01:48:55,909 [INFO] Both motors moved successfully. (at adc_actions.py)
2026-01-20 01:49:55,940 [DEBUG] Converted -10.669693794714872 degrees to -480 counts. (at adc_calc_angle.py)
2026-01-20 01:49:55,942 [DEBUG] Starting simultaneous move for motors 1 and 2 to position -10 with velocity 1. (at adc_actions.py)
2026-01-20 01:49:55,942 [DEBUG] Moving Motor 1 to position 10 with velocity 1 (at adc_controller.py)
2026-01-20 01:49:55,943 [DEBUG] Moving Motor 2 to position 10 with velocity 1 (at adc_controller.py)
2026-01-20 01:49:57,269 [INFO] Both motors moved successfully. (at adc_actions.py)
2026-01-20 01:50:57,299 [DEBUG] Converted -10.874615836388648 degrees to -489 counts. (at adc_calc_angle.py)
2026-01-20 01:50:57,301 [DEBUG] Starting simultaneous move for motors 1 and 2 to position -9 with velocity 1. (at adc_actions.py)
2026-01-20 01:50:57,302 [DEBUG] Moving Motor 1 to position 9 with velocity 1 (at adc_controller.py)
2026-01-20 01:50:57,302 [DEBUG] Moving Motor 2 to position 9 with velocity 1 (at adc_controller.py)
2026-01-20 01:50:58,628 [INFO] Both motors moved successfully. (at adc_actions.py)
2026-01-20 01:51:58,658 [DEBUG] Converted -11.080105130214033 degrees to -498 counts. (at adc_calc_angle.py)
2026-01-20 01:51:58,660 [DEBUG] Starting simultaneous move for motors 1 and 2 to position -9 with velocity 1. (at adc_actions.py)
2026-01-20 01:51:58,661 [DEBUG] Moving Motor 1 to position 9 with velocity 1 (at adc_controller.py)
2026-01-20 01:51:58,661 [DEBUG] Moving Motor 2 to position 9 with velocity 1 (at adc_controller.py)
2026-01-20 01:51:59,972 [INFO] Both motors moved successfully. (at adc_actions.py)
2026-01-20 01:53:33,805 [INFO] Retrieving status for motor 0. (at adc_actions.py)
2026-01-20 01:53:33,875 [INFO] Device states: {'motor1': {'position_state': 8388, 'connection_state': True}, 'motor2': {'position_state': 2649, 'connection_state': True}} (at adc_controller.py)
2026-01-20 01:53:33,875 [INFO] Motor 0 status: {'motor1': {'position_state': 8388, 'connection_state': True}, 'motor2': {'position_state': 2649, 'connection_state': True}} (at adc_actions.py)
2026-01-20 01:53:45,205 [INFO] Retrieving status for motor 0. (at adc_actions.py)
2026-01-20 01:53:45,267 [INFO] Device states: {'motor1': {'position_state': 8388, 'connection_state': True}, 'motor2': {'position_state': 2649, 'connection_state': True}} (at adc_controller.py)
2026-01-20 01:53:45,267 [INFO] Motor 0 status: {'motor1': {'position_state': 8388, 'connection_state': True}, 'motor2': {'position_state': 2649, 'connection_state': True}} (at adc_actions.py)
2026-01-20 01:53:58,346 [INFO] Starting zeroing operation with velocity 1 RPM. (at adc_actions.py)
2026-01-20 01:53:58,346 [DEBUG] Initiating homing as part of zeroing. (at adc_actions.py)
2026-01-20 01:53:58,346 [INFO] Zeroing process initiated... (at adc_controller.py)
2026-01-20 01:53:58,370 [INFO] Current positions: Motor 1: 8388, Motor 2: 2649 (at adc_controller.py)
2026-01-20 01:53:58,370 [INFO] Target Zero positions: Motor 1: 7890, Motor 2: 2151 (at adc_controller.py)
2026-01-20 01:53:58,371 [INFO] Moving motors to Zero positions... (at adc_controller.py)
2026-01-20 01:53:58,371 [DEBUG] Moving Motor 1 to position -498 with velocity 1 (at adc_controller.py)
2026-01-20 01:53:58,371 [DEBUG] Moving Motor 2 to position -498 with velocity 1 (at adc_controller.py)
2026-01-20 01:53:59,161 [INFO] Starting zeroing operation with velocity 1 RPM. (at adc_actions.py)
2026-01-20 01:53:59,161 [DEBUG] Initiating homing as part of zeroing. (at adc_actions.py)
2026-01-20 01:53:59,161 [INFO] Zeroing process initiated... (at adc_controller.py)
2026-01-20 01:53:59,186 [INFO] Current positions: Motor 1: 8357, Motor 2: 2613 (at adc_controller.py)
2026-01-20 01:53:59,186 [INFO] Target Zero positions: Motor 1: 7890, Motor 2: 2151 (at adc_controller.py)
2026-01-20 01:53:59,187 [INFO] Moving motors to Zero positions... (at adc_controller.py)
2026-01-20 01:53:59,187 [DEBUG] Moving Motor 1 to position -467 with velocity 1 (at adc_controller.py)
2026-01-20 01:53:59,188 [DEBUG] Moving Motor 2 to position -462 with velocity 1 (at adc_controller.py)
2026-01-20 01:54:07,570 [INFO] Motors moved to Zero positions successfully. (at adc_controller.py)
2026-01-20 01:54:07,571 [INFO] Zeroing operation completed successfully. (at adc_actions.py)
2026-01-20 01:54:07,746 [INFO] Motors moved to Zero positions successfully. (at adc_controller.py)
2026-01-20 01:54:07,746 [INFO] Zeroing operation completed successfully. (at adc_actions.py)
2026-01-20 01:54:17,402 [INFO] Starting homing operation. (at adc_actions.py)
2026-01-20 01:54:17,402 [DEBUG] Calling homing method on controller. (at adc_actions.py)
2026-01-20 01:54:17,426 [INFO] Current positions: Motor 1: 7880, Motor 2: 2141 (at adc_controller.py)
2026-01-20 01:54:17,426 [INFO] Target home positions: Motor 1: 255, Motor 2: 225 (at adc_controller.py)
2026-01-20 01:54:17,426 [INFO] Moving motors to home positions... (at adc_controller.py)
2026-01-20 01:54:17,427 [DEBUG] Moving Motor 1 to position -7625 with velocity 1 (at adc_controller.py)
2026-01-20 01:54:17,427 [DEBUG] Moving Motor 2 to position -1916 with velocity 1 (at adc_controller.py)
2026-01-20 01:56:24,721 [INFO] Motors moved to home positions successfully. (at adc_controller.py)
2026-01-20 01:56:24,753 [INFO] Homing complete. Final positions: Motor 1: 255, Motor 2: 225 (at adc_controller.py)
2026-01-20 01:56:24,817 [INFO] Device states: {'motor1': {'position_state': 255, 'connection_state': True}, 'motor2': {'position_state': 225, 'connection_state': True}} (at adc_controller.py)
2026-01-20 01:56:24,817 [INFO] Homing completed successfully. (at adc_actions.py)
2026-01-20 01:58:04,783 [INFO] Starting parking operation. (at adc_actions.py)
2026-01-20 01:58:04,783 [DEBUG] Parking motors at predefined position. (at adc_actions.py)
2026-01-20 01:58:04,783 [INFO] Parking process initiated... (at adc_controller.py)
2026-01-20 01:58:04,816 [INFO] Current positions: Motor 1: 255, Motor 2: 225 (at adc_controller.py)
2026-01-20 01:58:04,816 [INFO] Target parking positions relative to home: Motor 1: 5, Motor 2: 0 (at adc_controller.py)
2026-01-20 01:58:04,816 [INFO] Moving motors to parking positions... (at adc_controller.py)
2026-01-20 01:58:04,817 [DEBUG] Moving Motor 1 to position -250 with velocity 1 (at adc_controller.py)
2026-01-20 01:58:04,817 [DEBUG] Moving Motor 2 to position -225 with velocity 1 (at adc_controller.py)
2026-01-20 01:58:10,144 [INFO] Motors moved to parking positions successfully. (at adc_controller.py)
2026-01-20 01:58:10,144 [INFO] Parking completed successfully. (at adc_actions.py)
