2026-01-17 15:36:06,514 [DEBUG] Initializing AdcActions class. (at adc_actions.py)
2026-01-17 15:36:06,515 [DEBUG] Initializing AdcController (at adc_actions.py)
2026-01-17 15:36:06,515 [INFO] Starting the process to find devices... (at adc_actions.py)
2026-01-17 15:36:06,606 [INFO] Found bus hardware ID 0: BusHardwareId(Serial Port (/dev/ttyUSB0)) [bus hardware: Serial Port, protocol: MODBUS RTU, hardware specifier: /dev/ttyUSB0] (at adc_actions.py)
2026-01-17 15:36:06,606 [INFO] Found bus hardware ID 1: BusHardwareId(USB Bus) [bus hardware: USB BUS, protocol: MODBUS VCP, hardware specifier: UsbRoot0, extra hardware specifier: UsbBusVcp] (at adc_actions.py)
2026-01-17 15:36:06,606 [INFO] Found bus hardware ID 2: BusHardwareId(eno12399np0 (Ethernet interface)) [bus hardware: Network Adapter, protocol: MODBUS TCP, hardware specifier: eno12399np0] (at adc_actions.py)
2026-01-17 15:36:06,606 [INFO] Found bus hardware ID 3: BusHardwareId(eno12399np0 (Ethernet interface)) [bus hardware: Network Adapter, protocol: EtherCAT, hardware specifier: eno12399np0] (at adc_actions.py)
2026-01-17 15:36:06,606 [INFO] Found bus hardware ID 4: BusHardwareId(eno12399np0 (Ethernet interface)) [bus hardware: Network Adapter, protocol: RESTful API, hardware specifier: eno12399np0] (at adc_actions.py)
2026-01-17 15:36:06,606 [INFO] Found bus hardware ID 5: BusHardwareId(USB Bus) [bus hardware: USB BUS, protocol: MSC, hardware specifier: UsbRoot0, extra hardware specifier: UsbBusMsc] (at adc_actions.py)
2026-01-17 15:36:06,606 [INFO] Selected bus hardware ID: <nanotec_nanolib.Nanolib.BusHardwareId; proxy of <Swig Object of type 'nlc::BusHardwareId *' at 0x7f58ff037390> > (at adc_actions.py)
2026-01-17 15:36:34,156 [INFO] Device 1 added successfully. (at adc_actions.py)
2026-01-17 15:36:34,157 [INFO] Device 2 added successfully. (at adc_actions.py)
2026-01-17 15:36:34,157 [INFO] Lookup table found: /home/kspecics/work/KSPEC_ICS/ADC/kspec_adc_controller/src/etc/ADC_lookup.csv (at adc_actions.py)
2026-01-17 15:36:34,160 [INFO] Interpolation function using pchip method created. (at adc_actions.py)
2026-01-17 15:38:30,180 [INFO] Connecting to devices. (at adc_actions.py)
2026-01-17 15:38:30,354 [INFO] Device 1 connected successfully. (at adc_actions.py)
2026-01-17 15:38:30,530 [INFO] Device 2 connected successfully. (at adc_actions.py)
2026-01-17 15:38:30,530 [INFO] Connection successful. (at adc_actions.py)
2026-01-17 15:38:30,542 [INFO] Starting homing operation. (at adc_actions.py)
2026-01-17 15:38:30,542 [DEBUG] Calling homing method on controller. (at adc_actions.py)
2026-01-17 15:38:30,542 [INFO] Initializing homing process for both motors. (at adc_actions.py)
2026-01-17 15:38:30,578 [DEBUG] Raw value Motor 1: 196, Raw value Motor 2: 196 (at adc_actions.py)
2026-01-17 15:38:30,706 [INFO] Motor 1 homing initiated. Monitoring position changes... (at adc_actions.py)
2026-01-17 15:38:30,850 [INFO] Motor 2 homing initiated. Monitoring position changes... (at adc_actions.py)
2026-01-17 15:38:39,010 [DEBUG] Stopping Motor 1 (at adc_actions.py)
2026-01-17 15:38:39,042 [INFO] Motor 1 stopped successfully. (at adc_actions.py)
2026-01-17 15:38:39,058 [ERROR] Motor 1 halt failed. (at adc_actions.py)
2026-01-17 15:38:39,058 [DEBUG] Home position found for Motor 1. (at adc_actions.py)
2026-01-17 15:38:39,170 [DEBUG] Stopping Motor 2 (at adc_actions.py)
2026-01-17 15:38:39,202 [INFO] Motor 2 stopped successfully. (at adc_actions.py)
2026-01-17 15:38:39,218 [ERROR] Motor 2 halt failed. (at adc_actions.py)
2026-01-17 15:38:39,218 [DEBUG] Home position found for Motor 2. (at adc_actions.py)
2026-01-17 15:38:39,250 [INFO] Home positions set: Motor 1: 16668, Motor 2: 16626 (at adc_actions.py)
2026-01-17 15:38:39,282 [INFO] Homing complete. Final positions: Motor 1: 16668, Motor 2: 16626 (at adc_actions.py)
2026-01-17 15:38:39,282 [INFO] Homing completed successfully. (at adc_actions.py)
2026-01-17 15:38:39,295 [INFO] Starting zeroing operation with velocity 1 RPM. (at adc_actions.py)
2026-01-17 15:38:39,296 [DEBUG] Initiating homing as part of zeroing. (at adc_actions.py)
2026-01-17 15:38:39,296 [INFO] Zeroing process initiated... (at adc_actions.py)
2026-01-17 15:38:39,330 [INFO] Current positions: Motor 1: 16668, Motor 2: 16626 (at adc_actions.py)
2026-01-17 15:38:39,330 [INFO] Target Zero positions: Motor 1: 24303, Motor 2: 18552 (at adc_actions.py)
2026-01-17 15:38:39,330 [INFO] Moving motors to Zero positions... (at adc_actions.py)
2026-01-17 15:38:39,332 [DEBUG] Moving Motor 1 to position 7635 with velocity 1 (at adc_actions.py)
2026-01-17 15:38:39,333 [DEBUG] Moving Motor 2 to position 1926 with velocity 1 (at adc_actions.py)
2026-01-17 15:40:47,634 [INFO] Motors moved to Zero positions successfully. (at adc_actions.py)
2026-01-17 15:40:47,634 [INFO] Zeroing operation completed successfully. (at adc_actions.py)
2026-01-17 15:40:47,647 [INFO] Retrieving status for motor 0. (at adc_actions.py)
2026-01-17 15:40:47,714 [INFO] Device states: {'motor1': {'position_state': 24303, 'connection_state': True}, 'motor2': {'position_state': 18552, 'connection_state': True}} (at adc_actions.py)
2026-01-17 15:40:47,714 [INFO] Motor 0 status: {'motor1': {'position_state': 24303, 'connection_state': True}, 'motor2': {'position_state': 18552, 'connection_state': True}} (at adc_actions.py)
2026-01-17 15:41:07,918 [INFO] Starting homing operation. (at adc_actions.py)
2026-01-17 15:41:07,918 [DEBUG] Calling homing method on controller. (at adc_actions.py)
2026-01-17 15:41:07,954 [INFO] Current positions: Motor 1: 24303, Motor 2: 18552 (at adc_actions.py)
2026-01-17 15:41:07,954 [INFO] Target home positions: Motor 1: 16668, Motor 2: 16626 (at adc_actions.py)
2026-01-17 15:41:07,954 [INFO] Moving motors to home positions... (at adc_actions.py)
2026-01-17 15:41:07,955 [DEBUG] Moving Motor 1 to position -7635 with velocity 1 (at adc_actions.py)
2026-01-17 15:41:07,955 [DEBUG] Moving Motor 2 to position -1926 with velocity 1 (at adc_actions.py)
2026-01-17 15:43:16,258 [INFO] Motors moved to home positions successfully. (at adc_actions.py)
2026-01-17 15:43:16,289 [INFO] Homing complete. Final positions: Motor 1: 16668, Motor 2: 16626 (at adc_actions.py)
2026-01-17 15:43:16,290 [INFO] Homing completed successfully. (at adc_actions.py)
2026-01-17 15:46:40,324 [INFO] Starting parking operation. (at adc_actions.py)
2026-01-17 15:46:40,324 [DEBUG] Parking motors at predefined position. (at adc_actions.py)
2026-01-17 15:46:40,324 [INFO] Parking process initiated... (at adc_actions.py)
2026-01-17 15:46:40,353 [INFO] Current positions: Motor 1: 16668, Motor 2: 16626 (at adc_actions.py)
2026-01-17 15:46:40,353 [INFO] Target parking positions relative to home: Motor 1: 16168, Motor 2: 16126 (at adc_actions.py)
2026-01-17 15:46:40,353 [INFO] Moving motors to parking positions... (at adc_actions.py)
2026-01-17 15:46:40,354 [DEBUG] Moving Motor 1 to position -500 with velocity 1 (at adc_actions.py)
2026-01-17 15:46:40,354 [DEBUG] Moving Motor 2 to position -500 with velocity 1 (at adc_actions.py)
2026-01-17 15:46:49,745 [INFO] Motors moved to parking positions successfully. (at adc_actions.py)
2026-01-17 15:46:49,745 [INFO] Parking completed successfully. (at adc_actions.py)
2026-01-17 15:47:28,907 [DEBUG] Initializing AdcActions class. (at adc_actions.py)
2026-01-17 15:47:28,908 [DEBUG] Initializing AdcController (at adc_actions.py)
2026-01-17 15:47:28,908 [INFO] Starting the process to find devices... (at adc_actions.py)
2026-01-17 15:47:28,999 [INFO] Found bus hardware ID 0: BusHardwareId(Serial Port (/dev/ttyUSB0)) [bus hardware: Serial Port, protocol: MODBUS RTU, hardware specifier: /dev/ttyUSB0] (at adc_actions.py)
2026-01-17 15:47:28,999 [INFO] Found bus hardware ID 1: BusHardwareId(USB Bus) [bus hardware: USB BUS, protocol: MODBUS VCP, hardware specifier: UsbRoot0, extra hardware specifier: UsbBusVcp] (at adc_actions.py)
2026-01-17 15:47:28,999 [INFO] Found bus hardware ID 2: BusHardwareId(eno12399np0 (Ethernet interface)) [bus hardware: Network Adapter, protocol: MODBUS TCP, hardware specifier: eno12399np0] (at adc_actions.py)
2026-01-17 15:47:28,999 [INFO] Found bus hardware ID 3: BusHardwareId(eno12399np0 (Ethernet interface)) [bus hardware: Network Adapter, protocol: EtherCAT, hardware specifier: eno12399np0] (at adc_actions.py)
2026-01-17 15:47:28,999 [INFO] Found bus hardware ID 4: BusHardwareId(eno12399np0 (Ethernet interface)) [bus hardware: Network Adapter, protocol: RESTful API, hardware specifier: eno12399np0] (at adc_actions.py)
2026-01-17 15:47:28,999 [INFO] Found bus hardware ID 5: BusHardwareId(USB Bus) [bus hardware: USB BUS, protocol: MSC, hardware specifier: UsbRoot0, extra hardware specifier: UsbBusMsc] (at adc_actions.py)
2026-01-17 15:47:28,999 [INFO] Selected bus hardware ID: <nanotec_nanolib.Nanolib.BusHardwareId; proxy of <Swig Object of type 'nlc::BusHardwareId *' at 0x7b927bc77f60> > (at adc_actions.py)
2026-01-17 15:47:56,536 [INFO] Device 1 added successfully. (at adc_actions.py)
2026-01-17 15:47:56,537 [INFO] Device 2 added successfully. (at adc_actions.py)
2026-01-17 15:47:56,538 [INFO] Lookup table found: /home/kspecics/work/KSPEC_ICS/ADC/kspec_adc_controller/src/etc/ADC_lookup.csv (at adc_actions.py)
2026-01-17 15:47:56,540 [INFO] Interpolation function using pchip method created. (at adc_actions.py)
2026-01-17 15:49:45,676 [DEBUG] Initializing AdcActions class. (at adc_actions.py)
2026-01-17 15:49:45,676 [DEBUG] Initializing AdcController (at adc_actions.py)
2026-01-17 15:49:45,676 [INFO] Starting the process to find devices... (at adc_actions.py)
2026-01-17 15:49:45,768 [INFO] Found bus hardware ID 0: BusHardwareId(Serial Port (/dev/ttyUSB0)) [bus hardware: Serial Port, protocol: MODBUS RTU, hardware specifier: /dev/ttyUSB0] (at adc_actions.py)
2026-01-17 15:49:45,768 [INFO] Found bus hardware ID 1: BusHardwareId(USB Bus) [bus hardware: USB BUS, protocol: MODBUS VCP, hardware specifier: UsbRoot0, extra hardware specifier: UsbBusVcp] (at adc_actions.py)
2026-01-17 15:49:45,768 [INFO] Found bus hardware ID 2: BusHardwareId(eno12399np0 (Ethernet interface)) [bus hardware: Network Adapter, protocol: MODBUS TCP, hardware specifier: eno12399np0] (at adc_actions.py)
2026-01-17 15:49:45,768 [INFO] Found bus hardware ID 3: BusHardwareId(eno12399np0 (Ethernet interface)) [bus hardware: Network Adapter, protocol: EtherCAT, hardware specifier: eno12399np0] (at adc_actions.py)
2026-01-17 15:49:45,768 [INFO] Found bus hardware ID 4: BusHardwareId(eno12399np0 (Ethernet interface)) [bus hardware: Network Adapter, protocol: RESTful API, hardware specifier: eno12399np0] (at adc_actions.py)
2026-01-17 15:49:45,768 [INFO] Found bus hardware ID 5: BusHardwareId(USB Bus) [bus hardware: USB BUS, protocol: MSC, hardware specifier: UsbRoot0, extra hardware specifier: UsbBusMsc] (at adc_actions.py)
2026-01-17 15:49:45,768 [INFO] Selected bus hardware ID: <nanotec_nanolib.Nanolib.BusHardwareId; proxy of <Swig Object of type 'nlc::BusHardwareId *' at 0x7e0ff18bec70> > (at adc_actions.py)
2026-01-17 15:50:13,333 [INFO] Device 1 added successfully. (at adc_actions.py)
2026-01-17 15:50:13,334 [INFO] Device 2 added successfully. (at adc_actions.py)
2026-01-17 15:50:13,335 [INFO] Lookup table found: /home/kspecics/work/KSPEC_ICS/ADC/kspec_adc_controller/src/etc/ADC_lookup.csv (at adc_actions.py)
2026-01-17 15:50:13,337 [INFO] Interpolation function using pchip method created. (at adc_actions.py)
2026-01-17 15:50:24,630 [INFO] Connecting to devices. (at adc_actions.py)
2026-01-17 15:50:24,812 [INFO] Device 1 connected successfully. (at adc_actions.py)
2026-01-17 15:50:24,988 [INFO] Device 2 connected successfully. (at adc_actions.py)
2026-01-17 15:50:24,988 [INFO] Connection successful. (at adc_actions.py)
2026-01-17 15:50:25,004 [INFO] Starting homing operation. (at adc_actions.py)
2026-01-17 15:50:25,004 [DEBUG] Calling homing method on controller. (at adc_actions.py)
2026-01-17 15:50:25,004 [INFO] Initializing homing process for both motors. (at adc_actions.py)
2026-01-17 15:50:25,036 [DEBUG] Raw value Motor 1: 196, Raw value Motor 2: 196 (at adc_actions.py)
2026-01-17 15:50:25,164 [INFO] Motor 1 homing initiated. Monitoring position changes... (at adc_actions.py)
2026-01-17 15:50:25,308 [INFO] Motor 2 homing initiated. Monitoring position changes... (at adc_actions.py)
2026-01-17 15:50:33,468 [DEBUG] Stopping Motor 1 (at adc_actions.py)
2026-01-17 15:50:33,500 [INFO] Motor 1 stopped successfully. (at adc_actions.py)
2026-01-17 15:50:33,516 [ERROR] Motor 1 halt failed. (at adc_actions.py)
2026-01-17 15:50:33,516 [DEBUG] Home position found for Motor 1. (at adc_actions.py)
2026-01-17 15:50:33,628 [DEBUG] Stopping Motor 2 (at adc_actions.py)
2026-01-17 15:50:33,660 [INFO] Motor 2 stopped successfully. (at adc_actions.py)
2026-01-17 15:50:33,676 [ERROR] Motor 2 halt failed. (at adc_actions.py)
2026-01-17 15:50:33,676 [DEBUG] Home position found for Motor 2. (at adc_actions.py)
2026-01-17 15:50:33,708 [INFO] Home positions set: Motor 1: 16667, Motor 2: 16626 (at adc_actions.py)
2026-01-17 15:50:33,740 [INFO] Homing complete. Final positions: Motor 1: 16667, Motor 2: 16626 (at adc_actions.py)
2026-01-17 15:50:33,740 [INFO] Homing completed successfully. (at adc_actions.py)
2026-01-17 15:50:33,753 [INFO] Starting zeroing operation with velocity 1 RPM. (at adc_actions.py)
2026-01-17 15:50:33,753 [DEBUG] Initiating homing as part of zeroing. (at adc_actions.py)
2026-01-17 15:50:33,753 [INFO] Zeroing process initiated... (at adc_actions.py)
2026-01-17 15:50:33,788 [INFO] Current positions: Motor 1: 16667, Motor 2: 16626 (at adc_actions.py)
2026-01-17 15:50:33,788 [INFO] Target Zero positions: Motor 1: 24302, Motor 2: 18552 (at adc_actions.py)
2026-01-17 15:50:33,788 [INFO] Moving motors to Zero positions... (at adc_actions.py)
2026-01-17 15:50:33,790 [DEBUG] Moving Motor 1 to position 7635 with velocity 1 (at adc_actions.py)
2026-01-17 15:50:33,791 [DEBUG] Moving Motor 2 to position 1926 with velocity 1 (at adc_actions.py)
2026-01-17 15:52:42,092 [INFO] Motors moved to Zero positions successfully. (at adc_actions.py)
2026-01-17 15:52:42,092 [INFO] Zeroing operation completed successfully. (at adc_actions.py)
2026-01-17 15:52:42,103 [INFO] Retrieving status for motor 0. (at adc_actions.py)
2026-01-17 15:52:42,171 [INFO] Device states: {'motor1': {'position_state': 24302, 'connection_state': True}, 'motor2': {'position_state': 18552, 'connection_state': True}} (at adc_actions.py)
2026-01-17 15:52:42,172 [INFO] Motor 0 status: {'motor1': {'position_state': 24302, 'connection_state': True}, 'motor2': {'position_state': 18552, 'connection_state': True}} (at adc_actions.py)
2026-01-17 15:53:40,980 [INFO] Starting homing operation. (at adc_actions.py)
2026-01-17 15:53:40,980 [DEBUG] Calling homing method on controller. (at adc_actions.py)
2026-01-17 15:53:41,019 [INFO] Current positions: Motor 1: 24302, Motor 2: 18552 (at adc_actions.py)
2026-01-17 15:53:41,019 [INFO] Target home positions: Motor 1: 16667, Motor 2: 16626 (at adc_actions.py)
2026-01-17 15:53:41,019 [INFO] Moving motors to home positions... (at adc_actions.py)
2026-01-17 15:53:41,020 [DEBUG] Moving Motor 1 to position -7635 with velocity 1 (at adc_actions.py)
2026-01-17 15:53:41,020 [DEBUG] Moving Motor 2 to position -1926 with velocity 1 (at adc_actions.py)
2026-01-17 15:55:49,307 [INFO] Motors moved to home positions successfully. (at adc_actions.py)
2026-01-17 15:55:49,338 [INFO] Homing complete. Final positions: Motor 1: 16667, Motor 2: 16626 (at adc_actions.py)
2026-01-17 15:55:49,338 [INFO] Homing completed successfully. (at adc_actions.py)
2026-01-17 15:55:57,084 [INFO] Starting parking operation. (at adc_actions.py)
2026-01-17 15:55:57,084 [DEBUG] Parking motors at predefined position. (at adc_actions.py)
2026-01-17 15:55:57,084 [INFO] Parking process initiated... (at adc_actions.py)
2026-01-17 15:55:57,114 [INFO] Current positions: Motor 1: 16667, Motor 2: 16626 (at adc_actions.py)
2026-01-17 15:55:57,114 [INFO] Target parking positions relative to home: Motor 1: 16167, Motor 2: 16126 (at adc_actions.py)
2026-01-17 15:55:57,115 [INFO] Moving motors to parking positions... (at adc_actions.py)
2026-01-17 15:55:57,115 [DEBUG] Moving Motor 1 to position -500 with velocity 1 (at adc_actions.py)
2026-01-17 15:55:57,115 [DEBUG] Moving Motor 2 to position -500 with velocity 1 (at adc_actions.py)
2026-01-17 15:56:06,490 [INFO] Motors moved to parking positions successfully. (at adc_actions.py)
2026-01-17 15:56:06,491 [INFO] Parking completed successfully. (at adc_actions.py)
