2026-03-13 13:42:59,503 [INFO] Initialized GFAEnvironment with role 'plate' and cameras [1, 2, 3, 4, 5, 6]
2026-03-13 13:42:59,503 [INFO] Initializing GFAGuider...
2026-03-13 13:42:59,503 [DEBUG] Raw dir       : /media/shyunc/DATA/KSpec/KSPEC_ICS/GFA/Simul/kspec_gfa_controller/src/img/raw
2026-03-13 13:42:59,503 [DEBUG] Final astro dir: /media/shyunc/DATA/KSpec/KSPEC_ICS/GFA/Simul/kspec_gfa_controller/src/img/astroimg/
2026-03-13 13:42:59,503 [DEBUG] Cutout dir    : /media/shyunc/DATA/KSpec/KSPEC_ICS/GFA/Simul/kspec_gfa_controller/src/img/cutout
2026-03-13 13:42:59,503 [DEBUG] Star catalog  : /media/shyunc/DATA/KSpec/KSPEC_ICS/GFA/Simul/kspec_gfa_controller/src/img/combined_star.fits
2026-03-13 13:42:59,503 [INFO] GFAGuider setup complete.
2026-03-13 13:42:59,504 [INFO] Initialized GFAEnvironment with role 'finder' and cameras [7]
2026-03-13 14:34:00,872 [INFO] [guiding] save=True, raw_save_path=/media/shyunc/DATA/KSpec/KSPEC_ICS/GFA/Simul/kspec_gfa_controller/src/img/raw, guiding_save_path=/media/shyunc/DATA/KSpec/KSPEC_ICS/GFA/Simul/kspec_gfa_controller/src/img/guiding_save/2026-03-13
2026-03-13 14:34:00,872 [INFO] Starting guiding sequence...
2026-03-13 14:34:00,872 [INFO] Ensuring astrometry outputs are ready (no procimg depeasync def guiding(ndency)...
2026-03-13 14:34:00,940 [INFO] Guiding test......
2026-03-13 14:34:30,946 [INFO] [guiding] save=True, raw_save_path=/media/shyunc/DATA/KSpec/KSPEC_ICS/GFA/Simul/kspec_gfa_controller/src/img/raw, guiding_save_path=/media/shyunc/DATA/KSpec/KSPEC_ICS/GFA/Simul/kspec_gfa_controller/src/img/guiding_save/2026-03-13
2026-03-13 14:34:30,947 [INFO] Starting guiding sequence...
2026-03-13 14:34:30,947 [INFO] Ensuring astrometry outputs are ready (no procimg depeasync def guiding(ndency)...
2026-03-13 14:34:31,010 [INFO] Guiding test......
2026-03-13 14:35:01,014 [INFO] [guiding] save=True, raw_save_path=/media/shyunc/DATA/KSpec/KSPEC_ICS/GFA/Simul/kspec_gfa_controller/src/img/raw, guiding_save_path=/media/shyunc/DATA/KSpec/KSPEC_ICS/GFA/Simul/kspec_gfa_controller/src/img/guiding_save/2026-03-13
2026-03-13 14:35:01,015 [INFO] Starting guiding sequence...
2026-03-13 14:35:01,015 [INFO] Ensuring astrometry outputs are ready (no procimg depeasync def guiding(ndency)...
2026-03-13 14:35:01,076 [INFO] Guiding test......
2026-03-13 14:35:15,087 [INFO] [guiding] save=True, raw_save_path=/media/shyunc/DATA/KSpec/KSPEC_ICS/GFA/Simul/kspec_gfa_controller/src/img/raw, guiding_save_path=/media/shyunc/DATA/KSpec/KSPEC_ICS/GFA/Simul/kspec_gfa_controller/src/img/guiding_save/2026-03-13
2026-03-13 14:35:15,088 [INFO] Starting guiding sequence...
2026-03-13 14:35:15,088 [INFO] Ensuring astrometry outputs are ready (no procimg depeasync def guiding(ndency)...
2026-03-13 14:35:15,148 [INFO] Guiding test......
2026-03-13 14:35:41,798 [INFO] [guiding] save=True, raw_save_path=/media/shyunc/DATA/KSpec/KSPEC_ICS/GFA/Simul/kspec_gfa_controller/src/img/raw, guiding_save_path=/media/shyunc/DATA/KSpec/KSPEC_ICS/GFA/Simul/kspec_gfa_controller/src/img/guiding_save/2026-03-13
2026-03-13 14:35:41,798 [INFO] Starting guiding sequence...
2026-03-13 14:35:41,799 [INFO] Ensuring astrometry outputs are ready (no procimg depeasync def guiding(ndency)...
2026-03-13 14:35:41,862 [INFO] Guiding test......
2026-03-13 15:31:52,068 [INFO] [guiding] save=False, raw_save_path=/media/shyunc/DATA/KSpec/KSPEC_ICS/GFA/Simul/kspec_gfa_controller/src/img/raw, guiding_save_path=/media/shyunc/DATA/KSpec/KSPEC_ICS/GFA/Simul/kspec_gfa_controller/src/img/guiding_save/2026-03-13
2026-03-13 15:31:52,068 [INFO] Starting guiding sequence...
2026-03-13 15:31:52,068 [INFO] Ensuring astrometry outputs are ready (no procimg depeasync def guiding(ndency)...
2026-03-13 15:31:52,131 [INFO] Guiding test......
2026-03-13 15:32:22,135 [INFO] [guiding] save=False, raw_save_path=/media/shyunc/DATA/KSpec/KSPEC_ICS/GFA/Simul/kspec_gfa_controller/src/img/raw, guiding_save_path=/media/shyunc/DATA/KSpec/KSPEC_ICS/GFA/Simul/kspec_gfa_controller/src/img/guiding_save/2026-03-13
2026-03-13 15:32:22,136 [INFO] Starting guiding sequence...
2026-03-13 15:32:22,136 [INFO] Ensuring astrometry outputs are ready (no procimg depeasync def guiding(ndency)...
2026-03-13 15:32:22,196 [INFO] Guiding test......
2026-03-13 16:12:11,060 [INFO] [guiding] save=False, raw_save_path=/media/shyunc/DATA/KSpec/KSPEC_ICS/GFA/Simul/kspec_gfa_controller/src/img/raw, guiding_save_path=/media/shyunc/DATA/KSpec/KSPEC_ICS/GFA/Simul/kspec_gfa_controller/src/img/guiding_save/2026-03-13
2026-03-13 16:12:11,060 [INFO] Starting guiding sequence...
2026-03-13 16:12:11,060 [INFO] Ensuring astrometry outputs are ready (no procimg depeasync def guiding(ndency)...
2026-03-13 16:12:11,121 [INFO] Guiding test......
2026-03-13 16:12:41,124 [INFO] [guiding] save=False, raw_save_path=/media/shyunc/DATA/KSpec/KSPEC_ICS/GFA/Simul/kspec_gfa_controller/src/img/raw, guiding_save_path=/media/shyunc/DATA/KSpec/KSPEC_ICS/GFA/Simul/kspec_gfa_controller/src/img/guiding_save/2026-03-13
2026-03-13 16:12:41,125 [INFO] Starting guiding sequence...
2026-03-13 16:12:41,125 [INFO] Ensuring astrometry outputs are ready (no procimg depeasync def guiding(ndency)...
2026-03-13 16:12:41,186 [INFO] Guiding test......
2026-03-13 16:13:11,190 [INFO] [guiding] save=False, raw_save_path=/media/shyunc/DATA/KSpec/KSPEC_ICS/GFA/Simul/kspec_gfa_controller/src/img/raw, guiding_save_path=/media/shyunc/DATA/KSpec/KSPEC_ICS/GFA/Simul/kspec_gfa_controller/src/img/guiding_save/2026-03-13
2026-03-13 16:13:11,191 [INFO] Starting guiding sequence...
2026-03-13 16:13:11,191 [INFO] Ensuring astrometry outputs are ready (no procimg depeasync def guiding(ndency)...
2026-03-13 16:13:11,250 [INFO] Guiding test......
