2025-09-15 16:48:16,762 [INFO] Initialized GFAEnvironment with role 'plate' and cameras [1, 2, 3, 4, 5, 6]
2025-09-15 16:48:16,762 [INFO] Initializing gfa_astrometry class.
2025-09-15 16:48:16,763 [INFO] Initializing GFAGuider...
2025-09-15 16:48:16,763 [DEBUG] Processed dir: /media/shyunc/DATA/KSpec/KSPEC_ICS/GFA/Simul/kspec_gfa_controller/src/img/procimg
2025-09-15 16:48:16,763 [DEBUG] Final astro dir: /media/shyunc/DATA/KSpec/KSPEC_ICS/GFA/Simul/kspec_gfa_controller/src/img/astroimg/
2025-09-15 16:48:16,763 [DEBUG] Cutout dir: /media/shyunc/DATA/KSpec/KSPEC_ICS/GFA/Simul/kspec_gfa_controller/src/img/cutout
2025-09-15 16:48:16,763 [INFO] GFAGuider setup complete.
2025-09-15 16:48:16,763 [INFO] Initialized GFAEnvironment with role 'finder' and cameras [7]
2025-09-15 17:04:08,707 [INFO] Querying camera statuses...
2025-09-15 17:04:53,071 [INFO] Starting guiding sequence...
2025-09-15 17:04:53,073 [INFO] Grabbing raw image...
2025-09-15 17:04:58,074 [INFO] Running astrometry preprocessing...
2025-09-15 17:04:58,074 [INFO] Executing guider offset calculation...
2025-09-15 17:04:58,074 [INFO] Clearing temp astrometry data...
2025-09-15 17:04:58,074 [INFO] Deleting raw and processed files.
2025-09-15 17:04:58,074 [INFO] Deleted 0 files in directory: /media/shyunc/DATA/KSpec/KSPEC_ICS/GFA/Simul/kspec_gfa_controller/src/img/raw
2025-09-15 17:04:58,075 [INFO] Deleted 0 files in directory: /media/shyunc/DATA/KSpec/KSPEC_ICS/GFA/Simul/kspec_gfa_controller/src/img/procimg
2025-09-15 17:04:58,075 [INFO] Deleted 0 raw files and 0 processed files.
2025-09-15 17:18:39,682 [INFO] Initialized GFAEnvironment with role 'plate' and cameras [1, 2, 3, 4, 5, 6]
2025-09-15 17:18:39,682 [INFO] Initializing gfa_astrometry class.
2025-09-15 17:18:39,683 [INFO] Initializing GFAGuider...
2025-09-15 17:18:39,684 [DEBUG] Processed dir: /media/shyunc/DATA/KSpec/KSPEC_ICS/GFA/Simul/kspec_gfa_controller/src/img/procimg
2025-09-15 17:18:39,684 [DEBUG] Final astro dir: /media/shyunc/DATA/KSpec/KSPEC_ICS/GFA/Simul/kspec_gfa_controller/src/img/astroimg/
2025-09-15 17:18:39,684 [DEBUG] Cutout dir: /media/shyunc/DATA/KSpec/KSPEC_ICS/GFA/Simul/kspec_gfa_controller/src/img/cutout
2025-09-15 17:18:39,684 [INFO] GFAGuider setup complete.
2025-09-15 17:18:39,684 [INFO] Initialized GFAEnvironment with role 'finder' and cameras [7]
2025-09-15 17:18:39,688 [INFO] Querying camera statuses...
2025-09-15 17:19:52,210 [INFO] Image save path: /media/shyunc/DATA/KSpec/KSPEC_ICS/GFA/Simul/kspec_gfa_controller/src/img/grab/2025-09-15
2025-09-15 17:19:52,210 [INFO] Grabbing from camera 2 (ExpTime=2.0, Binning=4)
2025-09-15 17:20:43,514 [INFO] Starting guiding sequence...
2025-09-15 17:20:43,515 [INFO] Grabbing raw image...
2025-09-15 17:20:48,517 [INFO] Running astrometry preprocessing...
2025-09-15 17:20:48,518 [INFO] Executing guider offset calculation...
2025-09-15 17:20:48,518 [INFO] Clearing temp astrometry data...
2025-09-15 17:20:48,519 [INFO] Deleting raw and processed files.
2025-09-15 17:20:48,520 [INFO] Deleted 0 files in directory: /media/shyunc/DATA/KSpec/KSPEC_ICS/GFA/Simul/kspec_gfa_controller/src/img/raw
2025-09-15 17:20:48,520 [INFO] Deleted 0 files in directory: /media/shyunc/DATA/KSpec/KSPEC_ICS/GFA/Simul/kspec_gfa_controller/src/img/procimg
2025-09-15 17:20:48,520 [INFO] Deleted 0 raw files and 0 processed files.
2025-09-15 17:21:18,522 [INFO] Starting guiding sequence...
2025-09-15 17:21:18,524 [INFO] Grabbing raw image...
2025-09-15 17:21:23,526 [INFO] Running astrometry preprocessing...
2025-09-15 17:21:23,527 [INFO] Executing guider offset calculation...
2025-09-15 17:21:23,527 [INFO] Clearing temp astrometry data...
2025-09-15 17:21:23,528 [INFO] Deleting raw and processed files.
2025-09-15 17:21:23,529 [INFO] Deleted 0 files in directory: /media/shyunc/DATA/KSpec/KSPEC_ICS/GFA/Simul/kspec_gfa_controller/src/img/raw
2025-09-15 17:21:23,530 [INFO] Deleted 0 files in directory: /media/shyunc/DATA/KSpec/KSPEC_ICS/GFA/Simul/kspec_gfa_controller/src/img/procimg
2025-09-15 17:21:23,530 [INFO] Deleted 0 raw files and 0 processed files.
2025-09-15 17:21:53,532 [INFO] Starting guiding sequence...
2025-09-15 17:21:53,535 [INFO] Grabbing raw image...
2025-09-15 17:21:58,537 [INFO] Running astrometry preprocessing...
2025-09-15 17:21:58,538 [INFO] Executing guider offset calculation...
2025-09-15 17:21:58,538 [INFO] Clearing temp astrometry data...
2025-09-15 17:21:58,539 [INFO] Deleting raw and processed files.
2025-09-15 17:21:58,540 [INFO] Deleted 0 files in directory: /media/shyunc/DATA/KSpec/KSPEC_ICS/GFA/Simul/kspec_gfa_controller/src/img/raw
2025-09-15 17:21:58,541 [INFO] Deleted 0 files in directory: /media/shyunc/DATA/KSpec/KSPEC_ICS/GFA/Simul/kspec_gfa_controller/src/img/procimg
2025-09-15 17:21:58,542 [INFO] Deleted 0 raw files and 0 processed files.
2025-09-15 17:22:28,544 [INFO] Starting guiding sequence...
2025-09-15 17:22:28,547 [INFO] Grabbing raw image...
2025-09-15 17:22:33,549 [INFO] Running astrometry preprocessing...
2025-09-15 17:22:33,550 [INFO] Executing guider offset calculation...
2025-09-15 17:22:33,550 [INFO] Clearing temp astrometry data...
2025-09-15 17:22:33,551 [INFO] Deleting raw and processed files.
2025-09-15 17:22:33,552 [INFO] Deleted 0 files in directory: /media/shyunc/DATA/KSpec/KSPEC_ICS/GFA/Simul/kspec_gfa_controller/src/img/raw
2025-09-15 17:22:33,554 [INFO] Deleted 0 files in directory: /media/shyunc/DATA/KSpec/KSPEC_ICS/GFA/Simul/kspec_gfa_controller/src/img/procimg
2025-09-15 17:22:33,554 [INFO] Deleted 0 raw files and 0 processed files.
2025-09-15 17:23:03,556 [INFO] Starting guiding sequence...
2025-09-15 17:23:03,558 [INFO] Grabbing raw image...
2025-09-15 17:23:08,560 [INFO] Running astrometry preprocessing...
2025-09-15 17:23:08,561 [INFO] Executing guider offset calculation...
2025-09-15 17:23:08,562 [INFO] Clearing temp astrometry data...
2025-09-15 17:23:08,562 [INFO] Deleting raw and processed files.
2025-09-15 17:23:08,563 [INFO] Deleted 0 files in directory: /media/shyunc/DATA/KSpec/KSPEC_ICS/GFA/Simul/kspec_gfa_controller/src/img/raw
2025-09-15 17:23:08,564 [INFO] Deleted 0 files in directory: /media/shyunc/DATA/KSpec/KSPEC_ICS/GFA/Simul/kspec_gfa_controller/src/img/procimg
2025-09-15 17:23:08,564 [INFO] Deleted 0 raw files and 0 processed files.
2025-09-15 17:23:38,567 [INFO] Starting guiding sequence...
2025-09-15 17:23:38,569 [INFO] Grabbing raw image...
2025-09-15 17:23:43,571 [INFO] Running astrometry preprocessing...
2025-09-15 17:23:43,572 [INFO] Executing guider offset calculation...
2025-09-15 17:23:43,572 [INFO] Clearing temp astrometry data...
2025-09-15 17:23:43,573 [INFO] Deleting raw and processed files.
2025-09-15 17:23:43,574 [INFO] Deleted 0 files in directory: /media/shyunc/DATA/KSpec/KSPEC_ICS/GFA/Simul/kspec_gfa_controller/src/img/raw
2025-09-15 17:23:43,575 [INFO] Deleted 0 files in directory: /media/shyunc/DATA/KSpec/KSPEC_ICS/GFA/Simul/kspec_gfa_controller/src/img/procimg
2025-09-15 17:23:43,575 [INFO] Deleted 0 raw files and 0 processed files.
2025-09-15 17:24:13,577 [INFO] Starting guiding sequence...
2025-09-15 17:24:13,579 [INFO] Grabbing raw image...
2025-09-15 17:24:18,582 [INFO] Running astrometry preprocessing...
2025-09-15 17:24:18,582 [INFO] Executing guider offset calculation...
2025-09-15 17:24:18,583 [INFO] Clearing temp astrometry data...
2025-09-15 17:24:18,583 [INFO] Deleting raw and processed files.
2025-09-15 17:24:18,585 [INFO] Deleted 0 files in directory: /media/shyunc/DATA/KSpec/KSPEC_ICS/GFA/Simul/kspec_gfa_controller/src/img/raw
2025-09-15 17:24:18,586 [INFO] Deleted 0 files in directory: /media/shyunc/DATA/KSpec/KSPEC_ICS/GFA/Simul/kspec_gfa_controller/src/img/procimg
2025-09-15 17:24:18,586 [INFO] Deleted 0 raw files and 0 processed files.
2025-09-15 17:24:48,588 [INFO] Starting guiding sequence...
2025-09-15 17:24:48,590 [INFO] Grabbing raw image...
2025-09-15 17:24:53,592 [INFO] Running astrometry preprocessing...
2025-09-15 17:24:53,593 [INFO] Executing guider offset calculation...
2025-09-15 17:24:53,594 [INFO] Clearing temp astrometry data...
2025-09-15 17:24:53,594 [INFO] Deleting raw and processed files.
2025-09-15 17:24:53,595 [INFO] Deleted 0 files in directory: /media/shyunc/DATA/KSpec/KSPEC_ICS/GFA/Simul/kspec_gfa_controller/src/img/raw
2025-09-15 17:24:53,597 [INFO] Deleted 0 files in directory: /media/shyunc/DATA/KSpec/KSPEC_ICS/GFA/Simul/kspec_gfa_controller/src/img/procimg
2025-09-15 17:24:53,597 [INFO] Deleted 0 raw files and 0 processed files.
2025-09-15 17:25:23,599 [INFO] Starting guiding sequence...
2025-09-15 17:25:23,601 [INFO] Grabbing raw image...
2025-09-15 17:25:28,604 [INFO] Running astrometry preprocessing...
2025-09-15 17:25:28,605 [INFO] Executing guider offset calculation...
2025-09-15 17:25:28,605 [INFO] Clearing temp astrometry data...
2025-09-15 17:25:28,606 [INFO] Deleting raw and processed files.
2025-09-15 17:25:28,607 [INFO] Deleted 0 files in directory: /media/shyunc/DATA/KSpec/KSPEC_ICS/GFA/Simul/kspec_gfa_controller/src/img/raw
2025-09-15 17:25:28,608 [INFO] Deleted 0 files in directory: /media/shyunc/DATA/KSpec/KSPEC_ICS/GFA/Simul/kspec_gfa_controller/src/img/procimg
2025-09-15 17:25:28,608 [INFO] Deleted 0 raw files and 0 processed files.
2025-09-15 17:25:58,611 [INFO] Starting guiding sequence...
2025-09-15 17:25:58,615 [INFO] Grabbing raw image...
2025-09-15 17:26:03,617 [INFO] Running astrometry preprocessing...
2025-09-15 17:26:03,617 [INFO] Executing guider offset calculation...
2025-09-15 17:26:03,618 [INFO] Clearing temp astrometry data...
2025-09-15 17:26:03,618 [INFO] Deleting raw and processed files.
2025-09-15 17:26:03,620 [INFO] Deleted 0 files in directory: /media/shyunc/DATA/KSpec/KSPEC_ICS/GFA/Simul/kspec_gfa_controller/src/img/raw
2025-09-15 17:26:03,622 [INFO] Deleted 0 files in directory: /media/shyunc/DATA/KSpec/KSPEC_ICS/GFA/Simul/kspec_gfa_controller/src/img/procimg
2025-09-15 17:26:03,622 [INFO] Deleted 0 raw files and 0 processed files.
