2025-08-12 16:37:54,210 [INFO] Initialized GFAEnvironment with role 'plate' and cameras [1, 2, 3, 4, 5, 6]
2025-08-12 16:37:54,210 [INFO] Initializing gfa_astrometry class.
2025-08-12 16:37:54,210 [INFO] Initializing GFAGuider...
2025-08-12 16:37:54,210 [DEBUG] Processed dir: /media/shyunc/DATA/KSpec/KSPEC_ICS/GFA/Simul/kspec_gfa_controller/src/img/procimg
2025-08-12 16:37:54,210 [DEBUG] Final astro dir: /media/shyunc/DATA/KSpec/KSPEC_ICS/GFA/Simul/kspec_gfa_controller/src/img/astroimg/
2025-08-12 16:37:54,210 [DEBUG] Cutout dir: /media/shyunc/DATA/KSpec/KSPEC_ICS/GFA/Simul/kspec_gfa_controller/src/img/cutout
2025-08-12 16:37:54,210 [INFO] GFAGuider setup complete.
2025-08-12 16:37:54,211 [INFO] Initialized GFAEnvironment with role 'finder' and cameras [7]
2025-08-12 16:39:54,063 [INFO] Starting guiding sequence...
2025-08-12 16:39:54,066 [INFO] Grabbing raw image...
2025-08-12 16:39:59,069 [INFO] Running astrometry preprocessing...
2025-08-12 16:39:59,069 [INFO] Executing guider offset calculation...
2025-08-12 16:39:59,070 [INFO] Clearing temp astrometry data...
2025-08-12 16:39:59,071 [INFO] Deleting raw and processed files.
2025-08-12 16:39:59,072 [INFO] Deleted 0 files in directory: /media/shyunc/DATA/KSpec/KSPEC_ICS/GFA/Simul/kspec_gfa_controller/src/img/raw
2025-08-12 16:39:59,073 [INFO] Deleted 0 files in directory: /media/shyunc/DATA/KSpec/KSPEC_ICS/GFA/Simul/kspec_gfa_controller/src/img/procimg
2025-08-12 16:39:59,073 [INFO] Deleted 0 raw files and 0 processed files.
2025-08-12 16:40:29,075 [INFO] Starting guiding sequence...
2025-08-12 16:40:29,076 [INFO] Grabbing raw image...
2025-08-12 16:40:34,077 [INFO] Running astrometry preprocessing...
2025-08-12 16:40:34,078 [INFO] Executing guider offset calculation...
2025-08-12 16:40:34,079 [INFO] Clearing temp astrometry data...
2025-08-12 16:40:34,079 [INFO] Deleting raw and processed files.
2025-08-12 16:40:34,081 [INFO] Deleted 0 files in directory: /media/shyunc/DATA/KSpec/KSPEC_ICS/GFA/Simul/kspec_gfa_controller/src/img/raw
2025-08-12 16:40:34,081 [INFO] Deleted 0 files in directory: /media/shyunc/DATA/KSpec/KSPEC_ICS/GFA/Simul/kspec_gfa_controller/src/img/procimg
2025-08-12 16:40:34,082 [INFO] Deleted 0 raw files and 0 processed files.
2025-08-12 16:41:04,084 [INFO] Starting guiding sequence...
2025-08-12 16:41:04,085 [INFO] Grabbing raw image...
2025-08-12 16:41:09,086 [INFO] Running astrometry preprocessing...
2025-08-12 16:41:09,087 [INFO] Executing guider offset calculation...
2025-08-12 16:41:09,087 [INFO] Clearing temp astrometry data...
2025-08-12 16:41:09,088 [INFO] Deleting raw and processed files.
2025-08-12 16:41:09,090 [INFO] Deleted 0 files in directory: /media/shyunc/DATA/KSpec/KSPEC_ICS/GFA/Simul/kspec_gfa_controller/src/img/raw
2025-08-12 16:41:09,090 [INFO] Deleted 0 files in directory: /media/shyunc/DATA/KSpec/KSPEC_ICS/GFA/Simul/kspec_gfa_controller/src/img/procimg
2025-08-12 16:41:09,090 [INFO] Deleted 0 raw files and 0 processed files.
2025-08-12 16:41:39,095 [INFO] Starting guiding sequence...
2025-08-12 16:41:39,096 [INFO] Grabbing raw image...
2025-08-12 16:41:44,098 [INFO] Running astrometry preprocessing...
2025-08-12 16:41:44,099 [INFO] Executing guider offset calculation...
2025-08-12 16:41:44,099 [INFO] Clearing temp astrometry data...
2025-08-12 16:41:44,100 [INFO] Deleting raw and processed files.
2025-08-12 16:41:44,102 [INFO] Deleted 0 files in directory: /media/shyunc/DATA/KSpec/KSPEC_ICS/GFA/Simul/kspec_gfa_controller/src/img/raw
2025-08-12 16:41:44,102 [INFO] Deleted 0 files in directory: /media/shyunc/DATA/KSpec/KSPEC_ICS/GFA/Simul/kspec_gfa_controller/src/img/procimg
2025-08-12 16:41:44,102 [INFO] Deleted 0 raw files and 0 processed files.
2025-08-12 16:42:14,106 [INFO] Starting guiding sequence...
2025-08-12 16:42:14,108 [INFO] Grabbing raw image...
2025-08-12 16:42:19,110 [INFO] Running astrometry preprocessing...
2025-08-12 16:42:19,110 [INFO] Executing guider offset calculation...
2025-08-12 16:42:19,111 [INFO] Clearing temp astrometry data...
2025-08-12 16:42:19,112 [INFO] Deleting raw and processed files.
2025-08-12 16:42:19,113 [INFO] Deleted 0 files in directory: /media/shyunc/DATA/KSpec/KSPEC_ICS/GFA/Simul/kspec_gfa_controller/src/img/raw
2025-08-12 16:42:19,114 [INFO] Deleted 0 files in directory: /media/shyunc/DATA/KSpec/KSPEC_ICS/GFA/Simul/kspec_gfa_controller/src/img/procimg
2025-08-12 16:42:19,114 [INFO] Deleted 0 raw files and 0 processed files.
2025-08-12 16:58:14,061 [INFO] Starting guiding sequence...
2025-08-12 16:58:14,063 [INFO] Grabbing raw image...
2025-08-12 16:58:19,064 [INFO] Running astrometry preprocessing...
2025-08-12 16:58:19,065 [INFO] Executing guider offset calculation...
2025-08-12 16:58:19,065 [INFO] Clearing temp astrometry data...
2025-08-12 16:58:19,066 [INFO] Deleting raw and processed files.
2025-08-12 16:58:19,066 [INFO] Deleted 0 files in directory: /media/shyunc/DATA/KSpec/KSPEC_ICS/GFA/Simul/kspec_gfa_controller/src/img/raw
2025-08-12 16:58:19,066 [INFO] Deleted 0 files in directory: /media/shyunc/DATA/KSpec/KSPEC_ICS/GFA/Simul/kspec_gfa_controller/src/img/procimg
2025-08-12 16:58:19,066 [INFO] Deleted 0 raw files and 0 processed files.
2025-08-12 16:58:49,068 [INFO] Starting guiding sequence...
2025-08-12 16:58:49,070 [INFO] Grabbing raw image...
2025-08-12 16:58:54,071 [INFO] Running astrometry preprocessing...
2025-08-12 16:58:54,072 [INFO] Executing guider offset calculation...
2025-08-12 16:58:54,073 [INFO] Clearing temp astrometry data...
2025-08-12 16:58:54,073 [INFO] Deleting raw and processed files.
2025-08-12 16:58:54,075 [INFO] Deleted 0 files in directory: /media/shyunc/DATA/KSpec/KSPEC_ICS/GFA/Simul/kspec_gfa_controller/src/img/raw
2025-08-12 16:58:54,076 [INFO] Deleted 0 files in directory: /media/shyunc/DATA/KSpec/KSPEC_ICS/GFA/Simul/kspec_gfa_controller/src/img/procimg
2025-08-12 16:58:54,076 [INFO] Deleted 0 raw files and 0 processed files.
2025-08-12 16:59:24,079 [INFO] Starting guiding sequence...
2025-08-12 16:59:24,081 [INFO] Grabbing raw image...
2025-08-12 16:59:29,083 [INFO] Running astrometry preprocessing...
2025-08-12 16:59:29,083 [INFO] Executing guider offset calculation...
2025-08-12 16:59:29,084 [INFO] Clearing temp astrometry data...
2025-08-12 16:59:29,085 [INFO] Deleting raw and processed files.
2025-08-12 16:59:29,086 [INFO] Deleted 0 files in directory: /media/shyunc/DATA/KSpec/KSPEC_ICS/GFA/Simul/kspec_gfa_controller/src/img/raw
2025-08-12 16:59:29,087 [INFO] Deleted 0 files in directory: /media/shyunc/DATA/KSpec/KSPEC_ICS/GFA/Simul/kspec_gfa_controller/src/img/procimg
2025-08-12 16:59:29,087 [INFO] Deleted 0 raw files and 0 processed files.
2025-08-12 16:59:59,090 [INFO] Starting guiding sequence...
2025-08-12 16:59:59,093 [INFO] Grabbing raw image...
2025-08-12 17:00:04,094 [INFO] Running astrometry preprocessing...
2025-08-12 17:00:04,095 [INFO] Executing guider offset calculation...
2025-08-12 17:00:04,096 [INFO] Clearing temp astrometry data...
2025-08-12 17:00:04,096 [INFO] Deleting raw and processed files.
2025-08-12 17:00:04,098 [INFO] Deleted 0 files in directory: /media/shyunc/DATA/KSpec/KSPEC_ICS/GFA/Simul/kspec_gfa_controller/src/img/raw
2025-08-12 17:00:04,098 [INFO] Deleted 0 files in directory: /media/shyunc/DATA/KSpec/KSPEC_ICS/GFA/Simul/kspec_gfa_controller/src/img/procimg
2025-08-12 17:00:04,098 [INFO] Deleted 0 raw files and 0 processed files.
2025-08-12 17:00:34,102 [INFO] Starting guiding sequence...
2025-08-12 17:00:34,104 [INFO] Grabbing raw image...
2025-08-12 17:00:39,105 [INFO] Running astrometry preprocessing...
2025-08-12 17:00:39,106 [INFO] Executing guider offset calculation...
2025-08-12 17:00:39,107 [INFO] Clearing temp astrometry data...
2025-08-12 17:00:39,108 [INFO] Deleting raw and processed files.
2025-08-12 17:00:39,109 [INFO] Deleted 0 files in directory: /media/shyunc/DATA/KSpec/KSPEC_ICS/GFA/Simul/kspec_gfa_controller/src/img/raw
2025-08-12 17:00:39,109 [INFO] Deleted 0 files in directory: /media/shyunc/DATA/KSpec/KSPEC_ICS/GFA/Simul/kspec_gfa_controller/src/img/procimg
2025-08-12 17:00:39,110 [INFO] Deleted 0 raw files and 0 processed files.
