2026-01-09 16:30:47,582 [INFO] Initialized GFAEnvironment with role 'plate' and cameras [1, 2, 3, 4, 5, 6]
2026-01-09 16:30:47,582 [INFO] Initializing gfa_astrometry class.
2026-01-09 16:30:47,583 [INFO] Initializing GFAGuider...
2026-01-09 16:30:47,583 [DEBUG] Processed dir: /media/shyunc/DATA/KSpec/KSPEC_ICS/GFA/Simul/kspec_gfa_controller/src/img/procimg
2026-01-09 16:30:47,583 [DEBUG] Final astro dir: /media/shyunc/DATA/KSpec/KSPEC_ICS/GFA/Simul/kspec_gfa_controller/src/img/astroimg/
2026-01-09 16:30:47,583 [DEBUG] Cutout dir: /media/shyunc/DATA/KSpec/KSPEC_ICS/GFA/Simul/kspec_gfa_controller/src/img/cutout
2026-01-09 16:30:47,583 [INFO] GFAGuider setup complete.
2026-01-09 16:30:47,583 [INFO] Initialized GFAEnvironment with role 'finder' and cameras [7]
2026-01-09 16:31:38,434 [INFO] Querying camera statuses...
2026-01-09 16:34:35,088 [INFO] Starting pointing sequence...
2026-01-09 16:34:35,089 [INFO] Target RA/DEC: 07:34:22.99, -50:26:34.88
2026-01-09 16:34:35,089 [INFO] Pointing raw save path: /media/shyunc/DATA/KSpec/KSPEC_ICS/GFA/Simul/kspec_gfa_controller/src/img/pointing_raw/2026-01-09
2026-01-09 16:34:35,090 [INFO] Grabbing pointing images (CamNum=0, ExpTime=5.0, Binning=4)...
2026-01-09 16:34:35,090 [ERROR] No FITS images found in /media/shyunc/DATA/KSpec/KSPEC_ICS/GFA/Simul/kspec_gfa_controller/src/img/pointing_raw/2026-01-09
2026-01-09 16:34:57,875 [INFO] Starting pointing sequence...
2026-01-09 16:34:57,876 [INFO] Target RA/DEC: 07:34:22.99, -50:26:34.88
2026-01-09 16:34:57,876 [INFO] Pointing raw save path: /media/shyunc/DATA/KSpec/KSPEC_ICS/GFA/Simul/kspec_gfa_controller/src/img/pointing_raw/2026-01-09
2026-01-09 16:34:57,878 [INFO] Grabbing pointing images (CamNum=0, ExpTime=5.0, Binning=4)...
2026-01-09 16:34:57,879 [ERROR] No FITS images found in /media/shyunc/DATA/KSpec/KSPEC_ICS/GFA/Simul/kspec_gfa_controller/src/img/pointing_raw/2026-01-09
2026-01-09 16:35:46,180 [INFO] Starting pointing sequence...
2026-01-09 16:35:46,180 [INFO] Target RA/DEC: 07:34:22.99, -50:26:34.88
2026-01-09 16:35:46,180 [INFO] Pointing raw save path: /media/shyunc/DATA/KSpec/KSPEC_ICS/GFA/Simul/kspec_gfa_controller/src/img/pointing_raw/2026-01-09
2026-01-09 16:35:46,182 [INFO] Grabbing pointing images (CamNum=0, ExpTime=5.0, Binning=4)...
2026-01-09 16:35:46,183 [ERROR] No FITS images found in /media/shyunc/DATA/KSpec/KSPEC_ICS/GFA/Simul/kspec_gfa_controller/src/img/pointing_raw/2026-01-09
2026-01-09 17:03:14,208 [INFO] Initialized GFAEnvironment with role 'plate' and cameras [1, 2, 3, 4, 5, 6]
2026-01-09 17:03:14,208 [INFO] Initializing gfa_astrometry class.
2026-01-09 17:03:14,209 [INFO] Initializing GFAGuider...
2026-01-09 17:03:14,209 [DEBUG] Processed dir: /media/shyunc/DATA/KSpec/KSPEC_ICS/GFA/Simul/kspec_gfa_controller/src/img/procimg
2026-01-09 17:03:14,209 [DEBUG] Final astro dir: /media/shyunc/DATA/KSpec/KSPEC_ICS/GFA/Simul/kspec_gfa_controller/src/img/astroimg/
2026-01-09 17:03:14,209 [DEBUG] Cutout dir: /media/shyunc/DATA/KSpec/KSPEC_ICS/GFA/Simul/kspec_gfa_controller/src/img/cutout
2026-01-09 17:03:14,209 [INFO] GFAGuider setup complete.
2026-01-09 17:03:14,209 [INFO] Initialized GFAEnvironment with role 'finder' and cameras [7]
2026-01-09 17:03:14,213 [INFO] Querying camera statuses...
2026-01-09 17:08:51,310 [INFO] Querying camera statuses...
2026-01-09 17:12:21,070 [INFO] Querying camera statuses...
2026-01-09 17:18:40,879 [INFO] Querying camera statuses...
