2026-05-15 13:27:14,013 [INFO] Initialized GFAEnvironment with role 'plate' and cameras [1, 2, 3, 4, 5, 6]
2026-05-15 13:27:14,013 [INFO] Initializing gfa_astrometry class.
2026-05-15 13:27:14,014 [INFO] Paths:
2026-05-15 13:27:14,014 [INFO]   save_root         = /home/shyunc/work/DATA/GFADATA/img
2026-05-15 13:27:14,014 [INFO]   raw_images        = /home/shyunc/work/DATA/GFADATA/img/raw
2026-05-15 13:27:14,014 [INFO]   temp_files        = /home/shyunc/work/DATA/GFADATA/img/tempfiles
2026-05-15 13:27:14,014 [INFO]   final_astrometry  = /home/shyunc/work/DATA/GFADATA/img/astroimg
2026-05-15 13:27:14,014 [INFO]   star_catalog_dir  = /home/shyunc/work/DATA/GFADATA/img
2026-05-15 13:27:14,014 [INFO]   combined_star.fits= /home/shyunc/work/DATA/GFADATA/img/combined_star.fits
2026-05-15 13:27:14,014 [DEBUG] Using solve-field: /usr/local/astrometry/bin/solve-field
2026-05-15 13:27:14,014 [INFO] Initializing GFAGuider...
2026-05-15 13:27:14,014 [INFO] ========== PATH DEBUG [guider] ==========
2026-05-15 13:27:14,014 [INFO] save_root             = /home/shyunc/work/DATA/GFADATA/img
2026-05-15 13:27:14,015 [INFO] raw_dir               = /home/shyunc/work/DATA/GFADATA/img/raw
2026-05-15 13:27:14,015 [INFO] final_astrometry_dir  = /home/shyunc/work/DATA/GFADATA/img/astroimg
2026-05-15 13:27:14,015 [INFO] cutout_path           = /home/shyunc/work/DATA/GFADATA/img/cutout
2026-05-15 13:27:14,015 [INFO] star_catalog_root     = /home/shyunc/work/DATA/GFADATA/img/combined_star.fits
2026-05-15 13:27:14,015 [INFO] combined_star_path    = /home/shyunc/work/DATA/GFADATA/img/combined_star.fits
2026-05-15 13:27:14,015 [INFO] =========================================
2026-05-15 13:27:14,015 [INFO] GFAGuider setup complete.
2026-05-15 13:28:13,534 [INFO] [pointing] save_root=/home/shyunc/work/DATA/GFADATA/img
2026-05-15 13:28:13,535 [INFO] [pointing] dirs={'raw_images': 'raw', 'processed_images': 'procimg', 'temp_files': 'tempfiles', 'final_astrometry_images': 'astroimg/', 'offset_astrometry_images': 'astroimg/', 'offset_processed_images': 'procimg', 'cutout_directory': 'cutout', 'star_catalog': 'combined_star.fits'}
2026-05-15 13:28:13,535 [INFO] [pointing] SaveGrabRaw=True, SaveCombineRaw=True, raw_save_path=/home/shyunc/work/DATA/GFADATA/img/raw, pointing_save_path=/home/shyunc/work/DATA/GFADATA/img/pointing_save/2026-05-15
2026-05-15 13:28:13,535 [INFO] ========== PATH DEBUG [pointing] ==========
2026-05-15 13:28:13,536 [INFO] save_root = /home/shyunc/work/DATA/GFADATA/img
2026-05-15 13:28:13,536 [INFO] type(save_root) = <class 'pathlib.PosixPath'>
2026-05-15 13:28:13,537 [INFO] save_root exists? True
2026-05-15 13:28:13,537 [INFO] save_root write test ok: /home/shyunc/work/DATA/GFADATA/img/debug_write_test.txt
2026-05-15 13:28:13,538 [INFO] pointing_raw_path = /home/shyunc/work/DATA/GFADATA/img/raw
2026-05-15 13:28:13,538 [INFO] type(pointing_raw_path) = <class 'pathlib.PosixPath'>
2026-05-15 13:28:13,538 [INFO] pointing_raw_path exists? True
2026-05-15 13:28:13,539 [INFO] pointing_raw_path write test ok: /home/shyunc/work/DATA/GFADATA/img/raw/debug_write_test.txt
2026-05-15 13:28:13,539 [INFO] pointing_save_path = /home/shyunc/work/DATA/GFADATA/img/pointing_save/2026-05-15
2026-05-15 13:28:13,540 [INFO] type(pointing_save_path) = <class 'pathlib.PosixPath'>
2026-05-15 13:28:13,540 [INFO] pointing_save_path exists? True
2026-05-15 13:28:13,540 [INFO] pointing_save_path write test ok: /home/shyunc/work/DATA/GFADATA/img/pointing_save/2026-05-15/debug_write_test.txt
2026-05-15 13:28:13,540 [INFO] =========================================
2026-05-15 13:28:13,540 [INFO] Starting pointing sequence...
2026-05-15 13:28:13,540 [INFO] Target RA/DEC: 07:43:42.660, -38:29:28.690
2026-05-15 13:28:13,540 [INFO] Saving pointing images to /home/shyunc/work/DATA/GFADATA/img/pointing_save/2026-05-15
2026-05-15 13:28:13,540 [INFO] raw contents: ['D20260202_T152629_40103834_exp5s.fits', 'D20260202_T152628_40103651_exp5s.fits', 'debug_write_test.txt', 'D20260202_T152629_40103663_exp5s.fits', 'D20260202_T152629_40103667_exp5s.fits', 'D20260202_T152629_40103831_exp5s.fits', 'D20260202_T152628_40103833_exp5s.fits']
2026-05-15 13:28:13,541 [INFO] copying /home/shyunc/work/DATA/GFADATA/img/raw/D20260202_T152629_40103834_exp5s.fits to /home/shyunc/work/DATA/GFADATA/img/pointing_save/2026-05-15/D20260202_T152629_40103834_exp5s.fits
2026-05-15 13:28:13,542 [INFO] copying /home/shyunc/work/DATA/GFADATA/img/raw/D20260202_T152628_40103651_exp5s.fits to /home/shyunc/work/DATA/GFADATA/img/pointing_save/2026-05-15/D20260202_T152628_40103651_exp5s.fits
2026-05-15 13:28:13,543 [INFO] copying /home/shyunc/work/DATA/GFADATA/img/raw/D20260202_T152629_40103663_exp5s.fits to /home/shyunc/work/DATA/GFADATA/img/pointing_save/2026-05-15/D20260202_T152629_40103663_exp5s.fits
2026-05-15 13:28:13,544 [INFO] copying /home/shyunc/work/DATA/GFADATA/img/raw/D20260202_T152629_40103667_exp5s.fits to /home/shyunc/work/DATA/GFADATA/img/pointing_save/2026-05-15/D20260202_T152629_40103667_exp5s.fits
2026-05-15 13:28:13,546 [INFO] copying /home/shyunc/work/DATA/GFADATA/img/raw/D20260202_T152629_40103831_exp5s.fits to /home/shyunc/work/DATA/GFADATA/img/pointing_save/2026-05-15/D20260202_T152629_40103831_exp5s.fits
2026-05-15 13:28:13,548 [INFO] copying /home/shyunc/work/DATA/GFADATA/img/raw/D20260202_T152628_40103833_exp5s.fits to /home/shyunc/work/DATA/GFADATA/img/pointing_save/2026-05-15/D20260202_T152628_40103833_exp5s.fits
2026-05-15 13:28:13,550 [INFO] [pointing] saved 6 fits files to /home/shyunc/work/DATA/GFADATA/img/pointing_save/2026-05-15
2026-05-15 13:28:13,550 [INFO] Ensuring astrometry outputs are ready (no procimg dependency)...
2026-05-15 13:28:13,550 [INFO] Astrometry outputs missing or force=True → running astrometry preprocessing...
2026-05-15 13:28:13,550 [INFO] No astrometry results found (astro dir empty) → running FULL astrometry.
2026-05-15 13:28:13,552 [INFO] [D20260202_T152628_40103651_exp5s] Running command: /usr/local/astrometry/bin/solve-field /home/shyunc/work/DATA/GFADATA/img/raw/D20260202_T152628_40103651_exp5s.fits -D /home/shyunc/work/DATA/GFADATA/img/tempfiles/D20260202_T152628_40103651_exp5s -o D20260202_T152628_40103651_exp5s --overwrite --corr /home/shyunc/work/DATA/GFADATA/img/tempfiles/D20260202_T152628_40103651_exp5s/D20260202_T152628_40103651_exp5s.corr --no-plots --no-verify --crpix-center -X X -Y Y -s FLUX --scale-units degwidth -L 0.03 -H 0.16 --ra 07:43:42.66 --dec -38:29:28.69 --radius 5 -l 120 -c 0.1 -E 2 --cpulimit 6
2026-05-15 13:28:13,552 [INFO] [D20260202_T152628_40103833_exp5s] Running command: /usr/local/astrometry/bin/solve-field /home/shyunc/work/DATA/GFADATA/img/raw/D20260202_T152628_40103833_exp5s.fits -D /home/shyunc/work/DATA/GFADATA/img/tempfiles/D20260202_T152628_40103833_exp5s -o D20260202_T152628_40103833_exp5s --overwrite --corr /home/shyunc/work/DATA/GFADATA/img/tempfiles/D20260202_T152628_40103833_exp5s/D20260202_T152628_40103833_exp5s.corr --no-plots --no-verify --crpix-center -X X -Y Y -s FLUX --scale-units degwidth -L 0.03 -H 0.16 --ra 07:43:42.66 --dec -38:29:28.69 --radius 5 -l 120 -c 0.1 -E 2 --cpulimit 6
2026-05-15 13:28:13,554 [INFO] [D20260202_T152629_40103667_exp5s] Running command: /usr/local/astrometry/bin/solve-field /home/shyunc/work/DATA/GFADATA/img/raw/D20260202_T152629_40103667_exp5s.fits -D /home/shyunc/work/DATA/GFADATA/img/tempfiles/D20260202_T152629_40103667_exp5s -o D20260202_T152629_40103667_exp5s --overwrite --corr /home/shyunc/work/DATA/GFADATA/img/tempfiles/D20260202_T152629_40103667_exp5s/D20260202_T152629_40103667_exp5s.corr --no-plots --no-verify --crpix-center -X X -Y Y -s FLUX --scale-units degwidth -L 0.03 -H 0.16 --ra 07:43:42.66 --dec -38:29:28.69 --radius 5 -l 120 -c 0.1 -E 2 --cpulimit 6
2026-05-15 13:28:13,555 [INFO] [D20260202_T152629_40103663_exp5s] Running command: /usr/local/astrometry/bin/solve-field /home/shyunc/work/DATA/GFADATA/img/raw/D20260202_T152629_40103663_exp5s.fits -D /home/shyunc/work/DATA/GFADATA/img/tempfiles/D20260202_T152629_40103663_exp5s -o D20260202_T152629_40103663_exp5s --overwrite --corr /home/shyunc/work/DATA/GFADATA/img/tempfiles/D20260202_T152629_40103663_exp5s/D20260202_T152629_40103663_exp5s.corr --no-plots --no-verify --crpix-center -X X -Y Y -s FLUX --scale-units degwidth -L 0.03 -H 0.16 --ra 07:43:42.66 --dec -38:29:28.69 --radius 5 -l 120 -c 0.1 -E 2 --cpulimit 6
2026-05-15 13:28:13,555 [INFO] [D20260202_T152629_40103834_exp5s] Running command: /usr/local/astrometry/bin/solve-field /home/shyunc/work/DATA/GFADATA/img/raw/D20260202_T152629_40103834_exp5s.fits -D /home/shyunc/work/DATA/GFADATA/img/tempfiles/D20260202_T152629_40103834_exp5s -o D20260202_T152629_40103834_exp5s --overwrite --corr /home/shyunc/work/DATA/GFADATA/img/tempfiles/D20260202_T152629_40103834_exp5s/D20260202_T152629_40103834_exp5s.corr --no-plots --no-verify --crpix-center -X X -Y Y -s FLUX --scale-units degwidth -L 0.03 -H 0.16 --ra 07:43:42.66 --dec -38:29:28.69 --radius 5 -l 120 -c 0.1 -E 2 --cpulimit 6
2026-05-15 13:28:13,555 [INFO] [D20260202_T152629_40103831_exp5s] Running command: /usr/local/astrometry/bin/solve-field /home/shyunc/work/DATA/GFADATA/img/raw/D20260202_T152629_40103831_exp5s.fits -D /home/shyunc/work/DATA/GFADATA/img/tempfiles/D20260202_T152629_40103831_exp5s -o D20260202_T152629_40103831_exp5s --overwrite --corr /home/shyunc/work/DATA/GFADATA/img/tempfiles/D20260202_T152629_40103831_exp5s/D20260202_T152629_40103831_exp5s.corr --no-plots --no-verify --crpix-center -X X -Y Y -s FLUX --scale-units degwidth -L 0.03 -H 0.16 --ra 07:43:42.66 --dec -38:29:28.69 --radius 5 -l 120 -c 0.1 -E 2 --cpulimit 6
2026-05-15 13:28:37,497 [INFO] [D20260202_T152628_40103833_exp5s] solve-field returncode=0
2026-05-15 13:28:37,497 [DEBUG] [D20260202_T152628_40103833_exp5s] solve-field stdout:
Reading input file 1 of 1: "/home/shyunc/work/DATA/GFADATA/img/raw/D20260202_T152628_40103833_exp5s.fits"...
Running command: /usr/local/astrometry/bin/image2pnm --infile /home/shyunc/work/DATA/GFADATA/img/raw/D20260202_T152628_40103833_exp5s.fits --uncompressed-outfile /tmp/tmp.uncompressed.jfY4IT --outfile /tmp/tmp.ppm.g9qc6a --ppm --mydir /usr/local/astrometry/bin/solve-field
Extracting sources...
simplexy: found 149 sources.
Reading sort column "FLUX"
Sorting sort column
mmapping input file
Copying table header.
Writing row 0
Done
Solving...
Reading file "/home/shyunc/work/DATA/GFADATA/img/tempfiles/D20260202_T152628_40103833_exp5s/D20260202_T152628_40103833_exp5s.axy"...
Only searching for solutions within 5 degrees of RA,Dec (115.928,-38.4913)
Total CPU time limit reached!
CPU time limit reached!
Field 1 did not solve (index index-52m1-37.fits, field objects 1-10).
Field: /home/shyunc/work/DATA/GFADATA/img/raw/D20260202_T152628_40103833_exp5s.fits
Did not solve (or no WCS file was written).


2026-05-15 13:28:37,497 [ERROR] Error processing D20260202_T152628_40103833_exp5s.fits: [D20260202_T152628_40103833_exp5s] solve-field FAILED: .new file not created.
  raw_fits=/home/shyunc/work/DATA/GFADATA/img/raw/D20260202_T152628_40103833_exp5s.fits
  work_dir=/home/shyunc/work/DATA/GFADATA/img/tempfiles/D20260202_T152628_40103833_exp5s
  returncode=0
  files(sample)=['D20260202_T152628_40103833_exp5s.axy']
  stderr(tail)=

2026-05-15 13:28:37,818 [INFO] [D20260202_T152629_40103667_exp5s] solve-field returncode=0
2026-05-15 13:28:37,819 [DEBUG] [D20260202_T152629_40103667_exp5s] solve-field stdout:
Reading input file 1 of 1: "/home/shyunc/work/DATA/GFADATA/img/raw/D20260202_T152629_40103667_exp5s.fits"...
Running command: /usr/local/astrometry/bin/image2pnm --infile /home/shyunc/work/DATA/GFADATA/img/raw/D20260202_T152629_40103667_exp5s.fits --uncompressed-outfile /tmp/tmp.uncompressed.xTxqSL --outfile /tmp/tmp.ppm.AA1WlY --ppm --mydir /usr/local/astrometry/bin/solve-field
Extracting sources...
simplexy: found 171 sources.
Reading sort column "FLUX"
Sorting sort column
mmapping input file
Copying table header.
Writing row 0
Done
Solving...
Reading file "/home/shyunc/work/DATA/GFADATA/img/tempfiles/D20260202_T152629_40103667_exp5s/D20260202_T152629_40103667_exp5s.axy"...
Only searching for solutions within 5 degrees of RA,Dec (115.928,-38.4913)
Total CPU time limit reached!
CPU time limit reached!
Field 1 did not solve (index index-52m1-37.fits, field objects 1-10).
Field: /home/shyunc/work/DATA/GFADATA/img/raw/D20260202_T152629_40103667_exp5s.fits
Did not solve (or no WCS file was written).


2026-05-15 13:28:37,819 [ERROR] Error processing D20260202_T152629_40103667_exp5s.fits: [D20260202_T152629_40103667_exp5s] solve-field FAILED: .new file not created.
  raw_fits=/home/shyunc/work/DATA/GFADATA/img/raw/D20260202_T152629_40103667_exp5s.fits
  work_dir=/home/shyunc/work/DATA/GFADATA/img/tempfiles/D20260202_T152629_40103667_exp5s
  returncode=0
  files(sample)=['D20260202_T152629_40103667_exp5s.axy']
  stderr(tail)=

2026-05-15 13:28:41,069 [INFO] [D20260202_T152629_40103831_exp5s] solve-field returncode=0
2026-05-15 13:28:41,070 [DEBUG] [D20260202_T152629_40103831_exp5s] solve-field stdout:
Reading input file 1 of 1: "/home/shyunc/work/DATA/GFADATA/img/raw/D20260202_T152629_40103831_exp5s.fits"...
Running command: /usr/local/astrometry/bin/image2pnm --infile /home/shyunc/work/DATA/GFADATA/img/raw/D20260202_T152629_40103831_exp5s.fits --uncompressed-outfile /tmp/tmp.uncompressed.GJJWfi --outfile /tmp/tmp.ppm.FUCWKe --ppm --mydir /usr/local/astrometry/bin/solve-field
Extracting sources...
simplexy: found 198 sources.
Reading sort column "FLUX"
Sorting sort column
mmapping input file
Copying table header.
Writing row 0
Done
Solving...
Reading file "/home/shyunc/work/DATA/GFADATA/img/tempfiles/D20260202_T152629_40103831_exp5s/D20260202_T152629_40103831_exp5s.axy"...
Only searching for solutions within 5 degrees of RA,Dec (115.928,-38.4913)
Field 1 did not solve (index index-52m1-37.fits, field objects 1-10).
Field 1 did not solve (index index-5205-37.fits, field objects 1-10).
Field 1 did not solve (index index-5204-37.fits, field objects 1-10).
Total CPU time limit reached!
Field 1 did not solve (index index-5203-37.fits, field objects 1-10).
Field: /home/shyunc/work/DATA/GFADATA/img/raw/D20260202_T152629_40103831_exp5s.fits
Did not solve (or no WCS file was written).


2026-05-15 13:28:41,070 [ERROR] Error processing D20260202_T152629_40103831_exp5s.fits: [D20260202_T152629_40103831_exp5s] solve-field FAILED: .new file not created.
  raw_fits=/home/shyunc/work/DATA/GFADATA/img/raw/D20260202_T152629_40103831_exp5s.fits
  work_dir=/home/shyunc/work/DATA/GFADATA/img/tempfiles/D20260202_T152629_40103831_exp5s
  returncode=0
  files(sample)=['D20260202_T152629_40103831_exp5s.axy']
  stderr(tail)=

2026-05-15 13:28:43,175 [INFO] [D20260202_T152629_40103834_exp5s] solve-field returncode=0
2026-05-15 13:28:43,175 [DEBUG] [D20260202_T152629_40103834_exp5s] solve-field stdout:
Reading input file 1 of 1: "/home/shyunc/work/DATA/GFADATA/img/raw/D20260202_T152629_40103834_exp5s.fits"...
Running command: /usr/local/astrometry/bin/image2pnm --infile /home/shyunc/work/DATA/GFADATA/img/raw/D20260202_T152629_40103834_exp5s.fits --uncompressed-outfile /tmp/tmp.uncompressed.DEVqNJ --outfile /tmp/tmp.ppm.GlYHgg --ppm --mydir /usr/local/astrometry/bin/solve-field
Extracting sources...
simplexy: found 146 sources.
Reading sort column "FLUX"
Sorting sort column
mmapping input file
Copying table header.
Writing row 0
Done
Solving...
Reading file "/home/shyunc/work/DATA/GFADATA/img/tempfiles/D20260202_T152629_40103834_exp5s/D20260202_T152629_40103834_exp5s.axy"...
Only searching for solutions within 5 degrees of RA,Dec (115.928,-38.4913)
Field 1 did not solve (index index-52m1-37.fits, field objects 1-10).
Field 1 did not solve (index index-5205-37.fits, field objects 1-10).
Field 1 did not solve (index index-5204-37.fits, field objects 1-10).
Field 1 did not solve (index index-5203-37.fits, field objects 1-10).
Total CPU time limit reached!
Field 1 did not solve (index index-5202-37.fits, field objects 1-10).
Field: /home/shyunc/work/DATA/GFADATA/img/raw/D20260202_T152629_40103834_exp5s.fits
Did not solve (or no WCS file was written).


2026-05-15 13:28:43,175 [ERROR] Error processing D20260202_T152629_40103834_exp5s.fits: [D20260202_T152629_40103834_exp5s] solve-field FAILED: .new file not created.
  raw_fits=/home/shyunc/work/DATA/GFADATA/img/raw/D20260202_T152629_40103834_exp5s.fits
  work_dir=/home/shyunc/work/DATA/GFADATA/img/tempfiles/D20260202_T152629_40103834_exp5s
  returncode=0
  files(sample)=['D20260202_T152629_40103834_exp5s.axy']
  stderr(tail)=

2026-05-15 13:28:43,378 [INFO] [D20260202_T152629_40103663_exp5s] solve-field returncode=0
2026-05-15 13:28:43,378 [DEBUG] [D20260202_T152629_40103663_exp5s] solve-field stdout:
Reading input file 1 of 1: "/home/shyunc/work/DATA/GFADATA/img/raw/D20260202_T152629_40103663_exp5s.fits"...
Running command: /usr/local/astrometry/bin/image2pnm --infile /home/shyunc/work/DATA/GFADATA/img/raw/D20260202_T152629_40103663_exp5s.fits --uncompressed-outfile /tmp/tmp.uncompressed.dSIOCi --outfile /tmp/tmp.ppm.GOnO6R --ppm --mydir /usr/local/astrometry/bin/solve-field
Extracting sources...
simplexy: found 143 sources.
Reading sort column "FLUX"
Sorting sort column
mmapping input file
Copying table header.
Writing row 0
Done
Solving...
Reading file "/home/shyunc/work/DATA/GFADATA/img/tempfiles/D20260202_T152629_40103663_exp5s/D20260202_T152629_40103663_exp5s.axy"...
Only searching for solutions within 5 degrees of RA,Dec (115.928,-38.4913)
Field 1 did not solve (index index-52m1-37.fits, field objects 1-10).
Field 1 did not solve (index index-5205-37.fits, field objects 1-10).
Field 1 did not solve (index index-5204-37.fits, field objects 1-10).
Field 1 did not solve (index index-5203-37.fits, field objects 1-10).
Total CPU time limit reached!
Field 1 did not solve (index index-5202-37.fits, field objects 1-10).
Field: /home/shyunc/work/DATA/GFADATA/img/raw/D20260202_T152629_40103663_exp5s.fits
Did not solve (or no WCS file was written).


2026-05-15 13:28:43,379 [ERROR] Error processing D20260202_T152629_40103663_exp5s.fits: [D20260202_T152629_40103663_exp5s] solve-field FAILED: .new file not created.
  raw_fits=/home/shyunc/work/DATA/GFADATA/img/raw/D20260202_T152629_40103663_exp5s.fits
  work_dir=/home/shyunc/work/DATA/GFADATA/img/tempfiles/D20260202_T152629_40103663_exp5s
  returncode=0
  files(sample)=['D20260202_T152629_40103663_exp5s.axy']
  stderr(tail)=

2026-05-15 13:28:43,403 [INFO] [D20260202_T152628_40103651_exp5s] solve-field returncode=0
2026-05-15 13:28:43,404 [DEBUG] [D20260202_T152628_40103651_exp5s] solve-field stdout:
Reading input file 1 of 1: "/home/shyunc/work/DATA/GFADATA/img/raw/D20260202_T152628_40103651_exp5s.fits"...
Running command: /usr/local/astrometry/bin/image2pnm --infile /home/shyunc/work/DATA/GFADATA/img/raw/D20260202_T152628_40103651_exp5s.fits --uncompressed-outfile /tmp/tmp.uncompressed.25l4mT --outfile /tmp/tmp.ppm.6IjoEr --ppm --mydir /usr/local/astrometry/bin/solve-field
Extracting sources...
simplexy: found 131 sources.
Reading sort column "FLUX"
Sorting sort column
mmapping input file
Copying table header.
Writing row 0
Done
Solving...
Reading file "/home/shyunc/work/DATA/GFADATA/img/tempfiles/D20260202_T152628_40103651_exp5s/D20260202_T152628_40103651_exp5s.axy"...
Only searching for solutions within 5 degrees of RA,Dec (115.928,-38.4913)
Field 1 did not solve (index index-52m1-37.fits, field objects 1-10).
Field 1 did not solve (index index-5205-37.fits, field objects 1-10).
Field 1 did not solve (index index-5204-37.fits, field objects 1-10).
Field 1 did not solve (index index-5203-37.fits, field objects 1-10).
Total CPU time limit reached!
Field 1 did not solve (index index-5202-37.fits, field objects 1-10).
Field: /home/shyunc/work/DATA/GFADATA/img/raw/D20260202_T152628_40103651_exp5s.fits
Did not solve (or no WCS file was written).


2026-05-15 13:28:43,404 [ERROR] Error processing D20260202_T152628_40103651_exp5s.fits: [D20260202_T152628_40103651_exp5s] solve-field FAILED: .new file not created.
  raw_fits=/home/shyunc/work/DATA/GFADATA/img/raw/D20260202_T152628_40103651_exp5s.fits
  work_dir=/home/shyunc/work/DATA/GFADATA/img/tempfiles/D20260202_T152628_40103651_exp5s
  returncode=0
  files(sample)=['D20260202_T152628_40103651_exp5s.axy']
  stderr(tail)=

2026-05-15 13:28:43,404 [WARNING] 6 files failed: ['D20260202_T152628_40103833_exp5s.fits', 'D20260202_T152629_40103667_exp5s.fits', 'D20260202_T152629_40103831_exp5s.fits', 'D20260202_T152629_40103834_exp5s.fits', 'D20260202_T152629_40103663_exp5s.fits', 'D20260202_T152628_40103651_exp5s.fits']
2026-05-15 13:28:43,404 [INFO] Preprocessing(astrometry) completed in 29.85 seconds. (ok=0, failed=6, corr_ok=0)
2026-05-15 13:28:43,404 [ERROR] Pointing failed: Astrometry expected outputs not found in /home/shyunc/work/DATA/GFADATA/img/astroimg (astro_*.fits)
2026-05-15 14:17:22,411 [INFO] Initialized GFAEnvironment with role 'plate' and cameras [1, 2, 3, 4, 5, 6]
2026-05-15 14:17:22,411 [INFO] Initializing gfa_astrometry class.
2026-05-15 14:17:22,411 [INFO] Paths:
2026-05-15 14:17:22,411 [INFO]   save_root         = /home/shyunc/work/DATA/GFADATA/img
2026-05-15 14:17:22,411 [INFO]   raw_images        = /home/shyunc/work/DATA/GFADATA/img/raw
2026-05-15 14:17:22,411 [INFO]   temp_files        = /home/shyunc/work/DATA/GFADATA/img/tempfiles
2026-05-15 14:17:22,411 [INFO]   final_astrometry  = /home/shyunc/work/DATA/GFADATA/img/astroimg
2026-05-15 14:17:22,411 [INFO]   star_catalog_dir  = /home/shyunc/work/DATA/GFADATA/img
2026-05-15 14:17:22,411 [INFO]   combined_star.fits= /home/shyunc/work/DATA/GFADATA/img/combined_star.fits
2026-05-15 14:17:22,411 [DEBUG] Using solve-field: /usr/local/astrometry/bin/solve-field
2026-05-15 14:17:22,411 [INFO] Initializing GFAGuider...
2026-05-15 14:17:22,412 [INFO] ========== PATH DEBUG [guider] ==========
2026-05-15 14:17:22,412 [INFO] save_root             = /home/shyunc/work/DATA/GFADATA/img
2026-05-15 14:17:22,412 [INFO] raw_dir               = /home/shyunc/work/DATA/GFADATA/img/raw
2026-05-15 14:17:22,412 [INFO] final_astrometry_dir  = /home/shyunc/work/DATA/GFADATA/img/astroimg
2026-05-15 14:17:22,412 [INFO] cutout_path           = /home/shyunc/work/DATA/GFADATA/img/cutout
2026-05-15 14:17:22,412 [INFO] star_catalog_root     = /home/shyunc/work/DATA/GFADATA/img/combined_star.fits
2026-05-15 14:17:22,412 [INFO] combined_star_path    = /home/shyunc/work/DATA/GFADATA/img/combined_star.fits
2026-05-15 14:17:22,412 [INFO] =========================================
2026-05-15 14:17:22,412 [INFO] GFAGuider setup complete.
2026-05-15 14:17:57,706 [INFO] [pointing] save_root=/home/shyunc/work/DATA/GFADATA/img
2026-05-15 14:17:57,706 [INFO] [pointing] dirs={'raw_images': 'raw', 'processed_images': 'procimg', 'temp_files': 'tempfiles', 'final_astrometry_images': 'astroimg/', 'offset_astrometry_images': 'astroimg/', 'offset_processed_images': 'procimg', 'cutout_directory': 'cutout', 'star_catalog': 'combined_star.fits'}
2026-05-15 14:17:57,707 [INFO] [pointing] SaveGrabRaw=True, SaveCombineRaw=True, raw_save_path=/home/shyunc/work/DATA/GFADATA/img/raw, pointing_save_path=/home/shyunc/work/DATA/GFADATA/img/pointing_save/2026-05-15
2026-05-15 14:17:57,707 [INFO] ========== PATH DEBUG [pointing] ==========
2026-05-15 14:17:57,707 [INFO] save_root = /home/shyunc/work/DATA/GFADATA/img
2026-05-15 14:17:57,708 [INFO] type(save_root) = <class 'pathlib.PosixPath'>
2026-05-15 14:17:57,708 [INFO] save_root exists? True
2026-05-15 14:17:57,708 [INFO] save_root write test ok: /home/shyunc/work/DATA/GFADATA/img/debug_write_test.txt
2026-05-15 14:17:57,708 [INFO] pointing_raw_path = /home/shyunc/work/DATA/GFADATA/img/raw
2026-05-15 14:17:57,709 [INFO] type(pointing_raw_path) = <class 'pathlib.PosixPath'>
2026-05-15 14:17:57,709 [INFO] pointing_raw_path exists? True
2026-05-15 14:17:57,709 [INFO] pointing_raw_path write test ok: /home/shyunc/work/DATA/GFADATA/img/raw/debug_write_test.txt
2026-05-15 14:17:57,709 [INFO] pointing_save_path = /home/shyunc/work/DATA/GFADATA/img/pointing_save/2026-05-15
2026-05-15 14:17:57,709 [INFO] type(pointing_save_path) = <class 'pathlib.PosixPath'>
2026-05-15 14:17:57,710 [INFO] pointing_save_path exists? True
2026-05-15 14:17:57,710 [INFO] pointing_save_path write test ok: /home/shyunc/work/DATA/GFADATA/img/pointing_save/2026-05-15/debug_write_test.txt
2026-05-15 14:17:57,710 [INFO] =========================================
2026-05-15 14:17:57,710 [INFO] Starting pointing sequence...
2026-05-15 14:17:57,710 [INFO] Target RA/DEC: 12:16:12.53, -15:29:08.7
2026-05-15 14:17:57,710 [INFO] Saving pointing images to /home/shyunc/work/DATA/GFADATA/img/pointing_save/2026-05-15
2026-05-15 14:17:57,710 [INFO] raw contents: ['D20260127_T163607_40103667_exp5s.fits', 'D20260127_T163607_40103651_exp5s.fits', 'debug_write_test.txt', 'D20260127_T163608_40103663_exp5s.fits', 'D20260127_T163608_40103833_exp5s.fits', 'D20260127_T163608_40103831_exp5s.fits', 'D20260127_T163608_40103834_exp5s.fits']
2026-05-15 14:17:57,710 [INFO] copying /home/shyunc/work/DATA/GFADATA/img/raw/D20260127_T163607_40103667_exp5s.fits to /home/shyunc/work/DATA/GFADATA/img/pointing_save/2026-05-15/D20260127_T163607_40103667_exp5s.fits
2026-05-15 14:17:57,712 [INFO] copying /home/shyunc/work/DATA/GFADATA/img/raw/D20260127_T163607_40103651_exp5s.fits to /home/shyunc/work/DATA/GFADATA/img/pointing_save/2026-05-15/D20260127_T163607_40103651_exp5s.fits
2026-05-15 14:17:57,713 [INFO] copying /home/shyunc/work/DATA/GFADATA/img/raw/D20260127_T163608_40103663_exp5s.fits to /home/shyunc/work/DATA/GFADATA/img/pointing_save/2026-05-15/D20260127_T163608_40103663_exp5s.fits
2026-05-15 14:17:57,714 [INFO] copying /home/shyunc/work/DATA/GFADATA/img/raw/D20260127_T163608_40103833_exp5s.fits to /home/shyunc/work/DATA/GFADATA/img/pointing_save/2026-05-15/D20260127_T163608_40103833_exp5s.fits
2026-05-15 14:17:57,716 [INFO] copying /home/shyunc/work/DATA/GFADATA/img/raw/D20260127_T163608_40103831_exp5s.fits to /home/shyunc/work/DATA/GFADATA/img/pointing_save/2026-05-15/D20260127_T163608_40103831_exp5s.fits
2026-05-15 14:17:57,717 [INFO] copying /home/shyunc/work/DATA/GFADATA/img/raw/D20260127_T163608_40103834_exp5s.fits to /home/shyunc/work/DATA/GFADATA/img/pointing_save/2026-05-15/D20260127_T163608_40103834_exp5s.fits
2026-05-15 14:17:57,718 [INFO] [pointing] saved 6 fits files to /home/shyunc/work/DATA/GFADATA/img/pointing_save/2026-05-15
2026-05-15 14:17:57,719 [INFO] Ensuring astrometry outputs are ready (no procimg dependency)...
2026-05-15 14:17:57,719 [INFO] Astrometry outputs missing or force=True → running astrometry preprocessing...
2026-05-15 14:17:57,719 [INFO] No astrometry results found (astro dir empty) → running FULL astrometry.
2026-05-15 14:17:57,721 [INFO] [D20260127_T163607_40103651_exp5s] Running command: /usr/local/astrometry/bin/solve-field /home/shyunc/work/DATA/GFADATA/img/raw/D20260127_T163607_40103651_exp5s.fits -D /home/shyunc/work/DATA/GFADATA/img/tempfiles/D20260127_T163607_40103651_exp5s -o D20260127_T163607_40103651_exp5s --overwrite --corr /home/shyunc/work/DATA/GFADATA/img/tempfiles/D20260127_T163607_40103651_exp5s/D20260127_T163607_40103651_exp5s.corr --no-plots --no-verify --crpix-center -X X -Y Y -s FLUX --scale-units degwidth -L 0.03 -H 0.16 --ra 12:16:12.53 --dec -15:29:08.7 --radius 5 -l 120 -c 0.1 -E 2 --cpulimit 6
2026-05-15 14:17:57,721 [INFO] [D20260127_T163607_40103667_exp5s] Running command: /usr/local/astrometry/bin/solve-field /home/shyunc/work/DATA/GFADATA/img/raw/D20260127_T163607_40103667_exp5s.fits -D /home/shyunc/work/DATA/GFADATA/img/tempfiles/D20260127_T163607_40103667_exp5s -o D20260127_T163607_40103667_exp5s --overwrite --corr /home/shyunc/work/DATA/GFADATA/img/tempfiles/D20260127_T163607_40103667_exp5s/D20260127_T163607_40103667_exp5s.corr --no-plots --no-verify --crpix-center -X X -Y Y -s FLUX --scale-units degwidth -L 0.03 -H 0.16 --ra 12:16:12.53 --dec -15:29:08.7 --radius 5 -l 120 -c 0.1 -E 2 --cpulimit 6
2026-05-15 14:17:57,723 [INFO] [D20260127_T163608_40103831_exp5s] Running command: /usr/local/astrometry/bin/solve-field /home/shyunc/work/DATA/GFADATA/img/raw/D20260127_T163608_40103831_exp5s.fits -D /home/shyunc/work/DATA/GFADATA/img/tempfiles/D20260127_T163608_40103831_exp5s -o D20260127_T163608_40103831_exp5s --overwrite --corr /home/shyunc/work/DATA/GFADATA/img/tempfiles/D20260127_T163608_40103831_exp5s/D20260127_T163608_40103831_exp5s.corr --no-plots --no-verify --crpix-center -X X -Y Y -s FLUX --scale-units degwidth -L 0.03 -H 0.16 --ra 12:16:12.53 --dec -15:29:08.7 --radius 5 -l 120 -c 0.1 -E 2 --cpulimit 6
2026-05-15 14:17:57,723 [INFO] [D20260127_T163608_40103663_exp5s] Running command: /usr/local/astrometry/bin/solve-field /home/shyunc/work/DATA/GFADATA/img/raw/D20260127_T163608_40103663_exp5s.fits -D /home/shyunc/work/DATA/GFADATA/img/tempfiles/D20260127_T163608_40103663_exp5s -o D20260127_T163608_40103663_exp5s --overwrite --corr /home/shyunc/work/DATA/GFADATA/img/tempfiles/D20260127_T163608_40103663_exp5s/D20260127_T163608_40103663_exp5s.corr --no-plots --no-verify --crpix-center -X X -Y Y -s FLUX --scale-units degwidth -L 0.03 -H 0.16 --ra 12:16:12.53 --dec -15:29:08.7 --radius 5 -l 120 -c 0.1 -E 2 --cpulimit 6
2026-05-15 14:17:57,724 [INFO] [D20260127_T163608_40103834_exp5s] Running command: /usr/local/astrometry/bin/solve-field /home/shyunc/work/DATA/GFADATA/img/raw/D20260127_T163608_40103834_exp5s.fits -D /home/shyunc/work/DATA/GFADATA/img/tempfiles/D20260127_T163608_40103834_exp5s -o D20260127_T163608_40103834_exp5s --overwrite --corr /home/shyunc/work/DATA/GFADATA/img/tempfiles/D20260127_T163608_40103834_exp5s/D20260127_T163608_40103834_exp5s.corr --no-plots --no-verify --crpix-center -X X -Y Y -s FLUX --scale-units degwidth -L 0.03 -H 0.16 --ra 12:16:12.53 --dec -15:29:08.7 --radius 5 -l 120 -c 0.1 -E 2 --cpulimit 6
2026-05-15 14:17:57,724 [INFO] [D20260127_T163608_40103833_exp5s] Running command: /usr/local/astrometry/bin/solve-field /home/shyunc/work/DATA/GFADATA/img/raw/D20260127_T163608_40103833_exp5s.fits -D /home/shyunc/work/DATA/GFADATA/img/tempfiles/D20260127_T163608_40103833_exp5s -o D20260127_T163608_40103833_exp5s --overwrite --corr /home/shyunc/work/DATA/GFADATA/img/tempfiles/D20260127_T163608_40103833_exp5s/D20260127_T163608_40103833_exp5s.corr --no-plots --no-verify --crpix-center -X X -Y Y -s FLUX --scale-units degwidth -L 0.03 -H 0.16 --ra 12:16:12.53 --dec -15:29:08.7 --radius 5 -l 120 -c 0.1 -E 2 --cpulimit 6
2026-05-15 14:17:59,069 [INFO] [D20260127_T163608_40103663_exp5s] solve-field returncode=0
2026-05-15 14:17:59,069 [DEBUG] [D20260127_T163608_40103663_exp5s] solve-field stdout:
Reading input file 1 of 1: "/home/shyunc/work/DATA/GFADATA/img/raw/D20260127_T163608_40103663_exp5s.fits"...
Running command: /usr/local/astrometry/bin/image2pnm --infile /home/shyunc/work/DATA/GFADATA/img/raw/D20260127_T163608_40103663_exp5s.fits --uncompressed-outfile /tmp/tmp.uncompressed.0bQw6t --outfile /tmp/tmp.ppm.lDFPR9 --ppm --mydir /usr/local/astrometry/bin/solve-field
Extracting sources...
simplexy: found 231 sources.
Reading sort column "FLUX"
Sorting sort column
mmapping input file
Copying table header.
Writing row 0
Done
Solving...
Reading file "/home/shyunc/work/DATA/GFADATA/img/tempfiles/D20260127_T163608_40103663_exp5s/D20260127_T163608_40103663_exp5s.axy"...
Only searching for solutions within 5 degrees of RA,Dec (184.052,-15.4857)
Field 1 did not solve (index index-4107.fits, field objects 1-10).
Field 1 did not solve (index index-4107.fits, field objects 11-20).
Field 1 did not solve (index index-4107.fits, field objects 21-30).
Field 1 did not solve (index index-4107.fits, field objects 31-40).
Field 1 did not solve (index index-4107.fits, field objects 41-50).
Field 1 did not solve (index index-4107.fits, field objects 51-60).
Field 1 did not solve (index index-4107.fits, field objects 61-70).
Field 1 did not solve (index index-4107.fits, field objects 71-80).
Field 1 did not solve (index index-4107.fits, field objects 81-90).
Field 1 did not solve (index index-4107.fits, field objects 91-100).
Field 1 did not solve (index index-4107.fits, field objects 101-110).
Field 1 did not solve (index index-4107.fits, field objects 111-120).
Field 1 did not solve (index index-4107.fits, field objects 121-130).
Field 1 did not solve (index index-4107.fits, field objects 131-140).
Field 1 did not solve (index index-4107.fits, field objects 141-150).
Field 1 did not solve (index index-4107.fits, field objects 151-160).
Field 1 did not solve (index index-4107.fits, field objects 161-170).
Field 1 did not solve (index index-4107.fits, field objects 171-180).
Field 1 did not solve (index index-4107.fits, field objects 181-190).
Field 1 did not solve (index index-4107.fits, field objects 191-200).
Field: /home/shyunc/work/DATA/GFADATA/img/raw/D20260127_T163608_40103663_exp5s.fits
Did not solve (or no WCS file was written).


2026-05-15 14:17:59,069 [INFO] [D20260127_T163607_40103651_exp5s] solve-field returncode=0
2026-05-15 14:17:59,069 [DEBUG] [D20260127_T163607_40103651_exp5s] solve-field stdout:
Reading input file 1 of 1: "/home/shyunc/work/DATA/GFADATA/img/raw/D20260127_T163607_40103651_exp5s.fits"...
Running command: /usr/local/astrometry/bin/image2pnm --infile /home/shyunc/work/DATA/GFADATA/img/raw/D20260127_T163607_40103651_exp5s.fits --uncompressed-outfile /tmp/tmp.uncompressed.nLg7gC --outfile /tmp/tmp.ppm.x4PD9o --ppm --mydir /usr/local/astrometry/bin/solve-field
Extracting sources...
simplexy: found 322 sources.
Reading sort column "FLUX"
Sorting sort column
mmapping input file
Copying table header.
Writing row 0
Done
Solving...
Reading file "/home/shyunc/work/DATA/GFADATA/img/tempfiles/D20260127_T163607_40103651_exp5s/D20260127_T163607_40103651_exp5s.axy"...
Only searching for solutions within 5 degrees of RA,Dec (184.052,-15.4857)
Field 1 did not solve (index index-4107.fits, field objects 1-10).
Field 1 did not solve (index index-4107.fits, field objects 11-20).
Field 1 did not solve (index index-4107.fits, field objects 21-30).
Field 1 did not solve (index index-4107.fits, field objects 31-40).
Field 1 did not solve (index index-4107.fits, field objects 41-50).
Field 1 did not solve (index index-4107.fits, field objects 51-60).
Field 1 did not solve (index index-4107.fits, field objects 61-70).
Field 1 did not solve (index index-4107.fits, field objects 71-80).
Field 1 did not solve (index index-4107.fits, field objects 81-90).
Field 1 did not solve (index index-4107.fits, field objects 91-100).
Field 1 did not solve (index index-4107.fits, field objects 101-110).
Field 1 did not solve (index index-4107.fits, field objects 111-120).
Field 1 did not solve (index index-4107.fits, field objects 121-130).
Field 1 did not solve (index index-4107.fits, field objects 131-140).
Field 1 did not solve (index index-4107.fits, field objects 141-150).
Field 1 did not solve (index index-4107.fits, field objects 151-160).
Field 1 did not solve (index index-4107.fits, field objects 161-170).
Field 1 did not solve (index index-4107.fits, field objects 171-180).
Field 1 did not solve (index index-4107.fits, field objects 181-190).
Field 1 did not solve (index index-4107.fits, field objects 191-200).
Field: /home/shyunc/work/DATA/GFADATA/img/raw/D20260127_T163607_40103651_exp5s.fits
Did not solve (or no WCS file was written).


2026-05-15 14:17:59,069 [ERROR] Error processing D20260127_T163608_40103663_exp5s.fits: [D20260127_T163608_40103663_exp5s] solve-field FAILED: .new file not created.
  raw_fits=/home/shyunc/work/DATA/GFADATA/img/raw/D20260127_T163608_40103663_exp5s.fits
  work_dir=/home/shyunc/work/DATA/GFADATA/img/tempfiles/D20260127_T163608_40103663_exp5s
  returncode=0
  files(sample)=['D20260127_T163608_40103663_exp5s.axy']
  stderr(tail)=

2026-05-15 14:17:59,069 [ERROR] Error processing D20260127_T163607_40103651_exp5s.fits: [D20260127_T163607_40103651_exp5s] solve-field FAILED: .new file not created.
  raw_fits=/home/shyunc/work/DATA/GFADATA/img/raw/D20260127_T163607_40103651_exp5s.fits
  work_dir=/home/shyunc/work/DATA/GFADATA/img/tempfiles/D20260127_T163607_40103651_exp5s
  returncode=0
  files(sample)=['D20260127_T163607_40103651_exp5s.axy']
  stderr(tail)=

2026-05-15 14:17:59,074 [INFO] [D20260127_T163608_40103834_exp5s] solve-field returncode=0
2026-05-15 14:17:59,074 [DEBUG] [D20260127_T163608_40103834_exp5s] solve-field stdout:
Reading input file 1 of 1: "/home/shyunc/work/DATA/GFADATA/img/raw/D20260127_T163608_40103834_exp5s.fits"...
Running command: /usr/local/astrometry/bin/image2pnm --infile /home/shyunc/work/DATA/GFADATA/img/raw/D20260127_T163608_40103834_exp5s.fits --uncompressed-outfile /tmp/tmp.uncompressed.7wGk4Z --outfile /tmp/tmp.ppm.4YDMIz --ppm --mydir /usr/local/astrometry/bin/solve-field
Extracting sources...
simplexy: found 162 sources.
Reading sort column "FLUX"
Sorting sort column
mmapping input file
Copying table header.
Writing row 0
Done
Solving...
Reading file "/home/shyunc/work/DATA/GFADATA/img/tempfiles/D20260127_T163608_40103834_exp5s/D20260127_T163608_40103834_exp5s.axy"...
Only searching for solutions within 5 degrees of RA,Dec (184.052,-15.4857)
Field 1 did not solve (index index-4107.fits, field objects 1-10).
Field 1 did not solve (index index-4107.fits, field objects 11-20).
Field 1 did not solve (index index-4107.fits, field objects 21-30).
Field 1 did not solve (index index-4107.fits, field objects 31-40).
Field 1 did not solve (index index-4107.fits, field objects 41-50).
Field 1 did not solve (index index-4107.fits, field objects 51-60).
Field 1 did not solve (index index-4107.fits, field objects 61-70).
Field 1 did not solve (index index-4107.fits, field objects 71-80).
Field 1 did not solve (index index-4107.fits, field objects 81-90).
Field 1 did not solve (index index-4107.fits, field objects 91-100).
Field 1 did not solve (index index-4107.fits, field objects 101-110).
Field 1 did not solve (index index-4107.fits, field objects 111-120).
Field 1 did not solve (index index-4107.fits, field objects 121-130).
Field 1 did not solve (index index-4107.fits, field objects 131-140).
Field 1 did not solve (index index-4107.fits, field objects 141-150).
Field 1 did not solve (index index-4107.fits, field objects 151-160).
Field 1 did not solve (index index-4107.fits, field objects 161-170).
Field 1 did not solve.
Field 1 did not solve.
Field 1 did not solve.
Field: /home/shyunc/work/DATA/GFADATA/img/raw/D20260127_T163608_40103834_exp5s.fits
Did not solve (or no WCS file was written).


2026-05-15 14:17:59,075 [ERROR] Error processing D20260127_T163608_40103834_exp5s.fits: [D20260127_T163608_40103834_exp5s] solve-field FAILED: .new file not created.
  raw_fits=/home/shyunc/work/DATA/GFADATA/img/raw/D20260127_T163608_40103834_exp5s.fits
  work_dir=/home/shyunc/work/DATA/GFADATA/img/tempfiles/D20260127_T163608_40103834_exp5s
  returncode=0
  files(sample)=['D20260127_T163608_40103834_exp5s.axy']
  stderr(tail)=

2026-05-15 14:17:59,077 [INFO] [D20260127_T163608_40103831_exp5s] solve-field returncode=0
2026-05-15 14:17:59,077 [DEBUG] [D20260127_T163608_40103831_exp5s] solve-field stdout:
Reading input file 1 of 1: "/home/shyunc/work/DATA/GFADATA/img/raw/D20260127_T163608_40103831_exp5s.fits"...
Running command: /usr/local/astrometry/bin/image2pnm --infile /home/shyunc/work/DATA/GFADATA/img/raw/D20260127_T163608_40103831_exp5s.fits --uncompressed-outfile /tmp/tmp.uncompressed.NnHDA6 --outfile /tmp/tmp.ppm.c5deDa --ppm --mydir /usr/local/astrometry/bin/solve-field
Extracting sources...
simplexy: found 101 sources.
Reading sort column "FLUX"
Sorting sort column
mmapping input file
Copying table header.
Writing row 0
Done
Solving...
Reading file "/home/shyunc/work/DATA/GFADATA/img/tempfiles/D20260127_T163608_40103831_exp5s/D20260127_T163608_40103831_exp5s.axy"...
Only searching for solutions within 5 degrees of RA,Dec (184.052,-15.4857)
Field 1 did not solve (index index-4107.fits, field objects 1-10).
Field 1 did not solve (index index-4107.fits, field objects 11-20).
Field 1 did not solve (index index-4107.fits, field objects 21-30).
Field 1 did not solve (index index-4107.fits, field objects 31-40).
Field 1 did not solve (index index-4107.fits, field objects 41-50).
Field 1 did not solve (index index-4107.fits, field objects 51-60).
Field 1 did not solve (index index-4107.fits, field objects 61-70).
Field 1 did not solve (index index-4107.fits, field objects 71-80).
Field 1 did not solve (index index-4107.fits, field objects 81-90).
Field 1 did not solve (index index-4107.fits, field objects 91-100).
Field 1 did not solve (index index-4107.fits, field objects 101-110).
Field 1 did not solve.
Field 1 did not solve.
Field 1 did not solve.
Field 1 did not solve.
Field 1 did not solve.
Field 1 did not solve.
Field 1 did not solve.
Field 1 did not solve.
Field 1 did not solve.
Field: /home/shyunc/work/DATA/GFADATA/img/raw/D20260127_T163608_40103831_exp5s.fits
Did not solve (or no WCS file was written).


2026-05-15 14:17:59,077 [ERROR] Error processing D20260127_T163608_40103831_exp5s.fits: [D20260127_T163608_40103831_exp5s] solve-field FAILED: .new file not created.
  raw_fits=/home/shyunc/work/DATA/GFADATA/img/raw/D20260127_T163608_40103831_exp5s.fits
  work_dir=/home/shyunc/work/DATA/GFADATA/img/tempfiles/D20260127_T163608_40103831_exp5s
  returncode=0
  files(sample)=['D20260127_T163608_40103831_exp5s.axy']
  stderr(tail)=

2026-05-15 14:17:59,077 [INFO] [D20260127_T163608_40103833_exp5s] solve-field returncode=0
2026-05-15 14:17:59,077 [DEBUG] [D20260127_T163608_40103833_exp5s] solve-field stdout:
Reading input file 1 of 1: "/home/shyunc/work/DATA/GFADATA/img/raw/D20260127_T163608_40103833_exp5s.fits"...
Running command: /usr/local/astrometry/bin/image2pnm --infile /home/shyunc/work/DATA/GFADATA/img/raw/D20260127_T163608_40103833_exp5s.fits --uncompressed-outfile /tmp/tmp.uncompressed.9XMp0b --outfile /tmp/tmp.ppm.gGjy0X --ppm --mydir /usr/local/astrometry/bin/solve-field
Extracting sources...
simplexy: found 181 sources.
Reading sort column "FLUX"
Sorting sort column
mmapping input file
Copying table header.
Writing row 0
Done
Solving...
Reading file "/home/shyunc/work/DATA/GFADATA/img/tempfiles/D20260127_T163608_40103833_exp5s/D20260127_T163608_40103833_exp5s.axy"...
Only searching for solutions within 5 degrees of RA,Dec (184.052,-15.4857)
Field 1 did not solve (index index-4107.fits, field objects 1-10).
Field 1 did not solve (index index-4107.fits, field objects 11-20).
Field 1 did not solve (index index-4107.fits, field objects 21-30).
Field 1 did not solve (index index-4107.fits, field objects 31-40).
Field 1 did not solve (index index-4107.fits, field objects 41-50).
Field 1 did not solve (index index-4107.fits, field objects 51-60).
Field 1 did not solve (index index-4107.fits, field objects 61-70).
Field 1 did not solve (index index-4107.fits, field objects 71-80).
Field 1 did not solve (index index-4107.fits, field objects 81-90).
Field 1 did not solve (index index-4107.fits, field objects 91-100).
Field 1 did not solve (index index-4107.fits, field objects 101-110).
Field 1 did not solve (index index-4107.fits, field objects 111-120).
Field 1 did not solve (index index-4107.fits, field objects 121-130).
Field 1 did not solve (index index-4107.fits, field objects 131-140).
Field 1 did not solve (index index-4107.fits, field objects 141-150).
Field 1 did not solve (index index-4107.fits, field objects 151-160).
Field 1 did not solve (index index-4107.fits, field objects 161-170).
Field 1 did not solve (index index-4107.fits, field objects 171-180).
Field 1 did not solve (index index-4107.fits, field objects 181-190).
Field 1 did not solve.
Field: /home/shyunc/work/DATA/GFADATA/img/raw/D20260127_T163608_40103833_exp5s.fits
Did not solve (or no WCS file was written).


2026-05-15 14:17:59,078 [ERROR] Error processing D20260127_T163608_40103833_exp5s.fits: [D20260127_T163608_40103833_exp5s] solve-field FAILED: .new file not created.
  raw_fits=/home/shyunc/work/DATA/GFADATA/img/raw/D20260127_T163608_40103833_exp5s.fits
  work_dir=/home/shyunc/work/DATA/GFADATA/img/tempfiles/D20260127_T163608_40103833_exp5s
  returncode=0
  files(sample)=['D20260127_T163608_40103833_exp5s.axy']
  stderr(tail)=

2026-05-15 14:17:59,084 [INFO] [D20260127_T163607_40103667_exp5s] solve-field returncode=0
2026-05-15 14:17:59,084 [DEBUG] [D20260127_T163607_40103667_exp5s] solve-field stdout:
Reading input file 1 of 1: "/home/shyunc/work/DATA/GFADATA/img/raw/D20260127_T163607_40103667_exp5s.fits"...
Running command: /usr/local/astrometry/bin/image2pnm --infile /home/shyunc/work/DATA/GFADATA/img/raw/D20260127_T163607_40103667_exp5s.fits --uncompressed-outfile /tmp/tmp.uncompressed.efOarN --outfile /tmp/tmp.ppm.KGZtJ9 --ppm --mydir /usr/local/astrometry/bin/solve-field
Extracting sources...
simplexy: found 185 sources.
Reading sort column "FLUX"
Sorting sort column
mmapping input file
Copying table header.
Writing row 0
Done
Solving...
Reading file "/home/shyunc/work/DATA/GFADATA/img/tempfiles/D20260127_T163607_40103667_exp5s/D20260127_T163607_40103667_exp5s.axy"...
Only searching for solutions within 5 degrees of RA,Dec (184.052,-15.4857)
Field 1 did not solve (index index-4107.fits, field objects 1-10).
Field 1 did not solve (index index-4107.fits, field objects 11-20).
Field 1 did not solve (index index-4107.fits, field objects 21-30).
Field 1 did not solve (index index-4107.fits, field objects 31-40).
Field 1 did not solve (index index-4107.fits, field objects 41-50).
Field 1 did not solve (index index-4107.fits, field objects 51-60).
Field 1 did not solve (index index-4107.fits, field objects 61-70).
Field 1 did not solve (index index-4107.fits, field objects 71-80).
Field 1 did not solve (index index-4107.fits, field objects 81-90).
Field 1 did not solve (index index-4107.fits, field objects 91-100).
Field 1 did not solve (index index-4107.fits, field objects 101-110).
Field 1 did not solve (index index-4107.fits, field objects 111-120).
Field 1 did not solve (index index-4107.fits, field objects 121-130).
Field 1 did not solve (index index-4107.fits, field objects 131-140).
Field 1 did not solve (index index-4107.fits, field objects 141-150).
Field 1 did not solve (index index-4107.fits, field objects 151-160).
Field 1 did not solve (index index-4107.fits, field objects 161-170).
Field 1 did not solve (index index-4107.fits, field objects 171-180).
Field 1 did not solve (index index-4107.fits, field objects 181-190).
Field 1 did not solve.
Field: /home/shyunc/work/DATA/GFADATA/img/raw/D20260127_T163607_40103667_exp5s.fits
Did not solve (or no WCS file was written).


2026-05-15 14:17:59,085 [ERROR] Error processing D20260127_T163607_40103667_exp5s.fits: [D20260127_T163607_40103667_exp5s] solve-field FAILED: .new file not created.
  raw_fits=/home/shyunc/work/DATA/GFADATA/img/raw/D20260127_T163607_40103667_exp5s.fits
  work_dir=/home/shyunc/work/DATA/GFADATA/img/tempfiles/D20260127_T163607_40103667_exp5s
  returncode=0
  files(sample)=['D20260127_T163607_40103667_exp5s.axy']
  stderr(tail)=

2026-05-15 14:17:59,085 [WARNING] 6 files failed: ['D20260127_T163608_40103663_exp5s.fits', 'D20260127_T163607_40103651_exp5s.fits', 'D20260127_T163608_40103834_exp5s.fits', 'D20260127_T163608_40103831_exp5s.fits', 'D20260127_T163608_40103833_exp5s.fits', 'D20260127_T163607_40103667_exp5s.fits']
2026-05-15 14:17:59,085 [INFO] Preprocessing(astrometry) completed in 1.37 seconds. (ok=0, failed=6, corr_ok=0)
2026-05-15 14:17:59,085 [ERROR] Pointing failed: Astrometry expected outputs not found in /home/shyunc/work/DATA/GFADATA/img/astroimg (astro_*.fits)
