2025-11-25 13:15:53,223 [INFO] Initialized GFAEnvironment with role 'plate' and cameras [1, 2, 3, 4, 5, 6]
2025-11-25 13:15:53,223 [INFO] Initializing gfa_astrometry class.
2025-11-25 13:15:53,224 [INFO] Initializing GFAGuider...
2025-11-25 13:15:53,224 [DEBUG] Processed dir: /media/shyunc/DATA/KSpec/KSPEC_ICS/GFA/Simul/kspec_gfa_controller/src/img/procimg
2025-11-25 13:15:53,224 [DEBUG] Final astro dir: /media/shyunc/DATA/KSpec/KSPEC_ICS/GFA/Simul/kspec_gfa_controller/src/img/astroimg/
2025-11-25 13:15:53,224 [DEBUG] Cutout dir: /media/shyunc/DATA/KSpec/KSPEC_ICS/GFA/Simul/kspec_gfa_controller/src/img/cutout
2025-11-25 13:15:53,224 [INFO] GFAGuider setup complete.
2025-11-25 13:15:53,224 [INFO] Initialized GFAEnvironment with role 'finder' and cameras [7]
2025-11-25 13:17:45,349 [INFO] Querying camera statuses...
2025-11-25 13:19:05,046 [INFO] Starting guiding sequence...
2025-11-25 13:19:05,047 [INFO] Grabbing raw image...
2025-11-25 13:19:10,049 [INFO] Running astrometry preprocessing...
2025-11-25 13:19:10,049 [INFO] Executing guider offset calculation...
2025-11-25 13:19:10,050 [INFO] Clearing temp astrometry data...
2025-11-25 13:19:10,051 [INFO] Deleting raw and processed files.
2025-11-25 13:19:10,052 [INFO] Deleted 0 files in directory: /media/shyunc/DATA/KSpec/KSPEC_ICS/GFA/Simul/kspec_gfa_controller/src/img/raw
2025-11-25 13:19:10,053 [INFO] Deleted 0 files in directory: /media/shyunc/DATA/KSpec/KSPEC_ICS/GFA/Simul/kspec_gfa_controller/src/img/procimg
2025-11-25 13:19:10,054 [INFO] Deleted 0 raw files and 0 processed files.
2025-11-25 13:26:34,195 [INFO] Querying camera statuses...
2025-11-25 13:35:50,114 [INFO] Querying camera statuses...
2025-11-25 13:37:15,805 [INFO] Querying camera statuses...
2025-11-25 13:38:56,054 [INFO] Starting guiding sequence...
2025-11-25 13:38:56,056 [INFO] Grabbing raw image...
2025-11-25 13:39:01,057 [INFO] Running astrometry preprocessing...
2025-11-25 13:39:01,058 [INFO] Executing guider offset calculation...
2025-11-25 13:39:01,058 [INFO] Clearing temp astrometry data...
2025-11-25 13:39:01,058 [INFO] Deleting raw and processed files.
2025-11-25 13:39:01,059 [INFO] Deleted 0 files in directory: /media/shyunc/DATA/KSpec/KSPEC_ICS/GFA/Simul/kspec_gfa_controller/src/img/raw
2025-11-25 13:39:01,060 [INFO] Deleted 0 files in directory: /media/shyunc/DATA/KSpec/KSPEC_ICS/GFA/Simul/kspec_gfa_controller/src/img/procimg
2025-11-25 13:39:01,060 [INFO] Deleted 0 raw files and 0 processed files.
2025-11-25 13:39:31,061 [INFO] Starting guiding sequence...
2025-11-25 13:39:31,063 [INFO] Grabbing raw image...
2025-11-25 13:39:36,064 [INFO] Running astrometry preprocessing...
2025-11-25 13:39:36,065 [INFO] Executing guider offset calculation...
2025-11-25 13:39:36,066 [INFO] Clearing temp astrometry data...
2025-11-25 13:39:36,067 [INFO] Deleting raw and processed files.
2025-11-25 13:39:36,068 [INFO] Deleted 0 files in directory: /media/shyunc/DATA/KSpec/KSPEC_ICS/GFA/Simul/kspec_gfa_controller/src/img/raw
2025-11-25 13:39:36,069 [INFO] Deleted 0 files in directory: /media/shyunc/DATA/KSpec/KSPEC_ICS/GFA/Simul/kspec_gfa_controller/src/img/procimg
2025-11-25 13:39:36,069 [INFO] Deleted 0 raw files and 0 processed files.
2025-11-25 13:40:06,071 [INFO] Starting guiding sequence...
2025-11-25 13:40:06,073 [INFO] Grabbing raw image...
2025-11-25 13:40:11,074 [INFO] Running astrometry preprocessing...
2025-11-25 13:40:11,075 [INFO] Executing guider offset calculation...
2025-11-25 13:40:11,075 [INFO] Clearing temp astrometry data...
2025-11-25 13:40:11,075 [INFO] Deleting raw and processed files.
2025-11-25 13:40:11,076 [INFO] Deleted 0 files in directory: /media/shyunc/DATA/KSpec/KSPEC_ICS/GFA/Simul/kspec_gfa_controller/src/img/raw
2025-11-25 13:40:11,077 [INFO] Deleted 0 files in directory: /media/shyunc/DATA/KSpec/KSPEC_ICS/GFA/Simul/kspec_gfa_controller/src/img/procimg
2025-11-25 13:40:11,077 [INFO] Deleted 0 raw files and 0 processed files.
2025-11-25 13:40:41,079 [INFO] Starting guiding sequence...
2025-11-25 13:40:41,081 [INFO] Grabbing raw image...
2025-11-25 13:40:46,083 [INFO] Running astrometry preprocessing...
2025-11-25 13:40:46,084 [INFO] Executing guider offset calculation...
2025-11-25 13:40:46,084 [INFO] Clearing temp astrometry data...
2025-11-25 13:40:46,085 [INFO] Deleting raw and processed files.
2025-11-25 13:40:46,086 [INFO] Deleted 0 files in directory: /media/shyunc/DATA/KSpec/KSPEC_ICS/GFA/Simul/kspec_gfa_controller/src/img/raw
2025-11-25 13:40:46,087 [INFO] Deleted 0 files in directory: /media/shyunc/DATA/KSpec/KSPEC_ICS/GFA/Simul/kspec_gfa_controller/src/img/procimg
2025-11-25 13:40:46,087 [INFO] Deleted 0 raw files and 0 processed files.
2025-11-25 13:41:16,091 [INFO] Starting guiding sequence...
2025-11-25 13:41:16,093 [INFO] Grabbing raw image...
2025-11-25 13:41:21,095 [INFO] Running astrometry preprocessing...
2025-11-25 13:41:21,095 [INFO] Executing guider offset calculation...
2025-11-25 13:41:21,096 [INFO] Clearing temp astrometry data...
2025-11-25 13:41:21,096 [INFO] Deleting raw and processed files.
2025-11-25 13:41:21,097 [INFO] Deleted 0 files in directory: /media/shyunc/DATA/KSpec/KSPEC_ICS/GFA/Simul/kspec_gfa_controller/src/img/raw
2025-11-25 13:41:21,098 [INFO] Deleted 0 files in directory: /media/shyunc/DATA/KSpec/KSPEC_ICS/GFA/Simul/kspec_gfa_controller/src/img/procimg
2025-11-25 13:41:21,099 [INFO] Deleted 0 raw files and 0 processed files.
2025-11-25 13:41:51,103 [INFO] Starting guiding sequence...
2025-11-25 13:41:51,104 [INFO] Grabbing raw image...
2025-11-25 13:41:56,107 [INFO] Running astrometry preprocessing...
2025-11-25 13:41:56,108 [INFO] Executing guider offset calculation...
2025-11-25 13:41:56,108 [INFO] Clearing temp astrometry data...
2025-11-25 13:41:56,109 [INFO] Deleting raw and processed files.
2025-11-25 13:41:56,110 [INFO] Deleted 0 files in directory: /media/shyunc/DATA/KSpec/KSPEC_ICS/GFA/Simul/kspec_gfa_controller/src/img/raw
2025-11-25 13:41:56,111 [INFO] Deleted 0 files in directory: /media/shyunc/DATA/KSpec/KSPEC_ICS/GFA/Simul/kspec_gfa_controller/src/img/procimg
2025-11-25 13:41:56,111 [INFO] Deleted 0 raw files and 0 processed files.
2025-11-25 13:42:26,115 [INFO] Starting guiding sequence...
2025-11-25 13:42:26,117 [INFO] Grabbing raw image...
2025-11-25 13:42:31,119 [INFO] Running astrometry preprocessing...
2025-11-25 13:42:31,120 [INFO] Executing guider offset calculation...
2025-11-25 13:42:31,121 [INFO] Clearing temp astrometry data...
2025-11-25 13:42:31,121 [INFO] Deleting raw and processed files.
2025-11-25 13:42:31,122 [INFO] Deleted 0 files in directory: /media/shyunc/DATA/KSpec/KSPEC_ICS/GFA/Simul/kspec_gfa_controller/src/img/raw
2025-11-25 13:42:31,123 [INFO] Deleted 0 files in directory: /media/shyunc/DATA/KSpec/KSPEC_ICS/GFA/Simul/kspec_gfa_controller/src/img/procimg
2025-11-25 13:42:31,124 [INFO] Deleted 0 raw files and 0 processed files.
2025-11-25 13:51:29,539 [INFO] Starting guiding sequence...
2025-11-25 13:51:29,539 [INFO] Grabbing raw image...
2025-11-25 13:51:34,540 [INFO] Running astrometry preprocessing...
2025-11-25 13:51:34,541 [INFO] Executing guider offset calculation...
2025-11-25 13:51:34,541 [INFO] Clearing temp astrometry data...
2025-11-25 13:51:34,542 [INFO] Deleting raw and processed files.
2025-11-25 13:51:34,543 [INFO] Deleted 0 files in directory: /media/shyunc/DATA/KSpec/KSPEC_ICS/GFA/Simul/kspec_gfa_controller/src/img/raw
2025-11-25 13:51:34,544 [INFO] Deleted 0 files in directory: /media/shyunc/DATA/KSpec/KSPEC_ICS/GFA/Simul/kspec_gfa_controller/src/img/procimg
2025-11-25 13:51:34,545 [INFO] Deleted 0 raw files and 0 processed files.
2025-11-25 13:51:43,014 [INFO] Starting guiding sequence...
2025-11-25 13:51:43,014 [INFO] Grabbing raw image...
2025-11-25 13:51:48,015 [INFO] Running astrometry preprocessing...
2025-11-25 13:51:48,016 [INFO] Executing guider offset calculation...
2025-11-25 13:51:48,017 [INFO] Clearing temp astrometry data...
2025-11-25 13:51:48,017 [INFO] Deleting raw and processed files.
2025-11-25 13:51:48,019 [INFO] Deleted 0 files in directory: /media/shyunc/DATA/KSpec/KSPEC_ICS/GFA/Simul/kspec_gfa_controller/src/img/raw
2025-11-25 13:51:48,020 [INFO] Deleted 0 files in directory: /media/shyunc/DATA/KSpec/KSPEC_ICS/GFA/Simul/kspec_gfa_controller/src/img/procimg
2025-11-25 13:51:48,020 [INFO] Deleted 0 raw files and 0 processed files.
2025-11-26 09:44:33,993 [INFO] Querying camera statuses...
2025-11-26 09:45:12,889 [INFO] Starting guiding sequence...
2025-11-26 09:45:12,890 [INFO] Grabbing raw image...
2025-11-26 09:45:17,891 [INFO] Running astrometry preprocessing...
2025-11-26 09:45:17,892 [INFO] Executing guider offset calculation...
2025-11-26 09:45:17,893 [INFO] Clearing temp astrometry data...
2025-11-26 09:45:17,893 [INFO] Deleting raw and processed files.
2025-11-26 09:45:17,894 [INFO] Deleted 0 files in directory: /media/shyunc/DATA/KSpec/KSPEC_ICS/GFA/Simul/kspec_gfa_controller/src/img/raw
2025-11-26 09:45:17,895 [INFO] Deleted 0 files in directory: /media/shyunc/DATA/KSpec/KSPEC_ICS/GFA/Simul/kspec_gfa_controller/src/img/procimg
2025-11-26 09:45:17,896 [INFO] Deleted 0 raw files and 0 processed files.
2025-11-26 09:46:07,330 [INFO] Querying camera statuses...
2025-11-26 09:48:26,906 [INFO] Starting guiding sequence...
2025-11-26 09:48:26,907 [INFO] Grabbing raw image...
2025-11-26 09:49:41,319 [INFO] Querying camera statuses...
2025-11-26 09:50:53,307 [INFO] Starting guiding sequence...
2025-11-26 09:50:53,308 [INFO] Grabbing raw image...
2025-11-26 09:50:58,310 [INFO] Running astrometry preprocessing...
2025-11-26 09:50:58,311 [INFO] Executing guider offset calculation...
2025-11-26 09:50:58,311 [INFO] Clearing temp astrometry data...
2025-11-26 09:50:58,312 [INFO] Deleting raw and processed files.
2025-11-26 09:50:58,313 [INFO] Deleted 0 files in directory: /media/shyunc/DATA/KSpec/KSPEC_ICS/GFA/Simul/kspec_gfa_controller/src/img/raw
2025-11-26 09:50:58,314 [INFO] Deleted 0 files in directory: /media/shyunc/DATA/KSpec/KSPEC_ICS/GFA/Simul/kspec_gfa_controller/src/img/procimg
2025-11-26 09:50:58,314 [INFO] Deleted 0 raw files and 0 processed files.
2025-11-26 09:51:28,316 [INFO] Starting guiding sequence...
2025-11-26 09:51:28,319 [INFO] Grabbing raw image...
2025-11-26 10:10:56,086 [INFO] Querying camera statuses...
2025-11-26 10:13:05,572 [INFO] Querying camera statuses...
2025-11-26 10:13:40,642 [INFO] Starting guiding sequence...
2025-11-26 10:13:40,644 [INFO] Grabbing raw image...
2025-11-26 10:13:45,646 [INFO] Running astrometry preprocessing...
2025-11-26 10:13:45,646 [INFO] Executing guider offset calculation...
2025-11-26 10:13:45,647 [INFO] Clearing temp astrometry data...
2025-11-26 10:13:45,648 [INFO] Deleting raw and processed files.
2025-11-26 10:13:45,649 [INFO] Deleted 0 files in directory: /media/shyunc/DATA/KSpec/KSPEC_ICS/GFA/Simul/kspec_gfa_controller/src/img/raw
2025-11-26 10:13:45,650 [INFO] Deleted 0 files in directory: /media/shyunc/DATA/KSpec/KSPEC_ICS/GFA/Simul/kspec_gfa_controller/src/img/procimg
2025-11-26 10:13:45,650 [INFO] Deleted 0 raw files and 0 processed files.
2025-11-26 10:14:15,653 [INFO] Starting guiding sequence...
2025-11-26 10:14:15,656 [INFO] Grabbing raw image...
2025-11-26 10:14:20,658 [INFO] Running astrometry preprocessing...
2025-11-26 10:14:20,659 [INFO] Executing guider offset calculation...
2025-11-26 10:14:20,660 [INFO] Clearing temp astrometry data...
2025-11-26 10:14:20,660 [INFO] Deleting raw and processed files.
2025-11-26 10:14:20,662 [INFO] Deleted 0 files in directory: /media/shyunc/DATA/KSpec/KSPEC_ICS/GFA/Simul/kspec_gfa_controller/src/img/raw
2025-11-26 10:14:20,663 [INFO] Deleted 0 files in directory: /media/shyunc/DATA/KSpec/KSPEC_ICS/GFA/Simul/kspec_gfa_controller/src/img/procimg
2025-11-26 10:14:20,663 [INFO] Deleted 0 raw files and 0 processed files.
2025-11-26 10:14:50,667 [INFO] Starting guiding sequence...
2025-11-26 10:14:50,669 [INFO] Grabbing raw image...
2025-11-26 10:14:55,672 [INFO] Running astrometry preprocessing...
2025-11-26 10:14:55,673 [INFO] Executing guider offset calculation...
2025-11-26 10:14:55,673 [INFO] Clearing temp astrometry data...
2025-11-26 10:14:55,674 [INFO] Deleting raw and processed files.
2025-11-26 10:14:55,675 [INFO] Deleted 0 files in directory: /media/shyunc/DATA/KSpec/KSPEC_ICS/GFA/Simul/kspec_gfa_controller/src/img/raw
2025-11-26 10:14:55,676 [INFO] Deleted 0 files in directory: /media/shyunc/DATA/KSpec/KSPEC_ICS/GFA/Simul/kspec_gfa_controller/src/img/procimg
2025-11-26 10:14:55,676 [INFO] Deleted 0 raw files and 0 processed files.
2025-11-26 10:24:31,052 [INFO] Starting guiding sequence...
2025-11-26 10:24:31,054 [INFO] Grabbing raw image...
2025-11-26 10:24:36,056 [INFO] Running astrometry preprocessing...
2025-11-26 10:24:36,056 [INFO] Executing guider offset calculation...
2025-11-26 10:24:36,057 [INFO] Clearing temp astrometry data...
2025-11-26 10:24:36,057 [INFO] Deleting raw and processed files.
2025-11-26 10:24:36,059 [INFO] Deleted 0 files in directory: /media/shyunc/DATA/KSpec/KSPEC_ICS/GFA/Simul/kspec_gfa_controller/src/img/raw
2025-11-26 10:24:36,060 [INFO] Deleted 0 files in directory: /media/shyunc/DATA/KSpec/KSPEC_ICS/GFA/Simul/kspec_gfa_controller/src/img/procimg
2025-11-26 10:24:36,060 [INFO] Deleted 0 raw files and 0 processed files.
2025-11-26 10:25:06,062 [INFO] Starting guiding sequence...
2025-11-26 10:25:06,066 [INFO] Grabbing raw image...
2025-11-26 10:25:11,068 [INFO] Running astrometry preprocessing...
2025-11-26 10:25:11,069 [INFO] Executing guider offset calculation...
2025-11-26 10:25:11,070 [INFO] Clearing temp astrometry data...
2025-11-26 10:25:11,070 [INFO] Deleting raw and processed files.
2025-11-26 10:25:11,072 [INFO] Deleted 0 files in directory: /media/shyunc/DATA/KSpec/KSPEC_ICS/GFA/Simul/kspec_gfa_controller/src/img/raw
2025-11-26 10:25:11,072 [INFO] Deleted 0 files in directory: /media/shyunc/DATA/KSpec/KSPEC_ICS/GFA/Simul/kspec_gfa_controller/src/img/procimg
2025-11-26 10:25:11,072 [INFO] Deleted 0 raw files and 0 processed files.
2025-11-26 10:25:41,075 [INFO] Starting guiding sequence...
2025-11-26 10:25:41,078 [INFO] Grabbing raw image...
2025-11-26 10:25:46,080 [INFO] Running astrometry preprocessing...
2025-11-26 10:25:46,081 [INFO] Executing guider offset calculation...
2025-11-26 10:25:46,081 [INFO] Clearing temp astrometry data...
2025-11-26 10:25:46,082 [INFO] Deleting raw and processed files.
2025-11-26 10:25:46,083 [INFO] Deleted 0 files in directory: /media/shyunc/DATA/KSpec/KSPEC_ICS/GFA/Simul/kspec_gfa_controller/src/img/raw
2025-11-26 10:25:46,084 [INFO] Deleted 0 files in directory: /media/shyunc/DATA/KSpec/KSPEC_ICS/GFA/Simul/kspec_gfa_controller/src/img/procimg
2025-11-26 10:25:46,085 [INFO] Deleted 0 raw files and 0 processed files.
2025-11-26 10:26:16,087 [INFO] Starting guiding sequence...
2025-11-26 10:26:16,089 [INFO] Grabbing raw image...
2025-11-26 10:26:21,091 [INFO] Running astrometry preprocessing...
2025-11-26 10:26:21,092 [INFO] Executing guider offset calculation...
2025-11-26 10:26:21,092 [INFO] Clearing temp astrometry data...
2025-11-26 10:26:21,093 [INFO] Deleting raw and processed files.
2025-11-26 10:26:21,094 [INFO] Deleted 0 files in directory: /media/shyunc/DATA/KSpec/KSPEC_ICS/GFA/Simul/kspec_gfa_controller/src/img/raw
2025-11-26 10:26:21,095 [INFO] Deleted 0 files in directory: /media/shyunc/DATA/KSpec/KSPEC_ICS/GFA/Simul/kspec_gfa_controller/src/img/procimg
2025-11-26 10:26:21,095 [INFO] Deleted 0 raw files and 0 processed files.
2025-11-26 10:26:51,097 [INFO] Starting guiding sequence...
2025-11-26 10:26:51,100 [INFO] Grabbing raw image...
2025-11-26 10:26:56,101 [INFO] Running astrometry preprocessing...
2025-11-26 10:26:56,102 [INFO] Executing guider offset calculation...
2025-11-26 10:26:56,103 [INFO] Clearing temp astrometry data...
2025-11-26 10:26:56,104 [INFO] Deleting raw and processed files.
2025-11-26 10:26:56,105 [INFO] Deleted 0 files in directory: /media/shyunc/DATA/KSpec/KSPEC_ICS/GFA/Simul/kspec_gfa_controller/src/img/raw
2025-11-26 10:26:56,106 [INFO] Deleted 0 files in directory: /media/shyunc/DATA/KSpec/KSPEC_ICS/GFA/Simul/kspec_gfa_controller/src/img/procimg
2025-11-26 10:26:56,106 [INFO] Deleted 0 raw files and 0 processed files.
2025-11-26 10:27:26,108 [INFO] Starting guiding sequence...
2025-11-26 10:27:26,110 [INFO] Grabbing raw image...
2025-11-26 10:27:31,112 [INFO] Running astrometry preprocessing...
2025-11-26 10:27:31,113 [INFO] Executing guider offset calculation...
2025-11-26 10:27:31,113 [INFO] Clearing temp astrometry data...
2025-11-26 10:27:31,114 [INFO] Deleting raw and processed files.
2025-11-26 10:27:31,115 [INFO] Deleted 0 files in directory: /media/shyunc/DATA/KSpec/KSPEC_ICS/GFA/Simul/kspec_gfa_controller/src/img/raw
2025-11-26 10:27:31,116 [INFO] Deleted 0 files in directory: /media/shyunc/DATA/KSpec/KSPEC_ICS/GFA/Simul/kspec_gfa_controller/src/img/procimg
2025-11-26 10:27:31,116 [INFO] Deleted 0 raw files and 0 processed files.
2025-11-26 10:28:01,119 [INFO] Starting guiding sequence...
2025-11-26 10:28:01,122 [INFO] Grabbing raw image...
2025-11-26 10:28:06,123 [INFO] Running astrometry preprocessing...
2025-11-26 10:28:06,124 [INFO] Executing guider offset calculation...
2025-11-26 10:28:06,125 [INFO] Clearing temp astrometry data...
2025-11-26 10:28:06,125 [INFO] Deleting raw and processed files.
2025-11-26 10:28:06,126 [INFO] Deleted 0 files in directory: /media/shyunc/DATA/KSpec/KSPEC_ICS/GFA/Simul/kspec_gfa_controller/src/img/raw
2025-11-26 10:28:06,127 [INFO] Deleted 0 files in directory: /media/shyunc/DATA/KSpec/KSPEC_ICS/GFA/Simul/kspec_gfa_controller/src/img/procimg
2025-11-26 10:28:06,127 [INFO] Deleted 0 raw files and 0 processed files.
2025-11-26 14:30:02,648 [INFO] Querying camera statuses...
2025-11-26 14:50:41,257 [INFO] Querying camera statuses...
2025-11-26 15:08:28,887 [INFO] Starting guiding sequence...
2025-11-26 15:08:28,889 [INFO] Grabbing raw image...
2025-11-26 15:08:33,891 [INFO] Running astrometry preprocessing...
2025-11-26 15:08:33,891 [INFO] Executing guider offset calculation...
2025-11-26 15:08:33,892 [INFO] Clearing temp astrometry data...
2025-11-26 15:08:33,892 [INFO] Deleting raw and processed files.
2025-11-26 15:08:33,893 [INFO] Deleted 0 files in directory: /media/shyunc/DATA/KSpec/KSPEC_ICS/GFA/Simul/kspec_gfa_controller/src/img/raw
2025-11-26 15:08:33,895 [INFO] Deleted 0 files in directory: /media/shyunc/DATA/KSpec/KSPEC_ICS/GFA/Simul/kspec_gfa_controller/src/img/procimg
2025-11-26 15:08:33,895 [INFO] Deleted 0 raw files and 0 processed files.
2025-11-26 15:09:03,898 [INFO] Starting guiding sequence...
2025-11-26 15:09:03,901 [INFO] Grabbing raw image...
2025-11-26 15:09:08,902 [INFO] Running astrometry preprocessing...
2025-11-26 15:09:08,902 [INFO] Executing guider offset calculation...
2025-11-26 15:09:08,902 [INFO] Clearing temp astrometry data...
2025-11-26 15:09:08,902 [INFO] Deleting raw and processed files.
2025-11-26 15:09:08,902 [INFO] Deleted 0 files in directory: /media/shyunc/DATA/KSpec/KSPEC_ICS/GFA/Simul/kspec_gfa_controller/src/img/raw
2025-11-26 15:09:08,902 [INFO] Deleted 0 files in directory: /media/shyunc/DATA/KSpec/KSPEC_ICS/GFA/Simul/kspec_gfa_controller/src/img/procimg
2025-11-26 15:09:08,902 [INFO] Deleted 0 raw files and 0 processed files.
2025-11-26 15:09:38,904 [INFO] Starting guiding sequence...
2025-11-26 15:09:38,907 [INFO] Grabbing raw image...
2025-11-26 15:09:43,908 [INFO] Running astrometry preprocessing...
2025-11-26 15:09:43,909 [INFO] Executing guider offset calculation...
2025-11-26 15:09:43,910 [INFO] Clearing temp astrometry data...
2025-11-26 15:09:43,910 [INFO] Deleting raw and processed files.
2025-11-26 15:09:43,912 [INFO] Deleted 0 files in directory: /media/shyunc/DATA/KSpec/KSPEC_ICS/GFA/Simul/kspec_gfa_controller/src/img/raw
2025-11-26 15:09:43,913 [INFO] Deleted 0 files in directory: /media/shyunc/DATA/KSpec/KSPEC_ICS/GFA/Simul/kspec_gfa_controller/src/img/procimg
2025-11-26 15:09:43,913 [INFO] Deleted 0 raw files and 0 processed files.
2025-11-26 15:10:13,915 [INFO] Starting guiding sequence...
2025-11-26 15:10:13,918 [INFO] Grabbing raw image...
2025-11-26 15:10:18,919 [INFO] Running astrometry preprocessing...
2025-11-26 15:10:18,920 [INFO] Executing guider offset calculation...
2025-11-26 15:10:18,921 [INFO] Clearing temp astrometry data...
2025-11-26 15:10:18,921 [INFO] Deleting raw and processed files.
2025-11-26 15:10:18,922 [INFO] Deleted 0 files in directory: /media/shyunc/DATA/KSpec/KSPEC_ICS/GFA/Simul/kspec_gfa_controller/src/img/raw
2025-11-26 15:10:18,923 [INFO] Deleted 0 files in directory: /media/shyunc/DATA/KSpec/KSPEC_ICS/GFA/Simul/kspec_gfa_controller/src/img/procimg
2025-11-26 15:10:18,924 [INFO] Deleted 0 raw files and 0 processed files.
2025-11-26 15:10:48,927 [INFO] Starting guiding sequence...
2025-11-26 15:10:48,929 [INFO] Grabbing raw image...
2025-11-26 15:10:53,931 [INFO] Running astrometry preprocessing...
2025-11-26 15:10:53,932 [INFO] Executing guider offset calculation...
2025-11-26 15:10:53,932 [INFO] Clearing temp astrometry data...
2025-11-26 15:10:53,933 [INFO] Deleting raw and processed files.
2025-11-26 15:10:53,934 [INFO] Deleted 0 files in directory: /media/shyunc/DATA/KSpec/KSPEC_ICS/GFA/Simul/kspec_gfa_controller/src/img/raw
2025-11-26 15:10:53,935 [INFO] Deleted 0 files in directory: /media/shyunc/DATA/KSpec/KSPEC_ICS/GFA/Simul/kspec_gfa_controller/src/img/procimg
2025-11-26 15:10:53,935 [INFO] Deleted 0 raw files and 0 processed files.
2025-11-26 15:11:23,938 [INFO] Starting guiding sequence...
2025-11-26 15:11:23,940 [INFO] Grabbing raw image...
2025-11-26 15:11:28,941 [INFO] Running astrometry preprocessing...
2025-11-26 15:11:28,942 [INFO] Executing guider offset calculation...
2025-11-26 15:11:28,943 [INFO] Clearing temp astrometry data...
2025-11-26 15:11:28,944 [INFO] Deleting raw and processed files.
2025-11-26 15:11:28,945 [INFO] Deleted 0 files in directory: /media/shyunc/DATA/KSpec/KSPEC_ICS/GFA/Simul/kspec_gfa_controller/src/img/raw
2025-11-26 15:11:28,946 [INFO] Deleted 0 files in directory: /media/shyunc/DATA/KSpec/KSPEC_ICS/GFA/Simul/kspec_gfa_controller/src/img/procimg
2025-11-26 15:11:28,946 [INFO] Deleted 0 raw files and 0 processed files.
2025-11-26 15:11:58,948 [INFO] Starting guiding sequence...
2025-11-26 15:11:58,951 [INFO] Grabbing raw image...
2025-11-26 15:12:03,953 [INFO] Running astrometry preprocessing...
2025-11-26 15:12:03,954 [INFO] Executing guider offset calculation...
2025-11-26 15:12:03,955 [INFO] Clearing temp astrometry data...
2025-11-26 15:12:03,955 [INFO] Deleting raw and processed files.
2025-11-26 15:12:03,957 [INFO] Deleted 0 files in directory: /media/shyunc/DATA/KSpec/KSPEC_ICS/GFA/Simul/kspec_gfa_controller/src/img/raw
2025-11-26 15:12:03,957 [INFO] Deleted 0 files in directory: /media/shyunc/DATA/KSpec/KSPEC_ICS/GFA/Simul/kspec_gfa_controller/src/img/procimg
2025-11-26 15:12:03,957 [INFO] Deleted 0 raw files and 0 processed files.
2025-11-26 15:15:09,053 [INFO] Starting guiding sequence...
2025-11-26 15:15:09,055 [INFO] Grabbing raw image...
2025-11-26 15:15:14,057 [INFO] Running astrometry preprocessing...
2025-11-26 15:15:14,058 [INFO] Executing guider offset calculation...
2025-11-26 15:15:14,058 [INFO] Clearing temp astrometry data...
2025-11-26 15:15:14,059 [INFO] Deleting raw and processed files.
2025-11-26 15:15:14,060 [INFO] Deleted 0 files in directory: /media/shyunc/DATA/KSpec/KSPEC_ICS/GFA/Simul/kspec_gfa_controller/src/img/raw
2025-11-26 15:15:14,060 [INFO] Deleted 0 files in directory: /media/shyunc/DATA/KSpec/KSPEC_ICS/GFA/Simul/kspec_gfa_controller/src/img/procimg
2025-11-26 15:15:14,060 [INFO] Deleted 0 raw files and 0 processed files.
2025-11-26 15:15:44,062 [INFO] Starting guiding sequence...
2025-11-26 15:15:44,065 [INFO] Grabbing raw image...
2025-11-26 15:15:49,066 [INFO] Running astrometry preprocessing...
2025-11-26 15:15:49,067 [INFO] Executing guider offset calculation...
2025-11-26 15:15:49,068 [INFO] Clearing temp astrometry data...
2025-11-26 15:15:49,068 [INFO] Deleting raw and processed files.
2025-11-26 15:15:49,070 [INFO] Deleted 0 files in directory: /media/shyunc/DATA/KSpec/KSPEC_ICS/GFA/Simul/kspec_gfa_controller/src/img/raw
2025-11-26 15:15:49,070 [INFO] Deleted 0 files in directory: /media/shyunc/DATA/KSpec/KSPEC_ICS/GFA/Simul/kspec_gfa_controller/src/img/procimg
2025-11-26 15:15:49,071 [INFO] Deleted 0 raw files and 0 processed files.
2025-11-26 15:16:19,073 [INFO] Starting guiding sequence...
2025-11-26 15:16:19,076 [INFO] Grabbing raw image...
2025-11-26 15:16:24,079 [INFO] Running astrometry preprocessing...
2025-11-26 15:16:24,080 [INFO] Executing guider offset calculation...
2025-11-26 15:16:24,081 [INFO] Clearing temp astrometry data...
2025-11-26 15:16:24,081 [INFO] Deleting raw and processed files.
2025-11-26 15:16:24,083 [INFO] Deleted 0 files in directory: /media/shyunc/DATA/KSpec/KSPEC_ICS/GFA/Simul/kspec_gfa_controller/src/img/raw
2025-11-26 15:16:24,083 [INFO] Deleted 0 files in directory: /media/shyunc/DATA/KSpec/KSPEC_ICS/GFA/Simul/kspec_gfa_controller/src/img/procimg
2025-11-26 15:16:24,084 [INFO] Deleted 0 raw files and 0 processed files.
2025-11-26 15:16:54,086 [INFO] Starting guiding sequence...
2025-11-26 15:16:54,089 [INFO] Grabbing raw image...
2025-11-26 15:16:59,090 [INFO] Running astrometry preprocessing...
2025-11-26 15:16:59,091 [INFO] Executing guider offset calculation...
2025-11-26 15:16:59,092 [INFO] Clearing temp astrometry data...
2025-11-26 15:16:59,093 [INFO] Deleting raw and processed files.
2025-11-26 15:16:59,094 [INFO] Deleted 0 files in directory: /media/shyunc/DATA/KSpec/KSPEC_ICS/GFA/Simul/kspec_gfa_controller/src/img/raw
2025-11-26 15:16:59,095 [INFO] Deleted 0 files in directory: /media/shyunc/DATA/KSpec/KSPEC_ICS/GFA/Simul/kspec_gfa_controller/src/img/procimg
2025-11-26 15:16:59,095 [INFO] Deleted 0 raw files and 0 processed files.
2025-11-26 15:17:29,098 [INFO] Starting guiding sequence...
2025-11-26 15:17:29,101 [INFO] Grabbing raw image...
2025-11-26 15:17:34,103 [INFO] Running astrometry preprocessing...
2025-11-26 15:17:34,104 [INFO] Executing guider offset calculation...
2025-11-26 15:17:34,104 [INFO] Clearing temp astrometry data...
2025-11-26 15:17:34,105 [INFO] Deleting raw and processed files.
2025-11-26 15:17:34,106 [INFO] Deleted 0 files in directory: /media/shyunc/DATA/KSpec/KSPEC_ICS/GFA/Simul/kspec_gfa_controller/src/img/raw
2025-11-26 15:17:34,107 [INFO] Deleted 0 files in directory: /media/shyunc/DATA/KSpec/KSPEC_ICS/GFA/Simul/kspec_gfa_controller/src/img/procimg
2025-11-26 15:17:34,107 [INFO] Deleted 0 raw files and 0 processed files.
2025-11-26 15:25:09,693 [INFO] Querying camera statuses...
2025-11-26 15:27:05,056 [INFO] Starting guiding sequence...
2025-11-26 15:27:05,058 [INFO] Grabbing raw image...
2025-11-26 15:27:10,060 [INFO] Running astrometry preprocessing...
2025-11-26 15:27:10,060 [INFO] Executing guider offset calculation...
2025-11-26 15:27:10,061 [INFO] Clearing temp astrometry data...
2025-11-26 15:27:10,061 [INFO] Deleting raw and processed files.
2025-11-26 15:27:10,063 [INFO] Deleted 0 files in directory: /media/shyunc/DATA/KSpec/KSPEC_ICS/GFA/Simul/kspec_gfa_controller/src/img/raw
2025-11-26 15:27:10,064 [INFO] Deleted 0 files in directory: /media/shyunc/DATA/KSpec/KSPEC_ICS/GFA/Simul/kspec_gfa_controller/src/img/procimg
2025-11-26 15:27:10,065 [INFO] Deleted 0 raw files and 0 processed files.
2025-11-26 15:27:40,066 [INFO] Starting guiding sequence...
2025-11-26 15:27:40,069 [INFO] Grabbing raw image...
2025-11-26 15:27:45,070 [INFO] Running astrometry preprocessing...
2025-11-26 15:27:45,071 [INFO] Executing guider offset calculation...
2025-11-26 15:27:45,071 [INFO] Clearing temp astrometry data...
2025-11-26 15:27:45,072 [INFO] Deleting raw and processed files.
2025-11-26 15:27:45,073 [INFO] Deleted 0 files in directory: /media/shyunc/DATA/KSpec/KSPEC_ICS/GFA/Simul/kspec_gfa_controller/src/img/raw
2025-11-26 15:27:45,074 [INFO] Deleted 0 files in directory: /media/shyunc/DATA/KSpec/KSPEC_ICS/GFA/Simul/kspec_gfa_controller/src/img/procimg
2025-11-26 15:27:45,075 [INFO] Deleted 0 raw files and 0 processed files.
2025-11-26 15:28:15,078 [INFO] Starting guiding sequence...
2025-11-26 15:28:15,080 [INFO] Grabbing raw image...
2025-11-26 15:28:20,081 [INFO] Running astrometry preprocessing...
2025-11-26 15:28:20,082 [INFO] Executing guider offset calculation...
2025-11-26 15:28:20,083 [INFO] Clearing temp astrometry data...
2025-11-26 15:28:20,084 [INFO] Deleting raw and processed files.
2025-11-26 15:28:20,085 [INFO] Deleted 0 files in directory: /media/shyunc/DATA/KSpec/KSPEC_ICS/GFA/Simul/kspec_gfa_controller/src/img/raw
2025-11-26 15:28:20,086 [INFO] Deleted 0 files in directory: /media/shyunc/DATA/KSpec/KSPEC_ICS/GFA/Simul/kspec_gfa_controller/src/img/procimg
2025-11-26 15:28:20,086 [INFO] Deleted 0 raw files and 0 processed files.
2025-11-26 15:28:50,088 [INFO] Starting guiding sequence...
2025-11-26 15:28:50,091 [INFO] Grabbing raw image...
2025-11-26 15:28:55,093 [INFO] Running astrometry preprocessing...
2025-11-26 15:28:55,094 [INFO] Executing guider offset calculation...
2025-11-26 15:28:55,094 [INFO] Clearing temp astrometry data...
2025-11-26 15:28:55,095 [INFO] Deleting raw and processed files.
2025-11-26 15:28:55,096 [INFO] Deleted 0 files in directory: /media/shyunc/DATA/KSpec/KSPEC_ICS/GFA/Simul/kspec_gfa_controller/src/img/raw
2025-11-26 15:28:55,097 [INFO] Deleted 0 files in directory: /media/shyunc/DATA/KSpec/KSPEC_ICS/GFA/Simul/kspec_gfa_controller/src/img/procimg
2025-11-26 15:28:55,097 [INFO] Deleted 0 raw files and 0 processed files.
2025-11-26 15:29:25,099 [INFO] Starting guiding sequence...
2025-11-26 15:29:25,101 [INFO] Grabbing raw image...
2025-11-26 15:29:30,102 [INFO] Running astrometry preprocessing...
2025-11-26 15:29:30,103 [INFO] Executing guider offset calculation...
2025-11-26 15:29:30,103 [INFO] Clearing temp astrometry data...
2025-11-26 15:29:30,104 [INFO] Deleting raw and processed files.
2025-11-26 15:29:30,105 [INFO] Deleted 0 files in directory: /media/shyunc/DATA/KSpec/KSPEC_ICS/GFA/Simul/kspec_gfa_controller/src/img/raw
2025-11-26 15:29:30,105 [INFO] Deleted 0 files in directory: /media/shyunc/DATA/KSpec/KSPEC_ICS/GFA/Simul/kspec_gfa_controller/src/img/procimg
2025-11-26 15:29:30,105 [INFO] Deleted 0 raw files and 0 processed files.
2025-11-26 15:30:00,107 [INFO] Starting guiding sequence...
2025-11-26 15:30:00,110 [INFO] Grabbing raw image...
2025-11-26 15:30:05,111 [INFO] Running astrometry preprocessing...
2025-11-26 15:30:05,111 [INFO] Executing guider offset calculation...
2025-11-26 15:30:05,112 [INFO] Clearing temp astrometry data...
2025-11-26 15:30:05,112 [INFO] Deleting raw and processed files.
2025-11-26 15:30:05,113 [INFO] Deleted 0 files in directory: /media/shyunc/DATA/KSpec/KSPEC_ICS/GFA/Simul/kspec_gfa_controller/src/img/raw
2025-11-26 15:30:05,113 [INFO] Deleted 0 files in directory: /media/shyunc/DATA/KSpec/KSPEC_ICS/GFA/Simul/kspec_gfa_controller/src/img/procimg
2025-11-26 15:30:05,114 [INFO] Deleted 0 raw files and 0 processed files.
2025-11-26 15:30:35,115 [INFO] Starting guiding sequence...
2025-11-26 15:30:35,117 [INFO] Grabbing raw image...
2025-11-26 15:30:40,118 [INFO] Running astrometry preprocessing...
2025-11-26 15:30:40,118 [INFO] Executing guider offset calculation...
2025-11-26 15:30:40,119 [INFO] Clearing temp astrometry data...
2025-11-26 15:30:40,119 [INFO] Deleting raw and processed files.
2025-11-26 15:30:40,119 [INFO] Deleted 0 files in directory: /media/shyunc/DATA/KSpec/KSPEC_ICS/GFA/Simul/kspec_gfa_controller/src/img/raw
2025-11-26 15:30:40,120 [INFO] Deleted 0 files in directory: /media/shyunc/DATA/KSpec/KSPEC_ICS/GFA/Simul/kspec_gfa_controller/src/img/procimg
2025-11-26 15:30:40,120 [INFO] Deleted 0 raw files and 0 processed files.
2025-11-26 15:36:00,249 [INFO] Querying camera statuses...
2025-11-26 15:37:42,915 [INFO] Starting guiding sequence...
2025-11-26 15:37:42,917 [INFO] Grabbing raw image...
2025-11-26 15:37:47,919 [INFO] Running astrometry preprocessing...
2025-11-26 15:37:47,920 [INFO] Executing guider offset calculation...
2025-11-26 15:37:47,920 [INFO] Clearing temp astrometry data...
2025-11-26 15:37:47,921 [INFO] Deleting raw and processed files.
2025-11-26 15:37:47,922 [INFO] Deleted 0 files in directory: /media/shyunc/DATA/KSpec/KSPEC_ICS/GFA/Simul/kspec_gfa_controller/src/img/raw
2025-11-26 15:37:47,923 [INFO] Deleted 0 files in directory: /media/shyunc/DATA/KSpec/KSPEC_ICS/GFA/Simul/kspec_gfa_controller/src/img/procimg
2025-11-26 15:37:47,923 [INFO] Deleted 0 raw files and 0 processed files.
2025-11-26 15:38:17,925 [INFO] Starting guiding sequence...
2025-11-26 15:38:17,928 [INFO] Grabbing raw image...
2025-11-26 15:38:22,929 [INFO] Running astrometry preprocessing...
2025-11-26 15:38:22,930 [INFO] Executing guider offset calculation...
2025-11-26 15:38:22,931 [INFO] Clearing temp astrometry data...
2025-11-26 15:38:22,931 [INFO] Deleting raw and processed files.
2025-11-26 15:38:22,933 [INFO] Deleted 0 files in directory: /media/shyunc/DATA/KSpec/KSPEC_ICS/GFA/Simul/kspec_gfa_controller/src/img/raw
2025-11-26 15:38:22,934 [INFO] Deleted 0 files in directory: /media/shyunc/DATA/KSpec/KSPEC_ICS/GFA/Simul/kspec_gfa_controller/src/img/procimg
2025-11-26 15:38:22,934 [INFO] Deleted 0 raw files and 0 processed files.
2025-11-26 15:38:52,938 [INFO] Starting guiding sequence...
2025-11-26 15:38:52,940 [INFO] Grabbing raw image...
2025-11-26 15:38:57,942 [INFO] Running astrometry preprocessing...
2025-11-26 15:38:57,943 [INFO] Executing guider offset calculation...
2025-11-26 15:38:57,944 [INFO] Clearing temp astrometry data...
2025-11-26 15:38:57,944 [INFO] Deleting raw and processed files.
2025-11-26 15:38:57,946 [INFO] Deleted 0 files in directory: /media/shyunc/DATA/KSpec/KSPEC_ICS/GFA/Simul/kspec_gfa_controller/src/img/raw
2025-11-26 15:38:57,947 [INFO] Deleted 0 files in directory: /media/shyunc/DATA/KSpec/KSPEC_ICS/GFA/Simul/kspec_gfa_controller/src/img/procimg
2025-11-26 15:38:57,947 [INFO] Deleted 0 raw files and 0 processed files.
2025-11-26 15:39:27,950 [INFO] Starting guiding sequence...
2025-11-26 15:39:27,953 [INFO] Grabbing raw image...
2025-11-26 15:39:32,954 [INFO] Running astrometry preprocessing...
2025-11-26 15:39:32,955 [INFO] Executing guider offset calculation...
2025-11-26 15:39:32,956 [INFO] Clearing temp astrometry data...
2025-11-26 15:39:32,956 [INFO] Deleting raw and processed files.
2025-11-26 15:39:32,958 [INFO] Deleted 0 files in directory: /media/shyunc/DATA/KSpec/KSPEC_ICS/GFA/Simul/kspec_gfa_controller/src/img/raw
2025-11-26 15:39:32,959 [INFO] Deleted 0 files in directory: /media/shyunc/DATA/KSpec/KSPEC_ICS/GFA/Simul/kspec_gfa_controller/src/img/procimg
2025-11-26 15:39:32,959 [INFO] Deleted 0 raw files and 0 processed files.
2025-11-26 15:40:02,961 [INFO] Starting guiding sequence...
2025-11-26 15:40:02,962 [INFO] Grabbing raw image...
2025-11-26 15:40:07,963 [INFO] Running astrometry preprocessing...
2025-11-26 15:40:07,964 [INFO] Executing guider offset calculation...
2025-11-26 15:40:07,964 [INFO] Clearing temp astrometry data...
2025-11-26 15:40:07,964 [INFO] Deleting raw and processed files.
2025-11-26 15:40:07,964 [INFO] Deleted 0 files in directory: /media/shyunc/DATA/KSpec/KSPEC_ICS/GFA/Simul/kspec_gfa_controller/src/img/raw
2025-11-26 15:40:07,965 [INFO] Deleted 0 files in directory: /media/shyunc/DATA/KSpec/KSPEC_ICS/GFA/Simul/kspec_gfa_controller/src/img/procimg
2025-11-26 15:40:07,965 [INFO] Deleted 0 raw files and 0 processed files.
2025-11-26 15:40:37,967 [INFO] Starting guiding sequence...
2025-11-26 15:40:37,970 [INFO] Grabbing raw image...
2025-11-26 15:40:42,971 [INFO] Running astrometry preprocessing...
2025-11-26 15:40:42,972 [INFO] Executing guider offset calculation...
2025-11-26 15:40:42,973 [INFO] Clearing temp astrometry data...
2025-11-26 15:40:42,973 [INFO] Deleting raw and processed files.
2025-11-26 15:40:42,975 [INFO] Deleted 0 files in directory: /media/shyunc/DATA/KSpec/KSPEC_ICS/GFA/Simul/kspec_gfa_controller/src/img/raw
2025-11-26 15:40:42,976 [INFO] Deleted 0 files in directory: /media/shyunc/DATA/KSpec/KSPEC_ICS/GFA/Simul/kspec_gfa_controller/src/img/procimg
2025-11-26 15:40:42,976 [INFO] Deleted 0 raw files and 0 processed files.
2025-11-26 15:41:12,977 [INFO] Starting guiding sequence...
2025-11-26 15:41:12,979 [INFO] Grabbing raw image...
2025-11-26 15:41:17,980 [INFO] Running astrometry preprocessing...
2025-11-26 15:41:17,981 [INFO] Executing guider offset calculation...
2025-11-26 15:41:17,981 [INFO] Clearing temp astrometry data...
2025-11-26 15:41:17,982 [INFO] Deleting raw and processed files.
2025-11-26 15:41:17,983 [INFO] Deleted 0 files in directory: /media/shyunc/DATA/KSpec/KSPEC_ICS/GFA/Simul/kspec_gfa_controller/src/img/raw
2025-11-26 15:41:17,984 [INFO] Deleted 0 files in directory: /media/shyunc/DATA/KSpec/KSPEC_ICS/GFA/Simul/kspec_gfa_controller/src/img/procimg
2025-11-26 15:41:17,984 [INFO] Deleted 0 raw files and 0 processed files.
2025-11-26 15:50:20,943 [INFO] Starting guiding sequence...
2025-11-26 15:50:20,945 [INFO] Grabbing raw image...
2025-11-26 15:50:25,947 [INFO] Running astrometry preprocessing...
2025-11-26 15:50:25,948 [INFO] Executing guider offset calculation...
2025-11-26 15:50:25,949 [INFO] Clearing temp astrometry data...
2025-11-26 15:50:25,949 [INFO] Deleting raw and processed files.
2025-11-26 15:50:25,951 [INFO] Deleted 0 files in directory: /media/shyunc/DATA/KSpec/KSPEC_ICS/GFA/Simul/kspec_gfa_controller/src/img/raw
2025-11-26 15:50:25,952 [INFO] Deleted 0 files in directory: /media/shyunc/DATA/KSpec/KSPEC_ICS/GFA/Simul/kspec_gfa_controller/src/img/procimg
2025-11-26 15:50:25,952 [INFO] Deleted 0 raw files and 0 processed files.
2025-11-26 15:50:55,955 [INFO] Starting guiding sequence...
2025-11-26 15:50:55,957 [INFO] Grabbing raw image...
2025-11-26 15:51:00,959 [INFO] Running astrometry preprocessing...
2025-11-26 15:51:00,960 [INFO] Executing guider offset calculation...
2025-11-26 15:51:00,960 [INFO] Clearing temp astrometry data...
2025-11-26 15:51:00,961 [INFO] Deleting raw and processed files.
2025-11-26 15:51:00,962 [INFO] Deleted 0 files in directory: /media/shyunc/DATA/KSpec/KSPEC_ICS/GFA/Simul/kspec_gfa_controller/src/img/raw
2025-11-26 15:51:00,963 [INFO] Deleted 0 files in directory: /media/shyunc/DATA/KSpec/KSPEC_ICS/GFA/Simul/kspec_gfa_controller/src/img/procimg
2025-11-26 15:51:00,964 [INFO] Deleted 0 raw files and 0 processed files.
2025-11-26 15:51:30,965 [INFO] Starting guiding sequence...
2025-11-26 15:51:30,969 [INFO] Grabbing raw image...
2025-11-26 15:51:35,970 [INFO] Running astrometry preprocessing...
2025-11-26 15:51:35,971 [INFO] Executing guider offset calculation...
2025-11-26 15:51:35,972 [INFO] Clearing temp astrometry data...
2025-11-26 15:51:35,972 [INFO] Deleting raw and processed files.
2025-11-26 15:51:35,974 [INFO] Deleted 0 files in directory: /media/shyunc/DATA/KSpec/KSPEC_ICS/GFA/Simul/kspec_gfa_controller/src/img/raw
2025-11-26 15:51:35,975 [INFO] Deleted 0 files in directory: /media/shyunc/DATA/KSpec/KSPEC_ICS/GFA/Simul/kspec_gfa_controller/src/img/procimg
2025-11-26 15:51:35,975 [INFO] Deleted 0 raw files and 0 processed files.
2025-11-26 15:52:05,978 [INFO] Starting guiding sequence...
2025-11-26 15:52:05,981 [INFO] Grabbing raw image...
2025-11-26 15:52:10,983 [INFO] Running astrometry preprocessing...
2025-11-26 15:52:10,983 [INFO] Executing guider offset calculation...
2025-11-26 15:52:10,984 [INFO] Clearing temp astrometry data...
2025-11-26 15:52:10,985 [INFO] Deleting raw and processed files.
2025-11-26 15:52:10,987 [INFO] Deleted 0 files in directory: /media/shyunc/DATA/KSpec/KSPEC_ICS/GFA/Simul/kspec_gfa_controller/src/img/raw
2025-11-26 15:52:10,988 [INFO] Deleted 0 files in directory: /media/shyunc/DATA/KSpec/KSPEC_ICS/GFA/Simul/kspec_gfa_controller/src/img/procimg
2025-11-26 15:52:10,988 [INFO] Deleted 0 raw files and 0 processed files.
2025-11-26 15:52:40,992 [INFO] Starting guiding sequence...
2025-11-26 15:52:40,994 [INFO] Grabbing raw image...
2025-11-26 15:52:45,997 [INFO] Running astrometry preprocessing...
2025-11-26 15:52:45,998 [INFO] Executing guider offset calculation...
2025-11-26 15:52:45,998 [INFO] Clearing temp astrometry data...
2025-11-26 15:52:45,999 [INFO] Deleting raw and processed files.
2025-11-26 15:52:46,000 [INFO] Deleted 0 files in directory: /media/shyunc/DATA/KSpec/KSPEC_ICS/GFA/Simul/kspec_gfa_controller/src/img/raw
2025-11-26 15:52:46,001 [INFO] Deleted 0 files in directory: /media/shyunc/DATA/KSpec/KSPEC_ICS/GFA/Simul/kspec_gfa_controller/src/img/procimg
2025-11-26 15:52:46,001 [INFO] Deleted 0 raw files and 0 processed files.
2025-11-26 15:53:16,003 [INFO] Starting guiding sequence...
2025-11-26 15:53:16,005 [INFO] Grabbing raw image...
2025-11-26 15:53:21,007 [INFO] Running astrometry preprocessing...
2025-11-26 15:53:21,007 [INFO] Executing guider offset calculation...
2025-11-26 15:53:21,008 [INFO] Clearing temp astrometry data...
2025-11-26 15:53:21,009 [INFO] Deleting raw and processed files.
2025-11-26 15:53:21,010 [INFO] Deleted 0 files in directory: /media/shyunc/DATA/KSpec/KSPEC_ICS/GFA/Simul/kspec_gfa_controller/src/img/raw
2025-11-26 15:53:21,011 [INFO] Deleted 0 files in directory: /media/shyunc/DATA/KSpec/KSPEC_ICS/GFA/Simul/kspec_gfa_controller/src/img/procimg
2025-11-26 15:53:21,011 [INFO] Deleted 0 raw files and 0 processed files.
2025-11-26 15:53:51,014 [INFO] Starting guiding sequence...
2025-11-26 15:53:51,017 [INFO] Grabbing raw image...
2025-11-26 15:53:56,019 [INFO] Running astrometry preprocessing...
2025-11-26 15:53:56,020 [INFO] Executing guider offset calculation...
2025-11-26 15:53:56,021 [INFO] Clearing temp astrometry data...
2025-11-26 15:53:56,021 [INFO] Deleting raw and processed files.
2025-11-26 15:53:56,024 [INFO] Deleted 0 files in directory: /media/shyunc/DATA/KSpec/KSPEC_ICS/GFA/Simul/kspec_gfa_controller/src/img/raw
2025-11-26 15:53:56,024 [INFO] Deleted 0 files in directory: /media/shyunc/DATA/KSpec/KSPEC_ICS/GFA/Simul/kspec_gfa_controller/src/img/procimg
2025-11-26 15:53:56,024 [INFO] Deleted 0 raw files and 0 processed files.
2025-11-26 15:57:34,631 [INFO] Starting guiding sequence...
2025-11-26 15:57:34,631 [INFO] Grabbing raw image...
2025-11-26 15:57:39,633 [INFO] Running astrometry preprocessing...
2025-11-26 15:57:39,634 [INFO] Executing guider offset calculation...
2025-11-26 15:57:39,635 [INFO] Clearing temp astrometry data...
2025-11-26 15:57:39,636 [INFO] Deleting raw and processed files.
2025-11-26 15:57:39,637 [INFO] Deleted 0 files in directory: /media/shyunc/DATA/KSpec/KSPEC_ICS/GFA/Simul/kspec_gfa_controller/src/img/raw
2025-11-26 15:57:39,638 [INFO] Deleted 0 files in directory: /media/shyunc/DATA/KSpec/KSPEC_ICS/GFA/Simul/kspec_gfa_controller/src/img/procimg
2025-11-26 15:57:39,638 [INFO] Deleted 0 raw files and 0 processed files.
