2026-03-09 16:11:48,326 [INFO] Initialized GFAEnvironment with role 'plate' and cameras [1, 2, 3, 4, 5, 6]
2026-03-09 16:11:48,326 [INFO] Initializing GFAGuider...
2026-03-09 16:11:48,327 [DEBUG] Raw dir       : /media/shyunc/DATA/KSpec/KSPEC_ICS/GFA/Simul/kspec_gfa_controller/src/img/raw
2026-03-09 16:11:48,327 [DEBUG] Final astro dir: /media/shyunc/DATA/KSpec/KSPEC_ICS/GFA/Simul/kspec_gfa_controller/src/img/astroimg/
2026-03-09 16:11:48,327 [DEBUG] Cutout dir    : /media/shyunc/DATA/KSpec/KSPEC_ICS/GFA/Simul/kspec_gfa_controller/src/img/cutout
2026-03-09 16:11:48,327 [DEBUG] Star catalog  : /media/shyunc/DATA/KSpec/KSPEC_ICS/GFA/Simul/kspec_gfa_controller/src/img/combined_star.fits
2026-03-09 16:11:48,327 [INFO] GFAGuider setup complete.
2026-03-09 16:11:48,327 [INFO] Initialized GFAEnvironment with role 'finder' and cameras [7]
2026-03-09 16:35:34,120 [INFO] [guiding] save=True, raw_save_path=/media/shyunc/DATA/KSpec/KSPEC_ICS/GFA/Simul/kspec_gfa_controller/src/img/raw, guiding_save_path=/media/shyunc/DATA/KSpec/KSPEC_ICS/GFA/Simul/kspec_gfa_controller/src/img/guiding_save/2026-03-09
2026-03-09 16:35:34,120 [INFO] Starting guiding sequence...
2026-03-09 16:35:34,120 [ERROR] Guiding failed: name 'copied' is not defined
2026-03-09 16:36:04,124 [INFO] [guiding] save=True, raw_save_path=/media/shyunc/DATA/KSpec/KSPEC_ICS/GFA/Simul/kspec_gfa_controller/src/img/raw, guiding_save_path=/media/shyunc/DATA/KSpec/KSPEC_ICS/GFA/Simul/kspec_gfa_controller/src/img/guiding_save/2026-03-09
2026-03-09 16:36:04,125 [INFO] Starting guiding sequence...
2026-03-09 16:36:04,126 [ERROR] Guiding failed: name 'copied' is not defined
2026-03-09 16:51:36,426 [INFO] [guiding] save=True, raw_save_path=/media/shyunc/DATA/KSpec/KSPEC_ICS/GFA/Simul/kspec_gfa_controller/src/img/raw, guiding_save_path=/media/shyunc/DATA/KSpec/KSPEC_ICS/GFA/Simul/kspec_gfa_controller/src/img/guiding_save/2026-03-09
2026-03-09 16:51:36,426 [INFO] Starting guiding sequence...
2026-03-09 16:51:36,426 [ERROR] Guiding failed: name 'copied' is not defined
2026-03-09 16:52:33,430 [INFO] Initialized GFAEnvironment with role 'plate' and cameras [1, 2, 3, 4, 5, 6]
2026-03-09 16:52:33,430 [INFO] Initializing GFAGuider...
2026-03-09 16:52:33,430 [DEBUG] Raw dir       : /media/shyunc/DATA/KSpec/KSPEC_ICS/GFA/Simul/kspec_gfa_controller/src/img/raw
2026-03-09 16:52:33,430 [DEBUG] Final astro dir: /media/shyunc/DATA/KSpec/KSPEC_ICS/GFA/Simul/kspec_gfa_controller/src/img/astroimg/
2026-03-09 16:52:33,430 [DEBUG] Cutout dir    : /media/shyunc/DATA/KSpec/KSPEC_ICS/GFA/Simul/kspec_gfa_controller/src/img/cutout
2026-03-09 16:52:33,430 [DEBUG] Star catalog  : /media/shyunc/DATA/KSpec/KSPEC_ICS/GFA/Simul/kspec_gfa_controller/src/img/combined_star.fits
2026-03-09 16:52:33,431 [INFO] GFAGuider setup complete.
2026-03-09 16:52:33,431 [INFO] Initialized GFAEnvironment with role 'finder' and cameras [7]
2026-03-09 16:52:37,710 [INFO] [guiding] save=True, raw_save_path=/media/shyunc/DATA/KSpec/KSPEC_ICS/GFA/Simul/kspec_gfa_controller/src/img/raw, guiding_save_path=/media/shyunc/DATA/KSpec/KSPEC_ICS/GFA/Simul/kspec_gfa_controller/src/img/guiding_save/2026-03-09
2026-03-09 16:52:37,710 [INFO] Starting guiding sequence...
2026-03-09 16:52:37,710 [INFO] Ensuring astrometry outputs are ready (no procimg dependency)...
2026-03-09 16:52:37,710 [INFO] Guiding test......
2026-03-09 17:17:35,051 [INFO] Initialized GFAEnvironment with role 'plate' and cameras [1, 2, 3, 4, 5, 6]
2026-03-09 17:17:35,051 [INFO] Initializing GFAGuider...
2026-03-09 17:17:35,051 [DEBUG] Raw dir       : /media/shyunc/DATA/KSpec/KSPEC_ICS/GFA/Simul/kspec_gfa_controller/src/img/raw
2026-03-09 17:17:35,051 [DEBUG] Final astro dir: /media/shyunc/DATA/KSpec/KSPEC_ICS/GFA/Simul/kspec_gfa_controller/src/img/astroimg/
2026-03-09 17:17:35,051 [DEBUG] Cutout dir    : /media/shyunc/DATA/KSpec/KSPEC_ICS/GFA/Simul/kspec_gfa_controller/src/img/cutout
2026-03-09 17:17:35,052 [DEBUG] Star catalog  : /media/shyunc/DATA/KSpec/KSPEC_ICS/GFA/Simul/kspec_gfa_controller/src/img/combined_star.fits
2026-03-09 17:17:35,052 [INFO] GFAGuider setup complete.
2026-03-09 17:17:35,052 [INFO] Initialized GFAEnvironment with role 'finder' and cameras [7]
2026-03-09 17:17:40,470 [INFO] [guiding] save=True, raw_save_path=/media/shyunc/DATA/KSpec/KSPEC_ICS/GFA/Simul/kspec_gfa_controller/src/img/raw, guiding_save_path=/media/shyunc/DATA/KSpec/KSPEC_ICS/GFA/Simul/kspec_gfa_controller/src/img/guiding_save/2026-03-09
2026-03-09 17:17:40,470 [INFO] Starting guiding sequence...
2026-03-09 17:17:40,470 [INFO] Ensuring astrometry outputs are ready (no procimg dependency)...
2026-03-09 17:17:40,470 [INFO] Guiding test......
2026-03-09 17:17:40,470 [ERROR] Guiding failed: name 'astro_files' is not defined
2026-03-09 17:18:05,116 [INFO] Initialized GFAEnvironment with role 'plate' and cameras [1, 2, 3, 4, 5, 6]
2026-03-09 17:18:05,116 [INFO] Initializing GFAGuider...
2026-03-09 17:18:05,117 [DEBUG] Raw dir       : /media/shyunc/DATA/KSpec/KSPEC_ICS/GFA/Simul/kspec_gfa_controller/src/img/raw
2026-03-09 17:18:05,117 [DEBUG] Final astro dir: /media/shyunc/DATA/KSpec/KSPEC_ICS/GFA/Simul/kspec_gfa_controller/src/img/astroimg/
2026-03-09 17:18:05,117 [DEBUG] Cutout dir    : /media/shyunc/DATA/KSpec/KSPEC_ICS/GFA/Simul/kspec_gfa_controller/src/img/cutout
2026-03-09 17:18:05,117 [DEBUG] Star catalog  : /media/shyunc/DATA/KSpec/KSPEC_ICS/GFA/Simul/kspec_gfa_controller/src/img/combined_star.fits
2026-03-09 17:18:05,117 [INFO] GFAGuider setup complete.
2026-03-09 17:18:05,118 [INFO] Initialized GFAEnvironment with role 'finder' and cameras [7]
2026-03-09 17:18:08,454 [INFO] [guiding] save=True, raw_save_path=/media/shyunc/DATA/KSpec/KSPEC_ICS/GFA/Simul/kspec_gfa_controller/src/img/raw, guiding_save_path=/media/shyunc/DATA/KSpec/KSPEC_ICS/GFA/Simul/kspec_gfa_controller/src/img/guiding_save/2026-03-09
2026-03-09 17:18:08,454 [INFO] Starting guiding sequence...
2026-03-09 17:18:08,454 [INFO] Ensuring astrometry outputs are ready (no procimg dependency)...
2026-03-09 17:18:08,454 [INFO] Guiding test......
2026-03-09 17:18:38,458 [INFO] [guiding] save=True, raw_save_path=/media/shyunc/DATA/KSpec/KSPEC_ICS/GFA/Simul/kspec_gfa_controller/src/img/raw, guiding_save_path=/media/shyunc/DATA/KSpec/KSPEC_ICS/GFA/Simul/kspec_gfa_controller/src/img/guiding_save/2026-03-09
2026-03-09 17:18:38,458 [INFO] Starting guiding sequence...
2026-03-09 17:18:38,459 [INFO] Ensuring astrometry outputs are ready (no procimg dependency)...
2026-03-09 17:18:38,459 [INFO] Guiding test......
