2025-03-14 13:05:26,508 [INFO] Configuration file found: /media/shyunc/DATA/KSpec/KSPEC_ICS/GFA/Simul/kspec_gfa_controller/src/etc/cams.json (at gfa_actions.py)
2025-03-14 13:05:26,508 [INFO] Configuration file found: /media/shyunc/DATA/KSpec/KSPEC_ICS/GFA/Simul/kspec_gfa_controller/src/etc/astrometry_params.json (at gfa_actions.py)
2025-03-14 13:05:26,509 [INFO] Initializing gfa_astrometry class. (at gfa_actions.py)
2025-03-14 13:05:26,509 [INFO] Loaded 4 FITS files. (at gfa_actions.py)
2025-03-14 13:05:26,509 [INFO] Initializing GFAGuider... (at gfa_actions.py)
2025-03-14 13:05:26,509 [INFO] GFAGuider setup complete. (at gfa_actions.py)
2025-03-14 13:07:43,799 [INFO] Guiding starts... (at gfa_actions.py)
2025-03-14 13:07:43,800 [INFO] Step #1: Grab an image (uncomment if needed). (at gfa_actions.py)
2025-03-14 13:07:43,801 [INFO] Step #2: Astrometry... (at gfa_actions.py)
2025-03-14 13:07:43,801 [INFO] Step #3: Calculating the offset... (at gfa_actions.py)
2025-03-14 13:07:43,802 [INFO] Starting guide star calibration process. (at gfa_actions.py)
2025-03-14 13:07:43,803 [INFO] Found 4 astrometry files and 4 processed files. (at gfa_actions.py)
2025-03-14 13:07:43,803 [INFO] Processing FITS: /media/shyunc/DATA/KSpec/KSPEC_ICS/GFA/Simul/kspec_gfa_controller/src/img/astroimg/astro_proc_KMTNge.20231211T102558.0001.fits & /media/shyunc/DATA/KSpec/KSPEC_ICS/GFA/Simul/kspec_gfa_controller/src/img/procimg/proc_KMTNge.20231211T102558.0001.fits (at gfa_actions.py)
2025-03-14 13:07:43,816 [INFO] Performing sigma clipping to derive background and stddev. (at gfa_actions.py)
2025-03-14 13:07:43,976 [INFO] Processing FITS: /media/shyunc/DATA/KSpec/KSPEC_ICS/GFA/Simul/kspec_gfa_controller/src/img/astroimg/astro_proc_KMTNgn.20231211T102558.0001.fits & /media/shyunc/DATA/KSpec/KSPEC_ICS/GFA/Simul/kspec_gfa_controller/src/img/procimg/proc_KMTNgn.20231211T102558.0001.fits (at gfa_actions.py)
2025-03-14 13:07:43,984 [INFO] Performing sigma clipping to derive background and stddev. (at gfa_actions.py)
2025-03-14 13:07:44,100 [INFO] Processing FITS: /media/shyunc/DATA/KSpec/KSPEC_ICS/GFA/Simul/kspec_gfa_controller/src/img/astroimg/astro_proc_KMTNgs.20231211T102558.0001.fits & /media/shyunc/DATA/KSpec/KSPEC_ICS/GFA/Simul/kspec_gfa_controller/src/img/procimg/proc_KMTNgs.20231211T102558.0001.fits (at gfa_actions.py)
2025-03-14 13:07:44,108 [INFO] Performing sigma clipping to derive background and stddev. (at gfa_actions.py)
2025-03-14 13:07:44,229 [INFO] Processing FITS: /media/shyunc/DATA/KSpec/KSPEC_ICS/GFA/Simul/kspec_gfa_controller/src/img/astroimg/astro_proc_KMTNgw.20231211T102558.0001.fits & /media/shyunc/DATA/KSpec/KSPEC_ICS/GFA/Simul/kspec_gfa_controller/src/img/procimg/proc_KMTNgw.20231211T102558.0001.fits (at gfa_actions.py)
2025-03-14 13:07:44,236 [INFO] Performing sigma clipping to derive background and stddev. (at gfa_actions.py)
2025-03-14 13:07:44,342 [WARNING] Offsets within critical threshold; returning 0, 0. (at gfa_actions.py)
2025-03-14 13:07:44,344 [INFO] FWHM: 1.81 arcsec (at gfa_actions.py)
2025-03-14 13:07:44,344 [INFO] Guide star calibration complete. Offsets => fdx=0.00000, fdy=0.00000, FWHM=1.80589 (at gfa_actions.py)
2025-03-14 13:07:44,344 [INFO] Offsets calculated: fdx= $$, fdy=$$, FWHM=$$$ arcsec (at gfa_actions.py)
2025-03-14 13:08:44,363 [INFO] Guiding starts... (at gfa_actions.py)
2025-03-14 13:08:44,364 [INFO] Step #1: Grab an image (uncomment if needed). (at gfa_actions.py)
2025-03-14 13:08:44,365 [INFO] Step #2: Astrometry... (at gfa_actions.py)
2025-03-14 13:08:44,366 [INFO] Step #3: Calculating the offset... (at gfa_actions.py)
2025-03-14 13:08:44,366 [INFO] Starting guide star calibration process. (at gfa_actions.py)
2025-03-14 13:08:44,368 [INFO] Found 4 astrometry files and 4 processed files. (at gfa_actions.py)
2025-03-14 13:08:44,368 [INFO] Processing FITS: /media/shyunc/DATA/KSpec/KSPEC_ICS/GFA/Simul/kspec_gfa_controller/src/img/astroimg/astro_proc_KMTNge.20231211T102558.0001.fits & /media/shyunc/DATA/KSpec/KSPEC_ICS/GFA/Simul/kspec_gfa_controller/src/img/procimg/proc_KMTNge.20231211T102558.0001.fits (at gfa_actions.py)
2025-03-14 13:08:44,380 [INFO] Performing sigma clipping to derive background and stddev. (at gfa_actions.py)
2025-03-14 13:08:44,492 [INFO] Processing FITS: /media/shyunc/DATA/KSpec/KSPEC_ICS/GFA/Simul/kspec_gfa_controller/src/img/astroimg/astro_proc_KMTNgn.20231211T102558.0001.fits & /media/shyunc/DATA/KSpec/KSPEC_ICS/GFA/Simul/kspec_gfa_controller/src/img/procimg/proc_KMTNgn.20231211T102558.0001.fits (at gfa_actions.py)
2025-03-14 13:08:44,498 [INFO] Performing sigma clipping to derive background and stddev. (at gfa_actions.py)
2025-03-14 13:08:44,615 [INFO] Processing FITS: /media/shyunc/DATA/KSpec/KSPEC_ICS/GFA/Simul/kspec_gfa_controller/src/img/astroimg/astro_proc_KMTNgs.20231211T102558.0001.fits & /media/shyunc/DATA/KSpec/KSPEC_ICS/GFA/Simul/kspec_gfa_controller/src/img/procimg/proc_KMTNgs.20231211T102558.0001.fits (at gfa_actions.py)
2025-03-14 13:08:44,622 [INFO] Performing sigma clipping to derive background and stddev. (at gfa_actions.py)
2025-03-14 13:08:44,743 [INFO] Processing FITS: /media/shyunc/DATA/KSpec/KSPEC_ICS/GFA/Simul/kspec_gfa_controller/src/img/astroimg/astro_proc_KMTNgw.20231211T102558.0001.fits & /media/shyunc/DATA/KSpec/KSPEC_ICS/GFA/Simul/kspec_gfa_controller/src/img/procimg/proc_KMTNgw.20231211T102558.0001.fits (at gfa_actions.py)
2025-03-14 13:08:44,750 [INFO] Performing sigma clipping to derive background and stddev. (at gfa_actions.py)
2025-03-14 13:08:44,856 [WARNING] Offsets within critical threshold; returning 0, 0. (at gfa_actions.py)
2025-03-14 13:08:44,858 [INFO] FWHM: 1.81 arcsec (at gfa_actions.py)
2025-03-14 13:08:44,859 [INFO] Guide star calibration complete. Offsets => fdx=0.00000, fdy=0.00000, FWHM=1.80589 (at gfa_actions.py)
2025-03-14 13:08:44,859 [INFO] Offsets calculated: fdx= $$, fdy=$$, FWHM=$$$ arcsec (at gfa_actions.py)
2025-03-14 13:09:44,879 [INFO] Guiding starts... (at gfa_actions.py)
2025-03-14 13:09:44,879 [INFO] Step #1: Grab an image (uncomment if needed). (at gfa_actions.py)
2025-03-14 13:09:44,880 [INFO] Step #2: Astrometry... (at gfa_actions.py)
2025-03-14 13:09:44,881 [INFO] Step #3: Calculating the offset... (at gfa_actions.py)
2025-03-14 13:09:44,881 [INFO] Starting guide star calibration process. (at gfa_actions.py)
2025-03-14 13:09:44,883 [INFO] Found 4 astrometry files and 4 processed files. (at gfa_actions.py)
2025-03-14 13:09:44,883 [INFO] Processing FITS: /media/shyunc/DATA/KSpec/KSPEC_ICS/GFA/Simul/kspec_gfa_controller/src/img/astroimg/astro_proc_KMTNge.20231211T102558.0001.fits & /media/shyunc/DATA/KSpec/KSPEC_ICS/GFA/Simul/kspec_gfa_controller/src/img/procimg/proc_KMTNge.20231211T102558.0001.fits (at gfa_actions.py)
2025-03-14 13:09:44,891 [INFO] Performing sigma clipping to derive background and stddev. (at gfa_actions.py)
2025-03-14 13:09:45,007 [INFO] Processing FITS: /media/shyunc/DATA/KSpec/KSPEC_ICS/GFA/Simul/kspec_gfa_controller/src/img/astroimg/astro_proc_KMTNgn.20231211T102558.0001.fits & /media/shyunc/DATA/KSpec/KSPEC_ICS/GFA/Simul/kspec_gfa_controller/src/img/procimg/proc_KMTNgn.20231211T102558.0001.fits (at gfa_actions.py)
2025-03-14 13:09:45,014 [INFO] Performing sigma clipping to derive background and stddev. (at gfa_actions.py)
2025-03-14 13:09:45,132 [INFO] Processing FITS: /media/shyunc/DATA/KSpec/KSPEC_ICS/GFA/Simul/kspec_gfa_controller/src/img/astroimg/astro_proc_KMTNgs.20231211T102558.0001.fits & /media/shyunc/DATA/KSpec/KSPEC_ICS/GFA/Simul/kspec_gfa_controller/src/img/procimg/proc_KMTNgs.20231211T102558.0001.fits (at gfa_actions.py)
2025-03-14 13:09:45,139 [INFO] Performing sigma clipping to derive background and stddev. (at gfa_actions.py)
2025-03-14 13:09:45,258 [INFO] Processing FITS: /media/shyunc/DATA/KSpec/KSPEC_ICS/GFA/Simul/kspec_gfa_controller/src/img/astroimg/astro_proc_KMTNgw.20231211T102558.0001.fits & /media/shyunc/DATA/KSpec/KSPEC_ICS/GFA/Simul/kspec_gfa_controller/src/img/procimg/proc_KMTNgw.20231211T102558.0001.fits (at gfa_actions.py)
2025-03-14 13:09:45,265 [INFO] Performing sigma clipping to derive background and stddev. (at gfa_actions.py)
2025-03-14 13:09:45,371 [WARNING] Offsets within critical threshold; returning 0, 0. (at gfa_actions.py)
2025-03-14 13:09:45,373 [INFO] FWHM: 1.81 arcsec (at gfa_actions.py)
2025-03-14 13:09:45,373 [INFO] Guide star calibration complete. Offsets => fdx=0.00000, fdy=0.00000, FWHM=1.80589 (at gfa_actions.py)
2025-03-14 13:09:45,374 [INFO] Offsets calculated: fdx= $$, fdy=$$, FWHM=$$$ arcsec (at gfa_actions.py)
2025-03-14 13:13:30,210 [INFO] Guiding starts... (at gfa_actions.py)
2025-03-14 13:13:30,211 [INFO] Step #1: Grab an image (uncomment if needed). (at gfa_actions.py)
2025-03-14 13:13:30,211 [INFO] Step #2: Astrometry... (at gfa_actions.py)
2025-03-14 13:13:30,212 [INFO] Step #3: Calculating the offset... (at gfa_actions.py)
2025-03-14 13:13:30,212 [INFO] Starting guide star calibration process. (at gfa_actions.py)
2025-03-14 13:13:30,214 [INFO] Found 4 astrometry files and 4 processed files. (at gfa_actions.py)
2025-03-14 13:13:30,214 [INFO] Processing FITS: /media/shyunc/DATA/KSpec/KSPEC_ICS/GFA/Simul/kspec_gfa_controller/src/img/astroimg/astro_proc_KMTNge.20231211T102558.0001.fits & /media/shyunc/DATA/KSpec/KSPEC_ICS/GFA/Simul/kspec_gfa_controller/src/img/procimg/proc_KMTNge.20231211T102558.0001.fits (at gfa_actions.py)
2025-03-14 13:13:30,237 [INFO] Performing sigma clipping to derive background and stddev. (at gfa_actions.py)
2025-03-14 13:13:30,350 [INFO] Processing FITS: /media/shyunc/DATA/KSpec/KSPEC_ICS/GFA/Simul/kspec_gfa_controller/src/img/astroimg/astro_proc_KMTNgn.20231211T102558.0001.fits & /media/shyunc/DATA/KSpec/KSPEC_ICS/GFA/Simul/kspec_gfa_controller/src/img/procimg/proc_KMTNgn.20231211T102558.0001.fits (at gfa_actions.py)
2025-03-14 13:13:30,356 [INFO] Performing sigma clipping to derive background and stddev. (at gfa_actions.py)
2025-03-14 13:13:30,473 [INFO] Processing FITS: /media/shyunc/DATA/KSpec/KSPEC_ICS/GFA/Simul/kspec_gfa_controller/src/img/astroimg/astro_proc_KMTNgs.20231211T102558.0001.fits & /media/shyunc/DATA/KSpec/KSPEC_ICS/GFA/Simul/kspec_gfa_controller/src/img/procimg/proc_KMTNgs.20231211T102558.0001.fits (at gfa_actions.py)
2025-03-14 13:13:30,480 [INFO] Performing sigma clipping to derive background and stddev. (at gfa_actions.py)
2025-03-14 13:13:30,599 [INFO] Processing FITS: /media/shyunc/DATA/KSpec/KSPEC_ICS/GFA/Simul/kspec_gfa_controller/src/img/astroimg/astro_proc_KMTNgw.20231211T102558.0001.fits & /media/shyunc/DATA/KSpec/KSPEC_ICS/GFA/Simul/kspec_gfa_controller/src/img/procimg/proc_KMTNgw.20231211T102558.0001.fits (at gfa_actions.py)
2025-03-14 13:13:30,606 [INFO] Performing sigma clipping to derive background and stddev. (at gfa_actions.py)
2025-03-14 13:13:30,712 [WARNING] Offsets within critical threshold; returning 0, 0. (at gfa_actions.py)
2025-03-14 13:13:30,715 [INFO] FWHM: 1.81 arcsec (at gfa_actions.py)
2025-03-14 13:13:30,715 [INFO] Guide star calibration complete. Offsets => fdx=0.00000, fdy=0.00000, FWHM=1.80589 (at gfa_actions.py)
2025-03-14 13:13:30,715 [INFO] Offsets calculated: fdx= $$, fdy=$$, FWHM=$$$ arcsec (at gfa_actions.py)
2025-03-14 13:14:30,722 [INFO] Guiding starts... (at gfa_actions.py)
2025-03-14 13:14:30,722 [INFO] Step #1: Grab an image (uncomment if needed). (at gfa_actions.py)
2025-03-14 13:14:30,723 [INFO] Step #2: Astrometry... (at gfa_actions.py)
2025-03-14 13:14:30,723 [INFO] Step #3: Calculating the offset... (at gfa_actions.py)
2025-03-14 13:14:30,724 [INFO] Starting guide star calibration process. (at gfa_actions.py)
2025-03-14 13:14:30,725 [INFO] Found 4 astrometry files and 4 processed files. (at gfa_actions.py)
2025-03-14 13:14:30,726 [INFO] Processing FITS: /media/shyunc/DATA/KSpec/KSPEC_ICS/GFA/Simul/kspec_gfa_controller/src/img/astroimg/astro_proc_KMTNge.20231211T102558.0001.fits & /media/shyunc/DATA/KSpec/KSPEC_ICS/GFA/Simul/kspec_gfa_controller/src/img/procimg/proc_KMTNge.20231211T102558.0001.fits (at gfa_actions.py)
2025-03-14 13:14:30,742 [INFO] Performing sigma clipping to derive background and stddev. (at gfa_actions.py)
2025-03-14 13:14:30,851 [INFO] Processing FITS: /media/shyunc/DATA/KSpec/KSPEC_ICS/GFA/Simul/kspec_gfa_controller/src/img/astroimg/astro_proc_KMTNgn.20231211T102558.0001.fits & /media/shyunc/DATA/KSpec/KSPEC_ICS/GFA/Simul/kspec_gfa_controller/src/img/procimg/proc_KMTNgn.20231211T102558.0001.fits (at gfa_actions.py)
2025-03-14 13:14:30,858 [INFO] Performing sigma clipping to derive background and stddev. (at gfa_actions.py)
2025-03-14 13:14:30,974 [INFO] Processing FITS: /media/shyunc/DATA/KSpec/KSPEC_ICS/GFA/Simul/kspec_gfa_controller/src/img/astroimg/astro_proc_KMTNgs.20231211T102558.0001.fits & /media/shyunc/DATA/KSpec/KSPEC_ICS/GFA/Simul/kspec_gfa_controller/src/img/procimg/proc_KMTNgs.20231211T102558.0001.fits (at gfa_actions.py)
2025-03-14 13:14:30,981 [INFO] Performing sigma clipping to derive background and stddev. (at gfa_actions.py)
2025-03-14 13:14:31,105 [INFO] Processing FITS: /media/shyunc/DATA/KSpec/KSPEC_ICS/GFA/Simul/kspec_gfa_controller/src/img/astroimg/astro_proc_KMTNgw.20231211T102558.0001.fits & /media/shyunc/DATA/KSpec/KSPEC_ICS/GFA/Simul/kspec_gfa_controller/src/img/procimg/proc_KMTNgw.20231211T102558.0001.fits (at gfa_actions.py)
2025-03-14 13:14:31,112 [INFO] Performing sigma clipping to derive background and stddev. (at gfa_actions.py)
2025-03-14 13:14:31,217 [WARNING] Offsets within critical threshold; returning 0, 0. (at gfa_actions.py)
2025-03-14 13:14:31,220 [INFO] FWHM: 1.81 arcsec (at gfa_actions.py)
2025-03-14 13:14:31,220 [INFO] Guide star calibration complete. Offsets => fdx=0.00000, fdy=0.00000, FWHM=1.80589 (at gfa_actions.py)
2025-03-14 13:14:31,220 [INFO] Offsets calculated: fdx= $$, fdy=$$, FWHM=$$$ arcsec (at gfa_actions.py)
2025-03-14 13:15:31,224 [INFO] Guiding starts... (at gfa_actions.py)
2025-03-14 13:15:31,224 [INFO] Step #1: Grab an image (uncomment if needed). (at gfa_actions.py)
2025-03-14 13:15:31,225 [INFO] Step #2: Astrometry... (at gfa_actions.py)
2025-03-14 13:15:31,226 [INFO] Step #3: Calculating the offset... (at gfa_actions.py)
2025-03-14 13:15:31,226 [INFO] Starting guide star calibration process. (at gfa_actions.py)
2025-03-14 13:15:31,228 [INFO] Found 4 astrometry files and 4 processed files. (at gfa_actions.py)
2025-03-14 13:15:31,228 [INFO] Processing FITS: /media/shyunc/DATA/KSpec/KSPEC_ICS/GFA/Simul/kspec_gfa_controller/src/img/astroimg/astro_proc_KMTNge.20231211T102558.0001.fits & /media/shyunc/DATA/KSpec/KSPEC_ICS/GFA/Simul/kspec_gfa_controller/src/img/procimg/proc_KMTNge.20231211T102558.0001.fits (at gfa_actions.py)
2025-03-14 13:15:31,236 [INFO] Performing sigma clipping to derive background and stddev. (at gfa_actions.py)
2025-03-14 13:15:31,346 [INFO] Processing FITS: /media/shyunc/DATA/KSpec/KSPEC_ICS/GFA/Simul/kspec_gfa_controller/src/img/astroimg/astro_proc_KMTNgn.20231211T102558.0001.fits & /media/shyunc/DATA/KSpec/KSPEC_ICS/GFA/Simul/kspec_gfa_controller/src/img/procimg/proc_KMTNgn.20231211T102558.0001.fits (at gfa_actions.py)
2025-03-14 13:15:31,352 [INFO] Performing sigma clipping to derive background and stddev. (at gfa_actions.py)
2025-03-14 13:15:31,470 [INFO] Processing FITS: /media/shyunc/DATA/KSpec/KSPEC_ICS/GFA/Simul/kspec_gfa_controller/src/img/astroimg/astro_proc_KMTNgs.20231211T102558.0001.fits & /media/shyunc/DATA/KSpec/KSPEC_ICS/GFA/Simul/kspec_gfa_controller/src/img/procimg/proc_KMTNgs.20231211T102558.0001.fits (at gfa_actions.py)
2025-03-14 13:15:31,477 [INFO] Performing sigma clipping to derive background and stddev. (at gfa_actions.py)
2025-03-14 13:15:31,598 [INFO] Processing FITS: /media/shyunc/DATA/KSpec/KSPEC_ICS/GFA/Simul/kspec_gfa_controller/src/img/astroimg/astro_proc_KMTNgw.20231211T102558.0001.fits & /media/shyunc/DATA/KSpec/KSPEC_ICS/GFA/Simul/kspec_gfa_controller/src/img/procimg/proc_KMTNgw.20231211T102558.0001.fits (at gfa_actions.py)
2025-03-14 13:15:31,605 [INFO] Performing sigma clipping to derive background and stddev. (at gfa_actions.py)
2025-03-14 13:15:31,713 [WARNING] Offsets within critical threshold; returning 0, 0. (at gfa_actions.py)
2025-03-14 13:15:31,716 [INFO] FWHM: 1.81 arcsec (at gfa_actions.py)
2025-03-14 13:15:31,716 [INFO] Guide star calibration complete. Offsets => fdx=0.00000, fdy=0.00000, FWHM=1.80589 (at gfa_actions.py)
2025-03-14 13:15:31,716 [INFO] Offsets calculated: fdx= $$, fdy=$$, FWHM=$$$ arcsec (at gfa_actions.py)
2025-03-14 13:16:31,722 [INFO] Guiding starts... (at gfa_actions.py)
2025-03-14 13:16:31,722 [INFO] Step #1: Grab an image (uncomment if needed). (at gfa_actions.py)
2025-03-14 13:16:31,723 [INFO] Step #2: Astrometry... (at gfa_actions.py)
2025-03-14 13:16:31,723 [INFO] Step #3: Calculating the offset... (at gfa_actions.py)
2025-03-14 13:16:31,723 [INFO] Starting guide star calibration process. (at gfa_actions.py)
2025-03-14 13:16:31,725 [INFO] Found 4 astrometry files and 4 processed files. (at gfa_actions.py)
2025-03-14 13:16:31,725 [INFO] Processing FITS: /media/shyunc/DATA/KSpec/KSPEC_ICS/GFA/Simul/kspec_gfa_controller/src/img/astroimg/astro_proc_KMTNge.20231211T102558.0001.fits & /media/shyunc/DATA/KSpec/KSPEC_ICS/GFA/Simul/kspec_gfa_controller/src/img/procimg/proc_KMTNge.20231211T102558.0001.fits (at gfa_actions.py)
2025-03-14 13:16:31,736 [INFO] Performing sigma clipping to derive background and stddev. (at gfa_actions.py)
2025-03-14 13:16:31,847 [INFO] Processing FITS: /media/shyunc/DATA/KSpec/KSPEC_ICS/GFA/Simul/kspec_gfa_controller/src/img/astroimg/astro_proc_KMTNgn.20231211T102558.0001.fits & /media/shyunc/DATA/KSpec/KSPEC_ICS/GFA/Simul/kspec_gfa_controller/src/img/procimg/proc_KMTNgn.20231211T102558.0001.fits (at gfa_actions.py)
2025-03-14 13:16:31,854 [INFO] Performing sigma clipping to derive background and stddev. (at gfa_actions.py)
2025-03-14 13:16:31,971 [INFO] Processing FITS: /media/shyunc/DATA/KSpec/KSPEC_ICS/GFA/Simul/kspec_gfa_controller/src/img/astroimg/astro_proc_KMTNgs.20231211T102558.0001.fits & /media/shyunc/DATA/KSpec/KSPEC_ICS/GFA/Simul/kspec_gfa_controller/src/img/procimg/proc_KMTNgs.20231211T102558.0001.fits (at gfa_actions.py)
2025-03-14 13:16:31,978 [INFO] Performing sigma clipping to derive background and stddev. (at gfa_actions.py)
2025-03-14 13:16:32,099 [INFO] Processing FITS: /media/shyunc/DATA/KSpec/KSPEC_ICS/GFA/Simul/kspec_gfa_controller/src/img/astroimg/astro_proc_KMTNgw.20231211T102558.0001.fits & /media/shyunc/DATA/KSpec/KSPEC_ICS/GFA/Simul/kspec_gfa_controller/src/img/procimg/proc_KMTNgw.20231211T102558.0001.fits (at gfa_actions.py)
2025-03-14 13:16:32,105 [INFO] Performing sigma clipping to derive background and stddev. (at gfa_actions.py)
2025-03-14 13:16:32,212 [WARNING] Offsets within critical threshold; returning 0, 0. (at gfa_actions.py)
2025-03-14 13:16:32,214 [INFO] FWHM: 1.81 arcsec (at gfa_actions.py)
2025-03-14 13:16:32,215 [INFO] Guide star calibration complete. Offsets => fdx=0.00000, fdy=0.00000, FWHM=1.80589 (at gfa_actions.py)
2025-03-14 13:16:32,215 [INFO] Offsets calculated: fdx= $$, fdy=$$, FWHM=$$$ arcsec (at gfa_actions.py)
