2025-03-17 14:10:09,761 [INFO] Configuration file found: /home/kspec/mingyeong/kspec_gfa_controller/src/etc/cams.json (at gfa_actions.py)
2025-03-17 14:10:09,762 [INFO] Configuration file found: /home/kspec/mingyeong/kspec_gfa_controller/src/etc/astrometry_params.json (at gfa_actions.py)
2025-03-17 14:10:09,762 [INFO] Initializing gfa_controller with provided config. (at gfa_actions.py)
2025-03-17 14:10:09,763 [INFO] GfaController initialization complete. (at gfa_actions.py)
2025-03-17 14:10:09,763 [INFO] Initializing gfa_astrometry class. (at gfa_actions.py)
2025-03-17 14:10:09,763 [DEBUG] Loaded 4 FITS files. (at gfa_actions.py)
2025-03-17 14:10:09,763 [INFO] Initializing GFAGuider... (at gfa_actions.py)
2025-03-17 14:10:09,764 [DEBUG] Processed dir: /home/kspec/mingyeong/kspec_gfa_controller/src/img/procimg (at gfa_actions.py)
2025-03-17 14:10:09,764 [DEBUG] Final astro dir: /home/kspec/mingyeong/kspec_gfa_controller/src/img/astroimg/ (at gfa_actions.py)
2025-03-17 14:10:09,764 [DEBUG] Cutout dir: /home/kspec/mingyeong/kspec_gfa_controller/src/img/cutout (at gfa_actions.py)
2025-03-17 14:10:09,764 [INFO] GFAGuider setup complete. (at gfa_actions.py)
2025-03-17 14:10:09,774 [INFO] Image save path: /home/kspec/mingyeong/kspec_gfa_controller/src/img/grab (at gfa_actions.py)
2025-03-17 14:10:09,774 [INFO] Grabbing image from camera 1 (ExpTime=1.0, Binning=4). (at gfa_actions.py)
2025-03-17 14:10:09,775 [INFO] Grabbing image from camera 1, ExpTime=1.0 (at gfa_actions.py)
2025-03-17 14:10:09,775 [DEBUG] Camera 1 IP: 192.168.9.67 (at gfa_actions.py)
2025-03-17 14:10:10,312 [DEBUG] Set exposure time: 1000000.0 μs (at gfa_actions.py)
2025-03-17 14:10:10,376 [DEBUG] Set PixelFormat Mono12 (at gfa_actions.py)
2025-03-17 14:10:10,385 [DEBUG] Set binning: 4x4 (at gfa_actions.py)
2025-03-17 14:10:11,705 [DEBUG] Max pixel value of grabbed image (Cam 1): 4095 (at gfa_actions.py)
2025-03-17 14:10:11,705 [DEBUG] FITS file will be saved to: /home/kspec/mingyeong/kspec_gfa_controller/src/img/grab/2025-03-17_14:10:09_grabone_cam1.fits (at gfa_actions.py)
2025-03-17 14:10:11,705 [DEBUG] Image array shape: (1152, 1332) (at gfa_actions.py)
2025-03-17 14:10:11,705 [WARNING] No date_obs provided. Using current date. (at gfa_actions.py)
2025-03-17 14:10:11,705 [WARNING] No time_obs provided. Using current time. (at gfa_actions.py)
2025-03-17 14:10:11,707 [DEBUG] FITS header details: SIMPLE  =                    T                                                  BITPIX  =                  -32                                                  NAXIS   =                    2                                                  NAXIS1  =                 1332                                                  NAXIS2  =                 1152                                                  CTYPE1  = 'PIXEL   '                                                            CTYPE2  = 'PIXEL   '                                                            TELESCOP= 'KMTNET  '                                                            INSTRUME= 'KSPEC-GFA'                                                           OBSERVER= 'Mingyeong'                                                           OBJECT  = 'Unknown '                                                            DATE-OBS= '2025-03-17'                                                          TIME-OBS= '14:10:11'                                                            RA      = 'UNKNOWN '                                                            DEC     = 'UNKNOWN '                                                            EXPTIME =                  1.0                                                  COMMENT FITS file created with custom header fields                             END                                                                                                                                                                                                                                                                                                                                                                                                                                                                                                                                                                                                                                                                                                                                                                                                                                                                                                                                                                                                                                                                                                                                                                                                                                                                                                                                                                                                                                                                                                                                                                              (at gfa_actions.py)
2025-03-17 14:10:11,717 [INFO] FITS file successfully saved to /home/kspec/mingyeong/kspec_gfa_controller/src/img/grab/2025-03-17_14:10:09_grabone_cam1.fits (at gfa_actions.py)
2025-03-17 14:10:11,917 [DEBUG] Exposure time for camera 1: 1.0 sec (at gfa_actions.py)
2025-03-17 14:10:11,917 [DEBUG] Process time for camera 1: 2.1423161029815674 sec (at gfa_actions.py)
2025-03-17 14:10:57,138 [INFO] Configuration file found: /home/kspec/mingyeong/kspec_gfa_controller/src/etc/cams.json (at gfa_actions.py)
2025-03-17 14:10:57,138 [INFO] Configuration file found: /home/kspec/mingyeong/kspec_gfa_controller/src/etc/astrometry_params.json (at gfa_actions.py)
2025-03-17 14:10:57,138 [INFO] Initializing gfa_controller with provided config. (at gfa_actions.py)
2025-03-17 14:10:57,139 [INFO] GfaController initialization complete. (at gfa_actions.py)
2025-03-17 14:10:57,139 [INFO] Initializing gfa_astrometry class. (at gfa_actions.py)
2025-03-17 14:10:57,140 [DEBUG] Loaded 4 FITS files. (at gfa_actions.py)
2025-03-17 14:10:57,140 [INFO] Initializing GFAGuider... (at gfa_actions.py)
2025-03-17 14:10:57,140 [DEBUG] Processed dir: /home/kspec/mingyeong/kspec_gfa_controller/src/img/procimg (at gfa_actions.py)
2025-03-17 14:10:57,140 [DEBUG] Final astro dir: /home/kspec/mingyeong/kspec_gfa_controller/src/img/astroimg/ (at gfa_actions.py)
2025-03-17 14:10:57,140 [DEBUG] Cutout dir: /home/kspec/mingyeong/kspec_gfa_controller/src/img/cutout (at gfa_actions.py)
2025-03-17 14:10:57,140 [INFO] GFAGuider setup complete. (at gfa_actions.py)
2025-03-17 14:10:57,156 [INFO] Image save path: /home/kspec/mingyeong/kspec_gfa_controller/src/img/grab (at gfa_actions.py)
2025-03-17 14:10:57,156 [INFO] Grabbing image from camera 1 (ExpTime=1.0, Binning=4). (at gfa_actions.py)
2025-03-17 14:10:57,157 [INFO] Grabbing image from camera 1, ExpTime=1.0 (at gfa_actions.py)
2025-03-17 14:10:57,157 [DEBUG] Camera 1 IP: 192.168.9.67 (at gfa_actions.py)
2025-03-17 14:10:57,702 [DEBUG] Set exposure time: 1000000.0 μs (at gfa_actions.py)
2025-03-17 14:10:57,766 [DEBUG] Set PixelFormat Mono12 (at gfa_actions.py)
2025-03-17 14:10:57,775 [DEBUG] Set binning: 4x4 (at gfa_actions.py)
2025-03-17 14:10:59,094 [DEBUG] Max pixel value of grabbed image (Cam 1): 4095 (at gfa_actions.py)
2025-03-17 14:10:59,094 [DEBUG] FITS file will be saved to: /home/kspec/mingyeong/kspec_gfa_controller/src/img/grab/2025-03-17_14:10:57_grabone_cam1.fits (at gfa_actions.py)
2025-03-17 14:10:59,095 [DEBUG] Image array shape: (1152, 1332) (at gfa_actions.py)
2025-03-17 14:10:59,095 [WARNING] No date_obs provided. Using current date. (at gfa_actions.py)
2025-03-17 14:10:59,095 [WARNING] No time_obs provided. Using current time. (at gfa_actions.py)
2025-03-17 14:10:59,096 [DEBUG] FITS header details: SIMPLE  =                    T                                                  BITPIX  =                  -32                                                  NAXIS   =                    2                                                  NAXIS1  =                 1332                                                  NAXIS2  =                 1152                                                  CTYPE1  = 'PIXEL   '                                                            CTYPE2  = 'PIXEL   '                                                            TELESCOP= 'KMTNET  '                                                            INSTRUME= 'KSPEC-GFA'                                                           OBSERVER= 'Mingyeong'                                                           OBJECT  = 'Unknown '                                                            DATE-OBS= '2025-03-17'                                                          TIME-OBS= '14:10:59'                                                            RA      = 'UNKNOWN '                                                            DEC     = 'UNKNOWN '                                                            EXPTIME =                  1.0                                                  COMMENT FITS file created with custom header fields                             END                                                                                                                                                                                                                                                                                                                                                                                                                                                                                                                                                                                                                                                                                                                                                                                                                                                                                                                                                                                                                                                                                                                                                                                                                                                                                                                                                                                                                                                                                                                                                                              (at gfa_actions.py)
2025-03-17 14:10:59,111 [INFO] FITS file successfully saved to /home/kspec/mingyeong/kspec_gfa_controller/src/img/grab/2025-03-17_14:10:57_grabone_cam1.fits (at gfa_actions.py)
2025-03-17 14:10:59,298 [DEBUG] Exposure time for camera 1: 1.0 sec (at gfa_actions.py)
2025-03-17 14:10:59,298 [DEBUG] Process time for camera 1: 2.1407811641693115 sec (at gfa_actions.py)
2025-03-17 14:13:39,515 [INFO] Configuration file found: /home/kspec/mingyeong/kspec_gfa_controller/src/etc/cams.json (at gfa_actions.py)
2025-03-17 14:13:39,516 [INFO] Configuration file found: /home/kspec/mingyeong/kspec_gfa_controller/src/etc/astrometry_params.json (at gfa_actions.py)
2025-03-17 14:13:39,516 [INFO] Initializing gfa_controller with provided config. (at gfa_actions.py)
2025-03-17 14:13:39,516 [INFO] GfaController initialization complete. (at gfa_actions.py)
2025-03-17 14:13:39,516 [INFO] Initializing gfa_astrometry class. (at gfa_actions.py)
2025-03-17 14:13:39,517 [DEBUG] Loaded 4 FITS files. (at gfa_actions.py)
2025-03-17 14:13:39,517 [INFO] Initializing GFAGuider... (at gfa_actions.py)
2025-03-17 14:13:39,517 [DEBUG] Processed dir: /home/kspec/mingyeong/kspec_gfa_controller/src/img/procimg (at gfa_actions.py)
2025-03-17 14:13:39,517 [DEBUG] Final astro dir: /home/kspec/mingyeong/kspec_gfa_controller/src/img/astroimg/ (at gfa_actions.py)
2025-03-17 14:13:39,517 [DEBUG] Cutout dir: /home/kspec/mingyeong/kspec_gfa_controller/src/img/cutout (at gfa_actions.py)
2025-03-17 14:13:39,517 [INFO] GFAGuider setup complete. (at gfa_actions.py)
2025-03-17 14:13:39,534 [INFO] Image save path: /home/kspec/mingyeong/kspec_gfa_controller/src/img/grab (at gfa_actions.py)
2025-03-17 14:13:39,534 [INFO] Grabbing image from camera 1 (ExpTime=1.0, Binning=4). (at gfa_actions.py)
2025-03-17 14:13:39,535 [INFO] Grabbing image from camera 1, ExpTime=1.0 (at gfa_actions.py)
2025-03-17 14:13:39,535 [DEBUG] Camera 1 IP: 192.168.9.67 (at gfa_actions.py)
2025-03-17 14:13:39,801 [ERROR] Error occurred: No device is available or no device contains the provided device info properties. : RuntimeException thrown (file 'TlFactory.cpp', line 694) (at gfa_actions.py)
2025-03-17 14:14:30,522 [INFO] Configuration file found: /home/kspec/mingyeong/kspec_gfa_controller/src/etc/cams.json (at gfa_actions.py)
2025-03-17 14:14:30,523 [INFO] Configuration file found: /home/kspec/mingyeong/kspec_gfa_controller/src/etc/astrometry_params.json (at gfa_actions.py)
2025-03-17 14:14:30,523 [INFO] Initializing gfa_controller with provided config. (at gfa_actions.py)
2025-03-17 14:14:30,523 [INFO] GfaController initialization complete. (at gfa_actions.py)
2025-03-17 14:14:30,523 [INFO] Initializing gfa_astrometry class. (at gfa_actions.py)
2025-03-17 14:14:30,524 [DEBUG] Loaded 4 FITS files. (at gfa_actions.py)
2025-03-17 14:14:30,524 [INFO] Initializing GFAGuider... (at gfa_actions.py)
2025-03-17 14:14:30,524 [DEBUG] Processed dir: /home/kspec/mingyeong/kspec_gfa_controller/src/img/procimg (at gfa_actions.py)
2025-03-17 14:14:30,524 [DEBUG] Final astro dir: /home/kspec/mingyeong/kspec_gfa_controller/src/img/astroimg/ (at gfa_actions.py)
2025-03-17 14:14:30,524 [DEBUG] Cutout dir: /home/kspec/mingyeong/kspec_gfa_controller/src/img/cutout (at gfa_actions.py)
2025-03-17 14:14:30,524 [INFO] GFAGuider setup complete. (at gfa_actions.py)
2025-03-17 14:14:30,541 [INFO] Image save path: /home/kspec/mingyeong/kspec_gfa_controller/src/img/grab (at gfa_actions.py)
2025-03-17 14:14:30,542 [INFO] Grabbing image from camera 1 (ExpTime=1.0, Binning=4). (at gfa_actions.py)
2025-03-17 14:14:30,542 [INFO] Grabbing image from camera 1, ExpTime=1.0 (at gfa_actions.py)
2025-03-17 14:14:30,543 [DEBUG] Camera 1 IP: 192.168.9.67 (at gfa_actions.py)
2025-03-17 14:14:31,081 [DEBUG] Set exposure time: 1000000.0 μs (at gfa_actions.py)
2025-03-17 14:14:31,150 [DEBUG] Set PixelFormat Mono12 (at gfa_actions.py)
2025-03-17 14:14:31,159 [DEBUG] Set binning: 4x4 (at gfa_actions.py)
2025-03-17 14:14:32,357 [DEBUG] Max pixel value of grabbed image (Cam 1): 4095 (at gfa_actions.py)
2025-03-17 14:14:32,357 [DEBUG] FITS file will be saved to: /home/kspec/mingyeong/kspec_gfa_controller/src/img/grab/2025-03-17_14:14:30_grabone_cam1.fits (at gfa_actions.py)
2025-03-17 14:14:32,357 [DEBUG] Image array shape: (1152, 1332) (at gfa_actions.py)
2025-03-17 14:14:32,357 [WARNING] No date_obs provided. Using current date. (at gfa_actions.py)
2025-03-17 14:14:32,357 [WARNING] No time_obs provided. Using current time. (at gfa_actions.py)
2025-03-17 14:14:32,359 [DEBUG] FITS header details: SIMPLE  =                    T                                                  BITPIX  =                  -32                                                  NAXIS   =                    2                                                  NAXIS1  =                 1332                                                  NAXIS2  =                 1152                                                  CTYPE1  = 'PIXEL   '                                                            CTYPE2  = 'PIXEL   '                                                            TELESCOP= 'KMTNET  '                                                            INSTRUME= 'KSPEC-GFA'                                                           OBSERVER= 'Mingyeong'                                                           OBJECT  = 'Unknown '                                                            DATE-OBS= '2025-03-17'                                                          TIME-OBS= '14:14:32'                                                            RA      = 'UNKNOWN '                                                            DEC     = 'UNKNOWN '                                                            EXPTIME =                  1.0                                                  COMMENT FITS file created with custom header fields                             END                                                                                                                                                                                                                                                                                                                                                                                                                                                                                                                                                                                                                                                                                                                                                                                                                                                                                                                                                                                                                                                                                                                                                                                                                                                                                                                                                                                                                                                                                                                                                                              (at gfa_actions.py)
2025-03-17 14:14:32,373 [INFO] FITS file successfully saved to /home/kspec/mingyeong/kspec_gfa_controller/src/img/grab/2025-03-17_14:14:30_grabone_cam1.fits (at gfa_actions.py)
2025-03-17 14:14:32,561 [DEBUG] Exposure time for camera 1: 1.0 sec (at gfa_actions.py)
2025-03-17 14:14:32,561 [DEBUG] Process time for camera 1: 2.018399238586426 sec (at gfa_actions.py)
2025-03-17 14:14:55,451 [INFO] Configuration file found: /home/kspec/mingyeong/kspec_gfa_controller/src/etc/cams.json (at gfa_actions.py)
2025-03-17 14:14:55,452 [INFO] Configuration file found: /home/kspec/mingyeong/kspec_gfa_controller/src/etc/astrometry_params.json (at gfa_actions.py)
2025-03-17 14:14:55,452 [INFO] Initializing gfa_controller with provided config. (at gfa_actions.py)
2025-03-17 14:14:55,452 [INFO] GfaController initialization complete. (at gfa_actions.py)
2025-03-17 14:14:55,453 [INFO] Initializing gfa_astrometry class. (at gfa_actions.py)
2025-03-17 14:14:55,453 [DEBUG] Loaded 4 FITS files. (at gfa_actions.py)
2025-03-17 14:14:55,453 [INFO] Initializing GFAGuider... (at gfa_actions.py)
2025-03-17 14:14:55,453 [DEBUG] Processed dir: /home/kspec/mingyeong/kspec_gfa_controller/src/img/procimg (at gfa_actions.py)
2025-03-17 14:14:55,453 [DEBUG] Final astro dir: /home/kspec/mingyeong/kspec_gfa_controller/src/img/astroimg/ (at gfa_actions.py)
2025-03-17 14:14:55,453 [DEBUG] Cutout dir: /home/kspec/mingyeong/kspec_gfa_controller/src/img/cutout (at gfa_actions.py)
2025-03-17 14:14:55,453 [INFO] GFAGuider setup complete. (at gfa_actions.py)
2025-03-17 14:14:55,463 [INFO] Image save path: /home/kspec/mingyeong/kspec_gfa_controller/src/img/grab (at gfa_actions.py)
2025-03-17 14:14:55,464 [INFO] Grabbing image from camera 1 (ExpTime=1.0, Binning=4). (at gfa_actions.py)
2025-03-17 14:14:55,464 [INFO] Grabbing image from camera 1, ExpTime=1.0 (at gfa_actions.py)
2025-03-17 14:14:55,464 [DEBUG] Camera 1 IP: 192.168.9.67 (at gfa_actions.py)
2025-03-17 14:14:56,001 [DEBUG] Set exposure time: 1000000.0 μs (at gfa_actions.py)
2025-03-17 14:14:56,070 [DEBUG] Set PixelFormat Mono12 (at gfa_actions.py)
2025-03-17 14:14:56,079 [DEBUG] Set binning: 4x4 (at gfa_actions.py)
2025-03-17 14:14:57,245 [DEBUG] Max pixel value of grabbed image (Cam 1): 4095 (at gfa_actions.py)
2025-03-17 14:14:57,245 [DEBUG] FITS file will be saved to: /home/kspec/mingyeong/kspec_gfa_controller/src/img/grab/2025-03-17_14:14:55_grabone_cam1.fits (at gfa_actions.py)
2025-03-17 14:14:57,245 [DEBUG] Image array shape: (1152, 1332) (at gfa_actions.py)
2025-03-17 14:14:57,245 [WARNING] No date_obs provided. Using current date. (at gfa_actions.py)
2025-03-17 14:14:57,245 [WARNING] No time_obs provided. Using current time. (at gfa_actions.py)
2025-03-17 14:14:57,246 [DEBUG] FITS header details: SIMPLE  =                    T                                                  BITPIX  =                  -32                                                  NAXIS   =                    2                                                  NAXIS1  =                 1332                                                  NAXIS2  =                 1152                                                  CTYPE1  = 'PIXEL   '                                                            CTYPE2  = 'PIXEL   '                                                            TELESCOP= 'KMTNET  '                                                            INSTRUME= 'KSPEC-GFA'                                                           OBSERVER= 'Mingyeong'                                                           OBJECT  = 'Unknown '                                                            DATE-OBS= '2025-03-17'                                                          TIME-OBS= '14:14:57'                                                            RA      = 'UNKNOWN '                                                            DEC     = 'UNKNOWN '                                                            EXPTIME =                  1.0                                                  COMMENT FITS file created with custom header fields                             END                                                                                                                                                                                                                                                                                                                                                                                                                                                                                                                                                                                                                                                                                                                                                                                                                                                                                                                                                                                                                                                                                                                                                                                                                                                                                                                                                                                                                                                                                                                                                                              (at gfa_actions.py)
2025-03-17 14:14:57,260 [INFO] FITS file successfully saved to /home/kspec/mingyeong/kspec_gfa_controller/src/img/grab/2025-03-17_14:14:55_grabone_cam1.fits (at gfa_actions.py)
2025-03-17 14:14:57,448 [DEBUG] Exposure time for camera 1: 1.0 sec (at gfa_actions.py)
2025-03-17 14:14:57,448 [DEBUG] Process time for camera 1: 1.9834353923797607 sec (at gfa_actions.py)
2025-03-17 14:16:51,759 [INFO] Configuration file found: /home/kspec/mingyeong/kspec_gfa_controller/src/etc/cams.json (at gfa_actions.py)
2025-03-17 14:16:51,760 [INFO] Configuration file found: /home/kspec/mingyeong/kspec_gfa_controller/src/etc/astrometry_params.json (at gfa_actions.py)
2025-03-17 14:16:51,760 [INFO] Initializing gfa_controller with provided config. (at gfa_actions.py)
2025-03-17 14:16:51,761 [INFO] GfaController initialization complete. (at gfa_actions.py)
2025-03-17 14:16:51,761 [INFO] Initializing gfa_astrometry class. (at gfa_actions.py)
2025-03-17 14:16:51,761 [DEBUG] Loaded 4 FITS files. (at gfa_actions.py)
2025-03-17 14:16:51,761 [INFO] Initializing GFAGuider... (at gfa_actions.py)
2025-03-17 14:16:51,761 [DEBUG] Processed dir: /home/kspec/mingyeong/kspec_gfa_controller/src/img/procimg (at gfa_actions.py)
2025-03-17 14:16:51,762 [DEBUG] Final astro dir: /home/kspec/mingyeong/kspec_gfa_controller/src/img/astroimg/ (at gfa_actions.py)
2025-03-17 14:16:51,762 [DEBUG] Cutout dir: /home/kspec/mingyeong/kspec_gfa_controller/src/img/cutout (at gfa_actions.py)
2025-03-17 14:16:51,762 [INFO] GFAGuider setup complete. (at gfa_actions.py)
2025-03-17 14:16:51,778 [INFO] Image save path: /home/kspec/mingyeong/kspec_gfa_controller/src/img/grab (at gfa_actions.py)
2025-03-17 14:16:51,779 [INFO] Grabbing image from camera 1 (ExpTime=1.0, Binning=4). (at gfa_actions.py)
2025-03-17 14:16:51,779 [INFO] Grabbing image from camera 1, ExpTime=1.0 (at gfa_actions.py)
2025-03-17 14:16:51,779 [DEBUG] Camera 1 IP: 192.168.9.67 (at gfa_actions.py)
2025-03-17 14:16:52,329 [DEBUG] Set exposure time: 1000000.0 μs (at gfa_actions.py)
2025-03-17 14:16:52,390 [DEBUG] Set PixelFormat Mono12 (at gfa_actions.py)
2025-03-17 14:16:52,400 [DEBUG] Set binning: 4x4 (at gfa_actions.py)
2025-03-17 14:16:53,612 [DEBUG] Max pixel value of grabbed image (Cam 1): 4095 (at gfa_actions.py)
2025-03-17 14:16:53,612 [DEBUG] FITS file will be saved to: /home/kspec/mingyeong/kspec_gfa_controller/src/img/grab/2025-03-17_14:16:51_grabone_cam1.fits (at gfa_actions.py)
2025-03-17 14:16:53,612 [DEBUG] Image array shape: (1152, 1332) (at gfa_actions.py)
2025-03-17 14:16:53,612 [WARNING] No date_obs provided. Using current date. (at gfa_actions.py)
2025-03-17 14:16:53,613 [WARNING] No time_obs provided. Using current time. (at gfa_actions.py)
2025-03-17 14:16:53,614 [DEBUG] FITS header details: SIMPLE  =                    T                                                  BITPIX  =                  -32                                                  NAXIS   =                    2                                                  NAXIS1  =                 1332                                                  NAXIS2  =                 1152                                                  CTYPE1  = 'PIXEL   '                                                            CTYPE2  = 'PIXEL   '                                                            TELESCOP= 'KMTNET  '                                                            INSTRUME= 'KSPEC-GFA'                                                           OBSERVER= 'Mingyeong'                                                           OBJECT  = 'Unknown '                                                            DATE-OBS= '2025-03-17'                                                          TIME-OBS= '14:16:53'                                                            RA      = 'UNKNOWN '                                                            DEC     = 'UNKNOWN '                                                            EXPTIME =                  1.0                                                  COMMENT FITS file created with custom header fields                             END                                                                                                                                                                                                                                                                                                                                                                                                                                                                                                                                                                                                                                                                                                                                                                                                                                                                                                                                                                                                                                                                                                                                                                                                                                                                                                                                                                                                                                                                                                                                                                              (at gfa_actions.py)
2025-03-17 14:16:53,633 [INFO] FITS file successfully saved to /home/kspec/mingyeong/kspec_gfa_controller/src/img/grab/2025-03-17_14:16:51_grabone_cam1.fits (at gfa_actions.py)
2025-03-17 14:16:53,827 [DEBUG] Exposure time for camera 1: 1.0 sec (at gfa_actions.py)
2025-03-17 14:16:53,827 [DEBUG] Process time for camera 1: 2.047837018966675 sec (at gfa_actions.py)
2025-03-17 14:17:10,608 [INFO] Configuration file found: /home/kspec/mingyeong/kspec_gfa_controller/src/etc/cams.json (at gfa_actions.py)
2025-03-17 14:17:10,609 [INFO] Configuration file found: /home/kspec/mingyeong/kspec_gfa_controller/src/etc/astrometry_params.json (at gfa_actions.py)
2025-03-17 14:17:10,609 [INFO] Initializing gfa_controller with provided config. (at gfa_actions.py)
2025-03-17 14:17:10,610 [INFO] GfaController initialization complete. (at gfa_actions.py)
2025-03-17 14:17:10,610 [INFO] Initializing gfa_astrometry class. (at gfa_actions.py)
2025-03-17 14:17:10,610 [DEBUG] Loaded 4 FITS files. (at gfa_actions.py)
2025-03-17 14:17:10,610 [INFO] Initializing GFAGuider... (at gfa_actions.py)
2025-03-17 14:17:10,611 [DEBUG] Processed dir: /home/kspec/mingyeong/kspec_gfa_controller/src/img/procimg (at gfa_actions.py)
2025-03-17 14:17:10,611 [DEBUG] Final astro dir: /home/kspec/mingyeong/kspec_gfa_controller/src/img/astroimg/ (at gfa_actions.py)
2025-03-17 14:17:10,611 [DEBUG] Cutout dir: /home/kspec/mingyeong/kspec_gfa_controller/src/img/cutout (at gfa_actions.py)
2025-03-17 14:17:10,611 [INFO] GFAGuider setup complete. (at gfa_actions.py)
2025-03-17 14:17:10,626 [INFO] Image save path: /home/kspec/mingyeong/kspec_gfa_controller/src/img/grab (at gfa_actions.py)
2025-03-17 14:17:10,627 [INFO] Grabbing image from camera 1 (ExpTime=1.0, Binning=4). (at gfa_actions.py)
2025-03-17 14:17:10,627 [INFO] Grabbing image from camera 1, ExpTime=1.0 (at gfa_actions.py)
2025-03-17 14:17:10,628 [DEBUG] Camera 1 IP: 192.168.9.67 (at gfa_actions.py)
2025-03-17 14:17:11,164 [DEBUG] Set exposure time: 1000000.0 μs (at gfa_actions.py)
2025-03-17 14:17:11,230 [DEBUG] Set PixelFormat Mono12 (at gfa_actions.py)
2025-03-17 14:17:11,240 [DEBUG] Set binning: 4x4 (at gfa_actions.py)
2025-03-17 14:17:12,411 [DEBUG] Max pixel value of grabbed image (Cam 1): 4095 (at gfa_actions.py)
2025-03-17 14:17:12,411 [DEBUG] FITS file will be saved to: /home/kspec/mingyeong/kspec_gfa_controller/src/img/grab/2025-03-17_14:17:10_grabone_cam1.fits (at gfa_actions.py)
2025-03-17 14:17:12,411 [DEBUG] Image array shape: (1152, 1332) (at gfa_actions.py)
2025-03-17 14:17:12,411 [WARNING] No date_obs provided. Using current date. (at gfa_actions.py)
2025-03-17 14:17:12,413 [WARNING] No time_obs provided. Using current time. (at gfa_actions.py)
2025-03-17 14:17:12,417 [DEBUG] FITS header details: SIMPLE  =                    T                                                  BITPIX  =                  -32                                                  NAXIS   =                    2                                                  NAXIS1  =                 1332                                                  NAXIS2  =                 1152                                                  CTYPE1  = 'PIXEL   '                                                            CTYPE2  = 'PIXEL   '                                                            TELESCOP= 'KMTNET  '                                                            INSTRUME= 'KSPEC-GFA'                                                           OBSERVER= 'Mingyeong'                                                           OBJECT  = 'Unknown '                                                            DATE-OBS= '2025-03-17'                                                          TIME-OBS= '14:17:12'                                                            RA      = 'UNKNOWN '                                                            DEC     = 'UNKNOWN '                                                            EXPTIME =                  1.0                                                  COMMENT FITS file created with custom header fields                             END                                                                                                                                                                                                                                                                                                                                                                                                                                                                                                                                                                                                                                                                                                                                                                                                                                                                                                                                                                                                                                                                                                                                                                                                                                                                                                                                                                                                                                                                                                                                                                              (at gfa_actions.py)
2025-03-17 14:17:12,435 [INFO] FITS file successfully saved to /home/kspec/mingyeong/kspec_gfa_controller/src/img/grab/2025-03-17_14:17:10_grabone_cam1.fits (at gfa_actions.py)
2025-03-17 14:17:12,615 [DEBUG] Exposure time for camera 1: 1.0 sec (at gfa_actions.py)
2025-03-17 14:17:12,615 [DEBUG] Process time for camera 1: 1.9868783950805664 sec (at gfa_actions.py)
2025-03-17 14:19:55,944 [INFO] Configuration file found: /home/kspec/mingyeong/kspec_gfa_controller/src/etc/cams.json (at gfa_actions.py)
2025-03-17 14:19:55,945 [INFO] Configuration file found: /home/kspec/mingyeong/kspec_gfa_controller/src/etc/astrometry_params.json (at gfa_actions.py)
2025-03-17 14:19:55,945 [INFO] Initializing gfa_controller with provided config. (at gfa_actions.py)
2025-03-17 14:19:55,945 [INFO] GfaController initialization complete. (at gfa_actions.py)
2025-03-17 14:19:55,946 [INFO] Initializing gfa_astrometry class. (at gfa_actions.py)
2025-03-17 14:19:55,946 [DEBUG] Loaded 4 FITS files. (at gfa_actions.py)
2025-03-17 14:19:55,946 [INFO] Initializing GFAGuider... (at gfa_actions.py)
2025-03-17 14:19:55,946 [DEBUG] Processed dir: /home/kspec/mingyeong/kspec_gfa_controller/src/img/procimg (at gfa_actions.py)
2025-03-17 14:19:55,946 [DEBUG] Final astro dir: /home/kspec/mingyeong/kspec_gfa_controller/src/img/astroimg/ (at gfa_actions.py)
2025-03-17 14:19:55,946 [DEBUG] Cutout dir: /home/kspec/mingyeong/kspec_gfa_controller/src/img/cutout (at gfa_actions.py)
2025-03-17 14:19:55,947 [INFO] GFAGuider setup complete. (at gfa_actions.py)
2025-03-17 14:19:55,956 [INFO] Image save path: /home/kspec/mingyeong/kspec_gfa_controller/src/img/grab (at gfa_actions.py)
2025-03-17 14:19:55,956 [INFO] Grabbing image from camera 2 (ExpTime=1.0, Binning=4). (at gfa_actions.py)
2025-03-17 14:19:55,957 [INFO] Grabbing image from camera 2, ExpTime=1.0 (at gfa_actions.py)
2025-03-17 14:19:55,957 [DEBUG] Camera 2 IP: 192.168.9.58 (at gfa_actions.py)
2025-03-17 14:19:56,453 [DEBUG] Set exposure time: 1000000.0 μs (at gfa_actions.py)
2025-03-17 14:19:56,512 [DEBUG] Set PixelFormat Mono12 (at gfa_actions.py)
2025-03-17 14:19:56,519 [DEBUG] Set binning: 4x4 (at gfa_actions.py)
2025-03-17 14:20:17,577 [ERROR] TimeoutException while grabbing image from camera 2 (at gfa_actions.py)
2025-03-17 14:20:17,580 [DEBUG] Exposure time for camera 2: 1.0 sec (at gfa_actions.py)
2025-03-17 14:20:17,580 [DEBUG] Process time for camera 2: 21.622955560684204 sec (at gfa_actions.py)
2025-03-17 14:20:28,582 [INFO] Configuration file found: /home/kspec/mingyeong/kspec_gfa_controller/src/etc/cams.json (at gfa_actions.py)
2025-03-17 14:20:28,583 [INFO] Configuration file found: /home/kspec/mingyeong/kspec_gfa_controller/src/etc/astrometry_params.json (at gfa_actions.py)
2025-03-17 14:20:28,583 [INFO] Initializing gfa_controller with provided config. (at gfa_actions.py)
2025-03-17 14:20:28,583 [INFO] GfaController initialization complete. (at gfa_actions.py)
2025-03-17 14:20:28,583 [INFO] Initializing gfa_astrometry class. (at gfa_actions.py)
2025-03-17 14:20:28,584 [DEBUG] Loaded 4 FITS files. (at gfa_actions.py)
2025-03-17 14:20:28,584 [INFO] Initializing GFAGuider... (at gfa_actions.py)
2025-03-17 14:20:28,584 [DEBUG] Processed dir: /home/kspec/mingyeong/kspec_gfa_controller/src/img/procimg (at gfa_actions.py)
2025-03-17 14:20:28,584 [DEBUG] Final astro dir: /home/kspec/mingyeong/kspec_gfa_controller/src/img/astroimg/ (at gfa_actions.py)
2025-03-17 14:20:28,584 [DEBUG] Cutout dir: /home/kspec/mingyeong/kspec_gfa_controller/src/img/cutout (at gfa_actions.py)
2025-03-17 14:20:28,584 [INFO] GFAGuider setup complete. (at gfa_actions.py)
2025-03-17 14:20:28,600 [INFO] Image save path: /home/kspec/mingyeong/kspec_gfa_controller/src/img/grab (at gfa_actions.py)
2025-03-17 14:20:28,601 [INFO] Grabbing image from camera 2 (ExpTime=1.0, Binning=4). (at gfa_actions.py)
2025-03-17 14:20:28,601 [INFO] Grabbing image from camera 2, ExpTime=1.0 (at gfa_actions.py)
2025-03-17 14:20:28,601 [DEBUG] Camera 2 IP: 192.168.9.58 (at gfa_actions.py)
2025-03-17 14:20:29,098 [DEBUG] Set exposure time: 1000000.0 μs (at gfa_actions.py)
2025-03-17 14:20:29,163 [DEBUG] Set PixelFormat Mono12 (at gfa_actions.py)
2025-03-17 14:20:29,170 [DEBUG] Set binning: 4x4 (at gfa_actions.py)
2025-03-17 14:20:50,186 [ERROR] TimeoutException while grabbing image from camera 2 (at gfa_actions.py)
2025-03-17 14:20:50,189 [DEBUG] Exposure time for camera 2: 1.0 sec (at gfa_actions.py)
2025-03-17 14:20:50,189 [DEBUG] Process time for camera 2: 21.587307453155518 sec (at gfa_actions.py)
2025-03-17 14:21:01,540 [INFO] Configuration file found: /home/kspec/mingyeong/kspec_gfa_controller/src/etc/cams.json (at gfa_actions.py)
2025-03-17 14:21:01,540 [INFO] Configuration file found: /home/kspec/mingyeong/kspec_gfa_controller/src/etc/astrometry_params.json (at gfa_actions.py)
2025-03-17 14:21:01,541 [INFO] Initializing gfa_controller with provided config. (at gfa_actions.py)
2025-03-17 14:21:01,541 [INFO] GfaController initialization complete. (at gfa_actions.py)
2025-03-17 14:21:01,541 [INFO] Initializing gfa_astrometry class. (at gfa_actions.py)
2025-03-17 14:21:01,542 [DEBUG] Loaded 4 FITS files. (at gfa_actions.py)
2025-03-17 14:21:01,542 [INFO] Initializing GFAGuider... (at gfa_actions.py)
2025-03-17 14:21:01,542 [DEBUG] Processed dir: /home/kspec/mingyeong/kspec_gfa_controller/src/img/procimg (at gfa_actions.py)
2025-03-17 14:21:01,542 [DEBUG] Final astro dir: /home/kspec/mingyeong/kspec_gfa_controller/src/img/astroimg/ (at gfa_actions.py)
2025-03-17 14:21:01,542 [DEBUG] Cutout dir: /home/kspec/mingyeong/kspec_gfa_controller/src/img/cutout (at gfa_actions.py)
2025-03-17 14:21:01,542 [INFO] GFAGuider setup complete. (at gfa_actions.py)
2025-03-17 14:21:01,552 [INFO] Image save path: /home/kspec/mingyeong/kspec_gfa_controller/src/img/grab (at gfa_actions.py)
2025-03-17 14:21:01,552 [INFO] Grabbing image from ALL cameras (ExpTime=1.0, Binning=4). (at gfa_actions.py)
2025-03-17 14:21:01,553 [INFO] Grabbing images from ALL cameras, ExpTime=1.0 (at gfa_actions.py)
2025-03-17 14:21:01,553 [DEBUG] Camera 1 IP: 192.168.9.67 (at gfa_actions.py)
2025-03-17 14:21:01,553 [DEBUG] Camera 2 IP: 192.168.9.58 (at gfa_actions.py)
2025-03-17 14:21:01,553 [DEBUG] Camera 3 IP: 192.168.9.34 (at gfa_actions.py)
2025-03-17 14:21:01,553 [DEBUG] Camera 4 IP: 192.168.9.63 (at gfa_actions.py)
2025-03-17 14:21:01,553 [DEBUG] Camera 5 IP: 192.168.9.31 (at gfa_actions.py)
2025-03-17 14:21:01,553 [DEBUG] Camera 6 IP: 192.168.9.33 (at gfa_actions.py)
2025-03-17 14:21:03,580 [ERROR] Error occurred: No device is available or no device contains the provided device info properties. : RuntimeException thrown (file 'TlFactory.cpp', line 694) (at gfa_actions.py)
2025-03-17 14:21:03,580 [DEBUG] Opened camera: 40074358 (at gfa_actions.py)
2025-03-17 14:21:03,582 [DEBUG] Opened camera: 40103833 (at gfa_actions.py)
2025-03-17 14:21:04,979 [INFO] Image grabbed from camera: 40103833 (at gfa_actions.py)
2025-03-17 14:21:04,979 [DEBUG] Max pixel value of grabbed image (Cam <pypylon.pylon.DeviceInfo; proxy of <Swig Object of type 'Pylon::CDeviceInfo *' at 0x752ee4a50ae0> >): 4095 (at gfa_actions.py)
2025-03-17 14:21:04,979 [DEBUG] FITS file will be saved to: /home/kspec/mingyeong/kspec_gfa_controller/src/img/grab/2025-03-17_14:21:03_grab_cam_40103833.fits (at gfa_actions.py)
2025-03-17 14:21:04,980 [DEBUG] Image array shape: (1152, 1332) (at gfa_actions.py)
2025-03-17 14:21:04,980 [WARNING] No date_obs provided. Using current date. (at gfa_actions.py)
2025-03-17 14:21:04,980 [WARNING] No time_obs provided. Using current time. (at gfa_actions.py)
2025-03-17 14:21:04,981 [DEBUG] FITS header details: SIMPLE  =                    T                                                  BITPIX  =                  -32                                                  NAXIS   =                    2                                                  NAXIS1  =                 1332                                                  NAXIS2  =                 1152                                                  CTYPE1  = 'PIXEL   '                                                            CTYPE2  = 'PIXEL   '                                                            TELESCOP= 'KMTNET  '                                                            INSTRUME= 'KSPEC-GFA'                                                           OBSERVER= 'Mingyeong'                                                           OBJECT  = 'Unknown '                                                            DATE-OBS= '2025-03-17'                                                          TIME-OBS= '14:21:04'                                                            RA      = 'UNKNOWN '                                                            DEC     = 'UNKNOWN '                                                            EXPTIME =                  1.0                                                  COMMENT FITS file created with custom header fields                             END                                                                                                                                                                                                                                                                                                                                                                                                                                                                                                                                                                                                                                                                                                                                                                                                                                                                                                                                                                                                                                                                                                                                                                                                                                                                                                                                                                                                                                                                                                                                                                              (at gfa_actions.py)
2025-03-17 14:21:04,995 [INFO] FITS file successfully saved to /home/kspec/mingyeong/kspec_gfa_controller/src/img/grab/2025-03-17_14:21:03_grab_cam_40103833.fits (at gfa_actions.py)
2025-03-17 14:21:05,179 [DEBUG] Closed camera: 40103833 (at gfa_actions.py)
2025-03-17 14:21:19,701 [ERROR] TimeoutException while grabbing image from camera 40074358 (at gfa_actions.py)
2025-03-17 14:21:19,703 [INFO] Timeout occurred for camera 40074358 (at gfa_actions.py)
2025-03-17 14:22:02,167 [INFO] Configuration file found: /home/kspec/mingyeong/kspec_gfa_controller/src/etc/cams.json (at gfa_actions.py)
2025-03-17 14:22:02,168 [INFO] Configuration file found: /home/kspec/mingyeong/kspec_gfa_controller/src/etc/astrometry_params.json (at gfa_actions.py)
2025-03-17 14:22:02,168 [INFO] Initializing gfa_controller with provided config. (at gfa_actions.py)
2025-03-17 14:22:02,169 [INFO] GfaController initialization complete. (at gfa_actions.py)
2025-03-17 14:22:02,169 [INFO] Initializing gfa_astrometry class. (at gfa_actions.py)
2025-03-17 14:22:02,170 [DEBUG] Loaded 4 FITS files. (at gfa_actions.py)
2025-03-17 14:22:02,170 [INFO] Initializing GFAGuider... (at gfa_actions.py)
2025-03-17 14:22:02,170 [DEBUG] Processed dir: /home/kspec/mingyeong/kspec_gfa_controller/src/img/procimg (at gfa_actions.py)
2025-03-17 14:22:02,170 [DEBUG] Final astro dir: /home/kspec/mingyeong/kspec_gfa_controller/src/img/astroimg/ (at gfa_actions.py)
2025-03-17 14:22:02,170 [DEBUG] Cutout dir: /home/kspec/mingyeong/kspec_gfa_controller/src/img/cutout (at gfa_actions.py)
2025-03-17 14:22:02,170 [INFO] GFAGuider setup complete. (at gfa_actions.py)
2025-03-17 14:22:02,187 [INFO] Image save path: /home/kspec/mingyeong/kspec_gfa_controller/src/img/grab (at gfa_actions.py)
2025-03-17 14:22:02,188 [INFO] Grabbing image from ALL cameras (ExpTime=1.0, Binning=4). (at gfa_actions.py)
2025-03-17 14:22:02,188 [INFO] Grabbing images from ALL cameras, ExpTime=1.0 (at gfa_actions.py)
2025-03-17 14:22:02,188 [DEBUG] Camera 1 IP: 192.168.9.67 (at gfa_actions.py)
2025-03-17 14:22:02,188 [DEBUG] Camera 2 IP: 192.168.9.58 (at gfa_actions.py)
2025-03-17 14:22:02,188 [DEBUG] Camera 3 IP: 192.168.9.34 (at gfa_actions.py)
2025-03-17 14:22:02,188 [DEBUG] Camera 4 IP: 192.168.9.63 (at gfa_actions.py)
2025-03-17 14:22:02,188 [DEBUG] Camera 5 IP: 192.168.9.31 (at gfa_actions.py)
2025-03-17 14:22:02,188 [DEBUG] Camera 6 IP: 192.168.9.33 (at gfa_actions.py)
2025-03-17 14:22:04,218 [ERROR] Error occurred: No device is available or no device contains the provided device info properties. : RuntimeException thrown (file 'TlFactory.cpp', line 694) (at gfa_actions.py)
2025-03-17 14:22:04,218 [DEBUG] Opened camera: 40074358 (at gfa_actions.py)
2025-03-17 14:22:04,221 [DEBUG] Opened camera: 40103833 (at gfa_actions.py)
2025-03-17 14:22:05,619 [INFO] Image grabbed from camera: 40103833 (at gfa_actions.py)
2025-03-17 14:22:05,619 [DEBUG] Max pixel value of grabbed image (Cam <pypylon.pylon.DeviceInfo; proxy of <Swig Object of type 'Pylon::CDeviceInfo *' at 0x70b981678e70> >): 4095 (at gfa_actions.py)
2025-03-17 14:22:05,619 [DEBUG] FITS file will be saved to: /home/kspec/mingyeong/kspec_gfa_controller/src/img/grab/2025-03-17_14:22:03_grab_cam_40103833.fits (at gfa_actions.py)
2025-03-17 14:22:05,619 [DEBUG] Image array shape: (1152, 1332) (at gfa_actions.py)
2025-03-17 14:22:05,620 [WARNING] No date_obs provided. Using current date. (at gfa_actions.py)
2025-03-17 14:22:05,620 [WARNING] No time_obs provided. Using current time. (at gfa_actions.py)
2025-03-17 14:22:05,621 [DEBUG] FITS header details: SIMPLE  =                    T                                                  BITPIX  =                  -32                                                  NAXIS   =                    2                                                  NAXIS1  =                 1332                                                  NAXIS2  =                 1152                                                  CTYPE1  = 'PIXEL   '                                                            CTYPE2  = 'PIXEL   '                                                            TELESCOP= 'KMTNET  '                                                            INSTRUME= 'KSPEC-GFA'                                                           OBSERVER= 'Mingyeong'                                                           OBJECT  = 'Unknown '                                                            DATE-OBS= '2025-03-17'                                                          TIME-OBS= '14:22:05'                                                            RA      = 'UNKNOWN '                                                            DEC     = 'UNKNOWN '                                                            EXPTIME =                  1.0                                                  COMMENT FITS file created with custom header fields                             END                                                                                                                                                                                                                                                                                                                                                                                                                                                                                                                                                                                                                                                                                                                                                                                                                                                                                                                                                                                                                                                                                                                                                                                                                                                                                                                                                                                                                                                                                                                                                                              (at gfa_actions.py)
2025-03-17 14:22:05,631 [INFO] FITS file successfully saved to /home/kspec/mingyeong/kspec_gfa_controller/src/img/grab/2025-03-17_14:22:03_grab_cam_40103833.fits (at gfa_actions.py)
2025-03-17 14:22:05,814 [DEBUG] Closed camera: 40103833 (at gfa_actions.py)
2025-03-17 14:22:20,347 [ERROR] TimeoutException while grabbing image from camera 40074358 (at gfa_actions.py)
2025-03-17 14:22:20,350 [INFO] Timeout occurred for camera 40074358 (at gfa_actions.py)
2025-03-17 14:22:33,491 [INFO] Configuration file found: /home/kspec/mingyeong/kspec_gfa_controller/src/etc/cams.json (at gfa_actions.py)
2025-03-17 14:22:33,492 [INFO] Configuration file found: /home/kspec/mingyeong/kspec_gfa_controller/src/etc/astrometry_params.json (at gfa_actions.py)
2025-03-17 14:22:33,492 [INFO] Initializing gfa_controller with provided config. (at gfa_actions.py)
2025-03-17 14:22:33,493 [INFO] GfaController initialization complete. (at gfa_actions.py)
2025-03-17 14:22:33,494 [INFO] Initializing gfa_astrometry class. (at gfa_actions.py)
2025-03-17 14:22:33,494 [DEBUG] Loaded 4 FITS files. (at gfa_actions.py)
2025-03-17 14:22:33,494 [INFO] Initializing GFAGuider... (at gfa_actions.py)
2025-03-17 14:22:33,495 [DEBUG] Processed dir: /home/kspec/mingyeong/kspec_gfa_controller/src/img/procimg (at gfa_actions.py)
2025-03-17 14:22:33,495 [DEBUG] Final astro dir: /home/kspec/mingyeong/kspec_gfa_controller/src/img/astroimg/ (at gfa_actions.py)
2025-03-17 14:22:33,495 [DEBUG] Cutout dir: /home/kspec/mingyeong/kspec_gfa_controller/src/img/cutout (at gfa_actions.py)
2025-03-17 14:22:33,495 [INFO] GFAGuider setup complete. (at gfa_actions.py)
2025-03-17 14:22:33,504 [INFO] Image save path: /home/kspec/mingyeong/kspec_gfa_controller/src/img/grab (at gfa_actions.py)
2025-03-17 14:22:33,505 [INFO] Grabbing image from camera 3 (ExpTime=1.0, Binning=4). (at gfa_actions.py)
2025-03-17 14:22:33,505 [INFO] Grabbing image from camera 3, ExpTime=1.0 (at gfa_actions.py)
2025-03-17 14:22:33,505 [DEBUG] Camera 3 IP: 192.168.9.34 (at gfa_actions.py)
2025-03-17 14:22:33,759 [ERROR] Error occurred: No device is available or no device contains the provided device info properties. : RuntimeException thrown (file 'TlFactory.cpp', line 694) (at gfa_actions.py)
2025-03-17 14:22:36,918 [INFO] Configuration file found: /home/kspec/mingyeong/kspec_gfa_controller/src/etc/cams.json (at gfa_actions.py)
2025-03-17 14:22:36,919 [INFO] Configuration file found: /home/kspec/mingyeong/kspec_gfa_controller/src/etc/astrometry_params.json (at gfa_actions.py)
2025-03-17 14:22:36,919 [INFO] Initializing gfa_controller with provided config. (at gfa_actions.py)
2025-03-17 14:22:36,920 [INFO] GfaController initialization complete. (at gfa_actions.py)
2025-03-17 14:22:36,920 [INFO] Initializing gfa_astrometry class. (at gfa_actions.py)
2025-03-17 14:22:36,920 [DEBUG] Loaded 4 FITS files. (at gfa_actions.py)
2025-03-17 14:22:36,920 [INFO] Initializing GFAGuider... (at gfa_actions.py)
2025-03-17 14:22:36,921 [DEBUG] Processed dir: /home/kspec/mingyeong/kspec_gfa_controller/src/img/procimg (at gfa_actions.py)
2025-03-17 14:22:36,921 [DEBUG] Final astro dir: /home/kspec/mingyeong/kspec_gfa_controller/src/img/astroimg/ (at gfa_actions.py)
2025-03-17 14:22:36,921 [DEBUG] Cutout dir: /home/kspec/mingyeong/kspec_gfa_controller/src/img/cutout (at gfa_actions.py)
2025-03-17 14:22:36,921 [INFO] GFAGuider setup complete. (at gfa_actions.py)
2025-03-17 14:22:36,937 [INFO] Image save path: /home/kspec/mingyeong/kspec_gfa_controller/src/img/grab (at gfa_actions.py)
2025-03-17 14:22:36,938 [INFO] Grabbing image from camera 3 (ExpTime=1.0, Binning=4). (at gfa_actions.py)
2025-03-17 14:22:36,939 [INFO] Grabbing image from camera 3, ExpTime=1.0 (at gfa_actions.py)
2025-03-17 14:22:36,939 [DEBUG] Camera 3 IP: 192.168.9.34 (at gfa_actions.py)
2025-03-17 14:22:37,207 [ERROR] Error occurred: No device is available or no device contains the provided device info properties. : RuntimeException thrown (file 'TlFactory.cpp', line 694) (at gfa_actions.py)
2025-03-17 14:22:54,705 [INFO] Configuration file found: /home/kspec/mingyeong/kspec_gfa_controller/src/etc/cams.json (at gfa_actions.py)
2025-03-17 14:22:54,705 [INFO] Configuration file found: /home/kspec/mingyeong/kspec_gfa_controller/src/etc/astrometry_params.json (at gfa_actions.py)
2025-03-17 14:22:54,706 [INFO] Initializing gfa_controller with provided config. (at gfa_actions.py)
2025-03-17 14:22:54,706 [INFO] GfaController initialization complete. (at gfa_actions.py)
2025-03-17 14:22:54,706 [INFO] Initializing gfa_astrometry class. (at gfa_actions.py)
2025-03-17 14:22:54,707 [DEBUG] Loaded 4 FITS files. (at gfa_actions.py)
2025-03-17 14:22:54,707 [INFO] Initializing GFAGuider... (at gfa_actions.py)
2025-03-17 14:22:54,707 [DEBUG] Processed dir: /home/kspec/mingyeong/kspec_gfa_controller/src/img/procimg (at gfa_actions.py)
2025-03-17 14:22:54,707 [DEBUG] Final astro dir: /home/kspec/mingyeong/kspec_gfa_controller/src/img/astroimg/ (at gfa_actions.py)
2025-03-17 14:22:54,707 [DEBUG] Cutout dir: /home/kspec/mingyeong/kspec_gfa_controller/src/img/cutout (at gfa_actions.py)
2025-03-17 14:22:54,707 [INFO] GFAGuider setup complete. (at gfa_actions.py)
2025-03-17 14:22:54,716 [INFO] Image save path: /home/kspec/mingyeong/kspec_gfa_controller/src/img/grab (at gfa_actions.py)
2025-03-17 14:22:54,717 [INFO] Grabbing image from camera 2 (ExpTime=1.0, Binning=4). (at gfa_actions.py)
2025-03-17 14:22:54,717 [INFO] Grabbing image from camera 2, ExpTime=1.0 (at gfa_actions.py)
2025-03-17 14:22:54,717 [DEBUG] Camera 2 IP: 192.168.9.58 (at gfa_actions.py)
2025-03-17 14:22:55,220 [DEBUG] Set exposure time: 1000000.0 μs (at gfa_actions.py)
2025-03-17 14:22:55,283 [DEBUG] Set PixelFormat Mono12 (at gfa_actions.py)
2025-03-17 14:22:55,290 [DEBUG] Set binning: 4x4 (at gfa_actions.py)
2025-03-17 14:23:17,985 [ERROR] TimeoutException while grabbing image from camera 2 (at gfa_actions.py)
2025-03-17 14:23:17,986 [DEBUG] Exposure time for camera 2: 1.0 sec (at gfa_actions.py)
2025-03-17 14:23:17,986 [DEBUG] Process time for camera 2: 23.268845081329346 sec (at gfa_actions.py)
2025-03-17 14:24:00,220 [INFO] Configuration file found: /home/kspec/mingyeong/kspec_gfa_controller/src/etc/cams.json (at gfa_actions.py)
2025-03-17 14:24:00,220 [INFO] Configuration file found: /home/kspec/mingyeong/kspec_gfa_controller/src/etc/astrometry_params.json (at gfa_actions.py)
2025-03-17 14:24:00,221 [INFO] Initializing gfa_controller with provided config. (at gfa_actions.py)
2025-03-17 14:24:00,221 [INFO] GfaController initialization complete. (at gfa_actions.py)
2025-03-17 14:24:00,221 [INFO] Initializing gfa_astrometry class. (at gfa_actions.py)
2025-03-17 14:24:00,222 [DEBUG] Loaded 4 FITS files. (at gfa_actions.py)
2025-03-17 14:24:00,222 [INFO] Initializing GFAGuider... (at gfa_actions.py)
2025-03-17 14:24:00,222 [DEBUG] Processed dir: /home/kspec/mingyeong/kspec_gfa_controller/src/img/procimg (at gfa_actions.py)
2025-03-17 14:24:00,222 [DEBUG] Final astro dir: /home/kspec/mingyeong/kspec_gfa_controller/src/img/astroimg/ (at gfa_actions.py)
2025-03-17 14:24:00,222 [DEBUG] Cutout dir: /home/kspec/mingyeong/kspec_gfa_controller/src/img/cutout (at gfa_actions.py)
2025-03-17 14:24:00,222 [INFO] GFAGuider setup complete. (at gfa_actions.py)
2025-03-17 14:24:00,231 [INFO] Image save path: /home/kspec/mingyeong/kspec_gfa_controller/src/img/grab (at gfa_actions.py)
2025-03-17 14:24:00,231 [INFO] Grabbing image from ALL cameras (ExpTime=1.0, Binning=4). (at gfa_actions.py)
2025-03-17 14:24:00,232 [INFO] Grabbing images from ALL cameras, ExpTime=1.0 (at gfa_actions.py)
2025-03-17 14:24:00,232 [DEBUG] Camera 1 IP: 192.168.9.67 (at gfa_actions.py)
2025-03-17 14:24:00,232 [DEBUG] Camera 2 IP: 192.168.9.58 (at gfa_actions.py)
2025-03-17 14:24:00,232 [DEBUG] Camera 3 IP: 192.168.9.34 (at gfa_actions.py)
2025-03-17 14:24:00,232 [DEBUG] Camera 4 IP: 192.168.9.63 (at gfa_actions.py)
2025-03-17 14:24:00,232 [DEBUG] Camera 5 IP: 192.168.9.31 (at gfa_actions.py)
2025-03-17 14:24:00,232 [DEBUG] Camera 6 IP: 192.168.9.33 (at gfa_actions.py)
2025-03-17 14:24:02,030 [ERROR] Error occurred: No device is available or no device contains the provided device info properties. : RuntimeException thrown (file 'TlFactory.cpp', line 694) (at gfa_actions.py)
2025-03-17 14:24:02,032 [DEBUG] Opened camera: 40103833 (at gfa_actions.py)
2025-03-17 14:24:03,429 [INFO] Image grabbed from camera: 40103833 (at gfa_actions.py)
2025-03-17 14:24:03,430 [DEBUG] Max pixel value of grabbed image (Cam <pypylon.pylon.DeviceInfo; proxy of <Swig Object of type 'Pylon::CDeviceInfo *' at 0x734beef04060> >): 4095 (at gfa_actions.py)
2025-03-17 14:24:03,430 [DEBUG] FITS file will be saved to: /home/kspec/mingyeong/kspec_gfa_controller/src/img/grab/2025-03-17_14:24:01_grab_cam_40103833.fits (at gfa_actions.py)
2025-03-17 14:24:03,430 [DEBUG] Image array shape: (1152, 1332) (at gfa_actions.py)
2025-03-17 14:24:03,430 [WARNING] No date_obs provided. Using current date. (at gfa_actions.py)
2025-03-17 14:24:03,430 [WARNING] No time_obs provided. Using current time. (at gfa_actions.py)
2025-03-17 14:24:03,431 [DEBUG] FITS header details: SIMPLE  =                    T                                                  BITPIX  =                  -32                                                  NAXIS   =                    2                                                  NAXIS1  =                 1332                                                  NAXIS2  =                 1152                                                  CTYPE1  = 'PIXEL   '                                                            CTYPE2  = 'PIXEL   '                                                            TELESCOP= 'KMTNET  '                                                            INSTRUME= 'KSPEC-GFA'                                                           OBSERVER= 'Mingyeong'                                                           OBJECT  = 'Unknown '                                                            DATE-OBS= '2025-03-17'                                                          TIME-OBS= '14:24:03'                                                            RA      = 'UNKNOWN '                                                            DEC     = 'UNKNOWN '                                                            EXPTIME =                  1.0                                                  COMMENT FITS file created with custom header fields                             END                                                                                                                                                                                                                                                                                                                                                                                                                                                                                                                                                                                                                                                                                                                                                                                                                                                                                                                                                                                                                                                                                                                                                                                                                                                                                                                                                                                                                                                                                                                                                                              (at gfa_actions.py)
2025-03-17 14:24:03,439 [INFO] FITS file successfully saved to /home/kspec/mingyeong/kspec_gfa_controller/src/img/grab/2025-03-17_14:24:01_grab_cam_40103833.fits (at gfa_actions.py)
2025-03-17 14:24:03,629 [DEBUG] Closed camera: 40103833 (at gfa_actions.py)
2025-03-17 14:24:15,474 [INFO] Configuration file found: /home/kspec/mingyeong/kspec_gfa_controller/src/etc/cams.json (at gfa_actions.py)
2025-03-17 14:24:15,475 [INFO] Configuration file found: /home/kspec/mingyeong/kspec_gfa_controller/src/etc/astrometry_params.json (at gfa_actions.py)
2025-03-17 14:24:15,475 [INFO] Initializing gfa_controller with provided config. (at gfa_actions.py)
2025-03-17 14:24:15,476 [INFO] GfaController initialization complete. (at gfa_actions.py)
2025-03-17 14:24:15,476 [INFO] Initializing gfa_astrometry class. (at gfa_actions.py)
2025-03-17 14:24:15,476 [DEBUG] Loaded 4 FITS files. (at gfa_actions.py)
2025-03-17 14:24:15,476 [INFO] Initializing GFAGuider... (at gfa_actions.py)
2025-03-17 14:24:15,477 [DEBUG] Processed dir: /home/kspec/mingyeong/kspec_gfa_controller/src/img/procimg (at gfa_actions.py)
2025-03-17 14:24:15,477 [DEBUG] Final astro dir: /home/kspec/mingyeong/kspec_gfa_controller/src/img/astroimg/ (at gfa_actions.py)
2025-03-17 14:24:15,477 [DEBUG] Cutout dir: /home/kspec/mingyeong/kspec_gfa_controller/src/img/cutout (at gfa_actions.py)
2025-03-17 14:24:15,477 [INFO] GFAGuider setup complete. (at gfa_actions.py)
2025-03-17 14:24:15,486 [INFO] Image save path: /home/kspec/mingyeong/kspec_gfa_controller/src/img/grab (at gfa_actions.py)
2025-03-17 14:24:15,486 [INFO] Grabbing image from ALL cameras (ExpTime=1.0, Binning=4). (at gfa_actions.py)
2025-03-17 14:24:15,487 [INFO] Grabbing images from ALL cameras, ExpTime=1.0 (at gfa_actions.py)
2025-03-17 14:24:15,487 [DEBUG] Camera 1 IP: 192.168.9.67 (at gfa_actions.py)
2025-03-17 14:24:15,487 [DEBUG] Camera 2 IP: 192.168.9.58 (at gfa_actions.py)
2025-03-17 14:24:15,487 [DEBUG] Camera 3 IP: 192.168.9.34 (at gfa_actions.py)
2025-03-17 14:24:15,487 [DEBUG] Camera 4 IP: 192.168.9.63 (at gfa_actions.py)
2025-03-17 14:24:15,487 [DEBUG] Camera 5 IP: 192.168.9.31 (at gfa_actions.py)
2025-03-17 14:24:15,487 [DEBUG] Camera 6 IP: 192.168.9.33 (at gfa_actions.py)
2025-03-17 14:24:17,553 [ERROR] Error occurred: No device is available or no device contains the provided device info properties. : RuntimeException thrown (file 'TlFactory.cpp', line 694) (at gfa_actions.py)
2025-03-17 14:24:17,553 [DEBUG] Opened camera: 40103834 (at gfa_actions.py)
2025-03-17 14:24:17,555 [DEBUG] Opened camera: 40103833 (at gfa_actions.py)
2025-03-17 14:24:18,834 [INFO] Image grabbed from camera: 40103834 (at gfa_actions.py)
2025-03-17 14:24:18,834 [DEBUG] Max pixel value of grabbed image (Cam <pypylon.pylon.DeviceInfo; proxy of <Swig Object of type 'Pylon::CDeviceInfo *' at 0x714f58c12190> >): 4095 (at gfa_actions.py)
2025-03-17 14:24:18,834 [DEBUG] FITS file will be saved to: /home/kspec/mingyeong/kspec_gfa_controller/src/img/grab/2025-03-17_14:24:16_grab_cam_40103834.fits (at gfa_actions.py)
2025-03-17 14:24:18,834 [DEBUG] Image array shape: (1152, 1332) (at gfa_actions.py)
2025-03-17 14:24:18,834 [WARNING] No date_obs provided. Using current date. (at gfa_actions.py)
2025-03-17 14:24:18,835 [WARNING] No time_obs provided. Using current time. (at gfa_actions.py)
2025-03-17 14:24:18,835 [DEBUG] FITS header details: SIMPLE  =                    T                                                  BITPIX  =                  -32                                                  NAXIS   =                    2                                                  NAXIS1  =                 1332                                                  NAXIS2  =                 1152                                                  CTYPE1  = 'PIXEL   '                                                            CTYPE2  = 'PIXEL   '                                                            TELESCOP= 'KMTNET  '                                                            INSTRUME= 'KSPEC-GFA'                                                           OBSERVER= 'Mingyeong'                                                           OBJECT  = 'Unknown '                                                            DATE-OBS= '2025-03-17'                                                          TIME-OBS= '14:24:18'                                                            RA      = 'UNKNOWN '                                                            DEC     = 'UNKNOWN '                                                            EXPTIME =                  1.0                                                  COMMENT FITS file created with custom header fields                             END                                                                                                                                                                                                                                                                                                                                                                                                                                                                                                                                                                                                                                                                                                                                                                                                                                                                                                                                                                                                                                                                                                                                                                                                                                                                                                                                                                                                                                                                                                                                                                              (at gfa_actions.py)
2025-03-17 14:24:18,844 [INFO] FITS file successfully saved to /home/kspec/mingyeong/kspec_gfa_controller/src/img/grab/2025-03-17_14:24:16_grab_cam_40103834.fits (at gfa_actions.py)
2025-03-17 14:24:19,029 [INFO] Image grabbed from camera: 40103833 (at gfa_actions.py)
2025-03-17 14:24:19,030 [DEBUG] Max pixel value of grabbed image (Cam <pypylon.pylon.DeviceInfo; proxy of <Swig Object of type 'Pylon::CDeviceInfo *' at 0x714f58c88210> >): 4095 (at gfa_actions.py)
2025-03-17 14:24:19,030 [DEBUG] FITS file will be saved to: /home/kspec/mingyeong/kspec_gfa_controller/src/img/grab/2025-03-17_14:24:17_grab_cam_40103833.fits (at gfa_actions.py)
2025-03-17 14:24:19,030 [DEBUG] Image array shape: (1152, 1332) (at gfa_actions.py)
2025-03-17 14:24:19,030 [WARNING] No date_obs provided. Using current date. (at gfa_actions.py)
2025-03-17 14:24:19,030 [WARNING] No time_obs provided. Using current time. (at gfa_actions.py)
2025-03-17 14:24:19,031 [DEBUG] FITS header details: SIMPLE  =                    T                                                  BITPIX  =                  -32                                                  NAXIS   =                    2                                                  NAXIS1  =                 1332                                                  NAXIS2  =                 1152                                                  CTYPE1  = 'PIXEL   '                                                            CTYPE2  = 'PIXEL   '                                                            TELESCOP= 'KMTNET  '                                                            INSTRUME= 'KSPEC-GFA'                                                           OBSERVER= 'Mingyeong'                                                           OBJECT  = 'Unknown '                                                            DATE-OBS= '2025-03-17'                                                          TIME-OBS= '14:24:19'                                                            RA      = 'UNKNOWN '                                                            DEC     = 'UNKNOWN '                                                            EXPTIME =                  1.0                                                  COMMENT FITS file created with custom header fields                             END                                                                                                                                                                                                                                                                                                                                                                                                                                                                                                                                                                                                                                                                                                                                                                                                                                                                                                                                                                                                                                                                                                                                                                                                                                                                                                                                                                                                                                                                                                                                                                              (at gfa_actions.py)
2025-03-17 14:24:19,035 [INFO] FITS file successfully saved to /home/kspec/mingyeong/kspec_gfa_controller/src/img/grab/2025-03-17_14:24:17_grab_cam_40103833.fits (at gfa_actions.py)
2025-03-17 14:24:19,205 [DEBUG] Closed camera: 40103834 (at gfa_actions.py)
2025-03-17 14:24:19,209 [DEBUG] Closed camera: 40103833 (at gfa_actions.py)
