2025-06-04 11:43:11,163 [INFO] Configuration file found: /home/kspec/sanghyunc/KSPEC_ICS/GFA/Simul/kspec_gfa_controller/src/etc/cams.json (at gfa_actions.py)
2025-06-04 11:43:11,163 [INFO] Configuration file found: /home/kspec/sanghyunc/KSPEC_ICS/GFA/Simul/kspec_gfa_controller/src/etc/astrometry_params.json (at gfa_actions.py)
2025-06-04 11:43:11,163 [INFO] Initializing gfa_astrometry class. (at gfa_actions.py)
2025-06-04 11:43:11,163 [INFO] Loaded 0 FITS files. (at gfa_actions.py)
2025-06-04 11:43:11,163 [INFO] Initializing GFAGuider... (at gfa_actions.py)
2025-06-04 11:43:11,163 [INFO] GFAGuider setup complete. (at gfa_actions.py)
2025-06-04 11:43:20,583 [INFO] Guiding starts... (at gfa_actions.py)
2025-06-04 11:43:20,583 [INFO] Step #1: Grab an image (uncomment if needed). (at gfa_actions.py)
2025-06-04 11:43:25,594 [INFO] Step #2: Astrometry... (at gfa_actions.py)
2025-06-04 11:43:25,594 [WARNING] ttttt No FITS files found. Exiting preprocessing. (at gfa_actions.py)
2025-06-04 11:43:25,594 [INFO] Step #3: Calculating the offset... (at gfa_actions.py)
2025-06-04 11:43:25,594 [ERROR] Error occurred during guiding: name 'fdx' is not defined (at gfa_actions.py)
2025-06-04 11:51:51,445 [INFO] Configuration file found: /home/kspec/sanghyunc/KSPEC_ICS/GFA/Simul/kspec_gfa_controller/src/etc/cams.json (at gfa_actions.py)
2025-06-04 11:51:51,445 [INFO] Configuration file found: /home/kspec/sanghyunc/KSPEC_ICS/GFA/Simul/kspec_gfa_controller/src/etc/astrometry_params.json (at gfa_actions.py)
2025-06-04 11:51:51,445 [INFO] Initializing gfa_astrometry class. (at gfa_actions.py)
2025-06-04 11:51:51,445 [INFO] Loaded 4 FITS files. (at gfa_actions.py)
2025-06-04 11:51:51,445 [INFO] Initializing GFAGuider... (at gfa_actions.py)
2025-06-04 11:51:51,445 [INFO] GFAGuider setup complete. (at gfa_actions.py)
2025-06-04 11:51:56,346 [INFO] Guiding starts... (at gfa_actions.py)
2025-06-04 11:51:56,346 [INFO] Step #1: Grab an image (uncomment if needed). (at gfa_actions.py)
2025-06-04 11:52:01,359 [INFO] Step #2: Astrometry... (at gfa_actions.py)
2025-06-04 11:52:01,359 [INFO] Starting preprocessing for 4 files. (at gfa_actions.py)
2025-06-04 11:52:01,359 [INFO] No astrometry files found in /home/kspec/sanghyunc/KSPEC_ICS/GFA/Simul/kspec_gfa_controller/src/img/astroimg/, starting astrometric processing. (at gfa_actions.py)
2025-06-04 11:52:01,428 [INFO] Starting astrometry process for proc_KMTNgw.20230905T094050.0001.fits. (at gfa_actions.py)
2025-06-04 11:52:01,430 [INFO] Starting astrometry process for proc_KMTNgn.20230905T094050.0001.fits. (at gfa_actions.py)
2025-06-04 11:52:01,430 [INFO] Starting astrometry process for proc_KMTNgs.20230905T094050.0001.fits. (at gfa_actions.py)
2025-06-04 11:52:01,431 [INFO] Starting astrometry process for proc_KMTNge.20230905T094050.0001.fits. (at gfa_actions.py)
2025-06-04 11:52:02,430 [INFO] Astrometry results moved to /home/kspec/sanghyunc/KSPEC_ICS/GFA/Simul/kspec_gfa_controller/src/img/astroimg/astro_proc_KMTNgs.20230905T094050.0001.fits. (at gfa_actions.py)
2025-06-04 11:52:02,432 [INFO] Astrometry completed with CRVAL1: 268.543938561, CRVAL2: -32.5619156061. (at gfa_actions.py)
2025-06-04 11:52:02,432 [INFO] Combined function completed for KMTNgs.20230905T094050.0001.fits. CRVAL1: 268.543938561, CRVAL2: -32.5619156061. (at gfa_actions.py)
2025-06-04 11:52:02,691 [INFO] Astrometry results moved to /home/kspec/sanghyunc/KSPEC_ICS/GFA/Simul/kspec_gfa_controller/src/img/astroimg/astro_proc_KMTNge.20230905T094050.0001.fits. (at gfa_actions.py)
2025-06-04 11:52:02,692 [INFO] Astrometry completed with CRVAL1: 274.822403661, CRVAL2: -30.0302717159. (at gfa_actions.py)
2025-06-04 11:52:02,692 [INFO] Combined function completed for KMTNge.20230905T094050.0001.fits. CRVAL1: 274.822403661, CRVAL2: -30.0302717159. (at gfa_actions.py)
2025-06-04 11:52:03,199 [INFO] Astrometry results moved to /home/kspec/sanghyunc/KSPEC_ICS/GFA/Simul/kspec_gfa_controller/src/img/astroimg/astro_proc_KMTNgn.20230905T094050.0001.fits. (at gfa_actions.py)
2025-06-04 11:52:03,201 [INFO] Astrometry completed with CRVAL1: 268.522493699, CRVAL2: -29.9542781066. (at gfa_actions.py)
2025-06-04 11:52:03,201 [INFO] Combined function completed for KMTNgn.20230905T094050.0001.fits. CRVAL1: 268.522493699, CRVAL2: -29.9542781066. (at gfa_actions.py)
2025-06-04 11:52:04,563 [INFO] Astrometry results moved to /home/kspec/sanghyunc/KSPEC_ICS/GFA/Simul/kspec_gfa_controller/src/img/astroimg/astro_proc_KMTNgw.20230905T094050.0001.fits. (at gfa_actions.py)
2025-06-04 11:52:04,565 [INFO] Astrometry completed with CRVAL1: 271.808402152, CRVAL2: -30.0501303004. (at gfa_actions.py)
2025-06-04 11:52:04,565 [INFO] Combined function completed for KMTNgw.20230905T094050.0001.fits. CRVAL1: 271.808402152, CRVAL2: -30.0501303004. (at gfa_actions.py)
2025-06-04 11:52:04,565 [INFO] Starting star catalog generation. (at gfa_actions.py)
2025-06-04 11:52:04,582 [INFO] Star catalog generated and saved to /home/kspec/sanghyunc/KSPEC_ICS/GFA/Simul/kspec_gfa_controller/src/img/combined_star.fits. (at gfa_actions.py)
2025-06-04 11:52:04,582 [INFO] Removing temporary files. (at gfa_actions.py)
2025-06-04 11:52:04,582 [INFO] All files processed in 3.22 seconds. (at gfa_actions.py)
2025-06-04 11:52:04,582 [INFO] Preprocessing completed. (at gfa_actions.py)
2025-06-04 11:52:04,583 [INFO] Step #3: Calculating the offset... (at gfa_actions.py)
2025-06-04 11:52:04,583 [ERROR] Error occurred during guiding: name 'fdx' is not defined (at gfa_actions.py)
2025-06-04 11:55:39,604 [INFO] Configuration file found: /home/kspec/sanghyunc/KSPEC_ICS/GFA/Simul/kspec_gfa_controller/src/etc/cams.json (at gfa_actions.py)
2025-06-04 11:55:39,604 [INFO] Configuration file found: /home/kspec/sanghyunc/KSPEC_ICS/GFA/Simul/kspec_gfa_controller/src/etc/astrometry_params.json (at gfa_actions.py)
2025-06-04 11:55:39,604 [INFO] Initializing gfa_astrometry class. (at gfa_actions.py)
2025-06-04 11:55:39,604 [INFO] Loaded 0 FITS files. (at gfa_actions.py)
2025-06-04 11:55:39,604 [INFO] Initializing GFAGuider... (at gfa_actions.py)
2025-06-04 11:55:39,604 [INFO] GFAGuider setup complete. (at gfa_actions.py)
2025-06-04 11:55:44,600 [INFO] Guiding starts... (at gfa_actions.py)
2025-06-04 11:55:44,601 [INFO] Step #1: Grab an image (uncomment if needed). (at gfa_actions.py)
2025-06-04 11:55:49,616 [INFO] Step #2: Astrometry... (at gfa_actions.py)
2025-06-04 11:55:49,617 [WARNING] ttttt No FITS files found. Exiting preprocessing. (at gfa_actions.py)
2025-06-04 11:55:49,617 [INFO] Step #3: Calculating the offset... (at gfa_actions.py)
2025-06-04 11:55:49,617 [ERROR] Error occurred during guiding: name 'fdx' is not defined (at gfa_actions.py)
2025-06-04 13:38:08,681 [INFO] Configuration file found: /home/kspec/sanghyunc/KSPEC_ICS/GFA/Simul/kspec_gfa_controller/src/etc/cams.json (at gfa_actions.py)
2025-06-04 13:38:08,681 [INFO] Configuration file found: /home/kspec/sanghyunc/KSPEC_ICS/GFA/Simul/kspec_gfa_controller/src/etc/astrometry_params.json (at gfa_actions.py)
2025-06-04 13:38:08,681 [INFO] Initializing gfa_astrometry class. (at gfa_actions.py)
2025-06-04 13:38:08,681 [INFO] Loaded 0 FITS files. (at gfa_actions.py)
2025-06-04 13:38:08,681 [INFO] Initializing GFAGuider... (at gfa_actions.py)
2025-06-04 13:38:08,681 [INFO] GFAGuider setup complete. (at gfa_actions.py)
2025-06-04 13:38:12,707 [INFO] Guiding starts... (at gfa_actions.py)
2025-06-04 13:38:12,708 [INFO] Step #1: Grab an image (uncomment if needed). (at gfa_actions.py)
2025-06-04 13:38:17,718 [INFO] Step #2: Astrometry... (at gfa_actions.py)
2025-06-04 13:38:17,718 [ERROR] Error occurred during guiding: name 'filepre' is not defined (at gfa_actions.py)
2025-06-04 13:47:24,231 [INFO] Configuration file found: /home/kspec/sanghyunc/KSPEC_ICS/GFA/Simul/kspec_gfa_controller/src/etc/cams.json (at gfa_actions.py)
2025-06-04 13:47:24,231 [INFO] Configuration file found: /home/kspec/sanghyunc/KSPEC_ICS/GFA/Simul/kspec_gfa_controller/src/etc/astrometry_params.json (at gfa_actions.py)
2025-06-04 13:47:24,231 [INFO] Initializing gfa_astrometry class. (at gfa_actions.py)
2025-06-04 13:47:24,231 [INFO] Loaded 4 FITS files. (at gfa_actions.py)
2025-06-04 13:47:24,231 [INFO] Initializing GFAGuider... (at gfa_actions.py)
2025-06-04 13:47:24,231 [INFO] GFAGuider setup complete. (at gfa_actions.py)
2025-06-04 13:47:28,819 [INFO] Guiding starts... (at gfa_actions.py)
2025-06-04 13:47:28,819 [INFO] Step #1: Grab an image (uncomment if needed). (at gfa_actions.py)
2025-06-04 13:47:33,832 [INFO] Step #2: Astrometry... (at gfa_actions.py)
2025-06-04 13:47:33,833 [INFO] Starting preprocessing for 4 files. (at gfa_actions.py)
2025-06-04 13:47:33,833 [INFO] No astrometry files found in /home/kspec/sanghyunc/KSPEC_ICS/GFA/Simul/kspec_gfa_controller/src/img/astroimg/, starting astrometric processing. (at gfa_actions.py)
2025-06-04 13:47:33,943 [INFO] Starting astrometry process for proc_KMTNgn.20230905T094050.0001.fits. (at gfa_actions.py)
2025-06-04 13:47:33,949 [INFO] Starting astrometry process for proc_KMTNgs.20230905T094050.0001.fits. (at gfa_actions.py)
2025-06-04 13:47:33,950 [INFO] Starting astrometry process for proc_KMTNge.20230905T094050.0001.fits. (at gfa_actions.py)
2025-06-04 13:47:33,950 [INFO] Starting astrometry process for proc_KMTNgw.20230905T094050.0001.fits. (at gfa_actions.py)
2025-06-04 13:47:34,978 [INFO] Astrometry results moved to /home/kspec/sanghyunc/KSPEC_ICS/GFA/Simul/kspec_gfa_controller/src/img/astroimg/astro_proc_KMTNgs.20230905T094050.0001.fits. (at gfa_actions.py)
2025-06-04 13:47:34,980 [INFO] Astrometry completed with CRVAL1: 268.543938561, CRVAL2: -32.5619156061. (at gfa_actions.py)
2025-06-04 13:47:34,980 [INFO] Combined function completed for KMTNgs.20230905T094050.0001.fits. CRVAL1: 268.543938561, CRVAL2: -32.5619156061. (at gfa_actions.py)
2025-06-04 13:47:35,232 [INFO] Astrometry results moved to /home/kspec/sanghyunc/KSPEC_ICS/GFA/Simul/kspec_gfa_controller/src/img/astroimg/astro_proc_KMTNge.20230905T094050.0001.fits. (at gfa_actions.py)
2025-06-04 13:47:35,234 [INFO] Astrometry completed with CRVAL1: 274.822403661, CRVAL2: -30.0302717159. (at gfa_actions.py)
2025-06-04 13:47:35,234 [INFO] Combined function completed for KMTNge.20230905T094050.0001.fits. CRVAL1: 274.822403661, CRVAL2: -30.0302717159. (at gfa_actions.py)
2025-06-04 13:47:35,743 [INFO] Astrometry results moved to /home/kspec/sanghyunc/KSPEC_ICS/GFA/Simul/kspec_gfa_controller/src/img/astroimg/astro_proc_KMTNgn.20230905T094050.0001.fits. (at gfa_actions.py)
2025-06-04 13:47:35,745 [INFO] Astrometry completed with CRVAL1: 268.522493699, CRVAL2: -29.9542781066. (at gfa_actions.py)
2025-06-04 13:47:35,745 [INFO] Combined function completed for KMTNgn.20230905T094050.0001.fits. CRVAL1: 268.522493699, CRVAL2: -29.9542781066. (at gfa_actions.py)
2025-06-04 13:47:37,098 [INFO] Astrometry results moved to /home/kspec/sanghyunc/KSPEC_ICS/GFA/Simul/kspec_gfa_controller/src/img/astroimg/astro_proc_KMTNgw.20230905T094050.0001.fits. (at gfa_actions.py)
2025-06-04 13:47:37,100 [INFO] Astrometry completed with CRVAL1: 271.808402152, CRVAL2: -30.0501303004. (at gfa_actions.py)
2025-06-04 13:47:37,100 [INFO] Combined function completed for KMTNgw.20230905T094050.0001.fits. CRVAL1: 271.808402152, CRVAL2: -30.0501303004. (at gfa_actions.py)
2025-06-04 13:47:37,100 [INFO] Starting star catalog generation. (at gfa_actions.py)
2025-06-04 13:47:37,116 [INFO] Star catalog generated and saved to /home/kspec/sanghyunc/KSPEC_ICS/GFA/Simul/kspec_gfa_controller/src/img/combined_star.fits. (at gfa_actions.py)
2025-06-04 13:47:37,116 [INFO] Removing temporary files. (at gfa_actions.py)
2025-06-04 13:47:37,117 [INFO] All files processed in 3.28 seconds. (at gfa_actions.py)
2025-06-04 13:47:37,117 [INFO] Preprocessing completed. (at gfa_actions.py)
2025-06-04 13:47:37,117 [INFO] Step #3: Calculating the offset... (at gfa_actions.py)
2025-06-04 13:47:37,117 [ERROR] Error occurred during guiding: name 'fdx' is not defined (at gfa_actions.py)
2025-06-04 13:50:55,342 [INFO] Configuration file found: /home/kspec/sanghyunc/KSPEC_ICS/GFA/Simul/kspec_gfa_controller/src/etc/cams.json (at gfa_actions.py)
2025-06-04 13:50:55,342 [INFO] Configuration file found: /home/kspec/sanghyunc/KSPEC_ICS/GFA/Simul/kspec_gfa_controller/src/etc/astrometry_params.json (at gfa_actions.py)
2025-06-04 13:50:55,342 [INFO] Initializing gfa_astrometry class. (at gfa_actions.py)
2025-06-04 13:50:55,342 [INFO] Loaded 4 FITS files. (at gfa_actions.py)
2025-06-04 13:50:55,342 [INFO] Initializing GFAGuider... (at gfa_actions.py)
2025-06-04 13:50:55,342 [INFO] GFAGuider setup complete. (at gfa_actions.py)
2025-06-04 13:50:58,130 [INFO] Guiding starts... (at gfa_actions.py)
2025-06-04 13:50:58,130 [INFO] Step #1: Grab an image (uncomment if needed). (at gfa_actions.py)
2025-06-04 13:51:03,141 [INFO] Step #2: Astrometry... (at gfa_actions.py)
2025-06-04 13:51:03,141 [INFO] Starting preprocessing for 4 files. (at gfa_actions.py)
2025-06-04 13:51:03,141 [INFO] Astrometry data exists. Processing raw files separately. (at gfa_actions.py)
2025-06-04 13:51:03,261 [INFO] All files processed in 0.12 seconds. (at gfa_actions.py)
2025-06-04 13:51:03,262 [INFO] Preprocessing completed. (at gfa_actions.py)
2025-06-04 13:51:03,262 [INFO] Step #3: Calculating the offset... (at gfa_actions.py)
2025-06-04 13:51:03,262 [INFO] Starting guide star calibration process. (at gfa_actions.py)
2025-06-04 13:51:03,262 [INFO] Found 4 astrometry files and 4 processed files. (at gfa_actions.py)
2025-06-04 13:51:03,262 [INFO] Processing FITS: /home/kspec/sanghyunc/KSPEC_ICS/GFA/Simul/kspec_gfa_controller/src/img/astroimg/astro_proc_KMTNge.20230905T094050.0001.fits & /home/kspec/sanghyunc/KSPEC_ICS/GFA/Simul/kspec_gfa_controller/src/img/procimg/proc_KMTNge.20230905T094050.0001.fits (at gfa_actions.py)
2025-06-04 13:51:03,280 [INFO] Performing sigma clipping to derive background and stddev. (at gfa_actions.py)
2025-06-04 13:51:03,583 [INFO] Processing FITS: /home/kspec/sanghyunc/KSPEC_ICS/GFA/Simul/kspec_gfa_controller/src/img/astroimg/astro_proc_KMTNgn.20230905T094050.0001.fits & /home/kspec/sanghyunc/KSPEC_ICS/GFA/Simul/kspec_gfa_controller/src/img/procimg/proc_KMTNgn.20230905T094050.0001.fits (at gfa_actions.py)
2025-06-04 13:51:03,590 [INFO] Performing sigma clipping to derive background and stddev. (at gfa_actions.py)
2025-06-04 13:51:03,792 [INFO] Processing FITS: /home/kspec/sanghyunc/KSPEC_ICS/GFA/Simul/kspec_gfa_controller/src/img/astroimg/astro_proc_KMTNgs.20230905T094050.0001.fits & /home/kspec/sanghyunc/KSPEC_ICS/GFA/Simul/kspec_gfa_controller/src/img/procimg/proc_KMTNgs.20230905T094050.0001.fits (at gfa_actions.py)
2025-06-04 13:51:03,798 [INFO] Performing sigma clipping to derive background and stddev. (at gfa_actions.py)
2025-06-04 13:51:04,015 [INFO] Processing FITS: /home/kspec/sanghyunc/KSPEC_ICS/GFA/Simul/kspec_gfa_controller/src/img/astroimg/astro_proc_KMTNgw.20230905T094050.0001.fits & /home/kspec/sanghyunc/KSPEC_ICS/GFA/Simul/kspec_gfa_controller/src/img/procimg/proc_KMTNgw.20230905T094050.0001.fits (at gfa_actions.py)
2025-06-04 13:51:04,021 [INFO] Performing sigma clipping to derive background and stddev. (at gfa_actions.py)
2025-06-04 13:51:04,207 [WARNING] Offsets within critical threshold; returning 0, 0. (at gfa_actions.py)
2025-06-04 13:51:04,209 [INFO] FWHM: 2.50 arcsec (at gfa_actions.py)
2025-06-04 13:51:04,209 [INFO] Guide star calibration complete. Offsets => fdx=0.00000, fdy=0.00000, FWHM=2.49881 (at gfa_actions.py)
2025-06-04 13:51:04,209 [INFO] Offsets calculated: fdx= 0.0, fdy= 0.0, FWHM=2.498812930083607 arcsec (at gfa_actions.py)
2025-06-04 13:52:04,220 [INFO] Guiding starts... (at gfa_actions.py)
2025-06-04 13:52:04,220 [INFO] Step #1: Grab an image (uncomment if needed). (at gfa_actions.py)
2025-06-04 13:52:09,249 [INFO] Step #2: Astrometry... (at gfa_actions.py)
2025-06-04 13:52:09,250 [INFO] Starting preprocessing for 8 files. (at gfa_actions.py)
2025-06-04 13:52:09,250 [INFO] Astrometry data exists. Processing raw files separately. (at gfa_actions.py)
2025-06-04 13:52:09,419 [INFO] All files processed in 0.17 seconds. (at gfa_actions.py)
2025-06-04 13:52:09,419 [INFO] Preprocessing completed. (at gfa_actions.py)
2025-06-04 13:52:09,419 [INFO] Step #3: Calculating the offset... (at gfa_actions.py)
2025-06-04 13:52:09,419 [INFO] Starting guide star calibration process. (at gfa_actions.py)
2025-06-04 13:52:09,420 [INFO] Found 4 astrometry files and 8 processed files. (at gfa_actions.py)
2025-06-04 13:52:09,420 [INFO] Processing FITS: /home/kspec/sanghyunc/KSPEC_ICS/GFA/Simul/kspec_gfa_controller/src/img/astroimg/astro_proc_KMTNge.20230905T094050.0001.fits & /home/kspec/sanghyunc/KSPEC_ICS/GFA/Simul/kspec_gfa_controller/src/img/procimg/proc_KMTNge.20230905T094050.0001.fits (at gfa_actions.py)
2025-06-04 13:52:09,430 [INFO] Performing sigma clipping to derive background and stddev. (at gfa_actions.py)
2025-06-04 13:52:09,624 [INFO] Processing FITS: /home/kspec/sanghyunc/KSPEC_ICS/GFA/Simul/kspec_gfa_controller/src/img/astroimg/astro_proc_KMTNgn.20230905T094050.0001.fits & /home/kspec/sanghyunc/KSPEC_ICS/GFA/Simul/kspec_gfa_controller/src/img/procimg/proc_KMTNge.20230905T094259.0001.fits (at gfa_actions.py)
2025-06-04 13:52:09,630 [INFO] Performing sigma clipping to derive background and stddev. (at gfa_actions.py)
2025-06-04 13:52:09,841 [INFO] Processing FITS: /home/kspec/sanghyunc/KSPEC_ICS/GFA/Simul/kspec_gfa_controller/src/img/astroimg/astro_proc_KMTNgs.20230905T094050.0001.fits & /home/kspec/sanghyunc/KSPEC_ICS/GFA/Simul/kspec_gfa_controller/src/img/procimg/proc_KMTNgn.20230905T094050.0001.fits (at gfa_actions.py)
2025-06-04 13:52:09,847 [INFO] Performing sigma clipping to derive background and stddev. (at gfa_actions.py)
2025-06-04 13:52:10,057 [INFO] Processing FITS: /home/kspec/sanghyunc/KSPEC_ICS/GFA/Simul/kspec_gfa_controller/src/img/astroimg/astro_proc_KMTNgw.20230905T094050.0001.fits & /home/kspec/sanghyunc/KSPEC_ICS/GFA/Simul/kspec_gfa_controller/src/img/procimg/proc_KMTNgn.20230905T094259.0001.fits (at gfa_actions.py)
2025-06-04 13:52:10,063 [INFO] Performing sigma clipping to derive background and stddev. (at gfa_actions.py)
2025-06-04 13:52:10,268 [INFO] Final offset: fdx=1.3387, fdy=0.3799 (at gfa_actions.py)
2025-06-04 13:52:10,270 [INFO] FWHM: 2.27 arcsec (at gfa_actions.py)
2025-06-04 13:52:10,270 [INFO] Guide star calibration complete. Offsets => fdx=1.33872, fdy=0.37995, FWHM=2.27248 (at gfa_actions.py)
2025-06-04 13:52:10,270 [INFO] Offsets calculated: fdx= 1.338722583984538, fdy= 0.3799473043280091, FWHM=2.272481968573949 arcsec (at gfa_actions.py)
2025-06-04 13:53:10,288 [INFO] Guiding starts... (at gfa_actions.py)
2025-06-04 13:53:10,288 [INFO] Step #1: Grab an image (uncomment if needed). (at gfa_actions.py)
2025-06-04 13:53:15,313 [INFO] Step #2: Astrometry... (at gfa_actions.py)
2025-06-04 13:53:15,314 [INFO] Starting preprocessing for 12 files. (at gfa_actions.py)
2025-06-04 13:53:15,314 [INFO] Astrometry data exists. Processing raw files separately. (at gfa_actions.py)
2025-06-04 13:53:15,574 [INFO] All files processed in 0.26 seconds. (at gfa_actions.py)
2025-06-04 13:53:15,574 [INFO] Preprocessing completed. (at gfa_actions.py)
2025-06-04 13:53:15,574 [INFO] Step #3: Calculating the offset... (at gfa_actions.py)
2025-06-04 13:53:15,574 [INFO] Starting guide star calibration process. (at gfa_actions.py)
2025-06-04 13:53:15,574 [INFO] Found 4 astrometry files and 12 processed files. (at gfa_actions.py)
2025-06-04 13:53:15,574 [INFO] Processing FITS: /home/kspec/sanghyunc/KSPEC_ICS/GFA/Simul/kspec_gfa_controller/src/img/astroimg/astro_proc_KMTNge.20230905T094050.0001.fits & /home/kspec/sanghyunc/KSPEC_ICS/GFA/Simul/kspec_gfa_controller/src/img/procimg/proc_KMTNge.20230905T094050.0001.fits (at gfa_actions.py)
2025-06-04 13:53:15,587 [INFO] Performing sigma clipping to derive background and stddev. (at gfa_actions.py)
2025-06-04 13:53:15,780 [INFO] Processing FITS: /home/kspec/sanghyunc/KSPEC_ICS/GFA/Simul/kspec_gfa_controller/src/img/astroimg/astro_proc_KMTNgn.20230905T094050.0001.fits & /home/kspec/sanghyunc/KSPEC_ICS/GFA/Simul/kspec_gfa_controller/src/img/procimg/proc_KMTNge.20230905T094259.0001.fits (at gfa_actions.py)
2025-06-04 13:53:15,786 [INFO] Performing sigma clipping to derive background and stddev. (at gfa_actions.py)
2025-06-04 13:53:15,998 [INFO] Processing FITS: /home/kspec/sanghyunc/KSPEC_ICS/GFA/Simul/kspec_gfa_controller/src/img/astroimg/astro_proc_KMTNgs.20230905T094050.0001.fits & /home/kspec/sanghyunc/KSPEC_ICS/GFA/Simul/kspec_gfa_controller/src/img/procimg/proc_KMTNge.20230905T094503.0001.fits (at gfa_actions.py)
2025-06-04 13:53:16,003 [INFO] Performing sigma clipping to derive background and stddev. (at gfa_actions.py)
2025-06-04 13:53:16,177 [WARNING] Error finding peaks: 'NoneType' object is not subscriptable (at gfa_actions.py)
2025-06-04 13:53:16,193 [INFO] Processing FITS: /home/kspec/sanghyunc/KSPEC_ICS/GFA/Simul/kspec_gfa_controller/src/img/astroimg/astro_proc_KMTNgw.20230905T094050.0001.fits & /home/kspec/sanghyunc/KSPEC_ICS/GFA/Simul/kspec_gfa_controller/src/img/procimg/proc_KMTNgn.20230905T094050.0001.fits (at gfa_actions.py)
2025-06-04 13:53:16,199 [INFO] Performing sigma clipping to derive background and stddev. (at gfa_actions.py)
2025-06-04 13:53:16,399 [WARNING] Offsets within critical threshold; returning 0, 0. (at gfa_actions.py)
2025-06-04 13:53:16,401 [INFO] FWHM: 2.31 arcsec (at gfa_actions.py)
2025-06-04 13:53:16,401 [INFO] Guide star calibration complete. Offsets => fdx=0.00000, fdy=0.00000, FWHM=2.30616 (at gfa_actions.py)
2025-06-04 13:53:16,401 [INFO] Offsets calculated: fdx= 0.0, fdy= 0.0, FWHM=2.3061594149217597 arcsec (at gfa_actions.py)
2025-06-04 13:54:16,425 [INFO] Guiding starts... (at gfa_actions.py)
2025-06-04 13:54:16,426 [INFO] Step #1: Grab an image (uncomment if needed). (at gfa_actions.py)
2025-06-04 13:54:16,426 [ERROR] Error occurred during guiding: list index out of range (at gfa_actions.py)
2025-06-04 14:53:54,799 [INFO] Configuration file found: /home/kspec/sanghyunc/KSPEC_ICS/GFA/Simul/kspec_gfa_controller/src/etc/cams.json (at gfa_actions.py)
2025-06-04 14:53:54,800 [INFO] Configuration file found: /home/kspec/sanghyunc/KSPEC_ICS/GFA/Simul/kspec_gfa_controller/src/etc/astrometry_params.json (at gfa_actions.py)
2025-06-04 14:53:54,800 [INFO] Initializing gfa_astrometry class. (at gfa_actions.py)
2025-06-04 14:53:54,800 [INFO] Loaded 0 FITS files. (at gfa_actions.py)
2025-06-04 14:53:54,800 [INFO] Initializing GFAGuider... (at gfa_actions.py)
2025-06-04 14:53:54,800 [INFO] GFAGuider setup complete. (at gfa_actions.py)
2025-06-04 14:53:59,766 [INFO] Guiding starts... (at gfa_actions.py)
2025-06-04 14:53:59,766 [INFO] Step #1: Grab an image (uncomment if needed). (at gfa_actions.py)
2025-06-04 14:54:04,779 [INFO] Step #2: Astrometry... (at gfa_actions.py)
2025-06-04 14:54:04,780 [INFO] Starting preprocessing for 4 files. (at gfa_actions.py)
2025-06-04 14:54:04,780 [INFO] No astrometry files found in /home/kspec/sanghyunc/KSPEC_ICS/GFA/Simul/kspec_gfa_controller/src/img/astroimg/, starting astrometric processing. (at gfa_actions.py)
2025-06-04 14:54:04,897 [INFO] Starting astrometry process for proc_KMTNgw.20230905T094050.0001.fits. (at gfa_actions.py)
2025-06-04 14:54:04,904 [INFO] Starting astrometry process for proc_KMTNgs.20230905T094050.0001.fits. (at gfa_actions.py)
2025-06-04 14:54:04,905 [INFO] Starting astrometry process for proc_KMTNge.20230905T094050.0001.fits. (at gfa_actions.py)
2025-06-04 14:54:04,906 [INFO] Starting astrometry process for proc_KMTNgn.20230905T094050.0001.fits. (at gfa_actions.py)
2025-06-04 14:54:05,907 [INFO] Astrometry results moved to /home/kspec/sanghyunc/KSPEC_ICS/GFA/Simul/kspec_gfa_controller/src/img/astroimg/astro_proc_KMTNgs.20230905T094050.0001.fits. (at gfa_actions.py)
2025-06-04 14:54:05,909 [INFO] Astrometry completed with CRVAL1: 268.543938561, CRVAL2: -32.5619156061. (at gfa_actions.py)
2025-06-04 14:54:05,909 [INFO] Combined function completed for KMTNgs.20230905T094050.0001.fits. CRVAL1: 268.543938561, CRVAL2: -32.5619156061. (at gfa_actions.py)
2025-06-04 14:54:06,185 [INFO] Astrometry results moved to /home/kspec/sanghyunc/KSPEC_ICS/GFA/Simul/kspec_gfa_controller/src/img/astroimg/astro_proc_KMTNge.20230905T094050.0001.fits. (at gfa_actions.py)
2025-06-04 14:54:06,186 [INFO] Astrometry completed with CRVAL1: 274.822403661, CRVAL2: -30.0302717159. (at gfa_actions.py)
2025-06-04 14:54:06,186 [INFO] Combined function completed for KMTNge.20230905T094050.0001.fits. CRVAL1: 274.822403661, CRVAL2: -30.0302717159. (at gfa_actions.py)
2025-06-04 14:54:06,677 [INFO] Astrometry results moved to /home/kspec/sanghyunc/KSPEC_ICS/GFA/Simul/kspec_gfa_controller/src/img/astroimg/astro_proc_KMTNgn.20230905T094050.0001.fits. (at gfa_actions.py)
2025-06-04 14:54:06,678 [INFO] Astrometry completed with CRVAL1: 268.522493699, CRVAL2: -29.9542781066. (at gfa_actions.py)
2025-06-04 14:54:06,678 [INFO] Combined function completed for KMTNgn.20230905T094050.0001.fits. CRVAL1: 268.522493699, CRVAL2: -29.9542781066. (at gfa_actions.py)
2025-06-04 14:54:08,033 [INFO] Astrometry results moved to /home/kspec/sanghyunc/KSPEC_ICS/GFA/Simul/kspec_gfa_controller/src/img/astroimg/astro_proc_KMTNgw.20230905T094050.0001.fits. (at gfa_actions.py)
2025-06-04 14:54:08,035 [INFO] Astrometry completed with CRVAL1: 271.808402152, CRVAL2: -30.0501303004. (at gfa_actions.py)
2025-06-04 14:54:08,035 [INFO] Combined function completed for KMTNgw.20230905T094050.0001.fits. CRVAL1: 271.808402152, CRVAL2: -30.0501303004. (at gfa_actions.py)
2025-06-04 14:54:08,036 [INFO] Starting star catalog generation. (at gfa_actions.py)
2025-06-04 14:54:08,053 [INFO] Star catalog generated and saved to /home/kspec/sanghyunc/KSPEC_ICS/GFA/Simul/kspec_gfa_controller/src/img/combined_star.fits. (at gfa_actions.py)
2025-06-04 14:54:08,053 [INFO] Removing temporary files. (at gfa_actions.py)
2025-06-04 14:54:08,053 [INFO] All files processed in 3.27 seconds. (at gfa_actions.py)
2025-06-04 14:54:08,053 [INFO] Preprocessing completed. (at gfa_actions.py)
2025-06-04 14:54:08,053 [INFO] Step #3: Calculating the offset... (at gfa_actions.py)
2025-06-04 14:54:08,053 [INFO] Starting guide star calibration process. (at gfa_actions.py)
2025-06-04 14:54:08,053 [INFO] Found 4 astrometry files and 4 processed files. (at gfa_actions.py)
2025-06-04 14:54:08,053 [INFO] Processing FITS: /home/kspec/sanghyunc/KSPEC_ICS/GFA/Simul/kspec_gfa_controller/src/img/astroimg/astro_proc_KMTNge.20230905T094050.0001.fits & /home/kspec/sanghyunc/KSPEC_ICS/GFA/Simul/kspec_gfa_controller/src/img/procimg/proc_KMTNge.20230905T094050.0001.fits (at gfa_actions.py)
2025-06-04 14:54:08,060 [INFO] Performing sigma clipping to derive background and stddev. (at gfa_actions.py)
2025-06-04 14:54:08,360 [INFO] Processing FITS: /home/kspec/sanghyunc/KSPEC_ICS/GFA/Simul/kspec_gfa_controller/src/img/astroimg/astro_proc_KMTNgn.20230905T094050.0001.fits & /home/kspec/sanghyunc/KSPEC_ICS/GFA/Simul/kspec_gfa_controller/src/img/procimg/proc_KMTNgn.20230905T094050.0001.fits (at gfa_actions.py)
2025-06-04 14:54:08,366 [INFO] Performing sigma clipping to derive background and stddev. (at gfa_actions.py)
2025-06-04 14:54:08,568 [INFO] Processing FITS: /home/kspec/sanghyunc/KSPEC_ICS/GFA/Simul/kspec_gfa_controller/src/img/astroimg/astro_proc_KMTNgs.20230905T094050.0001.fits & /home/kspec/sanghyunc/KSPEC_ICS/GFA/Simul/kspec_gfa_controller/src/img/procimg/proc_KMTNgs.20230905T094050.0001.fits (at gfa_actions.py)
2025-06-04 14:54:08,575 [INFO] Performing sigma clipping to derive background and stddev. (at gfa_actions.py)
2025-06-04 14:54:08,793 [INFO] Processing FITS: /home/kspec/sanghyunc/KSPEC_ICS/GFA/Simul/kspec_gfa_controller/src/img/astroimg/astro_proc_KMTNgw.20230905T094050.0001.fits & /home/kspec/sanghyunc/KSPEC_ICS/GFA/Simul/kspec_gfa_controller/src/img/procimg/proc_KMTNgw.20230905T094050.0001.fits (at gfa_actions.py)
2025-06-04 14:54:08,799 [INFO] Performing sigma clipping to derive background and stddev. (at gfa_actions.py)
2025-06-04 14:54:08,984 [WARNING] Offsets within critical threshold; returning 0, 0. (at gfa_actions.py)
2025-06-04 14:54:08,987 [INFO] FWHM: 2.50 arcsec (at gfa_actions.py)
2025-06-04 14:54:08,987 [INFO] Guide star calibration complete. Offsets => fdx=0.00000, fdy=0.00000, FWHM=2.49881 (at gfa_actions.py)
2025-06-04 14:54:08,987 [INFO] Offsets calculated: fdx= 0.0, fdy= 0.0, FWHM=2.498812930083607 arcsec (at gfa_actions.py)
2025-06-04 14:55:09,003 [INFO] Guiding starts... (at gfa_actions.py)
2025-06-04 14:55:09,004 [INFO] Step #1: Grab an image (uncomment if needed). (at gfa_actions.py)
2025-06-04 14:55:14,016 [INFO] Step #2: Astrometry... (at gfa_actions.py)
2025-06-04 14:55:14,016 [INFO] Starting preprocessing for 8 files. (at gfa_actions.py)
2025-06-04 14:55:14,017 [INFO] Astrometry data exists. Processing raw files separately. (at gfa_actions.py)
2025-06-04 14:55:14,157 [INFO] All files processed in 0.14 seconds. (at gfa_actions.py)
2025-06-04 14:55:14,157 [INFO] Preprocessing completed. (at gfa_actions.py)
2025-06-04 14:55:14,157 [INFO] Step #3: Calculating the offset... (at gfa_actions.py)
2025-06-04 14:55:14,157 [INFO] Starting guide star calibration process. (at gfa_actions.py)
2025-06-04 14:55:14,158 [INFO] Found 4 astrometry files and 8 processed files. (at gfa_actions.py)
2025-06-04 14:55:14,158 [INFO] Processing FITS: /home/kspec/sanghyunc/KSPEC_ICS/GFA/Simul/kspec_gfa_controller/src/img/astroimg/astro_proc_KMTNge.20230905T094050.0001.fits & /home/kspec/sanghyunc/KSPEC_ICS/GFA/Simul/kspec_gfa_controller/src/img/procimg/proc_KMTNge.20230905T094050.0001.fits (at gfa_actions.py)
2025-06-04 14:55:14,175 [INFO] Performing sigma clipping to derive background and stddev. (at gfa_actions.py)
2025-06-04 14:55:14,366 [INFO] Processing FITS: /home/kspec/sanghyunc/KSPEC_ICS/GFA/Simul/kspec_gfa_controller/src/img/astroimg/astro_proc_KMTNgn.20230905T094050.0001.fits & /home/kspec/sanghyunc/KSPEC_ICS/GFA/Simul/kspec_gfa_controller/src/img/procimg/proc_KMTNge.20230905T094259.0001.fits (at gfa_actions.py)
2025-06-04 14:55:14,372 [INFO] Performing sigma clipping to derive background and stddev. (at gfa_actions.py)
2025-06-04 14:55:14,583 [INFO] Processing FITS: /home/kspec/sanghyunc/KSPEC_ICS/GFA/Simul/kspec_gfa_controller/src/img/astroimg/astro_proc_KMTNgs.20230905T094050.0001.fits & /home/kspec/sanghyunc/KSPEC_ICS/GFA/Simul/kspec_gfa_controller/src/img/procimg/proc_KMTNgn.20230905T094050.0001.fits (at gfa_actions.py)
2025-06-04 14:55:14,589 [INFO] Performing sigma clipping to derive background and stddev. (at gfa_actions.py)
2025-06-04 14:55:14,804 [INFO] Processing FITS: /home/kspec/sanghyunc/KSPEC_ICS/GFA/Simul/kspec_gfa_controller/src/img/astroimg/astro_proc_KMTNgw.20230905T094050.0001.fits & /home/kspec/sanghyunc/KSPEC_ICS/GFA/Simul/kspec_gfa_controller/src/img/procimg/proc_KMTNgn.20230905T094259.0001.fits (at gfa_actions.py)
2025-06-04 14:55:14,810 [INFO] Performing sigma clipping to derive background and stddev. (at gfa_actions.py)
2025-06-04 14:55:15,013 [INFO] Final offset: fdx=1.3387, fdy=0.3799 (at gfa_actions.py)
2025-06-04 14:55:15,015 [INFO] FWHM: 2.27 arcsec (at gfa_actions.py)
2025-06-04 14:55:15,015 [INFO] Guide star calibration complete. Offsets => fdx=1.33872, fdy=0.37995, FWHM=2.27248 (at gfa_actions.py)
2025-06-04 14:55:15,015 [INFO] Offsets calculated: fdx= 1.338722583984538, fdy= 0.3799473043280091, FWHM=2.272481968573949 arcsec (at gfa_actions.py)
2025-06-04 14:56:15,038 [INFO] Guiding starts... (at gfa_actions.py)
2025-06-04 14:56:15,038 [INFO] Step #1: Grab an image (uncomment if needed). (at gfa_actions.py)
2025-06-04 14:56:20,050 [INFO] Step #2: Astrometry... (at gfa_actions.py)
2025-06-04 14:56:20,051 [INFO] Starting preprocessing for 12 files. (at gfa_actions.py)
2025-06-04 14:56:20,051 [INFO] Astrometry data exists. Processing raw files separately. (at gfa_actions.py)
2025-06-04 14:56:20,317 [INFO] All files processed in 0.27 seconds. (at gfa_actions.py)
2025-06-04 14:56:20,317 [INFO] Preprocessing completed. (at gfa_actions.py)
2025-06-04 14:56:20,317 [INFO] Step #3: Calculating the offset... (at gfa_actions.py)
2025-06-04 14:56:20,317 [INFO] Starting guide star calibration process. (at gfa_actions.py)
2025-06-04 14:56:20,318 [INFO] Found 4 astrometry files and 12 processed files. (at gfa_actions.py)
2025-06-04 14:56:20,318 [INFO] Processing FITS: /home/kspec/sanghyunc/KSPEC_ICS/GFA/Simul/kspec_gfa_controller/src/img/astroimg/astro_proc_KMTNge.20230905T094050.0001.fits & /home/kspec/sanghyunc/KSPEC_ICS/GFA/Simul/kspec_gfa_controller/src/img/procimg/proc_KMTNge.20230905T094050.0001.fits (at gfa_actions.py)
2025-06-04 14:56:20,328 [INFO] Performing sigma clipping to derive background and stddev. (at gfa_actions.py)
2025-06-04 14:56:20,519 [INFO] Processing FITS: /home/kspec/sanghyunc/KSPEC_ICS/GFA/Simul/kspec_gfa_controller/src/img/astroimg/astro_proc_KMTNgn.20230905T094050.0001.fits & /home/kspec/sanghyunc/KSPEC_ICS/GFA/Simul/kspec_gfa_controller/src/img/procimg/proc_KMTNge.20230905T094259.0001.fits (at gfa_actions.py)
2025-06-04 14:56:20,525 [INFO] Performing sigma clipping to derive background and stddev. (at gfa_actions.py)
2025-06-04 14:56:20,737 [INFO] Processing FITS: /home/kspec/sanghyunc/KSPEC_ICS/GFA/Simul/kspec_gfa_controller/src/img/astroimg/astro_proc_KMTNgs.20230905T094050.0001.fits & /home/kspec/sanghyunc/KSPEC_ICS/GFA/Simul/kspec_gfa_controller/src/img/procimg/proc_KMTNge.20230905T094503.0001.fits (at gfa_actions.py)
2025-06-04 14:56:20,743 [INFO] Performing sigma clipping to derive background and stddev. (at gfa_actions.py)
2025-06-04 14:56:20,917 [WARNING] Error finding peaks: 'NoneType' object is not subscriptable (at gfa_actions.py)
2025-06-04 14:56:20,933 [INFO] Processing FITS: /home/kspec/sanghyunc/KSPEC_ICS/GFA/Simul/kspec_gfa_controller/src/img/astroimg/astro_proc_KMTNgw.20230905T094050.0001.fits & /home/kspec/sanghyunc/KSPEC_ICS/GFA/Simul/kspec_gfa_controller/src/img/procimg/proc_KMTNgn.20230905T094050.0001.fits (at gfa_actions.py)
2025-06-04 14:56:20,939 [INFO] Performing sigma clipping to derive background and stddev. (at gfa_actions.py)
2025-06-04 14:56:21,140 [WARNING] Offsets within critical threshold; returning 0, 0. (at gfa_actions.py)
2025-06-04 14:56:21,142 [INFO] FWHM: 2.31 arcsec (at gfa_actions.py)
2025-06-04 14:56:21,142 [INFO] Guide star calibration complete. Offsets => fdx=0.00000, fdy=0.00000, FWHM=2.30616 (at gfa_actions.py)
2025-06-04 14:56:21,142 [INFO] Offsets calculated: fdx= 0.0, fdy= 0.0, FWHM=2.3061594149217597 arcsec (at gfa_actions.py)
2025-06-04 15:00:48,715 [INFO] Configuration file found: /home/kspec/sanghyunc/KSPEC_ICS/GFA/Simul/kspec_gfa_controller/src/etc/cams.json (at gfa_actions.py)
2025-06-04 15:00:48,715 [INFO] Configuration file found: /home/kspec/sanghyunc/KSPEC_ICS/GFA/Simul/kspec_gfa_controller/src/etc/astrometry_params.json (at gfa_actions.py)
2025-06-04 15:00:48,715 [INFO] Initializing gfa_astrometry class. (at gfa_actions.py)
2025-06-04 15:00:48,715 [INFO] Loaded 12 FITS files. (at gfa_actions.py)
2025-06-04 15:00:48,715 [INFO] Initializing GFAGuider... (at gfa_actions.py)
2025-06-04 15:00:48,715 [INFO] GFAGuider setup complete. (at gfa_actions.py)
2025-06-04 15:00:54,893 [INFO] Guiding starts... (at gfa_actions.py)
2025-06-04 15:00:54,894 [INFO] Step #1: Grab an image (uncomment if needed). (at gfa_actions.py)
2025-06-04 15:00:59,907 [INFO] Step #2: Astrometry... (at gfa_actions.py)
2025-06-04 15:00:59,908 [INFO] Starting preprocessing for 12 files. (at gfa_actions.py)
2025-06-04 15:00:59,908 [INFO] No astrometry files found in /home/kspec/sanghyunc/KSPEC_ICS/GFA/Simul/kspec_gfa_controller/src/img/astroimg/, starting astrometric processing. (at gfa_actions.py)
2025-06-04 15:00:59,984 [INFO] Starting astrometry process for proc_KMTNgn.20230905T094050.0001.fits. (at gfa_actions.py)
2025-06-04 15:00:59,987 [INFO] Starting astrometry process for proc_KMTNge.20230905T094050.0001.fits. (at gfa_actions.py)
2025-06-04 15:00:59,987 [INFO] Starting astrometry process for proc_KMTNge.20230905T094503.0001.fits. (at gfa_actions.py)
2025-06-04 15:01:00,002 [INFO] Starting astrometry process for proc_KMTNgn.20230905T094259.0001.fits. (at gfa_actions.py)
2025-06-04 15:01:00,008 [INFO] Starting astrometry process for proc_KMTNgs.20230905T094050.0001.fits. (at gfa_actions.py)
2025-06-04 15:01:00,009 [INFO] Starting astrometry process for proc_KMTNgn.20230905T094503.0001.fits. (at gfa_actions.py)
2025-06-04 15:01:00,010 [INFO] Starting astrometry process for proc_KMTNge.20230905T094259.0001.fits. (at gfa_actions.py)
2025-06-04 15:01:00,010 [INFO] Starting astrometry process for proc_KMTNgs.20230905T094259.0001.fits. (at gfa_actions.py)
2025-06-04 15:01:01,036 [INFO] Astrometry results moved to /home/kspec/sanghyunc/KSPEC_ICS/GFA/Simul/kspec_gfa_controller/src/img/astroimg/astro_proc_KMTNgn.20230905T094503.0001.fits. (at gfa_actions.py)
2025-06-04 15:01:01,037 [INFO] Astrometry completed with CRVAL1: 268.521498, CRVAL2: -27.8458165034. (at gfa_actions.py)
2025-06-04 15:01:01,038 [INFO] Combined function completed for KMTNgn.20230905T094503.0001.fits. CRVAL1: 268.521498, CRVAL2: -27.8458165034. (at gfa_actions.py)
2025-06-04 15:01:01,046 [INFO] Starting astrometry process for proc_KMTNgs.20230905T094503.0001.fits. (at gfa_actions.py)
2025-06-04 15:01:01,071 [INFO] Astrometry results moved to /home/kspec/sanghyunc/KSPEC_ICS/GFA/Simul/kspec_gfa_controller/src/img/astroimg/astro_proc_KMTNgs.20230905T094050.0001.fits. (at gfa_actions.py)
2025-06-04 15:01:01,073 [INFO] Astrometry completed with CRVAL1: 268.543938561, CRVAL2: -32.5619156061. (at gfa_actions.py)
2025-06-04 15:01:01,073 [INFO] Combined function completed for KMTNgs.20230905T094050.0001.fits. CRVAL1: 268.543938561, CRVAL2: -32.5619156061. (at gfa_actions.py)
2025-06-04 15:01:01,084 [INFO] Starting astrometry process for proc_KMTNgw.20230905T094050.0001.fits. (at gfa_actions.py)
2025-06-04 15:01:01,192 [INFO] Astrometry results moved to /home/kspec/sanghyunc/KSPEC_ICS/GFA/Simul/kspec_gfa_controller/src/img/astroimg/astro_proc_KMTNge.20230905T094503.0001.fits. (at gfa_actions.py)
2025-06-04 15:01:01,194 [INFO] Astrometry completed with CRVAL1: 270.025044858, CRVAL2: -29.1298363713. (at gfa_actions.py)
2025-06-04 15:01:01,194 [INFO] Combined function completed for KMTNge.20230905T094503.0001.fits. CRVAL1: 270.025044858, CRVAL2: -29.1298363713. (at gfa_actions.py)
2025-06-04 15:01:01,202 [INFO] Starting astrometry process for proc_KMTNgw.20230905T094259.0001.fits. (at gfa_actions.py)
2025-06-04 15:01:01,273 [INFO] Astrometry results moved to /home/kspec/sanghyunc/KSPEC_ICS/GFA/Simul/kspec_gfa_controller/src/img/astroimg/astro_proc_KMTNgs.20230905T094259.0001.fits. (at gfa_actions.py)
2025-06-04 15:01:01,275 [INFO] Astrometry completed with CRVAL1: 273.326446789, CRVAL2: -31.3541057196. (at gfa_actions.py)
2025-06-04 15:01:01,275 [INFO] Combined function completed for KMTNgs.20230905T094259.0001.fits. CRVAL1: 273.326446789, CRVAL2: -31.3541057196. (at gfa_actions.py)
2025-06-04 15:01:01,284 [INFO] Starting astrometry process for proc_KMTNgw.20230905T094503.0001.fits. (at gfa_actions.py)
2025-06-04 15:01:01,339 [INFO] Astrometry results moved to /home/kspec/sanghyunc/KSPEC_ICS/GFA/Simul/kspec_gfa_controller/src/img/astroimg/astro_proc_KMTNge.20230905T094050.0001.fits. (at gfa_actions.py)
2025-06-04 15:01:01,341 [INFO] Astrometry completed with CRVAL1: 274.822403661, CRVAL2: -30.0302717159. (at gfa_actions.py)
2025-06-04 15:01:01,341 [INFO] Combined function completed for KMTNge.20230905T094050.0001.fits. CRVAL1: 274.822403661, CRVAL2: -30.0302717159. (at gfa_actions.py)
2025-06-04 15:01:01,837 [INFO] Astrometry results moved to /home/kspec/sanghyunc/KSPEC_ICS/GFA/Simul/kspec_gfa_controller/src/img/astroimg/astro_proc_KMTNge.20230905T094259.0001.fits. (at gfa_actions.py)
2025-06-04 15:01:01,839 [INFO] Astrometry completed with CRVAL1: 270.025260695, CRVAL2: -29.1298121308. (at gfa_actions.py)
2025-06-04 15:01:01,839 [INFO] Combined function completed for KMTNge.20230905T094259.0001.fits. CRVAL1: 270.025260695, CRVAL2: -29.1298121308. (at gfa_actions.py)
2025-06-04 15:01:01,886 [INFO] Astrometry results moved to /home/kspec/sanghyunc/KSPEC_ICS/GFA/Simul/kspec_gfa_controller/src/img/astroimg/astro_proc_KMTNgn.20230905T094050.0001.fits. (at gfa_actions.py)
2025-06-04 15:01:01,888 [INFO] Astrometry completed with CRVAL1: 268.522493699, CRVAL2: -29.9542781066. (at gfa_actions.py)
2025-06-04 15:01:01,888 [INFO] Combined function completed for KMTNgn.20230905T094050.0001.fits. CRVAL1: 268.522493699, CRVAL2: -29.9542781066. (at gfa_actions.py)
2025-06-04 15:01:02,060 [INFO] Astrometry results moved to /home/kspec/sanghyunc/KSPEC_ICS/GFA/Simul/kspec_gfa_controller/src/img/astroimg/astro_proc_KMTNgs.20230905T094503.0001.fits. (at gfa_actions.py)
2025-06-04 15:01:02,063 [INFO] Astrometry completed with CRVAL1: 268.542514282, CRVAL2: -30.4535866851. (at gfa_actions.py)
2025-06-04 15:01:02,063 [INFO] Combined function completed for KMTNgs.20230905T094503.0001.fits. CRVAL1: 268.542514282, CRVAL2: -30.4535866851. (at gfa_actions.py)
2025-06-04 15:01:02,515 [INFO] Astrometry results moved to /home/kspec/sanghyunc/KSPEC_ICS/GFA/Simul/kspec_gfa_controller/src/img/astroimg/astro_proc_KMTNgw.20230905T094259.0001.fits. (at gfa_actions.py)
2025-06-04 15:01:02,517 [INFO] Astrometry completed with CRVAL1: 271.80833285, CRVAL2: -30.0500948589. (at gfa_actions.py)
2025-06-04 15:01:02,517 [INFO] Combined function completed for KMTNgw.20230905T094259.0001.fits. CRVAL1: 271.80833285, CRVAL2: -30.0500948589. (at gfa_actions.py)
2025-06-04 15:01:03,146 [INFO] Astrometry results moved to /home/kspec/sanghyunc/KSPEC_ICS/GFA/Simul/kspec_gfa_controller/src/img/astroimg/astro_proc_KMTNgw.20230905T094503.0001.fits. (at gfa_actions.py)
2025-06-04 15:01:03,148 [INFO] Astrometry completed with CRVAL1: 267.037799003, CRVAL2: -29.1499373386. (at gfa_actions.py)
2025-06-04 15:01:03,148 [INFO] Combined function completed for KMTNgw.20230905T094503.0001.fits. CRVAL1: 267.037799003, CRVAL2: -29.1499373386. (at gfa_actions.py)
2025-06-04 15:01:04,357 [INFO] Astrometry results moved to /home/kspec/sanghyunc/KSPEC_ICS/GFA/Simul/kspec_gfa_controller/src/img/astroimg/astro_proc_KMTNgw.20230905T094050.0001.fits. (at gfa_actions.py)
2025-06-04 15:01:04,360 [INFO] Astrometry completed with CRVAL1: 271.808402152, CRVAL2: -30.0501303004. (at gfa_actions.py)
2025-06-04 15:01:04,360 [INFO] Combined function completed for KMTNgw.20230905T094050.0001.fits. CRVAL1: 271.808402152, CRVAL2: -30.0501303004. (at gfa_actions.py)
2025-06-04 15:01:07,549 [INFO] Astrometry results moved to /home/kspec/sanghyunc/KSPEC_ICS/GFA/Simul/kspec_gfa_controller/src/img/astroimg/astro_proc_KMTNgn.20230905T094259.0001.fits. (at gfa_actions.py)
2025-06-04 15:01:07,551 [INFO] Astrometry completed with CRVAL1: 273.305352256, CRVAL2: -28.7463520937. (at gfa_actions.py)
2025-06-04 15:01:07,551 [INFO] Combined function completed for KMTNgn.20230905T094259.0001.fits. CRVAL1: 273.305352256, CRVAL2: -28.7463520937. (at gfa_actions.py)
2025-06-04 15:01:07,552 [INFO] Starting star catalog generation. (at gfa_actions.py)
2025-06-04 15:01:07,587 [INFO] Star catalog generated and saved to /home/kspec/sanghyunc/KSPEC_ICS/GFA/Simul/kspec_gfa_controller/src/img/combined_star.fits. (at gfa_actions.py)
2025-06-04 15:01:07,587 [INFO] Removing temporary files. (at gfa_actions.py)
2025-06-04 15:01:07,587 [INFO] All files processed in 7.68 seconds. (at gfa_actions.py)
2025-06-04 15:01:07,587 [INFO] Preprocessing completed. (at gfa_actions.py)
2025-06-04 15:01:07,588 [INFO] Step #3: Calculating the offset... (at gfa_actions.py)
2025-06-04 15:01:07,588 [INFO] Starting guide star calibration process. (at gfa_actions.py)
2025-06-04 15:01:07,588 [INFO] Found 12 astrometry files and 12 processed files. (at gfa_actions.py)
2025-06-04 15:01:07,588 [INFO] Processing FITS: /home/kspec/sanghyunc/KSPEC_ICS/GFA/Simul/kspec_gfa_controller/src/img/astroimg/astro_proc_KMTNge.20230905T094050.0001.fits & /home/kspec/sanghyunc/KSPEC_ICS/GFA/Simul/kspec_gfa_controller/src/img/procimg/proc_KMTNge.20230905T094050.0001.fits (at gfa_actions.py)
2025-06-04 15:01:07,594 [INFO] Performing sigma clipping to derive background and stddev. (at gfa_actions.py)
2025-06-04 15:01:07,896 [INFO] Processing FITS: /home/kspec/sanghyunc/KSPEC_ICS/GFA/Simul/kspec_gfa_controller/src/img/astroimg/astro_proc_KMTNge.20230905T094259.0001.fits & /home/kspec/sanghyunc/KSPEC_ICS/GFA/Simul/kspec_gfa_controller/src/img/procimg/proc_KMTNge.20230905T094259.0001.fits (at gfa_actions.py)
2025-06-04 15:01:07,903 [INFO] Performing sigma clipping to derive background and stddev. (at gfa_actions.py)
2025-06-04 15:01:08,112 [INFO] Processing FITS: /home/kspec/sanghyunc/KSPEC_ICS/GFA/Simul/kspec_gfa_controller/src/img/astroimg/astro_proc_KMTNge.20230905T094503.0001.fits & /home/kspec/sanghyunc/KSPEC_ICS/GFA/Simul/kspec_gfa_controller/src/img/procimg/proc_KMTNge.20230905T094503.0001.fits (at gfa_actions.py)
2025-06-04 15:01:08,118 [INFO] Performing sigma clipping to derive background and stddev. (at gfa_actions.py)
2025-06-04 15:01:08,296 [INFO] Processing FITS: /home/kspec/sanghyunc/KSPEC_ICS/GFA/Simul/kspec_gfa_controller/src/img/astroimg/astro_proc_KMTNgn.20230905T094050.0001.fits & /home/kspec/sanghyunc/KSPEC_ICS/GFA/Simul/kspec_gfa_controller/src/img/procimg/proc_KMTNgn.20230905T094050.0001.fits (at gfa_actions.py)
2025-06-04 15:01:08,302 [INFO] Performing sigma clipping to derive background and stddev. (at gfa_actions.py)
2025-06-04 15:01:08,501 [INFO] Processing FITS: /home/kspec/sanghyunc/KSPEC_ICS/GFA/Simul/kspec_gfa_controller/src/img/astroimg/astro_proc_KMTNgn.20230905T094259.0001.fits & /home/kspec/sanghyunc/KSPEC_ICS/GFA/Simul/kspec_gfa_controller/src/img/procimg/proc_KMTNgn.20230905T094259.0001.fits (at gfa_actions.py)
2025-06-04 15:01:08,506 [INFO] Performing sigma clipping to derive background and stddev. (at gfa_actions.py)
2025-06-04 15:01:08,739 [INFO] Processing FITS: /home/kspec/sanghyunc/KSPEC_ICS/GFA/Simul/kspec_gfa_controller/src/img/astroimg/astro_proc_KMTNgn.20230905T094503.0001.fits & /home/kspec/sanghyunc/KSPEC_ICS/GFA/Simul/kspec_gfa_controller/src/img/procimg/proc_KMTNgn.20230905T094503.0001.fits (at gfa_actions.py)
2025-06-04 15:01:08,745 [INFO] Performing sigma clipping to derive background and stddev. (at gfa_actions.py)
2025-06-04 15:01:08,909 [INFO] Processing FITS: /home/kspec/sanghyunc/KSPEC_ICS/GFA/Simul/kspec_gfa_controller/src/img/astroimg/astro_proc_KMTNgs.20230905T094050.0001.fits & /home/kspec/sanghyunc/KSPEC_ICS/GFA/Simul/kspec_gfa_controller/src/img/procimg/proc_KMTNgs.20230905T094050.0001.fits (at gfa_actions.py)
2025-06-04 15:01:08,914 [INFO] Performing sigma clipping to derive background and stddev. (at gfa_actions.py)
2025-06-04 15:01:09,129 [INFO] Processing FITS: /home/kspec/sanghyunc/KSPEC_ICS/GFA/Simul/kspec_gfa_controller/src/img/astroimg/astro_proc_KMTNgs.20230905T094259.0001.fits & /home/kspec/sanghyunc/KSPEC_ICS/GFA/Simul/kspec_gfa_controller/src/img/procimg/proc_KMTNgs.20230905T094259.0001.fits (at gfa_actions.py)
2025-06-04 15:01:09,135 [INFO] Performing sigma clipping to derive background and stddev. (at gfa_actions.py)
2025-06-04 15:01:09,323 [INFO] Processing FITS: /home/kspec/sanghyunc/KSPEC_ICS/GFA/Simul/kspec_gfa_controller/src/img/astroimg/astro_proc_KMTNgs.20230905T094503.0001.fits & /home/kspec/sanghyunc/KSPEC_ICS/GFA/Simul/kspec_gfa_controller/src/img/procimg/proc_KMTNgs.20230905T094503.0001.fits (at gfa_actions.py)
2025-06-04 15:01:09,329 [INFO] Performing sigma clipping to derive background and stddev. (at gfa_actions.py)
2025-06-04 15:01:09,530 [INFO] Processing FITS: /home/kspec/sanghyunc/KSPEC_ICS/GFA/Simul/kspec_gfa_controller/src/img/astroimg/astro_proc_KMTNgw.20230905T094050.0001.fits & /home/kspec/sanghyunc/KSPEC_ICS/GFA/Simul/kspec_gfa_controller/src/img/procimg/proc_KMTNgw.20230905T094050.0001.fits (at gfa_actions.py)
2025-06-04 15:01:09,536 [INFO] Performing sigma clipping to derive background and stddev. (at gfa_actions.py)
2025-06-04 15:01:09,737 [INFO] Processing FITS: /home/kspec/sanghyunc/KSPEC_ICS/GFA/Simul/kspec_gfa_controller/src/img/astroimg/astro_proc_KMTNgw.20230905T094259.0001.fits & /home/kspec/sanghyunc/KSPEC_ICS/GFA/Simul/kspec_gfa_controller/src/img/procimg/proc_KMTNgw.20230905T094259.0001.fits (at gfa_actions.py)
2025-06-04 15:01:09,743 [INFO] Performing sigma clipping to derive background and stddev. (at gfa_actions.py)
2025-06-04 15:01:09,960 [INFO] Processing FITS: /home/kspec/sanghyunc/KSPEC_ICS/GFA/Simul/kspec_gfa_controller/src/img/astroimg/astro_proc_KMTNgw.20230905T094503.0001.fits & /home/kspec/sanghyunc/KSPEC_ICS/GFA/Simul/kspec_gfa_controller/src/img/procimg/proc_KMTNgw.20230905T094503.0001.fits (at gfa_actions.py)
2025-06-04 15:01:09,966 [INFO] Performing sigma clipping to derive background and stddev. (at gfa_actions.py)
2025-06-04 15:01:10,149 [WARNING] Offsets within critical threshold; returning 0, 0. (at gfa_actions.py)
2025-06-04 15:01:10,151 [INFO] FWHM: 2.60 arcsec (at gfa_actions.py)
2025-06-04 15:01:10,151 [INFO] Guide star calibration complete. Offsets => fdx=0.00000, fdy=0.00000, FWHM=2.60248 (at gfa_actions.py)
2025-06-04 15:01:10,151 [INFO] Offsets calculated: fdx= 0.0, fdy= 0.0, FWHM=2.602476038300143 arcsec (at gfa_actions.py)
2025-06-04 15:01:36,407 [INFO] Guiding starts... (at gfa_actions.py)
2025-06-04 15:01:36,407 [INFO] Step #1: Grab an image (uncomment if needed). (at gfa_actions.py)
2025-06-04 15:01:41,420 [INFO] Step #2: Astrometry... (at gfa_actions.py)
2025-06-04 15:01:41,421 [INFO] Starting preprocessing for 12 files. (at gfa_actions.py)
2025-06-04 15:01:41,421 [INFO] Astrometry data exists. Processing raw files separately. (at gfa_actions.py)
2025-06-04 15:01:41,632 [INFO] All files processed in 0.21 seconds. (at gfa_actions.py)
2025-06-04 15:01:41,632 [INFO] Preprocessing completed. (at gfa_actions.py)
2025-06-04 15:01:41,632 [INFO] Step #3: Calculating the offset... (at gfa_actions.py)
2025-06-04 15:01:41,632 [INFO] Starting guide star calibration process. (at gfa_actions.py)
2025-06-04 15:01:41,633 [INFO] Found 12 astrometry files and 12 processed files. (at gfa_actions.py)
2025-06-04 15:01:41,633 [INFO] Processing FITS: /home/kspec/sanghyunc/KSPEC_ICS/GFA/Simul/kspec_gfa_controller/src/img/astroimg/astro_proc_KMTNge.20230905T094050.0001.fits & /home/kspec/sanghyunc/KSPEC_ICS/GFA/Simul/kspec_gfa_controller/src/img/procimg/proc_KMTNge.20230905T094050.0001.fits (at gfa_actions.py)
2025-06-04 15:01:41,643 [INFO] Performing sigma clipping to derive background and stddev. (at gfa_actions.py)
2025-06-04 15:01:41,841 [INFO] Processing FITS: /home/kspec/sanghyunc/KSPEC_ICS/GFA/Simul/kspec_gfa_controller/src/img/astroimg/astro_proc_KMTNge.20230905T094259.0001.fits & /home/kspec/sanghyunc/KSPEC_ICS/GFA/Simul/kspec_gfa_controller/src/img/procimg/proc_KMTNge.20230905T094259.0001.fits (at gfa_actions.py)
2025-06-04 15:01:41,847 [INFO] Performing sigma clipping to derive background and stddev. (at gfa_actions.py)
2025-06-04 15:01:42,057 [INFO] Processing FITS: /home/kspec/sanghyunc/KSPEC_ICS/GFA/Simul/kspec_gfa_controller/src/img/astroimg/astro_proc_KMTNge.20230905T094503.0001.fits & /home/kspec/sanghyunc/KSPEC_ICS/GFA/Simul/kspec_gfa_controller/src/img/procimg/proc_KMTNge.20230905T094503.0001.fits (at gfa_actions.py)
2025-06-04 15:01:42,063 [INFO] Performing sigma clipping to derive background and stddev. (at gfa_actions.py)
2025-06-04 15:01:42,245 [INFO] Processing FITS: /home/kspec/sanghyunc/KSPEC_ICS/GFA/Simul/kspec_gfa_controller/src/img/astroimg/astro_proc_KMTNgn.20230905T094050.0001.fits & /home/kspec/sanghyunc/KSPEC_ICS/GFA/Simul/kspec_gfa_controller/src/img/procimg/proc_KMTNgn.20230905T094050.0001.fits (at gfa_actions.py)
2025-06-04 15:01:42,251 [INFO] Performing sigma clipping to derive background and stddev. (at gfa_actions.py)
2025-06-04 15:01:42,451 [INFO] Processing FITS: /home/kspec/sanghyunc/KSPEC_ICS/GFA/Simul/kspec_gfa_controller/src/img/astroimg/astro_proc_KMTNgn.20230905T094259.0001.fits & /home/kspec/sanghyunc/KSPEC_ICS/GFA/Simul/kspec_gfa_controller/src/img/procimg/proc_KMTNgn.20230905T094259.0001.fits (at gfa_actions.py)
2025-06-04 15:01:42,457 [INFO] Performing sigma clipping to derive background and stddev. (at gfa_actions.py)
2025-06-04 15:01:42,692 [INFO] Processing FITS: /home/kspec/sanghyunc/KSPEC_ICS/GFA/Simul/kspec_gfa_controller/src/img/astroimg/astro_proc_KMTNgn.20230905T094503.0001.fits & /home/kspec/sanghyunc/KSPEC_ICS/GFA/Simul/kspec_gfa_controller/src/img/procimg/proc_KMTNgn.20230905T094503.0001.fits (at gfa_actions.py)
2025-06-04 15:01:42,698 [INFO] Performing sigma clipping to derive background and stddev. (at gfa_actions.py)
2025-06-04 15:01:42,863 [INFO] Processing FITS: /home/kspec/sanghyunc/KSPEC_ICS/GFA/Simul/kspec_gfa_controller/src/img/astroimg/astro_proc_KMTNgs.20230905T094050.0001.fits & /home/kspec/sanghyunc/KSPEC_ICS/GFA/Simul/kspec_gfa_controller/src/img/procimg/proc_KMTNgs.20230905T094050.0001.fits (at gfa_actions.py)
2025-06-04 15:01:42,894 [INFO] Performing sigma clipping to derive background and stddev. (at gfa_actions.py)
2025-06-04 15:01:43,110 [INFO] Processing FITS: /home/kspec/sanghyunc/KSPEC_ICS/GFA/Simul/kspec_gfa_controller/src/img/astroimg/astro_proc_KMTNgs.20230905T094259.0001.fits & /home/kspec/sanghyunc/KSPEC_ICS/GFA/Simul/kspec_gfa_controller/src/img/procimg/proc_KMTNgs.20230905T094259.0001.fits (at gfa_actions.py)
2025-06-04 15:01:43,116 [INFO] Performing sigma clipping to derive background and stddev. (at gfa_actions.py)
2025-06-04 15:01:43,306 [INFO] Processing FITS: /home/kspec/sanghyunc/KSPEC_ICS/GFA/Simul/kspec_gfa_controller/src/img/astroimg/astro_proc_KMTNgs.20230905T094503.0001.fits & /home/kspec/sanghyunc/KSPEC_ICS/GFA/Simul/kspec_gfa_controller/src/img/procimg/proc_KMTNgs.20230905T094503.0001.fits (at gfa_actions.py)
2025-06-04 15:01:43,312 [INFO] Performing sigma clipping to derive background and stddev. (at gfa_actions.py)
2025-06-04 15:01:43,514 [INFO] Processing FITS: /home/kspec/sanghyunc/KSPEC_ICS/GFA/Simul/kspec_gfa_controller/src/img/astroimg/astro_proc_KMTNgw.20230905T094050.0001.fits & /home/kspec/sanghyunc/KSPEC_ICS/GFA/Simul/kspec_gfa_controller/src/img/procimg/proc_KMTNgw.20230905T094050.0001.fits (at gfa_actions.py)
2025-06-04 15:01:43,520 [INFO] Performing sigma clipping to derive background and stddev. (at gfa_actions.py)
2025-06-04 15:01:43,724 [INFO] Processing FITS: /home/kspec/sanghyunc/KSPEC_ICS/GFA/Simul/kspec_gfa_controller/src/img/astroimg/astro_proc_KMTNgw.20230905T094259.0001.fits & /home/kspec/sanghyunc/KSPEC_ICS/GFA/Simul/kspec_gfa_controller/src/img/procimg/proc_KMTNgw.20230905T094259.0001.fits (at gfa_actions.py)
2025-06-04 15:01:43,730 [INFO] Performing sigma clipping to derive background and stddev. (at gfa_actions.py)
2025-06-04 15:01:43,946 [INFO] Processing FITS: /home/kspec/sanghyunc/KSPEC_ICS/GFA/Simul/kspec_gfa_controller/src/img/astroimg/astro_proc_KMTNgw.20230905T094503.0001.fits & /home/kspec/sanghyunc/KSPEC_ICS/GFA/Simul/kspec_gfa_controller/src/img/procimg/proc_KMTNgw.20230905T094503.0001.fits (at gfa_actions.py)
2025-06-04 15:01:43,952 [INFO] Performing sigma clipping to derive background and stddev. (at gfa_actions.py)
2025-06-04 15:01:44,134 [WARNING] Offsets within critical threshold; returning 0, 0. (at gfa_actions.py)
2025-06-04 15:01:44,136 [INFO] FWHM: 2.60 arcsec (at gfa_actions.py)
2025-06-04 15:01:44,136 [INFO] Guide star calibration complete. Offsets => fdx=0.00000, fdy=0.00000, FWHM=2.60248 (at gfa_actions.py)
2025-06-04 15:01:44,136 [INFO] Offsets calculated: fdx= 0.0, fdy= 0.0, FWHM=2.602476038300143 arcsec (at gfa_actions.py)
2025-06-04 15:44:30,703 [INFO] Configuration file found: /home/kspec/sanghyunc/KSPEC_ICS/GFA/Simul/kspec_gfa_controller/src/etc/cams.json (at gfa_actions.py)
2025-06-04 15:44:30,703 [INFO] Configuration file found: /home/kspec/sanghyunc/KSPEC_ICS/GFA/Simul/kspec_gfa_controller/src/etc/astrometry_params.json (at gfa_actions.py)
2025-06-04 15:44:30,703 [INFO] Initializing gfa_astrometry class. (at gfa_actions.py)
2025-06-04 15:44:30,703 [INFO] Loaded 0 FITS files. (at gfa_actions.py)
2025-06-04 15:44:30,703 [INFO] Initializing GFAGuider... (at gfa_actions.py)
2025-06-04 15:44:30,703 [INFO] GFAGuider setup complete. (at gfa_actions.py)
2025-06-04 15:44:37,295 [INFO] Guiding starts... (at gfa_actions.py)
2025-06-04 15:44:37,295 [INFO] Step #1: Grab an image (uncomment if needed). (at gfa_actions.py)
2025-06-04 15:44:42,311 [INFO] Step #2: Astrometry... (at gfa_actions.py)
2025-06-04 15:44:42,311 [INFO] Starting preprocessing for 4 files. (at gfa_actions.py)
2025-06-04 15:44:42,312 [INFO] No astrometry files found in /home/kspec/sanghyunc/KSPEC_ICS/GFA/Simul/kspec_gfa_controller/src/img/astroimg/, starting astrometric processing. (at gfa_actions.py)
2025-06-04 15:44:42,380 [INFO] Starting astrometry process for proc_KMTNge.20230905T094050.0001.fits. (at gfa_actions.py)
2025-06-04 15:44:42,382 [INFO] Starting astrometry process for proc_KMTNgw.20230905T094050.0001.fits. (at gfa_actions.py)
2025-06-04 15:44:42,383 [INFO] Starting astrometry process for proc_KMTNgn.20230905T094050.0001.fits. (at gfa_actions.py)
2025-06-04 15:44:42,385 [INFO] Starting astrometry process for proc_KMTNgs.20230905T094050.0001.fits. (at gfa_actions.py)
2025-06-04 15:44:43,407 [INFO] Astrometry results moved to /home/kspec/sanghyunc/KSPEC_ICS/GFA/Simul/kspec_gfa_controller/src/img/astroimg/astro_proc_KMTNgs.20230905T094050.0001.fits. (at gfa_actions.py)
2025-06-04 15:44:43,409 [INFO] Astrometry completed with CRVAL1: 268.543938561, CRVAL2: -32.5619156061. (at gfa_actions.py)
2025-06-04 15:44:43,409 [INFO] Combined function completed for KMTNgs.20230905T094050.0001.fits. CRVAL1: 268.543938561, CRVAL2: -32.5619156061. (at gfa_actions.py)
2025-06-04 15:44:43,671 [INFO] Astrometry results moved to /home/kspec/sanghyunc/KSPEC_ICS/GFA/Simul/kspec_gfa_controller/src/img/astroimg/astro_proc_KMTNge.20230905T094050.0001.fits. (at gfa_actions.py)
2025-06-04 15:44:43,673 [INFO] Astrometry completed with CRVAL1: 274.822403661, CRVAL2: -30.0302717159. (at gfa_actions.py)
2025-06-04 15:44:43,673 [INFO] Combined function completed for KMTNge.20230905T094050.0001.fits. CRVAL1: 274.822403661, CRVAL2: -30.0302717159. (at gfa_actions.py)
2025-06-04 15:44:44,152 [INFO] Astrometry results moved to /home/kspec/sanghyunc/KSPEC_ICS/GFA/Simul/kspec_gfa_controller/src/img/astroimg/astro_proc_KMTNgn.20230905T094050.0001.fits. (at gfa_actions.py)
2025-06-04 15:44:44,154 [INFO] Astrometry completed with CRVAL1: 268.522493699, CRVAL2: -29.9542781066. (at gfa_actions.py)
2025-06-04 15:44:44,154 [INFO] Combined function completed for KMTNgn.20230905T094050.0001.fits. CRVAL1: 268.522493699, CRVAL2: -29.9542781066. (at gfa_actions.py)
2025-06-04 15:44:45,538 [INFO] Astrometry results moved to /home/kspec/sanghyunc/KSPEC_ICS/GFA/Simul/kspec_gfa_controller/src/img/astroimg/astro_proc_KMTNgw.20230905T094050.0001.fits. (at gfa_actions.py)
2025-06-04 15:44:45,539 [INFO] Astrometry completed with CRVAL1: 271.808402152, CRVAL2: -30.0501303004. (at gfa_actions.py)
2025-06-04 15:44:45,539 [INFO] Combined function completed for KMTNgw.20230905T094050.0001.fits. CRVAL1: 271.808402152, CRVAL2: -30.0501303004. (at gfa_actions.py)
2025-06-04 15:44:45,540 [INFO] Starting star catalog generation. (at gfa_actions.py)
2025-06-04 15:44:45,555 [INFO] Star catalog generated and saved to /home/kspec/sanghyunc/KSPEC_ICS/GFA/Simul/kspec_gfa_controller/src/img/combined_star.fits. (at gfa_actions.py)
2025-06-04 15:44:45,555 [INFO] Removing temporary files. (at gfa_actions.py)
2025-06-04 15:44:45,555 [INFO] All files processed in 3.24 seconds. (at gfa_actions.py)
2025-06-04 15:44:45,555 [INFO] Preprocessing completed. (at gfa_actions.py)
2025-06-04 15:44:45,555 [INFO] Step #3: Calculating the offset... (at gfa_actions.py)
2025-06-04 15:44:45,555 [INFO] Starting guide star calibration process. (at gfa_actions.py)
2025-06-04 15:44:45,555 [INFO] Found 4 astrometry files and 4 processed files. (at gfa_actions.py)
2025-06-04 15:44:45,555 [INFO] Processing FITS: /home/kspec/sanghyunc/KSPEC_ICS/GFA/Simul/kspec_gfa_controller/src/img/astroimg/astro_proc_KMTNge.20230905T094050.0001.fits & /home/kspec/sanghyunc/KSPEC_ICS/GFA/Simul/kspec_gfa_controller/src/img/procimg/proc_KMTNge.20230905T094050.0001.fits (at gfa_actions.py)
2025-06-04 15:44:45,562 [INFO] Performing sigma clipping to derive background and stddev. (at gfa_actions.py)
2025-06-04 15:44:45,873 [INFO] Processing FITS: /home/kspec/sanghyunc/KSPEC_ICS/GFA/Simul/kspec_gfa_controller/src/img/astroimg/astro_proc_KMTNgn.20230905T094050.0001.fits & /home/kspec/sanghyunc/KSPEC_ICS/GFA/Simul/kspec_gfa_controller/src/img/procimg/proc_KMTNgn.20230905T094050.0001.fits (at gfa_actions.py)
2025-06-04 15:44:45,879 [INFO] Performing sigma clipping to derive background and stddev. (at gfa_actions.py)
2025-06-04 15:44:46,083 [INFO] Processing FITS: /home/kspec/sanghyunc/KSPEC_ICS/GFA/Simul/kspec_gfa_controller/src/img/astroimg/astro_proc_KMTNgs.20230905T094050.0001.fits & /home/kspec/sanghyunc/KSPEC_ICS/GFA/Simul/kspec_gfa_controller/src/img/procimg/proc_KMTNgs.20230905T094050.0001.fits (at gfa_actions.py)
2025-06-04 15:44:46,089 [INFO] Performing sigma clipping to derive background and stddev. (at gfa_actions.py)
2025-06-04 15:44:46,307 [INFO] Processing FITS: /home/kspec/sanghyunc/KSPEC_ICS/GFA/Simul/kspec_gfa_controller/src/img/astroimg/astro_proc_KMTNgw.20230905T094050.0001.fits & /home/kspec/sanghyunc/KSPEC_ICS/GFA/Simul/kspec_gfa_controller/src/img/procimg/proc_KMTNgw.20230905T094050.0001.fits (at gfa_actions.py)
2025-06-04 15:44:46,313 [INFO] Performing sigma clipping to derive background and stddev. (at gfa_actions.py)
2025-06-04 15:44:46,499 [WARNING] Offsets within critical threshold; returning 0, 0. (at gfa_actions.py)
2025-06-04 15:44:46,501 [INFO] FWHM: 2.50 arcsec (at gfa_actions.py)
2025-06-04 15:44:46,502 [INFO] Guide star calibration complete. Offsets => fdx=0.00000, fdy=0.00000, FWHM=2.49881 (at gfa_actions.py)
2025-06-04 15:44:46,502 [INFO] Offsets calculated: fdx= 0.0, fdy= 0.0, FWHM=2.498812930083607 arcsec (at gfa_actions.py)
2025-06-04 15:45:46,521 [INFO] Guiding starts... (at gfa_actions.py)
2025-06-04 15:45:46,521 [INFO] Step #1: Grab an image (uncomment if needed). (at gfa_actions.py)
2025-06-04 15:45:51,537 [INFO] Step #2: Astrometry... (at gfa_actions.py)
2025-06-04 15:45:51,538 [INFO] Starting preprocessing for 8 files. (at gfa_actions.py)
2025-06-04 15:45:51,538 [INFO] Astrometry data exists. Processing raw files separately. (at gfa_actions.py)
2025-06-04 15:45:51,712 [INFO] All files processed in 0.17 seconds. (at gfa_actions.py)
2025-06-04 15:45:51,712 [INFO] Preprocessing completed. (at gfa_actions.py)
2025-06-04 15:45:51,712 [INFO] Step #3: Calculating the offset... (at gfa_actions.py)
2025-06-04 15:45:51,712 [INFO] Starting guide star calibration process. (at gfa_actions.py)
2025-06-04 15:45:51,713 [INFO] Found 4 astrometry files and 8 processed files. (at gfa_actions.py)
2025-06-04 15:45:51,713 [INFO] Processing FITS: /home/kspec/sanghyunc/KSPEC_ICS/GFA/Simul/kspec_gfa_controller/src/img/astroimg/astro_proc_KMTNge.20230905T094050.0001.fits & /home/kspec/sanghyunc/KSPEC_ICS/GFA/Simul/kspec_gfa_controller/src/img/procimg/proc_KMTNge.20230905T094050.0001.fits (at gfa_actions.py)
2025-06-04 15:45:51,734 [INFO] Performing sigma clipping to derive background and stddev. (at gfa_actions.py)
2025-06-04 15:45:51,939 [INFO] Processing FITS: /home/kspec/sanghyunc/KSPEC_ICS/GFA/Simul/kspec_gfa_controller/src/img/astroimg/astro_proc_KMTNgn.20230905T094050.0001.fits & /home/kspec/sanghyunc/KSPEC_ICS/GFA/Simul/kspec_gfa_controller/src/img/procimg/proc_KMTNge.20230905T094259.0001.fits (at gfa_actions.py)
2025-06-04 15:45:51,945 [INFO] Performing sigma clipping to derive background and stddev. (at gfa_actions.py)
2025-06-04 15:45:52,156 [INFO] Processing FITS: /home/kspec/sanghyunc/KSPEC_ICS/GFA/Simul/kspec_gfa_controller/src/img/astroimg/astro_proc_KMTNgs.20230905T094050.0001.fits & /home/kspec/sanghyunc/KSPEC_ICS/GFA/Simul/kspec_gfa_controller/src/img/procimg/proc_KMTNgn.20230905T094050.0001.fits (at gfa_actions.py)
2025-06-04 15:45:52,162 [INFO] Performing sigma clipping to derive background and stddev. (at gfa_actions.py)
2025-06-04 15:45:52,372 [INFO] Processing FITS: /home/kspec/sanghyunc/KSPEC_ICS/GFA/Simul/kspec_gfa_controller/src/img/astroimg/astro_proc_KMTNgw.20230905T094050.0001.fits & /home/kspec/sanghyunc/KSPEC_ICS/GFA/Simul/kspec_gfa_controller/src/img/procimg/proc_KMTNgn.20230905T094259.0001.fits (at gfa_actions.py)
2025-06-04 15:45:52,378 [INFO] Performing sigma clipping to derive background and stddev. (at gfa_actions.py)
2025-06-04 15:45:52,582 [INFO] Final offset: fdx=1.3387, fdy=0.3799 (at gfa_actions.py)
2025-06-04 15:45:52,584 [INFO] FWHM: 2.27 arcsec (at gfa_actions.py)
2025-06-04 15:45:52,584 [INFO] Guide star calibration complete. Offsets => fdx=1.33872, fdy=0.37995, FWHM=2.27248 (at gfa_actions.py)
2025-06-04 15:45:52,584 [INFO] Offsets calculated: fdx= 1.338722583984538, fdy= 0.3799473043280091, FWHM=2.272481968573949 arcsec (at gfa_actions.py)
2025-06-04 16:12:14,647 [INFO] Configuration file found: /home/kspec/sanghyunc/KSPEC_ICS/GFA/Simul/kspec_gfa_controller/src/etc/cams.json (at gfa_actions.py)
2025-06-04 16:12:14,647 [INFO] Configuration file found: /home/kspec/sanghyunc/KSPEC_ICS/GFA/Simul/kspec_gfa_controller/src/etc/astrometry_params.json (at gfa_actions.py)
2025-06-04 16:12:14,647 [INFO] Initializing gfa_astrometry class. (at gfa_actions.py)
2025-06-04 16:12:14,648 [INFO] Loaded 8 FITS files. (at gfa_actions.py)
2025-06-04 16:12:14,648 [INFO] Initializing GFAGuider... (at gfa_actions.py)
2025-06-04 16:12:14,648 [INFO] GFAGuider setup complete. (at gfa_actions.py)
2025-06-04 16:17:18,168 [INFO] Guiding starts... (at gfa_actions.py)
2025-06-04 16:17:18,168 [INFO] Step #1: Grab an image (uncomment if needed). (at gfa_actions.py)
2025-06-04 16:17:23,189 [INFO] Step #2: Astrometry... (at gfa_actions.py)
2025-06-04 16:17:23,190 [INFO] Starting preprocessing for 8 files. (at gfa_actions.py)
2025-06-04 16:17:23,190 [INFO] No astrometry files found in /home/kspec/sanghyunc/KSPEC_ICS/GFA/Simul/kspec_gfa_controller/src/img/astroimg/, starting astrometric processing. (at gfa_actions.py)
2025-06-04 16:17:23,335 [INFO] Starting astrometry process for proc_KMTNgs.20230905T094050.0001.fits. (at gfa_actions.py)
2025-06-04 16:17:23,368 [INFO] Starting astrometry process for proc_KMTNgs.20230905T094259.0001.fits. (at gfa_actions.py)
2025-06-04 16:17:23,369 [INFO] Starting astrometry process for proc_KMTNgn.20230905T094259.0001.fits. (at gfa_actions.py)
2025-06-04 16:17:23,370 [INFO] Starting astrometry process for proc_KMTNge.20230905T094050.0001.fits. (at gfa_actions.py)
2025-06-04 16:17:23,371 [INFO] Starting astrometry process for proc_KMTNgw.20230905T094259.0001.fits. (at gfa_actions.py)
2025-06-04 16:17:23,380 [INFO] Starting astrometry process for proc_KMTNge.20230905T094259.0001.fits. (at gfa_actions.py)
2025-06-04 16:17:23,382 [INFO] Starting astrometry process for proc_KMTNgw.20230905T094050.0001.fits. (at gfa_actions.py)
2025-06-04 16:17:23,382 [INFO] Starting astrometry process for proc_KMTNgn.20230905T094050.0001.fits. (at gfa_actions.py)
2025-06-04 16:17:24,424 [INFO] Astrometry results moved to /home/kspec/sanghyunc/KSPEC_ICS/GFA/Simul/kspec_gfa_controller/src/img/astroimg/astro_proc_KMTNgs.20230905T094050.0001.fits. (at gfa_actions.py)
2025-06-04 16:17:24,427 [INFO] Astrometry completed with CRVAL1: 268.543938561, CRVAL2: -32.5619156061. (at gfa_actions.py)
2025-06-04 16:17:24,427 [INFO] Combined function completed for KMTNgs.20230905T094050.0001.fits. CRVAL1: 268.543938561, CRVAL2: -32.5619156061. (at gfa_actions.py)
2025-06-04 16:17:24,644 [INFO] Astrometry results moved to /home/kspec/sanghyunc/KSPEC_ICS/GFA/Simul/kspec_gfa_controller/src/img/astroimg/astro_proc_KMTNgs.20230905T094259.0001.fits. (at gfa_actions.py)
2025-06-04 16:17:24,646 [INFO] Astrometry completed with CRVAL1: 273.326446789, CRVAL2: -31.3541057196. (at gfa_actions.py)
2025-06-04 16:17:24,646 [INFO] Combined function completed for KMTNgs.20230905T094259.0001.fits. CRVAL1: 273.326446789, CRVAL2: -31.3541057196. (at gfa_actions.py)
2025-06-04 16:17:24,713 [INFO] Astrometry results moved to /home/kspec/sanghyunc/KSPEC_ICS/GFA/Simul/kspec_gfa_controller/src/img/astroimg/astro_proc_KMTNgw.20230905T094259.0001.fits. (at gfa_actions.py)
2025-06-04 16:17:24,715 [INFO] Astrometry completed with CRVAL1: 271.80833285, CRVAL2: -30.0500948589. (at gfa_actions.py)
2025-06-04 16:17:24,715 [INFO] Combined function completed for KMTNgw.20230905T094259.0001.fits. CRVAL1: 271.80833285, CRVAL2: -30.0500948589. (at gfa_actions.py)
2025-06-04 16:17:24,718 [INFO] Astrometry results moved to /home/kspec/sanghyunc/KSPEC_ICS/GFA/Simul/kspec_gfa_controller/src/img/astroimg/astro_proc_KMTNge.20230905T094050.0001.fits. (at gfa_actions.py)
2025-06-04 16:17:24,719 [INFO] Astrometry completed with CRVAL1: 274.822403661, CRVAL2: -30.0302717159. (at gfa_actions.py)
2025-06-04 16:17:24,720 [INFO] Combined function completed for KMTNge.20230905T094050.0001.fits. CRVAL1: 274.822403661, CRVAL2: -30.0302717159. (at gfa_actions.py)
2025-06-04 16:17:25,200 [INFO] Astrometry results moved to /home/kspec/sanghyunc/KSPEC_ICS/GFA/Simul/kspec_gfa_controller/src/img/astroimg/astro_proc_KMTNge.20230905T094259.0001.fits. (at gfa_actions.py)
2025-06-04 16:17:25,202 [INFO] Astrometry completed with CRVAL1: 270.025260695, CRVAL2: -29.1298121308. (at gfa_actions.py)
2025-06-04 16:17:25,202 [INFO] Combined function completed for KMTNge.20230905T094259.0001.fits. CRVAL1: 270.025260695, CRVAL2: -29.1298121308. (at gfa_actions.py)
2025-06-04 16:17:25,225 [INFO] Astrometry results moved to /home/kspec/sanghyunc/KSPEC_ICS/GFA/Simul/kspec_gfa_controller/src/img/astroimg/astro_proc_KMTNgn.20230905T094050.0001.fits. (at gfa_actions.py)
2025-06-04 16:17:25,226 [INFO] Astrometry completed with CRVAL1: 268.522493699, CRVAL2: -29.9542781066. (at gfa_actions.py)
2025-06-04 16:17:25,226 [INFO] Combined function completed for KMTNgn.20230905T094050.0001.fits. CRVAL1: 268.522493699, CRVAL2: -29.9542781066. (at gfa_actions.py)
2025-06-04 16:17:26,642 [INFO] Astrometry results moved to /home/kspec/sanghyunc/KSPEC_ICS/GFA/Simul/kspec_gfa_controller/src/img/astroimg/astro_proc_KMTNgw.20230905T094050.0001.fits. (at gfa_actions.py)
2025-06-04 16:17:26,643 [INFO] Astrometry completed with CRVAL1: 271.808402152, CRVAL2: -30.0501303004. (at gfa_actions.py)
2025-06-04 16:17:26,643 [INFO] Combined function completed for KMTNgw.20230905T094050.0001.fits. CRVAL1: 271.808402152, CRVAL2: -30.0501303004. (at gfa_actions.py)
2025-06-04 16:17:30,734 [INFO] Astrometry results moved to /home/kspec/sanghyunc/KSPEC_ICS/GFA/Simul/kspec_gfa_controller/src/img/astroimg/astro_proc_KMTNgn.20230905T094259.0001.fits. (at gfa_actions.py)
2025-06-04 16:17:30,735 [INFO] Astrometry completed with CRVAL1: 273.305352256, CRVAL2: -28.7463520937. (at gfa_actions.py)
2025-06-04 16:17:30,735 [INFO] Combined function completed for KMTNgn.20230905T094259.0001.fits. CRVAL1: 273.305352256, CRVAL2: -28.7463520937. (at gfa_actions.py)
2025-06-04 16:17:30,736 [INFO] Starting star catalog generation. (at gfa_actions.py)
2025-06-04 16:17:30,762 [INFO] Star catalog generated and saved to /home/kspec/sanghyunc/KSPEC_ICS/GFA/Simul/kspec_gfa_controller/src/img/combined_star.fits. (at gfa_actions.py)
2025-06-04 16:17:30,762 [INFO] Removing temporary files. (at gfa_actions.py)
2025-06-04 16:17:30,763 [INFO] All files processed in 7.57 seconds. (at gfa_actions.py)
2025-06-04 16:17:30,763 [INFO] Preprocessing completed. (at gfa_actions.py)
2025-06-04 16:17:30,763 [INFO] Step #3: Calculating the offset... (at gfa_actions.py)
2025-06-04 16:17:30,763 [INFO] Starting guide star calibration process. (at gfa_actions.py)
2025-06-04 16:17:30,763 [INFO] Found 8 astrometry files and 8 processed files. (at gfa_actions.py)
2025-06-04 16:17:30,763 [INFO] Processing FITS: /home/kspec/sanghyunc/KSPEC_ICS/GFA/Simul/kspec_gfa_controller/src/img/astroimg/astro_proc_KMTNge.20230905T094050.0001.fits & /home/kspec/sanghyunc/KSPEC_ICS/GFA/Simul/kspec_gfa_controller/src/img/procimg/proc_KMTNge.20230905T094050.0001.fits (at gfa_actions.py)
2025-06-04 16:17:30,770 [INFO] Performing sigma clipping to derive background and stddev. (at gfa_actions.py)
2025-06-04 16:17:31,072 [INFO] Processing FITS: /home/kspec/sanghyunc/KSPEC_ICS/GFA/Simul/kspec_gfa_controller/src/img/astroimg/astro_proc_KMTNge.20230905T094259.0001.fits & /home/kspec/sanghyunc/KSPEC_ICS/GFA/Simul/kspec_gfa_controller/src/img/procimg/proc_KMTNge.20230905T094259.0001.fits (at gfa_actions.py)
2025-06-04 16:17:31,078 [INFO] Performing sigma clipping to derive background and stddev. (at gfa_actions.py)
2025-06-04 16:17:31,285 [INFO] Processing FITS: /home/kspec/sanghyunc/KSPEC_ICS/GFA/Simul/kspec_gfa_controller/src/img/astroimg/astro_proc_KMTNgn.20230905T094050.0001.fits & /home/kspec/sanghyunc/KSPEC_ICS/GFA/Simul/kspec_gfa_controller/src/img/procimg/proc_KMTNgn.20230905T094050.0001.fits (at gfa_actions.py)
2025-06-04 16:17:31,292 [INFO] Performing sigma clipping to derive background and stddev. (at gfa_actions.py)
2025-06-04 16:17:31,489 [INFO] Processing FITS: /home/kspec/sanghyunc/KSPEC_ICS/GFA/Simul/kspec_gfa_controller/src/img/astroimg/astro_proc_KMTNgn.20230905T094259.0001.fits & /home/kspec/sanghyunc/KSPEC_ICS/GFA/Simul/kspec_gfa_controller/src/img/procimg/proc_KMTNgn.20230905T094259.0001.fits (at gfa_actions.py)
2025-06-04 16:17:31,495 [INFO] Performing sigma clipping to derive background and stddev. (at gfa_actions.py)
2025-06-04 16:17:31,726 [INFO] Processing FITS: /home/kspec/sanghyunc/KSPEC_ICS/GFA/Simul/kspec_gfa_controller/src/img/astroimg/astro_proc_KMTNgs.20230905T094050.0001.fits & /home/kspec/sanghyunc/KSPEC_ICS/GFA/Simul/kspec_gfa_controller/src/img/procimg/proc_KMTNgs.20230905T094050.0001.fits (at gfa_actions.py)
2025-06-04 16:17:31,732 [INFO] Performing sigma clipping to derive background and stddev. (at gfa_actions.py)
2025-06-04 16:17:31,943 [INFO] Processing FITS: /home/kspec/sanghyunc/KSPEC_ICS/GFA/Simul/kspec_gfa_controller/src/img/astroimg/astro_proc_KMTNgs.20230905T094259.0001.fits & /home/kspec/sanghyunc/KSPEC_ICS/GFA/Simul/kspec_gfa_controller/src/img/procimg/proc_KMTNgs.20230905T094259.0001.fits (at gfa_actions.py)
2025-06-04 16:17:31,949 [INFO] Performing sigma clipping to derive background and stddev. (at gfa_actions.py)
2025-06-04 16:17:32,134 [INFO] Processing FITS: /home/kspec/sanghyunc/KSPEC_ICS/GFA/Simul/kspec_gfa_controller/src/img/astroimg/astro_proc_KMTNgw.20230905T094050.0001.fits & /home/kspec/sanghyunc/KSPEC_ICS/GFA/Simul/kspec_gfa_controller/src/img/procimg/proc_KMTNgw.20230905T094050.0001.fits (at gfa_actions.py)
2025-06-04 16:17:32,140 [INFO] Performing sigma clipping to derive background and stddev. (at gfa_actions.py)
2025-06-04 16:17:32,338 [INFO] Processing FITS: /home/kspec/sanghyunc/KSPEC_ICS/GFA/Simul/kspec_gfa_controller/src/img/astroimg/astro_proc_KMTNgw.20230905T094259.0001.fits & /home/kspec/sanghyunc/KSPEC_ICS/GFA/Simul/kspec_gfa_controller/src/img/procimg/proc_KMTNgw.20230905T094259.0001.fits (at gfa_actions.py)
2025-06-04 16:17:32,344 [INFO] Performing sigma clipping to derive background and stddev. (at gfa_actions.py)
2025-06-04 16:17:32,558 [WARNING] Offsets within critical threshold; returning 0, 0. (at gfa_actions.py)
2025-06-04 16:17:32,561 [INFO] FWHM: 2.57 arcsec (at gfa_actions.py)
2025-06-04 16:17:32,561 [INFO] Guide star calibration complete. Offsets => fdx=0.00000, fdy=0.00000, FWHM=2.56911 (at gfa_actions.py)
2025-06-04 16:17:32,561 [INFO] Offsets calculated: fdx= 0.0, fdy= 0.0, FWHM=2.569112880386174 arcsec (at gfa_actions.py)
