2025-12-28 16:58:31,058 [INFO] Initialized GFAEnvironment with role 'plate' and cameras [1, 2, 3, 4, 5, 6]
2025-12-28 16:58:31,058 [INFO] Initializing gfa_astrometry class.
2025-12-28 16:58:31,064 [INFO] Initializing GFAGuider...
2025-12-28 16:58:31,064 [DEBUG] Processed dir: /media/shyunc/DATA/KSpec/KSPEC_ICS/GFA/Simul/kspec_gfa_controller/src/img/procimg
2025-12-28 16:58:31,065 [DEBUG] Final astro dir: /media/shyunc/DATA/KSpec/KSPEC_ICS/GFA/Simul/kspec_gfa_controller/src/img/astroimg/
2025-12-28 16:58:31,065 [DEBUG] Cutout dir: /media/shyunc/DATA/KSpec/KSPEC_ICS/GFA/Simul/kspec_gfa_controller/src/img/cutout
2025-12-28 16:58:31,065 [INFO] GFAGuider setup complete.
2025-12-28 16:58:31,065 [INFO] Initialized GFAEnvironment with role 'finder' and cameras [7]
2025-12-28 16:58:43,564 [INFO] Querying camera statuses...
2025-12-28 16:59:54,132 [INFO] Starting pointing sequence...
2025-12-28 16:59:54,133 [INFO] Target RA/DEC: 12:34:56.7, -31:23:45.6
2025-12-28 16:59:54,134 [INFO] Pointing raw save path: /media/shyunc/DATA/KSpec/KSPEC_ICS/GFA/Simul/kspec_gfa_controller/src/img/pointing_raw/2025-12-28
2025-12-28 16:59:54,135 [INFO] Grabbing pointing images (CamNum=0, ExpTime=5.0, Binning=4)...
2025-12-28 16:59:54,136 [ERROR] No FITS images found in /media/shyunc/DATA/KSpec/KSPEC_ICS/GFA/Simul/kspec_gfa_controller/src/img/pointing_raw/2025-12-28
2025-12-28 17:01:37,265 [INFO] Starting pointing sequence...
2025-12-28 17:01:37,265 [INFO] Target RA/DEC: 12:34:56.7, -31:23:45.6
2025-12-28 17:01:37,265 [INFO] Pointing raw save path: /media/shyunc/DATA/KSpec/KSPEC_ICS/GFA/Simul/kspec_gfa_controller/src/img/pointing_raw/2025-12-28
2025-12-28 17:01:37,266 [INFO] Grabbing pointing images (CamNum=0, ExpTime=5.0, Binning=4)...
2025-12-28 17:01:37,266 [ERROR] No FITS images found in /media/shyunc/DATA/KSpec/KSPEC_ICS/GFA/Simul/kspec_gfa_controller/src/img/pointing_raw/2025-12-28
2025-12-28 17:01:59,754 [INFO] Starting pointing sequence...
2025-12-28 17:01:59,755 [INFO] Target RA/DEC: 12:34:56.7, -31:23:45.6
2025-12-28 17:01:59,755 [INFO] Pointing raw save path: /media/shyunc/DATA/KSpec/KSPEC_ICS/GFA/Simul/kspec_gfa_controller/src/img/pointing_raw/2025-12-28
2025-12-28 17:01:59,757 [INFO] Grabbing pointing images (CamNum=0, ExpTime=5.0, Binning=4)...
2025-12-28 17:01:59,758 [INFO] Found 4 images for pointing.
2025-12-28 17:01:59,758 [INFO] Solving astrometry for CRVALs (max_workers=4)...
