2026-03-10 10:03:50,428 [INFO] Initialized GFAEnvironment with role 'plate' and cameras [1, 2, 3, 4, 5, 6]
2026-03-10 10:03:50,428 [INFO] Initializing GFAGuider...
2026-03-10 10:03:50,428 [DEBUG] Raw dir       : /media/shyunc/DATA/KSpec/KSPEC_ICS/GFA/Simul/kspec_gfa_controller/src/img/raw
2026-03-10 10:03:50,428 [DEBUG] Final astro dir: /media/shyunc/DATA/KSpec/KSPEC_ICS/GFA/Simul/kspec_gfa_controller/src/img/astroimg/
2026-03-10 10:03:50,428 [DEBUG] Cutout dir    : /media/shyunc/DATA/KSpec/KSPEC_ICS/GFA/Simul/kspec_gfa_controller/src/img/cutout
2026-03-10 10:03:50,428 [DEBUG] Star catalog  : /media/shyunc/DATA/KSpec/KSPEC_ICS/GFA/Simul/kspec_gfa_controller/src/img/combined_star.fits
2026-03-10 10:03:50,429 [INFO] GFAGuider setup complete.
2026-03-10 10:03:50,429 [INFO] Initialized GFAEnvironment with role 'finder' and cameras [7]
2026-03-10 10:07:55,219 [INFO] [guiding] save=True, raw_save_path=/media/shyunc/DATA/KSpec/KSPEC_ICS/GFA/Simul/kspec_gfa_controller/src/img/raw, guiding_save_path=/media/shyunc/DATA/KSpec/KSPEC_ICS/GFA/Simul/kspec_gfa_controller/src/img/guiding_save/2026-03-10
2026-03-10 10:07:55,219 [INFO] Starting guiding sequence...
2026-03-10 10:07:55,219 [INFO] Ensuring astrometry outputs are ready (no procimg dependency)...
2026-03-10 10:07:55,280 [INFO] Guiding test......
2026-03-10 10:08:25,284 [INFO] [guiding] save=True, raw_save_path=/media/shyunc/DATA/KSpec/KSPEC_ICS/GFA/Simul/kspec_gfa_controller/src/img/raw, guiding_save_path=/media/shyunc/DATA/KSpec/KSPEC_ICS/GFA/Simul/kspec_gfa_controller/src/img/guiding_save/2026-03-10
2026-03-10 10:08:25,284 [INFO] Starting guiding sequence...
2026-03-10 10:08:25,285 [INFO] Ensuring astrometry outputs are ready (no procimg dependency)...
2026-03-10 10:08:25,345 [INFO] Guiding test......
2026-03-10 10:08:55,350 [INFO] [guiding] save=True, raw_save_path=/media/shyunc/DATA/KSpec/KSPEC_ICS/GFA/Simul/kspec_gfa_controller/src/img/raw, guiding_save_path=/media/shyunc/DATA/KSpec/KSPEC_ICS/GFA/Simul/kspec_gfa_controller/src/img/guiding_save/2026-03-10
2026-03-10 10:08:55,350 [INFO] Starting guiding sequence...
2026-03-10 10:08:55,351 [INFO] Ensuring astrometry outputs are ready (no procimg dependency)...
2026-03-10 10:08:55,410 [INFO] Guiding test......
2026-03-10 10:14:47,521 [INFO] Initialized GFAEnvironment with role 'plate' and cameras [1, 2, 3, 4, 5, 6]
2026-03-10 10:14:47,521 [INFO] Initializing GFAGuider...
2026-03-10 10:14:47,522 [DEBUG] Raw dir       : /media/shyunc/DATA/KSpec/KSPEC_ICS/GFA/Simul/kspec_gfa_controller/src/img/raw
2026-03-10 10:14:47,522 [DEBUG] Final astro dir: /media/shyunc/DATA/KSpec/KSPEC_ICS/GFA/Simul/kspec_gfa_controller/src/img/astroimg/
2026-03-10 10:14:47,522 [DEBUG] Cutout dir    : /media/shyunc/DATA/KSpec/KSPEC_ICS/GFA/Simul/kspec_gfa_controller/src/img/cutout
2026-03-10 10:14:47,522 [DEBUG] Star catalog  : /media/shyunc/DATA/KSpec/KSPEC_ICS/GFA/Simul/kspec_gfa_controller/src/img/combined_star.fits
2026-03-10 10:14:47,522 [INFO] GFAGuider setup complete.
2026-03-10 10:14:47,523 [INFO] Initialized GFAEnvironment with role 'finder' and cameras [7]
2026-03-10 10:14:49,851 [INFO] [guiding] save=True, raw_save_path=/media/shyunc/DATA/KSpec/KSPEC_ICS/GFA/Simul/kspec_gfa_controller/src/img/raw, guiding_save_path=/media/shyunc/DATA/KSpec/KSPEC_ICS/GFA/Simul/kspec_gfa_controller/src/img/guiding_save/2026-03-10
2026-03-10 10:14:49,851 [INFO] Starting guiding sequence...
2026-03-10 10:14:49,851 [INFO] Ensuring astrometry outputs are ready (no procimg dependency)...
2026-03-10 10:14:49,937 [INFO] Guiding test......
2026-03-10 10:15:19,942 [INFO] [guiding] save=True, raw_save_path=/media/shyunc/DATA/KSpec/KSPEC_ICS/GFA/Simul/kspec_gfa_controller/src/img/raw, guiding_save_path=/media/shyunc/DATA/KSpec/KSPEC_ICS/GFA/Simul/kspec_gfa_controller/src/img/guiding_save/2026-03-10
2026-03-10 10:15:19,942 [INFO] Starting guiding sequence...
2026-03-10 10:15:19,942 [INFO] Ensuring astrometry outputs are ready (no procimg dependency)...
2026-03-10 10:15:20,004 [INFO] Guiding test......
2026-03-10 10:15:50,009 [INFO] [guiding] save=True, raw_save_path=/media/shyunc/DATA/KSpec/KSPEC_ICS/GFA/Simul/kspec_gfa_controller/src/img/raw, guiding_save_path=/media/shyunc/DATA/KSpec/KSPEC_ICS/GFA/Simul/kspec_gfa_controller/src/img/guiding_save/2026-03-10
2026-03-10 10:15:50,009 [INFO] Starting guiding sequence...
2026-03-10 10:15:50,010 [INFO] Ensuring astrometry outputs are ready (no procimg dependency)...
2026-03-10 10:15:50,069 [INFO] Guiding test......
2026-03-10 10:16:20,074 [INFO] [guiding] save=True, raw_save_path=/media/shyunc/DATA/KSpec/KSPEC_ICS/GFA/Simul/kspec_gfa_controller/src/img/raw, guiding_save_path=/media/shyunc/DATA/KSpec/KSPEC_ICS/GFA/Simul/kspec_gfa_controller/src/img/guiding_save/2026-03-10
2026-03-10 10:16:20,074 [INFO] Starting guiding sequence...
2026-03-10 10:16:20,075 [INFO] Ensuring astrometry outputs are ready (no procimg dependency)...
2026-03-10 10:16:20,157 [INFO] Guiding test......
2026-03-10 10:16:51,068 [INFO] [guiding] save=True, raw_save_path=/media/shyunc/DATA/KSpec/KSPEC_ICS/GFA/Simul/kspec_gfa_controller/src/img/raw, guiding_save_path=/media/shyunc/DATA/KSpec/KSPEC_ICS/GFA/Simul/kspec_gfa_controller/src/img/guiding_save/2026-03-10
2026-03-10 10:16:51,069 [INFO] Starting guiding sequence...
2026-03-10 10:16:51,069 [INFO] Ensuring astrometry outputs are ready (no procimg dependency)...
2026-03-10 10:16:51,129 [INFO] Guiding test......
2026-03-10 13:13:38,016 [INFO] Initialized GFAEnvironment with role 'plate' and cameras [1, 2, 3, 4, 5, 6]
2026-03-10 13:13:38,016 [INFO] Initializing GFAGuider...
2026-03-10 13:13:38,016 [DEBUG] Raw dir       : /media/shyunc/DATA/KSpec/KSPEC_ICS/GFA/Simul/kspec_gfa_controller/src/img/raw
2026-03-10 13:13:38,016 [DEBUG] Final astro dir: /media/shyunc/DATA/KSpec/KSPEC_ICS/GFA/Simul/kspec_gfa_controller/src/img/astroimg/
2026-03-10 13:13:38,016 [DEBUG] Cutout dir    : /media/shyunc/DATA/KSpec/KSPEC_ICS/GFA/Simul/kspec_gfa_controller/src/img/cutout
2026-03-10 13:13:38,016 [DEBUG] Star catalog  : /media/shyunc/DATA/KSpec/KSPEC_ICS/GFA/Simul/kspec_gfa_controller/src/img/combined_star.fits
2026-03-10 13:13:38,017 [INFO] GFAGuider setup complete.
2026-03-10 13:13:38,017 [INFO] Initialized GFAEnvironment with role 'finder' and cameras [7]
2026-03-10 13:14:30,772 [INFO] [guiding] save=True, raw_save_path=/media/shyunc/DATA/KSpec/KSPEC_ICS/GFA/Simul/kspec_gfa_controller/src/img/raw, guiding_save_path=/media/shyunc/DATA/KSpec/KSPEC_ICS/GFA/Simul/kspec_gfa_controller/src/img/guiding_save/2026-03-10
2026-03-10 13:14:30,772 [INFO] Starting guiding sequence...
2026-03-10 13:14:30,772 [INFO] Ensuring astrometry outputs are ready (no procimg depeasync def guiding(ndency)...
2026-03-10 13:14:30,836 [INFO] Guiding test......
2026-03-10 13:15:00,841 [INFO] [guiding] save=True, raw_save_path=/media/shyunc/DATA/KSpec/KSPEC_ICS/GFA/Simul/kspec_gfa_controller/src/img/raw, guiding_save_path=/media/shyunc/DATA/KSpec/KSPEC_ICS/GFA/Simul/kspec_gfa_controller/src/img/guiding_save/2026-03-10
2026-03-10 13:15:00,841 [INFO] Starting guiding sequence...
2026-03-10 13:15:00,842 [INFO] Ensuring astrometry outputs are ready (no procimg depeasync def guiding(ndency)...
2026-03-10 13:15:00,901 [INFO] Guiding test......
2026-03-10 13:15:28,562 [INFO] [guiding] save=True, raw_save_path=/media/shyunc/DATA/KSpec/KSPEC_ICS/GFA/Simul/kspec_gfa_controller/src/img/raw, guiding_save_path=/media/shyunc/DATA/KSpec/KSPEC_ICS/GFA/Simul/kspec_gfa_controller/src/img/guiding_save/2026-03-10
2026-03-10 13:15:28,562 [INFO] Starting guiding sequence...
2026-03-10 13:15:28,562 [INFO] Ensuring astrometry outputs are ready (no procimg depeasync def guiding(ndency)...
2026-03-10 13:15:28,626 [INFO] Guiding test......
2026-03-10 13:15:58,630 [INFO] [guiding] save=True, raw_save_path=/media/shyunc/DATA/KSpec/KSPEC_ICS/GFA/Simul/kspec_gfa_controller/src/img/raw, guiding_save_path=/media/shyunc/DATA/KSpec/KSPEC_ICS/GFA/Simul/kspec_gfa_controller/src/img/guiding_save/2026-03-10
2026-03-10 13:15:58,631 [INFO] Starting guiding sequence...
2026-03-10 13:15:58,631 [INFO] Ensuring astrometry outputs are ready (no procimg depeasync def guiding(ndency)...
2026-03-10 13:15:58,691 [INFO] Guiding test......
2026-03-10 13:16:28,694 [INFO] [guiding] save=True, raw_save_path=/media/shyunc/DATA/KSpec/KSPEC_ICS/GFA/Simul/kspec_gfa_controller/src/img/raw, guiding_save_path=/media/shyunc/DATA/KSpec/KSPEC_ICS/GFA/Simul/kspec_gfa_controller/src/img/guiding_save/2026-03-10
2026-03-10 13:16:28,694 [INFO] Starting guiding sequence...
2026-03-10 13:16:28,695 [INFO] Ensuring astrometry outputs are ready (no procimg depeasync def guiding(ndency)...
2026-03-10 13:16:28,754 [INFO] Guiding test......
2026-03-10 13:16:58,757 [INFO] [guiding] save=True, raw_save_path=/media/shyunc/DATA/KSpec/KSPEC_ICS/GFA/Simul/kspec_gfa_controller/src/img/raw, guiding_save_path=/media/shyunc/DATA/KSpec/KSPEC_ICS/GFA/Simul/kspec_gfa_controller/src/img/guiding_save/2026-03-10
2026-03-10 13:16:58,758 [INFO] Starting guiding sequence...
2026-03-10 13:16:58,759 [INFO] Ensuring astrometry outputs are ready (no procimg depeasync def guiding(ndency)...
2026-03-10 13:16:58,847 [INFO] Guiding test......
2026-03-10 13:17:11,867 [INFO] [guiding] save=True, raw_save_path=/media/shyunc/DATA/KSpec/KSPEC_ICS/GFA/Simul/kspec_gfa_controller/src/img/raw, guiding_save_path=/media/shyunc/DATA/KSpec/KSPEC_ICS/GFA/Simul/kspec_gfa_controller/src/img/guiding_save/2026-03-10
2026-03-10 13:17:11,867 [INFO] Starting guiding sequence...
2026-03-10 13:17:11,867 [INFO] Ensuring astrometry outputs are ready (no procimg depeasync def guiding(ndency)...
2026-03-10 13:17:11,928 [INFO] Guiding test......
