2025-03-05 10:29:59,961 [INFO] Configuration file found: /media/shyunc/DATA/KSpec/KSPEC_ICS/GFA/Simul/kspec_gfa_controller/src/etc/cams.json (at gfa_actions.py)
2025-03-05 10:29:59,961 [INFO] Configuration file found: /media/shyunc/DATA/KSpec/KSPEC_ICS/GFA/Simul/kspec_gfa_controller/src/etc/astrometry_params.json (at gfa_actions.py)
2025-03-05 10:29:59,962 [INFO] Initializing gfa_astrometry class. (at gfa_actions.py)
2025-03-05 10:29:59,962 [INFO] Loaded 4 FITS files. (at gfa_actions.py)
2025-03-05 10:29:59,962 [INFO] Initializing GFAGuider... (at gfa_actions.py)
2025-03-05 10:29:59,962 [INFO] GFAGuider setup complete. (at gfa_actions.py)
2025-03-05 10:30:13,305 [INFO] Guiding starts... (at gfa_actions.py)
2025-03-05 10:30:13,305 [INFO] Step #1: Grab an image (uncomment if needed). (at gfa_actions.py)
2025-03-05 10:30:13,306 [INFO] Step #2: Astrometry... (at gfa_actions.py)
2025-03-05 10:30:13,306 [INFO] Step #3: Calculating the offset... (at gfa_actions.py)
2025-03-05 10:30:13,306 [INFO] Offsets calculated: fdx= $$, fdy=$$, FWHM=$$$ arcsec (at gfa_actions.py)
2025-03-05 10:57:58,778 [INFO] Guiding starts... (at gfa_actions.py)
2025-03-05 10:57:58,779 [INFO] Step #1: Grab an image (uncomment if needed). (at gfa_actions.py)
2025-03-05 10:57:58,779 [INFO] Step #2: Astrometry... (at gfa_actions.py)
2025-03-05 10:57:58,780 [INFO] Step #3: Calculating the offset... (at gfa_actions.py)
2025-03-05 10:57:58,780 [INFO] Offsets calculated: fdx= $$, fdy=$$, FWHM=$$$ arcsec (at gfa_actions.py)
2025-03-05 10:58:28,813 [INFO] Guiding starts... (at gfa_actions.py)
2025-03-05 10:58:28,814 [INFO] Step #1: Grab an image (uncomment if needed). (at gfa_actions.py)
2025-03-05 10:58:28,814 [INFO] Step #2: Astrometry... (at gfa_actions.py)
2025-03-05 10:58:28,815 [INFO] Step #3: Calculating the offset... (at gfa_actions.py)
2025-03-05 10:58:28,815 [INFO] Offsets calculated: fdx= $$, fdy=$$, FWHM=$$$ arcsec (at gfa_actions.py)
2025-03-05 10:58:58,847 [INFO] Guiding starts... (at gfa_actions.py)
2025-03-05 10:58:58,848 [INFO] Step #1: Grab an image (uncomment if needed). (at gfa_actions.py)
2025-03-05 10:58:58,849 [INFO] Step #2: Astrometry... (at gfa_actions.py)
2025-03-05 10:58:58,850 [INFO] Step #3: Calculating the offset... (at gfa_actions.py)
2025-03-05 10:58:58,850 [INFO] Offsets calculated: fdx= $$, fdy=$$, FWHM=$$$ arcsec (at gfa_actions.py)
2025-03-05 10:59:28,883 [INFO] Guiding starts... (at gfa_actions.py)
2025-03-05 10:59:28,883 [INFO] Step #1: Grab an image (uncomment if needed). (at gfa_actions.py)
2025-03-05 10:59:28,884 [INFO] Step #2: Astrometry... (at gfa_actions.py)
2025-03-05 10:59:28,884 [INFO] Step #3: Calculating the offset... (at gfa_actions.py)
2025-03-05 10:59:28,885 [INFO] Offsets calculated: fdx= $$, fdy=$$, FWHM=$$$ arcsec (at gfa_actions.py)
2025-03-05 10:59:58,917 [INFO] Guiding starts... (at gfa_actions.py)
2025-03-05 10:59:58,918 [INFO] Step #1: Grab an image (uncomment if needed). (at gfa_actions.py)
2025-03-05 10:59:58,918 [INFO] Step #2: Astrometry... (at gfa_actions.py)
2025-03-05 10:59:58,919 [INFO] Step #3: Calculating the offset... (at gfa_actions.py)
2025-03-05 10:59:58,919 [INFO] Offsets calculated: fdx= $$, fdy=$$, FWHM=$$$ arcsec (at gfa_actions.py)
2025-03-05 11:00:28,952 [INFO] Guiding starts... (at gfa_actions.py)
2025-03-05 11:00:28,953 [INFO] Step #1: Grab an image (uncomment if needed). (at gfa_actions.py)
2025-03-05 11:00:28,953 [INFO] Step #2: Astrometry... (at gfa_actions.py)
2025-03-05 11:00:28,954 [INFO] Step #3: Calculating the offset... (at gfa_actions.py)
2025-03-05 11:00:28,954 [INFO] Offsets calculated: fdx= $$, fdy=$$, FWHM=$$$ arcsec (at gfa_actions.py)
2025-03-05 11:00:58,988 [INFO] Guiding starts... (at gfa_actions.py)
2025-03-05 11:00:58,988 [INFO] Step #1: Grab an image (uncomment if needed). (at gfa_actions.py)
2025-03-05 11:00:58,989 [INFO] Step #2: Astrometry... (at gfa_actions.py)
2025-03-05 11:00:58,990 [INFO] Step #3: Calculating the offset... (at gfa_actions.py)
2025-03-05 11:00:58,990 [INFO] Offsets calculated: fdx= $$, fdy=$$, FWHM=$$$ arcsec (at gfa_actions.py)
2025-03-05 11:01:29,023 [INFO] Guiding starts... (at gfa_actions.py)
2025-03-05 11:01:29,024 [INFO] Step #1: Grab an image (uncomment if needed). (at gfa_actions.py)
2025-03-05 11:01:29,025 [INFO] Step #2: Astrometry... (at gfa_actions.py)
2025-03-05 11:01:29,025 [INFO] Step #3: Calculating the offset... (at gfa_actions.py)
2025-03-05 11:01:29,026 [INFO] Offsets calculated: fdx= $$, fdy=$$, FWHM=$$$ arcsec (at gfa_actions.py)
2025-03-05 11:01:59,057 [INFO] Guiding starts... (at gfa_actions.py)
2025-03-05 11:01:59,058 [INFO] Step #1: Grab an image (uncomment if needed). (at gfa_actions.py)
2025-03-05 11:01:59,058 [INFO] Step #2: Astrometry... (at gfa_actions.py)
2025-03-05 11:01:59,059 [INFO] Step #3: Calculating the offset... (at gfa_actions.py)
2025-03-05 11:01:59,059 [INFO] Offsets calculated: fdx= $$, fdy=$$, FWHM=$$$ arcsec (at gfa_actions.py)
2025-03-05 11:02:29,073 [INFO] Guiding starts... (at gfa_actions.py)
2025-03-05 11:02:29,074 [INFO] Step #1: Grab an image (uncomment if needed). (at gfa_actions.py)
2025-03-05 11:02:29,074 [INFO] Step #2: Astrometry... (at gfa_actions.py)
2025-03-05 11:02:29,075 [INFO] Step #3: Calculating the offset... (at gfa_actions.py)
2025-03-05 11:02:29,075 [INFO] Offsets calculated: fdx= $$, fdy=$$, FWHM=$$$ arcsec (at gfa_actions.py)
2025-03-05 11:02:59,108 [INFO] Guiding starts... (at gfa_actions.py)
2025-03-05 11:02:59,109 [INFO] Step #1: Grab an image (uncomment if needed). (at gfa_actions.py)
2025-03-05 11:02:59,109 [INFO] Step #2: Astrometry... (at gfa_actions.py)
2025-03-05 11:02:59,110 [INFO] Step #3: Calculating the offset... (at gfa_actions.py)
2025-03-05 11:02:59,110 [INFO] Offsets calculated: fdx= $$, fdy=$$, FWHM=$$$ arcsec (at gfa_actions.py)
2025-03-05 11:03:29,142 [INFO] Guiding starts... (at gfa_actions.py)
2025-03-05 11:03:29,143 [INFO] Step #1: Grab an image (uncomment if needed). (at gfa_actions.py)
2025-03-05 11:03:29,144 [INFO] Step #2: Astrometry... (at gfa_actions.py)
2025-03-05 11:03:29,144 [INFO] Step #3: Calculating the offset... (at gfa_actions.py)
2025-03-05 11:03:29,145 [INFO] Offsets calculated: fdx= $$, fdy=$$, FWHM=$$$ arcsec (at gfa_actions.py)
2025-03-05 11:03:59,177 [INFO] Guiding starts... (at gfa_actions.py)
2025-03-05 11:03:59,178 [INFO] Step #1: Grab an image (uncomment if needed). (at gfa_actions.py)
2025-03-05 11:03:59,179 [INFO] Step #2: Astrometry... (at gfa_actions.py)
2025-03-05 11:03:59,180 [INFO] Step #3: Calculating the offset... (at gfa_actions.py)
2025-03-05 11:03:59,180 [INFO] Offsets calculated: fdx= $$, fdy=$$, FWHM=$$$ arcsec (at gfa_actions.py)
2025-03-05 11:04:29,213 [INFO] Guiding starts... (at gfa_actions.py)
2025-03-05 11:04:29,214 [INFO] Step #1: Grab an image (uncomment if needed). (at gfa_actions.py)
2025-03-05 11:04:29,214 [INFO] Step #2: Astrometry... (at gfa_actions.py)
2025-03-05 11:04:29,215 [INFO] Step #3: Calculating the offset... (at gfa_actions.py)
2025-03-05 11:04:29,215 [INFO] Offsets calculated: fdx= $$, fdy=$$, FWHM=$$$ arcsec (at gfa_actions.py)
2025-03-05 11:04:59,228 [INFO] Guiding starts... (at gfa_actions.py)
2025-03-05 11:04:59,228 [INFO] Step #1: Grab an image (uncomment if needed). (at gfa_actions.py)
2025-03-05 11:04:59,229 [INFO] Step #2: Astrometry... (at gfa_actions.py)
2025-03-05 11:04:59,229 [INFO] Step #3: Calculating the offset... (at gfa_actions.py)
2025-03-05 11:04:59,230 [INFO] Offsets calculated: fdx= $$, fdy=$$, FWHM=$$$ arcsec (at gfa_actions.py)
2025-03-05 11:05:29,257 [INFO] Guiding starts... (at gfa_actions.py)
2025-03-05 11:05:29,257 [INFO] Step #1: Grab an image (uncomment if needed). (at gfa_actions.py)
2025-03-05 11:05:29,258 [INFO] Step #2: Astrometry... (at gfa_actions.py)
2025-03-05 11:05:29,258 [INFO] Step #3: Calculating the offset... (at gfa_actions.py)
2025-03-05 11:05:29,258 [INFO] Offsets calculated: fdx= $$, fdy=$$, FWHM=$$$ arcsec (at gfa_actions.py)
2025-03-05 11:05:59,291 [INFO] Guiding starts... (at gfa_actions.py)
2025-03-05 11:05:59,291 [INFO] Step #1: Grab an image (uncomment if needed). (at gfa_actions.py)
2025-03-05 11:05:59,292 [INFO] Step #2: Astrometry... (at gfa_actions.py)
2025-03-05 11:05:59,293 [INFO] Step #3: Calculating the offset... (at gfa_actions.py)
2025-03-05 11:05:59,293 [INFO] Offsets calculated: fdx= $$, fdy=$$, FWHM=$$$ arcsec (at gfa_actions.py)
2025-03-05 14:50:49,965 [INFO] Guiding starts... (at gfa_actions.py)
2025-03-05 14:50:49,966 [INFO] Step #1: Grab an image (uncomment if needed). (at gfa_actions.py)
2025-03-05 14:50:49,966 [INFO] Step #2: Astrometry... (at gfa_actions.py)
2025-03-05 14:50:49,967 [INFO] Step #3: Calculating the offset... (at gfa_actions.py)
2025-03-05 14:50:49,967 [INFO] Offsets calculated: fdx= $$, fdy=$$, FWHM=$$$ arcsec (at gfa_actions.py)
2025-03-05 14:51:19,991 [INFO] Guiding starts... (at gfa_actions.py)
2025-03-05 14:51:19,992 [INFO] Step #1: Grab an image (uncomment if needed). (at gfa_actions.py)
2025-03-05 14:51:19,992 [INFO] Step #2: Astrometry... (at gfa_actions.py)
2025-03-05 14:51:19,993 [INFO] Step #3: Calculating the offset... (at gfa_actions.py)
2025-03-05 14:51:19,994 [INFO] Offsets calculated: fdx= $$, fdy=$$, FWHM=$$$ arcsec (at gfa_actions.py)
2025-03-05 14:51:50,016 [INFO] Guiding starts... (at gfa_actions.py)
2025-03-05 14:51:50,017 [INFO] Step #1: Grab an image (uncomment if needed). (at gfa_actions.py)
2025-03-05 14:51:50,018 [INFO] Step #2: Astrometry... (at gfa_actions.py)
2025-03-05 14:51:50,018 [INFO] Step #3: Calculating the offset... (at gfa_actions.py)
2025-03-05 14:51:50,019 [INFO] Offsets calculated: fdx= $$, fdy=$$, FWHM=$$$ arcsec (at gfa_actions.py)
2025-03-05 14:54:51,432 [INFO] Configuration file found: /media/shyunc/DATA/KSpec/KSPEC_ICS/GFA/Simul/kspec_gfa_controller/src/etc/cams.json (at gfa_actions.py)
2025-03-05 14:54:51,432 [INFO] Configuration file found: /media/shyunc/DATA/KSpec/KSPEC_ICS/GFA/Simul/kspec_gfa_controller/src/etc/astrometry_params.json (at gfa_actions.py)
2025-03-05 14:54:51,432 [INFO] Initializing gfa_astrometry class. (at gfa_actions.py)
2025-03-05 14:54:51,433 [INFO] Loaded 4 FITS files. (at gfa_actions.py)
2025-03-05 14:54:51,433 [INFO] Initializing GFAGuider... (at gfa_actions.py)
2025-03-05 14:54:51,433 [INFO] GFAGuider setup complete. (at gfa_actions.py)
2025-03-05 14:54:57,127 [INFO] Guiding starts... (at gfa_actions.py)
2025-03-05 14:54:57,127 [INFO] Step #1: Grab an image (uncomment if needed). (at gfa_actions.py)
2025-03-05 14:54:57,127 [INFO] Step #2: Astrometry... (at gfa_actions.py)
2025-03-05 14:54:57,128 [INFO] Step #3: Calculating the offset... (at gfa_actions.py)
2025-03-05 14:54:57,128 [INFO] Offsets calculated: fdx= $$, fdy=$$, FWHM=$$$ arcsec (at gfa_actions.py)
2025-03-05 14:59:29,934 [INFO] Configuration file found: /media/shyunc/DATA/KSpec/KSPEC_ICS/GFA/Simul/kspec_gfa_controller/src/etc/cams.json (at gfa_actions.py)
2025-03-05 14:59:29,935 [INFO] Configuration file found: /media/shyunc/DATA/KSpec/KSPEC_ICS/GFA/Simul/kspec_gfa_controller/src/etc/astrometry_params.json (at gfa_actions.py)
2025-03-05 14:59:29,935 [INFO] Initializing gfa_astrometry class. (at gfa_actions.py)
2025-03-05 14:59:29,935 [INFO] Loaded 4 FITS files. (at gfa_actions.py)
2025-03-05 14:59:29,935 [INFO] Initializing GFAGuider... (at gfa_actions.py)
2025-03-05 14:59:29,935 [INFO] GFAGuider setup complete. (at gfa_actions.py)
2025-03-05 14:59:48,974 [INFO] Guiding starts... (at gfa_actions.py)
2025-03-05 14:59:48,975 [INFO] Step #1: Grab an image (uncomment if needed). (at gfa_actions.py)
2025-03-05 14:59:48,975 [INFO] Step #2: Astrometry... (at gfa_actions.py)
2025-03-05 14:59:48,976 [INFO] Step #3: Calculating the offset... (at gfa_actions.py)
2025-03-05 14:59:48,976 [INFO] Offsets calculated: fdx= $$, fdy=$$, FWHM=$$$ arcsec (at gfa_actions.py)
2025-03-05 15:04:15,070 [INFO] Configuration file found: /media/shyunc/DATA/KSpec/KSPEC_ICS/GFA/Simul/kspec_gfa_controller/src/etc/cams.json (at gfa_actions.py)
2025-03-05 15:04:15,070 [INFO] Configuration file found: /media/shyunc/DATA/KSpec/KSPEC_ICS/GFA/Simul/kspec_gfa_controller/src/etc/astrometry_params.json (at gfa_actions.py)
2025-03-05 15:04:15,070 [INFO] Initializing gfa_astrometry class. (at gfa_actions.py)
2025-03-05 15:04:15,070 [INFO] Loaded 4 FITS files. (at gfa_actions.py)
2025-03-05 15:04:15,071 [INFO] Initializing GFAGuider... (at gfa_actions.py)
2025-03-05 15:04:15,071 [INFO] GFAGuider setup complete. (at gfa_actions.py)
2025-03-05 15:04:25,746 [INFO] Guiding starts... (at gfa_actions.py)
2025-03-05 15:04:25,747 [INFO] Step #1: Grab an image (uncomment if needed). (at gfa_actions.py)
2025-03-05 15:04:25,747 [INFO] Step #2: Astrometry... (at gfa_actions.py)
2025-03-05 15:04:25,748 [INFO] Step #3: Calculating the offset... (at gfa_actions.py)
2025-03-05 15:04:25,748 [INFO] Offsets calculated: fdx= $$, fdy=$$, FWHM=$$$ arcsec (at gfa_actions.py)
2025-03-05 15:09:15,667 [INFO] Configuration file found: /media/shyunc/DATA/KSpec/KSPEC_ICS/GFA/Simul/kspec_gfa_controller/src/etc/cams.json (at gfa_actions.py)
2025-03-05 15:09:15,667 [INFO] Configuration file found: /media/shyunc/DATA/KSpec/KSPEC_ICS/GFA/Simul/kspec_gfa_controller/src/etc/astrometry_params.json (at gfa_actions.py)
2025-03-05 15:09:15,667 [INFO] Initializing gfa_astrometry class. (at gfa_actions.py)
2025-03-05 15:09:15,667 [INFO] Loaded 4 FITS files. (at gfa_actions.py)
2025-03-05 15:09:15,667 [INFO] Initializing GFAGuider... (at gfa_actions.py)
2025-03-05 15:09:15,668 [INFO] GFAGuider setup complete. (at gfa_actions.py)
2025-03-05 15:09:21,553 [INFO] Guiding starts... (at gfa_actions.py)
2025-03-05 15:09:21,553 [INFO] Step #1: Grab an image (uncomment if needed). (at gfa_actions.py)
2025-03-05 15:09:21,554 [INFO] Step #2: Astrometry... (at gfa_actions.py)
2025-03-05 15:09:21,554 [INFO] Step #3: Calculating the offset... (at gfa_actions.py)
2025-03-05 15:09:21,554 [INFO] Offsets calculated: fdx= $$, fdy=$$, FWHM=$$$ arcsec (at gfa_actions.py)
2025-03-05 15:10:25,216 [INFO] Configuration file found: /media/shyunc/DATA/KSpec/KSPEC_ICS/GFA/Simul/kspec_gfa_controller/src/etc/cams.json (at gfa_actions.py)
2025-03-05 15:10:25,217 [INFO] Configuration file found: /media/shyunc/DATA/KSpec/KSPEC_ICS/GFA/Simul/kspec_gfa_controller/src/etc/astrometry_params.json (at gfa_actions.py)
2025-03-05 15:10:25,217 [INFO] Initializing gfa_astrometry class. (at gfa_actions.py)
2025-03-05 15:10:25,217 [INFO] Loaded 4 FITS files. (at gfa_actions.py)
2025-03-05 15:10:25,217 [INFO] Initializing GFAGuider... (at gfa_actions.py)
2025-03-05 15:10:25,217 [INFO] GFAGuider setup complete. (at gfa_actions.py)
2025-03-05 15:10:40,302 [INFO] Guiding starts... (at gfa_actions.py)
2025-03-05 15:10:40,303 [INFO] Step #1: Grab an image (uncomment if needed). (at gfa_actions.py)
2025-03-05 15:10:40,303 [INFO] Step #2: Astrometry... (at gfa_actions.py)
2025-03-05 15:10:40,304 [INFO] Step #3: Calculating the offset... (at gfa_actions.py)
2025-03-05 15:10:40,304 [INFO] Offsets calculated: fdx= $$, fdy=$$, FWHM=$$$ arcsec (at gfa_actions.py)
2025-03-05 15:10:40,304 [ERROR] Error occurred during guiding: GFAActions._generate_response() takes 3 positional arguments but 6 were given (at gfa_actions.py)
2025-03-05 15:13:14,963 [INFO] Configuration file found: /media/shyunc/DATA/KSpec/KSPEC_ICS/GFA/Simul/kspec_gfa_controller/src/etc/cams.json (at gfa_actions.py)
2025-03-05 15:13:14,963 [INFO] Configuration file found: /media/shyunc/DATA/KSpec/KSPEC_ICS/GFA/Simul/kspec_gfa_controller/src/etc/astrometry_params.json (at gfa_actions.py)
2025-03-05 15:13:14,963 [INFO] Initializing gfa_astrometry class. (at gfa_actions.py)
2025-03-05 15:13:14,964 [INFO] Loaded 4 FITS files. (at gfa_actions.py)
2025-03-05 15:13:14,964 [INFO] Initializing GFAGuider... (at gfa_actions.py)
2025-03-05 15:13:14,964 [INFO] GFAGuider setup complete. (at gfa_actions.py)
2025-03-05 15:13:20,299 [INFO] Guiding starts... (at gfa_actions.py)
2025-03-05 15:13:20,300 [INFO] Step #1: Grab an image (uncomment if needed). (at gfa_actions.py)
2025-03-05 15:13:20,300 [INFO] Step #2: Astrometry... (at gfa_actions.py)
2025-03-05 15:13:20,301 [INFO] Step #3: Calculating the offset... (at gfa_actions.py)
2025-03-05 15:13:20,301 [INFO] Offsets calculated: fdx= $$, fdy=$$, FWHM=$$$ arcsec (at gfa_actions.py)
2025-03-05 15:13:50,311 [INFO] Guiding starts... (at gfa_actions.py)
2025-03-05 15:13:50,312 [INFO] Step #1: Grab an image (uncomment if needed). (at gfa_actions.py)
2025-03-05 15:13:50,313 [INFO] Step #2: Astrometry... (at gfa_actions.py)
2025-03-05 15:13:50,313 [INFO] Step #3: Calculating the offset... (at gfa_actions.py)
2025-03-05 15:13:50,314 [INFO] Offsets calculated: fdx= $$, fdy=$$, FWHM=$$$ arcsec (at gfa_actions.py)
2025-03-05 15:14:20,322 [INFO] Guiding starts... (at gfa_actions.py)
2025-03-05 15:14:20,323 [INFO] Step #1: Grab an image (uncomment if needed). (at gfa_actions.py)
2025-03-05 15:14:20,324 [INFO] Step #2: Astrometry... (at gfa_actions.py)
2025-03-05 15:14:20,324 [INFO] Step #3: Calculating the offset... (at gfa_actions.py)
2025-03-05 15:14:20,325 [INFO] Offsets calculated: fdx= $$, fdy=$$, FWHM=$$$ arcsec (at gfa_actions.py)
2025-03-05 15:32:46,832 [INFO] Configuration file found: /media/shyunc/DATA/KSpec/KSPEC_ICS/GFA/Simul/kspec_gfa_controller/src/etc/cams.json (at gfa_actions.py)
2025-03-05 15:32:46,832 [INFO] Configuration file found: /media/shyunc/DATA/KSpec/KSPEC_ICS/GFA/Simul/kspec_gfa_controller/src/etc/astrometry_params.json (at gfa_actions.py)
2025-03-05 15:32:46,832 [INFO] Initializing gfa_astrometry class. (at gfa_actions.py)
2025-03-05 15:32:46,833 [INFO] Loaded 4 FITS files. (at gfa_actions.py)
2025-03-05 15:32:46,833 [INFO] Initializing GFAGuider... (at gfa_actions.py)
2025-03-05 15:32:46,833 [INFO] GFAGuider setup complete. (at gfa_actions.py)
2025-03-05 15:32:53,854 [INFO] Guiding starts... (at gfa_actions.py)
2025-03-05 15:32:53,854 [INFO] Step #1: Grab an image (uncomment if needed). (at gfa_actions.py)
2025-03-05 15:32:53,855 [INFO] Step #2: Astrometry... (at gfa_actions.py)
2025-03-05 15:32:53,855 [INFO] Step #3: Calculating the offset... (at gfa_actions.py)
2025-03-05 15:32:53,855 [INFO] Offsets calculated: fdx= $$, fdy=$$, FWHM=$$$ arcsec (at gfa_actions.py)
2025-03-05 15:43:16,574 [INFO] Configuration file found: /media/shyunc/DATA/KSpec/KSPEC_ICS/GFA/Simul/kspec_gfa_controller/src/etc/cams.json (at gfa_actions.py)
2025-03-05 15:43:16,574 [INFO] Configuration file found: /media/shyunc/DATA/KSpec/KSPEC_ICS/GFA/Simul/kspec_gfa_controller/src/etc/astrometry_params.json (at gfa_actions.py)
2025-03-05 15:43:16,574 [INFO] Initializing gfa_astrometry class. (at gfa_actions.py)
2025-03-05 15:43:16,574 [INFO] Loaded 4 FITS files. (at gfa_actions.py)
2025-03-05 15:43:16,574 [INFO] Initializing GFAGuider... (at gfa_actions.py)
2025-03-05 15:43:16,575 [INFO] GFAGuider setup complete. (at gfa_actions.py)
2025-03-05 15:43:16,579 [INFO] Guiding starts... (at gfa_actions.py)
2025-03-05 15:43:16,579 [INFO] Step #1: Grab an image (uncomment if needed). (at gfa_actions.py)
2025-03-05 15:43:16,579 [INFO] Step #2: Astrometry... (at gfa_actions.py)
2025-03-05 15:43:16,579 [INFO] Step #3: Calculating the offset... (at gfa_actions.py)
2025-03-05 15:43:16,579 [INFO] Starting guide star calibration process. (at gfa_actions.py)
2025-03-05 15:43:16,579 [INFO] Found 4 astrometry files and 4 processed files. (at gfa_actions.py)
2025-03-05 15:43:16,579 [INFO] Processing FITS: /media/shyunc/DATA/KSpec/KSPEC_ICS/GFA/Simul/kspec_gfa_controller/src/img/astroimg/astro_proc_KMTNge.20231211T102558.0001.fits & /media/shyunc/DATA/KSpec/KSPEC_ICS/GFA/Simul/kspec_gfa_controller/src/img/procimg/proc_KMTNge.20231211T102558.0001.fits (at gfa_actions.py)
2025-03-05 15:43:16,590 [INFO] Performing sigma clipping to derive background and stddev. (at gfa_actions.py)
2025-03-05 15:43:16,753 [INFO] Processing FITS: /media/shyunc/DATA/KSpec/KSPEC_ICS/GFA/Simul/kspec_gfa_controller/src/img/astroimg/astro_proc_KMTNgn.20231211T102558.0001.fits & /media/shyunc/DATA/KSpec/KSPEC_ICS/GFA/Simul/kspec_gfa_controller/src/img/procimg/proc_KMTNgn.20231211T102558.0001.fits (at gfa_actions.py)
2025-03-05 15:43:16,761 [INFO] Performing sigma clipping to derive background and stddev. (at gfa_actions.py)
2025-03-05 15:43:16,881 [INFO] Processing FITS: /media/shyunc/DATA/KSpec/KSPEC_ICS/GFA/Simul/kspec_gfa_controller/src/img/astroimg/astro_proc_KMTNgs.20231211T102558.0001.fits & /media/shyunc/DATA/KSpec/KSPEC_ICS/GFA/Simul/kspec_gfa_controller/src/img/procimg/proc_KMTNgs.20231211T102558.0001.fits (at gfa_actions.py)
2025-03-05 15:43:16,888 [INFO] Performing sigma clipping to derive background and stddev. (at gfa_actions.py)
2025-03-05 15:43:17,013 [INFO] Processing FITS: /media/shyunc/DATA/KSpec/KSPEC_ICS/GFA/Simul/kspec_gfa_controller/src/img/astroimg/astro_proc_KMTNgw.20231211T102558.0001.fits & /media/shyunc/DATA/KSpec/KSPEC_ICS/GFA/Simul/kspec_gfa_controller/src/img/procimg/proc_KMTNgw.20231211T102558.0001.fits (at gfa_actions.py)
2025-03-05 15:43:17,020 [INFO] Performing sigma clipping to derive background and stddev. (at gfa_actions.py)
2025-03-05 15:43:17,156 [WARNING] Offsets within critical threshold; returning 0, 0. (at gfa_actions.py)
2025-03-05 15:43:17,159 [INFO] FWHM: 1.81 arcsec (at gfa_actions.py)
2025-03-05 15:43:17,160 [INFO] Guide star calibration complete. Offsets => fdx=0.00000, fdy=0.00000, FWHM=1.80589 (at gfa_actions.py)
2025-03-05 15:43:17,160 [ERROR] Error occurred during guiding: unhashable type: 'list' (at gfa_actions.py)
2025-03-05 15:43:35,352 [INFO] Guiding starts... (at gfa_actions.py)
2025-03-05 15:43:35,352 [INFO] Step #1: Grab an image (uncomment if needed). (at gfa_actions.py)
2025-03-05 15:43:35,353 [INFO] Step #2: Astrometry... (at gfa_actions.py)
2025-03-05 15:43:35,353 [INFO] Step #3: Calculating the offset... (at gfa_actions.py)
2025-03-05 15:43:35,353 [INFO] Starting guide star calibration process. (at gfa_actions.py)
2025-03-05 15:43:35,355 [INFO] Found 4 astrometry files and 4 processed files. (at gfa_actions.py)
2025-03-05 15:43:35,355 [INFO] Processing FITS: /media/shyunc/DATA/KSpec/KSPEC_ICS/GFA/Simul/kspec_gfa_controller/src/img/astroimg/astro_proc_KMTNge.20231211T102558.0001.fits & /media/shyunc/DATA/KSpec/KSPEC_ICS/GFA/Simul/kspec_gfa_controller/src/img/procimg/proc_KMTNge.20231211T102558.0001.fits (at gfa_actions.py)
2025-03-05 15:43:35,364 [INFO] Performing sigma clipping to derive background and stddev. (at gfa_actions.py)
2025-03-05 15:43:35,483 [INFO] Processing FITS: /media/shyunc/DATA/KSpec/KSPEC_ICS/GFA/Simul/kspec_gfa_controller/src/img/astroimg/astro_proc_KMTNgn.20231211T102558.0001.fits & /media/shyunc/DATA/KSpec/KSPEC_ICS/GFA/Simul/kspec_gfa_controller/src/img/procimg/proc_KMTNgn.20231211T102558.0001.fits (at gfa_actions.py)
2025-03-05 15:43:35,489 [INFO] Performing sigma clipping to derive background and stddev. (at gfa_actions.py)
2025-03-05 15:43:35,613 [INFO] Processing FITS: /media/shyunc/DATA/KSpec/KSPEC_ICS/GFA/Simul/kspec_gfa_controller/src/img/astroimg/astro_proc_KMTNgs.20231211T102558.0001.fits & /media/shyunc/DATA/KSpec/KSPEC_ICS/GFA/Simul/kspec_gfa_controller/src/img/procimg/proc_KMTNgs.20231211T102558.0001.fits (at gfa_actions.py)
2025-03-05 15:43:35,621 [INFO] Performing sigma clipping to derive background and stddev. (at gfa_actions.py)
2025-03-05 15:43:35,746 [INFO] Processing FITS: /media/shyunc/DATA/KSpec/KSPEC_ICS/GFA/Simul/kspec_gfa_controller/src/img/astroimg/astro_proc_KMTNgw.20231211T102558.0001.fits & /media/shyunc/DATA/KSpec/KSPEC_ICS/GFA/Simul/kspec_gfa_controller/src/img/procimg/proc_KMTNgw.20231211T102558.0001.fits (at gfa_actions.py)
2025-03-05 15:43:35,753 [INFO] Performing sigma clipping to derive background and stddev. (at gfa_actions.py)
2025-03-05 15:43:35,864 [WARNING] Offsets within critical threshold; returning 0, 0. (at gfa_actions.py)
2025-03-05 15:43:35,866 [INFO] FWHM: 1.81 arcsec (at gfa_actions.py)
2025-03-05 15:43:35,866 [INFO] Guide star calibration complete. Offsets => fdx=0.00000, fdy=0.00000, FWHM=1.80589 (at gfa_actions.py)
2025-03-05 15:43:35,866 [ERROR] Error occurred during guiding: unhashable type: 'list' (at gfa_actions.py)
2025-03-05 15:44:16,455 [INFO] Configuration file found: /media/shyunc/DATA/KSpec/KSPEC_ICS/GFA/Simul/kspec_gfa_controller/src/etc/cams.json (at gfa_actions.py)
2025-03-05 15:44:16,455 [INFO] Configuration file found: /media/shyunc/DATA/KSpec/KSPEC_ICS/GFA/Simul/kspec_gfa_controller/src/etc/astrometry_params.json (at gfa_actions.py)
2025-03-05 15:44:16,455 [INFO] Initializing gfa_astrometry class. (at gfa_actions.py)
2025-03-05 15:44:16,456 [INFO] Loaded 4 FITS files. (at gfa_actions.py)
2025-03-05 15:44:16,456 [INFO] Initializing GFAGuider... (at gfa_actions.py)
2025-03-05 15:44:16,456 [INFO] GFAGuider setup complete. (at gfa_actions.py)
2025-03-05 15:44:22,580 [INFO] Guiding starts... (at gfa_actions.py)
2025-03-05 15:44:22,580 [INFO] Step #1: Grab an image (uncomment if needed). (at gfa_actions.py)
2025-03-05 15:44:22,581 [INFO] Step #2: Astrometry... (at gfa_actions.py)
2025-03-05 15:44:22,581 [INFO] Step #3: Calculating the offset... (at gfa_actions.py)
2025-03-05 15:44:22,581 [INFO] Starting guide star calibration process. (at gfa_actions.py)
2025-03-05 15:44:22,583 [INFO] Found 4 astrometry files and 4 processed files. (at gfa_actions.py)
2025-03-05 15:44:22,583 [INFO] Processing FITS: /media/shyunc/DATA/KSpec/KSPEC_ICS/GFA/Simul/kspec_gfa_controller/src/img/astroimg/astro_proc_KMTNge.20231211T102558.0001.fits & /media/shyunc/DATA/KSpec/KSPEC_ICS/GFA/Simul/kspec_gfa_controller/src/img/procimg/proc_KMTNge.20231211T102558.0001.fits (at gfa_actions.py)
2025-03-05 15:44:22,598 [INFO] Performing sigma clipping to derive background and stddev. (at gfa_actions.py)
2025-03-05 15:44:22,758 [INFO] Processing FITS: /media/shyunc/DATA/KSpec/KSPEC_ICS/GFA/Simul/kspec_gfa_controller/src/img/astroimg/astro_proc_KMTNgn.20231211T102558.0001.fits & /media/shyunc/DATA/KSpec/KSPEC_ICS/GFA/Simul/kspec_gfa_controller/src/img/procimg/proc_KMTNgn.20231211T102558.0001.fits (at gfa_actions.py)
2025-03-05 15:44:22,765 [INFO] Performing sigma clipping to derive background and stddev. (at gfa_actions.py)
2025-03-05 15:44:22,887 [INFO] Processing FITS: /media/shyunc/DATA/KSpec/KSPEC_ICS/GFA/Simul/kspec_gfa_controller/src/img/astroimg/astro_proc_KMTNgs.20231211T102558.0001.fits & /media/shyunc/DATA/KSpec/KSPEC_ICS/GFA/Simul/kspec_gfa_controller/src/img/procimg/proc_KMTNgs.20231211T102558.0001.fits (at gfa_actions.py)
2025-03-05 15:44:22,894 [INFO] Performing sigma clipping to derive background and stddev. (at gfa_actions.py)
2025-03-05 15:44:23,021 [INFO] Processing FITS: /media/shyunc/DATA/KSpec/KSPEC_ICS/GFA/Simul/kspec_gfa_controller/src/img/astroimg/astro_proc_KMTNgw.20231211T102558.0001.fits & /media/shyunc/DATA/KSpec/KSPEC_ICS/GFA/Simul/kspec_gfa_controller/src/img/procimg/proc_KMTNgw.20231211T102558.0001.fits (at gfa_actions.py)
2025-03-05 15:44:23,027 [INFO] Performing sigma clipping to derive background and stddev. (at gfa_actions.py)
2025-03-05 15:44:23,138 [WARNING] Offsets within critical threshold; returning 0, 0. (at gfa_actions.py)
2025-03-05 15:44:23,141 [INFO] FWHM: 1.81 arcsec (at gfa_actions.py)
2025-03-05 15:44:23,141 [INFO] Guide star calibration complete. Offsets => fdx=0.00000, fdy=0.00000, FWHM=1.80589 (at gfa_actions.py)
2025-03-05 15:44:23,141 [INFO] Offsets calculated: fdx= $$, fdy=$$, FWHM=$$$ arcsec (at gfa_actions.py)
2025-03-05 15:44:23,141 [ERROR] Error occurred during guiding: GFAActions._generate_response() takes 3 positional arguments but 4 were given (at gfa_actions.py)
2025-03-05 15:49:34,643 [INFO] Configuration file found: /media/shyunc/DATA/KSpec/KSPEC_ICS/GFA/Simul/kspec_gfa_controller/src/etc/cams.json (at gfa_actions.py)
2025-03-05 15:49:34,643 [INFO] Configuration file found: /media/shyunc/DATA/KSpec/KSPEC_ICS/GFA/Simul/kspec_gfa_controller/src/etc/astrometry_params.json (at gfa_actions.py)
2025-03-05 15:49:34,644 [INFO] Initializing gfa_astrometry class. (at gfa_actions.py)
2025-03-05 15:49:34,644 [INFO] Loaded 4 FITS files. (at gfa_actions.py)
2025-03-05 15:49:34,644 [INFO] Initializing GFAGuider... (at gfa_actions.py)
2025-03-05 15:49:34,644 [INFO] GFAGuider setup complete. (at gfa_actions.py)
2025-03-05 15:49:41,040 [INFO] Guiding starts... (at gfa_actions.py)
2025-03-05 15:49:41,040 [INFO] Step #1: Grab an image (uncomment if needed). (at gfa_actions.py)
2025-03-05 15:49:41,041 [INFO] Step #2: Astrometry... (at gfa_actions.py)
2025-03-05 15:49:41,041 [INFO] Step #3: Calculating the offset... (at gfa_actions.py)
2025-03-05 15:49:41,041 [INFO] Starting guide star calibration process. (at gfa_actions.py)
2025-03-05 15:49:41,041 [INFO] Found 4 astrometry files and 4 processed files. (at gfa_actions.py)
2025-03-05 15:49:41,041 [INFO] Processing FITS: /media/shyunc/DATA/KSpec/KSPEC_ICS/GFA/Simul/kspec_gfa_controller/src/img/astroimg/astro_proc_KMTNge.20231211T102558.0001.fits & /media/shyunc/DATA/KSpec/KSPEC_ICS/GFA/Simul/kspec_gfa_controller/src/img/procimg/proc_KMTNge.20231211T102558.0001.fits (at gfa_actions.py)
2025-03-05 15:49:41,050 [INFO] Performing sigma clipping to derive background and stddev. (at gfa_actions.py)
2025-03-05 15:49:41,216 [INFO] Processing FITS: /media/shyunc/DATA/KSpec/KSPEC_ICS/GFA/Simul/kspec_gfa_controller/src/img/astroimg/astro_proc_KMTNgn.20231211T102558.0001.fits & /media/shyunc/DATA/KSpec/KSPEC_ICS/GFA/Simul/kspec_gfa_controller/src/img/procimg/proc_KMTNgn.20231211T102558.0001.fits (at gfa_actions.py)
2025-03-05 15:49:41,223 [INFO] Performing sigma clipping to derive background and stddev. (at gfa_actions.py)
2025-03-05 15:49:41,345 [INFO] Processing FITS: /media/shyunc/DATA/KSpec/KSPEC_ICS/GFA/Simul/kspec_gfa_controller/src/img/astroimg/astro_proc_KMTNgs.20231211T102558.0001.fits & /media/shyunc/DATA/KSpec/KSPEC_ICS/GFA/Simul/kspec_gfa_controller/src/img/procimg/proc_KMTNgs.20231211T102558.0001.fits (at gfa_actions.py)
2025-03-05 15:49:41,353 [INFO] Performing sigma clipping to derive background and stddev. (at gfa_actions.py)
2025-03-05 15:49:41,477 [INFO] Processing FITS: /media/shyunc/DATA/KSpec/KSPEC_ICS/GFA/Simul/kspec_gfa_controller/src/img/astroimg/astro_proc_KMTNgw.20231211T102558.0001.fits & /media/shyunc/DATA/KSpec/KSPEC_ICS/GFA/Simul/kspec_gfa_controller/src/img/procimg/proc_KMTNgw.20231211T102558.0001.fits (at gfa_actions.py)
2025-03-05 15:49:41,484 [INFO] Performing sigma clipping to derive background and stddev. (at gfa_actions.py)
2025-03-05 15:49:41,594 [WARNING] Offsets within critical threshold; returning 0, 0. (at gfa_actions.py)
2025-03-05 15:49:41,596 [INFO] FWHM: 1.81 arcsec (at gfa_actions.py)
2025-03-05 15:49:41,596 [INFO] Guide star calibration complete. Offsets => fdx=0.00000, fdy=0.00000, FWHM=1.80589 (at gfa_actions.py)
2025-03-05 15:49:41,597 [INFO] Offsets calculated: fdx= $$, fdy=$$, FWHM=$$$ arcsec (at gfa_actions.py)
2025-03-05 16:09:33,889 [INFO] Configuration file found: /media/shyunc/DATA/KSpec/KSPEC_ICS/GFA/Simul/kspec_gfa_controller/src/etc/cams.json (at gfa_actions.py)
2025-03-05 16:09:33,889 [INFO] Configuration file found: /media/shyunc/DATA/KSpec/KSPEC_ICS/GFA/Simul/kspec_gfa_controller/src/etc/astrometry_params.json (at gfa_actions.py)
2025-03-05 16:09:33,889 [INFO] Initializing gfa_astrometry class. (at gfa_actions.py)
2025-03-05 16:09:33,890 [INFO] Loaded 4 FITS files. (at gfa_actions.py)
2025-03-05 16:09:33,890 [INFO] Initializing GFAGuider... (at gfa_actions.py)
2025-03-05 16:09:33,890 [INFO] GFAGuider setup complete. (at gfa_actions.py)
2025-03-05 16:09:41,466 [INFO] Guiding starts... (at gfa_actions.py)
2025-03-05 16:09:41,467 [INFO] Step #1: Grab an image (uncomment if needed). (at gfa_actions.py)
2025-03-05 16:09:41,467 [INFO] Step #2: Astrometry... (at gfa_actions.py)
2025-03-05 16:09:41,468 [INFO] Step #3: Calculating the offset... (at gfa_actions.py)
2025-03-05 16:09:41,468 [INFO] Starting guide star calibration process. (at gfa_actions.py)
2025-03-05 16:09:41,469 [INFO] Found 4 astrometry files and 4 processed files. (at gfa_actions.py)
2025-03-05 16:09:41,470 [INFO] Processing FITS: /media/shyunc/DATA/KSpec/KSPEC_ICS/GFA/Simul/kspec_gfa_controller/src/img/astroimg/astro_proc_KMTNge.20231211T102558.0001.fits & /media/shyunc/DATA/KSpec/KSPEC_ICS/GFA/Simul/kspec_gfa_controller/src/img/procimg/proc_KMTNge.20231211T102558.0001.fits (at gfa_actions.py)
2025-03-05 16:09:41,482 [INFO] Performing sigma clipping to derive background and stddev. (at gfa_actions.py)
2025-03-05 16:09:41,641 [INFO] Processing FITS: /media/shyunc/DATA/KSpec/KSPEC_ICS/GFA/Simul/kspec_gfa_controller/src/img/astroimg/astro_proc_KMTNgn.20231211T102558.0001.fits & /media/shyunc/DATA/KSpec/KSPEC_ICS/GFA/Simul/kspec_gfa_controller/src/img/procimg/proc_KMTNgn.20231211T102558.0001.fits (at gfa_actions.py)
2025-03-05 16:09:41,648 [INFO] Performing sigma clipping to derive background and stddev. (at gfa_actions.py)
2025-03-05 16:09:41,771 [INFO] Processing FITS: /media/shyunc/DATA/KSpec/KSPEC_ICS/GFA/Simul/kspec_gfa_controller/src/img/astroimg/astro_proc_KMTNgs.20231211T102558.0001.fits & /media/shyunc/DATA/KSpec/KSPEC_ICS/GFA/Simul/kspec_gfa_controller/src/img/procimg/proc_KMTNgs.20231211T102558.0001.fits (at gfa_actions.py)
2025-03-05 16:09:41,778 [INFO] Performing sigma clipping to derive background and stddev. (at gfa_actions.py)
2025-03-05 16:09:41,906 [INFO] Processing FITS: /media/shyunc/DATA/KSpec/KSPEC_ICS/GFA/Simul/kspec_gfa_controller/src/img/astroimg/astro_proc_KMTNgw.20231211T102558.0001.fits & /media/shyunc/DATA/KSpec/KSPEC_ICS/GFA/Simul/kspec_gfa_controller/src/img/procimg/proc_KMTNgw.20231211T102558.0001.fits (at gfa_actions.py)
2025-03-05 16:09:41,912 [INFO] Performing sigma clipping to derive background and stddev. (at gfa_actions.py)
2025-03-05 16:09:42,023 [WARNING] Offsets within critical threshold; returning 0, 0. (at gfa_actions.py)
2025-03-05 16:09:42,026 [INFO] FWHM: 1.81 arcsec (at gfa_actions.py)
2025-03-05 16:09:42,026 [INFO] Guide star calibration complete. Offsets => fdx=0.00000, fdy=0.00000, FWHM=1.80589 (at gfa_actions.py)
2025-03-05 16:09:42,026 [INFO] Offsets calculated: fdx= $$, fdy=$$, FWHM=$$$ arcsec (at gfa_actions.py)
2025-03-05 16:10:12,036 [INFO] Guiding starts... (at gfa_actions.py)
2025-03-05 16:10:12,036 [INFO] Step #1: Grab an image (uncomment if needed). (at gfa_actions.py)
2025-03-05 16:10:12,037 [INFO] Step #2: Astrometry... (at gfa_actions.py)
2025-03-05 16:10:12,038 [INFO] Step #3: Calculating the offset... (at gfa_actions.py)
2025-03-05 16:10:12,038 [INFO] Starting guide star calibration process. (at gfa_actions.py)
2025-03-05 16:10:12,039 [INFO] Found 4 astrometry files and 4 processed files. (at gfa_actions.py)
2025-03-05 16:10:12,040 [INFO] Processing FITS: /media/shyunc/DATA/KSpec/KSPEC_ICS/GFA/Simul/kspec_gfa_controller/src/img/astroimg/astro_proc_KMTNge.20231211T102558.0001.fits & /media/shyunc/DATA/KSpec/KSPEC_ICS/GFA/Simul/kspec_gfa_controller/src/img/procimg/proc_KMTNge.20231211T102558.0001.fits (at gfa_actions.py)
2025-03-05 16:10:12,051 [INFO] Performing sigma clipping to derive background and stddev. (at gfa_actions.py)
2025-03-05 16:10:12,168 [INFO] Processing FITS: /media/shyunc/DATA/KSpec/KSPEC_ICS/GFA/Simul/kspec_gfa_controller/src/img/astroimg/astro_proc_KMTNgn.20231211T102558.0001.fits & /media/shyunc/DATA/KSpec/KSPEC_ICS/GFA/Simul/kspec_gfa_controller/src/img/procimg/proc_KMTNgn.20231211T102558.0001.fits (at gfa_actions.py)
2025-03-05 16:10:12,174 [INFO] Performing sigma clipping to derive background and stddev. (at gfa_actions.py)
2025-03-05 16:10:12,297 [INFO] Processing FITS: /media/shyunc/DATA/KSpec/KSPEC_ICS/GFA/Simul/kspec_gfa_controller/src/img/astroimg/astro_proc_KMTNgs.20231211T102558.0001.fits & /media/shyunc/DATA/KSpec/KSPEC_ICS/GFA/Simul/kspec_gfa_controller/src/img/procimg/proc_KMTNgs.20231211T102558.0001.fits (at gfa_actions.py)
2025-03-05 16:10:12,304 [INFO] Performing sigma clipping to derive background and stddev. (at gfa_actions.py)
2025-03-05 16:10:12,430 [INFO] Processing FITS: /media/shyunc/DATA/KSpec/KSPEC_ICS/GFA/Simul/kspec_gfa_controller/src/img/astroimg/astro_proc_KMTNgw.20231211T102558.0001.fits & /media/shyunc/DATA/KSpec/KSPEC_ICS/GFA/Simul/kspec_gfa_controller/src/img/procimg/proc_KMTNgw.20231211T102558.0001.fits (at gfa_actions.py)
2025-03-05 16:10:12,436 [INFO] Performing sigma clipping to derive background and stddev. (at gfa_actions.py)
2025-03-05 16:10:12,547 [WARNING] Offsets within critical threshold; returning 0, 0. (at gfa_actions.py)
2025-03-05 16:10:12,549 [INFO] FWHM: 1.81 arcsec (at gfa_actions.py)
2025-03-05 16:10:12,549 [INFO] Guide star calibration complete. Offsets => fdx=0.00000, fdy=0.00000, FWHM=1.80589 (at gfa_actions.py)
2025-03-05 16:10:12,550 [INFO] Offsets calculated: fdx= $$, fdy=$$, FWHM=$$$ arcsec (at gfa_actions.py)
2025-03-05 16:14:41,482 [INFO] Guiding starts... (at gfa_actions.py)
2025-03-05 16:14:41,483 [INFO] Step #1: Grab an image (uncomment if needed). (at gfa_actions.py)
2025-03-05 16:14:41,483 [INFO] Step #2: Astrometry... (at gfa_actions.py)
2025-03-05 16:14:41,484 [INFO] Step #3: Calculating the offset... (at gfa_actions.py)
2025-03-05 16:14:41,484 [INFO] Starting guide star calibration process. (at gfa_actions.py)
2025-03-05 16:14:41,486 [INFO] Found 4 astrometry files and 4 processed files. (at gfa_actions.py)
2025-03-05 16:14:41,486 [INFO] Processing FITS: /media/shyunc/DATA/KSpec/KSPEC_ICS/GFA/Simul/kspec_gfa_controller/src/img/astroimg/astro_proc_KMTNge.20231211T102558.0001.fits & /media/shyunc/DATA/KSpec/KSPEC_ICS/GFA/Simul/kspec_gfa_controller/src/img/procimg/proc_KMTNge.20231211T102558.0001.fits (at gfa_actions.py)
2025-03-05 16:14:41,494 [INFO] Performing sigma clipping to derive background and stddev. (at gfa_actions.py)
2025-03-05 16:14:41,641 [INFO] Processing FITS: /media/shyunc/DATA/KSpec/KSPEC_ICS/GFA/Simul/kspec_gfa_controller/src/img/astroimg/astro_proc_KMTNgn.20231211T102558.0001.fits & /media/shyunc/DATA/KSpec/KSPEC_ICS/GFA/Simul/kspec_gfa_controller/src/img/procimg/proc_KMTNgn.20231211T102558.0001.fits (at gfa_actions.py)
2025-03-05 16:14:41,649 [INFO] Performing sigma clipping to derive background and stddev. (at gfa_actions.py)
2025-03-05 16:14:41,810 [INFO] Processing FITS: /media/shyunc/DATA/KSpec/KSPEC_ICS/GFA/Simul/kspec_gfa_controller/src/img/astroimg/astro_proc_KMTNgs.20231211T102558.0001.fits & /media/shyunc/DATA/KSpec/KSPEC_ICS/GFA/Simul/kspec_gfa_controller/src/img/procimg/proc_KMTNgs.20231211T102558.0001.fits (at gfa_actions.py)
2025-03-05 16:14:41,818 [INFO] Performing sigma clipping to derive background and stddev. (at gfa_actions.py)
2025-03-05 16:14:41,973 [INFO] Processing FITS: /media/shyunc/DATA/KSpec/KSPEC_ICS/GFA/Simul/kspec_gfa_controller/src/img/astroimg/astro_proc_KMTNgw.20231211T102558.0001.fits & /media/shyunc/DATA/KSpec/KSPEC_ICS/GFA/Simul/kspec_gfa_controller/src/img/procimg/proc_KMTNgw.20231211T102558.0001.fits (at gfa_actions.py)
2025-03-05 16:14:41,982 [INFO] Performing sigma clipping to derive background and stddev. (at gfa_actions.py)
2025-03-05 16:14:42,122 [WARNING] Offsets within critical threshold; returning 0, 0. (at gfa_actions.py)
2025-03-05 16:14:42,125 [INFO] FWHM: 1.81 arcsec (at gfa_actions.py)
2025-03-05 16:14:42,125 [INFO] Guide star calibration complete. Offsets => fdx=0.00000, fdy=0.00000, FWHM=1.80589 (at gfa_actions.py)
2025-03-05 16:14:42,125 [INFO] Offsets calculated: fdx= $$, fdy=$$, FWHM=$$$ arcsec (at gfa_actions.py)
2025-03-05 16:15:22,432 [INFO] Guiding starts... (at gfa_actions.py)
2025-03-05 16:15:22,432 [INFO] Step #1: Grab an image (uncomment if needed). (at gfa_actions.py)
2025-03-05 16:15:22,433 [INFO] Step #2: Astrometry... (at gfa_actions.py)
2025-03-05 16:15:22,433 [INFO] Step #3: Calculating the offset... (at gfa_actions.py)
2025-03-05 16:15:22,433 [INFO] Starting guide star calibration process. (at gfa_actions.py)
2025-03-05 16:15:22,434 [INFO] Found 4 astrometry files and 4 processed files. (at gfa_actions.py)
2025-03-05 16:15:22,435 [INFO] Processing FITS: /media/shyunc/DATA/KSpec/KSPEC_ICS/GFA/Simul/kspec_gfa_controller/src/img/astroimg/astro_proc_KMTNge.20231211T102558.0001.fits & /media/shyunc/DATA/KSpec/KSPEC_ICS/GFA/Simul/kspec_gfa_controller/src/img/procimg/proc_KMTNge.20231211T102558.0001.fits (at gfa_actions.py)
2025-03-05 16:15:22,444 [INFO] Performing sigma clipping to derive background and stddev. (at gfa_actions.py)
2025-03-05 16:15:22,562 [INFO] Processing FITS: /media/shyunc/DATA/KSpec/KSPEC_ICS/GFA/Simul/kspec_gfa_controller/src/img/astroimg/astro_proc_KMTNgn.20231211T102558.0001.fits & /media/shyunc/DATA/KSpec/KSPEC_ICS/GFA/Simul/kspec_gfa_controller/src/img/procimg/proc_KMTNgn.20231211T102558.0001.fits (at gfa_actions.py)
2025-03-05 16:15:22,569 [INFO] Performing sigma clipping to derive background and stddev. (at gfa_actions.py)
2025-03-05 16:15:22,693 [INFO] Processing FITS: /media/shyunc/DATA/KSpec/KSPEC_ICS/GFA/Simul/kspec_gfa_controller/src/img/astroimg/astro_proc_KMTNgs.20231211T102558.0001.fits & /media/shyunc/DATA/KSpec/KSPEC_ICS/GFA/Simul/kspec_gfa_controller/src/img/procimg/proc_KMTNgs.20231211T102558.0001.fits (at gfa_actions.py)
2025-03-05 16:15:22,700 [INFO] Performing sigma clipping to derive background and stddev. (at gfa_actions.py)
2025-03-05 16:15:22,826 [INFO] Processing FITS: /media/shyunc/DATA/KSpec/KSPEC_ICS/GFA/Simul/kspec_gfa_controller/src/img/astroimg/astro_proc_KMTNgw.20231211T102558.0001.fits & /media/shyunc/DATA/KSpec/KSPEC_ICS/GFA/Simul/kspec_gfa_controller/src/img/procimg/proc_KMTNgw.20231211T102558.0001.fits (at gfa_actions.py)
2025-03-05 16:15:22,832 [INFO] Performing sigma clipping to derive background and stddev. (at gfa_actions.py)
2025-03-05 16:15:22,943 [WARNING] Offsets within critical threshold; returning 0, 0. (at gfa_actions.py)
2025-03-05 16:15:22,945 [INFO] FWHM: 1.81 arcsec (at gfa_actions.py)
2025-03-05 16:15:22,945 [INFO] Guide star calibration complete. Offsets => fdx=0.00000, fdy=0.00000, FWHM=1.80589 (at gfa_actions.py)
2025-03-05 16:15:22,945 [INFO] Offsets calculated: fdx= $$, fdy=$$, FWHM=$$$ arcsec (at gfa_actions.py)
2025-03-05 17:14:10,139 [INFO] Guiding starts... (at gfa_actions.py)
2025-03-05 17:14:10,140 [INFO] Step #1: Grab an image (uncomment if needed). (at gfa_actions.py)
2025-03-05 17:14:10,140 [INFO] Step #2: Astrometry... (at gfa_actions.py)
2025-03-05 17:14:10,141 [INFO] Step #3: Calculating the offset... (at gfa_actions.py)
2025-03-05 17:14:10,141 [INFO] Starting guide star calibration process. (at gfa_actions.py)
2025-03-05 17:14:10,143 [INFO] Found 4 astrometry files and 4 processed files. (at gfa_actions.py)
2025-03-05 17:14:10,143 [INFO] Processing FITS: /media/shyunc/DATA/KSpec/KSPEC_ICS/GFA/Simul/kspec_gfa_controller/src/img/astroimg/astro_proc_KMTNge.20231211T102558.0001.fits & /media/shyunc/DATA/KSpec/KSPEC_ICS/GFA/Simul/kspec_gfa_controller/src/img/procimg/proc_KMTNge.20231211T102558.0001.fits (at gfa_actions.py)
2025-03-05 17:14:10,152 [INFO] Performing sigma clipping to derive background and stddev. (at gfa_actions.py)
2025-03-05 17:14:10,273 [INFO] Processing FITS: /media/shyunc/DATA/KSpec/KSPEC_ICS/GFA/Simul/kspec_gfa_controller/src/img/astroimg/astro_proc_KMTNgn.20231211T102558.0001.fits & /media/shyunc/DATA/KSpec/KSPEC_ICS/GFA/Simul/kspec_gfa_controller/src/img/procimg/proc_KMTNgn.20231211T102558.0001.fits (at gfa_actions.py)
2025-03-05 17:14:10,280 [INFO] Performing sigma clipping to derive background and stddev. (at gfa_actions.py)
2025-03-05 17:14:10,404 [INFO] Processing FITS: /media/shyunc/DATA/KSpec/KSPEC_ICS/GFA/Simul/kspec_gfa_controller/src/img/astroimg/astro_proc_KMTNgs.20231211T102558.0001.fits & /media/shyunc/DATA/KSpec/KSPEC_ICS/GFA/Simul/kspec_gfa_controller/src/img/procimg/proc_KMTNgs.20231211T102558.0001.fits (at gfa_actions.py)
2025-03-05 17:14:10,411 [INFO] Performing sigma clipping to derive background and stddev. (at gfa_actions.py)
2025-03-05 17:14:10,536 [INFO] Processing FITS: /media/shyunc/DATA/KSpec/KSPEC_ICS/GFA/Simul/kspec_gfa_controller/src/img/astroimg/astro_proc_KMTNgw.20231211T102558.0001.fits & /media/shyunc/DATA/KSpec/KSPEC_ICS/GFA/Simul/kspec_gfa_controller/src/img/procimg/proc_KMTNgw.20231211T102558.0001.fits (at gfa_actions.py)
2025-03-05 17:14:10,543 [INFO] Performing sigma clipping to derive background and stddev. (at gfa_actions.py)
2025-03-05 17:14:10,653 [WARNING] Offsets within critical threshold; returning 0, 0. (at gfa_actions.py)
2025-03-05 17:14:10,656 [INFO] FWHM: 1.81 arcsec (at gfa_actions.py)
2025-03-05 17:14:10,656 [INFO] Guide star calibration complete. Offsets => fdx=0.00000, fdy=0.00000, FWHM=1.80589 (at gfa_actions.py)
2025-03-05 17:14:10,656 [INFO] Offsets calculated: fdx= $$, fdy=$$, FWHM=$$$ arcsec (at gfa_actions.py)
2025-03-05 17:14:55,857 [INFO] Guiding starts... (at gfa_actions.py)
2025-03-05 17:14:55,858 [INFO] Step #1: Grab an image (uncomment if needed). (at gfa_actions.py)
2025-03-05 17:14:55,859 [INFO] Step #2: Astrometry... (at gfa_actions.py)
2025-03-05 17:14:55,859 [INFO] Step #3: Calculating the offset... (at gfa_actions.py)
2025-03-05 17:14:55,860 [INFO] Starting guide star calibration process. (at gfa_actions.py)
2025-03-05 17:14:55,861 [INFO] Found 4 astrometry files and 4 processed files. (at gfa_actions.py)
2025-03-05 17:14:55,862 [INFO] Processing FITS: /media/shyunc/DATA/KSpec/KSPEC_ICS/GFA/Simul/kspec_gfa_controller/src/img/astroimg/astro_proc_KMTNge.20231211T102558.0001.fits & /media/shyunc/DATA/KSpec/KSPEC_ICS/GFA/Simul/kspec_gfa_controller/src/img/procimg/proc_KMTNge.20231211T102558.0001.fits (at gfa_actions.py)
2025-03-05 17:14:55,870 [INFO] Performing sigma clipping to derive background and stddev. (at gfa_actions.py)
2025-03-05 17:14:55,987 [INFO] Processing FITS: /media/shyunc/DATA/KSpec/KSPEC_ICS/GFA/Simul/kspec_gfa_controller/src/img/astroimg/astro_proc_KMTNgn.20231211T102558.0001.fits & /media/shyunc/DATA/KSpec/KSPEC_ICS/GFA/Simul/kspec_gfa_controller/src/img/procimg/proc_KMTNgn.20231211T102558.0001.fits (at gfa_actions.py)
2025-03-05 17:14:55,994 [INFO] Performing sigma clipping to derive background and stddev. (at gfa_actions.py)
2025-03-05 17:14:56,118 [INFO] Processing FITS: /media/shyunc/DATA/KSpec/KSPEC_ICS/GFA/Simul/kspec_gfa_controller/src/img/astroimg/astro_proc_KMTNgs.20231211T102558.0001.fits & /media/shyunc/DATA/KSpec/KSPEC_ICS/GFA/Simul/kspec_gfa_controller/src/img/procimg/proc_KMTNgs.20231211T102558.0001.fits (at gfa_actions.py)
2025-03-05 17:14:56,125 [INFO] Performing sigma clipping to derive background and stddev. (at gfa_actions.py)
2025-03-05 17:14:56,251 [INFO] Processing FITS: /media/shyunc/DATA/KSpec/KSPEC_ICS/GFA/Simul/kspec_gfa_controller/src/img/astroimg/astro_proc_KMTNgw.20231211T102558.0001.fits & /media/shyunc/DATA/KSpec/KSPEC_ICS/GFA/Simul/kspec_gfa_controller/src/img/procimg/proc_KMTNgw.20231211T102558.0001.fits (at gfa_actions.py)
2025-03-05 17:14:56,258 [INFO] Performing sigma clipping to derive background and stddev. (at gfa_actions.py)
2025-03-05 17:14:56,368 [WARNING] Offsets within critical threshold; returning 0, 0. (at gfa_actions.py)
2025-03-05 17:14:56,371 [INFO] FWHM: 1.81 arcsec (at gfa_actions.py)
2025-03-05 17:14:56,371 [INFO] Guide star calibration complete. Offsets => fdx=0.00000, fdy=0.00000, FWHM=1.80589 (at gfa_actions.py)
2025-03-05 17:14:56,371 [INFO] Offsets calculated: fdx= $$, fdy=$$, FWHM=$$$ arcsec (at gfa_actions.py)
2025-03-05 17:15:26,395 [INFO] Guiding starts... (at gfa_actions.py)
2025-03-05 17:15:26,396 [INFO] Step #1: Grab an image (uncomment if needed). (at gfa_actions.py)
2025-03-05 17:15:26,396 [INFO] Step #2: Astrometry... (at gfa_actions.py)
2025-03-05 17:15:26,397 [INFO] Step #3: Calculating the offset... (at gfa_actions.py)
2025-03-05 17:15:26,397 [INFO] Starting guide star calibration process. (at gfa_actions.py)
2025-03-05 17:15:26,400 [INFO] Found 4 astrometry files and 4 processed files. (at gfa_actions.py)
2025-03-05 17:15:26,401 [INFO] Processing FITS: /media/shyunc/DATA/KSpec/KSPEC_ICS/GFA/Simul/kspec_gfa_controller/src/img/astroimg/astro_proc_KMTNge.20231211T102558.0001.fits & /media/shyunc/DATA/KSpec/KSPEC_ICS/GFA/Simul/kspec_gfa_controller/src/img/procimg/proc_KMTNge.20231211T102558.0001.fits (at gfa_actions.py)
2025-03-05 17:15:26,418 [INFO] Performing sigma clipping to derive background and stddev. (at gfa_actions.py)
2025-03-05 17:15:26,536 [INFO] Processing FITS: /media/shyunc/DATA/KSpec/KSPEC_ICS/GFA/Simul/kspec_gfa_controller/src/img/astroimg/astro_proc_KMTNgn.20231211T102558.0001.fits & /media/shyunc/DATA/KSpec/KSPEC_ICS/GFA/Simul/kspec_gfa_controller/src/img/procimg/proc_KMTNgn.20231211T102558.0001.fits (at gfa_actions.py)
2025-03-05 17:15:26,543 [INFO] Performing sigma clipping to derive background and stddev. (at gfa_actions.py)
2025-03-05 17:15:26,666 [INFO] Processing FITS: /media/shyunc/DATA/KSpec/KSPEC_ICS/GFA/Simul/kspec_gfa_controller/src/img/astroimg/astro_proc_KMTNgs.20231211T102558.0001.fits & /media/shyunc/DATA/KSpec/KSPEC_ICS/GFA/Simul/kspec_gfa_controller/src/img/procimg/proc_KMTNgs.20231211T102558.0001.fits (at gfa_actions.py)
2025-03-05 17:15:26,674 [INFO] Performing sigma clipping to derive background and stddev. (at gfa_actions.py)
2025-03-05 17:15:26,800 [INFO] Processing FITS: /media/shyunc/DATA/KSpec/KSPEC_ICS/GFA/Simul/kspec_gfa_controller/src/img/astroimg/astro_proc_KMTNgw.20231211T102558.0001.fits & /media/shyunc/DATA/KSpec/KSPEC_ICS/GFA/Simul/kspec_gfa_controller/src/img/procimg/proc_KMTNgw.20231211T102558.0001.fits (at gfa_actions.py)
2025-03-05 17:15:26,807 [INFO] Performing sigma clipping to derive background and stddev. (at gfa_actions.py)
2025-03-05 17:15:26,921 [WARNING] Offsets within critical threshold; returning 0, 0. (at gfa_actions.py)
2025-03-05 17:15:26,924 [INFO] FWHM: 1.81 arcsec (at gfa_actions.py)
2025-03-05 17:15:26,924 [INFO] Guide star calibration complete. Offsets => fdx=0.00000, fdy=0.00000, FWHM=1.80589 (at gfa_actions.py)
2025-03-05 17:15:26,924 [INFO] Offsets calculated: fdx= $$, fdy=$$, FWHM=$$$ arcsec (at gfa_actions.py)
2025-03-05 17:15:50,757 [INFO] Guiding starts... (at gfa_actions.py)
2025-03-05 17:15:50,757 [INFO] Step #1: Grab an image (uncomment if needed). (at gfa_actions.py)
2025-03-05 17:15:50,758 [INFO] Step #2: Astrometry... (at gfa_actions.py)
2025-03-05 17:15:50,758 [INFO] Step #3: Calculating the offset... (at gfa_actions.py)
2025-03-05 17:15:50,758 [INFO] Starting guide star calibration process. (at gfa_actions.py)
2025-03-05 17:15:50,760 [INFO] Found 4 astrometry files and 4 processed files. (at gfa_actions.py)
2025-03-05 17:15:50,760 [INFO] Processing FITS: /media/shyunc/DATA/KSpec/KSPEC_ICS/GFA/Simul/kspec_gfa_controller/src/img/astroimg/astro_proc_KMTNge.20231211T102558.0001.fits & /media/shyunc/DATA/KSpec/KSPEC_ICS/GFA/Simul/kspec_gfa_controller/src/img/procimg/proc_KMTNge.20231211T102558.0001.fits (at gfa_actions.py)
2025-03-05 17:15:50,769 [INFO] Performing sigma clipping to derive background and stddev. (at gfa_actions.py)
2025-03-05 17:15:50,888 [INFO] Processing FITS: /media/shyunc/DATA/KSpec/KSPEC_ICS/GFA/Simul/kspec_gfa_controller/src/img/astroimg/astro_proc_KMTNgn.20231211T102558.0001.fits & /media/shyunc/DATA/KSpec/KSPEC_ICS/GFA/Simul/kspec_gfa_controller/src/img/procimg/proc_KMTNgn.20231211T102558.0001.fits (at gfa_actions.py)
2025-03-05 17:15:50,895 [INFO] Performing sigma clipping to derive background and stddev. (at gfa_actions.py)
2025-03-05 17:15:51,021 [INFO] Processing FITS: /media/shyunc/DATA/KSpec/KSPEC_ICS/GFA/Simul/kspec_gfa_controller/src/img/astroimg/astro_proc_KMTNgs.20231211T102558.0001.fits & /media/shyunc/DATA/KSpec/KSPEC_ICS/GFA/Simul/kspec_gfa_controller/src/img/procimg/proc_KMTNgs.20231211T102558.0001.fits (at gfa_actions.py)
2025-03-05 17:15:51,028 [INFO] Performing sigma clipping to derive background and stddev. (at gfa_actions.py)
2025-03-05 17:15:51,154 [INFO] Processing FITS: /media/shyunc/DATA/KSpec/KSPEC_ICS/GFA/Simul/kspec_gfa_controller/src/img/astroimg/astro_proc_KMTNgw.20231211T102558.0001.fits & /media/shyunc/DATA/KSpec/KSPEC_ICS/GFA/Simul/kspec_gfa_controller/src/img/procimg/proc_KMTNgw.20231211T102558.0001.fits (at gfa_actions.py)
2025-03-05 17:15:51,161 [INFO] Performing sigma clipping to derive background and stddev. (at gfa_actions.py)
2025-03-05 17:15:51,270 [WARNING] Offsets within critical threshold; returning 0, 0. (at gfa_actions.py)
2025-03-05 17:15:51,272 [INFO] FWHM: 1.81 arcsec (at gfa_actions.py)
2025-03-05 17:15:51,273 [INFO] Guide star calibration complete. Offsets => fdx=0.00000, fdy=0.00000, FWHM=1.80589 (at gfa_actions.py)
2025-03-05 17:15:51,273 [INFO] Offsets calculated: fdx= $$, fdy=$$, FWHM=$$$ arcsec (at gfa_actions.py)
2025-03-05 17:19:55,781 [INFO] Guiding starts... (at gfa_actions.py)
2025-03-05 17:19:55,782 [INFO] Step #1: Grab an image (uncomment if needed). (at gfa_actions.py)
2025-03-05 17:19:55,783 [INFO] Step #2: Astrometry... (at gfa_actions.py)
2025-03-05 17:19:55,783 [INFO] Step #3: Calculating the offset... (at gfa_actions.py)
2025-03-05 17:19:55,784 [INFO] Starting guide star calibration process. (at gfa_actions.py)
2025-03-05 17:19:55,785 [INFO] Found 4 astrometry files and 4 processed files. (at gfa_actions.py)
2025-03-05 17:19:55,785 [INFO] Processing FITS: /media/shyunc/DATA/KSpec/KSPEC_ICS/GFA/Simul/kspec_gfa_controller/src/img/astroimg/astro_proc_KMTNge.20231211T102558.0001.fits & /media/shyunc/DATA/KSpec/KSPEC_ICS/GFA/Simul/kspec_gfa_controller/src/img/procimg/proc_KMTNge.20231211T102558.0001.fits (at gfa_actions.py)
2025-03-05 17:19:55,794 [INFO] Performing sigma clipping to derive background and stddev. (at gfa_actions.py)
2025-03-05 17:19:55,913 [INFO] Processing FITS: /media/shyunc/DATA/KSpec/KSPEC_ICS/GFA/Simul/kspec_gfa_controller/src/img/astroimg/astro_proc_KMTNgn.20231211T102558.0001.fits & /media/shyunc/DATA/KSpec/KSPEC_ICS/GFA/Simul/kspec_gfa_controller/src/img/procimg/proc_KMTNgn.20231211T102558.0001.fits (at gfa_actions.py)
2025-03-05 17:19:55,920 [INFO] Performing sigma clipping to derive background and stddev. (at gfa_actions.py)
2025-03-05 17:19:56,043 [INFO] Processing FITS: /media/shyunc/DATA/KSpec/KSPEC_ICS/GFA/Simul/kspec_gfa_controller/src/img/astroimg/astro_proc_KMTNgs.20231211T102558.0001.fits & /media/shyunc/DATA/KSpec/KSPEC_ICS/GFA/Simul/kspec_gfa_controller/src/img/procimg/proc_KMTNgs.20231211T102558.0001.fits (at gfa_actions.py)
2025-03-05 17:19:56,050 [INFO] Performing sigma clipping to derive background and stddev. (at gfa_actions.py)
2025-03-05 17:19:56,175 [INFO] Processing FITS: /media/shyunc/DATA/KSpec/KSPEC_ICS/GFA/Simul/kspec_gfa_controller/src/img/astroimg/astro_proc_KMTNgw.20231211T102558.0001.fits & /media/shyunc/DATA/KSpec/KSPEC_ICS/GFA/Simul/kspec_gfa_controller/src/img/procimg/proc_KMTNgw.20231211T102558.0001.fits (at gfa_actions.py)
2025-03-05 17:19:56,212 [INFO] Performing sigma clipping to derive background and stddev. (at gfa_actions.py)
2025-03-05 17:19:56,318 [WARNING] Offsets within critical threshold; returning 0, 0. (at gfa_actions.py)
2025-03-05 17:19:56,320 [INFO] FWHM: 1.81 arcsec (at gfa_actions.py)
2025-03-05 17:19:56,320 [INFO] Guide star calibration complete. Offsets => fdx=0.00000, fdy=0.00000, FWHM=1.80589 (at gfa_actions.py)
2025-03-05 17:19:56,320 [INFO] Offsets calculated: fdx= $$, fdy=$$, FWHM=$$$ arcsec (at gfa_actions.py)
2025-03-05 17:23:23,164 [INFO] Guiding starts... (at gfa_actions.py)
2025-03-05 17:23:23,165 [INFO] Step #1: Grab an image (uncomment if needed). (at gfa_actions.py)
2025-03-05 17:23:23,166 [INFO] Step #2: Astrometry... (at gfa_actions.py)
2025-03-05 17:23:23,167 [INFO] Step #3: Calculating the offset... (at gfa_actions.py)
2025-03-05 17:23:23,167 [INFO] Starting guide star calibration process. (at gfa_actions.py)
2025-03-05 17:23:23,168 [INFO] Found 4 astrometry files and 4 processed files. (at gfa_actions.py)
2025-03-05 17:23:23,169 [INFO] Processing FITS: /media/shyunc/DATA/KSpec/KSPEC_ICS/GFA/Simul/kspec_gfa_controller/src/img/astroimg/astro_proc_KMTNge.20231211T102558.0001.fits & /media/shyunc/DATA/KSpec/KSPEC_ICS/GFA/Simul/kspec_gfa_controller/src/img/procimg/proc_KMTNge.20231211T102558.0001.fits (at gfa_actions.py)
2025-03-05 17:23:23,179 [INFO] Performing sigma clipping to derive background and stddev. (at gfa_actions.py)
2025-03-05 17:23:23,297 [INFO] Processing FITS: /media/shyunc/DATA/KSpec/KSPEC_ICS/GFA/Simul/kspec_gfa_controller/src/img/astroimg/astro_proc_KMTNgn.20231211T102558.0001.fits & /media/shyunc/DATA/KSpec/KSPEC_ICS/GFA/Simul/kspec_gfa_controller/src/img/procimg/proc_KMTNgn.20231211T102558.0001.fits (at gfa_actions.py)
2025-03-05 17:23:23,304 [INFO] Performing sigma clipping to derive background and stddev. (at gfa_actions.py)
2025-03-05 17:23:23,426 [INFO] Processing FITS: /media/shyunc/DATA/KSpec/KSPEC_ICS/GFA/Simul/kspec_gfa_controller/src/img/astroimg/astro_proc_KMTNgs.20231211T102558.0001.fits & /media/shyunc/DATA/KSpec/KSPEC_ICS/GFA/Simul/kspec_gfa_controller/src/img/procimg/proc_KMTNgs.20231211T102558.0001.fits (at gfa_actions.py)
2025-03-05 17:23:23,433 [INFO] Performing sigma clipping to derive background and stddev. (at gfa_actions.py)
2025-03-05 17:23:23,558 [INFO] Processing FITS: /media/shyunc/DATA/KSpec/KSPEC_ICS/GFA/Simul/kspec_gfa_controller/src/img/astroimg/astro_proc_KMTNgw.20231211T102558.0001.fits & /media/shyunc/DATA/KSpec/KSPEC_ICS/GFA/Simul/kspec_gfa_controller/src/img/procimg/proc_KMTNgw.20231211T102558.0001.fits (at gfa_actions.py)
2025-03-05 17:23:23,565 [INFO] Performing sigma clipping to derive background and stddev. (at gfa_actions.py)
2025-03-05 17:23:23,675 [WARNING] Offsets within critical threshold; returning 0, 0. (at gfa_actions.py)
2025-03-05 17:23:23,677 [INFO] FWHM: 1.81 arcsec (at gfa_actions.py)
2025-03-05 17:23:23,677 [INFO] Guide star calibration complete. Offsets => fdx=0.00000, fdy=0.00000, FWHM=1.80589 (at gfa_actions.py)
2025-03-05 17:23:23,677 [INFO] Offsets calculated: fdx= $$, fdy=$$, FWHM=$$$ arcsec (at gfa_actions.py)
2025-03-05 17:51:52,175 [INFO] Guiding starts... (at gfa_actions.py)
2025-03-05 17:51:52,176 [INFO] Step #1: Grab an image (uncomment if needed). (at gfa_actions.py)
2025-03-05 17:51:52,177 [INFO] Step #2: Astrometry... (at gfa_actions.py)
2025-03-05 17:51:52,177 [INFO] Step #3: Calculating the offset... (at gfa_actions.py)
2025-03-05 17:51:52,178 [INFO] Starting guide star calibration process. (at gfa_actions.py)
2025-03-05 17:51:52,179 [INFO] Found 4 astrometry files and 4 processed files. (at gfa_actions.py)
2025-03-05 17:51:52,179 [INFO] Processing FITS: /media/shyunc/DATA/KSpec/KSPEC_ICS/GFA/Simul/kspec_gfa_controller/src/img/astroimg/astro_proc_KMTNge.20231211T102558.0001.fits & /media/shyunc/DATA/KSpec/KSPEC_ICS/GFA/Simul/kspec_gfa_controller/src/img/procimg/proc_KMTNge.20231211T102558.0001.fits (at gfa_actions.py)
2025-03-05 17:51:52,188 [INFO] Performing sigma clipping to derive background and stddev. (at gfa_actions.py)
2025-03-05 17:51:52,308 [INFO] Processing FITS: /media/shyunc/DATA/KSpec/KSPEC_ICS/GFA/Simul/kspec_gfa_controller/src/img/astroimg/astro_proc_KMTNgn.20231211T102558.0001.fits & /media/shyunc/DATA/KSpec/KSPEC_ICS/GFA/Simul/kspec_gfa_controller/src/img/procimg/proc_KMTNgn.20231211T102558.0001.fits (at gfa_actions.py)
2025-03-05 17:51:52,315 [INFO] Performing sigma clipping to derive background and stddev. (at gfa_actions.py)
2025-03-05 17:51:52,437 [INFO] Processing FITS: /media/shyunc/DATA/KSpec/KSPEC_ICS/GFA/Simul/kspec_gfa_controller/src/img/astroimg/astro_proc_KMTNgs.20231211T102558.0001.fits & /media/shyunc/DATA/KSpec/KSPEC_ICS/GFA/Simul/kspec_gfa_controller/src/img/procimg/proc_KMTNgs.20231211T102558.0001.fits (at gfa_actions.py)
2025-03-05 17:51:52,444 [INFO] Performing sigma clipping to derive background and stddev. (at gfa_actions.py)
2025-03-05 17:51:52,570 [INFO] Processing FITS: /media/shyunc/DATA/KSpec/KSPEC_ICS/GFA/Simul/kspec_gfa_controller/src/img/astroimg/astro_proc_KMTNgw.20231211T102558.0001.fits & /media/shyunc/DATA/KSpec/KSPEC_ICS/GFA/Simul/kspec_gfa_controller/src/img/procimg/proc_KMTNgw.20231211T102558.0001.fits (at gfa_actions.py)
2025-03-05 17:51:52,577 [INFO] Performing sigma clipping to derive background and stddev. (at gfa_actions.py)
2025-03-05 17:51:52,687 [WARNING] Offsets within critical threshold; returning 0, 0. (at gfa_actions.py)
2025-03-05 17:51:52,689 [INFO] FWHM: 1.81 arcsec (at gfa_actions.py)
2025-03-05 17:51:52,690 [INFO] Guide star calibration complete. Offsets => fdx=0.00000, fdy=0.00000, FWHM=1.80589 (at gfa_actions.py)
2025-03-05 17:51:52,690 [INFO] Offsets calculated: fdx= $$, fdy=$$, FWHM=$$$ arcsec (at gfa_actions.py)
2025-03-05 17:52:22,710 [INFO] Guiding starts... (at gfa_actions.py)
2025-03-05 17:52:22,711 [INFO] Step #1: Grab an image (uncomment if needed). (at gfa_actions.py)
2025-03-05 17:52:22,712 [INFO] Step #2: Astrometry... (at gfa_actions.py)
2025-03-05 17:52:22,712 [INFO] Step #3: Calculating the offset... (at gfa_actions.py)
2025-03-05 17:52:22,713 [INFO] Starting guide star calibration process. (at gfa_actions.py)
2025-03-05 17:52:22,714 [INFO] Found 4 astrometry files and 4 processed files. (at gfa_actions.py)
2025-03-05 17:52:22,714 [INFO] Processing FITS: /media/shyunc/DATA/KSpec/KSPEC_ICS/GFA/Simul/kspec_gfa_controller/src/img/astroimg/astro_proc_KMTNge.20231211T102558.0001.fits & /media/shyunc/DATA/KSpec/KSPEC_ICS/GFA/Simul/kspec_gfa_controller/src/img/procimg/proc_KMTNge.20231211T102558.0001.fits (at gfa_actions.py)
2025-03-05 17:52:22,723 [INFO] Performing sigma clipping to derive background and stddev. (at gfa_actions.py)
2025-03-05 17:52:22,839 [INFO] Processing FITS: /media/shyunc/DATA/KSpec/KSPEC_ICS/GFA/Simul/kspec_gfa_controller/src/img/astroimg/astro_proc_KMTNgn.20231211T102558.0001.fits & /media/shyunc/DATA/KSpec/KSPEC_ICS/GFA/Simul/kspec_gfa_controller/src/img/procimg/proc_KMTNgn.20231211T102558.0001.fits (at gfa_actions.py)
2025-03-05 17:52:22,847 [INFO] Performing sigma clipping to derive background and stddev. (at gfa_actions.py)
2025-03-05 17:52:22,970 [INFO] Processing FITS: /media/shyunc/DATA/KSpec/KSPEC_ICS/GFA/Simul/kspec_gfa_controller/src/img/astroimg/astro_proc_KMTNgs.20231211T102558.0001.fits & /media/shyunc/DATA/KSpec/KSPEC_ICS/GFA/Simul/kspec_gfa_controller/src/img/procimg/proc_KMTNgs.20231211T102558.0001.fits (at gfa_actions.py)
2025-03-05 17:52:22,978 [INFO] Performing sigma clipping to derive background and stddev. (at gfa_actions.py)
2025-03-05 17:52:23,102 [INFO] Processing FITS: /media/shyunc/DATA/KSpec/KSPEC_ICS/GFA/Simul/kspec_gfa_controller/src/img/astroimg/astro_proc_KMTNgw.20231211T102558.0001.fits & /media/shyunc/DATA/KSpec/KSPEC_ICS/GFA/Simul/kspec_gfa_controller/src/img/procimg/proc_KMTNgw.20231211T102558.0001.fits (at gfa_actions.py)
2025-03-05 17:52:23,110 [INFO] Performing sigma clipping to derive background and stddev. (at gfa_actions.py)
2025-03-05 17:52:23,222 [WARNING] Offsets within critical threshold; returning 0, 0. (at gfa_actions.py)
2025-03-05 17:52:23,224 [INFO] FWHM: 1.81 arcsec (at gfa_actions.py)
2025-03-05 17:52:23,224 [INFO] Guide star calibration complete. Offsets => fdx=0.00000, fdy=0.00000, FWHM=1.80589 (at gfa_actions.py)
2025-03-05 17:52:23,225 [INFO] Offsets calculated: fdx= $$, fdy=$$, FWHM=$$$ arcsec (at gfa_actions.py)
2025-03-05 17:52:53,245 [INFO] Guiding starts... (at gfa_actions.py)
2025-03-05 17:52:53,245 [INFO] Step #1: Grab an image (uncomment if needed). (at gfa_actions.py)
2025-03-05 17:52:53,245 [INFO] Step #2: Astrometry... (at gfa_actions.py)
2025-03-05 17:52:53,246 [INFO] Step #3: Calculating the offset... (at gfa_actions.py)
2025-03-05 17:52:53,246 [INFO] Starting guide star calibration process. (at gfa_actions.py)
2025-03-05 17:52:53,246 [INFO] Found 4 astrometry files and 4 processed files. (at gfa_actions.py)
2025-03-05 17:52:53,246 [INFO] Processing FITS: /media/shyunc/DATA/KSpec/KSPEC_ICS/GFA/Simul/kspec_gfa_controller/src/img/astroimg/astro_proc_KMTNge.20231211T102558.0001.fits & /media/shyunc/DATA/KSpec/KSPEC_ICS/GFA/Simul/kspec_gfa_controller/src/img/procimg/proc_KMTNge.20231211T102558.0001.fits (at gfa_actions.py)
2025-03-05 17:52:53,256 [INFO] Performing sigma clipping to derive background and stddev. (at gfa_actions.py)
2025-03-05 17:52:53,438 [INFO] Processing FITS: /media/shyunc/DATA/KSpec/KSPEC_ICS/GFA/Simul/kspec_gfa_controller/src/img/astroimg/astro_proc_KMTNgn.20231211T102558.0001.fits & /media/shyunc/DATA/KSpec/KSPEC_ICS/GFA/Simul/kspec_gfa_controller/src/img/procimg/proc_KMTNgn.20231211T102558.0001.fits (at gfa_actions.py)
2025-03-05 17:52:53,448 [INFO] Performing sigma clipping to derive background and stddev. (at gfa_actions.py)
2025-03-05 17:52:53,583 [INFO] Processing FITS: /media/shyunc/DATA/KSpec/KSPEC_ICS/GFA/Simul/kspec_gfa_controller/src/img/astroimg/astro_proc_KMTNgs.20231211T102558.0001.fits & /media/shyunc/DATA/KSpec/KSPEC_ICS/GFA/Simul/kspec_gfa_controller/src/img/procimg/proc_KMTNgs.20231211T102558.0001.fits (at gfa_actions.py)
2025-03-05 17:52:53,590 [INFO] Performing sigma clipping to derive background and stddev. (at gfa_actions.py)
2025-03-05 17:52:53,720 [INFO] Processing FITS: /media/shyunc/DATA/KSpec/KSPEC_ICS/GFA/Simul/kspec_gfa_controller/src/img/astroimg/astro_proc_KMTNgw.20231211T102558.0001.fits & /media/shyunc/DATA/KSpec/KSPEC_ICS/GFA/Simul/kspec_gfa_controller/src/img/procimg/proc_KMTNgw.20231211T102558.0001.fits (at gfa_actions.py)
2025-03-05 17:52:53,727 [INFO] Performing sigma clipping to derive background and stddev. (at gfa_actions.py)
2025-03-05 17:52:53,842 [WARNING] Offsets within critical threshold; returning 0, 0. (at gfa_actions.py)
2025-03-05 17:52:53,844 [INFO] FWHM: 1.81 arcsec (at gfa_actions.py)
2025-03-05 17:52:53,844 [INFO] Guide star calibration complete. Offsets => fdx=0.00000, fdy=0.00000, FWHM=1.80589 (at gfa_actions.py)
2025-03-05 17:52:53,844 [INFO] Offsets calculated: fdx= $$, fdy=$$, FWHM=$$$ arcsec (at gfa_actions.py)
2025-03-05 17:53:23,866 [INFO] Guiding starts... (at gfa_actions.py)
2025-03-05 17:53:23,867 [INFO] Step #1: Grab an image (uncomment if needed). (at gfa_actions.py)
2025-03-05 17:53:23,868 [INFO] Step #2: Astrometry... (at gfa_actions.py)
2025-03-05 17:53:23,868 [INFO] Step #3: Calculating the offset... (at gfa_actions.py)
2025-03-05 17:53:23,868 [INFO] Starting guide star calibration process. (at gfa_actions.py)
2025-03-05 17:53:23,870 [INFO] Found 4 astrometry files and 4 processed files. (at gfa_actions.py)
2025-03-05 17:53:23,870 [INFO] Processing FITS: /media/shyunc/DATA/KSpec/KSPEC_ICS/GFA/Simul/kspec_gfa_controller/src/img/astroimg/astro_proc_KMTNge.20231211T102558.0001.fits & /media/shyunc/DATA/KSpec/KSPEC_ICS/GFA/Simul/kspec_gfa_controller/src/img/procimg/proc_KMTNge.20231211T102558.0001.fits (at gfa_actions.py)
2025-03-05 17:53:23,881 [INFO] Performing sigma clipping to derive background and stddev. (at gfa_actions.py)
2025-03-05 17:53:23,998 [INFO] Processing FITS: /media/shyunc/DATA/KSpec/KSPEC_ICS/GFA/Simul/kspec_gfa_controller/src/img/astroimg/astro_proc_KMTNgn.20231211T102558.0001.fits & /media/shyunc/DATA/KSpec/KSPEC_ICS/GFA/Simul/kspec_gfa_controller/src/img/procimg/proc_KMTNgn.20231211T102558.0001.fits (at gfa_actions.py)
2025-03-05 17:53:24,005 [INFO] Performing sigma clipping to derive background and stddev. (at gfa_actions.py)
2025-03-05 17:53:24,129 [INFO] Processing FITS: /media/shyunc/DATA/KSpec/KSPEC_ICS/GFA/Simul/kspec_gfa_controller/src/img/astroimg/astro_proc_KMTNgs.20231211T102558.0001.fits & /media/shyunc/DATA/KSpec/KSPEC_ICS/GFA/Simul/kspec_gfa_controller/src/img/procimg/proc_KMTNgs.20231211T102558.0001.fits (at gfa_actions.py)
2025-03-05 17:53:24,136 [INFO] Performing sigma clipping to derive background and stddev. (at gfa_actions.py)
2025-03-05 17:53:24,265 [INFO] Processing FITS: /media/shyunc/DATA/KSpec/KSPEC_ICS/GFA/Simul/kspec_gfa_controller/src/img/astroimg/astro_proc_KMTNgw.20231211T102558.0001.fits & /media/shyunc/DATA/KSpec/KSPEC_ICS/GFA/Simul/kspec_gfa_controller/src/img/procimg/proc_KMTNgw.20231211T102558.0001.fits (at gfa_actions.py)
2025-03-05 17:53:24,272 [INFO] Performing sigma clipping to derive background and stddev. (at gfa_actions.py)
2025-03-05 17:53:24,382 [WARNING] Offsets within critical threshold; returning 0, 0. (at gfa_actions.py)
2025-03-05 17:53:24,385 [INFO] FWHM: 1.81 arcsec (at gfa_actions.py)
2025-03-05 17:53:24,385 [INFO] Guide star calibration complete. Offsets => fdx=0.00000, fdy=0.00000, FWHM=1.80589 (at gfa_actions.py)
2025-03-05 17:53:24,385 [INFO] Offsets calculated: fdx= $$, fdy=$$, FWHM=$$$ arcsec (at gfa_actions.py)
2025-03-05 17:56:01,116 [INFO] Guiding starts... (at gfa_actions.py)
2025-03-05 17:56:01,116 [INFO] Step #1: Grab an image (uncomment if needed). (at gfa_actions.py)
2025-03-05 17:56:01,117 [INFO] Step #2: Astrometry... (at gfa_actions.py)
2025-03-05 17:56:01,117 [INFO] Step #3: Calculating the offset... (at gfa_actions.py)
2025-03-05 17:56:01,118 [INFO] Starting guide star calibration process. (at gfa_actions.py)
2025-03-05 17:56:01,119 [INFO] Found 4 astrometry files and 4 processed files. (at gfa_actions.py)
2025-03-05 17:56:01,120 [INFO] Processing FITS: /media/shyunc/DATA/KSpec/KSPEC_ICS/GFA/Simul/kspec_gfa_controller/src/img/astroimg/astro_proc_KMTNge.20231211T102558.0001.fits & /media/shyunc/DATA/KSpec/KSPEC_ICS/GFA/Simul/kspec_gfa_controller/src/img/procimg/proc_KMTNge.20231211T102558.0001.fits (at gfa_actions.py)
2025-03-05 17:56:01,130 [INFO] Performing sigma clipping to derive background and stddev. (at gfa_actions.py)
2025-03-05 17:56:01,249 [INFO] Processing FITS: /media/shyunc/DATA/KSpec/KSPEC_ICS/GFA/Simul/kspec_gfa_controller/src/img/astroimg/astro_proc_KMTNgn.20231211T102558.0001.fits & /media/shyunc/DATA/KSpec/KSPEC_ICS/GFA/Simul/kspec_gfa_controller/src/img/procimg/proc_KMTNgn.20231211T102558.0001.fits (at gfa_actions.py)
2025-03-05 17:56:01,256 [INFO] Performing sigma clipping to derive background and stddev. (at gfa_actions.py)
2025-03-05 17:56:01,379 [INFO] Processing FITS: /media/shyunc/DATA/KSpec/KSPEC_ICS/GFA/Simul/kspec_gfa_controller/src/img/astroimg/astro_proc_KMTNgs.20231211T102558.0001.fits & /media/shyunc/DATA/KSpec/KSPEC_ICS/GFA/Simul/kspec_gfa_controller/src/img/procimg/proc_KMTNgs.20231211T102558.0001.fits (at gfa_actions.py)
2025-03-05 17:56:01,386 [INFO] Performing sigma clipping to derive background and stddev. (at gfa_actions.py)
2025-03-05 17:56:01,511 [INFO] Processing FITS: /media/shyunc/DATA/KSpec/KSPEC_ICS/GFA/Simul/kspec_gfa_controller/src/img/astroimg/astro_proc_KMTNgw.20231211T102558.0001.fits & /media/shyunc/DATA/KSpec/KSPEC_ICS/GFA/Simul/kspec_gfa_controller/src/img/procimg/proc_KMTNgw.20231211T102558.0001.fits (at gfa_actions.py)
2025-03-05 17:56:01,518 [INFO] Performing sigma clipping to derive background and stddev. (at gfa_actions.py)
2025-03-05 17:56:01,628 [WARNING] Offsets within critical threshold; returning 0, 0. (at gfa_actions.py)
2025-03-05 17:56:01,630 [INFO] FWHM: 1.81 arcsec (at gfa_actions.py)
2025-03-05 17:56:01,630 [INFO] Guide star calibration complete. Offsets => fdx=0.00000, fdy=0.00000, FWHM=1.80589 (at gfa_actions.py)
2025-03-05 17:56:01,631 [INFO] Offsets calculated: fdx= $$, fdy=$$, FWHM=$$$ arcsec (at gfa_actions.py)
