2026-01-05 14:21:14,818 [INFO] Initialized GFAEnvironment with role 'plate' and cameras [1, 2, 3, 4, 5, 6]
2026-01-05 14:21:14,818 [INFO] Initializing gfa_astrometry class.
2026-01-05 14:21:14,819 [INFO] Initializing GFAGuider...
2026-01-05 14:21:14,819 [DEBUG] Processed dir: /media/shyunc/DATA/KSpec/KSPEC_ICS/GFA/Simul/kspec_gfa_controller/src/img/procimg
2026-01-05 14:21:14,819 [DEBUG] Final astro dir: /media/shyunc/DATA/KSpec/KSPEC_ICS/GFA/Simul/kspec_gfa_controller/src/img/astroimg/
2026-01-05 14:21:14,819 [DEBUG] Cutout dir: /media/shyunc/DATA/KSpec/KSPEC_ICS/GFA/Simul/kspec_gfa_controller/src/img/cutout
2026-01-05 14:21:14,819 [INFO] GFAGuider setup complete.
2026-01-05 14:21:14,820 [INFO] Initialized GFAEnvironment with role 'finder' and cameras [7]
2026-01-05 14:21:48,866 [INFO] Initialized GFAEnvironment with role 'plate' and cameras [1, 2, 3, 4, 5, 6]
2026-01-05 14:21:48,866 [INFO] Initializing gfa_astrometry class.
2026-01-05 14:21:48,867 [INFO] Initializing GFAGuider...
2026-01-05 14:21:48,867 [DEBUG] Processed dir: /media/shyunc/DATA/KSpec/KSPEC_ICS/GFA/Simul/kspec_gfa_controller/src/img/procimg
2026-01-05 14:21:48,867 [DEBUG] Final astro dir: /media/shyunc/DATA/KSpec/KSPEC_ICS/GFA/Simul/kspec_gfa_controller/src/img/astroimg/
2026-01-05 14:21:48,867 [DEBUG] Cutout dir: /media/shyunc/DATA/KSpec/KSPEC_ICS/GFA/Simul/kspec_gfa_controller/src/img/cutout
2026-01-05 14:21:48,867 [INFO] GFAGuider setup complete.
2026-01-05 14:21:48,868 [INFO] Initialized GFAEnvironment with role 'finder' and cameras [7]
2026-01-05 14:22:52,457 [INFO] Querying camera statuses...
2026-01-05 14:34:16,565 [INFO] Starting guiding sequence...
2026-01-05 14:34:16,565 [INFO] Grabbing raw image...
2026-01-05 14:34:16,566 [INFO] Running astrometry preprocessing...
2026-01-05 14:34:16,566 [INFO] Executing guider offset calculation...
2026-01-05 14:34:16,566 [INFO] Clearing temp astrometry data...
2026-01-05 16:50:14,166 [INFO] Querying camera statuses...
2026-01-05 16:53:23,081 [INFO] Querying camera statuses...
