2025-03-11 09:21:08,591 [INFO] Configuration file found: /media/shyunc/DATA/KSpec/KSPEC_ICS/GFA/Simul/kspec_gfa_controller/src/etc/cams.json (at gfa_actions.py)
2025-03-11 09:21:08,591 [INFO] Configuration file found: /media/shyunc/DATA/KSpec/KSPEC_ICS/GFA/Simul/kspec_gfa_controller/src/etc/astrometry_params.json (at gfa_actions.py)
2025-03-11 09:21:08,591 [INFO] Initializing gfa_astrometry class. (at gfa_actions.py)
2025-03-11 09:21:08,591 [INFO] Loaded 4 FITS files. (at gfa_actions.py)
2025-03-11 09:21:08,591 [INFO] Initializing GFAGuider... (at gfa_actions.py)
2025-03-11 09:21:08,591 [INFO] GFAGuider setup complete. (at gfa_actions.py)
2025-03-11 09:21:59,687 [INFO] Guiding starts... (at gfa_actions.py)
2025-03-11 09:21:59,688 [INFO] Step #1: Grab an image (uncomment if needed). (at gfa_actions.py)
2025-03-11 09:21:59,688 [INFO] Step #2: Astrometry... (at gfa_actions.py)
2025-03-11 09:21:59,689 [INFO] Step #3: Calculating the offset... (at gfa_actions.py)
2025-03-11 09:21:59,689 [INFO] Starting guide star calibration process. (at gfa_actions.py)
2025-03-11 09:21:59,690 [INFO] Found 4 astrometry files and 4 processed files. (at gfa_actions.py)
2025-03-11 09:21:59,690 [INFO] Processing FITS: /media/shyunc/DATA/KSpec/KSPEC_ICS/GFA/Simul/kspec_gfa_controller/src/img/astroimg/astro_proc_KMTNge.20231211T102558.0001.fits & /media/shyunc/DATA/KSpec/KSPEC_ICS/GFA/Simul/kspec_gfa_controller/src/img/procimg/proc_KMTNge.20231211T102558.0001.fits (at gfa_actions.py)
2025-03-11 09:21:59,699 [INFO] Performing sigma clipping to derive background and stddev. (at gfa_actions.py)
2025-03-11 09:21:59,857 [INFO] Processing FITS: /media/shyunc/DATA/KSpec/KSPEC_ICS/GFA/Simul/kspec_gfa_controller/src/img/astroimg/astro_proc_KMTNgn.20231211T102558.0001.fits & /media/shyunc/DATA/KSpec/KSPEC_ICS/GFA/Simul/kspec_gfa_controller/src/img/procimg/proc_KMTNgn.20231211T102558.0001.fits (at gfa_actions.py)
2025-03-11 09:21:59,865 [INFO] Performing sigma clipping to derive background and stddev. (at gfa_actions.py)
2025-03-11 09:21:59,983 [INFO] Processing FITS: /media/shyunc/DATA/KSpec/KSPEC_ICS/GFA/Simul/kspec_gfa_controller/src/img/astroimg/astro_proc_KMTNgs.20231211T102558.0001.fits & /media/shyunc/DATA/KSpec/KSPEC_ICS/GFA/Simul/kspec_gfa_controller/src/img/procimg/proc_KMTNgs.20231211T102558.0001.fits (at gfa_actions.py)
2025-03-11 09:21:59,990 [INFO] Performing sigma clipping to derive background and stddev. (at gfa_actions.py)
2025-03-11 09:22:00,113 [INFO] Processing FITS: /media/shyunc/DATA/KSpec/KSPEC_ICS/GFA/Simul/kspec_gfa_controller/src/img/astroimg/astro_proc_KMTNgw.20231211T102558.0001.fits & /media/shyunc/DATA/KSpec/KSPEC_ICS/GFA/Simul/kspec_gfa_controller/src/img/procimg/proc_KMTNgw.20231211T102558.0001.fits (at gfa_actions.py)
2025-03-11 09:22:00,120 [INFO] Performing sigma clipping to derive background and stddev. (at gfa_actions.py)
2025-03-11 09:22:00,226 [WARNING] Offsets within critical threshold; returning 0, 0. (at gfa_actions.py)
2025-03-11 09:22:00,228 [INFO] FWHM: 1.81 arcsec (at gfa_actions.py)
2025-03-11 09:22:00,228 [INFO] Guide star calibration complete. Offsets => fdx=0.00000, fdy=0.00000, FWHM=1.80589 (at gfa_actions.py)
2025-03-11 09:22:00,228 [INFO] Offsets calculated: fdx= $$, fdy=$$, FWHM=$$$ arcsec (at gfa_actions.py)
2025-03-11 09:22:30,252 [INFO] Guiding starts... (at gfa_actions.py)
2025-03-11 09:22:30,252 [INFO] Step #1: Grab an image (uncomment if needed). (at gfa_actions.py)
2025-03-11 09:22:30,253 [INFO] Step #2: Astrometry... (at gfa_actions.py)
2025-03-11 09:22:30,254 [INFO] Step #3: Calculating the offset... (at gfa_actions.py)
2025-03-11 09:22:30,254 [INFO] Starting guide star calibration process. (at gfa_actions.py)
2025-03-11 09:22:30,256 [INFO] Found 4 astrometry files and 4 processed files. (at gfa_actions.py)
2025-03-11 09:22:30,256 [INFO] Processing FITS: /media/shyunc/DATA/KSpec/KSPEC_ICS/GFA/Simul/kspec_gfa_controller/src/img/astroimg/astro_proc_KMTNge.20231211T102558.0001.fits & /media/shyunc/DATA/KSpec/KSPEC_ICS/GFA/Simul/kspec_gfa_controller/src/img/procimg/proc_KMTNge.20231211T102558.0001.fits (at gfa_actions.py)
2025-03-11 09:22:30,265 [INFO] Performing sigma clipping to derive background and stddev. (at gfa_actions.py)
2025-03-11 09:22:30,382 [INFO] Processing FITS: /media/shyunc/DATA/KSpec/KSPEC_ICS/GFA/Simul/kspec_gfa_controller/src/img/astroimg/astro_proc_KMTNgn.20231211T102558.0001.fits & /media/shyunc/DATA/KSpec/KSPEC_ICS/GFA/Simul/kspec_gfa_controller/src/img/procimg/proc_KMTNgn.20231211T102558.0001.fits (at gfa_actions.py)
2025-03-11 09:22:30,389 [INFO] Performing sigma clipping to derive background and stddev. (at gfa_actions.py)
2025-03-11 09:22:30,534 [INFO] Processing FITS: /media/shyunc/DATA/KSpec/KSPEC_ICS/GFA/Simul/kspec_gfa_controller/src/img/astroimg/astro_proc_KMTNgs.20231211T102558.0001.fits & /media/shyunc/DATA/KSpec/KSPEC_ICS/GFA/Simul/kspec_gfa_controller/src/img/procimg/proc_KMTNgs.20231211T102558.0001.fits (at gfa_actions.py)
2025-03-11 09:22:30,541 [INFO] Performing sigma clipping to derive background and stddev. (at gfa_actions.py)
2025-03-11 09:22:30,664 [INFO] Processing FITS: /media/shyunc/DATA/KSpec/KSPEC_ICS/GFA/Simul/kspec_gfa_controller/src/img/astroimg/astro_proc_KMTNgw.20231211T102558.0001.fits & /media/shyunc/DATA/KSpec/KSPEC_ICS/GFA/Simul/kspec_gfa_controller/src/img/procimg/proc_KMTNgw.20231211T102558.0001.fits (at gfa_actions.py)
2025-03-11 09:22:30,672 [INFO] Performing sigma clipping to derive background and stddev. (at gfa_actions.py)
2025-03-11 09:22:30,805 [WARNING] Offsets within critical threshold; returning 0, 0. (at gfa_actions.py)
2025-03-11 09:22:30,808 [INFO] FWHM: 1.81 arcsec (at gfa_actions.py)
2025-03-11 09:22:30,808 [INFO] Guide star calibration complete. Offsets => fdx=0.00000, fdy=0.00000, FWHM=1.80589 (at gfa_actions.py)
2025-03-11 09:22:30,808 [INFO] Offsets calculated: fdx= $$, fdy=$$, FWHM=$$$ arcsec (at gfa_actions.py)
2025-03-11 09:23:00,831 [INFO] Guiding starts... (at gfa_actions.py)
2025-03-11 09:23:00,832 [INFO] Step #1: Grab an image (uncomment if needed). (at gfa_actions.py)
2025-03-11 09:23:00,833 [INFO] Step #2: Astrometry... (at gfa_actions.py)
2025-03-11 09:23:00,834 [INFO] Step #3: Calculating the offset... (at gfa_actions.py)
2025-03-11 09:23:00,834 [INFO] Starting guide star calibration process. (at gfa_actions.py)
2025-03-11 09:23:00,836 [INFO] Found 4 astrometry files and 4 processed files. (at gfa_actions.py)
2025-03-11 09:23:00,836 [INFO] Processing FITS: /media/shyunc/DATA/KSpec/KSPEC_ICS/GFA/Simul/kspec_gfa_controller/src/img/astroimg/astro_proc_KMTNge.20231211T102558.0001.fits & /media/shyunc/DATA/KSpec/KSPEC_ICS/GFA/Simul/kspec_gfa_controller/src/img/procimg/proc_KMTNge.20231211T102558.0001.fits (at gfa_actions.py)
2025-03-11 09:23:00,846 [INFO] Performing sigma clipping to derive background and stddev. (at gfa_actions.py)
2025-03-11 09:23:00,956 [INFO] Processing FITS: /media/shyunc/DATA/KSpec/KSPEC_ICS/GFA/Simul/kspec_gfa_controller/src/img/astroimg/astro_proc_KMTNgn.20231211T102558.0001.fits & /media/shyunc/DATA/KSpec/KSPEC_ICS/GFA/Simul/kspec_gfa_controller/src/img/procimg/proc_KMTNgn.20231211T102558.0001.fits (at gfa_actions.py)
2025-03-11 09:23:00,963 [INFO] Performing sigma clipping to derive background and stddev. (at gfa_actions.py)
2025-03-11 09:23:01,080 [INFO] Processing FITS: /media/shyunc/DATA/KSpec/KSPEC_ICS/GFA/Simul/kspec_gfa_controller/src/img/astroimg/astro_proc_KMTNgs.20231211T102558.0001.fits & /media/shyunc/DATA/KSpec/KSPEC_ICS/GFA/Simul/kspec_gfa_controller/src/img/procimg/proc_KMTNgs.20231211T102558.0001.fits (at gfa_actions.py)
2025-03-11 09:23:01,087 [INFO] Performing sigma clipping to derive background and stddev. (at gfa_actions.py)
2025-03-11 09:23:01,211 [INFO] Processing FITS: /media/shyunc/DATA/KSpec/KSPEC_ICS/GFA/Simul/kspec_gfa_controller/src/img/astroimg/astro_proc_KMTNgw.20231211T102558.0001.fits & /media/shyunc/DATA/KSpec/KSPEC_ICS/GFA/Simul/kspec_gfa_controller/src/img/procimg/proc_KMTNgw.20231211T102558.0001.fits (at gfa_actions.py)
2025-03-11 09:23:01,219 [INFO] Performing sigma clipping to derive background and stddev. (at gfa_actions.py)
2025-03-11 09:23:01,325 [WARNING] Offsets within critical threshold; returning 0, 0. (at gfa_actions.py)
2025-03-11 09:23:01,327 [INFO] FWHM: 1.81 arcsec (at gfa_actions.py)
2025-03-11 09:23:01,327 [INFO] Guide star calibration complete. Offsets => fdx=0.00000, fdy=0.00000, FWHM=1.80589 (at gfa_actions.py)
2025-03-11 09:23:01,327 [INFO] Offsets calculated: fdx= $$, fdy=$$, FWHM=$$$ arcsec (at gfa_actions.py)
2025-03-11 09:25:46,826 [INFO] Guiding starts... (at gfa_actions.py)
2025-03-11 09:25:46,826 [INFO] Step #1: Grab an image (uncomment if needed). (at gfa_actions.py)
2025-03-11 09:25:46,827 [INFO] Step #2: Astrometry... (at gfa_actions.py)
2025-03-11 09:25:46,827 [INFO] Step #3: Calculating the offset... (at gfa_actions.py)
2025-03-11 09:25:46,828 [INFO] Starting guide star calibration process. (at gfa_actions.py)
2025-03-11 09:25:46,829 [INFO] Found 4 astrometry files and 4 processed files. (at gfa_actions.py)
2025-03-11 09:25:46,830 [INFO] Processing FITS: /media/shyunc/DATA/KSpec/KSPEC_ICS/GFA/Simul/kspec_gfa_controller/src/img/astroimg/astro_proc_KMTNge.20231211T102558.0001.fits & /media/shyunc/DATA/KSpec/KSPEC_ICS/GFA/Simul/kspec_gfa_controller/src/img/procimg/proc_KMTNge.20231211T102558.0001.fits (at gfa_actions.py)
2025-03-11 09:25:46,839 [INFO] Performing sigma clipping to derive background and stddev. (at gfa_actions.py)
2025-03-11 09:25:46,962 [INFO] Processing FITS: /media/shyunc/DATA/KSpec/KSPEC_ICS/GFA/Simul/kspec_gfa_controller/src/img/astroimg/astro_proc_KMTNgn.20231211T102558.0001.fits & /media/shyunc/DATA/KSpec/KSPEC_ICS/GFA/Simul/kspec_gfa_controller/src/img/procimg/proc_KMTNgn.20231211T102558.0001.fits (at gfa_actions.py)
2025-03-11 09:25:46,969 [INFO] Performing sigma clipping to derive background and stddev. (at gfa_actions.py)
2025-03-11 09:25:47,086 [INFO] Processing FITS: /media/shyunc/DATA/KSpec/KSPEC_ICS/GFA/Simul/kspec_gfa_controller/src/img/astroimg/astro_proc_KMTNgs.20231211T102558.0001.fits & /media/shyunc/DATA/KSpec/KSPEC_ICS/GFA/Simul/kspec_gfa_controller/src/img/procimg/proc_KMTNgs.20231211T102558.0001.fits (at gfa_actions.py)
2025-03-11 09:25:47,093 [INFO] Performing sigma clipping to derive background and stddev. (at gfa_actions.py)
2025-03-11 09:25:47,213 [INFO] Processing FITS: /media/shyunc/DATA/KSpec/KSPEC_ICS/GFA/Simul/kspec_gfa_controller/src/img/astroimg/astro_proc_KMTNgw.20231211T102558.0001.fits & /media/shyunc/DATA/KSpec/KSPEC_ICS/GFA/Simul/kspec_gfa_controller/src/img/procimg/proc_KMTNgw.20231211T102558.0001.fits (at gfa_actions.py)
2025-03-11 09:25:47,220 [INFO] Performing sigma clipping to derive background and stddev. (at gfa_actions.py)
2025-03-11 09:25:47,326 [WARNING] Offsets within critical threshold; returning 0, 0. (at gfa_actions.py)
2025-03-11 09:25:47,328 [INFO] FWHM: 1.81 arcsec (at gfa_actions.py)
2025-03-11 09:25:47,328 [INFO] Guide star calibration complete. Offsets => fdx=0.00000, fdy=0.00000, FWHM=1.80589 (at gfa_actions.py)
2025-03-11 09:25:47,329 [INFO] Offsets calculated: fdx= $$, fdy=$$, FWHM=$$$ arcsec (at gfa_actions.py)
2025-03-11 09:26:17,339 [INFO] Guiding starts... (at gfa_actions.py)
2025-03-11 09:26:17,340 [INFO] Step #1: Grab an image (uncomment if needed). (at gfa_actions.py)
2025-03-11 09:26:17,340 [INFO] Step #2: Astrometry... (at gfa_actions.py)
2025-03-11 09:26:17,341 [INFO] Step #3: Calculating the offset... (at gfa_actions.py)
2025-03-11 09:26:17,341 [INFO] Starting guide star calibration process. (at gfa_actions.py)
2025-03-11 09:26:17,344 [INFO] Found 4 astrometry files and 4 processed files. (at gfa_actions.py)
2025-03-11 09:26:17,344 [INFO] Processing FITS: /media/shyunc/DATA/KSpec/KSPEC_ICS/GFA/Simul/kspec_gfa_controller/src/img/astroimg/astro_proc_KMTNge.20231211T102558.0001.fits & /media/shyunc/DATA/KSpec/KSPEC_ICS/GFA/Simul/kspec_gfa_controller/src/img/procimg/proc_KMTNge.20231211T102558.0001.fits (at gfa_actions.py)
2025-03-11 09:26:17,357 [INFO] Performing sigma clipping to derive background and stddev. (at gfa_actions.py)
2025-03-11 09:26:17,468 [INFO] Processing FITS: /media/shyunc/DATA/KSpec/KSPEC_ICS/GFA/Simul/kspec_gfa_controller/src/img/astroimg/astro_proc_KMTNgn.20231211T102558.0001.fits & /media/shyunc/DATA/KSpec/KSPEC_ICS/GFA/Simul/kspec_gfa_controller/src/img/procimg/proc_KMTNgn.20231211T102558.0001.fits (at gfa_actions.py)
2025-03-11 09:26:17,475 [INFO] Performing sigma clipping to derive background and stddev. (at gfa_actions.py)
2025-03-11 09:26:17,593 [INFO] Processing FITS: /media/shyunc/DATA/KSpec/KSPEC_ICS/GFA/Simul/kspec_gfa_controller/src/img/astroimg/astro_proc_KMTNgs.20231211T102558.0001.fits & /media/shyunc/DATA/KSpec/KSPEC_ICS/GFA/Simul/kspec_gfa_controller/src/img/procimg/proc_KMTNgs.20231211T102558.0001.fits (at gfa_actions.py)
2025-03-11 09:26:17,599 [INFO] Performing sigma clipping to derive background and stddev. (at gfa_actions.py)
2025-03-11 09:26:17,720 [INFO] Processing FITS: /media/shyunc/DATA/KSpec/KSPEC_ICS/GFA/Simul/kspec_gfa_controller/src/img/astroimg/astro_proc_KMTNgw.20231211T102558.0001.fits & /media/shyunc/DATA/KSpec/KSPEC_ICS/GFA/Simul/kspec_gfa_controller/src/img/procimg/proc_KMTNgw.20231211T102558.0001.fits (at gfa_actions.py)
2025-03-11 09:26:17,727 [INFO] Performing sigma clipping to derive background and stddev. (at gfa_actions.py)
2025-03-11 09:26:17,832 [WARNING] Offsets within critical threshold; returning 0, 0. (at gfa_actions.py)
2025-03-11 09:26:17,835 [INFO] FWHM: 1.81 arcsec (at gfa_actions.py)
2025-03-11 09:26:17,835 [INFO] Guide star calibration complete. Offsets => fdx=0.00000, fdy=0.00000, FWHM=1.80589 (at gfa_actions.py)
2025-03-11 09:26:17,835 [INFO] Offsets calculated: fdx= $$, fdy=$$, FWHM=$$$ arcsec (at gfa_actions.py)
2025-03-11 09:26:47,846 [INFO] Guiding starts... (at gfa_actions.py)
2025-03-11 09:26:47,846 [INFO] Step #1: Grab an image (uncomment if needed). (at gfa_actions.py)
2025-03-11 09:26:47,847 [INFO] Step #2: Astrometry... (at gfa_actions.py)
2025-03-11 09:26:47,848 [INFO] Step #3: Calculating the offset... (at gfa_actions.py)
2025-03-11 09:26:47,848 [INFO] Starting guide star calibration process. (at gfa_actions.py)
2025-03-11 09:26:47,850 [INFO] Found 4 astrometry files and 4 processed files. (at gfa_actions.py)
2025-03-11 09:26:47,850 [INFO] Processing FITS: /media/shyunc/DATA/KSpec/KSPEC_ICS/GFA/Simul/kspec_gfa_controller/src/img/astroimg/astro_proc_KMTNge.20231211T102558.0001.fits & /media/shyunc/DATA/KSpec/KSPEC_ICS/GFA/Simul/kspec_gfa_controller/src/img/procimg/proc_KMTNge.20231211T102558.0001.fits (at gfa_actions.py)
2025-03-11 09:26:47,858 [INFO] Performing sigma clipping to derive background and stddev. (at gfa_actions.py)
2025-03-11 09:26:47,969 [INFO] Processing FITS: /media/shyunc/DATA/KSpec/KSPEC_ICS/GFA/Simul/kspec_gfa_controller/src/img/astroimg/astro_proc_KMTNgn.20231211T102558.0001.fits & /media/shyunc/DATA/KSpec/KSPEC_ICS/GFA/Simul/kspec_gfa_controller/src/img/procimg/proc_KMTNgn.20231211T102558.0001.fits (at gfa_actions.py)
2025-03-11 09:26:47,976 [INFO] Performing sigma clipping to derive background and stddev. (at gfa_actions.py)
2025-03-11 09:26:48,093 [INFO] Processing FITS: /media/shyunc/DATA/KSpec/KSPEC_ICS/GFA/Simul/kspec_gfa_controller/src/img/astroimg/astro_proc_KMTNgs.20231211T102558.0001.fits & /media/shyunc/DATA/KSpec/KSPEC_ICS/GFA/Simul/kspec_gfa_controller/src/img/procimg/proc_KMTNgs.20231211T102558.0001.fits (at gfa_actions.py)
2025-03-11 09:26:48,100 [INFO] Performing sigma clipping to derive background and stddev. (at gfa_actions.py)
2025-03-11 09:26:48,221 [INFO] Processing FITS: /media/shyunc/DATA/KSpec/KSPEC_ICS/GFA/Simul/kspec_gfa_controller/src/img/astroimg/astro_proc_KMTNgw.20231211T102558.0001.fits & /media/shyunc/DATA/KSpec/KSPEC_ICS/GFA/Simul/kspec_gfa_controller/src/img/procimg/proc_KMTNgw.20231211T102558.0001.fits (at gfa_actions.py)
2025-03-11 09:26:48,228 [INFO] Performing sigma clipping to derive background and stddev. (at gfa_actions.py)
2025-03-11 09:26:48,334 [WARNING] Offsets within critical threshold; returning 0, 0. (at gfa_actions.py)
2025-03-11 09:26:48,336 [INFO] FWHM: 1.81 arcsec (at gfa_actions.py)
2025-03-11 09:26:48,336 [INFO] Guide star calibration complete. Offsets => fdx=0.00000, fdy=0.00000, FWHM=1.80589 (at gfa_actions.py)
2025-03-11 09:26:48,337 [INFO] Offsets calculated: fdx= $$, fdy=$$, FWHM=$$$ arcsec (at gfa_actions.py)
2025-03-11 09:32:25,033 [INFO] Guiding starts... (at gfa_actions.py)
2025-03-11 09:32:25,034 [INFO] Step #1: Grab an image (uncomment if needed). (at gfa_actions.py)
2025-03-11 09:32:25,034 [INFO] Step #2: Astrometry... (at gfa_actions.py)
2025-03-11 09:32:25,034 [INFO] Step #3: Calculating the offset... (at gfa_actions.py)
2025-03-11 09:32:25,035 [INFO] Starting guide star calibration process. (at gfa_actions.py)
2025-03-11 09:32:25,037 [INFO] Found 4 astrometry files and 4 processed files. (at gfa_actions.py)
2025-03-11 09:32:25,037 [INFO] Processing FITS: /media/shyunc/DATA/KSpec/KSPEC_ICS/GFA/Simul/kspec_gfa_controller/src/img/astroimg/astro_proc_KMTNge.20231211T102558.0001.fits & /media/shyunc/DATA/KSpec/KSPEC_ICS/GFA/Simul/kspec_gfa_controller/src/img/procimg/proc_KMTNge.20231211T102558.0001.fits (at gfa_actions.py)
2025-03-11 09:32:25,045 [INFO] Performing sigma clipping to derive background and stddev. (at gfa_actions.py)
2025-03-11 09:32:25,168 [INFO] Processing FITS: /media/shyunc/DATA/KSpec/KSPEC_ICS/GFA/Simul/kspec_gfa_controller/src/img/astroimg/astro_proc_KMTNgn.20231211T102558.0001.fits & /media/shyunc/DATA/KSpec/KSPEC_ICS/GFA/Simul/kspec_gfa_controller/src/img/procimg/proc_KMTNgn.20231211T102558.0001.fits (at gfa_actions.py)
2025-03-11 09:32:25,175 [INFO] Performing sigma clipping to derive background and stddev. (at gfa_actions.py)
2025-03-11 09:32:25,292 [INFO] Processing FITS: /media/shyunc/DATA/KSpec/KSPEC_ICS/GFA/Simul/kspec_gfa_controller/src/img/astroimg/astro_proc_KMTNgs.20231211T102558.0001.fits & /media/shyunc/DATA/KSpec/KSPEC_ICS/GFA/Simul/kspec_gfa_controller/src/img/procimg/proc_KMTNgs.20231211T102558.0001.fits (at gfa_actions.py)
2025-03-11 09:32:25,299 [INFO] Performing sigma clipping to derive background and stddev. (at gfa_actions.py)
2025-03-11 09:32:25,420 [INFO] Processing FITS: /media/shyunc/DATA/KSpec/KSPEC_ICS/GFA/Simul/kspec_gfa_controller/src/img/astroimg/astro_proc_KMTNgw.20231211T102558.0001.fits & /media/shyunc/DATA/KSpec/KSPEC_ICS/GFA/Simul/kspec_gfa_controller/src/img/procimg/proc_KMTNgw.20231211T102558.0001.fits (at gfa_actions.py)
2025-03-11 09:32:25,427 [INFO] Performing sigma clipping to derive background and stddev. (at gfa_actions.py)
2025-03-11 09:32:25,533 [WARNING] Offsets within critical threshold; returning 0, 0. (at gfa_actions.py)
2025-03-11 09:32:25,536 [INFO] FWHM: 1.81 arcsec (at gfa_actions.py)
2025-03-11 09:32:25,536 [INFO] Guide star calibration complete. Offsets => fdx=0.00000, fdy=0.00000, FWHM=1.80589 (at gfa_actions.py)
2025-03-11 09:32:25,536 [INFO] Offsets calculated: fdx= $$, fdy=$$, FWHM=$$$ arcsec (at gfa_actions.py)
2025-03-11 09:32:55,555 [INFO] Guiding starts... (at gfa_actions.py)
2025-03-11 09:32:55,555 [INFO] Step #1: Grab an image (uncomment if needed). (at gfa_actions.py)
2025-03-11 09:32:55,556 [INFO] Step #2: Astrometry... (at gfa_actions.py)
2025-03-11 09:32:55,557 [INFO] Step #3: Calculating the offset... (at gfa_actions.py)
2025-03-11 09:32:55,557 [INFO] Starting guide star calibration process. (at gfa_actions.py)
2025-03-11 09:32:55,559 [INFO] Found 4 astrometry files and 4 processed files. (at gfa_actions.py)
2025-03-11 09:32:55,560 [INFO] Processing FITS: /media/shyunc/DATA/KSpec/KSPEC_ICS/GFA/Simul/kspec_gfa_controller/src/img/astroimg/astro_proc_KMTNge.20231211T102558.0001.fits & /media/shyunc/DATA/KSpec/KSPEC_ICS/GFA/Simul/kspec_gfa_controller/src/img/procimg/proc_KMTNge.20231211T102558.0001.fits (at gfa_actions.py)
2025-03-11 09:32:55,570 [INFO] Performing sigma clipping to derive background and stddev. (at gfa_actions.py)
2025-03-11 09:32:55,681 [INFO] Processing FITS: /media/shyunc/DATA/KSpec/KSPEC_ICS/GFA/Simul/kspec_gfa_controller/src/img/astroimg/astro_proc_KMTNgn.20231211T102558.0001.fits & /media/shyunc/DATA/KSpec/KSPEC_ICS/GFA/Simul/kspec_gfa_controller/src/img/procimg/proc_KMTNgn.20231211T102558.0001.fits (at gfa_actions.py)
2025-03-11 09:32:55,688 [INFO] Performing sigma clipping to derive background and stddev. (at gfa_actions.py)
2025-03-11 09:32:55,806 [INFO] Processing FITS: /media/shyunc/DATA/KSpec/KSPEC_ICS/GFA/Simul/kspec_gfa_controller/src/img/astroimg/astro_proc_KMTNgs.20231211T102558.0001.fits & /media/shyunc/DATA/KSpec/KSPEC_ICS/GFA/Simul/kspec_gfa_controller/src/img/procimg/proc_KMTNgs.20231211T102558.0001.fits (at gfa_actions.py)
2025-03-11 09:32:55,813 [INFO] Performing sigma clipping to derive background and stddev. (at gfa_actions.py)
2025-03-11 09:32:55,934 [INFO] Processing FITS: /media/shyunc/DATA/KSpec/KSPEC_ICS/GFA/Simul/kspec_gfa_controller/src/img/astroimg/astro_proc_KMTNgw.20231211T102558.0001.fits & /media/shyunc/DATA/KSpec/KSPEC_ICS/GFA/Simul/kspec_gfa_controller/src/img/procimg/proc_KMTNgw.20231211T102558.0001.fits (at gfa_actions.py)
2025-03-11 09:32:55,941 [INFO] Performing sigma clipping to derive background and stddev. (at gfa_actions.py)
2025-03-11 09:32:56,047 [WARNING] Offsets within critical threshold; returning 0, 0. (at gfa_actions.py)
2025-03-11 09:32:56,050 [INFO] FWHM: 1.81 arcsec (at gfa_actions.py)
2025-03-11 09:32:56,050 [INFO] Guide star calibration complete. Offsets => fdx=0.00000, fdy=0.00000, FWHM=1.80589 (at gfa_actions.py)
2025-03-11 09:32:56,050 [INFO] Offsets calculated: fdx= $$, fdy=$$, FWHM=$$$ arcsec (at gfa_actions.py)
2025-03-11 09:49:58,936 [INFO] Guiding starts... (at gfa_actions.py)
2025-03-11 09:49:58,936 [INFO] Step #1: Grab an image (uncomment if needed). (at gfa_actions.py)
2025-03-11 09:49:58,937 [INFO] Step #2: Astrometry... (at gfa_actions.py)
2025-03-11 09:49:58,937 [INFO] Step #3: Calculating the offset... (at gfa_actions.py)
2025-03-11 09:49:58,937 [INFO] Starting guide star calibration process. (at gfa_actions.py)
2025-03-11 09:49:58,938 [INFO] Found 4 astrometry files and 4 processed files. (at gfa_actions.py)
2025-03-11 09:49:58,939 [INFO] Processing FITS: /media/shyunc/DATA/KSpec/KSPEC_ICS/GFA/Simul/kspec_gfa_controller/src/img/astroimg/astro_proc_KMTNge.20231211T102558.0001.fits & /media/shyunc/DATA/KSpec/KSPEC_ICS/GFA/Simul/kspec_gfa_controller/src/img/procimg/proc_KMTNge.20231211T102558.0001.fits (at gfa_actions.py)
2025-03-11 09:49:58,947 [INFO] Performing sigma clipping to derive background and stddev. (at gfa_actions.py)
2025-03-11 09:49:59,068 [INFO] Processing FITS: /media/shyunc/DATA/KSpec/KSPEC_ICS/GFA/Simul/kspec_gfa_controller/src/img/astroimg/astro_proc_KMTNgn.20231211T102558.0001.fits & /media/shyunc/DATA/KSpec/KSPEC_ICS/GFA/Simul/kspec_gfa_controller/src/img/procimg/proc_KMTNgn.20231211T102558.0001.fits (at gfa_actions.py)
2025-03-11 09:49:59,075 [INFO] Performing sigma clipping to derive background and stddev. (at gfa_actions.py)
2025-03-11 09:49:59,192 [INFO] Processing FITS: /media/shyunc/DATA/KSpec/KSPEC_ICS/GFA/Simul/kspec_gfa_controller/src/img/astroimg/astro_proc_KMTNgs.20231211T102558.0001.fits & /media/shyunc/DATA/KSpec/KSPEC_ICS/GFA/Simul/kspec_gfa_controller/src/img/procimg/proc_KMTNgs.20231211T102558.0001.fits (at gfa_actions.py)
2025-03-11 09:49:59,199 [INFO] Performing sigma clipping to derive background and stddev. (at gfa_actions.py)
2025-03-11 09:49:59,320 [INFO] Processing FITS: /media/shyunc/DATA/KSpec/KSPEC_ICS/GFA/Simul/kspec_gfa_controller/src/img/astroimg/astro_proc_KMTNgw.20231211T102558.0001.fits & /media/shyunc/DATA/KSpec/KSPEC_ICS/GFA/Simul/kspec_gfa_controller/src/img/procimg/proc_KMTNgw.20231211T102558.0001.fits (at gfa_actions.py)
2025-03-11 09:49:59,350 [INFO] Performing sigma clipping to derive background and stddev. (at gfa_actions.py)
2025-03-11 09:49:59,452 [WARNING] Offsets within critical threshold; returning 0, 0. (at gfa_actions.py)
2025-03-11 09:49:59,454 [INFO] FWHM: 1.81 arcsec (at gfa_actions.py)
2025-03-11 09:49:59,455 [INFO] Guide star calibration complete. Offsets => fdx=0.00000, fdy=0.00000, FWHM=1.80589 (at gfa_actions.py)
2025-03-11 09:49:59,455 [INFO] Offsets calculated: fdx= $$, fdy=$$, FWHM=$$$ arcsec (at gfa_actions.py)
2025-03-11 09:50:29,477 [INFO] Guiding starts... (at gfa_actions.py)
2025-03-11 09:50:29,478 [INFO] Step #1: Grab an image (uncomment if needed). (at gfa_actions.py)
2025-03-11 09:50:29,478 [INFO] Step #2: Astrometry... (at gfa_actions.py)
2025-03-11 09:50:29,479 [INFO] Step #3: Calculating the offset... (at gfa_actions.py)
2025-03-11 09:50:29,479 [INFO] Starting guide star calibration process. (at gfa_actions.py)
2025-03-11 09:50:29,482 [INFO] Found 4 astrometry files and 4 processed files. (at gfa_actions.py)
2025-03-11 09:50:29,482 [INFO] Processing FITS: /media/shyunc/DATA/KSpec/KSPEC_ICS/GFA/Simul/kspec_gfa_controller/src/img/astroimg/astro_proc_KMTNge.20231211T102558.0001.fits & /media/shyunc/DATA/KSpec/KSPEC_ICS/GFA/Simul/kspec_gfa_controller/src/img/procimg/proc_KMTNge.20231211T102558.0001.fits (at gfa_actions.py)
2025-03-11 09:50:29,490 [INFO] Performing sigma clipping to derive background and stddev. (at gfa_actions.py)
2025-03-11 09:50:29,601 [INFO] Processing FITS: /media/shyunc/DATA/KSpec/KSPEC_ICS/GFA/Simul/kspec_gfa_controller/src/img/astroimg/astro_proc_KMTNgn.20231211T102558.0001.fits & /media/shyunc/DATA/KSpec/KSPEC_ICS/GFA/Simul/kspec_gfa_controller/src/img/procimg/proc_KMTNgn.20231211T102558.0001.fits (at gfa_actions.py)
2025-03-11 09:50:29,608 [INFO] Performing sigma clipping to derive background and stddev. (at gfa_actions.py)
2025-03-11 09:50:29,725 [INFO] Processing FITS: /media/shyunc/DATA/KSpec/KSPEC_ICS/GFA/Simul/kspec_gfa_controller/src/img/astroimg/astro_proc_KMTNgs.20231211T102558.0001.fits & /media/shyunc/DATA/KSpec/KSPEC_ICS/GFA/Simul/kspec_gfa_controller/src/img/procimg/proc_KMTNgs.20231211T102558.0001.fits (at gfa_actions.py)
2025-03-11 09:50:29,732 [INFO] Performing sigma clipping to derive background and stddev. (at gfa_actions.py)
2025-03-11 09:50:29,850 [INFO] Processing FITS: /media/shyunc/DATA/KSpec/KSPEC_ICS/GFA/Simul/kspec_gfa_controller/src/img/astroimg/astro_proc_KMTNgw.20231211T102558.0001.fits & /media/shyunc/DATA/KSpec/KSPEC_ICS/GFA/Simul/kspec_gfa_controller/src/img/procimg/proc_KMTNgw.20231211T102558.0001.fits (at gfa_actions.py)
2025-03-11 09:50:29,857 [INFO] Performing sigma clipping to derive background and stddev. (at gfa_actions.py)
2025-03-11 09:50:29,962 [WARNING] Offsets within critical threshold; returning 0, 0. (at gfa_actions.py)
2025-03-11 09:50:29,964 [INFO] FWHM: 1.81 arcsec (at gfa_actions.py)
2025-03-11 09:50:29,965 [INFO] Guide star calibration complete. Offsets => fdx=0.00000, fdy=0.00000, FWHM=1.80589 (at gfa_actions.py)
2025-03-11 09:50:29,965 [INFO] Offsets calculated: fdx= $$, fdy=$$, FWHM=$$$ arcsec (at gfa_actions.py)
2025-03-11 09:55:24,466 [INFO] Guiding starts... (at gfa_actions.py)
2025-03-11 09:55:24,466 [INFO] Step #1: Grab an image (uncomment if needed). (at gfa_actions.py)
2025-03-11 09:55:24,467 [INFO] Step #2: Astrometry... (at gfa_actions.py)
2025-03-11 09:55:24,467 [INFO] Step #3: Calculating the offset... (at gfa_actions.py)
2025-03-11 09:55:24,467 [INFO] Starting guide star calibration process. (at gfa_actions.py)
2025-03-11 09:55:24,469 [INFO] Found 4 astrometry files and 4 processed files. (at gfa_actions.py)
2025-03-11 09:55:24,469 [INFO] Processing FITS: /media/shyunc/DATA/KSpec/KSPEC_ICS/GFA/Simul/kspec_gfa_controller/src/img/astroimg/astro_proc_KMTNge.20231211T102558.0001.fits & /media/shyunc/DATA/KSpec/KSPEC_ICS/GFA/Simul/kspec_gfa_controller/src/img/procimg/proc_KMTNge.20231211T102558.0001.fits (at gfa_actions.py)
2025-03-11 09:55:24,478 [INFO] Performing sigma clipping to derive background and stddev. (at gfa_actions.py)
2025-03-11 09:55:24,599 [INFO] Processing FITS: /media/shyunc/DATA/KSpec/KSPEC_ICS/GFA/Simul/kspec_gfa_controller/src/img/astroimg/astro_proc_KMTNgn.20231211T102558.0001.fits & /media/shyunc/DATA/KSpec/KSPEC_ICS/GFA/Simul/kspec_gfa_controller/src/img/procimg/proc_KMTNgn.20231211T102558.0001.fits (at gfa_actions.py)
2025-03-11 09:55:24,606 [INFO] Performing sigma clipping to derive background and stddev. (at gfa_actions.py)
2025-03-11 09:55:24,722 [INFO] Processing FITS: /media/shyunc/DATA/KSpec/KSPEC_ICS/GFA/Simul/kspec_gfa_controller/src/img/astroimg/astro_proc_KMTNgs.20231211T102558.0001.fits & /media/shyunc/DATA/KSpec/KSPEC_ICS/GFA/Simul/kspec_gfa_controller/src/img/procimg/proc_KMTNgs.20231211T102558.0001.fits (at gfa_actions.py)
2025-03-11 09:55:24,729 [INFO] Performing sigma clipping to derive background and stddev. (at gfa_actions.py)
2025-03-11 09:55:24,848 [INFO] Processing FITS: /media/shyunc/DATA/KSpec/KSPEC_ICS/GFA/Simul/kspec_gfa_controller/src/img/astroimg/astro_proc_KMTNgw.20231211T102558.0001.fits & /media/shyunc/DATA/KSpec/KSPEC_ICS/GFA/Simul/kspec_gfa_controller/src/img/procimg/proc_KMTNgw.20231211T102558.0001.fits (at gfa_actions.py)
2025-03-11 09:55:24,855 [INFO] Performing sigma clipping to derive background and stddev. (at gfa_actions.py)
2025-03-11 09:55:24,961 [WARNING] Offsets within critical threshold; returning 0, 0. (at gfa_actions.py)
2025-03-11 09:55:24,963 [INFO] FWHM: 1.81 arcsec (at gfa_actions.py)
2025-03-11 09:55:24,963 [INFO] Guide star calibration complete. Offsets => fdx=0.00000, fdy=0.00000, FWHM=1.80589 (at gfa_actions.py)
2025-03-11 09:55:24,963 [INFO] Offsets calculated: fdx= $$, fdy=$$, FWHM=$$$ arcsec (at gfa_actions.py)
2025-03-11 09:55:54,981 [INFO] Guiding starts... (at gfa_actions.py)
2025-03-11 09:55:54,982 [INFO] Step #1: Grab an image (uncomment if needed). (at gfa_actions.py)
2025-03-11 09:55:54,983 [INFO] Step #2: Astrometry... (at gfa_actions.py)
2025-03-11 09:55:54,983 [INFO] Step #3: Calculating the offset... (at gfa_actions.py)
2025-03-11 09:55:54,983 [INFO] Starting guide star calibration process. (at gfa_actions.py)
2025-03-11 09:55:54,986 [INFO] Found 4 astrometry files and 4 processed files. (at gfa_actions.py)
2025-03-11 09:55:54,986 [INFO] Processing FITS: /media/shyunc/DATA/KSpec/KSPEC_ICS/GFA/Simul/kspec_gfa_controller/src/img/astroimg/astro_proc_KMTNge.20231211T102558.0001.fits & /media/shyunc/DATA/KSpec/KSPEC_ICS/GFA/Simul/kspec_gfa_controller/src/img/procimg/proc_KMTNge.20231211T102558.0001.fits (at gfa_actions.py)
2025-03-11 09:55:55,002 [INFO] Performing sigma clipping to derive background and stddev. (at gfa_actions.py)
2025-03-11 09:55:55,114 [INFO] Processing FITS: /media/shyunc/DATA/KSpec/KSPEC_ICS/GFA/Simul/kspec_gfa_controller/src/img/astroimg/astro_proc_KMTNgn.20231211T102558.0001.fits & /media/shyunc/DATA/KSpec/KSPEC_ICS/GFA/Simul/kspec_gfa_controller/src/img/procimg/proc_KMTNgn.20231211T102558.0001.fits (at gfa_actions.py)
2025-03-11 09:55:55,121 [INFO] Performing sigma clipping to derive background and stddev. (at gfa_actions.py)
2025-03-11 09:55:55,237 [INFO] Processing FITS: /media/shyunc/DATA/KSpec/KSPEC_ICS/GFA/Simul/kspec_gfa_controller/src/img/astroimg/astro_proc_KMTNgs.20231211T102558.0001.fits & /media/shyunc/DATA/KSpec/KSPEC_ICS/GFA/Simul/kspec_gfa_controller/src/img/procimg/proc_KMTNgs.20231211T102558.0001.fits (at gfa_actions.py)
2025-03-11 09:55:55,244 [INFO] Performing sigma clipping to derive background and stddev. (at gfa_actions.py)
2025-03-11 09:55:55,363 [INFO] Processing FITS: /media/shyunc/DATA/KSpec/KSPEC_ICS/GFA/Simul/kspec_gfa_controller/src/img/astroimg/astro_proc_KMTNgw.20231211T102558.0001.fits & /media/shyunc/DATA/KSpec/KSPEC_ICS/GFA/Simul/kspec_gfa_controller/src/img/procimg/proc_KMTNgw.20231211T102558.0001.fits (at gfa_actions.py)
2025-03-11 09:55:55,370 [INFO] Performing sigma clipping to derive background and stddev. (at gfa_actions.py)
2025-03-11 09:55:55,475 [WARNING] Offsets within critical threshold; returning 0, 0. (at gfa_actions.py)
2025-03-11 09:55:55,478 [INFO] FWHM: 1.81 arcsec (at gfa_actions.py)
2025-03-11 09:55:55,478 [INFO] Guide star calibration complete. Offsets => fdx=0.00000, fdy=0.00000, FWHM=1.80589 (at gfa_actions.py)
2025-03-11 09:55:55,478 [INFO] Offsets calculated: fdx= $$, fdy=$$, FWHM=$$$ arcsec (at gfa_actions.py)
2025-03-11 09:56:25,497 [INFO] Guiding starts... (at gfa_actions.py)
2025-03-11 09:56:25,498 [INFO] Step #1: Grab an image (uncomment if needed). (at gfa_actions.py)
2025-03-11 09:56:25,498 [INFO] Step #2: Astrometry... (at gfa_actions.py)
2025-03-11 09:56:25,499 [INFO] Step #3: Calculating the offset... (at gfa_actions.py)
2025-03-11 09:56:25,499 [INFO] Starting guide star calibration process. (at gfa_actions.py)
2025-03-11 09:56:25,502 [INFO] Found 4 astrometry files and 4 processed files. (at gfa_actions.py)
2025-03-11 09:56:25,502 [INFO] Processing FITS: /media/shyunc/DATA/KSpec/KSPEC_ICS/GFA/Simul/kspec_gfa_controller/src/img/astroimg/astro_proc_KMTNge.20231211T102558.0001.fits & /media/shyunc/DATA/KSpec/KSPEC_ICS/GFA/Simul/kspec_gfa_controller/src/img/procimg/proc_KMTNge.20231211T102558.0001.fits (at gfa_actions.py)
2025-03-11 09:56:25,519 [INFO] Performing sigma clipping to derive background and stddev. (at gfa_actions.py)
2025-03-11 09:56:25,629 [INFO] Processing FITS: /media/shyunc/DATA/KSpec/KSPEC_ICS/GFA/Simul/kspec_gfa_controller/src/img/astroimg/astro_proc_KMTNgn.20231211T102558.0001.fits & /media/shyunc/DATA/KSpec/KSPEC_ICS/GFA/Simul/kspec_gfa_controller/src/img/procimg/proc_KMTNgn.20231211T102558.0001.fits (at gfa_actions.py)
2025-03-11 09:56:25,636 [INFO] Performing sigma clipping to derive background and stddev. (at gfa_actions.py)
2025-03-11 09:56:25,752 [INFO] Processing FITS: /media/shyunc/DATA/KSpec/KSPEC_ICS/GFA/Simul/kspec_gfa_controller/src/img/astroimg/astro_proc_KMTNgs.20231211T102558.0001.fits & /media/shyunc/DATA/KSpec/KSPEC_ICS/GFA/Simul/kspec_gfa_controller/src/img/procimg/proc_KMTNgs.20231211T102558.0001.fits (at gfa_actions.py)
2025-03-11 09:56:25,759 [INFO] Performing sigma clipping to derive background and stddev. (at gfa_actions.py)
2025-03-11 09:56:25,880 [INFO] Processing FITS: /media/shyunc/DATA/KSpec/KSPEC_ICS/GFA/Simul/kspec_gfa_controller/src/img/astroimg/astro_proc_KMTNgw.20231211T102558.0001.fits & /media/shyunc/DATA/KSpec/KSPEC_ICS/GFA/Simul/kspec_gfa_controller/src/img/procimg/proc_KMTNgw.20231211T102558.0001.fits (at gfa_actions.py)
2025-03-11 09:56:25,887 [INFO] Performing sigma clipping to derive background and stddev. (at gfa_actions.py)
2025-03-11 09:56:25,992 [WARNING] Offsets within critical threshold; returning 0, 0. (at gfa_actions.py)
2025-03-11 09:56:25,995 [INFO] FWHM: 1.81 arcsec (at gfa_actions.py)
2025-03-11 09:56:25,995 [INFO] Guide star calibration complete. Offsets => fdx=0.00000, fdy=0.00000, FWHM=1.80589 (at gfa_actions.py)
2025-03-11 09:56:25,995 [INFO] Offsets calculated: fdx= $$, fdy=$$, FWHM=$$$ arcsec (at gfa_actions.py)
2025-03-11 10:00:44,841 [INFO] Guiding starts... (at gfa_actions.py)
2025-03-11 10:00:44,841 [INFO] Step #1: Grab an image (uncomment if needed). (at gfa_actions.py)
2025-03-11 10:00:44,842 [INFO] Step #2: Astrometry... (at gfa_actions.py)
2025-03-11 10:00:44,842 [INFO] Step #3: Calculating the offset... (at gfa_actions.py)
2025-03-11 10:00:44,843 [INFO] Starting guide star calibration process. (at gfa_actions.py)
2025-03-11 10:00:44,845 [INFO] Found 4 astrometry files and 4 processed files. (at gfa_actions.py)
2025-03-11 10:00:44,845 [INFO] Processing FITS: /media/shyunc/DATA/KSpec/KSPEC_ICS/GFA/Simul/kspec_gfa_controller/src/img/astroimg/astro_proc_KMTNge.20231211T102558.0001.fits & /media/shyunc/DATA/KSpec/KSPEC_ICS/GFA/Simul/kspec_gfa_controller/src/img/procimg/proc_KMTNge.20231211T102558.0001.fits (at gfa_actions.py)
2025-03-11 10:00:44,855 [INFO] Performing sigma clipping to derive background and stddev. (at gfa_actions.py)
2025-03-11 10:00:44,974 [INFO] Processing FITS: /media/shyunc/DATA/KSpec/KSPEC_ICS/GFA/Simul/kspec_gfa_controller/src/img/astroimg/astro_proc_KMTNgn.20231211T102558.0001.fits & /media/shyunc/DATA/KSpec/KSPEC_ICS/GFA/Simul/kspec_gfa_controller/src/img/procimg/proc_KMTNgn.20231211T102558.0001.fits (at gfa_actions.py)
2025-03-11 10:00:44,981 [INFO] Performing sigma clipping to derive background and stddev. (at gfa_actions.py)
2025-03-11 10:00:45,098 [INFO] Processing FITS: /media/shyunc/DATA/KSpec/KSPEC_ICS/GFA/Simul/kspec_gfa_controller/src/img/astroimg/astro_proc_KMTNgs.20231211T102558.0001.fits & /media/shyunc/DATA/KSpec/KSPEC_ICS/GFA/Simul/kspec_gfa_controller/src/img/procimg/proc_KMTNgs.20231211T102558.0001.fits (at gfa_actions.py)
2025-03-11 10:00:45,105 [INFO] Performing sigma clipping to derive background and stddev. (at gfa_actions.py)
2025-03-11 10:00:45,224 [INFO] Processing FITS: /media/shyunc/DATA/KSpec/KSPEC_ICS/GFA/Simul/kspec_gfa_controller/src/img/astroimg/astro_proc_KMTNgw.20231211T102558.0001.fits & /media/shyunc/DATA/KSpec/KSPEC_ICS/GFA/Simul/kspec_gfa_controller/src/img/procimg/proc_KMTNgw.20231211T102558.0001.fits (at gfa_actions.py)
2025-03-11 10:00:45,231 [INFO] Performing sigma clipping to derive background and stddev. (at gfa_actions.py)
2025-03-11 10:00:45,336 [WARNING] Offsets within critical threshold; returning 0, 0. (at gfa_actions.py)
2025-03-11 10:00:45,339 [INFO] FWHM: 1.81 arcsec (at gfa_actions.py)
2025-03-11 10:00:45,339 [INFO] Guide star calibration complete. Offsets => fdx=0.00000, fdy=0.00000, FWHM=1.80589 (at gfa_actions.py)
2025-03-11 10:00:45,339 [INFO] Offsets calculated: fdx= $$, fdy=$$, FWHM=$$$ arcsec (at gfa_actions.py)
2025-03-11 10:01:15,347 [INFO] Guiding starts... (at gfa_actions.py)
2025-03-11 10:01:15,348 [INFO] Step #1: Grab an image (uncomment if needed). (at gfa_actions.py)
2025-03-11 10:01:15,349 [INFO] Step #2: Astrometry... (at gfa_actions.py)
2025-03-11 10:01:15,349 [INFO] Step #3: Calculating the offset... (at gfa_actions.py)
2025-03-11 10:01:15,350 [INFO] Starting guide star calibration process. (at gfa_actions.py)
2025-03-11 10:01:15,352 [INFO] Found 4 astrometry files and 4 processed files. (at gfa_actions.py)
2025-03-11 10:01:15,353 [INFO] Processing FITS: /media/shyunc/DATA/KSpec/KSPEC_ICS/GFA/Simul/kspec_gfa_controller/src/img/astroimg/astro_proc_KMTNge.20231211T102558.0001.fits & /media/shyunc/DATA/KSpec/KSPEC_ICS/GFA/Simul/kspec_gfa_controller/src/img/procimg/proc_KMTNge.20231211T102558.0001.fits (at gfa_actions.py)
2025-03-11 10:01:15,363 [INFO] Performing sigma clipping to derive background and stddev. (at gfa_actions.py)
2025-03-11 10:01:15,474 [INFO] Processing FITS: /media/shyunc/DATA/KSpec/KSPEC_ICS/GFA/Simul/kspec_gfa_controller/src/img/astroimg/astro_proc_KMTNgn.20231211T102558.0001.fits & /media/shyunc/DATA/KSpec/KSPEC_ICS/GFA/Simul/kspec_gfa_controller/src/img/procimg/proc_KMTNgn.20231211T102558.0001.fits (at gfa_actions.py)
2025-03-11 10:01:15,482 [INFO] Performing sigma clipping to derive background and stddev. (at gfa_actions.py)
2025-03-11 10:01:15,598 [INFO] Processing FITS: /media/shyunc/DATA/KSpec/KSPEC_ICS/GFA/Simul/kspec_gfa_controller/src/img/astroimg/astro_proc_KMTNgs.20231211T102558.0001.fits & /media/shyunc/DATA/KSpec/KSPEC_ICS/GFA/Simul/kspec_gfa_controller/src/img/procimg/proc_KMTNgs.20231211T102558.0001.fits (at gfa_actions.py)
2025-03-11 10:01:15,606 [INFO] Performing sigma clipping to derive background and stddev. (at gfa_actions.py)
2025-03-11 10:01:15,725 [INFO] Processing FITS: /media/shyunc/DATA/KSpec/KSPEC_ICS/GFA/Simul/kspec_gfa_controller/src/img/astroimg/astro_proc_KMTNgw.20231211T102558.0001.fits & /media/shyunc/DATA/KSpec/KSPEC_ICS/GFA/Simul/kspec_gfa_controller/src/img/procimg/proc_KMTNgw.20231211T102558.0001.fits (at gfa_actions.py)
2025-03-11 10:01:15,732 [INFO] Performing sigma clipping to derive background and stddev. (at gfa_actions.py)
2025-03-11 10:01:15,837 [WARNING] Offsets within critical threshold; returning 0, 0. (at gfa_actions.py)
2025-03-11 10:01:15,839 [INFO] FWHM: 1.81 arcsec (at gfa_actions.py)
2025-03-11 10:01:15,839 [INFO] Guide star calibration complete. Offsets => fdx=0.00000, fdy=0.00000, FWHM=1.80589 (at gfa_actions.py)
2025-03-11 10:01:15,840 [INFO] Offsets calculated: fdx= $$, fdy=$$, FWHM=$$$ arcsec (at gfa_actions.py)
2025-03-11 10:01:45,848 [INFO] Guiding starts... (at gfa_actions.py)
2025-03-11 10:01:45,849 [INFO] Step #1: Grab an image (uncomment if needed). (at gfa_actions.py)
2025-03-11 10:01:45,850 [INFO] Step #2: Astrometry... (at gfa_actions.py)
2025-03-11 10:01:45,850 [INFO] Step #3: Calculating the offset... (at gfa_actions.py)
2025-03-11 10:01:45,851 [INFO] Starting guide star calibration process. (at gfa_actions.py)
2025-03-11 10:01:45,853 [INFO] Found 4 astrometry files and 4 processed files. (at gfa_actions.py)
2025-03-11 10:01:45,854 [INFO] Processing FITS: /media/shyunc/DATA/KSpec/KSPEC_ICS/GFA/Simul/kspec_gfa_controller/src/img/astroimg/astro_proc_KMTNge.20231211T102558.0001.fits & /media/shyunc/DATA/KSpec/KSPEC_ICS/GFA/Simul/kspec_gfa_controller/src/img/procimg/proc_KMTNge.20231211T102558.0001.fits (at gfa_actions.py)
2025-03-11 10:01:45,880 [INFO] Performing sigma clipping to derive background and stddev. (at gfa_actions.py)
2025-03-11 10:01:45,994 [INFO] Processing FITS: /media/shyunc/DATA/KSpec/KSPEC_ICS/GFA/Simul/kspec_gfa_controller/src/img/astroimg/astro_proc_KMTNgn.20231211T102558.0001.fits & /media/shyunc/DATA/KSpec/KSPEC_ICS/GFA/Simul/kspec_gfa_controller/src/img/procimg/proc_KMTNgn.20231211T102558.0001.fits (at gfa_actions.py)
2025-03-11 10:01:46,001 [INFO] Performing sigma clipping to derive background and stddev. (at gfa_actions.py)
2025-03-11 10:01:46,120 [INFO] Processing FITS: /media/shyunc/DATA/KSpec/KSPEC_ICS/GFA/Simul/kspec_gfa_controller/src/img/astroimg/astro_proc_KMTNgs.20231211T102558.0001.fits & /media/shyunc/DATA/KSpec/KSPEC_ICS/GFA/Simul/kspec_gfa_controller/src/img/procimg/proc_KMTNgs.20231211T102558.0001.fits (at gfa_actions.py)
2025-03-11 10:01:46,129 [INFO] Performing sigma clipping to derive background and stddev. (at gfa_actions.py)
2025-03-11 10:01:46,256 [INFO] Processing FITS: /media/shyunc/DATA/KSpec/KSPEC_ICS/GFA/Simul/kspec_gfa_controller/src/img/astroimg/astro_proc_KMTNgw.20231211T102558.0001.fits & /media/shyunc/DATA/KSpec/KSPEC_ICS/GFA/Simul/kspec_gfa_controller/src/img/procimg/proc_KMTNgw.20231211T102558.0001.fits (at gfa_actions.py)
2025-03-11 10:01:46,263 [INFO] Performing sigma clipping to derive background and stddev. (at gfa_actions.py)
2025-03-11 10:01:46,369 [WARNING] Offsets within critical threshold; returning 0, 0. (at gfa_actions.py)
2025-03-11 10:01:46,371 [INFO] FWHM: 1.81 arcsec (at gfa_actions.py)
2025-03-11 10:01:46,371 [INFO] Guide star calibration complete. Offsets => fdx=0.00000, fdy=0.00000, FWHM=1.80589 (at gfa_actions.py)
2025-03-11 10:01:46,372 [INFO] Offsets calculated: fdx= $$, fdy=$$, FWHM=$$$ arcsec (at gfa_actions.py)
2025-03-11 10:02:16,380 [INFO] Guiding starts... (at gfa_actions.py)
2025-03-11 10:02:16,381 [INFO] Step #1: Grab an image (uncomment if needed). (at gfa_actions.py)
2025-03-11 10:02:16,382 [INFO] Step #2: Astrometry... (at gfa_actions.py)
2025-03-11 10:02:16,382 [INFO] Step #3: Calculating the offset... (at gfa_actions.py)
2025-03-11 10:02:16,383 [INFO] Starting guide star calibration process. (at gfa_actions.py)
2025-03-11 10:02:16,384 [INFO] Found 4 astrometry files and 4 processed files. (at gfa_actions.py)
2025-03-11 10:02:16,384 [INFO] Processing FITS: /media/shyunc/DATA/KSpec/KSPEC_ICS/GFA/Simul/kspec_gfa_controller/src/img/astroimg/astro_proc_KMTNge.20231211T102558.0001.fits & /media/shyunc/DATA/KSpec/KSPEC_ICS/GFA/Simul/kspec_gfa_controller/src/img/procimg/proc_KMTNge.20231211T102558.0001.fits (at gfa_actions.py)
2025-03-11 10:02:16,396 [INFO] Performing sigma clipping to derive background and stddev. (at gfa_actions.py)
2025-03-11 10:02:16,508 [INFO] Processing FITS: /media/shyunc/DATA/KSpec/KSPEC_ICS/GFA/Simul/kspec_gfa_controller/src/img/astroimg/astro_proc_KMTNgn.20231211T102558.0001.fits & /media/shyunc/DATA/KSpec/KSPEC_ICS/GFA/Simul/kspec_gfa_controller/src/img/procimg/proc_KMTNgn.20231211T102558.0001.fits (at gfa_actions.py)
2025-03-11 10:02:16,516 [INFO] Performing sigma clipping to derive background and stddev. (at gfa_actions.py)
2025-03-11 10:02:16,633 [INFO] Processing FITS: /media/shyunc/DATA/KSpec/KSPEC_ICS/GFA/Simul/kspec_gfa_controller/src/img/astroimg/astro_proc_KMTNgs.20231211T102558.0001.fits & /media/shyunc/DATA/KSpec/KSPEC_ICS/GFA/Simul/kspec_gfa_controller/src/img/procimg/proc_KMTNgs.20231211T102558.0001.fits (at gfa_actions.py)
2025-03-11 10:02:16,639 [INFO] Performing sigma clipping to derive background and stddev. (at gfa_actions.py)
2025-03-11 10:02:16,759 [INFO] Processing FITS: /media/shyunc/DATA/KSpec/KSPEC_ICS/GFA/Simul/kspec_gfa_controller/src/img/astroimg/astro_proc_KMTNgw.20231211T102558.0001.fits & /media/shyunc/DATA/KSpec/KSPEC_ICS/GFA/Simul/kspec_gfa_controller/src/img/procimg/proc_KMTNgw.20231211T102558.0001.fits (at gfa_actions.py)
2025-03-11 10:02:16,766 [INFO] Performing sigma clipping to derive background and stddev. (at gfa_actions.py)
2025-03-11 10:02:16,871 [WARNING] Offsets within critical threshold; returning 0, 0. (at gfa_actions.py)
2025-03-11 10:02:16,873 [INFO] FWHM: 1.81 arcsec (at gfa_actions.py)
2025-03-11 10:02:16,874 [INFO] Guide star calibration complete. Offsets => fdx=0.00000, fdy=0.00000, FWHM=1.80589 (at gfa_actions.py)
2025-03-11 10:02:16,874 [INFO] Offsets calculated: fdx= $$, fdy=$$, FWHM=$$$ arcsec (at gfa_actions.py)
2025-03-11 12:05:53,012 [INFO] Guiding starts... (at gfa_actions.py)
2025-03-11 12:05:53,013 [INFO] Step #1: Grab an image (uncomment if needed). (at gfa_actions.py)
2025-03-11 12:05:53,014 [INFO] Step #2: Astrometry... (at gfa_actions.py)
2025-03-11 12:05:53,015 [INFO] Step #3: Calculating the offset... (at gfa_actions.py)
2025-03-11 12:05:53,015 [INFO] Starting guide star calibration process. (at gfa_actions.py)
2025-03-11 12:05:53,017 [INFO] Found 4 astrometry files and 4 processed files. (at gfa_actions.py)
2025-03-11 12:05:53,018 [INFO] Processing FITS: /media/shyunc/DATA/KSpec/KSPEC_ICS/GFA/Simul/kspec_gfa_controller/src/img/astroimg/astro_proc_KMTNge.20231211T102558.0001.fits & /media/shyunc/DATA/KSpec/KSPEC_ICS/GFA/Simul/kspec_gfa_controller/src/img/procimg/proc_KMTNge.20231211T102558.0001.fits (at gfa_actions.py)
2025-03-11 12:05:53,027 [INFO] Performing sigma clipping to derive background and stddev. (at gfa_actions.py)
2025-03-11 12:05:53,150 [INFO] Processing FITS: /media/shyunc/DATA/KSpec/KSPEC_ICS/GFA/Simul/kspec_gfa_controller/src/img/astroimg/astro_proc_KMTNgn.20231211T102558.0001.fits & /media/shyunc/DATA/KSpec/KSPEC_ICS/GFA/Simul/kspec_gfa_controller/src/img/procimg/proc_KMTNgn.20231211T102558.0001.fits (at gfa_actions.py)
2025-03-11 12:05:53,157 [INFO] Performing sigma clipping to derive background and stddev. (at gfa_actions.py)
2025-03-11 12:05:53,276 [INFO] Processing FITS: /media/shyunc/DATA/KSpec/KSPEC_ICS/GFA/Simul/kspec_gfa_controller/src/img/astroimg/astro_proc_KMTNgs.20231211T102558.0001.fits & /media/shyunc/DATA/KSpec/KSPEC_ICS/GFA/Simul/kspec_gfa_controller/src/img/procimg/proc_KMTNgs.20231211T102558.0001.fits (at gfa_actions.py)
2025-03-11 12:05:53,283 [INFO] Performing sigma clipping to derive background and stddev. (at gfa_actions.py)
2025-03-11 12:05:53,405 [INFO] Processing FITS: /media/shyunc/DATA/KSpec/KSPEC_ICS/GFA/Simul/kspec_gfa_controller/src/img/astroimg/astro_proc_KMTNgw.20231211T102558.0001.fits & /media/shyunc/DATA/KSpec/KSPEC_ICS/GFA/Simul/kspec_gfa_controller/src/img/procimg/proc_KMTNgw.20231211T102558.0001.fits (at gfa_actions.py)
2025-03-11 12:05:53,412 [INFO] Performing sigma clipping to derive background and stddev. (at gfa_actions.py)
2025-03-11 12:05:53,519 [WARNING] Offsets within critical threshold; returning 0, 0. (at gfa_actions.py)
2025-03-11 12:05:53,522 [INFO] FWHM: 1.81 arcsec (at gfa_actions.py)
2025-03-11 12:05:53,522 [INFO] Guide star calibration complete. Offsets => fdx=0.00000, fdy=0.00000, FWHM=1.80589 (at gfa_actions.py)
2025-03-11 12:05:53,522 [INFO] Offsets calculated: fdx= $$, fdy=$$, FWHM=$$$ arcsec (at gfa_actions.py)
2025-03-11 12:06:23,539 [INFO] Guiding starts... (at gfa_actions.py)
2025-03-11 12:06:23,539 [INFO] Step #1: Grab an image (uncomment if needed). (at gfa_actions.py)
2025-03-11 12:06:23,540 [INFO] Step #2: Astrometry... (at gfa_actions.py)
2025-03-11 12:06:23,541 [INFO] Step #3: Calculating the offset... (at gfa_actions.py)
2025-03-11 12:06:23,541 [INFO] Starting guide star calibration process. (at gfa_actions.py)
2025-03-11 12:06:23,543 [INFO] Found 4 astrometry files and 4 processed files. (at gfa_actions.py)
2025-03-11 12:06:23,543 [INFO] Processing FITS: /media/shyunc/DATA/KSpec/KSPEC_ICS/GFA/Simul/kspec_gfa_controller/src/img/astroimg/astro_proc_KMTNge.20231211T102558.0001.fits & /media/shyunc/DATA/KSpec/KSPEC_ICS/GFA/Simul/kspec_gfa_controller/src/img/procimg/proc_KMTNge.20231211T102558.0001.fits (at gfa_actions.py)
2025-03-11 12:06:23,557 [INFO] Performing sigma clipping to derive background and stddev. (at gfa_actions.py)
2025-03-11 12:06:23,675 [INFO] Processing FITS: /media/shyunc/DATA/KSpec/KSPEC_ICS/GFA/Simul/kspec_gfa_controller/src/img/astroimg/astro_proc_KMTNgn.20231211T102558.0001.fits & /media/shyunc/DATA/KSpec/KSPEC_ICS/GFA/Simul/kspec_gfa_controller/src/img/procimg/proc_KMTNgn.20231211T102558.0001.fits (at gfa_actions.py)
2025-03-11 12:06:23,682 [INFO] Performing sigma clipping to derive background and stddev. (at gfa_actions.py)
2025-03-11 12:06:23,817 [INFO] Processing FITS: /media/shyunc/DATA/KSpec/KSPEC_ICS/GFA/Simul/kspec_gfa_controller/src/img/astroimg/astro_proc_KMTNgs.20231211T102558.0001.fits & /media/shyunc/DATA/KSpec/KSPEC_ICS/GFA/Simul/kspec_gfa_controller/src/img/procimg/proc_KMTNgs.20231211T102558.0001.fits (at gfa_actions.py)
2025-03-11 12:06:23,825 [INFO] Performing sigma clipping to derive background and stddev. (at gfa_actions.py)
2025-03-11 12:06:23,980 [INFO] Processing FITS: /media/shyunc/DATA/KSpec/KSPEC_ICS/GFA/Simul/kspec_gfa_controller/src/img/astroimg/astro_proc_KMTNgw.20231211T102558.0001.fits & /media/shyunc/DATA/KSpec/KSPEC_ICS/GFA/Simul/kspec_gfa_controller/src/img/procimg/proc_KMTNgw.20231211T102558.0001.fits (at gfa_actions.py)
2025-03-11 12:06:23,987 [INFO] Performing sigma clipping to derive background and stddev. (at gfa_actions.py)
2025-03-11 12:06:24,129 [WARNING] Offsets within critical threshold; returning 0, 0. (at gfa_actions.py)
2025-03-11 12:06:24,132 [INFO] FWHM: 1.81 arcsec (at gfa_actions.py)
2025-03-11 12:06:24,132 [INFO] Guide star calibration complete. Offsets => fdx=0.00000, fdy=0.00000, FWHM=1.80589 (at gfa_actions.py)
2025-03-11 12:06:24,132 [INFO] Offsets calculated: fdx= $$, fdy=$$, FWHM=$$$ arcsec (at gfa_actions.py)
2025-03-11 12:06:54,149 [INFO] Guiding starts... (at gfa_actions.py)
2025-03-11 12:06:54,150 [INFO] Step #1: Grab an image (uncomment if needed). (at gfa_actions.py)
2025-03-11 12:06:54,150 [INFO] Step #2: Astrometry... (at gfa_actions.py)
2025-03-11 12:06:54,151 [INFO] Step #3: Calculating the offset... (at gfa_actions.py)
2025-03-11 12:06:54,151 [INFO] Starting guide star calibration process. (at gfa_actions.py)
2025-03-11 12:06:54,153 [INFO] Found 4 astrometry files and 4 processed files. (at gfa_actions.py)
2025-03-11 12:06:54,154 [INFO] Processing FITS: /media/shyunc/DATA/KSpec/KSPEC_ICS/GFA/Simul/kspec_gfa_controller/src/img/astroimg/astro_proc_KMTNge.20231211T102558.0001.fits & /media/shyunc/DATA/KSpec/KSPEC_ICS/GFA/Simul/kspec_gfa_controller/src/img/procimg/proc_KMTNge.20231211T102558.0001.fits (at gfa_actions.py)
2025-03-11 12:06:54,162 [INFO] Performing sigma clipping to derive background and stddev. (at gfa_actions.py)
2025-03-11 12:06:54,271 [INFO] Processing FITS: /media/shyunc/DATA/KSpec/KSPEC_ICS/GFA/Simul/kspec_gfa_controller/src/img/astroimg/astro_proc_KMTNgn.20231211T102558.0001.fits & /media/shyunc/DATA/KSpec/KSPEC_ICS/GFA/Simul/kspec_gfa_controller/src/img/procimg/proc_KMTNgn.20231211T102558.0001.fits (at gfa_actions.py)
2025-03-11 12:06:54,279 [INFO] Performing sigma clipping to derive background and stddev. (at gfa_actions.py)
2025-03-11 12:06:54,396 [INFO] Processing FITS: /media/shyunc/DATA/KSpec/KSPEC_ICS/GFA/Simul/kspec_gfa_controller/src/img/astroimg/astro_proc_KMTNgs.20231211T102558.0001.fits & /media/shyunc/DATA/KSpec/KSPEC_ICS/GFA/Simul/kspec_gfa_controller/src/img/procimg/proc_KMTNgs.20231211T102558.0001.fits (at gfa_actions.py)
2025-03-11 12:06:54,403 [INFO] Performing sigma clipping to derive background and stddev. (at gfa_actions.py)
2025-03-11 12:06:54,523 [INFO] Processing FITS: /media/shyunc/DATA/KSpec/KSPEC_ICS/GFA/Simul/kspec_gfa_controller/src/img/astroimg/astro_proc_KMTNgw.20231211T102558.0001.fits & /media/shyunc/DATA/KSpec/KSPEC_ICS/GFA/Simul/kspec_gfa_controller/src/img/procimg/proc_KMTNgw.20231211T102558.0001.fits (at gfa_actions.py)
2025-03-11 12:06:54,530 [INFO] Performing sigma clipping to derive background and stddev. (at gfa_actions.py)
2025-03-11 12:06:54,635 [WARNING] Offsets within critical threshold; returning 0, 0. (at gfa_actions.py)
2025-03-11 12:06:54,638 [INFO] FWHM: 1.81 arcsec (at gfa_actions.py)
2025-03-11 12:06:54,638 [INFO] Guide star calibration complete. Offsets => fdx=0.00000, fdy=0.00000, FWHM=1.80589 (at gfa_actions.py)
2025-03-11 12:06:54,638 [INFO] Offsets calculated: fdx= $$, fdy=$$, FWHM=$$$ arcsec (at gfa_actions.py)
2025-03-11 12:07:24,655 [INFO] Guiding starts... (at gfa_actions.py)
2025-03-11 12:07:24,655 [INFO] Step #1: Grab an image (uncomment if needed). (at gfa_actions.py)
2025-03-11 12:07:24,656 [INFO] Step #2: Astrometry... (at gfa_actions.py)
2025-03-11 12:07:24,656 [INFO] Step #3: Calculating the offset... (at gfa_actions.py)
2025-03-11 12:07:24,657 [INFO] Starting guide star calibration process. (at gfa_actions.py)
2025-03-11 12:07:24,659 [INFO] Found 4 astrometry files and 4 processed files. (at gfa_actions.py)
2025-03-11 12:07:24,659 [INFO] Processing FITS: /media/shyunc/DATA/KSpec/KSPEC_ICS/GFA/Simul/kspec_gfa_controller/src/img/astroimg/astro_proc_KMTNge.20231211T102558.0001.fits & /media/shyunc/DATA/KSpec/KSPEC_ICS/GFA/Simul/kspec_gfa_controller/src/img/procimg/proc_KMTNge.20231211T102558.0001.fits (at gfa_actions.py)
2025-03-11 12:07:24,676 [INFO] Performing sigma clipping to derive background and stddev. (at gfa_actions.py)
2025-03-11 12:07:24,787 [INFO] Processing FITS: /media/shyunc/DATA/KSpec/KSPEC_ICS/GFA/Simul/kspec_gfa_controller/src/img/astroimg/astro_proc_KMTNgn.20231211T102558.0001.fits & /media/shyunc/DATA/KSpec/KSPEC_ICS/GFA/Simul/kspec_gfa_controller/src/img/procimg/proc_KMTNgn.20231211T102558.0001.fits (at gfa_actions.py)
2025-03-11 12:07:24,795 [INFO] Performing sigma clipping to derive background and stddev. (at gfa_actions.py)
2025-03-11 12:07:24,911 [INFO] Processing FITS: /media/shyunc/DATA/KSpec/KSPEC_ICS/GFA/Simul/kspec_gfa_controller/src/img/astroimg/astro_proc_KMTNgs.20231211T102558.0001.fits & /media/shyunc/DATA/KSpec/KSPEC_ICS/GFA/Simul/kspec_gfa_controller/src/img/procimg/proc_KMTNgs.20231211T102558.0001.fits (at gfa_actions.py)
2025-03-11 12:07:24,918 [INFO] Performing sigma clipping to derive background and stddev. (at gfa_actions.py)
2025-03-11 12:07:25,038 [INFO] Processing FITS: /media/shyunc/DATA/KSpec/KSPEC_ICS/GFA/Simul/kspec_gfa_controller/src/img/astroimg/astro_proc_KMTNgw.20231211T102558.0001.fits & /media/shyunc/DATA/KSpec/KSPEC_ICS/GFA/Simul/kspec_gfa_controller/src/img/procimg/proc_KMTNgw.20231211T102558.0001.fits (at gfa_actions.py)
2025-03-11 12:07:25,045 [INFO] Performing sigma clipping to derive background and stddev. (at gfa_actions.py)
2025-03-11 12:07:25,151 [WARNING] Offsets within critical threshold; returning 0, 0. (at gfa_actions.py)
2025-03-11 12:07:25,153 [INFO] FWHM: 1.81 arcsec (at gfa_actions.py)
2025-03-11 12:07:25,154 [INFO] Guide star calibration complete. Offsets => fdx=0.00000, fdy=0.00000, FWHM=1.80589 (at gfa_actions.py)
2025-03-11 12:07:25,154 [INFO] Offsets calculated: fdx= $$, fdy=$$, FWHM=$$$ arcsec (at gfa_actions.py)
2025-03-11 14:32:29,669 [INFO] Configuration file found: /media/shyunc/DATA/KSpec/KSPEC_ICS/GFA/Simul/kspec_gfa_controller/src/etc/cams.json (at gfa_actions.py)
2025-03-11 14:32:29,669 [INFO] Configuration file found: /media/shyunc/DATA/KSpec/KSPEC_ICS/GFA/Simul/kspec_gfa_controller/src/etc/astrometry_params.json (at gfa_actions.py)
2025-03-11 14:32:29,669 [INFO] Initializing gfa_astrometry class. (at gfa_actions.py)
2025-03-11 14:32:29,670 [INFO] Loaded 4 FITS files. (at gfa_actions.py)
2025-03-11 14:32:29,670 [INFO] Initializing GFAGuider... (at gfa_actions.py)
2025-03-11 14:32:29,670 [INFO] GFAGuider setup complete. (at gfa_actions.py)
2025-03-11 14:35:19,176 [INFO] Guiding starts... (at gfa_actions.py)
2025-03-11 14:35:19,177 [INFO] Step #1: Grab an image (uncomment if needed). (at gfa_actions.py)
2025-03-11 14:35:19,177 [INFO] Step #2: Astrometry... (at gfa_actions.py)
2025-03-11 14:35:19,178 [INFO] Step #3: Calculating the offset... (at gfa_actions.py)
2025-03-11 14:35:19,178 [INFO] Starting guide star calibration process. (at gfa_actions.py)
2025-03-11 14:35:19,180 [INFO] Found 4 astrometry files and 4 processed files. (at gfa_actions.py)
2025-03-11 14:35:19,180 [INFO] Processing FITS: /media/shyunc/DATA/KSpec/KSPEC_ICS/GFA/Simul/kspec_gfa_controller/src/img/astroimg/astro_proc_KMTNge.20231211T102558.0001.fits & /media/shyunc/DATA/KSpec/KSPEC_ICS/GFA/Simul/kspec_gfa_controller/src/img/procimg/proc_KMTNge.20231211T102558.0001.fits (at gfa_actions.py)
2025-03-11 14:35:19,190 [INFO] Performing sigma clipping to derive background and stddev. (at gfa_actions.py)
2025-03-11 14:35:19,357 [INFO] Processing FITS: /media/shyunc/DATA/KSpec/KSPEC_ICS/GFA/Simul/kspec_gfa_controller/src/img/astroimg/astro_proc_KMTNgn.20231211T102558.0001.fits & /media/shyunc/DATA/KSpec/KSPEC_ICS/GFA/Simul/kspec_gfa_controller/src/img/procimg/proc_KMTNgn.20231211T102558.0001.fits (at gfa_actions.py)
2025-03-11 14:35:19,365 [INFO] Performing sigma clipping to derive background and stddev. (at gfa_actions.py)
2025-03-11 14:35:19,482 [INFO] Processing FITS: /media/shyunc/DATA/KSpec/KSPEC_ICS/GFA/Simul/kspec_gfa_controller/src/img/astroimg/astro_proc_KMTNgs.20231211T102558.0001.fits & /media/shyunc/DATA/KSpec/KSPEC_ICS/GFA/Simul/kspec_gfa_controller/src/img/procimg/proc_KMTNgs.20231211T102558.0001.fits (at gfa_actions.py)
2025-03-11 14:35:19,489 [INFO] Performing sigma clipping to derive background and stddev. (at gfa_actions.py)
2025-03-11 14:35:19,610 [INFO] Processing FITS: /media/shyunc/DATA/KSpec/KSPEC_ICS/GFA/Simul/kspec_gfa_controller/src/img/astroimg/astro_proc_KMTNgw.20231211T102558.0001.fits & /media/shyunc/DATA/KSpec/KSPEC_ICS/GFA/Simul/kspec_gfa_controller/src/img/procimg/proc_KMTNgw.20231211T102558.0001.fits (at gfa_actions.py)
2025-03-11 14:35:19,617 [INFO] Performing sigma clipping to derive background and stddev. (at gfa_actions.py)
2025-03-11 14:35:19,723 [WARNING] Offsets within critical threshold; returning 0, 0. (at gfa_actions.py)
2025-03-11 14:35:19,726 [INFO] FWHM: 1.81 arcsec (at gfa_actions.py)
2025-03-11 14:35:19,726 [INFO] Guide star calibration complete. Offsets => fdx=0.00000, fdy=0.00000, FWHM=1.80589 (at gfa_actions.py)
2025-03-11 14:35:19,726 [INFO] Offsets calculated: fdx= $$, fdy=$$, FWHM=$$$ arcsec (at gfa_actions.py)
2025-03-11 14:36:19,748 [INFO] Guiding starts... (at gfa_actions.py)
2025-03-11 14:36:19,749 [INFO] Step #1: Grab an image (uncomment if needed). (at gfa_actions.py)
2025-03-11 14:36:19,749 [INFO] Step #2: Astrometry... (at gfa_actions.py)
2025-03-11 14:36:19,750 [INFO] Step #3: Calculating the offset... (at gfa_actions.py)
2025-03-11 14:36:19,750 [INFO] Starting guide star calibration process. (at gfa_actions.py)
2025-03-11 14:36:19,752 [INFO] Found 4 astrometry files and 4 processed files. (at gfa_actions.py)
2025-03-11 14:36:19,752 [INFO] Processing FITS: /media/shyunc/DATA/KSpec/KSPEC_ICS/GFA/Simul/kspec_gfa_controller/src/img/astroimg/astro_proc_KMTNge.20231211T102558.0001.fits & /media/shyunc/DATA/KSpec/KSPEC_ICS/GFA/Simul/kspec_gfa_controller/src/img/procimg/proc_KMTNge.20231211T102558.0001.fits (at gfa_actions.py)
2025-03-11 14:36:19,760 [INFO] Performing sigma clipping to derive background and stddev. (at gfa_actions.py)
2025-03-11 14:36:19,870 [INFO] Processing FITS: /media/shyunc/DATA/KSpec/KSPEC_ICS/GFA/Simul/kspec_gfa_controller/src/img/astroimg/astro_proc_KMTNgn.20231211T102558.0001.fits & /media/shyunc/DATA/KSpec/KSPEC_ICS/GFA/Simul/kspec_gfa_controller/src/img/procimg/proc_KMTNgn.20231211T102558.0001.fits (at gfa_actions.py)
2025-03-11 14:36:19,877 [INFO] Performing sigma clipping to derive background and stddev. (at gfa_actions.py)
2025-03-11 14:36:19,995 [INFO] Processing FITS: /media/shyunc/DATA/KSpec/KSPEC_ICS/GFA/Simul/kspec_gfa_controller/src/img/astroimg/astro_proc_KMTNgs.20231211T102558.0001.fits & /media/shyunc/DATA/KSpec/KSPEC_ICS/GFA/Simul/kspec_gfa_controller/src/img/procimg/proc_KMTNgs.20231211T102558.0001.fits (at gfa_actions.py)
2025-03-11 14:36:20,002 [INFO] Performing sigma clipping to derive background and stddev. (at gfa_actions.py)
2025-03-11 14:36:20,122 [INFO] Processing FITS: /media/shyunc/DATA/KSpec/KSPEC_ICS/GFA/Simul/kspec_gfa_controller/src/img/astroimg/astro_proc_KMTNgw.20231211T102558.0001.fits & /media/shyunc/DATA/KSpec/KSPEC_ICS/GFA/Simul/kspec_gfa_controller/src/img/procimg/proc_KMTNgw.20231211T102558.0001.fits (at gfa_actions.py)
2025-03-11 14:36:20,129 [INFO] Performing sigma clipping to derive background and stddev. (at gfa_actions.py)
2025-03-11 14:36:20,236 [WARNING] Offsets within critical threshold; returning 0, 0. (at gfa_actions.py)
2025-03-11 14:36:20,238 [INFO] FWHM: 1.81 arcsec (at gfa_actions.py)
2025-03-11 14:36:20,238 [INFO] Guide star calibration complete. Offsets => fdx=0.00000, fdy=0.00000, FWHM=1.80589 (at gfa_actions.py)
2025-03-11 14:36:20,239 [INFO] Offsets calculated: fdx= $$, fdy=$$, FWHM=$$$ arcsec (at gfa_actions.py)
2025-03-11 14:45:04,037 [INFO] Guiding starts... (at gfa_actions.py)
2025-03-11 14:45:04,038 [INFO] Step #1: Grab an image (uncomment if needed). (at gfa_actions.py)
2025-03-11 14:45:04,039 [INFO] Step #2: Astrometry... (at gfa_actions.py)
2025-03-11 14:45:04,039 [INFO] Step #3: Calculating the offset... (at gfa_actions.py)
2025-03-11 14:45:04,040 [INFO] Starting guide star calibration process. (at gfa_actions.py)
2025-03-11 14:45:04,041 [INFO] Found 4 astrometry files and 4 processed files. (at gfa_actions.py)
2025-03-11 14:45:04,041 [INFO] Processing FITS: /media/shyunc/DATA/KSpec/KSPEC_ICS/GFA/Simul/kspec_gfa_controller/src/img/astroimg/astro_proc_KMTNge.20231211T102558.0001.fits & /media/shyunc/DATA/KSpec/KSPEC_ICS/GFA/Simul/kspec_gfa_controller/src/img/procimg/proc_KMTNge.20231211T102558.0001.fits (at gfa_actions.py)
2025-03-11 14:45:04,050 [INFO] Performing sigma clipping to derive background and stddev. (at gfa_actions.py)
2025-03-11 14:45:04,172 [INFO] Processing FITS: /media/shyunc/DATA/KSpec/KSPEC_ICS/GFA/Simul/kspec_gfa_controller/src/img/astroimg/astro_proc_KMTNgn.20231211T102558.0001.fits & /media/shyunc/DATA/KSpec/KSPEC_ICS/GFA/Simul/kspec_gfa_controller/src/img/procimg/proc_KMTNgn.20231211T102558.0001.fits (at gfa_actions.py)
2025-03-11 14:45:04,178 [INFO] Performing sigma clipping to derive background and stddev. (at gfa_actions.py)
2025-03-11 14:45:04,296 [INFO] Processing FITS: /media/shyunc/DATA/KSpec/KSPEC_ICS/GFA/Simul/kspec_gfa_controller/src/img/astroimg/astro_proc_KMTNgs.20231211T102558.0001.fits & /media/shyunc/DATA/KSpec/KSPEC_ICS/GFA/Simul/kspec_gfa_controller/src/img/procimg/proc_KMTNgs.20231211T102558.0001.fits (at gfa_actions.py)
2025-03-11 14:45:04,303 [INFO] Performing sigma clipping to derive background and stddev. (at gfa_actions.py)
2025-03-11 14:45:04,423 [INFO] Processing FITS: /media/shyunc/DATA/KSpec/KSPEC_ICS/GFA/Simul/kspec_gfa_controller/src/img/astroimg/astro_proc_KMTNgw.20231211T102558.0001.fits & /media/shyunc/DATA/KSpec/KSPEC_ICS/GFA/Simul/kspec_gfa_controller/src/img/procimg/proc_KMTNgw.20231211T102558.0001.fits (at gfa_actions.py)
2025-03-11 14:45:04,430 [INFO] Performing sigma clipping to derive background and stddev. (at gfa_actions.py)
2025-03-11 14:45:04,536 [WARNING] Offsets within critical threshold; returning 0, 0. (at gfa_actions.py)
2025-03-11 14:45:04,538 [INFO] FWHM: 1.81 arcsec (at gfa_actions.py)
2025-03-11 14:45:04,538 [INFO] Guide star calibration complete. Offsets => fdx=0.00000, fdy=0.00000, FWHM=1.80589 (at gfa_actions.py)
2025-03-11 14:45:04,539 [INFO] Offsets calculated: fdx= $$, fdy=$$, FWHM=$$$ arcsec (at gfa_actions.py)
2025-03-11 14:46:04,545 [INFO] Guiding starts... (at gfa_actions.py)
2025-03-11 14:46:04,546 [INFO] Step #1: Grab an image (uncomment if needed). (at gfa_actions.py)
2025-03-11 14:46:04,546 [INFO] Step #2: Astrometry... (at gfa_actions.py)
2025-03-11 14:46:04,547 [INFO] Step #3: Calculating the offset... (at gfa_actions.py)
2025-03-11 14:46:04,547 [INFO] Starting guide star calibration process. (at gfa_actions.py)
2025-03-11 14:46:04,550 [INFO] Found 4 astrometry files and 4 processed files. (at gfa_actions.py)
2025-03-11 14:46:04,550 [INFO] Processing FITS: /media/shyunc/DATA/KSpec/KSPEC_ICS/GFA/Simul/kspec_gfa_controller/src/img/astroimg/astro_proc_KMTNge.20231211T102558.0001.fits & /media/shyunc/DATA/KSpec/KSPEC_ICS/GFA/Simul/kspec_gfa_controller/src/img/procimg/proc_KMTNge.20231211T102558.0001.fits (at gfa_actions.py)
2025-03-11 14:46:04,563 [INFO] Performing sigma clipping to derive background and stddev. (at gfa_actions.py)
2025-03-11 14:46:04,675 [INFO] Processing FITS: /media/shyunc/DATA/KSpec/KSPEC_ICS/GFA/Simul/kspec_gfa_controller/src/img/astroimg/astro_proc_KMTNgn.20231211T102558.0001.fits & /media/shyunc/DATA/KSpec/KSPEC_ICS/GFA/Simul/kspec_gfa_controller/src/img/procimg/proc_KMTNgn.20231211T102558.0001.fits (at gfa_actions.py)
2025-03-11 14:46:04,682 [INFO] Performing sigma clipping to derive background and stddev. (at gfa_actions.py)
2025-03-11 14:46:04,801 [INFO] Processing FITS: /media/shyunc/DATA/KSpec/KSPEC_ICS/GFA/Simul/kspec_gfa_controller/src/img/astroimg/astro_proc_KMTNgs.20231211T102558.0001.fits & /media/shyunc/DATA/KSpec/KSPEC_ICS/GFA/Simul/kspec_gfa_controller/src/img/procimg/proc_KMTNgs.20231211T102558.0001.fits (at gfa_actions.py)
2025-03-11 14:46:04,808 [INFO] Performing sigma clipping to derive background and stddev. (at gfa_actions.py)
2025-03-11 14:46:04,930 [INFO] Processing FITS: /media/shyunc/DATA/KSpec/KSPEC_ICS/GFA/Simul/kspec_gfa_controller/src/img/astroimg/astro_proc_KMTNgw.20231211T102558.0001.fits & /media/shyunc/DATA/KSpec/KSPEC_ICS/GFA/Simul/kspec_gfa_controller/src/img/procimg/proc_KMTNgw.20231211T102558.0001.fits (at gfa_actions.py)
2025-03-11 14:46:04,937 [INFO] Performing sigma clipping to derive background and stddev. (at gfa_actions.py)
2025-03-11 14:46:05,046 [WARNING] Offsets within critical threshold; returning 0, 0. (at gfa_actions.py)
2025-03-11 14:46:05,048 [INFO] FWHM: 1.81 arcsec (at gfa_actions.py)
2025-03-11 14:46:05,048 [INFO] Guide star calibration complete. Offsets => fdx=0.00000, fdy=0.00000, FWHM=1.80589 (at gfa_actions.py)
2025-03-11 14:46:05,048 [INFO] Offsets calculated: fdx= $$, fdy=$$, FWHM=$$$ arcsec (at gfa_actions.py)
2025-03-11 15:16:03,263 [INFO] Guiding starts... (at gfa_actions.py)
2025-03-11 15:16:03,264 [INFO] Step #1: Grab an image (uncomment if needed). (at gfa_actions.py)
2025-03-11 15:16:03,265 [INFO] Step #2: Astrometry... (at gfa_actions.py)
2025-03-11 15:16:03,266 [INFO] Step #3: Calculating the offset... (at gfa_actions.py)
2025-03-11 15:16:03,266 [INFO] Starting guide star calibration process. (at gfa_actions.py)
2025-03-11 15:16:03,267 [INFO] Found 4 astrometry files and 4 processed files. (at gfa_actions.py)
2025-03-11 15:16:03,267 [INFO] Processing FITS: /media/shyunc/DATA/KSpec/KSPEC_ICS/GFA/Simul/kspec_gfa_controller/src/img/astroimg/astro_proc_KMTNge.20231211T102558.0001.fits & /media/shyunc/DATA/KSpec/KSPEC_ICS/GFA/Simul/kspec_gfa_controller/src/img/procimg/proc_KMTNge.20231211T102558.0001.fits (at gfa_actions.py)
2025-03-11 15:16:03,276 [INFO] Performing sigma clipping to derive background and stddev. (at gfa_actions.py)
2025-03-11 15:16:03,393 [INFO] Processing FITS: /media/shyunc/DATA/KSpec/KSPEC_ICS/GFA/Simul/kspec_gfa_controller/src/img/astroimg/astro_proc_KMTNgn.20231211T102558.0001.fits & /media/shyunc/DATA/KSpec/KSPEC_ICS/GFA/Simul/kspec_gfa_controller/src/img/procimg/proc_KMTNgn.20231211T102558.0001.fits (at gfa_actions.py)
2025-03-11 15:16:03,400 [INFO] Performing sigma clipping to derive background and stddev. (at gfa_actions.py)
2025-03-11 15:16:03,517 [INFO] Processing FITS: /media/shyunc/DATA/KSpec/KSPEC_ICS/GFA/Simul/kspec_gfa_controller/src/img/astroimg/astro_proc_KMTNgs.20231211T102558.0001.fits & /media/shyunc/DATA/KSpec/KSPEC_ICS/GFA/Simul/kspec_gfa_controller/src/img/procimg/proc_KMTNgs.20231211T102558.0001.fits (at gfa_actions.py)
2025-03-11 15:16:03,524 [INFO] Performing sigma clipping to derive background and stddev. (at gfa_actions.py)
2025-03-11 15:16:03,644 [INFO] Processing FITS: /media/shyunc/DATA/KSpec/KSPEC_ICS/GFA/Simul/kspec_gfa_controller/src/img/astroimg/astro_proc_KMTNgw.20231211T102558.0001.fits & /media/shyunc/DATA/KSpec/KSPEC_ICS/GFA/Simul/kspec_gfa_controller/src/img/procimg/proc_KMTNgw.20231211T102558.0001.fits (at gfa_actions.py)
2025-03-11 15:16:03,651 [INFO] Performing sigma clipping to derive background and stddev. (at gfa_actions.py)
2025-03-11 15:16:03,757 [WARNING] Offsets within critical threshold; returning 0, 0. (at gfa_actions.py)
2025-03-11 15:16:03,759 [INFO] FWHM: 1.81 arcsec (at gfa_actions.py)
2025-03-11 15:16:03,760 [INFO] Guide star calibration complete. Offsets => fdx=0.00000, fdy=0.00000, FWHM=1.80589 (at gfa_actions.py)
2025-03-11 15:16:03,760 [INFO] Offsets calculated: fdx= $$, fdy=$$, FWHM=$$$ arcsec (at gfa_actions.py)
2025-03-11 15:17:03,767 [INFO] Guiding starts... (at gfa_actions.py)
2025-03-11 15:17:03,767 [INFO] Step #1: Grab an image (uncomment if needed). (at gfa_actions.py)
2025-03-11 15:17:03,768 [INFO] Step #2: Astrometry... (at gfa_actions.py)
2025-03-11 15:17:03,768 [INFO] Step #3: Calculating the offset... (at gfa_actions.py)
2025-03-11 15:17:03,769 [INFO] Starting guide star calibration process. (at gfa_actions.py)
2025-03-11 15:17:03,772 [INFO] Found 4 astrometry files and 4 processed files. (at gfa_actions.py)
2025-03-11 15:17:03,772 [INFO] Processing FITS: /media/shyunc/DATA/KSpec/KSPEC_ICS/GFA/Simul/kspec_gfa_controller/src/img/astroimg/astro_proc_KMTNge.20231211T102558.0001.fits & /media/shyunc/DATA/KSpec/KSPEC_ICS/GFA/Simul/kspec_gfa_controller/src/img/procimg/proc_KMTNge.20231211T102558.0001.fits (at gfa_actions.py)
2025-03-11 15:17:03,781 [INFO] Performing sigma clipping to derive background and stddev. (at gfa_actions.py)
2025-03-11 15:17:03,896 [INFO] Processing FITS: /media/shyunc/DATA/KSpec/KSPEC_ICS/GFA/Simul/kspec_gfa_controller/src/img/astroimg/astro_proc_KMTNgn.20231211T102558.0001.fits & /media/shyunc/DATA/KSpec/KSPEC_ICS/GFA/Simul/kspec_gfa_controller/src/img/procimg/proc_KMTNgn.20231211T102558.0001.fits (at gfa_actions.py)
2025-03-11 15:17:03,903 [INFO] Performing sigma clipping to derive background and stddev. (at gfa_actions.py)
2025-03-11 15:17:04,026 [INFO] Processing FITS: /media/shyunc/DATA/KSpec/KSPEC_ICS/GFA/Simul/kspec_gfa_controller/src/img/astroimg/astro_proc_KMTNgs.20231211T102558.0001.fits & /media/shyunc/DATA/KSpec/KSPEC_ICS/GFA/Simul/kspec_gfa_controller/src/img/procimg/proc_KMTNgs.20231211T102558.0001.fits (at gfa_actions.py)
2025-03-11 15:17:04,033 [INFO] Performing sigma clipping to derive background and stddev. (at gfa_actions.py)
2025-03-11 15:17:04,175 [INFO] Processing FITS: /media/shyunc/DATA/KSpec/KSPEC_ICS/GFA/Simul/kspec_gfa_controller/src/img/astroimg/astro_proc_KMTNgw.20231211T102558.0001.fits & /media/shyunc/DATA/KSpec/KSPEC_ICS/GFA/Simul/kspec_gfa_controller/src/img/procimg/proc_KMTNgw.20231211T102558.0001.fits (at gfa_actions.py)
2025-03-11 15:17:04,182 [INFO] Performing sigma clipping to derive background and stddev. (at gfa_actions.py)
2025-03-11 15:17:04,290 [WARNING] Offsets within critical threshold; returning 0, 0. (at gfa_actions.py)
2025-03-11 15:17:04,292 [INFO] FWHM: 1.81 arcsec (at gfa_actions.py)
2025-03-11 15:17:04,292 [INFO] Guide star calibration complete. Offsets => fdx=0.00000, fdy=0.00000, FWHM=1.80589 (at gfa_actions.py)
2025-03-11 15:17:04,293 [INFO] Offsets calculated: fdx= $$, fdy=$$, FWHM=$$$ arcsec (at gfa_actions.py)
2025-03-11 15:21:58,201 [INFO] Guiding starts... (at gfa_actions.py)
2025-03-11 15:21:58,202 [INFO] Step #1: Grab an image (uncomment if needed). (at gfa_actions.py)
2025-03-11 15:21:58,202 [INFO] Step #2: Astrometry... (at gfa_actions.py)
2025-03-11 15:21:58,203 [INFO] Step #3: Calculating the offset... (at gfa_actions.py)
2025-03-11 15:21:58,203 [INFO] Starting guide star calibration process. (at gfa_actions.py)
2025-03-11 15:21:58,206 [INFO] Found 4 astrometry files and 4 processed files. (at gfa_actions.py)
2025-03-11 15:21:58,206 [INFO] Processing FITS: /media/shyunc/DATA/KSpec/KSPEC_ICS/GFA/Simul/kspec_gfa_controller/src/img/astroimg/astro_proc_KMTNge.20231211T102558.0001.fits & /media/shyunc/DATA/KSpec/KSPEC_ICS/GFA/Simul/kspec_gfa_controller/src/img/procimg/proc_KMTNge.20231211T102558.0001.fits (at gfa_actions.py)
2025-03-11 15:21:58,215 [INFO] Performing sigma clipping to derive background and stddev. (at gfa_actions.py)
2025-03-11 15:21:58,330 [INFO] Processing FITS: /media/shyunc/DATA/KSpec/KSPEC_ICS/GFA/Simul/kspec_gfa_controller/src/img/astroimg/astro_proc_KMTNgn.20231211T102558.0001.fits & /media/shyunc/DATA/KSpec/KSPEC_ICS/GFA/Simul/kspec_gfa_controller/src/img/procimg/proc_KMTNgn.20231211T102558.0001.fits (at gfa_actions.py)
2025-03-11 15:21:58,337 [INFO] Performing sigma clipping to derive background and stddev. (at gfa_actions.py)
2025-03-11 15:21:58,455 [INFO] Processing FITS: /media/shyunc/DATA/KSpec/KSPEC_ICS/GFA/Simul/kspec_gfa_controller/src/img/astroimg/astro_proc_KMTNgs.20231211T102558.0001.fits & /media/shyunc/DATA/KSpec/KSPEC_ICS/GFA/Simul/kspec_gfa_controller/src/img/procimg/proc_KMTNgs.20231211T102558.0001.fits (at gfa_actions.py)
2025-03-11 15:21:58,461 [INFO] Performing sigma clipping to derive background and stddev. (at gfa_actions.py)
2025-03-11 15:21:58,582 [INFO] Processing FITS: /media/shyunc/DATA/KSpec/KSPEC_ICS/GFA/Simul/kspec_gfa_controller/src/img/astroimg/astro_proc_KMTNgw.20231211T102558.0001.fits & /media/shyunc/DATA/KSpec/KSPEC_ICS/GFA/Simul/kspec_gfa_controller/src/img/procimg/proc_KMTNgw.20231211T102558.0001.fits (at gfa_actions.py)
2025-03-11 15:21:58,589 [INFO] Performing sigma clipping to derive background and stddev. (at gfa_actions.py)
2025-03-11 15:21:58,695 [WARNING] Offsets within critical threshold; returning 0, 0. (at gfa_actions.py)
2025-03-11 15:21:58,698 [INFO] FWHM: 1.81 arcsec (at gfa_actions.py)
2025-03-11 15:21:58,698 [INFO] Guide star calibration complete. Offsets => fdx=0.00000, fdy=0.00000, FWHM=1.80589 (at gfa_actions.py)
2025-03-11 15:21:58,698 [INFO] Offsets calculated: fdx= $$, fdy=$$, FWHM=$$$ arcsec (at gfa_actions.py)
2025-03-11 15:22:58,729 [INFO] Guiding starts... (at gfa_actions.py)
2025-03-11 15:22:58,729 [INFO] Step #1: Grab an image (uncomment if needed). (at gfa_actions.py)
2025-03-11 15:22:58,730 [INFO] Step #2: Astrometry... (at gfa_actions.py)
2025-03-11 15:22:58,731 [INFO] Step #3: Calculating the offset... (at gfa_actions.py)
2025-03-11 15:22:58,731 [INFO] Starting guide star calibration process. (at gfa_actions.py)
2025-03-11 15:22:58,733 [INFO] Found 4 astrometry files and 4 processed files. (at gfa_actions.py)
2025-03-11 15:22:58,733 [INFO] Processing FITS: /media/shyunc/DATA/KSpec/KSPEC_ICS/GFA/Simul/kspec_gfa_controller/src/img/astroimg/astro_proc_KMTNge.20231211T102558.0001.fits & /media/shyunc/DATA/KSpec/KSPEC_ICS/GFA/Simul/kspec_gfa_controller/src/img/procimg/proc_KMTNge.20231211T102558.0001.fits (at gfa_actions.py)
2025-03-11 15:22:58,743 [INFO] Performing sigma clipping to derive background and stddev. (at gfa_actions.py)
2025-03-11 15:22:58,854 [INFO] Processing FITS: /media/shyunc/DATA/KSpec/KSPEC_ICS/GFA/Simul/kspec_gfa_controller/src/img/astroimg/astro_proc_KMTNgn.20231211T102558.0001.fits & /media/shyunc/DATA/KSpec/KSPEC_ICS/GFA/Simul/kspec_gfa_controller/src/img/procimg/proc_KMTNgn.20231211T102558.0001.fits (at gfa_actions.py)
2025-03-11 15:22:58,861 [INFO] Performing sigma clipping to derive background and stddev. (at gfa_actions.py)
2025-03-11 15:22:58,979 [INFO] Processing FITS: /media/shyunc/DATA/KSpec/KSPEC_ICS/GFA/Simul/kspec_gfa_controller/src/img/astroimg/astro_proc_KMTNgs.20231211T102558.0001.fits & /media/shyunc/DATA/KSpec/KSPEC_ICS/GFA/Simul/kspec_gfa_controller/src/img/procimg/proc_KMTNgs.20231211T102558.0001.fits (at gfa_actions.py)
2025-03-11 15:22:58,986 [INFO] Performing sigma clipping to derive background and stddev. (at gfa_actions.py)
2025-03-11 15:22:59,111 [INFO] Processing FITS: /media/shyunc/DATA/KSpec/KSPEC_ICS/GFA/Simul/kspec_gfa_controller/src/img/astroimg/astro_proc_KMTNgw.20231211T102558.0001.fits & /media/shyunc/DATA/KSpec/KSPEC_ICS/GFA/Simul/kspec_gfa_controller/src/img/procimg/proc_KMTNgw.20231211T102558.0001.fits (at gfa_actions.py)
2025-03-11 15:22:59,120 [INFO] Performing sigma clipping to derive background and stddev. (at gfa_actions.py)
2025-03-11 15:22:59,227 [WARNING] Offsets within critical threshold; returning 0, 0. (at gfa_actions.py)
2025-03-11 15:22:59,229 [INFO] FWHM: 1.81 arcsec (at gfa_actions.py)
2025-03-11 15:22:59,229 [INFO] Guide star calibration complete. Offsets => fdx=0.00000, fdy=0.00000, FWHM=1.80589 (at gfa_actions.py)
2025-03-11 15:22:59,229 [INFO] Offsets calculated: fdx= $$, fdy=$$, FWHM=$$$ arcsec (at gfa_actions.py)
2025-03-11 15:30:27,984 [INFO] Guiding starts... (at gfa_actions.py)
2025-03-11 15:30:27,986 [INFO] Step #1: Grab an image (uncomment if needed). (at gfa_actions.py)
2025-03-11 15:30:27,986 [INFO] Step #2: Astrometry... (at gfa_actions.py)
2025-03-11 15:30:27,987 [INFO] Step #3: Calculating the offset... (at gfa_actions.py)
2025-03-11 15:30:27,987 [INFO] Starting guide star calibration process. (at gfa_actions.py)
2025-03-11 15:30:27,989 [INFO] Found 4 astrometry files and 4 processed files. (at gfa_actions.py)
2025-03-11 15:30:27,989 [INFO] Processing FITS: /media/shyunc/DATA/KSpec/KSPEC_ICS/GFA/Simul/kspec_gfa_controller/src/img/astroimg/astro_proc_KMTNge.20231211T102558.0001.fits & /media/shyunc/DATA/KSpec/KSPEC_ICS/GFA/Simul/kspec_gfa_controller/src/img/procimg/proc_KMTNge.20231211T102558.0001.fits (at gfa_actions.py)
2025-03-11 15:30:28,012 [INFO] Performing sigma clipping to derive background and stddev. (at gfa_actions.py)
2025-03-11 15:30:28,127 [INFO] Processing FITS: /media/shyunc/DATA/KSpec/KSPEC_ICS/GFA/Simul/kspec_gfa_controller/src/img/astroimg/astro_proc_KMTNgn.20231211T102558.0001.fits & /media/shyunc/DATA/KSpec/KSPEC_ICS/GFA/Simul/kspec_gfa_controller/src/img/procimg/proc_KMTNgn.20231211T102558.0001.fits (at gfa_actions.py)
2025-03-11 15:30:28,133 [INFO] Performing sigma clipping to derive background and stddev. (at gfa_actions.py)
2025-03-11 15:30:28,251 [INFO] Processing FITS: /media/shyunc/DATA/KSpec/KSPEC_ICS/GFA/Simul/kspec_gfa_controller/src/img/astroimg/astro_proc_KMTNgs.20231211T102558.0001.fits & /media/shyunc/DATA/KSpec/KSPEC_ICS/GFA/Simul/kspec_gfa_controller/src/img/procimg/proc_KMTNgs.20231211T102558.0001.fits (at gfa_actions.py)
2025-03-11 15:30:28,258 [INFO] Performing sigma clipping to derive background and stddev. (at gfa_actions.py)
2025-03-11 15:30:28,379 [INFO] Processing FITS: /media/shyunc/DATA/KSpec/KSPEC_ICS/GFA/Simul/kspec_gfa_controller/src/img/astroimg/astro_proc_KMTNgw.20231211T102558.0001.fits & /media/shyunc/DATA/KSpec/KSPEC_ICS/GFA/Simul/kspec_gfa_controller/src/img/procimg/proc_KMTNgw.20231211T102558.0001.fits (at gfa_actions.py)
2025-03-11 15:30:28,410 [INFO] Performing sigma clipping to derive background and stddev. (at gfa_actions.py)
2025-03-11 15:30:28,512 [WARNING] Offsets within critical threshold; returning 0, 0. (at gfa_actions.py)
2025-03-11 15:30:28,514 [INFO] FWHM: 1.81 arcsec (at gfa_actions.py)
2025-03-11 15:30:28,514 [INFO] Guide star calibration complete. Offsets => fdx=0.00000, fdy=0.00000, FWHM=1.80589 (at gfa_actions.py)
2025-03-11 15:30:28,514 [INFO] Offsets calculated: fdx= $$, fdy=$$, FWHM=$$$ arcsec (at gfa_actions.py)
2025-03-11 15:31:28,545 [INFO] Guiding starts... (at gfa_actions.py)
2025-03-11 15:31:28,546 [INFO] Step #1: Grab an image (uncomment if needed). (at gfa_actions.py)
2025-03-11 15:31:28,546 [INFO] Step #2: Astrometry... (at gfa_actions.py)
2025-03-11 15:31:28,547 [INFO] Step #3: Calculating the offset... (at gfa_actions.py)
2025-03-11 15:31:28,547 [INFO] Starting guide star calibration process. (at gfa_actions.py)
2025-03-11 15:31:28,550 [INFO] Found 4 astrometry files and 4 processed files. (at gfa_actions.py)
2025-03-11 15:31:28,550 [INFO] Processing FITS: /media/shyunc/DATA/KSpec/KSPEC_ICS/GFA/Simul/kspec_gfa_controller/src/img/astroimg/astro_proc_KMTNge.20231211T102558.0001.fits & /media/shyunc/DATA/KSpec/KSPEC_ICS/GFA/Simul/kspec_gfa_controller/src/img/procimg/proc_KMTNge.20231211T102558.0001.fits (at gfa_actions.py)
2025-03-11 15:31:28,567 [INFO] Performing sigma clipping to derive background and stddev. (at gfa_actions.py)
2025-03-11 15:31:28,678 [INFO] Processing FITS: /media/shyunc/DATA/KSpec/KSPEC_ICS/GFA/Simul/kspec_gfa_controller/src/img/astroimg/astro_proc_KMTNgn.20231211T102558.0001.fits & /media/shyunc/DATA/KSpec/KSPEC_ICS/GFA/Simul/kspec_gfa_controller/src/img/procimg/proc_KMTNgn.20231211T102558.0001.fits (at gfa_actions.py)
2025-03-11 15:31:28,685 [INFO] Performing sigma clipping to derive background and stddev. (at gfa_actions.py)
2025-03-11 15:31:28,801 [INFO] Processing FITS: /media/shyunc/DATA/KSpec/KSPEC_ICS/GFA/Simul/kspec_gfa_controller/src/img/astroimg/astro_proc_KMTNgs.20231211T102558.0001.fits & /media/shyunc/DATA/KSpec/KSPEC_ICS/GFA/Simul/kspec_gfa_controller/src/img/procimg/proc_KMTNgs.20231211T102558.0001.fits (at gfa_actions.py)
2025-03-11 15:31:28,808 [INFO] Performing sigma clipping to derive background and stddev. (at gfa_actions.py)
2025-03-11 15:31:28,928 [INFO] Processing FITS: /media/shyunc/DATA/KSpec/KSPEC_ICS/GFA/Simul/kspec_gfa_controller/src/img/astroimg/astro_proc_KMTNgw.20231211T102558.0001.fits & /media/shyunc/DATA/KSpec/KSPEC_ICS/GFA/Simul/kspec_gfa_controller/src/img/procimg/proc_KMTNgw.20231211T102558.0001.fits (at gfa_actions.py)
2025-03-11 15:31:28,935 [INFO] Performing sigma clipping to derive background and stddev. (at gfa_actions.py)
2025-03-11 15:31:29,041 [WARNING] Offsets within critical threshold; returning 0, 0. (at gfa_actions.py)
2025-03-11 15:31:29,043 [INFO] FWHM: 1.81 arcsec (at gfa_actions.py)
2025-03-11 15:31:29,043 [INFO] Guide star calibration complete. Offsets => fdx=0.00000, fdy=0.00000, FWHM=1.80589 (at gfa_actions.py)
2025-03-11 15:31:29,044 [INFO] Offsets calculated: fdx= $$, fdy=$$, FWHM=$$$ arcsec (at gfa_actions.py)
2025-03-11 15:32:29,073 [INFO] Guiding starts... (at gfa_actions.py)
2025-03-11 15:32:29,073 [INFO] Step #1: Grab an image (uncomment if needed). (at gfa_actions.py)
2025-03-11 15:32:29,074 [INFO] Step #2: Astrometry... (at gfa_actions.py)
2025-03-11 15:32:29,075 [INFO] Step #3: Calculating the offset... (at gfa_actions.py)
2025-03-11 15:32:29,075 [INFO] Starting guide star calibration process. (at gfa_actions.py)
2025-03-11 15:32:29,077 [INFO] Found 4 astrometry files and 4 processed files. (at gfa_actions.py)
2025-03-11 15:32:29,077 [INFO] Processing FITS: /media/shyunc/DATA/KSpec/KSPEC_ICS/GFA/Simul/kspec_gfa_controller/src/img/astroimg/astro_proc_KMTNge.20231211T102558.0001.fits & /media/shyunc/DATA/KSpec/KSPEC_ICS/GFA/Simul/kspec_gfa_controller/src/img/procimg/proc_KMTNge.20231211T102558.0001.fits (at gfa_actions.py)
2025-03-11 15:32:29,091 [INFO] Performing sigma clipping to derive background and stddev. (at gfa_actions.py)
2025-03-11 15:32:29,201 [INFO] Processing FITS: /media/shyunc/DATA/KSpec/KSPEC_ICS/GFA/Simul/kspec_gfa_controller/src/img/astroimg/astro_proc_KMTNgn.20231211T102558.0001.fits & /media/shyunc/DATA/KSpec/KSPEC_ICS/GFA/Simul/kspec_gfa_controller/src/img/procimg/proc_KMTNgn.20231211T102558.0001.fits (at gfa_actions.py)
2025-03-11 15:32:29,209 [INFO] Performing sigma clipping to derive background and stddev. (at gfa_actions.py)
2025-03-11 15:32:29,325 [INFO] Processing FITS: /media/shyunc/DATA/KSpec/KSPEC_ICS/GFA/Simul/kspec_gfa_controller/src/img/astroimg/astro_proc_KMTNgs.20231211T102558.0001.fits & /media/shyunc/DATA/KSpec/KSPEC_ICS/GFA/Simul/kspec_gfa_controller/src/img/procimg/proc_KMTNgs.20231211T102558.0001.fits (at gfa_actions.py)
2025-03-11 15:32:29,331 [INFO] Performing sigma clipping to derive background and stddev. (at gfa_actions.py)
2025-03-11 15:32:29,451 [INFO] Processing FITS: /media/shyunc/DATA/KSpec/KSPEC_ICS/GFA/Simul/kspec_gfa_controller/src/img/astroimg/astro_proc_KMTNgw.20231211T102558.0001.fits & /media/shyunc/DATA/KSpec/KSPEC_ICS/GFA/Simul/kspec_gfa_controller/src/img/procimg/proc_KMTNgw.20231211T102558.0001.fits (at gfa_actions.py)
2025-03-11 15:32:29,458 [INFO] Performing sigma clipping to derive background and stddev. (at gfa_actions.py)
2025-03-11 15:32:29,563 [WARNING] Offsets within critical threshold; returning 0, 0. (at gfa_actions.py)
2025-03-11 15:32:29,565 [INFO] FWHM: 1.81 arcsec (at gfa_actions.py)
2025-03-11 15:32:29,565 [INFO] Guide star calibration complete. Offsets => fdx=0.00000, fdy=0.00000, FWHM=1.80589 (at gfa_actions.py)
2025-03-11 15:32:29,566 [INFO] Offsets calculated: fdx= $$, fdy=$$, FWHM=$$$ arcsec (at gfa_actions.py)
2025-03-11 15:33:29,597 [INFO] Guiding starts... (at gfa_actions.py)
2025-03-11 15:33:29,598 [INFO] Step #1: Grab an image (uncomment if needed). (at gfa_actions.py)
2025-03-11 15:33:29,599 [INFO] Step #2: Astrometry... (at gfa_actions.py)
2025-03-11 15:33:29,599 [INFO] Step #3: Calculating the offset... (at gfa_actions.py)
2025-03-11 15:33:29,600 [INFO] Starting guide star calibration process. (at gfa_actions.py)
2025-03-11 15:33:29,601 [INFO] Found 4 astrometry files and 4 processed files. (at gfa_actions.py)
2025-03-11 15:33:29,601 [INFO] Processing FITS: /media/shyunc/DATA/KSpec/KSPEC_ICS/GFA/Simul/kspec_gfa_controller/src/img/astroimg/astro_proc_KMTNge.20231211T102558.0001.fits & /media/shyunc/DATA/KSpec/KSPEC_ICS/GFA/Simul/kspec_gfa_controller/src/img/procimg/proc_KMTNge.20231211T102558.0001.fits (at gfa_actions.py)
2025-03-11 15:33:29,611 [INFO] Performing sigma clipping to derive background and stddev. (at gfa_actions.py)
2025-03-11 15:33:29,721 [INFO] Processing FITS: /media/shyunc/DATA/KSpec/KSPEC_ICS/GFA/Simul/kspec_gfa_controller/src/img/astroimg/astro_proc_KMTNgn.20231211T102558.0001.fits & /media/shyunc/DATA/KSpec/KSPEC_ICS/GFA/Simul/kspec_gfa_controller/src/img/procimg/proc_KMTNgn.20231211T102558.0001.fits (at gfa_actions.py)
2025-03-11 15:33:29,729 [INFO] Performing sigma clipping to derive background and stddev. (at gfa_actions.py)
2025-03-11 15:33:29,846 [INFO] Processing FITS: /media/shyunc/DATA/KSpec/KSPEC_ICS/GFA/Simul/kspec_gfa_controller/src/img/astroimg/astro_proc_KMTNgs.20231211T102558.0001.fits & /media/shyunc/DATA/KSpec/KSPEC_ICS/GFA/Simul/kspec_gfa_controller/src/img/procimg/proc_KMTNgs.20231211T102558.0001.fits (at gfa_actions.py)
2025-03-11 15:33:29,853 [INFO] Performing sigma clipping to derive background and stddev. (at gfa_actions.py)
2025-03-11 15:33:29,972 [INFO] Processing FITS: /media/shyunc/DATA/KSpec/KSPEC_ICS/GFA/Simul/kspec_gfa_controller/src/img/astroimg/astro_proc_KMTNgw.20231211T102558.0001.fits & /media/shyunc/DATA/KSpec/KSPEC_ICS/GFA/Simul/kspec_gfa_controller/src/img/procimg/proc_KMTNgw.20231211T102558.0001.fits (at gfa_actions.py)
2025-03-11 15:33:29,980 [INFO] Performing sigma clipping to derive background and stddev. (at gfa_actions.py)
2025-03-11 15:33:30,085 [WARNING] Offsets within critical threshold; returning 0, 0. (at gfa_actions.py)
2025-03-11 15:33:30,087 [INFO] FWHM: 1.81 arcsec (at gfa_actions.py)
2025-03-11 15:33:30,087 [INFO] Guide star calibration complete. Offsets => fdx=0.00000, fdy=0.00000, FWHM=1.80589 (at gfa_actions.py)
2025-03-11 15:33:30,088 [INFO] Offsets calculated: fdx= $$, fdy=$$, FWHM=$$$ arcsec (at gfa_actions.py)
2025-03-11 15:34:30,089 [INFO] Guiding starts... (at gfa_actions.py)
2025-03-11 15:34:30,090 [INFO] Step #1: Grab an image (uncomment if needed). (at gfa_actions.py)
2025-03-11 15:34:30,091 [INFO] Step #2: Astrometry... (at gfa_actions.py)
2025-03-11 15:34:30,091 [INFO] Step #3: Calculating the offset... (at gfa_actions.py)
2025-03-11 15:34:30,092 [INFO] Starting guide star calibration process. (at gfa_actions.py)
2025-03-11 15:34:30,093 [INFO] Found 4 astrometry files and 4 processed files. (at gfa_actions.py)
2025-03-11 15:34:30,093 [INFO] Processing FITS: /media/shyunc/DATA/KSpec/KSPEC_ICS/GFA/Simul/kspec_gfa_controller/src/img/astroimg/astro_proc_KMTNge.20231211T102558.0001.fits & /media/shyunc/DATA/KSpec/KSPEC_ICS/GFA/Simul/kspec_gfa_controller/src/img/procimg/proc_KMTNge.20231211T102558.0001.fits (at gfa_actions.py)
2025-03-11 15:34:30,108 [INFO] Performing sigma clipping to derive background and stddev. (at gfa_actions.py)
2025-03-11 15:34:30,218 [INFO] Processing FITS: /media/shyunc/DATA/KSpec/KSPEC_ICS/GFA/Simul/kspec_gfa_controller/src/img/astroimg/astro_proc_KMTNgn.20231211T102558.0001.fits & /media/shyunc/DATA/KSpec/KSPEC_ICS/GFA/Simul/kspec_gfa_controller/src/img/procimg/proc_KMTNgn.20231211T102558.0001.fits (at gfa_actions.py)
2025-03-11 15:34:30,225 [INFO] Performing sigma clipping to derive background and stddev. (at gfa_actions.py)
2025-03-11 15:34:30,341 [INFO] Processing FITS: /media/shyunc/DATA/KSpec/KSPEC_ICS/GFA/Simul/kspec_gfa_controller/src/img/astroimg/astro_proc_KMTNgs.20231211T102558.0001.fits & /media/shyunc/DATA/KSpec/KSPEC_ICS/GFA/Simul/kspec_gfa_controller/src/img/procimg/proc_KMTNgs.20231211T102558.0001.fits (at gfa_actions.py)
2025-03-11 15:34:30,348 [INFO] Performing sigma clipping to derive background and stddev. (at gfa_actions.py)
2025-03-11 15:34:30,468 [INFO] Processing FITS: /media/shyunc/DATA/KSpec/KSPEC_ICS/GFA/Simul/kspec_gfa_controller/src/img/astroimg/astro_proc_KMTNgw.20231211T102558.0001.fits & /media/shyunc/DATA/KSpec/KSPEC_ICS/GFA/Simul/kspec_gfa_controller/src/img/procimg/proc_KMTNgw.20231211T102558.0001.fits (at gfa_actions.py)
2025-03-11 15:34:30,475 [INFO] Performing sigma clipping to derive background and stddev. (at gfa_actions.py)
2025-03-11 15:34:30,580 [WARNING] Offsets within critical threshold; returning 0, 0. (at gfa_actions.py)
2025-03-11 15:34:30,582 [INFO] FWHM: 1.81 arcsec (at gfa_actions.py)
2025-03-11 15:34:30,582 [INFO] Guide star calibration complete. Offsets => fdx=0.00000, fdy=0.00000, FWHM=1.80589 (at gfa_actions.py)
2025-03-11 15:34:30,583 [INFO] Offsets calculated: fdx= $$, fdy=$$, FWHM=$$$ arcsec (at gfa_actions.py)
2025-03-11 15:35:30,585 [INFO] Guiding starts... (at gfa_actions.py)
2025-03-11 15:35:30,586 [INFO] Step #1: Grab an image (uncomment if needed). (at gfa_actions.py)
2025-03-11 15:35:30,586 [INFO] Step #2: Astrometry... (at gfa_actions.py)
2025-03-11 15:35:30,587 [INFO] Step #3: Calculating the offset... (at gfa_actions.py)
2025-03-11 15:35:30,587 [INFO] Starting guide star calibration process. (at gfa_actions.py)
2025-03-11 15:35:30,588 [INFO] Found 4 astrometry files and 4 processed files. (at gfa_actions.py)
2025-03-11 15:35:30,589 [INFO] Processing FITS: /media/shyunc/DATA/KSpec/KSPEC_ICS/GFA/Simul/kspec_gfa_controller/src/img/astroimg/astro_proc_KMTNge.20231211T102558.0001.fits & /media/shyunc/DATA/KSpec/KSPEC_ICS/GFA/Simul/kspec_gfa_controller/src/img/procimg/proc_KMTNge.20231211T102558.0001.fits (at gfa_actions.py)
2025-03-11 15:35:30,597 [INFO] Performing sigma clipping to derive background and stddev. (at gfa_actions.py)
2025-03-11 15:35:30,706 [INFO] Processing FITS: /media/shyunc/DATA/KSpec/KSPEC_ICS/GFA/Simul/kspec_gfa_controller/src/img/astroimg/astro_proc_KMTNgn.20231211T102558.0001.fits & /media/shyunc/DATA/KSpec/KSPEC_ICS/GFA/Simul/kspec_gfa_controller/src/img/procimg/proc_KMTNgn.20231211T102558.0001.fits (at gfa_actions.py)
2025-03-11 15:35:30,714 [INFO] Performing sigma clipping to derive background and stddev. (at gfa_actions.py)
2025-03-11 15:35:30,829 [INFO] Processing FITS: /media/shyunc/DATA/KSpec/KSPEC_ICS/GFA/Simul/kspec_gfa_controller/src/img/astroimg/astro_proc_KMTNgs.20231211T102558.0001.fits & /media/shyunc/DATA/KSpec/KSPEC_ICS/GFA/Simul/kspec_gfa_controller/src/img/procimg/proc_KMTNgs.20231211T102558.0001.fits (at gfa_actions.py)
2025-03-11 15:35:30,836 [INFO] Performing sigma clipping to derive background and stddev. (at gfa_actions.py)
2025-03-11 15:35:30,955 [INFO] Processing FITS: /media/shyunc/DATA/KSpec/KSPEC_ICS/GFA/Simul/kspec_gfa_controller/src/img/astroimg/astro_proc_KMTNgw.20231211T102558.0001.fits & /media/shyunc/DATA/KSpec/KSPEC_ICS/GFA/Simul/kspec_gfa_controller/src/img/procimg/proc_KMTNgw.20231211T102558.0001.fits (at gfa_actions.py)
2025-03-11 15:35:30,962 [INFO] Performing sigma clipping to derive background and stddev. (at gfa_actions.py)
2025-03-11 15:35:31,068 [WARNING] Offsets within critical threshold; returning 0, 0. (at gfa_actions.py)
2025-03-11 15:35:31,070 [INFO] FWHM: 1.81 arcsec (at gfa_actions.py)
2025-03-11 15:35:31,070 [INFO] Guide star calibration complete. Offsets => fdx=0.00000, fdy=0.00000, FWHM=1.80589 (at gfa_actions.py)
2025-03-11 15:35:31,071 [INFO] Offsets calculated: fdx= $$, fdy=$$, FWHM=$$$ arcsec (at gfa_actions.py)
2025-03-11 15:36:31,073 [INFO] Guiding starts... (at gfa_actions.py)
2025-03-11 15:36:31,074 [INFO] Step #1: Grab an image (uncomment if needed). (at gfa_actions.py)
2025-03-11 15:36:31,075 [INFO] Step #2: Astrometry... (at gfa_actions.py)
2025-03-11 15:36:31,075 [INFO] Step #3: Calculating the offset... (at gfa_actions.py)
2025-03-11 15:36:31,075 [INFO] Starting guide star calibration process. (at gfa_actions.py)
2025-03-11 15:36:31,076 [INFO] Found 4 astrometry files and 4 processed files. (at gfa_actions.py)
2025-03-11 15:36:31,077 [INFO] Processing FITS: /media/shyunc/DATA/KSpec/KSPEC_ICS/GFA/Simul/kspec_gfa_controller/src/img/astroimg/astro_proc_KMTNge.20231211T102558.0001.fits & /media/shyunc/DATA/KSpec/KSPEC_ICS/GFA/Simul/kspec_gfa_controller/src/img/procimg/proc_KMTNge.20231211T102558.0001.fits (at gfa_actions.py)
2025-03-11 15:36:31,086 [INFO] Performing sigma clipping to derive background and stddev. (at gfa_actions.py)
2025-03-11 15:36:31,196 [INFO] Processing FITS: /media/shyunc/DATA/KSpec/KSPEC_ICS/GFA/Simul/kspec_gfa_controller/src/img/astroimg/astro_proc_KMTNgn.20231211T102558.0001.fits & /media/shyunc/DATA/KSpec/KSPEC_ICS/GFA/Simul/kspec_gfa_controller/src/img/procimg/proc_KMTNgn.20231211T102558.0001.fits (at gfa_actions.py)
2025-03-11 15:36:31,203 [INFO] Performing sigma clipping to derive background and stddev. (at gfa_actions.py)
2025-03-11 15:36:31,323 [INFO] Processing FITS: /media/shyunc/DATA/KSpec/KSPEC_ICS/GFA/Simul/kspec_gfa_controller/src/img/astroimg/astro_proc_KMTNgs.20231211T102558.0001.fits & /media/shyunc/DATA/KSpec/KSPEC_ICS/GFA/Simul/kspec_gfa_controller/src/img/procimg/proc_KMTNgs.20231211T102558.0001.fits (at gfa_actions.py)
2025-03-11 15:36:31,330 [INFO] Performing sigma clipping to derive background and stddev. (at gfa_actions.py)
2025-03-11 15:36:31,457 [INFO] Processing FITS: /media/shyunc/DATA/KSpec/KSPEC_ICS/GFA/Simul/kspec_gfa_controller/src/img/astroimg/astro_proc_KMTNgw.20231211T102558.0001.fits & /media/shyunc/DATA/KSpec/KSPEC_ICS/GFA/Simul/kspec_gfa_controller/src/img/procimg/proc_KMTNgw.20231211T102558.0001.fits (at gfa_actions.py)
2025-03-11 15:36:31,464 [INFO] Performing sigma clipping to derive background and stddev. (at gfa_actions.py)
2025-03-11 15:36:31,569 [WARNING] Offsets within critical threshold; returning 0, 0. (at gfa_actions.py)
2025-03-11 15:36:31,571 [INFO] FWHM: 1.81 arcsec (at gfa_actions.py)
2025-03-11 15:36:31,571 [INFO] Guide star calibration complete. Offsets => fdx=0.00000, fdy=0.00000, FWHM=1.80589 (at gfa_actions.py)
2025-03-11 15:36:31,572 [INFO] Offsets calculated: fdx= $$, fdy=$$, FWHM=$$$ arcsec (at gfa_actions.py)
