2025-08-08 09:31:02,486 [INFO] Initialized GFAEnvironment with role 'plate' and cameras [1, 2, 3, 4, 5, 6]
2025-08-08 09:31:02,486 [INFO] Initializing gfa_astrometry class.
2025-08-08 09:31:02,486 [INFO] Initializing GFAGuider...
2025-08-08 09:31:02,486 [DEBUG] Processed dir: /media/shyunc/DATA/KSpec/KSPEC_ICS/GFA/Simul/kspec_gfa_controller/src/img/procimg
2025-08-08 09:31:02,486 [DEBUG] Final astro dir: /media/shyunc/DATA/KSpec/KSPEC_ICS/GFA/Simul/kspec_gfa_controller/src/img/astroimg/
2025-08-08 09:31:02,486 [DEBUG] Cutout dir: /media/shyunc/DATA/KSpec/KSPEC_ICS/GFA/Simul/kspec_gfa_controller/src/img/cutout
2025-08-08 09:31:02,486 [INFO] GFAGuider setup complete.
2025-08-08 09:31:02,486 [INFO] Initialized GFAEnvironment with role 'finder' and cameras [7]
2025-08-08 09:47:30,248 [INFO] Initialized GFAEnvironment with role 'plate' and cameras [1, 2, 3, 4, 5, 6]
2025-08-08 09:47:30,248 [INFO] Initializing gfa_astrometry class.
2025-08-08 09:47:30,248 [INFO] Initializing GFAGuider...
2025-08-08 09:47:30,248 [DEBUG] Processed dir: /media/shyunc/DATA/KSpec/KSPEC_ICS/GFA/Simul/kspec_gfa_controller/src/img/procimg
2025-08-08 09:47:30,248 [DEBUG] Final astro dir: /media/shyunc/DATA/KSpec/KSPEC_ICS/GFA/Simul/kspec_gfa_controller/src/img/astroimg/
2025-08-08 09:47:30,248 [DEBUG] Cutout dir: /media/shyunc/DATA/KSpec/KSPEC_ICS/GFA/Simul/kspec_gfa_controller/src/img/cutout
2025-08-08 09:47:30,248 [INFO] GFAGuider setup complete.
2025-08-08 09:47:30,248 [INFO] Initialized GFAEnvironment with role 'finder' and cameras [7]
2025-08-08 10:13:59,644 [INFO] Starting guiding sequence...
2025-08-08 10:13:59,645 [INFO] Grabbing raw image...
2025-08-08 10:14:04,646 [INFO] Running astrometry preprocessing...
2025-08-08 10:14:04,647 [INFO] Executing guider offset calculation...
2025-08-08 10:14:04,648 [INFO] Clearing temp astrometry data...
2025-08-08 10:14:04,648 [INFO] Deleting raw and processed files.
2025-08-08 10:14:04,650 [INFO] Deleted 0 files in directory: /media/shyunc/DATA/KSpec/KSPEC_ICS/GFA/Simul/kspec_gfa_controller/src/img/raw
2025-08-08 10:14:04,652 [INFO] Deleted 0 files in directory: /media/shyunc/DATA/KSpec/KSPEC_ICS/GFA/Simul/kspec_gfa_controller/src/img/procimg
2025-08-08 10:14:04,653 [INFO] Deleted 0 raw files and 0 processed files.
2025-08-08 10:14:34,657 [INFO] Starting guiding sequence...
2025-08-08 10:14:34,659 [INFO] Grabbing raw image...
2025-08-08 10:14:39,659 [INFO] Running astrometry preprocessing...
2025-08-08 10:14:39,660 [INFO] Executing guider offset calculation...
2025-08-08 10:14:39,660 [INFO] Clearing temp astrometry data...
2025-08-08 10:14:39,660 [INFO] Deleting raw and processed files.
2025-08-08 10:14:39,660 [INFO] Deleted 0 files in directory: /media/shyunc/DATA/KSpec/KSPEC_ICS/GFA/Simul/kspec_gfa_controller/src/img/raw
2025-08-08 10:14:39,661 [INFO] Deleted 0 files in directory: /media/shyunc/DATA/KSpec/KSPEC_ICS/GFA/Simul/kspec_gfa_controller/src/img/procimg
2025-08-08 10:14:39,661 [INFO] Deleted 0 raw files and 0 processed files.
2025-08-08 10:15:09,663 [INFO] Starting guiding sequence...
2025-08-08 10:15:09,665 [INFO] Grabbing raw image...
2025-08-08 10:15:14,666 [INFO] Running astrometry preprocessing...
2025-08-08 10:15:14,667 [INFO] Executing guider offset calculation...
2025-08-08 10:15:14,668 [INFO] Clearing temp astrometry data...
2025-08-08 10:15:14,668 [INFO] Deleting raw and processed files.
2025-08-08 10:15:14,669 [INFO] Deleted 0 files in directory: /media/shyunc/DATA/KSpec/KSPEC_ICS/GFA/Simul/kspec_gfa_controller/src/img/raw
2025-08-08 10:15:14,669 [INFO] Deleted 0 files in directory: /media/shyunc/DATA/KSpec/KSPEC_ICS/GFA/Simul/kspec_gfa_controller/src/img/procimg
2025-08-08 10:15:14,669 [INFO] Deleted 0 raw files and 0 processed files.
2025-08-08 10:15:44,673 [INFO] Starting guiding sequence...
2025-08-08 10:15:44,674 [INFO] Grabbing raw image...
2025-08-08 10:15:49,675 [INFO] Running astrometry preprocessing...
2025-08-08 10:15:49,676 [INFO] Executing guider offset calculation...
2025-08-08 10:15:49,677 [INFO] Clearing temp astrometry data...
2025-08-08 10:15:49,678 [INFO] Deleting raw and processed files.
2025-08-08 10:15:49,679 [INFO] Deleted 0 files in directory: /media/shyunc/DATA/KSpec/KSPEC_ICS/GFA/Simul/kspec_gfa_controller/src/img/raw
2025-08-08 10:15:49,680 [INFO] Deleted 0 files in directory: /media/shyunc/DATA/KSpec/KSPEC_ICS/GFA/Simul/kspec_gfa_controller/src/img/procimg
2025-08-08 10:15:49,680 [INFO] Deleted 0 raw files and 0 processed files.
2025-08-08 10:16:19,682 [INFO] Starting guiding sequence...
2025-08-08 10:16:19,683 [INFO] Grabbing raw image...
2025-08-08 10:16:24,684 [INFO] Running astrometry preprocessing...
2025-08-08 10:16:24,685 [INFO] Executing guider offset calculation...
2025-08-08 10:16:24,686 [INFO] Clearing temp astrometry data...
2025-08-08 10:16:24,687 [INFO] Deleting raw and processed files.
2025-08-08 10:16:24,688 [INFO] Deleted 0 files in directory: /media/shyunc/DATA/KSpec/KSPEC_ICS/GFA/Simul/kspec_gfa_controller/src/img/raw
2025-08-08 10:16:24,689 [INFO] Deleted 0 files in directory: /media/shyunc/DATA/KSpec/KSPEC_ICS/GFA/Simul/kspec_gfa_controller/src/img/procimg
2025-08-08 10:16:24,689 [INFO] Deleted 0 raw files and 0 processed files.
2025-08-08 10:33:11,664 [INFO] Initialized GFAEnvironment with role 'plate' and cameras [1, 2, 3, 4, 5, 6]
2025-08-08 10:33:11,664 [INFO] Initializing gfa_astrometry class.
2025-08-08 10:33:11,665 [INFO] Initializing GFAGuider...
2025-08-08 10:33:11,665 [DEBUG] Processed dir: /media/shyunc/DATA/KSpec/KSPEC_ICS/GFA/Simul/kspec_gfa_controller/src/img/procimg
2025-08-08 10:33:11,665 [DEBUG] Final astro dir: /media/shyunc/DATA/KSpec/KSPEC_ICS/GFA/Simul/kspec_gfa_controller/src/img/astroimg/
2025-08-08 10:33:11,665 [DEBUG] Cutout dir: /media/shyunc/DATA/KSpec/KSPEC_ICS/GFA/Simul/kspec_gfa_controller/src/img/cutout
2025-08-08 10:33:11,665 [INFO] GFAGuider setup complete.
2025-08-08 10:33:11,665 [INFO] Initialized GFAEnvironment with role 'finder' and cameras [7]
2025-08-08 10:37:34,013 [INFO] Starting guiding sequence...
2025-08-08 10:37:34,014 [INFO] Grabbing raw image...
2025-08-08 10:37:39,016 [INFO] Running astrometry preprocessing...
2025-08-08 10:37:39,017 [INFO] Executing guider offset calculation...
2025-08-08 10:37:39,017 [INFO] Clearing temp astrometry data...
2025-08-08 10:37:39,018 [INFO] Deleting raw and processed files.
2025-08-08 10:37:39,020 [INFO] Deleted 0 files in directory: /media/shyunc/DATA/KSpec/KSPEC_ICS/GFA/Simul/kspec_gfa_controller/src/img/raw
2025-08-08 10:37:39,020 [INFO] Deleted 0 files in directory: /media/shyunc/DATA/KSpec/KSPEC_ICS/GFA/Simul/kspec_gfa_controller/src/img/procimg
2025-08-08 10:37:39,020 [INFO] Deleted 0 raw files and 0 processed files.
2025-08-08 10:54:11,084 [INFO] Starting guiding sequence...
2025-08-08 10:54:11,112 [INFO] Grabbing raw image...
2025-08-08 10:54:16,114 [INFO] Running astrometry preprocessing...
2025-08-08 10:54:16,115 [INFO] Executing guider offset calculation...
2025-08-08 10:54:16,115 [INFO] Clearing temp astrometry data...
2025-08-08 10:54:16,116 [INFO] Deleting raw and processed files.
2025-08-08 10:54:16,117 [INFO] Deleted 0 files in directory: /media/shyunc/DATA/KSpec/KSPEC_ICS/GFA/Simul/kspec_gfa_controller/src/img/raw
2025-08-08 10:54:16,118 [INFO] Deleted 0 files in directory: /media/shyunc/DATA/KSpec/KSPEC_ICS/GFA/Simul/kspec_gfa_controller/src/img/procimg
2025-08-08 10:54:16,118 [INFO] Deleted 0 raw files and 0 processed files.
2025-08-08 10:54:46,121 [INFO] Starting guiding sequence...
2025-08-08 10:54:46,122 [INFO] Grabbing raw image...
2025-08-08 10:54:51,125 [INFO] Running astrometry preprocessing...
2025-08-08 10:54:51,125 [INFO] Executing guider offset calculation...
2025-08-08 10:54:51,125 [INFO] Clearing temp astrometry data...
2025-08-08 10:54:51,125 [INFO] Deleting raw and processed files.
2025-08-08 10:54:51,125 [INFO] Deleted 0 files in directory: /media/shyunc/DATA/KSpec/KSPEC_ICS/GFA/Simul/kspec_gfa_controller/src/img/raw
2025-08-08 10:54:51,125 [INFO] Deleted 0 files in directory: /media/shyunc/DATA/KSpec/KSPEC_ICS/GFA/Simul/kspec_gfa_controller/src/img/procimg
2025-08-08 10:54:51,125 [INFO] Deleted 0 raw files and 0 processed files.
2025-08-08 10:55:21,128 [INFO] Starting guiding sequence...
2025-08-08 10:55:21,129 [INFO] Grabbing raw image...
2025-08-08 10:55:26,130 [INFO] Running astrometry preprocessing...
2025-08-08 10:55:26,131 [INFO] Executing guider offset calculation...
2025-08-08 10:55:26,131 [INFO] Clearing temp astrometry data...
2025-08-08 10:55:26,131 [INFO] Deleting raw and processed files.
2025-08-08 10:55:26,132 [INFO] Deleted 0 files in directory: /media/shyunc/DATA/KSpec/KSPEC_ICS/GFA/Simul/kspec_gfa_controller/src/img/raw
2025-08-08 10:55:26,132 [INFO] Deleted 0 files in directory: /media/shyunc/DATA/KSpec/KSPEC_ICS/GFA/Simul/kspec_gfa_controller/src/img/procimg
2025-08-08 10:55:26,132 [INFO] Deleted 0 raw files and 0 processed files.
2025-08-08 10:55:56,134 [INFO] Starting guiding sequence...
2025-08-08 10:55:56,137 [INFO] Grabbing raw image...
2025-08-08 10:56:01,139 [INFO] Running astrometry preprocessing...
2025-08-08 10:56:01,140 [INFO] Executing guider offset calculation...
2025-08-08 10:56:01,140 [INFO] Clearing temp astrometry data...
2025-08-08 10:56:01,141 [INFO] Deleting raw and processed files.
2025-08-08 10:56:01,143 [INFO] Deleted 0 files in directory: /media/shyunc/DATA/KSpec/KSPEC_ICS/GFA/Simul/kspec_gfa_controller/src/img/raw
2025-08-08 10:56:01,143 [INFO] Deleted 0 files in directory: /media/shyunc/DATA/KSpec/KSPEC_ICS/GFA/Simul/kspec_gfa_controller/src/img/procimg
2025-08-08 10:56:01,144 [INFO] Deleted 0 raw files and 0 processed files.
2025-08-08 10:56:31,146 [INFO] Starting guiding sequence...
2025-08-08 10:56:31,148 [INFO] Grabbing raw image...
2025-08-08 10:56:36,150 [INFO] Running astrometry preprocessing...
2025-08-08 10:56:36,151 [INFO] Executing guider offset calculation...
2025-08-08 10:56:36,152 [INFO] Clearing temp astrometry data...
2025-08-08 10:56:36,153 [INFO] Deleting raw and processed files.
2025-08-08 10:56:36,154 [INFO] Deleted 0 files in directory: /media/shyunc/DATA/KSpec/KSPEC_ICS/GFA/Simul/kspec_gfa_controller/src/img/raw
2025-08-08 10:56:36,155 [INFO] Deleted 0 files in directory: /media/shyunc/DATA/KSpec/KSPEC_ICS/GFA/Simul/kspec_gfa_controller/src/img/procimg
2025-08-08 10:56:36,155 [INFO] Deleted 0 raw files and 0 processed files.
2025-08-08 10:58:22,465 [INFO] Starting guiding sequence...
2025-08-08 10:58:22,466 [INFO] Grabbing raw image...
2025-08-08 10:58:27,466 [INFO] Running astrometry preprocessing...
2025-08-08 10:58:27,467 [INFO] Executing guider offset calculation...
2025-08-08 10:58:27,467 [INFO] Clearing temp astrometry data...
2025-08-08 10:58:27,468 [INFO] Deleting raw and processed files.
2025-08-08 10:58:27,470 [INFO] Deleted 0 files in directory: /media/shyunc/DATA/KSpec/KSPEC_ICS/GFA/Simul/kspec_gfa_controller/src/img/raw
2025-08-08 10:58:27,470 [INFO] Deleted 0 files in directory: /media/shyunc/DATA/KSpec/KSPEC_ICS/GFA/Simul/kspec_gfa_controller/src/img/procimg
2025-08-08 10:58:27,470 [INFO] Deleted 0 raw files and 0 processed files.
2025-08-08 10:58:57,474 [INFO] Starting guiding sequence...
2025-08-08 10:58:57,476 [INFO] Grabbing raw image...
2025-08-08 10:59:02,478 [INFO] Running astrometry preprocessing...
2025-08-08 10:59:02,479 [INFO] Executing guider offset calculation...
2025-08-08 10:59:02,479 [INFO] Clearing temp astrometry data...
2025-08-08 10:59:02,480 [INFO] Deleting raw and processed files.
2025-08-08 10:59:02,481 [INFO] Deleted 0 files in directory: /media/shyunc/DATA/KSpec/KSPEC_ICS/GFA/Simul/kspec_gfa_controller/src/img/raw
2025-08-08 10:59:02,482 [INFO] Deleted 0 files in directory: /media/shyunc/DATA/KSpec/KSPEC_ICS/GFA/Simul/kspec_gfa_controller/src/img/procimg
2025-08-08 10:59:02,482 [INFO] Deleted 0 raw files and 0 processed files.
2025-08-08 10:59:32,487 [INFO] Starting guiding sequence...
2025-08-08 10:59:32,488 [INFO] Grabbing raw image...
2025-08-08 10:59:37,490 [INFO] Running astrometry preprocessing...
2025-08-08 10:59:37,490 [INFO] Executing guider offset calculation...
2025-08-08 10:59:37,491 [INFO] Clearing temp astrometry data...
2025-08-08 10:59:37,491 [INFO] Deleting raw and processed files.
2025-08-08 10:59:37,492 [INFO] Deleted 0 files in directory: /media/shyunc/DATA/KSpec/KSPEC_ICS/GFA/Simul/kspec_gfa_controller/src/img/raw
2025-08-08 10:59:37,493 [INFO] Deleted 0 files in directory: /media/shyunc/DATA/KSpec/KSPEC_ICS/GFA/Simul/kspec_gfa_controller/src/img/procimg
2025-08-08 10:59:37,493 [INFO] Deleted 0 raw files and 0 processed files.
2025-08-08 11:00:07,498 [INFO] Starting guiding sequence...
2025-08-08 11:00:07,499 [INFO] Grabbing raw image...
2025-08-08 11:00:12,501 [INFO] Running astrometry preprocessing...
2025-08-08 11:00:12,502 [INFO] Executing guider offset calculation...
2025-08-08 11:00:12,503 [INFO] Clearing temp astrometry data...
2025-08-08 11:00:12,504 [INFO] Deleting raw and processed files.
2025-08-08 11:00:12,505 [INFO] Deleted 0 files in directory: /media/shyunc/DATA/KSpec/KSPEC_ICS/GFA/Simul/kspec_gfa_controller/src/img/raw
2025-08-08 11:00:12,505 [INFO] Deleted 0 files in directory: /media/shyunc/DATA/KSpec/KSPEC_ICS/GFA/Simul/kspec_gfa_controller/src/img/procimg
2025-08-08 11:00:12,506 [INFO] Deleted 0 raw files and 0 processed files.
2025-08-08 11:00:42,509 [INFO] Starting guiding sequence...
2025-08-08 11:00:42,511 [INFO] Grabbing raw image...
2025-08-08 11:00:47,513 [INFO] Running astrometry preprocessing...
2025-08-08 11:00:47,514 [INFO] Executing guider offset calculation...
2025-08-08 11:00:47,515 [INFO] Clearing temp astrometry data...
2025-08-08 11:00:47,516 [INFO] Deleting raw and processed files.
2025-08-08 11:00:47,517 [INFO] Deleted 0 files in directory: /media/shyunc/DATA/KSpec/KSPEC_ICS/GFA/Simul/kspec_gfa_controller/src/img/raw
2025-08-08 11:00:47,518 [INFO] Deleted 0 files in directory: /media/shyunc/DATA/KSpec/KSPEC_ICS/GFA/Simul/kspec_gfa_controller/src/img/procimg
2025-08-08 11:00:47,518 [INFO] Deleted 0 raw files and 0 processed files.
2025-08-08 11:10:01,189 [INFO] Starting guiding sequence...
2025-08-08 11:10:01,190 [INFO] Grabbing raw image...
2025-08-08 11:10:06,192 [INFO] Running astrometry preprocessing...
2025-08-08 11:10:06,193 [INFO] Executing guider offset calculation...
2025-08-08 11:10:06,194 [INFO] Clearing temp astrometry data...
2025-08-08 11:10:06,194 [INFO] Deleting raw and processed files.
2025-08-08 11:10:06,196 [INFO] Deleted 0 files in directory: /media/shyunc/DATA/KSpec/KSPEC_ICS/GFA/Simul/kspec_gfa_controller/src/img/raw
2025-08-08 11:10:06,196 [INFO] Deleted 0 files in directory: /media/shyunc/DATA/KSpec/KSPEC_ICS/GFA/Simul/kspec_gfa_controller/src/img/procimg
2025-08-08 11:10:06,196 [INFO] Deleted 0 raw files and 0 processed files.
2025-08-08 11:10:36,200 [INFO] Starting guiding sequence...
2025-08-08 11:10:36,202 [INFO] Grabbing raw image...
2025-08-08 11:10:41,204 [INFO] Running astrometry preprocessing...
2025-08-08 11:10:41,204 [INFO] Executing guider offset calculation...
2025-08-08 11:10:41,205 [INFO] Clearing temp astrometry data...
2025-08-08 11:10:41,206 [INFO] Deleting raw and processed files.
2025-08-08 11:10:41,207 [INFO] Deleted 0 files in directory: /media/shyunc/DATA/KSpec/KSPEC_ICS/GFA/Simul/kspec_gfa_controller/src/img/raw
2025-08-08 11:10:41,208 [INFO] Deleted 0 files in directory: /media/shyunc/DATA/KSpec/KSPEC_ICS/GFA/Simul/kspec_gfa_controller/src/img/procimg
2025-08-08 11:10:41,208 [INFO] Deleted 0 raw files and 0 processed files.
2025-08-08 11:11:11,212 [INFO] Starting guiding sequence...
2025-08-08 11:11:11,215 [INFO] Grabbing raw image...
2025-08-08 11:11:16,217 [INFO] Running astrometry preprocessing...
2025-08-08 11:11:16,217 [INFO] Executing guider offset calculation...
2025-08-08 11:11:16,218 [INFO] Clearing temp astrometry data...
2025-08-08 11:11:16,219 [INFO] Deleting raw and processed files.
2025-08-08 11:11:16,220 [INFO] Deleted 0 files in directory: /media/shyunc/DATA/KSpec/KSPEC_ICS/GFA/Simul/kspec_gfa_controller/src/img/raw
2025-08-08 11:11:16,221 [INFO] Deleted 0 files in directory: /media/shyunc/DATA/KSpec/KSPEC_ICS/GFA/Simul/kspec_gfa_controller/src/img/procimg
2025-08-08 11:11:16,221 [INFO] Deleted 0 raw files and 0 processed files.
2025-08-08 11:11:46,225 [INFO] Starting guiding sequence...
2025-08-08 11:11:46,227 [INFO] Grabbing raw image...
2025-08-08 11:11:51,228 [INFO] Running astrometry preprocessing...
2025-08-08 11:11:51,229 [INFO] Executing guider offset calculation...
2025-08-08 11:11:51,230 [INFO] Clearing temp astrometry data...
2025-08-08 11:11:51,231 [INFO] Deleting raw and processed files.
2025-08-08 11:11:51,232 [INFO] Deleted 0 files in directory: /media/shyunc/DATA/KSpec/KSPEC_ICS/GFA/Simul/kspec_gfa_controller/src/img/raw
2025-08-08 11:11:51,232 [INFO] Deleted 0 files in directory: /media/shyunc/DATA/KSpec/KSPEC_ICS/GFA/Simul/kspec_gfa_controller/src/img/procimg
2025-08-08 11:11:51,233 [INFO] Deleted 0 raw files and 0 processed files.
2025-08-08 11:12:21,238 [INFO] Starting guiding sequence...
2025-08-08 11:12:21,239 [INFO] Grabbing raw image...
2025-08-08 11:12:26,242 [INFO] Running astrometry preprocessing...
2025-08-08 11:12:26,243 [INFO] Executing guider offset calculation...
2025-08-08 11:12:26,243 [INFO] Clearing temp astrometry data...
2025-08-08 11:12:26,244 [INFO] Deleting raw and processed files.
2025-08-08 11:12:26,245 [INFO] Deleted 0 files in directory: /media/shyunc/DATA/KSpec/KSPEC_ICS/GFA/Simul/kspec_gfa_controller/src/img/raw
2025-08-08 11:12:26,246 [INFO] Deleted 0 files in directory: /media/shyunc/DATA/KSpec/KSPEC_ICS/GFA/Simul/kspec_gfa_controller/src/img/procimg
2025-08-08 11:12:26,246 [INFO] Deleted 0 raw files and 0 processed files.
2025-08-08 11:36:54,973 [INFO] Starting guiding sequence...
2025-08-08 11:36:54,975 [INFO] Grabbing raw image...
2025-08-08 11:36:59,977 [INFO] Running astrometry preprocessing...
2025-08-08 11:36:59,978 [INFO] Executing guider offset calculation...
2025-08-08 11:36:59,978 [INFO] Clearing temp astrometry data...
2025-08-08 11:36:59,979 [INFO] Deleting raw and processed files.
2025-08-08 11:36:59,980 [INFO] Deleted 0 files in directory: /media/shyunc/DATA/KSpec/KSPEC_ICS/GFA/Simul/kspec_gfa_controller/src/img/raw
2025-08-08 11:36:59,981 [INFO] Deleted 0 files in directory: /media/shyunc/DATA/KSpec/KSPEC_ICS/GFA/Simul/kspec_gfa_controller/src/img/procimg
2025-08-08 11:36:59,981 [INFO] Deleted 0 raw files and 0 processed files.
2025-08-08 11:37:29,984 [INFO] Starting guiding sequence...
2025-08-08 11:37:29,986 [INFO] Grabbing raw image...
2025-08-08 11:37:34,988 [INFO] Running astrometry preprocessing...
2025-08-08 11:37:34,989 [INFO] Executing guider offset calculation...
2025-08-08 11:37:34,989 [INFO] Clearing temp astrometry data...
2025-08-08 11:37:34,990 [INFO] Deleting raw and processed files.
2025-08-08 11:37:34,991 [INFO] Deleted 0 files in directory: /media/shyunc/DATA/KSpec/KSPEC_ICS/GFA/Simul/kspec_gfa_controller/src/img/raw
2025-08-08 11:37:34,992 [INFO] Deleted 0 files in directory: /media/shyunc/DATA/KSpec/KSPEC_ICS/GFA/Simul/kspec_gfa_controller/src/img/procimg
2025-08-08 11:37:34,992 [INFO] Deleted 0 raw files and 0 processed files.
2025-08-08 11:38:04,996 [INFO] Starting guiding sequence...
2025-08-08 11:38:04,998 [INFO] Grabbing raw image...
2025-08-08 11:38:10,000 [INFO] Running astrometry preprocessing...
2025-08-08 11:38:10,001 [INFO] Executing guider offset calculation...
2025-08-08 11:38:10,001 [INFO] Clearing temp astrometry data...
2025-08-08 11:38:10,002 [INFO] Deleting raw and processed files.
2025-08-08 11:38:10,004 [INFO] Deleted 0 files in directory: /media/shyunc/DATA/KSpec/KSPEC_ICS/GFA/Simul/kspec_gfa_controller/src/img/raw
2025-08-08 11:38:10,005 [INFO] Deleted 0 files in directory: /media/shyunc/DATA/KSpec/KSPEC_ICS/GFA/Simul/kspec_gfa_controller/src/img/procimg
2025-08-08 11:38:10,005 [INFO] Deleted 0 raw files and 0 processed files.
2025-08-08 11:38:40,008 [INFO] Starting guiding sequence...
2025-08-08 11:38:40,011 [INFO] Grabbing raw image...
2025-08-08 11:38:45,012 [INFO] Running astrometry preprocessing...
2025-08-08 11:38:45,013 [INFO] Executing guider offset calculation...
2025-08-08 11:38:45,014 [INFO] Clearing temp astrometry data...
2025-08-08 11:38:45,015 [INFO] Deleting raw and processed files.
2025-08-08 11:38:45,016 [INFO] Deleted 0 files in directory: /media/shyunc/DATA/KSpec/KSPEC_ICS/GFA/Simul/kspec_gfa_controller/src/img/raw
2025-08-08 11:38:45,017 [INFO] Deleted 0 files in directory: /media/shyunc/DATA/KSpec/KSPEC_ICS/GFA/Simul/kspec_gfa_controller/src/img/procimg
2025-08-08 11:38:45,017 [INFO] Deleted 0 raw files and 0 processed files.
2025-08-08 11:39:15,020 [INFO] Starting guiding sequence...
2025-08-08 11:39:15,021 [INFO] Grabbing raw image...
2025-08-08 11:39:20,023 [INFO] Running astrometry preprocessing...
2025-08-08 11:39:20,024 [INFO] Executing guider offset calculation...
2025-08-08 11:39:20,025 [INFO] Clearing temp astrometry data...
2025-08-08 11:39:20,026 [INFO] Deleting raw and processed files.
2025-08-08 11:39:20,027 [INFO] Deleted 0 files in directory: /media/shyunc/DATA/KSpec/KSPEC_ICS/GFA/Simul/kspec_gfa_controller/src/img/raw
2025-08-08 11:39:20,028 [INFO] Deleted 0 files in directory: /media/shyunc/DATA/KSpec/KSPEC_ICS/GFA/Simul/kspec_gfa_controller/src/img/procimg
2025-08-08 11:39:20,028 [INFO] Deleted 0 raw files and 0 processed files.
2025-08-08 12:57:37,145 [INFO] Initialized GFAEnvironment with role 'plate' and cameras [1, 2, 3, 4, 5, 6]
2025-08-08 12:57:37,145 [INFO] Initializing gfa_astrometry class.
2025-08-08 12:57:37,145 [INFO] Initializing GFAGuider...
2025-08-08 12:57:37,145 [DEBUG] Processed dir: /media/shyunc/DATA/KSpec/KSPEC_ICS/GFA/Simul/kspec_gfa_controller/src/img/procimg
2025-08-08 12:57:37,145 [DEBUG] Final astro dir: /media/shyunc/DATA/KSpec/KSPEC_ICS/GFA/Simul/kspec_gfa_controller/src/img/astroimg/
2025-08-08 12:57:37,145 [DEBUG] Cutout dir: /media/shyunc/DATA/KSpec/KSPEC_ICS/GFA/Simul/kspec_gfa_controller/src/img/cutout
2025-08-08 12:57:37,145 [INFO] GFAGuider setup complete.
2025-08-08 12:57:37,145 [INFO] Initialized GFAEnvironment with role 'finder' and cameras [7]
2025-08-08 12:59:33,465 [INFO] Starting guiding sequence...
2025-08-08 12:59:33,465 [INFO] Grabbing raw image...
2025-08-08 12:59:38,467 [INFO] Running astrometry preprocessing...
2025-08-08 12:59:38,468 [INFO] Executing guider offset calculation...
2025-08-08 12:59:38,468 [INFO] Clearing temp astrometry data...
2025-08-08 12:59:38,469 [INFO] Deleting raw and processed files.
2025-08-08 12:59:38,470 [INFO] Deleted 0 files in directory: /media/shyunc/DATA/KSpec/KSPEC_ICS/GFA/Simul/kspec_gfa_controller/src/img/raw
2025-08-08 12:59:38,471 [INFO] Deleted 0 files in directory: /media/shyunc/DATA/KSpec/KSPEC_ICS/GFA/Simul/kspec_gfa_controller/src/img/procimg
2025-08-08 12:59:38,471 [INFO] Deleted 0 raw files and 0 processed files.
2025-08-08 13:00:08,475 [INFO] Starting guiding sequence...
2025-08-08 13:00:08,477 [INFO] Grabbing raw image...
2025-08-08 13:00:13,478 [INFO] Running astrometry preprocessing...
2025-08-08 13:00:13,479 [INFO] Executing guider offset calculation...
2025-08-08 13:00:13,480 [INFO] Clearing temp astrometry data...
2025-08-08 13:00:13,481 [INFO] Deleting raw and processed files.
2025-08-08 13:00:13,482 [INFO] Deleted 0 files in directory: /media/shyunc/DATA/KSpec/KSPEC_ICS/GFA/Simul/kspec_gfa_controller/src/img/raw
2025-08-08 13:00:13,482 [INFO] Deleted 0 files in directory: /media/shyunc/DATA/KSpec/KSPEC_ICS/GFA/Simul/kspec_gfa_controller/src/img/procimg
2025-08-08 13:00:13,483 [INFO] Deleted 0 raw files and 0 processed files.
2025-08-08 13:00:43,487 [INFO] Starting guiding sequence...
2025-08-08 13:00:43,489 [INFO] Grabbing raw image...
2025-08-08 13:00:48,492 [INFO] Running astrometry preprocessing...
2025-08-08 13:00:48,492 [INFO] Executing guider offset calculation...
2025-08-08 13:00:48,493 [INFO] Clearing temp astrometry data...
2025-08-08 13:00:48,493 [INFO] Deleting raw and processed files.
2025-08-08 13:00:48,495 [INFO] Deleted 0 files in directory: /media/shyunc/DATA/KSpec/KSPEC_ICS/GFA/Simul/kspec_gfa_controller/src/img/raw
2025-08-08 13:00:48,496 [INFO] Deleted 0 files in directory: /media/shyunc/DATA/KSpec/KSPEC_ICS/GFA/Simul/kspec_gfa_controller/src/img/procimg
2025-08-08 13:00:48,496 [INFO] Deleted 0 raw files and 0 processed files.
2025-08-08 13:01:18,499 [INFO] Starting guiding sequence...
2025-08-08 13:01:18,499 [INFO] Grabbing raw image...
2025-08-08 13:01:23,501 [INFO] Running astrometry preprocessing...
2025-08-08 13:01:23,502 [INFO] Executing guider offset calculation...
2025-08-08 13:01:23,503 [INFO] Clearing temp astrometry data...
2025-08-08 13:01:23,503 [INFO] Deleting raw and processed files.
2025-08-08 13:01:23,505 [INFO] Deleted 0 files in directory: /media/shyunc/DATA/KSpec/KSPEC_ICS/GFA/Simul/kspec_gfa_controller/src/img/raw
2025-08-08 13:01:23,505 [INFO] Deleted 0 files in directory: /media/shyunc/DATA/KSpec/KSPEC_ICS/GFA/Simul/kspec_gfa_controller/src/img/procimg
2025-08-08 13:01:23,505 [INFO] Deleted 0 raw files and 0 processed files.
2025-08-08 13:01:53,509 [INFO] Starting guiding sequence...
2025-08-08 13:01:53,511 [INFO] Grabbing raw image...
2025-08-08 13:01:58,512 [INFO] Running astrometry preprocessing...
2025-08-08 13:01:58,513 [INFO] Executing guider offset calculation...
2025-08-08 13:01:58,513 [INFO] Clearing temp astrometry data...
2025-08-08 13:01:58,514 [INFO] Deleting raw and processed files.
2025-08-08 13:01:58,515 [INFO] Deleted 0 files in directory: /media/shyunc/DATA/KSpec/KSPEC_ICS/GFA/Simul/kspec_gfa_controller/src/img/raw
2025-08-08 13:01:58,516 [INFO] Deleted 0 files in directory: /media/shyunc/DATA/KSpec/KSPEC_ICS/GFA/Simul/kspec_gfa_controller/src/img/procimg
2025-08-08 13:01:58,516 [INFO] Deleted 0 raw files and 0 processed files.
2025-08-08 14:21:25,329 [INFO] Initialized GFAEnvironment with role 'plate' and cameras [1, 2, 3, 4, 5, 6]
2025-08-08 14:21:25,329 [INFO] Initializing gfa_astrometry class.
2025-08-08 14:21:25,330 [INFO] Initializing GFAGuider...
2025-08-08 14:21:25,330 [DEBUG] Processed dir: /media/shyunc/DATA/KSpec/KSPEC_ICS/GFA/Simul/kspec_gfa_controller/src/img/procimg
2025-08-08 14:21:25,330 [DEBUG] Final astro dir: /media/shyunc/DATA/KSpec/KSPEC_ICS/GFA/Simul/kspec_gfa_controller/src/img/astroimg/
2025-08-08 14:21:25,330 [DEBUG] Cutout dir: /media/shyunc/DATA/KSpec/KSPEC_ICS/GFA/Simul/kspec_gfa_controller/src/img/cutout
2025-08-08 14:21:25,330 [INFO] GFAGuider setup complete.
2025-08-08 14:21:25,330 [INFO] Initialized GFAEnvironment with role 'finder' and cameras [7]
2025-08-08 14:22:11,237 [INFO] Starting guiding sequence...
2025-08-08 14:22:11,237 [INFO] Grabbing raw image...
2025-08-08 14:22:16,239 [INFO] Running astrometry preprocessing...
2025-08-08 14:22:16,239 [INFO] Executing guider offset calculation...
2025-08-08 14:22:16,240 [INFO] Clearing temp astrometry data...
2025-08-08 14:22:16,241 [INFO] Deleting raw and processed files.
2025-08-08 14:22:16,242 [INFO] Deleted 0 files in directory: /media/shyunc/DATA/KSpec/KSPEC_ICS/GFA/Simul/kspec_gfa_controller/src/img/raw
2025-08-08 14:22:16,243 [INFO] Deleted 0 files in directory: /media/shyunc/DATA/KSpec/KSPEC_ICS/GFA/Simul/kspec_gfa_controller/src/img/procimg
2025-08-08 14:22:16,243 [INFO] Deleted 0 raw files and 0 processed files.
2025-08-08 14:22:46,247 [INFO] Starting guiding sequence...
2025-08-08 14:22:46,249 [INFO] Grabbing raw image...
2025-08-08 14:22:51,252 [INFO] Running astrometry preprocessing...
2025-08-08 14:22:51,253 [INFO] Executing guider offset calculation...
2025-08-08 14:22:51,253 [INFO] Clearing temp astrometry data...
2025-08-08 14:22:51,254 [INFO] Deleting raw and processed files.
2025-08-08 14:22:51,256 [INFO] Deleted 0 files in directory: /media/shyunc/DATA/KSpec/KSPEC_ICS/GFA/Simul/kspec_gfa_controller/src/img/raw
2025-08-08 14:22:51,256 [INFO] Deleted 0 files in directory: /media/shyunc/DATA/KSpec/KSPEC_ICS/GFA/Simul/kspec_gfa_controller/src/img/procimg
2025-08-08 14:22:51,256 [INFO] Deleted 0 raw files and 0 processed files.
2025-08-08 14:23:21,260 [INFO] Starting guiding sequence...
2025-08-08 14:23:21,262 [INFO] Grabbing raw image...
2025-08-08 14:23:26,264 [INFO] Running astrometry preprocessing...
2025-08-08 14:23:26,264 [INFO] Executing guider offset calculation...
2025-08-08 14:23:26,265 [INFO] Clearing temp astrometry data...
2025-08-08 14:23:26,266 [INFO] Deleting raw and processed files.
2025-08-08 14:23:26,267 [INFO] Deleted 0 files in directory: /media/shyunc/DATA/KSpec/KSPEC_ICS/GFA/Simul/kspec_gfa_controller/src/img/raw
2025-08-08 14:23:26,268 [INFO] Deleted 0 files in directory: /media/shyunc/DATA/KSpec/KSPEC_ICS/GFA/Simul/kspec_gfa_controller/src/img/procimg
2025-08-08 14:23:26,268 [INFO] Deleted 0 raw files and 0 processed files.
2025-08-08 14:23:56,271 [INFO] Starting guiding sequence...
2025-08-08 14:23:56,273 [INFO] Grabbing raw image...
2025-08-08 14:24:01,276 [INFO] Running astrometry preprocessing...
2025-08-08 14:24:01,276 [INFO] Executing guider offset calculation...
2025-08-08 14:24:01,277 [INFO] Clearing temp astrometry data...
2025-08-08 14:24:01,278 [INFO] Deleting raw and processed files.
2025-08-08 14:24:01,279 [INFO] Deleted 0 files in directory: /media/shyunc/DATA/KSpec/KSPEC_ICS/GFA/Simul/kspec_gfa_controller/src/img/raw
2025-08-08 14:24:01,279 [INFO] Deleted 0 files in directory: /media/shyunc/DATA/KSpec/KSPEC_ICS/GFA/Simul/kspec_gfa_controller/src/img/procimg
2025-08-08 14:24:01,280 [INFO] Deleted 0 raw files and 0 processed files.
2025-08-08 14:24:31,283 [INFO] Starting guiding sequence...
2025-08-08 14:24:31,285 [INFO] Grabbing raw image...
2025-08-08 14:24:36,286 [INFO] Running astrometry preprocessing...
2025-08-08 14:24:36,287 [INFO] Executing guider offset calculation...
2025-08-08 14:24:36,288 [INFO] Clearing temp astrometry data...
2025-08-08 14:24:36,289 [INFO] Deleting raw and processed files.
2025-08-08 14:24:36,290 [INFO] Deleted 0 files in directory: /media/shyunc/DATA/KSpec/KSPEC_ICS/GFA/Simul/kspec_gfa_controller/src/img/raw
2025-08-08 14:24:36,291 [INFO] Deleted 0 files in directory: /media/shyunc/DATA/KSpec/KSPEC_ICS/GFA/Simul/kspec_gfa_controller/src/img/procimg
2025-08-08 14:24:36,291 [INFO] Deleted 0 raw files and 0 processed files.
2025-08-08 14:25:06,295 [INFO] Starting guiding sequence...
2025-08-08 14:25:06,297 [INFO] Grabbing raw image...
2025-08-08 14:25:11,299 [INFO] Running astrometry preprocessing...
2025-08-08 14:25:11,299 [INFO] Executing guider offset calculation...
2025-08-08 14:25:11,300 [INFO] Clearing temp astrometry data...
2025-08-08 14:25:11,301 [INFO] Deleting raw and processed files.
2025-08-08 14:25:11,302 [INFO] Deleted 0 files in directory: /media/shyunc/DATA/KSpec/KSPEC_ICS/GFA/Simul/kspec_gfa_controller/src/img/raw
2025-08-08 14:25:11,303 [INFO] Deleted 0 files in directory: /media/shyunc/DATA/KSpec/KSPEC_ICS/GFA/Simul/kspec_gfa_controller/src/img/procimg
2025-08-08 14:25:11,303 [INFO] Deleted 0 raw files and 0 processed files.
2025-08-08 14:25:41,307 [INFO] Starting guiding sequence...
2025-08-08 14:25:41,309 [INFO] Grabbing raw image...
2025-08-08 14:25:46,311 [INFO] Running astrometry preprocessing...
2025-08-08 14:25:46,312 [INFO] Executing guider offset calculation...
2025-08-08 14:25:46,312 [INFO] Clearing temp astrometry data...
2025-08-08 14:25:46,313 [INFO] Deleting raw and processed files.
2025-08-08 14:25:46,314 [INFO] Deleted 0 files in directory: /media/shyunc/DATA/KSpec/KSPEC_ICS/GFA/Simul/kspec_gfa_controller/src/img/raw
2025-08-08 14:25:46,315 [INFO] Deleted 0 files in directory: /media/shyunc/DATA/KSpec/KSPEC_ICS/GFA/Simul/kspec_gfa_controller/src/img/procimg
2025-08-08 14:25:46,315 [INFO] Deleted 0 raw files and 0 processed files.
2025-08-08 14:28:11,655 [INFO] Starting guiding sequence...
2025-08-08 14:28:11,657 [INFO] Grabbing raw image...
2025-08-08 14:28:16,659 [INFO] Running astrometry preprocessing...
2025-08-08 14:28:16,659 [INFO] Executing guider offset calculation...
2025-08-08 14:28:16,660 [INFO] Clearing temp astrometry data...
2025-08-08 14:28:16,661 [INFO] Deleting raw and processed files.
2025-08-08 14:28:16,662 [INFO] Deleted 0 files in directory: /media/shyunc/DATA/KSpec/KSPEC_ICS/GFA/Simul/kspec_gfa_controller/src/img/raw
2025-08-08 14:28:16,663 [INFO] Deleted 0 files in directory: /media/shyunc/DATA/KSpec/KSPEC_ICS/GFA/Simul/kspec_gfa_controller/src/img/procimg
2025-08-08 14:28:16,663 [INFO] Deleted 0 raw files and 0 processed files.
2025-08-08 14:28:46,667 [INFO] Starting guiding sequence...
2025-08-08 14:28:46,669 [INFO] Grabbing raw image...
2025-08-08 14:28:51,671 [INFO] Running astrometry preprocessing...
2025-08-08 14:28:51,672 [INFO] Executing guider offset calculation...
2025-08-08 14:28:51,672 [INFO] Clearing temp astrometry data...
2025-08-08 14:28:51,673 [INFO] Deleting raw and processed files.
2025-08-08 14:28:51,674 [INFO] Deleted 0 files in directory: /media/shyunc/DATA/KSpec/KSPEC_ICS/GFA/Simul/kspec_gfa_controller/src/img/raw
2025-08-08 14:28:51,675 [INFO] Deleted 0 files in directory: /media/shyunc/DATA/KSpec/KSPEC_ICS/GFA/Simul/kspec_gfa_controller/src/img/procimg
2025-08-08 14:28:51,675 [INFO] Deleted 0 raw files and 0 processed files.
2025-08-08 14:29:21,679 [INFO] Starting guiding sequence...
2025-08-08 14:29:21,680 [INFO] Grabbing raw image...
2025-08-08 14:29:26,682 [INFO] Running astrometry preprocessing...
2025-08-08 14:29:26,683 [INFO] Executing guider offset calculation...
2025-08-08 14:29:26,684 [INFO] Clearing temp astrometry data...
2025-08-08 14:29:26,684 [INFO] Deleting raw and processed files.
2025-08-08 14:29:26,685 [INFO] Deleted 0 files in directory: /media/shyunc/DATA/KSpec/KSPEC_ICS/GFA/Simul/kspec_gfa_controller/src/img/raw
2025-08-08 14:29:26,686 [INFO] Deleted 0 files in directory: /media/shyunc/DATA/KSpec/KSPEC_ICS/GFA/Simul/kspec_gfa_controller/src/img/procimg
2025-08-08 14:29:26,686 [INFO] Deleted 0 raw files and 0 processed files.
2025-08-08 14:29:56,690 [INFO] Starting guiding sequence...
2025-08-08 14:29:56,692 [INFO] Grabbing raw image...
2025-08-08 14:30:01,694 [INFO] Running astrometry preprocessing...
2025-08-08 14:30:01,694 [INFO] Executing guider offset calculation...
2025-08-08 14:30:01,694 [INFO] Clearing temp astrometry data...
2025-08-08 14:30:01,695 [INFO] Deleting raw and processed files.
2025-08-08 14:30:01,695 [INFO] Deleted 0 files in directory: /media/shyunc/DATA/KSpec/KSPEC_ICS/GFA/Simul/kspec_gfa_controller/src/img/raw
2025-08-08 14:30:01,695 [INFO] Deleted 0 files in directory: /media/shyunc/DATA/KSpec/KSPEC_ICS/GFA/Simul/kspec_gfa_controller/src/img/procimg
2025-08-08 14:30:01,695 [INFO] Deleted 0 raw files and 0 processed files.
2025-08-08 14:35:28,921 [INFO] Starting guiding sequence...
2025-08-08 14:35:28,922 [INFO] Grabbing raw image...
2025-08-08 14:35:33,923 [INFO] Running astrometry preprocessing...
2025-08-08 14:35:33,924 [INFO] Executing guider offset calculation...
2025-08-08 14:35:33,924 [INFO] Clearing temp astrometry data...
2025-08-08 14:35:33,925 [INFO] Deleting raw and processed files.
2025-08-08 14:35:33,925 [INFO] Deleted 0 files in directory: /media/shyunc/DATA/KSpec/KSPEC_ICS/GFA/Simul/kspec_gfa_controller/src/img/raw
2025-08-08 14:35:33,925 [INFO] Deleted 0 files in directory: /media/shyunc/DATA/KSpec/KSPEC_ICS/GFA/Simul/kspec_gfa_controller/src/img/procimg
2025-08-08 14:35:33,925 [INFO] Deleted 0 raw files and 0 processed files.
2025-08-08 14:36:03,927 [INFO] Starting guiding sequence...
2025-08-08 14:36:03,929 [INFO] Grabbing raw image...
2025-08-08 14:36:08,931 [INFO] Running astrometry preprocessing...
2025-08-08 14:36:08,931 [INFO] Executing guider offset calculation...
2025-08-08 14:36:08,932 [INFO] Clearing temp astrometry data...
2025-08-08 14:36:08,933 [INFO] Deleting raw and processed files.
2025-08-08 14:36:08,934 [INFO] Deleted 0 files in directory: /media/shyunc/DATA/KSpec/KSPEC_ICS/GFA/Simul/kspec_gfa_controller/src/img/raw
2025-08-08 14:36:08,935 [INFO] Deleted 0 files in directory: /media/shyunc/DATA/KSpec/KSPEC_ICS/GFA/Simul/kspec_gfa_controller/src/img/procimg
2025-08-08 14:36:08,935 [INFO] Deleted 0 raw files and 0 processed files.
2025-08-08 14:36:38,938 [INFO] Starting guiding sequence...
2025-08-08 14:36:38,940 [INFO] Grabbing raw image...
2025-08-08 14:36:43,941 [INFO] Running astrometry preprocessing...
2025-08-08 14:36:43,942 [INFO] Executing guider offset calculation...
2025-08-08 14:36:43,943 [INFO] Clearing temp astrometry data...
2025-08-08 14:36:43,943 [INFO] Deleting raw and processed files.
2025-08-08 14:36:43,944 [INFO] Deleted 0 files in directory: /media/shyunc/DATA/KSpec/KSPEC_ICS/GFA/Simul/kspec_gfa_controller/src/img/raw
2025-08-08 14:36:43,945 [INFO] Deleted 0 files in directory: /media/shyunc/DATA/KSpec/KSPEC_ICS/GFA/Simul/kspec_gfa_controller/src/img/procimg
2025-08-08 14:36:43,945 [INFO] Deleted 0 raw files and 0 processed files.
2025-08-08 14:37:13,949 [INFO] Starting guiding sequence...
2025-08-08 14:37:13,951 [INFO] Grabbing raw image...
2025-08-08 14:37:18,953 [INFO] Running astrometry preprocessing...
2025-08-08 14:37:18,954 [INFO] Executing guider offset calculation...
2025-08-08 14:37:18,954 [INFO] Clearing temp astrometry data...
2025-08-08 14:37:18,955 [INFO] Deleting raw and processed files.
2025-08-08 14:37:18,956 [INFO] Deleted 0 files in directory: /media/shyunc/DATA/KSpec/KSPEC_ICS/GFA/Simul/kspec_gfa_controller/src/img/raw
2025-08-08 14:37:18,957 [INFO] Deleted 0 files in directory: /media/shyunc/DATA/KSpec/KSPEC_ICS/GFA/Simul/kspec_gfa_controller/src/img/procimg
2025-08-08 14:37:18,957 [INFO] Deleted 0 raw files and 0 processed files.
2025-08-08 14:37:48,961 [INFO] Starting guiding sequence...
2025-08-08 14:37:48,963 [INFO] Grabbing raw image...
2025-08-08 14:37:53,964 [INFO] Running astrometry preprocessing...
2025-08-08 14:37:53,965 [INFO] Executing guider offset calculation...
2025-08-08 14:37:53,966 [INFO] Clearing temp astrometry data...
2025-08-08 14:37:53,966 [INFO] Deleting raw and processed files.
2025-08-08 14:37:53,968 [INFO] Deleted 0 files in directory: /media/shyunc/DATA/KSpec/KSPEC_ICS/GFA/Simul/kspec_gfa_controller/src/img/raw
2025-08-08 14:37:53,969 [INFO] Deleted 0 files in directory: /media/shyunc/DATA/KSpec/KSPEC_ICS/GFA/Simul/kspec_gfa_controller/src/img/procimg
2025-08-08 14:37:53,969 [INFO] Deleted 0 raw files and 0 processed files.
2025-08-08 17:04:56,793 [INFO] Initialized GFAEnvironment with role 'plate' and cameras [1, 2, 3, 4, 5, 6]
2025-08-08 17:04:56,794 [INFO] Initializing gfa_astrometry class.
2025-08-08 17:04:56,794 [INFO] Initializing GFAGuider...
2025-08-08 17:04:56,794 [DEBUG] Processed dir: /media/shyunc/DATA/KSpec/KSPEC_ICS/GFA/Simul/kspec_gfa_controller/src/img/procimg
2025-08-08 17:04:56,794 [DEBUG] Final astro dir: /media/shyunc/DATA/KSpec/KSPEC_ICS/GFA/Simul/kspec_gfa_controller/src/img/astroimg/
2025-08-08 17:04:56,794 [DEBUG] Cutout dir: /media/shyunc/DATA/KSpec/KSPEC_ICS/GFA/Simul/kspec_gfa_controller/src/img/cutout
2025-08-08 17:04:56,794 [INFO] GFAGuider setup complete.
2025-08-08 17:04:56,794 [INFO] Initialized GFAEnvironment with role 'finder' and cameras [7]
2025-08-08 17:55:01,061 [INFO] Starting guiding sequence...
2025-08-08 17:55:01,062 [INFO] Grabbing raw image...
2025-08-08 17:55:06,064 [INFO] Running astrometry preprocessing...
2025-08-08 17:55:06,064 [INFO] Executing guider offset calculation...
2025-08-08 17:55:06,065 [INFO] Clearing temp astrometry data...
2025-08-08 17:55:06,065 [INFO] Deleting raw and processed files.
2025-08-08 17:55:06,067 [INFO] Deleted 0 files in directory: /media/shyunc/DATA/KSpec/KSPEC_ICS/GFA/Simul/kspec_gfa_controller/src/img/raw
2025-08-08 17:55:06,067 [INFO] Deleted 0 files in directory: /media/shyunc/DATA/KSpec/KSPEC_ICS/GFA/Simul/kspec_gfa_controller/src/img/procimg
2025-08-08 17:55:06,067 [INFO] Deleted 0 raw files and 0 processed files.
2025-08-08 17:55:36,072 [INFO] Starting guiding sequence...
2025-08-08 17:55:36,074 [INFO] Grabbing raw image...
2025-08-08 17:55:41,076 [INFO] Running astrometry preprocessing...
2025-08-08 17:55:41,076 [INFO] Executing guider offset calculation...
2025-08-08 17:55:41,076 [INFO] Clearing temp astrometry data...
2025-08-08 17:55:41,076 [INFO] Deleting raw and processed files.
2025-08-08 17:55:41,077 [INFO] Deleted 0 files in directory: /media/shyunc/DATA/KSpec/KSPEC_ICS/GFA/Simul/kspec_gfa_controller/src/img/raw
2025-08-08 17:55:41,077 [INFO] Deleted 0 files in directory: /media/shyunc/DATA/KSpec/KSPEC_ICS/GFA/Simul/kspec_gfa_controller/src/img/procimg
2025-08-08 17:55:41,077 [INFO] Deleted 0 raw files and 0 processed files.
2025-08-08 17:56:11,079 [INFO] Starting guiding sequence...
2025-08-08 17:56:11,080 [INFO] Grabbing raw image...
2025-08-08 17:56:16,081 [INFO] Running astrometry preprocessing...
2025-08-08 17:56:16,082 [INFO] Executing guider offset calculation...
2025-08-08 17:56:16,083 [INFO] Clearing temp astrometry data...
2025-08-08 17:56:16,083 [INFO] Deleting raw and processed files.
2025-08-08 17:56:16,085 [INFO] Deleted 0 files in directory: /media/shyunc/DATA/KSpec/KSPEC_ICS/GFA/Simul/kspec_gfa_controller/src/img/raw
2025-08-08 17:56:16,086 [INFO] Deleted 0 files in directory: /media/shyunc/DATA/KSpec/KSPEC_ICS/GFA/Simul/kspec_gfa_controller/src/img/procimg
2025-08-08 17:56:16,086 [INFO] Deleted 0 raw files and 0 processed files.
2025-08-08 17:56:46,090 [INFO] Starting guiding sequence...
2025-08-08 17:56:46,092 [INFO] Grabbing raw image...
2025-08-08 17:56:51,093 [INFO] Running astrometry preprocessing...
2025-08-08 17:56:51,094 [INFO] Executing guider offset calculation...
2025-08-08 17:56:51,094 [INFO] Clearing temp astrometry data...
2025-08-08 17:56:51,095 [INFO] Deleting raw and processed files.
2025-08-08 17:56:51,096 [INFO] Deleted 0 files in directory: /media/shyunc/DATA/KSpec/KSPEC_ICS/GFA/Simul/kspec_gfa_controller/src/img/raw
2025-08-08 17:56:51,097 [INFO] Deleted 0 files in directory: /media/shyunc/DATA/KSpec/KSPEC_ICS/GFA/Simul/kspec_gfa_controller/src/img/procimg
2025-08-08 17:56:51,097 [INFO] Deleted 0 raw files and 0 processed files.
2025-08-08 17:57:21,100 [INFO] Starting guiding sequence...
2025-08-08 17:57:21,101 [INFO] Grabbing raw image...
2025-08-08 17:57:26,102 [INFO] Running astrometry preprocessing...
2025-08-08 17:57:26,103 [INFO] Executing guider offset calculation...
2025-08-08 17:57:26,104 [INFO] Clearing temp astrometry data...
2025-08-08 17:57:26,104 [INFO] Deleting raw and processed files.
2025-08-08 17:57:26,106 [INFO] Deleted 0 files in directory: /media/shyunc/DATA/KSpec/KSPEC_ICS/GFA/Simul/kspec_gfa_controller/src/img/raw
2025-08-08 17:57:26,106 [INFO] Deleted 0 files in directory: /media/shyunc/DATA/KSpec/KSPEC_ICS/GFA/Simul/kspec_gfa_controller/src/img/procimg
2025-08-08 17:57:26,107 [INFO] Deleted 0 raw files and 0 processed files.
2025-08-08 17:57:56,110 [INFO] Starting guiding sequence...
2025-08-08 17:57:56,112 [INFO] Grabbing raw image...
2025-08-08 17:58:01,114 [INFO] Running astrometry preprocessing...
2025-08-08 17:58:01,115 [INFO] Executing guider offset calculation...
2025-08-08 17:58:01,115 [INFO] Clearing temp astrometry data...
2025-08-08 17:58:01,116 [INFO] Deleting raw and processed files.
2025-08-08 17:58:01,117 [INFO] Deleted 0 files in directory: /media/shyunc/DATA/KSpec/KSPEC_ICS/GFA/Simul/kspec_gfa_controller/src/img/raw
2025-08-08 17:58:01,118 [INFO] Deleted 0 files in directory: /media/shyunc/DATA/KSpec/KSPEC_ICS/GFA/Simul/kspec_gfa_controller/src/img/procimg
2025-08-08 17:58:01,118 [INFO] Deleted 0 raw files and 0 processed files.
