2025-09-10 09:39:26,674 [INFO] Initialized GFAEnvironment with role 'plate' and cameras [1, 2, 3, 4, 5, 6]
2025-09-10 09:39:26,674 [INFO] Initializing gfa_astrometry class.
2025-09-10 09:39:26,675 [INFO] Initializing GFAGuider...
2025-09-10 09:39:26,675 [DEBUG] Processed dir: /media/shyunc/DATA/KSpec/KSPEC_ICS/GFA/Simul/kspec_gfa_controller/src/img/procimg
2025-09-10 09:39:26,675 [DEBUG] Final astro dir: /media/shyunc/DATA/KSpec/KSPEC_ICS/GFA/Simul/kspec_gfa_controller/src/img/astroimg/
2025-09-10 09:39:26,675 [DEBUG] Cutout dir: /media/shyunc/DATA/KSpec/KSPEC_ICS/GFA/Simul/kspec_gfa_controller/src/img/cutout
2025-09-10 09:39:26,676 [INFO] GFAGuider setup complete.
2025-09-10 09:39:26,676 [INFO] Initialized GFAEnvironment with role 'finder' and cameras [7]
2025-09-10 09:39:31,633 [INFO] Starting guiding sequence...
2025-09-10 09:39:31,634 [INFO] Grabbing raw image...
2025-09-10 09:39:36,636 [INFO] Running astrometry preprocessing...
2025-09-10 09:39:36,637 [INFO] Executing guider offset calculation...
2025-09-10 09:39:36,638 [INFO] Clearing temp astrometry data...
2025-09-10 09:39:36,638 [INFO] Deleting raw and processed files.
2025-09-10 09:39:36,640 [INFO] Deleted 0 files in directory: /media/shyunc/DATA/KSpec/KSPEC_ICS/GFA/Simul/kspec_gfa_controller/src/img/raw
2025-09-10 09:39:36,641 [INFO] Deleted 0 files in directory: /media/shyunc/DATA/KSpec/KSPEC_ICS/GFA/Simul/kspec_gfa_controller/src/img/procimg
2025-09-10 09:39:36,641 [INFO] Deleted 0 raw files and 0 processed files.
2025-09-10 09:51:49,832 [INFO] Initialized GFAEnvironment with role 'plate' and cameras [1, 2, 3, 4, 5, 6]
2025-09-10 09:51:49,832 [INFO] Initializing gfa_astrometry class.
2025-09-10 09:51:49,833 [INFO] Initializing GFAGuider...
2025-09-10 09:51:49,833 [DEBUG] Processed dir: /media/shyunc/DATA/KSpec/KSPEC_ICS/GFA/Simul/kspec_gfa_controller/src/img/procimg
2025-09-10 09:51:49,833 [DEBUG] Final astro dir: /media/shyunc/DATA/KSpec/KSPEC_ICS/GFA/Simul/kspec_gfa_controller/src/img/astroimg/
2025-09-10 09:51:49,833 [DEBUG] Cutout dir: /media/shyunc/DATA/KSpec/KSPEC_ICS/GFA/Simul/kspec_gfa_controller/src/img/cutout
2025-09-10 09:51:49,834 [INFO] GFAGuider setup complete.
2025-09-10 09:51:49,834 [INFO] Initialized GFAEnvironment with role 'finder' and cameras [7]
2025-09-10 09:52:08,074 [INFO] Querying camera statuses...
2025-09-10 09:52:44,965 [INFO] Starting guiding sequence...
2025-09-10 09:52:44,965 [INFO] Grabbing raw image...
2025-09-10 09:52:49,966 [INFO] Running astrometry preprocessing...
2025-09-10 09:52:49,967 [INFO] Executing guider offset calculation...
2025-09-10 09:52:49,968 [INFO] Clearing temp astrometry data...
2025-09-10 09:52:49,968 [INFO] Deleting raw and processed files.
2025-09-10 09:52:49,970 [INFO] Deleted 0 files in directory: /media/shyunc/DATA/KSpec/KSPEC_ICS/GFA/Simul/kspec_gfa_controller/src/img/raw
2025-09-10 09:52:49,970 [INFO] Deleted 0 files in directory: /media/shyunc/DATA/KSpec/KSPEC_ICS/GFA/Simul/kspec_gfa_controller/src/img/procimg
2025-09-10 09:52:49,971 [INFO] Deleted 0 raw files and 0 processed files.
2025-09-10 10:02:20,978 [INFO] Starting guiding sequence...
2025-09-10 10:02:20,980 [INFO] Grabbing raw image...
2025-09-10 10:02:25,982 [INFO] Running astrometry preprocessing...
2025-09-10 10:02:25,983 [INFO] Executing guider offset calculation...
2025-09-10 10:02:25,983 [INFO] Clearing temp astrometry data...
2025-09-10 10:02:25,984 [INFO] Deleting raw and processed files.
2025-09-10 10:02:25,985 [INFO] Deleted 0 files in directory: /media/shyunc/DATA/KSpec/KSPEC_ICS/GFA/Simul/kspec_gfa_controller/src/img/raw
2025-09-10 10:02:25,986 [INFO] Deleted 0 files in directory: /media/shyunc/DATA/KSpec/KSPEC_ICS/GFA/Simul/kspec_gfa_controller/src/img/procimg
2025-09-10 10:02:25,986 [INFO] Deleted 0 raw files and 0 processed files.
2025-09-10 10:03:54,752 [INFO] Starting guiding sequence...
2025-09-10 10:03:54,753 [INFO] Grabbing raw image...
2025-09-10 10:03:59,755 [INFO] Running astrometry preprocessing...
2025-09-10 10:03:59,756 [INFO] Executing guider offset calculation...
2025-09-10 10:03:59,757 [INFO] Clearing temp astrometry data...
2025-09-10 10:03:59,757 [INFO] Deleting raw and processed files.
2025-09-10 10:03:59,759 [INFO] Deleted 0 files in directory: /media/shyunc/DATA/KSpec/KSPEC_ICS/GFA/Simul/kspec_gfa_controller/src/img/raw
2025-09-10 10:03:59,760 [INFO] Deleted 0 files in directory: /media/shyunc/DATA/KSpec/KSPEC_ICS/GFA/Simul/kspec_gfa_controller/src/img/procimg
2025-09-10 10:03:59,760 [INFO] Deleted 0 raw files and 0 processed files.
2025-09-10 10:11:58,952 [INFO] Starting guiding sequence...
2025-09-10 10:11:58,954 [INFO] Grabbing raw image...
2025-09-10 10:12:03,957 [INFO] Running astrometry preprocessing...
2025-09-10 10:12:03,958 [INFO] Executing guider offset calculation...
2025-09-10 10:12:03,958 [INFO] Clearing temp astrometry data...
2025-09-10 10:12:03,959 [INFO] Deleting raw and processed files.
2025-09-10 10:12:03,960 [INFO] Deleted 0 files in directory: /media/shyunc/DATA/KSpec/KSPEC_ICS/GFA/Simul/kspec_gfa_controller/src/img/raw
2025-09-10 10:12:03,961 [INFO] Deleted 0 files in directory: /media/shyunc/DATA/KSpec/KSPEC_ICS/GFA/Simul/kspec_gfa_controller/src/img/procimg
2025-09-10 10:12:03,961 [INFO] Deleted 0 raw files and 0 processed files.
2025-09-10 10:12:30,121 [INFO] Querying camera statuses...
2025-09-10 10:13:59,920 [INFO] Starting guiding sequence...
2025-09-10 10:13:59,922 [INFO] Grabbing raw image...
2025-09-10 10:14:04,923 [INFO] Running astrometry preprocessing...
2025-09-10 10:14:04,924 [INFO] Executing guider offset calculation...
2025-09-10 10:14:04,924 [INFO] Clearing temp astrometry data...
2025-09-10 10:14:04,925 [INFO] Deleting raw and processed files.
2025-09-10 10:14:04,926 [INFO] Deleted 0 files in directory: /media/shyunc/DATA/KSpec/KSPEC_ICS/GFA/Simul/kspec_gfa_controller/src/img/raw
2025-09-10 10:14:04,927 [INFO] Deleted 0 files in directory: /media/shyunc/DATA/KSpec/KSPEC_ICS/GFA/Simul/kspec_gfa_controller/src/img/procimg
2025-09-10 10:14:04,928 [INFO] Deleted 0 raw files and 0 processed files.
2025-09-10 10:16:36,377 [INFO] Querying camera statuses...
2025-09-10 10:17:38,519 [INFO] Starting guiding sequence...
2025-09-10 10:17:38,520 [INFO] Grabbing raw image...
2025-09-10 10:17:43,522 [INFO] Running astrometry preprocessing...
2025-09-10 10:17:43,523 [INFO] Executing guider offset calculation...
2025-09-10 10:17:43,523 [INFO] Clearing temp astrometry data...
2025-09-10 10:17:43,524 [INFO] Deleting raw and processed files.
2025-09-10 10:17:43,525 [INFO] Deleted 0 files in directory: /media/shyunc/DATA/KSpec/KSPEC_ICS/GFA/Simul/kspec_gfa_controller/src/img/raw
2025-09-10 10:17:43,526 [INFO] Deleted 0 files in directory: /media/shyunc/DATA/KSpec/KSPEC_ICS/GFA/Simul/kspec_gfa_controller/src/img/procimg
2025-09-10 10:17:43,526 [INFO] Deleted 0 raw files and 0 processed files.
2025-09-10 10:26:29,797 [INFO] Querying camera statuses...
2025-09-10 10:46:43,915 [INFO] Querying camera statuses...
2025-09-10 14:34:07,916 [INFO] Querying camera statuses...
2025-09-10 14:34:48,859 [INFO] Starting guiding sequence...
2025-09-10 14:34:48,861 [INFO] Grabbing raw image...
2025-09-10 14:34:53,863 [INFO] Running astrometry preprocessing...
2025-09-10 14:34:53,864 [INFO] Executing guider offset calculation...
2025-09-10 14:34:53,864 [INFO] Clearing temp astrometry data...
2025-09-10 14:34:53,865 [INFO] Deleting raw and processed files.
2025-09-10 14:34:53,866 [INFO] Deleted 0 files in directory: /media/shyunc/DATA/KSpec/KSPEC_ICS/GFA/Simul/kspec_gfa_controller/src/img/raw
2025-09-10 14:34:53,867 [INFO] Deleted 0 files in directory: /media/shyunc/DATA/KSpec/KSPEC_ICS/GFA/Simul/kspec_gfa_controller/src/img/procimg
2025-09-10 14:34:53,867 [INFO] Deleted 0 raw files and 0 processed files.
2025-09-10 14:36:25,237 [INFO] Initialized GFAEnvironment with role 'plate' and cameras [1, 2, 3, 4, 5, 6]
2025-09-10 14:36:25,237 [INFO] Initializing gfa_astrometry class.
2025-09-10 14:36:25,238 [INFO] Initializing GFAGuider...
2025-09-10 14:36:25,238 [DEBUG] Processed dir: /media/shyunc/DATA/KSpec/KSPEC_ICS/GFA/Simul/kspec_gfa_controller/src/img/procimg
2025-09-10 14:36:25,238 [DEBUG] Final astro dir: /media/shyunc/DATA/KSpec/KSPEC_ICS/GFA/Simul/kspec_gfa_controller/src/img/astroimg/
2025-09-10 14:36:25,238 [DEBUG] Cutout dir: /media/shyunc/DATA/KSpec/KSPEC_ICS/GFA/Simul/kspec_gfa_controller/src/img/cutout
2025-09-10 14:36:25,238 [INFO] GFAGuider setup complete.
2025-09-10 14:36:25,238 [INFO] Initialized GFAEnvironment with role 'finder' and cameras [7]
2025-09-10 14:36:30,343 [INFO] Starting guiding sequence...
2025-09-10 14:36:30,344 [INFO] Grabbing raw image...
2025-09-10 14:36:35,345 [INFO] Running astrometry preprocessing...
2025-09-10 14:36:35,346 [INFO] Executing guider offset calculation...
2025-09-10 14:36:35,346 [INFO] Clearing temp astrometry data...
2025-09-10 14:36:35,347 [INFO] Deleting raw and processed files.
2025-09-10 14:36:35,348 [INFO] Deleted 0 files in directory: /media/shyunc/DATA/KSpec/KSPEC_ICS/GFA/Simul/kspec_gfa_controller/src/img/raw
2025-09-10 14:36:35,349 [INFO] Deleted 0 files in directory: /media/shyunc/DATA/KSpec/KSPEC_ICS/GFA/Simul/kspec_gfa_controller/src/img/procimg
2025-09-10 14:36:35,349 [INFO] Deleted 0 raw files and 0 processed files.
2025-09-10 14:37:15,169 [INFO] Initialized GFAEnvironment with role 'plate' and cameras [1, 2, 3, 4, 5, 6]
2025-09-10 14:37:15,169 [INFO] Initializing gfa_astrometry class.
2025-09-10 14:37:15,170 [INFO] Initializing GFAGuider...
2025-09-10 14:37:15,170 [DEBUG] Processed dir: /media/shyunc/DATA/KSpec/KSPEC_ICS/GFA/Simul/kspec_gfa_controller/src/img/procimg
2025-09-10 14:37:15,170 [DEBUG] Final astro dir: /media/shyunc/DATA/KSpec/KSPEC_ICS/GFA/Simul/kspec_gfa_controller/src/img/astroimg/
2025-09-10 14:37:15,170 [DEBUG] Cutout dir: /media/shyunc/DATA/KSpec/KSPEC_ICS/GFA/Simul/kspec_gfa_controller/src/img/cutout
2025-09-10 14:37:15,170 [INFO] GFAGuider setup complete.
2025-09-10 14:37:15,170 [INFO] Initialized GFAEnvironment with role 'finder' and cameras [7]
2025-09-10 14:37:42,415 [INFO] Starting guiding sequence...
2025-09-10 14:37:42,416 [INFO] Grabbing raw image...
2025-09-10 14:37:47,418 [INFO] Running astrometry preprocessing...
2025-09-10 14:37:47,419 [INFO] Executing guider offset calculation...
2025-09-10 14:37:47,419 [INFO] Clearing temp astrometry data...
2025-09-10 14:37:47,420 [INFO] Deleting raw and processed files.
2025-09-10 14:37:47,421 [INFO] Deleted 0 files in directory: /media/shyunc/DATA/KSpec/KSPEC_ICS/GFA/Simul/kspec_gfa_controller/src/img/raw
2025-09-10 14:37:47,422 [INFO] Deleted 0 files in directory: /media/shyunc/DATA/KSpec/KSPEC_ICS/GFA/Simul/kspec_gfa_controller/src/img/procimg
2025-09-10 14:37:47,423 [INFO] Deleted 0 raw files and 0 processed files.
2025-09-10 14:38:05,962 [INFO] Querying camera statuses...
2025-09-10 14:40:07,718 [INFO] Starting guiding sequence...
2025-09-10 14:40:07,721 [INFO] Grabbing raw image...
2025-09-10 14:40:12,723 [INFO] Running astrometry preprocessing...
2025-09-10 14:40:12,724 [INFO] Executing guider offset calculation...
2025-09-10 14:40:12,725 [INFO] Clearing temp astrometry data...
2025-09-10 14:40:12,726 [INFO] Deleting raw and processed files.
2025-09-10 14:40:12,727 [INFO] Deleted 0 files in directory: /media/shyunc/DATA/KSpec/KSPEC_ICS/GFA/Simul/kspec_gfa_controller/src/img/raw
2025-09-10 14:40:12,728 [INFO] Deleted 0 files in directory: /media/shyunc/DATA/KSpec/KSPEC_ICS/GFA/Simul/kspec_gfa_controller/src/img/procimg
2025-09-10 14:40:12,728 [INFO] Deleted 0 raw files and 0 processed files.
2025-09-10 14:40:37,580 [INFO] Starting guiding sequence...
2025-09-10 14:40:37,580 [INFO] Grabbing raw image...
2025-09-10 14:40:42,582 [INFO] Running astrometry preprocessing...
2025-09-10 14:40:42,582 [INFO] Executing guider offset calculation...
2025-09-10 14:40:42,583 [INFO] Clearing temp astrometry data...
2025-09-10 14:40:42,583 [INFO] Deleting raw and processed files.
2025-09-10 14:40:42,585 [INFO] Deleted 0 files in directory: /media/shyunc/DATA/KSpec/KSPEC_ICS/GFA/Simul/kspec_gfa_controller/src/img/raw
2025-09-10 14:40:42,586 [INFO] Deleted 0 files in directory: /media/shyunc/DATA/KSpec/KSPEC_ICS/GFA/Simul/kspec_gfa_controller/src/img/procimg
2025-09-10 14:40:42,586 [INFO] Deleted 0 raw files and 0 processed files.
2025-09-10 14:49:11,946 [INFO] Querying camera statuses...
2025-09-10 15:00:17,420 [INFO] Starting guiding sequence...
2025-09-10 15:00:17,421 [INFO] Grabbing raw image...
2025-09-10 15:00:22,423 [INFO] Running astrometry preprocessing...
2025-09-10 15:00:22,424 [INFO] Executing guider offset calculation...
2025-09-10 15:00:22,424 [INFO] Clearing temp astrometry data...
2025-09-10 15:00:22,425 [INFO] Deleting raw and processed files.
2025-09-10 15:00:22,426 [INFO] Deleted 0 files in directory: /media/shyunc/DATA/KSpec/KSPEC_ICS/GFA/Simul/kspec_gfa_controller/src/img/raw
2025-09-10 15:00:22,427 [INFO] Deleted 0 files in directory: /media/shyunc/DATA/KSpec/KSPEC_ICS/GFA/Simul/kspec_gfa_controller/src/img/procimg
2025-09-10 15:00:22,427 [INFO] Deleted 0 raw files and 0 processed files.
2025-09-10 15:00:51,464 [INFO] Starting guiding sequence...
2025-09-10 15:00:51,466 [INFO] Grabbing raw image...
2025-09-10 15:00:56,467 [INFO] Running astrometry preprocessing...
2025-09-10 15:00:56,468 [INFO] Executing guider offset calculation...
2025-09-10 15:00:56,469 [INFO] Clearing temp astrometry data...
2025-09-10 15:00:56,469 [INFO] Deleting raw and processed files.
2025-09-10 15:00:56,470 [INFO] Deleted 0 files in directory: /media/shyunc/DATA/KSpec/KSPEC_ICS/GFA/Simul/kspec_gfa_controller/src/img/raw
2025-09-10 15:00:56,471 [INFO] Deleted 0 files in directory: /media/shyunc/DATA/KSpec/KSPEC_ICS/GFA/Simul/kspec_gfa_controller/src/img/procimg
2025-09-10 15:00:56,471 [INFO] Deleted 0 raw files and 0 processed files.
2025-09-10 15:28:06,440 [INFO] Querying camera statuses...
2025-09-10 15:29:27,096 [INFO] Starting guiding sequence...
2025-09-10 15:29:27,097 [INFO] Grabbing raw image...
2025-09-10 15:53:16,389 [INFO] Querying camera statuses...
2025-09-10 15:53:50,248 [INFO] Starting guiding sequence...
2025-09-10 15:53:50,248 [INFO] Grabbing raw image...
2025-09-10 15:53:55,250 [INFO] Running astrometry preprocessing...
2025-09-10 15:53:55,251 [INFO] Executing guider offset calculation...
2025-09-10 15:53:55,251 [INFO] Clearing temp astrometry data...
2025-09-10 15:53:55,252 [INFO] Deleting raw and processed files.
2025-09-10 15:53:55,253 [INFO] Deleted 0 files in directory: /media/shyunc/DATA/KSpec/KSPEC_ICS/GFA/Simul/kspec_gfa_controller/src/img/raw
2025-09-10 15:53:55,254 [INFO] Deleted 0 files in directory: /media/shyunc/DATA/KSpec/KSPEC_ICS/GFA/Simul/kspec_gfa_controller/src/img/procimg
2025-09-10 15:53:55,255 [INFO] Deleted 0 raw files and 0 processed files.
2025-09-10 15:54:17,553 [INFO] Initialized GFAEnvironment with role 'plate' and cameras [1, 2, 3, 4, 5, 6]
2025-09-10 15:54:17,553 [INFO] Initializing gfa_astrometry class.
2025-09-10 15:54:17,554 [INFO] Initializing GFAGuider...
2025-09-10 15:54:17,554 [DEBUG] Processed dir: /media/shyunc/DATA/KSpec/KSPEC_ICS/GFA/Simul/kspec_gfa_controller/src/img/procimg
2025-09-10 15:54:17,554 [DEBUG] Final astro dir: /media/shyunc/DATA/KSpec/KSPEC_ICS/GFA/Simul/kspec_gfa_controller/src/img/astroimg/
2025-09-10 15:54:17,554 [DEBUG] Cutout dir: /media/shyunc/DATA/KSpec/KSPEC_ICS/GFA/Simul/kspec_gfa_controller/src/img/cutout
2025-09-10 15:54:17,554 [INFO] GFAGuider setup complete.
2025-09-10 15:54:17,555 [INFO] Initialized GFAEnvironment with role 'finder' and cameras [7]
2025-09-10 15:54:20,606 [INFO] Starting guiding sequence...
2025-09-10 15:54:20,607 [INFO] Grabbing raw image...
2025-09-10 15:54:25,607 [INFO] Running astrometry preprocessing...
2025-09-10 15:54:25,608 [INFO] Executing guider offset calculation...
2025-09-10 15:54:25,609 [INFO] Clearing temp astrometry data...
2025-09-10 15:54:25,609 [INFO] Deleting raw and processed files.
2025-09-10 15:54:25,610 [INFO] Deleted 0 files in directory: /media/shyunc/DATA/KSpec/KSPEC_ICS/GFA/Simul/kspec_gfa_controller/src/img/raw
2025-09-10 15:54:25,611 [INFO] Deleted 0 files in directory: /media/shyunc/DATA/KSpec/KSPEC_ICS/GFA/Simul/kspec_gfa_controller/src/img/procimg
2025-09-10 15:54:25,611 [INFO] Deleted 0 raw files and 0 processed files.
2025-09-10 16:05:12,172 [INFO] Initialized GFAEnvironment with role 'plate' and cameras [1, 2, 3, 4, 5, 6]
2025-09-10 16:05:12,172 [INFO] Initializing gfa_astrometry class.
2025-09-10 16:05:12,173 [INFO] Initializing GFAGuider...
2025-09-10 16:05:12,174 [DEBUG] Processed dir: /media/shyunc/DATA/KSpec/KSPEC_ICS/GFA/Simul/kspec_gfa_controller/src/img/procimg
2025-09-10 16:05:12,174 [DEBUG] Final astro dir: /media/shyunc/DATA/KSpec/KSPEC_ICS/GFA/Simul/kspec_gfa_controller/src/img/astroimg/
2025-09-10 16:05:12,174 [DEBUG] Cutout dir: /media/shyunc/DATA/KSpec/KSPEC_ICS/GFA/Simul/kspec_gfa_controller/src/img/cutout
2025-09-10 16:05:12,174 [INFO] GFAGuider setup complete.
2025-09-10 16:05:12,174 [INFO] Initialized GFAEnvironment with role 'finder' and cameras [7]
2025-09-10 16:05:48,955 [INFO] Querying camera statuses...
2025-09-10 16:06:26,663 [INFO] Starting guiding sequence...
2025-09-10 16:06:26,665 [INFO] Grabbing raw image...
2025-09-10 16:06:31,667 [INFO] Running astrometry preprocessing...
2025-09-10 16:06:31,667 [INFO] Executing guider offset calculation...
2025-09-10 16:06:31,668 [INFO] Clearing temp astrometry data...
2025-09-10 16:06:31,668 [INFO] Deleting raw and processed files.
2025-09-10 16:06:31,669 [INFO] Deleted 0 files in directory: /media/shyunc/DATA/KSpec/KSPEC_ICS/GFA/Simul/kspec_gfa_controller/src/img/raw
2025-09-10 16:06:31,670 [INFO] Deleted 0 files in directory: /media/shyunc/DATA/KSpec/KSPEC_ICS/GFA/Simul/kspec_gfa_controller/src/img/procimg
2025-09-10 16:06:31,671 [INFO] Deleted 0 raw files and 0 processed files.
2025-09-10 16:06:41,429 [INFO] Querying camera statuses...
2025-09-10 16:08:09,860 [INFO] Querying camera statuses...
2025-09-10 16:09:05,374 [INFO] Starting guiding sequence...
2025-09-10 16:09:05,376 [INFO] Grabbing raw image...
2025-09-10 16:09:10,378 [INFO] Running astrometry preprocessing...
2025-09-10 16:09:10,378 [INFO] Executing guider offset calculation...
2025-09-10 16:09:10,379 [INFO] Clearing temp astrometry data...
2025-09-10 16:09:10,380 [INFO] Deleting raw and processed files.
2025-09-10 16:09:10,381 [INFO] Deleted 0 files in directory: /media/shyunc/DATA/KSpec/KSPEC_ICS/GFA/Simul/kspec_gfa_controller/src/img/raw
2025-09-10 16:09:10,382 [INFO] Deleted 0 files in directory: /media/shyunc/DATA/KSpec/KSPEC_ICS/GFA/Simul/kspec_gfa_controller/src/img/procimg
2025-09-10 16:09:10,382 [INFO] Deleted 0 raw files and 0 processed files.
2025-09-10 16:09:40,386 [INFO] Starting guiding sequence...
2025-09-10 16:09:40,388 [INFO] Grabbing raw image...
2025-09-10 16:34:01,669 [INFO] Initialized GFAEnvironment with role 'plate' and cameras [1, 2, 3, 4, 5, 6]
2025-09-10 16:34:01,669 [INFO] Initializing gfa_astrometry class.
2025-09-10 16:34:01,669 [INFO] Initializing GFAGuider...
2025-09-10 16:34:01,670 [DEBUG] Processed dir: /media/shyunc/DATA/KSpec/KSPEC_ICS/GFA/Simul/kspec_gfa_controller/src/img/procimg
2025-09-10 16:34:01,670 [DEBUG] Final astro dir: /media/shyunc/DATA/KSpec/KSPEC_ICS/GFA/Simul/kspec_gfa_controller/src/img/astroimg/
2025-09-10 16:34:01,670 [DEBUG] Cutout dir: /media/shyunc/DATA/KSpec/KSPEC_ICS/GFA/Simul/kspec_gfa_controller/src/img/cutout
2025-09-10 16:34:01,670 [INFO] GFAGuider setup complete.
2025-09-10 16:34:01,670 [INFO] Initialized GFAEnvironment with role 'finder' and cameras [7]
2025-09-10 16:34:16,804 [INFO] Querying camera statuses...
2025-09-10 16:42:11,249 [INFO] Starting guiding sequence...
2025-09-10 16:42:11,250 [INFO] Grabbing raw image...
2025-09-10 16:42:16,252 [INFO] Running astrometry preprocessing...
2025-09-10 16:42:16,253 [INFO] Executing guider offset calculation...
2025-09-10 16:42:16,254 [INFO] Clearing temp astrometry data...
2025-09-10 16:42:16,254 [INFO] Deleting raw and processed files.
2025-09-10 16:42:16,255 [INFO] Deleted 0 files in directory: /media/shyunc/DATA/KSpec/KSPEC_ICS/GFA/Simul/kspec_gfa_controller/src/img/raw
2025-09-10 16:42:16,257 [INFO] Deleted 0 files in directory: /media/shyunc/DATA/KSpec/KSPEC_ICS/GFA/Simul/kspec_gfa_controller/src/img/procimg
2025-09-10 16:42:16,257 [INFO] Deleted 0 raw files and 0 processed files.
2025-09-10 16:43:17,889 [INFO] Querying camera statuses...
2025-09-10 16:52:11,577 [INFO] Starting guiding sequence...
2025-09-10 16:52:11,580 [INFO] Grabbing raw image...
2025-09-10 16:52:16,580 [INFO] Running astrometry preprocessing...
2025-09-10 16:52:16,581 [INFO] Executing guider offset calculation...
2025-09-10 16:52:16,582 [INFO] Clearing temp astrometry data...
2025-09-10 16:52:16,582 [INFO] Deleting raw and processed files.
2025-09-10 16:52:16,583 [INFO] Deleted 0 files in directory: /media/shyunc/DATA/KSpec/KSPEC_ICS/GFA/Simul/kspec_gfa_controller/src/img/raw
2025-09-10 16:52:16,585 [INFO] Deleted 0 files in directory: /media/shyunc/DATA/KSpec/KSPEC_ICS/GFA/Simul/kspec_gfa_controller/src/img/procimg
2025-09-10 16:52:16,585 [INFO] Deleted 0 raw files and 0 processed files.
2025-09-10 16:52:46,587 [INFO] Starting guiding sequence...
2025-09-10 16:52:46,589 [INFO] Grabbing raw image...
2025-09-10 16:52:51,591 [INFO] Running astrometry preprocessing...
2025-09-10 16:52:51,591 [INFO] Executing guider offset calculation...
2025-09-10 16:52:51,592 [INFO] Clearing temp astrometry data...
2025-09-10 16:52:51,593 [INFO] Deleting raw and processed files.
2025-09-10 16:52:51,594 [INFO] Deleted 0 files in directory: /media/shyunc/DATA/KSpec/KSPEC_ICS/GFA/Simul/kspec_gfa_controller/src/img/raw
2025-09-10 16:52:51,595 [INFO] Deleted 0 files in directory: /media/shyunc/DATA/KSpec/KSPEC_ICS/GFA/Simul/kspec_gfa_controller/src/img/procimg
2025-09-10 16:52:51,595 [INFO] Deleted 0 raw files and 0 processed files.
2025-09-10 16:58:11,453 [INFO] Querying camera statuses...
2025-09-10 16:58:45,692 [INFO] Starting guiding sequence...
2025-09-10 16:58:45,693 [INFO] Grabbing raw image...
2025-09-10 16:58:50,693 [INFO] Running astrometry preprocessing...
2025-09-10 16:58:50,694 [INFO] Executing guider offset calculation...
2025-09-10 16:58:50,695 [INFO] Clearing temp astrometry data...
2025-09-10 16:58:50,695 [INFO] Deleting raw and processed files.
2025-09-10 16:58:50,697 [INFO] Deleted 0 files in directory: /media/shyunc/DATA/KSpec/KSPEC_ICS/GFA/Simul/kspec_gfa_controller/src/img/raw
2025-09-10 16:58:50,698 [INFO] Deleted 0 files in directory: /media/shyunc/DATA/KSpec/KSPEC_ICS/GFA/Simul/kspec_gfa_controller/src/img/procimg
2025-09-10 16:58:50,698 [INFO] Deleted 0 raw files and 0 processed files.
2025-09-11 09:35:13,321 [INFO] Querying camera statuses...
2025-09-11 09:35:53,206 [INFO] Starting guiding sequence...
2025-09-11 09:35:53,208 [INFO] Grabbing raw image...
2025-09-11 09:35:58,209 [INFO] Running astrometry preprocessing...
2025-09-11 09:35:58,210 [INFO] Executing guider offset calculation...
2025-09-11 09:35:58,211 [INFO] Clearing temp astrometry data...
2025-09-11 09:35:58,211 [INFO] Deleting raw and processed files.
2025-09-11 09:35:58,213 [INFO] Deleted 0 files in directory: /media/shyunc/DATA/KSpec/KSPEC_ICS/GFA/Simul/kspec_gfa_controller/src/img/raw
2025-09-11 09:35:58,214 [INFO] Deleted 0 files in directory: /media/shyunc/DATA/KSpec/KSPEC_ICS/GFA/Simul/kspec_gfa_controller/src/img/procimg
2025-09-11 09:35:58,214 [INFO] Deleted 0 raw files and 0 processed files.
2025-09-11 09:36:28,216 [INFO] Starting guiding sequence...
2025-09-11 09:36:28,218 [INFO] Grabbing raw image...
2025-09-11 09:36:33,220 [INFO] Running astrometry preprocessing...
2025-09-11 09:36:33,221 [INFO] Executing guider offset calculation...
2025-09-11 09:36:33,222 [INFO] Clearing temp astrometry data...
2025-09-11 09:36:33,222 [INFO] Deleting raw and processed files.
2025-09-11 09:36:33,223 [INFO] Deleted 0 files in directory: /media/shyunc/DATA/KSpec/KSPEC_ICS/GFA/Simul/kspec_gfa_controller/src/img/raw
2025-09-11 09:36:33,224 [INFO] Deleted 0 files in directory: /media/shyunc/DATA/KSpec/KSPEC_ICS/GFA/Simul/kspec_gfa_controller/src/img/procimg
2025-09-11 09:36:33,224 [INFO] Deleted 0 raw files and 0 processed files.
2025-09-11 09:39:06,919 [INFO] Querying camera statuses...
2025-09-11 09:59:49,055 [INFO] Starting guiding sequence...
2025-09-11 09:59:49,057 [INFO] Grabbing raw image...
2025-09-11 09:59:54,058 [INFO] Running astrometry preprocessing...
2025-09-11 09:59:54,059 [INFO] Executing guider offset calculation...
2025-09-11 09:59:54,059 [INFO] Clearing temp astrometry data...
2025-09-11 09:59:54,059 [INFO] Deleting raw and processed files.
2025-09-11 09:59:54,059 [INFO] Deleted 0 files in directory: /media/shyunc/DATA/KSpec/KSPEC_ICS/GFA/Simul/kspec_gfa_controller/src/img/raw
2025-09-11 09:59:54,059 [INFO] Deleted 0 files in directory: /media/shyunc/DATA/KSpec/KSPEC_ICS/GFA/Simul/kspec_gfa_controller/src/img/procimg
2025-09-11 09:59:54,060 [INFO] Deleted 0 raw files and 0 processed files.
2025-09-11 10:00:24,062 [INFO] Starting guiding sequence...
2025-09-11 10:00:24,064 [INFO] Grabbing raw image...
2025-09-11 10:00:29,066 [INFO] Running astrometry preprocessing...
2025-09-11 10:00:29,066 [INFO] Executing guider offset calculation...
2025-09-11 10:00:29,067 [INFO] Clearing temp astrometry data...
2025-09-11 10:00:29,067 [INFO] Deleting raw and processed files.
2025-09-11 10:00:29,069 [INFO] Deleted 0 files in directory: /media/shyunc/DATA/KSpec/KSPEC_ICS/GFA/Simul/kspec_gfa_controller/src/img/raw
2025-09-11 10:00:29,070 [INFO] Deleted 0 files in directory: /media/shyunc/DATA/KSpec/KSPEC_ICS/GFA/Simul/kspec_gfa_controller/src/img/procimg
2025-09-11 10:00:29,070 [INFO] Deleted 0 raw files and 0 processed files.
2025-09-11 10:00:59,072 [INFO] Starting guiding sequence...
2025-09-11 10:00:59,074 [INFO] Grabbing raw image...
2025-09-11 10:01:04,075 [INFO] Running astrometry preprocessing...
2025-09-11 10:01:04,076 [INFO] Executing guider offset calculation...
2025-09-11 10:01:04,077 [INFO] Clearing temp astrometry data...
2025-09-11 10:01:04,078 [INFO] Deleting raw and processed files.
2025-09-11 10:01:04,079 [INFO] Deleted 0 files in directory: /media/shyunc/DATA/KSpec/KSPEC_ICS/GFA/Simul/kspec_gfa_controller/src/img/raw
2025-09-11 10:01:04,080 [INFO] Deleted 0 files in directory: /media/shyunc/DATA/KSpec/KSPEC_ICS/GFA/Simul/kspec_gfa_controller/src/img/procimg
2025-09-11 10:01:04,080 [INFO] Deleted 0 raw files and 0 processed files.
2025-09-11 10:01:34,082 [INFO] Starting guiding sequence...
2025-09-11 10:01:34,085 [INFO] Grabbing raw image...
2025-09-11 10:01:39,086 [INFO] Running astrometry preprocessing...
2025-09-11 10:01:39,087 [INFO] Executing guider offset calculation...
2025-09-11 10:01:39,088 [INFO] Clearing temp astrometry data...
2025-09-11 10:01:39,089 [INFO] Deleting raw and processed files.
2025-09-11 10:01:39,090 [INFO] Deleted 0 files in directory: /media/shyunc/DATA/KSpec/KSPEC_ICS/GFA/Simul/kspec_gfa_controller/src/img/raw
2025-09-11 10:01:39,091 [INFO] Deleted 0 files in directory: /media/shyunc/DATA/KSpec/KSPEC_ICS/GFA/Simul/kspec_gfa_controller/src/img/procimg
2025-09-11 10:01:39,091 [INFO] Deleted 0 raw files and 0 processed files.
2025-09-11 10:17:21,622 [INFO] Querying camera statuses...
2025-09-11 10:20:45,813 [INFO] Starting guiding sequence...
2025-09-11 10:20:45,815 [INFO] Grabbing raw image...
2025-09-11 10:20:50,817 [INFO] Running astrometry preprocessing...
2025-09-11 10:20:50,818 [INFO] Executing guider offset calculation...
2025-09-11 10:20:50,818 [INFO] Clearing temp astrometry data...
2025-09-11 10:20:50,819 [INFO] Deleting raw and processed files.
2025-09-11 10:20:50,821 [INFO] Deleted 0 files in directory: /media/shyunc/DATA/KSpec/KSPEC_ICS/GFA/Simul/kspec_gfa_controller/src/img/raw
2025-09-11 10:20:50,821 [INFO] Deleted 0 files in directory: /media/shyunc/DATA/KSpec/KSPEC_ICS/GFA/Simul/kspec_gfa_controller/src/img/procimg
2025-09-11 10:20:50,821 [INFO] Deleted 0 raw files and 0 processed files.
2025-09-11 10:21:20,824 [INFO] Starting guiding sequence...
2025-09-11 10:21:20,827 [INFO] Grabbing raw image...
2025-09-11 10:21:25,829 [INFO] Running astrometry preprocessing...
2025-09-11 10:21:25,830 [INFO] Executing guider offset calculation...
2025-09-11 10:21:25,830 [INFO] Clearing temp astrometry data...
2025-09-11 10:21:25,831 [INFO] Deleting raw and processed files.
2025-09-11 10:21:25,833 [INFO] Deleted 0 files in directory: /media/shyunc/DATA/KSpec/KSPEC_ICS/GFA/Simul/kspec_gfa_controller/src/img/raw
2025-09-11 10:21:25,834 [INFO] Deleted 0 files in directory: /media/shyunc/DATA/KSpec/KSPEC_ICS/GFA/Simul/kspec_gfa_controller/src/img/procimg
2025-09-11 10:21:25,834 [INFO] Deleted 0 raw files and 0 processed files.
2025-09-11 10:21:55,837 [INFO] Starting guiding sequence...
2025-09-11 10:21:55,840 [INFO] Grabbing raw image...
2025-09-11 10:22:00,842 [INFO] Running astrometry preprocessing...
2025-09-11 10:22:00,843 [INFO] Executing guider offset calculation...
2025-09-11 10:22:00,844 [INFO] Clearing temp astrometry data...
2025-09-11 10:22:00,844 [INFO] Deleting raw and processed files.
2025-09-11 10:22:00,846 [INFO] Deleted 0 files in directory: /media/shyunc/DATA/KSpec/KSPEC_ICS/GFA/Simul/kspec_gfa_controller/src/img/raw
2025-09-11 10:22:00,847 [INFO] Deleted 0 files in directory: /media/shyunc/DATA/KSpec/KSPEC_ICS/GFA/Simul/kspec_gfa_controller/src/img/procimg
2025-09-11 10:22:00,847 [INFO] Deleted 0 raw files and 0 processed files.
2025-09-11 10:22:30,849 [INFO] Starting guiding sequence...
2025-09-11 10:22:30,852 [INFO] Grabbing raw image...
2025-09-11 10:22:35,854 [INFO] Running astrometry preprocessing...
2025-09-11 10:22:35,855 [INFO] Executing guider offset calculation...
2025-09-11 10:22:35,855 [INFO] Clearing temp astrometry data...
2025-09-11 10:22:35,856 [INFO] Deleting raw and processed files.
2025-09-11 10:22:35,857 [INFO] Deleted 0 files in directory: /media/shyunc/DATA/KSpec/KSPEC_ICS/GFA/Simul/kspec_gfa_controller/src/img/raw
2025-09-11 10:22:35,858 [INFO] Deleted 0 files in directory: /media/shyunc/DATA/KSpec/KSPEC_ICS/GFA/Simul/kspec_gfa_controller/src/img/procimg
2025-09-11 10:22:35,858 [INFO] Deleted 0 raw files and 0 processed files.
2025-09-11 10:46:56,904 [INFO] Querying camera statuses...
2025-09-11 11:47:35,653 [INFO] Querying camera statuses...
2025-09-11 11:53:14,307 [INFO] Starting guiding sequence...
2025-09-11 11:53:14,308 [INFO] Grabbing raw image...
2025-09-11 11:53:19,309 [INFO] Running astrometry preprocessing...
2025-09-11 11:53:19,310 [INFO] Executing guider offset calculation...
2025-09-11 11:53:19,311 [INFO] Clearing temp astrometry data...
2025-09-11 11:53:19,311 [INFO] Deleting raw and processed files.
2025-09-11 11:53:19,313 [INFO] Deleted 0 files in directory: /media/shyunc/DATA/KSpec/KSPEC_ICS/GFA/Simul/kspec_gfa_controller/src/img/raw
2025-09-11 11:53:19,314 [INFO] Deleted 0 files in directory: /media/shyunc/DATA/KSpec/KSPEC_ICS/GFA/Simul/kspec_gfa_controller/src/img/procimg
2025-09-11 11:53:19,314 [INFO] Deleted 0 raw files and 0 processed files.
2025-09-11 16:54:30,922 [INFO] Querying camera statuses...
2025-09-11 16:56:02,815 [INFO] Starting guiding sequence...
2025-09-11 16:56:02,817 [INFO] Grabbing raw image...
2025-09-11 16:56:07,819 [INFO] Running astrometry preprocessing...
2025-09-11 16:56:07,820 [INFO] Executing guider offset calculation...
2025-09-11 16:56:07,820 [INFO] Clearing temp astrometry data...
2025-09-11 16:56:07,821 [INFO] Deleting raw and processed files.
2025-09-11 16:56:07,822 [INFO] Deleted 0 files in directory: /media/shyunc/DATA/KSpec/KSPEC_ICS/GFA/Simul/kspec_gfa_controller/src/img/raw
2025-09-11 16:56:07,823 [INFO] Deleted 0 files in directory: /media/shyunc/DATA/KSpec/KSPEC_ICS/GFA/Simul/kspec_gfa_controller/src/img/procimg
2025-09-11 16:56:07,823 [INFO] Deleted 0 raw files and 0 processed files.
2025-09-11 16:56:37,828 [INFO] Starting guiding sequence...
2025-09-11 16:56:37,831 [INFO] Grabbing raw image...
2025-09-11 16:56:42,833 [INFO] Running astrometry preprocessing...
2025-09-11 16:56:42,834 [INFO] Executing guider offset calculation...
2025-09-11 16:56:42,834 [INFO] Clearing temp astrometry data...
2025-09-11 16:56:42,835 [INFO] Deleting raw and processed files.
2025-09-11 16:56:42,836 [INFO] Deleted 0 files in directory: /media/shyunc/DATA/KSpec/KSPEC_ICS/GFA/Simul/kspec_gfa_controller/src/img/raw
2025-09-11 16:56:42,837 [INFO] Deleted 0 files in directory: /media/shyunc/DATA/KSpec/KSPEC_ICS/GFA/Simul/kspec_gfa_controller/src/img/procimg
2025-09-11 16:56:42,837 [INFO] Deleted 0 raw files and 0 processed files.
2025-09-11 16:57:12,840 [INFO] Starting guiding sequence...
2025-09-11 16:57:12,842 [INFO] Grabbing raw image...
2025-09-11 17:04:58,935 [INFO] Querying camera statuses...
2025-09-11 17:07:26,815 [INFO] Starting guiding sequence...
2025-09-11 17:07:26,817 [INFO] Grabbing raw image...
2025-09-11 17:07:31,820 [INFO] Running astrometry preprocessing...
2025-09-11 17:07:31,820 [INFO] Executing guider offset calculation...
2025-09-11 17:07:31,821 [INFO] Clearing temp astrometry data...
2025-09-11 17:07:31,822 [INFO] Deleting raw and processed files.
2025-09-11 17:07:31,823 [INFO] Deleted 0 files in directory: /media/shyunc/DATA/KSpec/KSPEC_ICS/GFA/Simul/kspec_gfa_controller/src/img/raw
2025-09-11 17:07:31,824 [INFO] Deleted 0 files in directory: /media/shyunc/DATA/KSpec/KSPEC_ICS/GFA/Simul/kspec_gfa_controller/src/img/procimg
2025-09-11 17:07:31,824 [INFO] Deleted 0 raw files and 0 processed files.
2025-09-11 17:08:01,826 [INFO] Starting guiding sequence...
2025-09-11 17:08:01,829 [INFO] Grabbing raw image...
2025-09-11 17:08:06,831 [INFO] Running astrometry preprocessing...
2025-09-11 17:08:06,832 [INFO] Executing guider offset calculation...
2025-09-11 17:08:06,833 [INFO] Clearing temp astrometry data...
2025-09-11 17:08:06,833 [INFO] Deleting raw and processed files.
2025-09-11 17:08:06,834 [INFO] Deleted 0 files in directory: /media/shyunc/DATA/KSpec/KSPEC_ICS/GFA/Simul/kspec_gfa_controller/src/img/raw
2025-09-11 17:08:06,835 [INFO] Deleted 0 files in directory: /media/shyunc/DATA/KSpec/KSPEC_ICS/GFA/Simul/kspec_gfa_controller/src/img/procimg
2025-09-11 17:08:06,836 [INFO] Deleted 0 raw files and 0 processed files.
2025-09-12 10:27:44,410 [INFO] Querying camera statuses...
2025-09-12 10:28:30,095 [INFO] Starting guiding sequence...
2025-09-12 10:28:30,096 [INFO] Grabbing raw image...
2025-09-12 10:28:35,097 [INFO] Running astrometry preprocessing...
2025-09-12 10:28:35,097 [INFO] Executing guider offset calculation...
2025-09-12 10:28:35,098 [INFO] Clearing temp astrometry data...
2025-09-12 10:28:35,098 [INFO] Deleting raw and processed files.
2025-09-12 10:28:35,098 [INFO] Deleted 0 files in directory: /media/shyunc/DATA/KSpec/KSPEC_ICS/GFA/Simul/kspec_gfa_controller/src/img/raw
2025-09-12 10:28:35,098 [INFO] Deleted 0 files in directory: /media/shyunc/DATA/KSpec/KSPEC_ICS/GFA/Simul/kspec_gfa_controller/src/img/procimg
2025-09-12 10:28:35,098 [INFO] Deleted 0 raw files and 0 processed files.
2025-09-12 10:29:53,817 [INFO] Starting guiding sequence...
2025-09-12 10:29:53,819 [INFO] Grabbing raw image...
2025-09-12 10:29:58,820 [INFO] Running astrometry preprocessing...
2025-09-12 10:29:58,821 [INFO] Executing guider offset calculation...
2025-09-12 10:29:58,822 [INFO] Clearing temp astrometry data...
2025-09-12 10:29:58,823 [INFO] Deleting raw and processed files.
2025-09-12 10:29:58,824 [INFO] Deleted 0 files in directory: /media/shyunc/DATA/KSpec/KSPEC_ICS/GFA/Simul/kspec_gfa_controller/src/img/raw
2025-09-12 10:29:58,825 [INFO] Deleted 0 files in directory: /media/shyunc/DATA/KSpec/KSPEC_ICS/GFA/Simul/kspec_gfa_controller/src/img/procimg
2025-09-12 10:29:58,825 [INFO] Deleted 0 raw files and 0 processed files.
2025-09-12 10:30:28,826 [INFO] Starting guiding sequence...
2025-09-12 10:30:28,829 [INFO] Grabbing raw image...
2025-09-12 10:30:33,831 [INFO] Running astrometry preprocessing...
2025-09-12 10:30:33,832 [INFO] Executing guider offset calculation...
2025-09-12 10:30:33,832 [INFO] Clearing temp astrometry data...
2025-09-12 10:30:33,833 [INFO] Deleting raw and processed files.
2025-09-12 10:30:33,834 [INFO] Deleted 0 files in directory: /media/shyunc/DATA/KSpec/KSPEC_ICS/GFA/Simul/kspec_gfa_controller/src/img/raw
2025-09-12 10:30:33,835 [INFO] Deleted 0 files in directory: /media/shyunc/DATA/KSpec/KSPEC_ICS/GFA/Simul/kspec_gfa_controller/src/img/procimg
2025-09-12 10:30:33,835 [INFO] Deleted 0 raw files and 0 processed files.
2025-09-12 10:31:03,837 [INFO] Starting guiding sequence...
2025-09-12 10:31:03,839 [INFO] Grabbing raw image...
2025-09-12 10:46:23,753 [INFO] Querying camera statuses...
2025-09-12 10:48:36,804 [INFO] Starting guiding sequence...
2025-09-12 10:48:36,804 [INFO] Grabbing raw image...
2025-09-12 10:48:41,806 [INFO] Running astrometry preprocessing...
2025-09-12 10:48:41,806 [INFO] Executing guider offset calculation...
2025-09-12 10:48:41,806 [INFO] Clearing temp astrometry data...
2025-09-12 10:48:41,806 [INFO] Deleting raw and processed files.
2025-09-12 10:48:41,806 [INFO] Deleted 0 files in directory: /media/shyunc/DATA/KSpec/KSPEC_ICS/GFA/Simul/kspec_gfa_controller/src/img/raw
2025-09-12 10:48:41,807 [INFO] Deleted 0 files in directory: /media/shyunc/DATA/KSpec/KSPEC_ICS/GFA/Simul/kspec_gfa_controller/src/img/procimg
2025-09-12 10:48:41,807 [INFO] Deleted 0 raw files and 0 processed files.
2025-09-12 10:49:11,809 [INFO] Starting guiding sequence...
2025-09-12 10:49:11,810 [INFO] Grabbing raw image...
2025-09-12 10:49:16,811 [INFO] Running astrometry preprocessing...
2025-09-12 10:49:16,812 [INFO] Executing guider offset calculation...
2025-09-12 10:49:16,812 [INFO] Clearing temp astrometry data...
2025-09-12 10:49:16,812 [INFO] Deleting raw and processed files.
2025-09-12 10:49:16,812 [INFO] Deleted 0 files in directory: /media/shyunc/DATA/KSpec/KSPEC_ICS/GFA/Simul/kspec_gfa_controller/src/img/raw
2025-09-12 10:49:16,813 [INFO] Deleted 0 files in directory: /media/shyunc/DATA/KSpec/KSPEC_ICS/GFA/Simul/kspec_gfa_controller/src/img/procimg
2025-09-12 10:49:16,813 [INFO] Deleted 0 raw files and 0 processed files.
2025-09-12 10:49:46,815 [INFO] Starting guiding sequence...
2025-09-12 10:49:46,816 [INFO] Grabbing raw image...
2025-09-12 11:26:37,722 [INFO] Querying camera statuses...
2025-09-12 11:27:38,793 [INFO] Starting guiding sequence...
2025-09-12 11:27:38,793 [INFO] Grabbing raw image...
2025-09-12 11:27:43,795 [INFO] Running astrometry preprocessing...
2025-09-12 11:27:43,796 [INFO] Executing guider offset calculation...
2025-09-12 11:27:43,796 [INFO] Clearing temp astrometry data...
2025-09-12 11:27:43,797 [INFO] Deleting raw and processed files.
2025-09-12 11:27:43,798 [INFO] Deleted 0 files in directory: /media/shyunc/DATA/KSpec/KSPEC_ICS/GFA/Simul/kspec_gfa_controller/src/img/raw
2025-09-12 11:27:43,799 [INFO] Deleted 0 files in directory: /media/shyunc/DATA/KSpec/KSPEC_ICS/GFA/Simul/kspec_gfa_controller/src/img/procimg
2025-09-12 11:27:43,800 [INFO] Deleted 0 raw files and 0 processed files.
2025-09-12 12:03:33,213 [INFO] Querying camera statuses...
2025-09-12 12:05:53,427 [INFO] Querying camera statuses...
2025-09-12 12:08:29,140 [INFO] Querying camera statuses...
2025-09-12 12:43:46,718 [INFO] Querying camera statuses...
2025-09-12 12:46:17,418 [INFO] Querying camera statuses...
2025-09-12 14:26:39,412 [INFO] Querying camera statuses...
2025-09-12 14:29:25,590 [INFO] Querying camera statuses...
2025-09-12 14:32:20,594 [INFO] Querying camera statuses...
2025-09-12 15:24:43,927 [INFO] Querying camera statuses...
2025-09-12 15:25:45,919 [INFO] Starting guiding sequence...
2025-09-12 15:25:45,920 [INFO] Grabbing raw image...
2025-09-12 15:25:50,922 [INFO] Running astrometry preprocessing...
2025-09-12 15:25:50,923 [INFO] Executing guider offset calculation...
2025-09-12 15:25:50,924 [INFO] Clearing temp astrometry data...
2025-09-12 15:25:50,924 [INFO] Deleting raw and processed files.
2025-09-12 15:25:50,926 [INFO] Deleted 0 files in directory: /media/shyunc/DATA/KSpec/KSPEC_ICS/GFA/Simul/kspec_gfa_controller/src/img/raw
2025-09-12 15:25:50,927 [INFO] Deleted 0 files in directory: /media/shyunc/DATA/KSpec/KSPEC_ICS/GFA/Simul/kspec_gfa_controller/src/img/procimg
2025-09-12 15:25:50,927 [INFO] Deleted 0 raw files and 0 processed files.
2025-09-12 15:26:23,052 [INFO] Starting guiding sequence...
2025-09-12 15:26:23,054 [INFO] Grabbing raw image...
2025-09-12 15:26:28,055 [INFO] Running astrometry preprocessing...
2025-09-12 15:26:28,056 [INFO] Executing guider offset calculation...
2025-09-12 15:26:28,057 [INFO] Clearing temp astrometry data...
2025-09-12 15:26:28,057 [INFO] Deleting raw and processed files.
2025-09-12 15:26:28,058 [INFO] Deleted 0 files in directory: /media/shyunc/DATA/KSpec/KSPEC_ICS/GFA/Simul/kspec_gfa_controller/src/img/raw
2025-09-12 15:26:28,060 [INFO] Deleted 0 files in directory: /media/shyunc/DATA/KSpec/KSPEC_ICS/GFA/Simul/kspec_gfa_controller/src/img/procimg
2025-09-12 15:26:28,060 [INFO] Deleted 0 raw files and 0 processed files.
2025-09-12 15:26:58,062 [INFO] Starting guiding sequence...
2025-09-12 15:26:58,065 [INFO] Grabbing raw image...
2025-09-12 15:27:03,067 [INFO] Running astrometry preprocessing...
2025-09-12 15:27:03,067 [INFO] Executing guider offset calculation...
2025-09-12 15:27:03,068 [INFO] Clearing temp astrometry data...
2025-09-12 15:27:03,069 [INFO] Deleting raw and processed files.
2025-09-12 15:27:03,070 [INFO] Deleted 0 files in directory: /media/shyunc/DATA/KSpec/KSPEC_ICS/GFA/Simul/kspec_gfa_controller/src/img/raw
2025-09-12 15:27:03,071 [INFO] Deleted 0 files in directory: /media/shyunc/DATA/KSpec/KSPEC_ICS/GFA/Simul/kspec_gfa_controller/src/img/procimg
2025-09-12 15:27:03,071 [INFO] Deleted 0 raw files and 0 processed files.
2025-09-12 15:27:33,074 [INFO] Starting guiding sequence...
2025-09-12 15:27:33,076 [INFO] Grabbing raw image...
2025-09-12 15:39:16,356 [INFO] Image save path: /media/shyunc/DATA/KSpec/KSPEC_ICS/GFA/Simul/kspec_gfa_controller/src/img/grab/2025-09-12
2025-09-12 15:39:16,357 [INFO] Grabbing from camera 3 (ExpTime=10.0, Binning=4)
2025-09-12 15:58:54,095 [INFO] Querying camera statuses...
2025-09-12 15:59:09,813 [INFO] Querying camera statuses...
2025-09-12 16:02:07,934 [INFO] Querying camera statuses...
2025-09-12 16:03:58,789 [INFO] Querying camera statuses...
2025-09-12 16:04:48,350 [INFO] Starting guiding sequence...
2025-09-12 16:04:48,351 [INFO] Grabbing raw image...
2025-09-12 16:04:53,353 [INFO] Running astrometry preprocessing...
2025-09-12 16:04:53,353 [INFO] Executing guider offset calculation...
2025-09-12 16:04:53,354 [INFO] Clearing temp astrometry data...
2025-09-12 16:04:53,355 [INFO] Deleting raw and processed files.
2025-09-12 16:04:53,356 [INFO] Deleted 0 files in directory: /media/shyunc/DATA/KSpec/KSPEC_ICS/GFA/Simul/kspec_gfa_controller/src/img/raw
2025-09-12 16:04:53,357 [INFO] Deleted 0 files in directory: /media/shyunc/DATA/KSpec/KSPEC_ICS/GFA/Simul/kspec_gfa_controller/src/img/procimg
2025-09-12 16:04:53,357 [INFO] Deleted 0 raw files and 0 processed files.
2025-09-12 16:07:46,440 [INFO] Starting guiding sequence...
2025-09-12 16:07:46,440 [INFO] Grabbing raw image...
2025-09-12 16:07:51,441 [INFO] Running astrometry preprocessing...
2025-09-12 16:07:51,442 [INFO] Executing guider offset calculation...
2025-09-12 16:07:51,443 [INFO] Clearing temp astrometry data...
2025-09-12 16:07:51,443 [INFO] Deleting raw and processed files.
2025-09-12 16:07:51,444 [INFO] Deleted 0 files in directory: /media/shyunc/DATA/KSpec/KSPEC_ICS/GFA/Simul/kspec_gfa_controller/src/img/raw
2025-09-12 16:07:51,445 [INFO] Deleted 0 files in directory: /media/shyunc/DATA/KSpec/KSPEC_ICS/GFA/Simul/kspec_gfa_controller/src/img/procimg
2025-09-12 16:07:51,446 [INFO] Deleted 0 raw files and 0 processed files.
2025-09-12 16:33:03,683 [INFO] Starting guiding sequence...
2025-09-12 16:33:03,685 [INFO] Grabbing raw image...
2025-09-12 16:33:08,687 [INFO] Running astrometry preprocessing...
2025-09-12 16:33:08,687 [INFO] Executing guider offset calculation...
2025-09-12 16:33:08,688 [INFO] Clearing temp astrometry data...
2025-09-12 16:33:08,688 [INFO] Deleting raw and processed files.
2025-09-12 16:33:08,689 [INFO] Deleted 0 files in directory: /media/shyunc/DATA/KSpec/KSPEC_ICS/GFA/Simul/kspec_gfa_controller/src/img/raw
2025-09-12 16:33:08,690 [INFO] Deleted 0 files in directory: /media/shyunc/DATA/KSpec/KSPEC_ICS/GFA/Simul/kspec_gfa_controller/src/img/procimg
2025-09-12 16:33:08,691 [INFO] Deleted 0 raw files and 0 processed files.
2025-09-12 16:35:59,631 [INFO] Starting guiding sequence...
2025-09-12 16:35:59,633 [INFO] Grabbing raw image...
2025-09-12 16:36:04,636 [INFO] Running astrometry preprocessing...
2025-09-12 16:36:04,636 [INFO] Executing guider offset calculation...
2025-09-12 16:36:04,637 [INFO] Clearing temp astrometry data...
2025-09-12 16:36:04,638 [INFO] Deleting raw and processed files.
2025-09-12 16:36:04,639 [INFO] Deleted 0 files in directory: /media/shyunc/DATA/KSpec/KSPEC_ICS/GFA/Simul/kspec_gfa_controller/src/img/raw
2025-09-12 16:36:04,640 [INFO] Deleted 0 files in directory: /media/shyunc/DATA/KSpec/KSPEC_ICS/GFA/Simul/kspec_gfa_controller/src/img/procimg
2025-09-12 16:36:04,640 [INFO] Deleted 0 raw files and 0 processed files.
