2025-04-14 13:11:28,307 [INFO] Configuration file found: /media/shyunc/DATA/KSpec/KSPEC_ICS/GFA/Simul/kspec_gfa_controller/src/etc/cams.json (at gfa_actions.py)
2025-04-14 13:11:28,307 [INFO] Configuration file found: /media/shyunc/DATA/KSpec/KSPEC_ICS/GFA/Simul/kspec_gfa_controller/src/etc/astrometry_params.json (at gfa_actions.py)
2025-04-14 13:11:28,307 [INFO] Initializing gfa_astrometry class. (at gfa_actions.py)
2025-04-14 13:11:28,308 [INFO] Loaded 4 FITS files. (at gfa_actions.py)
2025-04-14 13:11:28,308 [INFO] Initializing GFAGuider... (at gfa_actions.py)
2025-04-14 13:11:28,308 [INFO] GFAGuider setup complete. (at gfa_actions.py)
2025-04-14 13:50:16,089 [INFO] Guiding starts... (at gfa_actions.py)
2025-04-14 13:50:16,089 [INFO] Step #1: Grab an image (uncomment if needed). (at gfa_actions.py)
2025-04-14 13:50:16,089 [INFO] Step #2: Astrometry... (at gfa_actions.py)
2025-04-14 13:50:16,089 [INFO] Step #3: Calculating the offset... (at gfa_actions.py)
2025-04-14 13:50:16,090 [INFO] Starting guide star calibration process. (at gfa_actions.py)
2025-04-14 13:50:16,090 [INFO] Found 4 astrometry files and 4 processed files. (at gfa_actions.py)
2025-04-14 13:50:16,090 [INFO] Processing FITS: /media/shyunc/DATA/KSpec/KSPEC_ICS/GFA/Simul/kspec_gfa_controller/src/img/astroimg/astro_proc_KMTNge.20231211T102558.0001.fits & /media/shyunc/DATA/KSpec/KSPEC_ICS/GFA/Simul/kspec_gfa_controller/src/img/procimg/proc_KMTNge.20231211T102558.0001.fits (at gfa_actions.py)
2025-04-14 13:50:16,128 [INFO] Performing sigma clipping to derive background and stddev. (at gfa_actions.py)
2025-04-14 13:50:16,324 [INFO] Processing FITS: /media/shyunc/DATA/KSpec/KSPEC_ICS/GFA/Simul/kspec_gfa_controller/src/img/astroimg/astro_proc_KMTNgn.20231211T102558.0001.fits & /media/shyunc/DATA/KSpec/KSPEC_ICS/GFA/Simul/kspec_gfa_controller/src/img/procimg/proc_KMTNgn.20231211T102558.0001.fits (at gfa_actions.py)
2025-04-14 13:50:16,414 [INFO] Performing sigma clipping to derive background and stddev. (at gfa_actions.py)
2025-04-14 13:50:16,539 [INFO] Processing FITS: /media/shyunc/DATA/KSpec/KSPEC_ICS/GFA/Simul/kspec_gfa_controller/src/img/astroimg/astro_proc_KMTNgs.20231211T102558.0001.fits & /media/shyunc/DATA/KSpec/KSPEC_ICS/GFA/Simul/kspec_gfa_controller/src/img/procimg/proc_KMTNgs.20231211T102558.0001.fits (at gfa_actions.py)
2025-04-14 13:50:16,667 [INFO] Performing sigma clipping to derive background and stddev. (at gfa_actions.py)
2025-04-14 13:50:16,794 [INFO] Processing FITS: /media/shyunc/DATA/KSpec/KSPEC_ICS/GFA/Simul/kspec_gfa_controller/src/img/astroimg/astro_proc_KMTNgw.20231211T102558.0001.fits & /media/shyunc/DATA/KSpec/KSPEC_ICS/GFA/Simul/kspec_gfa_controller/src/img/procimg/proc_KMTNgw.20231211T102558.0001.fits (at gfa_actions.py)
2025-04-14 13:50:16,871 [INFO] Performing sigma clipping to derive background and stddev. (at gfa_actions.py)
2025-04-14 13:50:16,992 [WARNING] Offsets within critical threshold; returning 0, 0. (at gfa_actions.py)
2025-04-14 13:50:16,995 [INFO] FWHM: 1.81 arcsec (at gfa_actions.py)
2025-04-14 13:50:16,995 [INFO] Guide star calibration complete. Offsets => fdx=0.00000, fdy=0.00000, FWHM=1.80589 (at gfa_actions.py)
2025-04-14 13:50:16,995 [INFO] Offsets calculated: fdx= $$, fdy=$$, FWHM=$$$ arcsec (at gfa_actions.py)
2025-04-14 13:51:17,016 [INFO] Guiding starts... (at gfa_actions.py)
2025-04-14 13:51:17,017 [INFO] Step #1: Grab an image (uncomment if needed). (at gfa_actions.py)
2025-04-14 13:51:17,017 [INFO] Step #2: Astrometry... (at gfa_actions.py)
2025-04-14 13:51:17,018 [INFO] Step #3: Calculating the offset... (at gfa_actions.py)
2025-04-14 13:51:17,018 [INFO] Starting guide star calibration process. (at gfa_actions.py)
2025-04-14 13:51:17,020 [INFO] Found 4 astrometry files and 4 processed files. (at gfa_actions.py)
2025-04-14 13:51:17,020 [INFO] Processing FITS: /media/shyunc/DATA/KSpec/KSPEC_ICS/GFA/Simul/kspec_gfa_controller/src/img/astroimg/astro_proc_KMTNge.20231211T102558.0001.fits & /media/shyunc/DATA/KSpec/KSPEC_ICS/GFA/Simul/kspec_gfa_controller/src/img/procimg/proc_KMTNge.20231211T102558.0001.fits (at gfa_actions.py)
2025-04-14 13:51:17,028 [INFO] Performing sigma clipping to derive background and stddev. (at gfa_actions.py)
2025-04-14 13:51:17,141 [INFO] Processing FITS: /media/shyunc/DATA/KSpec/KSPEC_ICS/GFA/Simul/kspec_gfa_controller/src/img/astroimg/astro_proc_KMTNgn.20231211T102558.0001.fits & /media/shyunc/DATA/KSpec/KSPEC_ICS/GFA/Simul/kspec_gfa_controller/src/img/procimg/proc_KMTNgn.20231211T102558.0001.fits (at gfa_actions.py)
2025-04-14 13:51:17,148 [INFO] Performing sigma clipping to derive background and stddev. (at gfa_actions.py)
2025-04-14 13:51:17,266 [INFO] Processing FITS: /media/shyunc/DATA/KSpec/KSPEC_ICS/GFA/Simul/kspec_gfa_controller/src/img/astroimg/astro_proc_KMTNgs.20231211T102558.0001.fits & /media/shyunc/DATA/KSpec/KSPEC_ICS/GFA/Simul/kspec_gfa_controller/src/img/procimg/proc_KMTNgs.20231211T102558.0001.fits (at gfa_actions.py)
2025-04-14 13:51:17,273 [INFO] Performing sigma clipping to derive background and stddev. (at gfa_actions.py)
2025-04-14 13:51:17,396 [INFO] Processing FITS: /media/shyunc/DATA/KSpec/KSPEC_ICS/GFA/Simul/kspec_gfa_controller/src/img/astroimg/astro_proc_KMTNgw.20231211T102558.0001.fits & /media/shyunc/DATA/KSpec/KSPEC_ICS/GFA/Simul/kspec_gfa_controller/src/img/procimg/proc_KMTNgw.20231211T102558.0001.fits (at gfa_actions.py)
2025-04-14 13:51:17,403 [INFO] Performing sigma clipping to derive background and stddev. (at gfa_actions.py)
2025-04-14 13:51:17,509 [WARNING] Offsets within critical threshold; returning 0, 0. (at gfa_actions.py)
2025-04-14 13:51:17,511 [INFO] FWHM: 1.81 arcsec (at gfa_actions.py)
2025-04-14 13:51:17,511 [INFO] Guide star calibration complete. Offsets => fdx=0.00000, fdy=0.00000, FWHM=1.80589 (at gfa_actions.py)
2025-04-14 13:51:17,511 [INFO] Offsets calculated: fdx= $$, fdy=$$, FWHM=$$$ arcsec (at gfa_actions.py)
2025-04-14 13:52:17,532 [INFO] Guiding starts... (at gfa_actions.py)
2025-04-14 13:52:17,532 [INFO] Step #1: Grab an image (uncomment if needed). (at gfa_actions.py)
2025-04-14 13:52:17,533 [INFO] Step #2: Astrometry... (at gfa_actions.py)
2025-04-14 13:52:17,533 [INFO] Step #3: Calculating the offset... (at gfa_actions.py)
2025-04-14 13:52:17,534 [INFO] Starting guide star calibration process. (at gfa_actions.py)
2025-04-14 13:52:17,536 [INFO] Found 4 astrometry files and 4 processed files. (at gfa_actions.py)
2025-04-14 13:52:17,537 [INFO] Processing FITS: /media/shyunc/DATA/KSpec/KSPEC_ICS/GFA/Simul/kspec_gfa_controller/src/img/astroimg/astro_proc_KMTNge.20231211T102558.0001.fits & /media/shyunc/DATA/KSpec/KSPEC_ICS/GFA/Simul/kspec_gfa_controller/src/img/procimg/proc_KMTNge.20231211T102558.0001.fits (at gfa_actions.py)
2025-04-14 13:52:17,552 [INFO] Performing sigma clipping to derive background and stddev. (at gfa_actions.py)
2025-04-14 13:52:17,662 [INFO] Processing FITS: /media/shyunc/DATA/KSpec/KSPEC_ICS/GFA/Simul/kspec_gfa_controller/src/img/astroimg/astro_proc_KMTNgn.20231211T102558.0001.fits & /media/shyunc/DATA/KSpec/KSPEC_ICS/GFA/Simul/kspec_gfa_controller/src/img/procimg/proc_KMTNgn.20231211T102558.0001.fits (at gfa_actions.py)
2025-04-14 13:52:17,668 [INFO] Performing sigma clipping to derive background and stddev. (at gfa_actions.py)
2025-04-14 13:52:17,787 [INFO] Processing FITS: /media/shyunc/DATA/KSpec/KSPEC_ICS/GFA/Simul/kspec_gfa_controller/src/img/astroimg/astro_proc_KMTNgs.20231211T102558.0001.fits & /media/shyunc/DATA/KSpec/KSPEC_ICS/GFA/Simul/kspec_gfa_controller/src/img/procimg/proc_KMTNgs.20231211T102558.0001.fits (at gfa_actions.py)
2025-04-14 13:52:17,795 [INFO] Performing sigma clipping to derive background and stddev. (at gfa_actions.py)
2025-04-14 13:52:17,915 [INFO] Processing FITS: /media/shyunc/DATA/KSpec/KSPEC_ICS/GFA/Simul/kspec_gfa_controller/src/img/astroimg/astro_proc_KMTNgw.20231211T102558.0001.fits & /media/shyunc/DATA/KSpec/KSPEC_ICS/GFA/Simul/kspec_gfa_controller/src/img/procimg/proc_KMTNgw.20231211T102558.0001.fits (at gfa_actions.py)
2025-04-14 13:52:17,921 [INFO] Performing sigma clipping to derive background and stddev. (at gfa_actions.py)
2025-04-14 13:52:18,040 [WARNING] Offsets within critical threshold; returning 0, 0. (at gfa_actions.py)
2025-04-14 13:52:18,042 [INFO] FWHM: 1.81 arcsec (at gfa_actions.py)
2025-04-14 13:52:18,042 [INFO] Guide star calibration complete. Offsets => fdx=0.00000, fdy=0.00000, FWHM=1.80589 (at gfa_actions.py)
2025-04-14 13:52:18,042 [INFO] Offsets calculated: fdx= $$, fdy=$$, FWHM=$$$ arcsec (at gfa_actions.py)
2025-04-14 14:17:32,484 [INFO] Guiding starts... (at gfa_actions.py)
2025-04-14 14:17:32,484 [INFO] Step #1: Grab an image (uncomment if needed). (at gfa_actions.py)
2025-04-14 14:17:32,484 [INFO] Step #2: Astrometry... (at gfa_actions.py)
2025-04-14 14:17:32,484 [INFO] Step #3: Calculating the offset... (at gfa_actions.py)
2025-04-14 14:17:32,484 [INFO] Starting guide star calibration process. (at gfa_actions.py)
2025-04-14 14:17:32,503 [INFO] Found 4 astrometry files and 4 processed files. (at gfa_actions.py)
2025-04-14 14:17:32,503 [INFO] Processing FITS: /media/shyunc/DATA/KSpec/KSPEC_ICS/GFA/Simul/kspec_gfa_controller/src/img/astroimg/astro_proc_KMTNge.20231211T102558.0001.fits & /media/shyunc/DATA/KSpec/KSPEC_ICS/GFA/Simul/kspec_gfa_controller/src/img/procimg/proc_KMTNge.20231211T102558.0001.fits (at gfa_actions.py)
2025-04-14 14:17:32,511 [INFO] Performing sigma clipping to derive background and stddev. (at gfa_actions.py)
2025-04-14 14:17:32,626 [INFO] Processing FITS: /media/shyunc/DATA/KSpec/KSPEC_ICS/GFA/Simul/kspec_gfa_controller/src/img/astroimg/astro_proc_KMTNgn.20231211T102558.0001.fits & /media/shyunc/DATA/KSpec/KSPEC_ICS/GFA/Simul/kspec_gfa_controller/src/img/procimg/proc_KMTNgn.20231211T102558.0001.fits (at gfa_actions.py)
2025-04-14 14:17:32,632 [INFO] Performing sigma clipping to derive background and stddev. (at gfa_actions.py)
2025-04-14 14:17:32,751 [INFO] Processing FITS: /media/shyunc/DATA/KSpec/KSPEC_ICS/GFA/Simul/kspec_gfa_controller/src/img/astroimg/astro_proc_KMTNgs.20231211T102558.0001.fits & /media/shyunc/DATA/KSpec/KSPEC_ICS/GFA/Simul/kspec_gfa_controller/src/img/procimg/proc_KMTNgs.20231211T102558.0001.fits (at gfa_actions.py)
2025-04-14 14:17:32,757 [INFO] Performing sigma clipping to derive background and stddev. (at gfa_actions.py)
2025-04-14 14:17:32,878 [INFO] Processing FITS: /media/shyunc/DATA/KSpec/KSPEC_ICS/GFA/Simul/kspec_gfa_controller/src/img/astroimg/astro_proc_KMTNgw.20231211T102558.0001.fits & /media/shyunc/DATA/KSpec/KSPEC_ICS/GFA/Simul/kspec_gfa_controller/src/img/procimg/proc_KMTNgw.20231211T102558.0001.fits (at gfa_actions.py)
2025-04-14 14:17:32,884 [INFO] Performing sigma clipping to derive background and stddev. (at gfa_actions.py)
2025-04-14 14:17:32,990 [WARNING] Offsets within critical threshold; returning 0, 0. (at gfa_actions.py)
2025-04-14 14:17:32,992 [INFO] FWHM: 1.81 arcsec (at gfa_actions.py)
2025-04-14 14:17:32,992 [INFO] Guide star calibration complete. Offsets => fdx=0.00000, fdy=0.00000, FWHM=1.80589 (at gfa_actions.py)
2025-04-14 14:17:32,993 [INFO] Offsets calculated: fdx= $$, fdy=$$, FWHM=$$$ arcsec (at gfa_actions.py)
2025-04-14 14:18:32,998 [INFO] Guiding starts... (at gfa_actions.py)
2025-04-14 14:18:32,998 [INFO] Step #1: Grab an image (uncomment if needed). (at gfa_actions.py)
2025-04-14 14:18:32,999 [INFO] Step #2: Astrometry... (at gfa_actions.py)
2025-04-14 14:18:33,000 [INFO] Step #3: Calculating the offset... (at gfa_actions.py)
2025-04-14 14:18:33,000 [INFO] Starting guide star calibration process. (at gfa_actions.py)
2025-04-14 14:18:33,002 [INFO] Found 4 astrometry files and 4 processed files. (at gfa_actions.py)
2025-04-14 14:18:33,002 [INFO] Processing FITS: /media/shyunc/DATA/KSpec/KSPEC_ICS/GFA/Simul/kspec_gfa_controller/src/img/astroimg/astro_proc_KMTNge.20231211T102558.0001.fits & /media/shyunc/DATA/KSpec/KSPEC_ICS/GFA/Simul/kspec_gfa_controller/src/img/procimg/proc_KMTNge.20231211T102558.0001.fits (at gfa_actions.py)
2025-04-14 14:18:33,011 [INFO] Performing sigma clipping to derive background and stddev. (at gfa_actions.py)
2025-04-14 14:18:33,121 [INFO] Processing FITS: /media/shyunc/DATA/KSpec/KSPEC_ICS/GFA/Simul/kspec_gfa_controller/src/img/astroimg/astro_proc_KMTNgn.20231211T102558.0001.fits & /media/shyunc/DATA/KSpec/KSPEC_ICS/GFA/Simul/kspec_gfa_controller/src/img/procimg/proc_KMTNgn.20231211T102558.0001.fits (at gfa_actions.py)
2025-04-14 14:18:33,128 [INFO] Performing sigma clipping to derive background and stddev. (at gfa_actions.py)
2025-04-14 14:18:33,245 [INFO] Processing FITS: /media/shyunc/DATA/KSpec/KSPEC_ICS/GFA/Simul/kspec_gfa_controller/src/img/astroimg/astro_proc_KMTNgs.20231211T102558.0001.fits & /media/shyunc/DATA/KSpec/KSPEC_ICS/GFA/Simul/kspec_gfa_controller/src/img/procimg/proc_KMTNgs.20231211T102558.0001.fits (at gfa_actions.py)
2025-04-14 14:18:33,252 [INFO] Performing sigma clipping to derive background and stddev. (at gfa_actions.py)
2025-04-14 14:18:33,377 [INFO] Processing FITS: /media/shyunc/DATA/KSpec/KSPEC_ICS/GFA/Simul/kspec_gfa_controller/src/img/astroimg/astro_proc_KMTNgw.20231211T102558.0001.fits & /media/shyunc/DATA/KSpec/KSPEC_ICS/GFA/Simul/kspec_gfa_controller/src/img/procimg/proc_KMTNgw.20231211T102558.0001.fits (at gfa_actions.py)
2025-04-14 14:18:33,384 [INFO] Performing sigma clipping to derive background and stddev. (at gfa_actions.py)
2025-04-14 14:18:33,492 [WARNING] Offsets within critical threshold; returning 0, 0. (at gfa_actions.py)
2025-04-14 14:18:33,495 [INFO] FWHM: 1.81 arcsec (at gfa_actions.py)
2025-04-14 14:18:33,495 [INFO] Guide star calibration complete. Offsets => fdx=0.00000, fdy=0.00000, FWHM=1.80589 (at gfa_actions.py)
2025-04-14 14:18:33,496 [INFO] Offsets calculated: fdx= $$, fdy=$$, FWHM=$$$ arcsec (at gfa_actions.py)
2025-04-14 14:19:33,502 [INFO] Guiding starts... (at gfa_actions.py)
2025-04-14 14:19:33,503 [INFO] Step #1: Grab an image (uncomment if needed). (at gfa_actions.py)
2025-04-14 14:19:33,503 [INFO] Step #2: Astrometry... (at gfa_actions.py)
2025-04-14 14:19:33,503 [INFO] Step #3: Calculating the offset... (at gfa_actions.py)
2025-04-14 14:19:33,503 [INFO] Starting guide star calibration process. (at gfa_actions.py)
2025-04-14 14:19:33,503 [INFO] Found 4 astrometry files and 4 processed files. (at gfa_actions.py)
2025-04-14 14:19:33,503 [INFO] Processing FITS: /media/shyunc/DATA/KSpec/KSPEC_ICS/GFA/Simul/kspec_gfa_controller/src/img/astroimg/astro_proc_KMTNge.20231211T102558.0001.fits & /media/shyunc/DATA/KSpec/KSPEC_ICS/GFA/Simul/kspec_gfa_controller/src/img/procimg/proc_KMTNge.20231211T102558.0001.fits (at gfa_actions.py)
2025-04-14 14:19:33,515 [INFO] Performing sigma clipping to derive background and stddev. (at gfa_actions.py)
2025-04-14 14:19:33,638 [INFO] Processing FITS: /media/shyunc/DATA/KSpec/KSPEC_ICS/GFA/Simul/kspec_gfa_controller/src/img/astroimg/astro_proc_KMTNgn.20231211T102558.0001.fits & /media/shyunc/DATA/KSpec/KSPEC_ICS/GFA/Simul/kspec_gfa_controller/src/img/procimg/proc_KMTNgn.20231211T102558.0001.fits (at gfa_actions.py)
2025-04-14 14:19:33,645 [INFO] Performing sigma clipping to derive background and stddev. (at gfa_actions.py)
2025-04-14 14:19:33,762 [INFO] Processing FITS: /media/shyunc/DATA/KSpec/KSPEC_ICS/GFA/Simul/kspec_gfa_controller/src/img/astroimg/astro_proc_KMTNgs.20231211T102558.0001.fits & /media/shyunc/DATA/KSpec/KSPEC_ICS/GFA/Simul/kspec_gfa_controller/src/img/procimg/proc_KMTNgs.20231211T102558.0001.fits (at gfa_actions.py)
2025-04-14 14:19:33,769 [INFO] Performing sigma clipping to derive background and stddev. (at gfa_actions.py)
2025-04-14 14:19:33,889 [INFO] Processing FITS: /media/shyunc/DATA/KSpec/KSPEC_ICS/GFA/Simul/kspec_gfa_controller/src/img/astroimg/astro_proc_KMTNgw.20231211T102558.0001.fits & /media/shyunc/DATA/KSpec/KSPEC_ICS/GFA/Simul/kspec_gfa_controller/src/img/procimg/proc_KMTNgw.20231211T102558.0001.fits (at gfa_actions.py)
2025-04-14 14:19:33,920 [INFO] Performing sigma clipping to derive background and stddev. (at gfa_actions.py)
2025-04-14 14:19:34,022 [WARNING] Offsets within critical threshold; returning 0, 0. (at gfa_actions.py)
2025-04-14 14:19:34,046 [INFO] FWHM: 1.81 arcsec (at gfa_actions.py)
2025-04-14 14:19:34,046 [INFO] Guide star calibration complete. Offsets => fdx=0.00000, fdy=0.00000, FWHM=1.80589 (at gfa_actions.py)
2025-04-14 14:19:34,046 [INFO] Offsets calculated: fdx= $$, fdy=$$, FWHM=$$$ arcsec (at gfa_actions.py)
2025-04-14 14:27:00,377 [INFO] Guiding starts... (at gfa_actions.py)
2025-04-14 14:27:00,378 [INFO] Step #1: Grab an image (uncomment if needed). (at gfa_actions.py)
2025-04-14 14:27:00,378 [INFO] Step #2: Astrometry... (at gfa_actions.py)
2025-04-14 14:27:00,378 [INFO] Step #3: Calculating the offset... (at gfa_actions.py)
2025-04-14 14:27:00,378 [INFO] Starting guide star calibration process. (at gfa_actions.py)
2025-04-14 14:27:00,379 [INFO] Found 4 astrometry files and 4 processed files. (at gfa_actions.py)
2025-04-14 14:27:00,379 [INFO] Processing FITS: /media/shyunc/DATA/KSpec/KSPEC_ICS/GFA/Simul/kspec_gfa_controller/src/img/astroimg/astro_proc_KMTNge.20231211T102558.0001.fits & /media/shyunc/DATA/KSpec/KSPEC_ICS/GFA/Simul/kspec_gfa_controller/src/img/procimg/proc_KMTNge.20231211T102558.0001.fits (at gfa_actions.py)
2025-04-14 14:27:00,387 [INFO] Performing sigma clipping to derive background and stddev. (at gfa_actions.py)
2025-04-14 14:27:00,504 [INFO] Processing FITS: /media/shyunc/DATA/KSpec/KSPEC_ICS/GFA/Simul/kspec_gfa_controller/src/img/astroimg/astro_proc_KMTNgn.20231211T102558.0001.fits & /media/shyunc/DATA/KSpec/KSPEC_ICS/GFA/Simul/kspec_gfa_controller/src/img/procimg/proc_KMTNgn.20231211T102558.0001.fits (at gfa_actions.py)
2025-04-14 14:27:00,511 [INFO] Performing sigma clipping to derive background and stddev. (at gfa_actions.py)
2025-04-14 14:27:00,629 [INFO] Processing FITS: /media/shyunc/DATA/KSpec/KSPEC_ICS/GFA/Simul/kspec_gfa_controller/src/img/astroimg/astro_proc_KMTNgs.20231211T102558.0001.fits & /media/shyunc/DATA/KSpec/KSPEC_ICS/GFA/Simul/kspec_gfa_controller/src/img/procimg/proc_KMTNgs.20231211T102558.0001.fits (at gfa_actions.py)
2025-04-14 14:27:00,636 [INFO] Performing sigma clipping to derive background and stddev. (at gfa_actions.py)
2025-04-14 14:27:00,755 [INFO] Processing FITS: /media/shyunc/DATA/KSpec/KSPEC_ICS/GFA/Simul/kspec_gfa_controller/src/img/astroimg/astro_proc_KMTNgw.20231211T102558.0001.fits & /media/shyunc/DATA/KSpec/KSPEC_ICS/GFA/Simul/kspec_gfa_controller/src/img/procimg/proc_KMTNgw.20231211T102558.0001.fits (at gfa_actions.py)
2025-04-14 14:27:00,762 [INFO] Performing sigma clipping to derive background and stddev. (at gfa_actions.py)
2025-04-14 14:27:00,895 [WARNING] Offsets within critical threshold; returning 0, 0. (at gfa_actions.py)
2025-04-14 14:27:00,898 [INFO] FWHM: 1.81 arcsec (at gfa_actions.py)
2025-04-14 14:27:00,898 [INFO] Guide star calibration complete. Offsets => fdx=0.00000, fdy=0.00000, FWHM=1.80589 (at gfa_actions.py)
2025-04-14 14:27:00,898 [INFO] Offsets calculated: fdx= $$, fdy=$$, FWHM=$$$ arcsec (at gfa_actions.py)
2025-04-14 14:28:00,902 [INFO] Guiding starts... (at gfa_actions.py)
2025-04-14 14:28:00,903 [INFO] Step #1: Grab an image (uncomment if needed). (at gfa_actions.py)
2025-04-14 14:28:00,903 [INFO] Step #2: Astrometry... (at gfa_actions.py)
2025-04-14 14:28:00,904 [INFO] Step #3: Calculating the offset... (at gfa_actions.py)
2025-04-14 14:28:00,904 [INFO] Starting guide star calibration process. (at gfa_actions.py)
2025-04-14 14:28:00,906 [INFO] Found 4 astrometry files and 4 processed files. (at gfa_actions.py)
2025-04-14 14:28:00,906 [INFO] Processing FITS: /media/shyunc/DATA/KSpec/KSPEC_ICS/GFA/Simul/kspec_gfa_controller/src/img/astroimg/astro_proc_KMTNge.20231211T102558.0001.fits & /media/shyunc/DATA/KSpec/KSPEC_ICS/GFA/Simul/kspec_gfa_controller/src/img/procimg/proc_KMTNge.20231211T102558.0001.fits (at gfa_actions.py)
2025-04-14 14:28:00,915 [INFO] Performing sigma clipping to derive background and stddev. (at gfa_actions.py)
2025-04-14 14:28:01,024 [INFO] Processing FITS: /media/shyunc/DATA/KSpec/KSPEC_ICS/GFA/Simul/kspec_gfa_controller/src/img/astroimg/astro_proc_KMTNgn.20231211T102558.0001.fits & /media/shyunc/DATA/KSpec/KSPEC_ICS/GFA/Simul/kspec_gfa_controller/src/img/procimg/proc_KMTNgn.20231211T102558.0001.fits (at gfa_actions.py)
2025-04-14 14:28:01,031 [INFO] Performing sigma clipping to derive background and stddev. (at gfa_actions.py)
2025-04-14 14:28:01,147 [INFO] Processing FITS: /media/shyunc/DATA/KSpec/KSPEC_ICS/GFA/Simul/kspec_gfa_controller/src/img/astroimg/astro_proc_KMTNgs.20231211T102558.0001.fits & /media/shyunc/DATA/KSpec/KSPEC_ICS/GFA/Simul/kspec_gfa_controller/src/img/procimg/proc_KMTNgs.20231211T102558.0001.fits (at gfa_actions.py)
2025-04-14 14:28:01,154 [INFO] Performing sigma clipping to derive background and stddev. (at gfa_actions.py)
2025-04-14 14:28:01,273 [INFO] Processing FITS: /media/shyunc/DATA/KSpec/KSPEC_ICS/GFA/Simul/kspec_gfa_controller/src/img/astroimg/astro_proc_KMTNgw.20231211T102558.0001.fits & /media/shyunc/DATA/KSpec/KSPEC_ICS/GFA/Simul/kspec_gfa_controller/src/img/procimg/proc_KMTNgw.20231211T102558.0001.fits (at gfa_actions.py)
2025-04-14 14:28:01,280 [INFO] Performing sigma clipping to derive background and stddev. (at gfa_actions.py)
2025-04-14 14:28:01,385 [WARNING] Offsets within critical threshold; returning 0, 0. (at gfa_actions.py)
2025-04-14 14:28:01,387 [INFO] FWHM: 1.81 arcsec (at gfa_actions.py)
2025-04-14 14:28:01,387 [INFO] Guide star calibration complete. Offsets => fdx=0.00000, fdy=0.00000, FWHM=1.80589 (at gfa_actions.py)
2025-04-14 14:28:01,388 [INFO] Offsets calculated: fdx= $$, fdy=$$, FWHM=$$$ arcsec (at gfa_actions.py)
2025-04-14 14:29:01,392 [INFO] Guiding starts... (at gfa_actions.py)
2025-04-14 14:29:01,393 [INFO] Step #1: Grab an image (uncomment if needed). (at gfa_actions.py)
2025-04-14 14:29:01,393 [INFO] Step #2: Astrometry... (at gfa_actions.py)
2025-04-14 14:29:01,394 [INFO] Step #3: Calculating the offset... (at gfa_actions.py)
2025-04-14 14:29:01,394 [INFO] Starting guide star calibration process. (at gfa_actions.py)
2025-04-14 14:29:01,395 [INFO] Found 4 astrometry files and 4 processed files. (at gfa_actions.py)
2025-04-14 14:29:01,396 [INFO] Processing FITS: /media/shyunc/DATA/KSpec/KSPEC_ICS/GFA/Simul/kspec_gfa_controller/src/img/astroimg/astro_proc_KMTNge.20231211T102558.0001.fits & /media/shyunc/DATA/KSpec/KSPEC_ICS/GFA/Simul/kspec_gfa_controller/src/img/procimg/proc_KMTNge.20231211T102558.0001.fits (at gfa_actions.py)
2025-04-14 14:29:01,404 [INFO] Performing sigma clipping to derive background and stddev. (at gfa_actions.py)
2025-04-14 14:29:01,513 [INFO] Processing FITS: /media/shyunc/DATA/KSpec/KSPEC_ICS/GFA/Simul/kspec_gfa_controller/src/img/astroimg/astro_proc_KMTNgn.20231211T102558.0001.fits & /media/shyunc/DATA/KSpec/KSPEC_ICS/GFA/Simul/kspec_gfa_controller/src/img/procimg/proc_KMTNgn.20231211T102558.0001.fits (at gfa_actions.py)
2025-04-14 14:29:01,520 [INFO] Performing sigma clipping to derive background and stddev. (at gfa_actions.py)
2025-04-14 14:29:01,636 [INFO] Processing FITS: /media/shyunc/DATA/KSpec/KSPEC_ICS/GFA/Simul/kspec_gfa_controller/src/img/astroimg/astro_proc_KMTNgs.20231211T102558.0001.fits & /media/shyunc/DATA/KSpec/KSPEC_ICS/GFA/Simul/kspec_gfa_controller/src/img/procimg/proc_KMTNgs.20231211T102558.0001.fits (at gfa_actions.py)
2025-04-14 14:29:01,643 [INFO] Performing sigma clipping to derive background and stddev. (at gfa_actions.py)
2025-04-14 14:29:01,762 [INFO] Processing FITS: /media/shyunc/DATA/KSpec/KSPEC_ICS/GFA/Simul/kspec_gfa_controller/src/img/astroimg/astro_proc_KMTNgw.20231211T102558.0001.fits & /media/shyunc/DATA/KSpec/KSPEC_ICS/GFA/Simul/kspec_gfa_controller/src/img/procimg/proc_KMTNgw.20231211T102558.0001.fits (at gfa_actions.py)
2025-04-14 14:29:01,769 [INFO] Performing sigma clipping to derive background and stddev. (at gfa_actions.py)
2025-04-14 14:29:01,874 [WARNING] Offsets within critical threshold; returning 0, 0. (at gfa_actions.py)
2025-04-14 14:29:01,876 [INFO] FWHM: 1.81 arcsec (at gfa_actions.py)
2025-04-14 14:29:01,876 [INFO] Guide star calibration complete. Offsets => fdx=0.00000, fdy=0.00000, FWHM=1.80589 (at gfa_actions.py)
2025-04-14 14:29:01,876 [INFO] Offsets calculated: fdx= $$, fdy=$$, FWHM=$$$ arcsec (at gfa_actions.py)
2025-04-14 14:37:09,992 [INFO] Guiding starts... (at gfa_actions.py)
2025-04-14 14:37:09,992 [INFO] Step #1: Grab an image (uncomment if needed). (at gfa_actions.py)
2025-04-14 14:37:09,993 [INFO] Step #2: Astrometry... (at gfa_actions.py)
2025-04-14 14:37:09,994 [INFO] Step #3: Calculating the offset... (at gfa_actions.py)
2025-04-14 14:37:09,994 [INFO] Starting guide star calibration process. (at gfa_actions.py)
2025-04-14 14:37:09,996 [INFO] Found 4 astrometry files and 4 processed files. (at gfa_actions.py)
2025-04-14 14:37:09,996 [INFO] Processing FITS: /media/shyunc/DATA/KSpec/KSPEC_ICS/GFA/Simul/kspec_gfa_controller/src/img/astroimg/astro_proc_KMTNge.20231211T102558.0001.fits & /media/shyunc/DATA/KSpec/KSPEC_ICS/GFA/Simul/kspec_gfa_controller/src/img/procimg/proc_KMTNge.20231211T102558.0001.fits (at gfa_actions.py)
2025-04-14 14:37:10,005 [INFO] Performing sigma clipping to derive background and stddev. (at gfa_actions.py)
2025-04-14 14:37:10,120 [INFO] Processing FITS: /media/shyunc/DATA/KSpec/KSPEC_ICS/GFA/Simul/kspec_gfa_controller/src/img/astroimg/astro_proc_KMTNgn.20231211T102558.0001.fits & /media/shyunc/DATA/KSpec/KSPEC_ICS/GFA/Simul/kspec_gfa_controller/src/img/procimg/proc_KMTNgn.20231211T102558.0001.fits (at gfa_actions.py)
2025-04-14 14:37:10,127 [INFO] Performing sigma clipping to derive background and stddev. (at gfa_actions.py)
2025-04-14 14:37:10,243 [INFO] Processing FITS: /media/shyunc/DATA/KSpec/KSPEC_ICS/GFA/Simul/kspec_gfa_controller/src/img/astroimg/astro_proc_KMTNgs.20231211T102558.0001.fits & /media/shyunc/DATA/KSpec/KSPEC_ICS/GFA/Simul/kspec_gfa_controller/src/img/procimg/proc_KMTNgs.20231211T102558.0001.fits (at gfa_actions.py)
2025-04-14 14:37:10,251 [INFO] Performing sigma clipping to derive background and stddev. (at gfa_actions.py)
2025-04-14 14:37:10,373 [INFO] Processing FITS: /media/shyunc/DATA/KSpec/KSPEC_ICS/GFA/Simul/kspec_gfa_controller/src/img/astroimg/astro_proc_KMTNgw.20231211T102558.0001.fits & /media/shyunc/DATA/KSpec/KSPEC_ICS/GFA/Simul/kspec_gfa_controller/src/img/procimg/proc_KMTNgw.20231211T102558.0001.fits (at gfa_actions.py)
2025-04-14 14:37:10,380 [INFO] Performing sigma clipping to derive background and stddev. (at gfa_actions.py)
2025-04-14 14:37:10,488 [WARNING] Offsets within critical threshold; returning 0, 0. (at gfa_actions.py)
2025-04-14 14:37:10,491 [INFO] FWHM: 1.81 arcsec (at gfa_actions.py)
2025-04-14 14:37:10,491 [INFO] Guide star calibration complete. Offsets => fdx=0.00000, fdy=0.00000, FWHM=1.80589 (at gfa_actions.py)
2025-04-14 14:37:10,491 [INFO] Offsets calculated: fdx= $$, fdy=$$, FWHM=$$$ arcsec (at gfa_actions.py)
2025-04-14 14:38:10,504 [INFO] Guiding starts... (at gfa_actions.py)
2025-04-14 14:38:10,505 [INFO] Step #1: Grab an image (uncomment if needed). (at gfa_actions.py)
2025-04-14 14:38:10,506 [INFO] Step #2: Astrometry... (at gfa_actions.py)
2025-04-14 14:38:10,506 [INFO] Step #3: Calculating the offset... (at gfa_actions.py)
2025-04-14 14:38:10,506 [INFO] Starting guide star calibration process. (at gfa_actions.py)
2025-04-14 14:38:10,508 [INFO] Found 4 astrometry files and 4 processed files. (at gfa_actions.py)
2025-04-14 14:38:10,508 [INFO] Processing FITS: /media/shyunc/DATA/KSpec/KSPEC_ICS/GFA/Simul/kspec_gfa_controller/src/img/astroimg/astro_proc_KMTNge.20231211T102558.0001.fits & /media/shyunc/DATA/KSpec/KSPEC_ICS/GFA/Simul/kspec_gfa_controller/src/img/procimg/proc_KMTNge.20231211T102558.0001.fits (at gfa_actions.py)
2025-04-14 14:38:10,524 [INFO] Performing sigma clipping to derive background and stddev. (at gfa_actions.py)
2025-04-14 14:38:10,634 [INFO] Processing FITS: /media/shyunc/DATA/KSpec/KSPEC_ICS/GFA/Simul/kspec_gfa_controller/src/img/astroimg/astro_proc_KMTNgn.20231211T102558.0001.fits & /media/shyunc/DATA/KSpec/KSPEC_ICS/GFA/Simul/kspec_gfa_controller/src/img/procimg/proc_KMTNgn.20231211T102558.0001.fits (at gfa_actions.py)
2025-04-14 14:38:10,641 [INFO] Performing sigma clipping to derive background and stddev. (at gfa_actions.py)
2025-04-14 14:38:10,757 [INFO] Processing FITS: /media/shyunc/DATA/KSpec/KSPEC_ICS/GFA/Simul/kspec_gfa_controller/src/img/astroimg/astro_proc_KMTNgs.20231211T102558.0001.fits & /media/shyunc/DATA/KSpec/KSPEC_ICS/GFA/Simul/kspec_gfa_controller/src/img/procimg/proc_KMTNgs.20231211T102558.0001.fits (at gfa_actions.py)
2025-04-14 14:38:10,764 [INFO] Performing sigma clipping to derive background and stddev. (at gfa_actions.py)
2025-04-14 14:38:10,886 [INFO] Processing FITS: /media/shyunc/DATA/KSpec/KSPEC_ICS/GFA/Simul/kspec_gfa_controller/src/img/astroimg/astro_proc_KMTNgw.20231211T102558.0001.fits & /media/shyunc/DATA/KSpec/KSPEC_ICS/GFA/Simul/kspec_gfa_controller/src/img/procimg/proc_KMTNgw.20231211T102558.0001.fits (at gfa_actions.py)
2025-04-14 14:38:10,893 [INFO] Performing sigma clipping to derive background and stddev. (at gfa_actions.py)
2025-04-14 14:38:10,999 [WARNING] Offsets within critical threshold; returning 0, 0. (at gfa_actions.py)
2025-04-14 14:38:11,035 [INFO] FWHM: 1.81 arcsec (at gfa_actions.py)
2025-04-14 14:38:11,035 [INFO] Guide star calibration complete. Offsets => fdx=0.00000, fdy=0.00000, FWHM=1.80589 (at gfa_actions.py)
2025-04-14 14:38:11,036 [INFO] Offsets calculated: fdx= $$, fdy=$$, FWHM=$$$ arcsec (at gfa_actions.py)
2025-04-14 14:39:11,050 [INFO] Guiding starts... (at gfa_actions.py)
2025-04-14 14:39:11,051 [INFO] Step #1: Grab an image (uncomment if needed). (at gfa_actions.py)
2025-04-14 14:39:11,052 [INFO] Step #2: Astrometry... (at gfa_actions.py)
2025-04-14 14:39:11,052 [INFO] Step #3: Calculating the offset... (at gfa_actions.py)
2025-04-14 14:39:11,053 [INFO] Starting guide star calibration process. (at gfa_actions.py)
2025-04-14 14:39:11,055 [INFO] Found 4 astrometry files and 4 processed files. (at gfa_actions.py)
2025-04-14 14:39:11,055 [INFO] Processing FITS: /media/shyunc/DATA/KSpec/KSPEC_ICS/GFA/Simul/kspec_gfa_controller/src/img/astroimg/astro_proc_KMTNge.20231211T102558.0001.fits & /media/shyunc/DATA/KSpec/KSPEC_ICS/GFA/Simul/kspec_gfa_controller/src/img/procimg/proc_KMTNge.20231211T102558.0001.fits (at gfa_actions.py)
2025-04-14 14:39:11,066 [INFO] Performing sigma clipping to derive background and stddev. (at gfa_actions.py)
2025-04-14 14:39:11,178 [INFO] Processing FITS: /media/shyunc/DATA/KSpec/KSPEC_ICS/GFA/Simul/kspec_gfa_controller/src/img/astroimg/astro_proc_KMTNgn.20231211T102558.0001.fits & /media/shyunc/DATA/KSpec/KSPEC_ICS/GFA/Simul/kspec_gfa_controller/src/img/procimg/proc_KMTNgn.20231211T102558.0001.fits (at gfa_actions.py)
2025-04-14 14:39:11,185 [INFO] Performing sigma clipping to derive background and stddev. (at gfa_actions.py)
2025-04-14 14:39:11,301 [INFO] Processing FITS: /media/shyunc/DATA/KSpec/KSPEC_ICS/GFA/Simul/kspec_gfa_controller/src/img/astroimg/astro_proc_KMTNgs.20231211T102558.0001.fits & /media/shyunc/DATA/KSpec/KSPEC_ICS/GFA/Simul/kspec_gfa_controller/src/img/procimg/proc_KMTNgs.20231211T102558.0001.fits (at gfa_actions.py)
2025-04-14 14:39:11,308 [INFO] Performing sigma clipping to derive background and stddev. (at gfa_actions.py)
2025-04-14 14:39:11,427 [INFO] Processing FITS: /media/shyunc/DATA/KSpec/KSPEC_ICS/GFA/Simul/kspec_gfa_controller/src/img/astroimg/astro_proc_KMTNgw.20231211T102558.0001.fits & /media/shyunc/DATA/KSpec/KSPEC_ICS/GFA/Simul/kspec_gfa_controller/src/img/procimg/proc_KMTNgw.20231211T102558.0001.fits (at gfa_actions.py)
2025-04-14 14:39:11,434 [INFO] Performing sigma clipping to derive background and stddev. (at gfa_actions.py)
2025-04-14 14:39:11,539 [WARNING] Offsets within critical threshold; returning 0, 0. (at gfa_actions.py)
2025-04-14 14:39:11,542 [INFO] FWHM: 1.81 arcsec (at gfa_actions.py)
2025-04-14 14:39:11,542 [INFO] Guide star calibration complete. Offsets => fdx=0.00000, fdy=0.00000, FWHM=1.80589 (at gfa_actions.py)
2025-04-14 14:39:11,542 [INFO] Offsets calculated: fdx= $$, fdy=$$, FWHM=$$$ arcsec (at gfa_actions.py)
2025-04-14 14:40:11,557 [INFO] Guiding starts... (at gfa_actions.py)
2025-04-14 14:40:11,557 [INFO] Step #1: Grab an image (uncomment if needed). (at gfa_actions.py)
2025-04-14 14:40:11,558 [INFO] Step #2: Astrometry... (at gfa_actions.py)
2025-04-14 14:40:11,559 [INFO] Step #3: Calculating the offset... (at gfa_actions.py)
2025-04-14 14:40:11,559 [INFO] Starting guide star calibration process. (at gfa_actions.py)
2025-04-14 14:40:11,562 [INFO] Found 4 astrometry files and 4 processed files. (at gfa_actions.py)
2025-04-14 14:40:11,563 [INFO] Processing FITS: /media/shyunc/DATA/KSpec/KSPEC_ICS/GFA/Simul/kspec_gfa_controller/src/img/astroimg/astro_proc_KMTNge.20231211T102558.0001.fits & /media/shyunc/DATA/KSpec/KSPEC_ICS/GFA/Simul/kspec_gfa_controller/src/img/procimg/proc_KMTNge.20231211T102558.0001.fits (at gfa_actions.py)
2025-04-14 14:40:11,580 [INFO] Performing sigma clipping to derive background and stddev. (at gfa_actions.py)
2025-04-14 14:40:11,694 [INFO] Processing FITS: /media/shyunc/DATA/KSpec/KSPEC_ICS/GFA/Simul/kspec_gfa_controller/src/img/astroimg/astro_proc_KMTNgn.20231211T102558.0001.fits & /media/shyunc/DATA/KSpec/KSPEC_ICS/GFA/Simul/kspec_gfa_controller/src/img/procimg/proc_KMTNgn.20231211T102558.0001.fits (at gfa_actions.py)
2025-04-14 14:40:11,702 [INFO] Performing sigma clipping to derive background and stddev. (at gfa_actions.py)
2025-04-14 14:40:11,818 [INFO] Processing FITS: /media/shyunc/DATA/KSpec/KSPEC_ICS/GFA/Simul/kspec_gfa_controller/src/img/astroimg/astro_proc_KMTNgs.20231211T102558.0001.fits & /media/shyunc/DATA/KSpec/KSPEC_ICS/GFA/Simul/kspec_gfa_controller/src/img/procimg/proc_KMTNgs.20231211T102558.0001.fits (at gfa_actions.py)
2025-04-14 14:40:11,825 [INFO] Performing sigma clipping to derive background and stddev. (at gfa_actions.py)
2025-04-14 14:40:11,947 [INFO] Processing FITS: /media/shyunc/DATA/KSpec/KSPEC_ICS/GFA/Simul/kspec_gfa_controller/src/img/astroimg/astro_proc_KMTNgw.20231211T102558.0001.fits & /media/shyunc/DATA/KSpec/KSPEC_ICS/GFA/Simul/kspec_gfa_controller/src/img/procimg/proc_KMTNgw.20231211T102558.0001.fits (at gfa_actions.py)
2025-04-14 14:40:11,954 [INFO] Performing sigma clipping to derive background and stddev. (at gfa_actions.py)
2025-04-14 14:40:12,061 [WARNING] Offsets within critical threshold; returning 0, 0. (at gfa_actions.py)
2025-04-14 14:40:12,063 [INFO] FWHM: 1.81 arcsec (at gfa_actions.py)
2025-04-14 14:40:12,063 [INFO] Guide star calibration complete. Offsets => fdx=0.00000, fdy=0.00000, FWHM=1.80589 (at gfa_actions.py)
2025-04-14 14:40:12,064 [INFO] Offsets calculated: fdx= $$, fdy=$$, FWHM=$$$ arcsec (at gfa_actions.py)
2025-04-14 14:41:12,079 [INFO] Guiding starts... (at gfa_actions.py)
2025-04-14 14:41:12,079 [INFO] Step #1: Grab an image (uncomment if needed). (at gfa_actions.py)
2025-04-14 14:41:12,080 [INFO] Step #2: Astrometry... (at gfa_actions.py)
2025-04-14 14:41:12,080 [INFO] Step #3: Calculating the offset... (at gfa_actions.py)
2025-04-14 14:41:12,081 [INFO] Starting guide star calibration process. (at gfa_actions.py)
2025-04-14 14:41:12,083 [INFO] Found 4 astrometry files and 4 processed files. (at gfa_actions.py)
2025-04-14 14:41:12,083 [INFO] Processing FITS: /media/shyunc/DATA/KSpec/KSPEC_ICS/GFA/Simul/kspec_gfa_controller/src/img/astroimg/astro_proc_KMTNge.20231211T102558.0001.fits & /media/shyunc/DATA/KSpec/KSPEC_ICS/GFA/Simul/kspec_gfa_controller/src/img/procimg/proc_KMTNge.20231211T102558.0001.fits (at gfa_actions.py)
2025-04-14 14:41:12,094 [INFO] Performing sigma clipping to derive background and stddev. (at gfa_actions.py)
2025-04-14 14:41:12,205 [INFO] Processing FITS: /media/shyunc/DATA/KSpec/KSPEC_ICS/GFA/Simul/kspec_gfa_controller/src/img/astroimg/astro_proc_KMTNgn.20231211T102558.0001.fits & /media/shyunc/DATA/KSpec/KSPEC_ICS/GFA/Simul/kspec_gfa_controller/src/img/procimg/proc_KMTNgn.20231211T102558.0001.fits (at gfa_actions.py)
2025-04-14 14:41:12,212 [INFO] Performing sigma clipping to derive background and stddev. (at gfa_actions.py)
2025-04-14 14:41:12,328 [INFO] Processing FITS: /media/shyunc/DATA/KSpec/KSPEC_ICS/GFA/Simul/kspec_gfa_controller/src/img/astroimg/astro_proc_KMTNgs.20231211T102558.0001.fits & /media/shyunc/DATA/KSpec/KSPEC_ICS/GFA/Simul/kspec_gfa_controller/src/img/procimg/proc_KMTNgs.20231211T102558.0001.fits (at gfa_actions.py)
2025-04-14 14:41:12,335 [INFO] Performing sigma clipping to derive background and stddev. (at gfa_actions.py)
2025-04-14 14:41:12,454 [INFO] Processing FITS: /media/shyunc/DATA/KSpec/KSPEC_ICS/GFA/Simul/kspec_gfa_controller/src/img/astroimg/astro_proc_KMTNgw.20231211T102558.0001.fits & /media/shyunc/DATA/KSpec/KSPEC_ICS/GFA/Simul/kspec_gfa_controller/src/img/procimg/proc_KMTNgw.20231211T102558.0001.fits (at gfa_actions.py)
2025-04-14 14:41:12,461 [INFO] Performing sigma clipping to derive background and stddev. (at gfa_actions.py)
2025-04-14 14:41:12,566 [WARNING] Offsets within critical threshold; returning 0, 0. (at gfa_actions.py)
2025-04-14 14:41:12,568 [INFO] FWHM: 1.81 arcsec (at gfa_actions.py)
2025-04-14 14:41:12,568 [INFO] Guide star calibration complete. Offsets => fdx=0.00000, fdy=0.00000, FWHM=1.80589 (at gfa_actions.py)
2025-04-14 14:41:12,569 [INFO] Offsets calculated: fdx= $$, fdy=$$, FWHM=$$$ arcsec (at gfa_actions.py)
2025-04-14 14:42:12,585 [INFO] Guiding starts... (at gfa_actions.py)
2025-04-14 14:42:12,585 [INFO] Step #1: Grab an image (uncomment if needed). (at gfa_actions.py)
2025-04-14 14:42:12,586 [INFO] Step #2: Astrometry... (at gfa_actions.py)
2025-04-14 14:42:12,587 [INFO] Step #3: Calculating the offset... (at gfa_actions.py)
2025-04-14 14:42:12,587 [INFO] Starting guide star calibration process. (at gfa_actions.py)
2025-04-14 14:42:12,589 [INFO] Found 4 astrometry files and 4 processed files. (at gfa_actions.py)
2025-04-14 14:42:12,590 [INFO] Processing FITS: /media/shyunc/DATA/KSpec/KSPEC_ICS/GFA/Simul/kspec_gfa_controller/src/img/astroimg/astro_proc_KMTNge.20231211T102558.0001.fits & /media/shyunc/DATA/KSpec/KSPEC_ICS/GFA/Simul/kspec_gfa_controller/src/img/procimg/proc_KMTNge.20231211T102558.0001.fits (at gfa_actions.py)
2025-04-14 14:42:12,600 [INFO] Performing sigma clipping to derive background and stddev. (at gfa_actions.py)
2025-04-14 14:42:12,733 [INFO] Processing FITS: /media/shyunc/DATA/KSpec/KSPEC_ICS/GFA/Simul/kspec_gfa_controller/src/img/astroimg/astro_proc_KMTNgn.20231211T102558.0001.fits & /media/shyunc/DATA/KSpec/KSPEC_ICS/GFA/Simul/kspec_gfa_controller/src/img/procimg/proc_KMTNgn.20231211T102558.0001.fits (at gfa_actions.py)
2025-04-14 14:42:12,742 [INFO] Performing sigma clipping to derive background and stddev. (at gfa_actions.py)
2025-04-14 14:42:12,878 [INFO] Processing FITS: /media/shyunc/DATA/KSpec/KSPEC_ICS/GFA/Simul/kspec_gfa_controller/src/img/astroimg/astro_proc_KMTNgs.20231211T102558.0001.fits & /media/shyunc/DATA/KSpec/KSPEC_ICS/GFA/Simul/kspec_gfa_controller/src/img/procimg/proc_KMTNgs.20231211T102558.0001.fits (at gfa_actions.py)
2025-04-14 14:42:12,886 [INFO] Performing sigma clipping to derive background and stddev. (at gfa_actions.py)
2025-04-14 14:42:13,025 [INFO] Processing FITS: /media/shyunc/DATA/KSpec/KSPEC_ICS/GFA/Simul/kspec_gfa_controller/src/img/astroimg/astro_proc_KMTNgw.20231211T102558.0001.fits & /media/shyunc/DATA/KSpec/KSPEC_ICS/GFA/Simul/kspec_gfa_controller/src/img/procimg/proc_KMTNgw.20231211T102558.0001.fits (at gfa_actions.py)
2025-04-14 14:42:13,033 [INFO] Performing sigma clipping to derive background and stddev. (at gfa_actions.py)
2025-04-14 14:42:13,159 [WARNING] Offsets within critical threshold; returning 0, 0. (at gfa_actions.py)
2025-04-14 14:42:13,162 [INFO] FWHM: 1.81 arcsec (at gfa_actions.py)
2025-04-14 14:42:13,162 [INFO] Guide star calibration complete. Offsets => fdx=0.00000, fdy=0.00000, FWHM=1.80589 (at gfa_actions.py)
2025-04-14 14:42:13,163 [INFO] Offsets calculated: fdx= $$, fdy=$$, FWHM=$$$ arcsec (at gfa_actions.py)
2025-04-14 14:43:13,174 [INFO] Guiding starts... (at gfa_actions.py)
2025-04-14 14:43:13,175 [INFO] Step #1: Grab an image (uncomment if needed). (at gfa_actions.py)
2025-04-14 14:43:13,176 [INFO] Step #2: Astrometry... (at gfa_actions.py)
2025-04-14 14:43:13,176 [INFO] Step #3: Calculating the offset... (at gfa_actions.py)
2025-04-14 14:43:13,177 [INFO] Starting guide star calibration process. (at gfa_actions.py)
2025-04-14 14:43:13,179 [INFO] Found 4 astrometry files and 4 processed files. (at gfa_actions.py)
2025-04-14 14:43:13,180 [INFO] Processing FITS: /media/shyunc/DATA/KSpec/KSPEC_ICS/GFA/Simul/kspec_gfa_controller/src/img/astroimg/astro_proc_KMTNge.20231211T102558.0001.fits & /media/shyunc/DATA/KSpec/KSPEC_ICS/GFA/Simul/kspec_gfa_controller/src/img/procimg/proc_KMTNge.20231211T102558.0001.fits (at gfa_actions.py)
2025-04-14 14:43:13,195 [INFO] Performing sigma clipping to derive background and stddev. (at gfa_actions.py)
2025-04-14 14:43:13,305 [INFO] Processing FITS: /media/shyunc/DATA/KSpec/KSPEC_ICS/GFA/Simul/kspec_gfa_controller/src/img/astroimg/astro_proc_KMTNgn.20231211T102558.0001.fits & /media/shyunc/DATA/KSpec/KSPEC_ICS/GFA/Simul/kspec_gfa_controller/src/img/procimg/proc_KMTNgn.20231211T102558.0001.fits (at gfa_actions.py)
2025-04-14 14:43:13,313 [INFO] Performing sigma clipping to derive background and stddev. (at gfa_actions.py)
2025-04-14 14:43:13,429 [INFO] Processing FITS: /media/shyunc/DATA/KSpec/KSPEC_ICS/GFA/Simul/kspec_gfa_controller/src/img/astroimg/astro_proc_KMTNgs.20231211T102558.0001.fits & /media/shyunc/DATA/KSpec/KSPEC_ICS/GFA/Simul/kspec_gfa_controller/src/img/procimg/proc_KMTNgs.20231211T102558.0001.fits (at gfa_actions.py)
2025-04-14 14:43:13,436 [INFO] Performing sigma clipping to derive background and stddev. (at gfa_actions.py)
2025-04-14 14:43:13,555 [INFO] Processing FITS: /media/shyunc/DATA/KSpec/KSPEC_ICS/GFA/Simul/kspec_gfa_controller/src/img/astroimg/astro_proc_KMTNgw.20231211T102558.0001.fits & /media/shyunc/DATA/KSpec/KSPEC_ICS/GFA/Simul/kspec_gfa_controller/src/img/procimg/proc_KMTNgw.20231211T102558.0001.fits (at gfa_actions.py)
2025-04-14 14:43:13,562 [INFO] Performing sigma clipping to derive background and stddev. (at gfa_actions.py)
2025-04-14 14:43:13,667 [WARNING] Offsets within critical threshold; returning 0, 0. (at gfa_actions.py)
2025-04-14 14:43:13,670 [INFO] FWHM: 1.81 arcsec (at gfa_actions.py)
2025-04-14 14:43:13,670 [INFO] Guide star calibration complete. Offsets => fdx=0.00000, fdy=0.00000, FWHM=1.80589 (at gfa_actions.py)
2025-04-14 14:43:13,670 [INFO] Offsets calculated: fdx= $$, fdy=$$, FWHM=$$$ arcsec (at gfa_actions.py)
2025-04-14 14:44:13,687 [INFO] Guiding starts... (at gfa_actions.py)
2025-04-14 14:44:13,688 [INFO] Step #1: Grab an image (uncomment if needed). (at gfa_actions.py)
2025-04-14 14:44:13,688 [INFO] Step #2: Astrometry... (at gfa_actions.py)
2025-04-14 14:44:13,689 [INFO] Step #3: Calculating the offset... (at gfa_actions.py)
2025-04-14 14:44:13,689 [INFO] Starting guide star calibration process. (at gfa_actions.py)
2025-04-14 14:44:13,692 [INFO] Found 4 astrometry files and 4 processed files. (at gfa_actions.py)
2025-04-14 14:44:13,693 [INFO] Processing FITS: /media/shyunc/DATA/KSpec/KSPEC_ICS/GFA/Simul/kspec_gfa_controller/src/img/astroimg/astro_proc_KMTNge.20231211T102558.0001.fits & /media/shyunc/DATA/KSpec/KSPEC_ICS/GFA/Simul/kspec_gfa_controller/src/img/procimg/proc_KMTNge.20231211T102558.0001.fits (at gfa_actions.py)
2025-04-14 14:44:13,718 [INFO] Performing sigma clipping to derive background and stddev. (at gfa_actions.py)
2025-04-14 14:44:13,828 [INFO] Processing FITS: /media/shyunc/DATA/KSpec/KSPEC_ICS/GFA/Simul/kspec_gfa_controller/src/img/astroimg/astro_proc_KMTNgn.20231211T102558.0001.fits & /media/shyunc/DATA/KSpec/KSPEC_ICS/GFA/Simul/kspec_gfa_controller/src/img/procimg/proc_KMTNgn.20231211T102558.0001.fits (at gfa_actions.py)
2025-04-14 14:44:13,837 [INFO] Performing sigma clipping to derive background and stddev. (at gfa_actions.py)
2025-04-14 14:44:13,971 [INFO] Processing FITS: /media/shyunc/DATA/KSpec/KSPEC_ICS/GFA/Simul/kspec_gfa_controller/src/img/astroimg/astro_proc_KMTNgs.20231211T102558.0001.fits & /media/shyunc/DATA/KSpec/KSPEC_ICS/GFA/Simul/kspec_gfa_controller/src/img/procimg/proc_KMTNgs.20231211T102558.0001.fits (at gfa_actions.py)
2025-04-14 14:44:13,978 [INFO] Performing sigma clipping to derive background and stddev. (at gfa_actions.py)
2025-04-14 14:44:14,115 [INFO] Processing FITS: /media/shyunc/DATA/KSpec/KSPEC_ICS/GFA/Simul/kspec_gfa_controller/src/img/astroimg/astro_proc_KMTNgw.20231211T102558.0001.fits & /media/shyunc/DATA/KSpec/KSPEC_ICS/GFA/Simul/kspec_gfa_controller/src/img/procimg/proc_KMTNgw.20231211T102558.0001.fits (at gfa_actions.py)
2025-04-14 14:44:14,122 [INFO] Performing sigma clipping to derive background and stddev. (at gfa_actions.py)
2025-04-14 14:44:14,237 [WARNING] Offsets within critical threshold; returning 0, 0. (at gfa_actions.py)
2025-04-14 14:44:14,239 [INFO] FWHM: 1.81 arcsec (at gfa_actions.py)
2025-04-14 14:44:14,239 [INFO] Guide star calibration complete. Offsets => fdx=0.00000, fdy=0.00000, FWHM=1.80589 (at gfa_actions.py)
2025-04-14 14:44:14,240 [INFO] Offsets calculated: fdx= $$, fdy=$$, FWHM=$$$ arcsec (at gfa_actions.py)
