2025-02-17 14:00:04,090 [ERROR] Config file not found: /media/shyunc/DATA/KSpec/KSPEC_ICS/GFA/Simul/kspec_gfa_controller/src/./GFA/Simul/kspec_gfa_controller/src/etc/cams.json (at gfa_actions.py)
2025-02-17 14:01:18,725 [INFO] Configuration file found: /media/shyunc/DATA/KSpec/KSPEC_ICS/GFA/Simul/kspec_gfa_controller/src/etc/cams.json (at gfa_actions.py)
2025-02-17 14:01:18,725 [INFO] Configuration file found: /media/shyunc/DATA/KSpec/KSPEC_ICS/GFA/Simul/kspec_gfa_controller/src/etc/astrometry_params.json (at gfa_actions.py)
2025-02-17 14:12:51,899 [INFO] Configuration file found: /media/shyunc/DATA/KSpec/KSPEC_ICS/GFA/Simul/kspec_gfa_controller/src/etc/cams.json (at gfa_actions.py)
2025-02-17 14:12:51,900 [INFO] Configuration file found: /media/shyunc/DATA/KSpec/KSPEC_ICS/GFA/Simul/kspec_gfa_controller/src/etc/astrometry_params.json (at gfa_actions.py)
2025-02-17 14:12:51,900 [INFO] Initializing gfa_astrometry class. (at gfa_actions.py)
2025-02-17 14:12:51,900 [INFO] Loaded 4 FITS files. (at gfa_actions.py)
2025-02-17 14:12:51,900 [INFO] Initializing GFAGuider... (at gfa_actions.py)
2025-02-17 14:12:51,900 [INFO] GFAGuider setup complete. (at gfa_actions.py)
2025-02-17 14:14:34,066 [INFO] Configuration file found: /media/shyunc/DATA/KSpec/KSPEC_ICS/GFA/Simul/kspec_gfa_controller/src/etc/cams.json (at gfa_actions.py)
2025-02-17 14:14:34,066 [INFO] Configuration file found: /media/shyunc/DATA/KSpec/KSPEC_ICS/GFA/Simul/kspec_gfa_controller/src/etc/astrometry_params.json (at gfa_actions.py)
2025-02-17 14:14:34,066 [INFO] Initializing gfa_astrometry class. (at gfa_actions.py)
2025-02-17 14:14:34,066 [INFO] Loaded 4 FITS files. (at gfa_actions.py)
2025-02-17 14:14:34,066 [INFO] Initializing GFAGuider... (at gfa_actions.py)
2025-02-17 14:14:34,066 [INFO] GFAGuider setup complete. (at gfa_actions.py)
2025-02-17 14:16:01,698 [INFO] Configuration file found: /media/shyunc/DATA/KSpec/KSPEC_ICS/GFA/Simul/kspec_gfa_controller/src/etc/cams.json (at gfa_actions.py)
2025-02-17 14:16:01,698 [INFO] Configuration file found: /media/shyunc/DATA/KSpec/KSPEC_ICS/GFA/Simul/kspec_gfa_controller/src/etc/astrometry_params.json (at gfa_actions.py)
2025-02-17 14:16:01,699 [INFO] Initializing gfa_astrometry class. (at gfa_actions.py)
2025-02-17 14:16:01,699 [INFO] Loaded 4 FITS files. (at gfa_actions.py)
2025-02-17 14:16:01,699 [INFO] Initializing GFAGuider... (at gfa_actions.py)
2025-02-17 14:16:01,699 [INFO] GFAGuider setup complete. (at gfa_actions.py)
2025-02-17 14:16:53,499 [INFO] Configuration file found: /media/shyunc/DATA/KSpec/KSPEC_ICS/GFA/Simul/kspec_gfa_controller/src/etc/cams.json (at gfa_actions.py)
2025-02-17 14:16:53,499 [INFO] Configuration file found: /media/shyunc/DATA/KSpec/KSPEC_ICS/GFA/Simul/kspec_gfa_controller/src/etc/astrometry_params.json (at gfa_actions.py)
2025-02-17 14:16:53,499 [INFO] Initializing gfa_astrometry class. (at gfa_actions.py)
2025-02-17 14:16:53,500 [INFO] Loaded 4 FITS files. (at gfa_actions.py)
2025-02-17 14:16:53,500 [INFO] Initializing GFAGuider... (at gfa_actions.py)
2025-02-17 14:16:53,500 [INFO] GFAGuider setup complete. (at gfa_actions.py)
2025-02-17 14:18:22,009 [INFO] Configuration file found: /media/shyunc/DATA/KSpec/KSPEC_ICS/GFA/Simul/kspec_gfa_controller/src/etc/cams.json (at gfa_actions.py)
2025-02-17 14:18:22,010 [INFO] Configuration file found: /media/shyunc/DATA/KSpec/KSPEC_ICS/GFA/Simul/kspec_gfa_controller/src/etc/astrometry_params.json (at gfa_actions.py)
2025-02-17 14:18:22,010 [INFO] Initializing gfa_astrometry class. (at gfa_actions.py)
2025-02-17 14:18:22,010 [INFO] Loaded 4 FITS files. (at gfa_actions.py)
2025-02-17 14:18:22,010 [INFO] Initializing GFAGuider... (at gfa_actions.py)
2025-02-17 14:18:22,011 [INFO] GFAGuider setup complete. (at gfa_actions.py)
2025-02-17 14:26:47,180 [INFO] Configuration file found: /media/shyunc/DATA/KSpec/KSPEC_ICS/GFA/Simul/kspec_gfa_controller/src/etc/cams.json (at gfa_actions.py)
2025-02-17 14:26:47,181 [INFO] Configuration file found: /media/shyunc/DATA/KSpec/KSPEC_ICS/GFA/Simul/kspec_gfa_controller/src/etc/astrometry_params.json (at gfa_actions.py)
2025-02-17 14:26:47,181 [INFO] Initializing gfa_astrometry class. (at gfa_actions.py)
2025-02-17 14:26:47,181 [INFO] Loaded 4 FITS files. (at gfa_actions.py)
2025-02-17 14:26:47,181 [INFO] Initializing GFAGuider... (at gfa_actions.py)
2025-02-17 14:26:47,181 [INFO] GFAGuider setup complete. (at gfa_actions.py)
2025-02-17 14:27:36,296 [INFO] Configuration file found: /media/shyunc/DATA/KSpec/KSPEC_ICS/GFA/Simul/kspec_gfa_controller/src/etc/cams.json (at gfa_actions.py)
2025-02-17 14:27:36,296 [INFO] Configuration file found: /media/shyunc/DATA/KSpec/KSPEC_ICS/GFA/Simul/kspec_gfa_controller/src/etc/astrometry_params.json (at gfa_actions.py)
2025-02-17 14:27:36,296 [INFO] Initializing gfa_astrometry class. (at gfa_actions.py)
2025-02-17 14:27:36,296 [INFO] Loaded 4 FITS files. (at gfa_actions.py)
2025-02-17 14:27:36,296 [INFO] Initializing GFAGuider... (at gfa_actions.py)
2025-02-17 14:27:36,296 [INFO] GFAGuider setup complete. (at gfa_actions.py)
2025-02-17 14:30:13,235 [INFO] Configuration file found: /media/shyunc/DATA/KSpec/KSPEC_ICS/GFA/Simul/kspec_gfa_controller/src/etc/cams.json (at gfa_actions.py)
2025-02-17 14:30:13,235 [INFO] Configuration file found: /media/shyunc/DATA/KSpec/KSPEC_ICS/GFA/Simul/kspec_gfa_controller/src/etc/astrometry_params.json (at gfa_actions.py)
2025-02-17 14:30:13,235 [INFO] Initializing gfa_astrometry class. (at gfa_actions.py)
2025-02-17 14:30:13,236 [INFO] Loaded 4 FITS files. (at gfa_actions.py)
2025-02-17 14:30:13,236 [INFO] Initializing GFAGuider... (at gfa_actions.py)
2025-02-17 14:30:13,236 [INFO] GFAGuider setup complete. (at gfa_actions.py)
2025-02-17 14:40:40,377 [INFO] Configuration file found: /media/shyunc/DATA/KSpec/KSPEC_ICS/GFA/Simul/kspec_gfa_controller/src/etc/cams.json (at gfa_actions.py)
2025-02-17 14:40:40,377 [INFO] Configuration file found: /media/shyunc/DATA/KSpec/KSPEC_ICS/GFA/Simul/kspec_gfa_controller/src/etc/astrometry_params.json (at gfa_actions.py)
2025-02-17 14:40:40,377 [INFO] Initializing gfa_astrometry class. (at gfa_actions.py)
2025-02-17 14:40:40,377 [INFO] Loaded 4 FITS files. (at gfa_actions.py)
2025-02-17 14:40:40,377 [INFO] Initializing GFAGuider... (at gfa_actions.py)
2025-02-17 14:40:40,377 [INFO] GFAGuider setup complete. (at gfa_actions.py)
2025-02-17 14:40:48,054 [INFO] Checking status of all cameras. (at gfa_actions.py)
2025-02-17 14:53:12,338 [INFO] Configuration file found: /media/shyunc/DATA/KSpec/KSPEC_ICS/GFA/Simul/kspec_gfa_controller/src/etc/cams.json (at gfa_actions.py)
2025-02-17 14:53:12,338 [INFO] Configuration file found: /media/shyunc/DATA/KSpec/KSPEC_ICS/GFA/Simul/kspec_gfa_controller/src/etc/astrometry_params.json (at gfa_actions.py)
2025-02-17 14:53:12,338 [INFO] Initializing gfa_astrometry class. (at gfa_actions.py)
2025-02-17 14:53:12,339 [INFO] Loaded 4 FITS files. (at gfa_actions.py)
2025-02-17 14:53:12,339 [INFO] Initializing GFAGuider... (at gfa_actions.py)
2025-02-17 14:53:12,339 [INFO] GFAGuider setup complete. (at gfa_actions.py)
2025-02-17 14:54:24,052 [INFO] Configuration file found: /media/shyunc/DATA/KSpec/KSPEC_ICS/GFA/Simul/kspec_gfa_controller/src/etc/cams.json (at gfa_actions.py)
2025-02-17 14:54:24,052 [INFO] Configuration file found: /media/shyunc/DATA/KSpec/KSPEC_ICS/GFA/Simul/kspec_gfa_controller/src/etc/astrometry_params.json (at gfa_actions.py)
2025-02-17 14:54:24,053 [INFO] Initializing gfa_astrometry class. (at gfa_actions.py)
2025-02-17 14:54:24,053 [INFO] Loaded 4 FITS files. (at gfa_actions.py)
2025-02-17 14:54:24,053 [INFO] Initializing GFAGuider... (at gfa_actions.py)
2025-02-17 14:54:24,053 [INFO] GFAGuider setup complete. (at gfa_actions.py)
2025-02-17 14:54:32,927 [INFO] Image save path: /media/shyunc/DATA/KSpec/KSPEC_ICS/GFA/Simul/kspec_gfa_controller/src/img/grab (at gfa_actions.py)
2025-02-17 14:54:32,927 [INFO] Grabbing image from camera 1 (ExpTime=20.0, Binning=4). (at gfa_actions.py)
2025-02-17 14:55:14,169 [INFO] Image save path: /media/shyunc/DATA/KSpec/KSPEC_ICS/GFA/Simul/kspec_gfa_controller/src/img/grab (at gfa_actions.py)
2025-02-17 14:55:14,169 [INFO] Grabbing image from camera 3 (ExpTime=10.0, Binning=4). (at gfa_actions.py)
2025-02-17 14:56:34,195 [INFO] Configuration file found: /media/shyunc/DATA/KSpec/KSPEC_ICS/GFA/Simul/kspec_gfa_controller/src/etc/cams.json (at gfa_actions.py)
2025-02-17 14:56:34,196 [INFO] Configuration file found: /media/shyunc/DATA/KSpec/KSPEC_ICS/GFA/Simul/kspec_gfa_controller/src/etc/astrometry_params.json (at gfa_actions.py)
2025-02-17 14:56:34,196 [INFO] Initializing gfa_astrometry class. (at gfa_actions.py)
2025-02-17 14:56:34,196 [INFO] Loaded 4 FITS files. (at gfa_actions.py)
2025-02-17 14:56:34,196 [INFO] Initializing GFAGuider... (at gfa_actions.py)
2025-02-17 14:56:34,196 [INFO] GFAGuider setup complete. (at gfa_actions.py)
2025-02-17 14:56:37,847 [INFO] Checking status of all cameras. (at gfa_actions.py)
2025-02-17 14:56:48,438 [INFO] Configuration file found: /media/shyunc/DATA/KSpec/KSPEC_ICS/GFA/Simul/kspec_gfa_controller/src/etc/cams.json (at gfa_actions.py)
2025-02-17 14:56:48,438 [INFO] Configuration file found: /media/shyunc/DATA/KSpec/KSPEC_ICS/GFA/Simul/kspec_gfa_controller/src/etc/astrometry_params.json (at gfa_actions.py)
2025-02-17 14:56:48,438 [INFO] Initializing gfa_astrometry class. (at gfa_actions.py)
2025-02-17 14:56:48,438 [INFO] Loaded 4 FITS files. (at gfa_actions.py)
2025-02-17 14:56:48,438 [INFO] Initializing GFAGuider... (at gfa_actions.py)
2025-02-17 14:56:48,439 [INFO] GFAGuider setup complete. (at gfa_actions.py)
2025-02-17 14:56:51,413 [INFO] Checking status of all cameras. (at gfa_actions.py)
2025-02-17 14:57:01,020 [INFO] Image save path: /media/shyunc/DATA/KSpec/KSPEC_ICS/GFA/Simul/kspec_gfa_controller/src/img/grab (at gfa_actions.py)
2025-02-17 14:57:01,021 [INFO] Grabbing image from ALL cameras (ExpTime=10.0, Binning=4). (at gfa_actions.py)
2025-02-17 15:04:23,001 [INFO] Configuration file found: /media/shyunc/DATA/KSpec/KSPEC_ICS/GFA/Simul/kspec_gfa_controller/src/etc/cams.json (at gfa_actions.py)
2025-02-17 15:04:23,001 [INFO] Configuration file found: /media/shyunc/DATA/KSpec/KSPEC_ICS/GFA/Simul/kspec_gfa_controller/src/etc/astrometry_params.json (at gfa_actions.py)
2025-02-17 15:04:23,001 [INFO] Initializing gfa_astrometry class. (at gfa_actions.py)
2025-02-17 15:04:23,001 [INFO] Loaded 4 FITS files. (at gfa_actions.py)
2025-02-17 15:04:23,001 [INFO] Initializing GFAGuider... (at gfa_actions.py)
2025-02-17 15:04:23,002 [INFO] GFAGuider setup complete. (at gfa_actions.py)
2025-02-17 15:05:21,326 [INFO] Configuration file found: /media/shyunc/DATA/KSpec/KSPEC_ICS/GFA/Simul/kspec_gfa_controller/src/etc/cams.json (at gfa_actions.py)
2025-02-17 15:05:21,326 [INFO] Configuration file found: /media/shyunc/DATA/KSpec/KSPEC_ICS/GFA/Simul/kspec_gfa_controller/src/etc/astrometry_params.json (at gfa_actions.py)
2025-02-17 15:05:21,326 [INFO] Initializing gfa_astrometry class. (at gfa_actions.py)
2025-02-17 15:05:21,327 [INFO] Loaded 4 FITS files. (at gfa_actions.py)
2025-02-17 15:05:21,327 [INFO] Initializing GFAGuider... (at gfa_actions.py)
2025-02-17 15:05:21,327 [INFO] GFAGuider setup complete. (at gfa_actions.py)
2025-02-17 15:07:13,512 [INFO] Configuration file found: /media/shyunc/DATA/KSpec/KSPEC_ICS/GFA/Simul/kspec_gfa_controller/src/etc/cams.json (at gfa_actions.py)
2025-02-17 15:07:13,512 [INFO] Configuration file found: /media/shyunc/DATA/KSpec/KSPEC_ICS/GFA/Simul/kspec_gfa_controller/src/etc/astrometry_params.json (at gfa_actions.py)
2025-02-17 15:07:13,512 [INFO] Initializing gfa_astrometry class. (at gfa_actions.py)
2025-02-17 15:07:13,512 [INFO] Loaded 4 FITS files. (at gfa_actions.py)
2025-02-17 15:07:13,512 [INFO] Initializing GFAGuider... (at gfa_actions.py)
2025-02-17 15:07:13,512 [INFO] GFAGuider setup complete. (at gfa_actions.py)
2025-02-17 15:10:05,688 [INFO] Configuration file found: /media/shyunc/DATA/KSpec/KSPEC_ICS/GFA/Simul/kspec_gfa_controller/src/etc/cams.json (at gfa_actions.py)
2025-02-17 15:10:05,688 [INFO] Configuration file found: /media/shyunc/DATA/KSpec/KSPEC_ICS/GFA/Simul/kspec_gfa_controller/src/etc/astrometry_params.json (at gfa_actions.py)
2025-02-17 15:10:05,688 [INFO] Initializing gfa_astrometry class. (at gfa_actions.py)
2025-02-17 15:10:05,689 [INFO] Loaded 4 FITS files. (at gfa_actions.py)
2025-02-17 15:10:05,689 [INFO] Initializing GFAGuider... (at gfa_actions.py)
2025-02-17 15:10:05,689 [INFO] GFAGuider setup complete. (at gfa_actions.py)
2025-02-17 15:10:25,777 [INFO] Configuration file found: /media/shyunc/DATA/KSpec/KSPEC_ICS/GFA/Simul/kspec_gfa_controller/src/etc/cams.json (at gfa_actions.py)
2025-02-17 15:10:25,778 [INFO] Configuration file found: /media/shyunc/DATA/KSpec/KSPEC_ICS/GFA/Simul/kspec_gfa_controller/src/etc/astrometry_params.json (at gfa_actions.py)
2025-02-17 15:10:25,778 [INFO] Initializing gfa_astrometry class. (at gfa_actions.py)
2025-02-17 15:10:25,778 [INFO] Loaded 4 FITS files. (at gfa_actions.py)
2025-02-17 15:10:25,778 [INFO] Initializing GFAGuider... (at gfa_actions.py)
2025-02-17 15:10:25,778 [INFO] GFAGuider setup complete. (at gfa_actions.py)
2025-02-17 15:11:11,696 [INFO] Configuration file found: /media/shyunc/DATA/KSpec/KSPEC_ICS/GFA/Simul/kspec_gfa_controller/src/etc/cams.json (at gfa_actions.py)
2025-02-17 15:11:11,697 [INFO] Configuration file found: /media/shyunc/DATA/KSpec/KSPEC_ICS/GFA/Simul/kspec_gfa_controller/src/etc/astrometry_params.json (at gfa_actions.py)
2025-02-17 15:11:11,697 [INFO] Initializing gfa_astrometry class. (at gfa_actions.py)
2025-02-17 15:11:11,697 [INFO] Loaded 4 FITS files. (at gfa_actions.py)
2025-02-17 15:11:11,697 [INFO] Initializing GFAGuider... (at gfa_actions.py)
2025-02-17 15:11:11,697 [INFO] GFAGuider setup complete. (at gfa_actions.py)
2025-02-17 15:11:18,025 [INFO] Checking status of all cameras. (at gfa_actions.py)
2025-02-17 15:11:27,160 [INFO] Image save path: /media/shyunc/DATA/KSpec/KSPEC_ICS/GFA/Simul/kspec_gfa_controller/src/img/grab (at gfa_actions.py)
2025-02-17 15:11:27,161 [INFO] Grabbing image from camera 1 (ExpTime=10.0, Binning=4). (at gfa_actions.py)
2025-02-17 15:34:26,207 [INFO] Configuration file found: /media/shyunc/DATA/KSpec/KSPEC_ICS/GFA/Simul/kspec_gfa_controller/src/etc/cams.json (at gfa_actions.py)
2025-02-17 15:34:26,207 [INFO] Configuration file found: /media/shyunc/DATA/KSpec/KSPEC_ICS/GFA/Simul/kspec_gfa_controller/src/etc/astrometry_params.json (at gfa_actions.py)
2025-02-17 15:34:26,207 [INFO] Initializing gfa_astrometry class. (at gfa_actions.py)
2025-02-17 15:34:26,207 [INFO] Loaded 4 FITS files. (at gfa_actions.py)
2025-02-17 15:34:26,207 [INFO] Initializing GFAGuider... (at gfa_actions.py)
2025-02-17 15:34:26,207 [INFO] GFAGuider setup complete. (at gfa_actions.py)
2025-02-17 16:07:33,797 [INFO] Configuration file found: /media/shyunc/DATA/KSpec/KSPEC_ICS/GFA/Simul/kspec_gfa_controller/src/etc/cams.json (at gfa_actions.py)
2025-02-17 16:07:33,797 [INFO] Configuration file found: /media/shyunc/DATA/KSpec/KSPEC_ICS/GFA/Simul/kspec_gfa_controller/src/etc/astrometry_params.json (at gfa_actions.py)
2025-02-17 16:07:33,797 [INFO] Initializing gfa_astrometry class. (at gfa_actions.py)
2025-02-17 16:07:33,798 [INFO] Loaded 4 FITS files. (at gfa_actions.py)
2025-02-17 16:07:33,798 [INFO] Initializing GFAGuider... (at gfa_actions.py)
2025-02-17 16:07:33,798 [INFO] GFAGuider setup complete. (at gfa_actions.py)
2025-02-17 16:08:49,649 [INFO] Configuration file found: /media/shyunc/DATA/KSpec/KSPEC_ICS/GFA/Simul/kspec_gfa_controller/src/etc/cams.json (at gfa_actions.py)
2025-02-17 16:08:49,649 [INFO] Configuration file found: /media/shyunc/DATA/KSpec/KSPEC_ICS/GFA/Simul/kspec_gfa_controller/src/etc/astrometry_params.json (at gfa_actions.py)
2025-02-17 16:08:49,649 [INFO] Initializing gfa_astrometry class. (at gfa_actions.py)
2025-02-17 16:08:49,649 [INFO] Loaded 4 FITS files. (at gfa_actions.py)
2025-02-17 16:08:49,649 [INFO] Initializing GFAGuider... (at gfa_actions.py)
2025-02-17 16:08:49,649 [INFO] GFAGuider setup complete. (at gfa_actions.py)
2025-02-17 16:08:54,155 [INFO] Guiding starts... (at gfa_actions.py)
2025-02-17 16:08:54,155 [INFO] Step #1: Grab an image (uncomment if needed). (at gfa_actions.py)
2025-02-17 16:08:54,156 [INFO] Step #2: Astrometry... (at gfa_actions.py)
2025-02-17 16:08:54,156 [INFO] Step #3: Calculating the offset... (at gfa_actions.py)
2025-02-17 16:08:54,157 [INFO] Offsets calculated: fdx= $$, fdy=$$, FWHM=$$$ arcsec (at gfa_actions.py)
2025-02-17 16:09:24,165 [INFO] Guiding starts... (at gfa_actions.py)
2025-02-17 16:09:24,166 [INFO] Step #1: Grab an image (uncomment if needed). (at gfa_actions.py)
2025-02-17 16:09:24,167 [INFO] Step #2: Astrometry... (at gfa_actions.py)
2025-02-17 16:09:24,168 [INFO] Step #3: Calculating the offset... (at gfa_actions.py)
2025-02-17 16:09:24,168 [INFO] Offsets calculated: fdx= $$, fdy=$$, FWHM=$$$ arcsec (at gfa_actions.py)
2025-02-17 16:09:54,176 [INFO] Guiding starts... (at gfa_actions.py)
2025-02-17 16:09:54,177 [INFO] Step #1: Grab an image (uncomment if needed). (at gfa_actions.py)
2025-02-17 16:09:54,177 [INFO] Step #2: Astrometry... (at gfa_actions.py)
2025-02-17 16:09:54,178 [INFO] Step #3: Calculating the offset... (at gfa_actions.py)
2025-02-17 16:09:54,178 [INFO] Offsets calculated: fdx= $$, fdy=$$, FWHM=$$$ arcsec (at gfa_actions.py)
2025-02-17 16:11:11,582 [INFO] Configuration file found: /media/shyunc/DATA/KSpec/KSPEC_ICS/GFA/Simul/kspec_gfa_controller/src/etc/cams.json (at gfa_actions.py)
2025-02-17 16:11:11,582 [INFO] Configuration file found: /media/shyunc/DATA/KSpec/KSPEC_ICS/GFA/Simul/kspec_gfa_controller/src/etc/astrometry_params.json (at gfa_actions.py)
2025-02-17 16:11:11,582 [INFO] Initializing gfa_astrometry class. (at gfa_actions.py)
2025-02-17 16:11:11,582 [INFO] Loaded 4 FITS files. (at gfa_actions.py)
2025-02-17 16:11:11,582 [INFO] Initializing GFAGuider... (at gfa_actions.py)
2025-02-17 16:11:11,583 [INFO] GFAGuider setup complete. (at gfa_actions.py)
2025-02-17 16:11:17,121 [INFO] Guiding starts... (at gfa_actions.py)
2025-02-17 16:11:17,122 [INFO] Step #1: Grab an image (uncomment if needed). (at gfa_actions.py)
2025-02-17 16:11:17,122 [INFO] Step #2: Astrometry... (at gfa_actions.py)
2025-02-17 16:11:17,123 [INFO] Step #3: Calculating the offset... (at gfa_actions.py)
2025-02-17 16:11:17,123 [INFO] Offsets calculated: fdx= $$, fdy=$$, FWHM=$$$ arcsec (at gfa_actions.py)
2025-02-17 16:11:47,132 [INFO] Guiding starts... (at gfa_actions.py)
2025-02-17 16:11:47,133 [INFO] Step #1: Grab an image (uncomment if needed). (at gfa_actions.py)
2025-02-17 16:11:47,134 [INFO] Step #2: Astrometry... (at gfa_actions.py)
2025-02-17 16:11:47,134 [INFO] Step #3: Calculating the offset... (at gfa_actions.py)
2025-02-17 16:11:47,135 [INFO] Offsets calculated: fdx= $$, fdy=$$, FWHM=$$$ arcsec (at gfa_actions.py)
2025-02-17 16:12:17,143 [INFO] Guiding starts... (at gfa_actions.py)
2025-02-17 16:12:17,144 [INFO] Step #1: Grab an image (uncomment if needed). (at gfa_actions.py)
2025-02-17 16:12:17,144 [INFO] Step #2: Astrometry... (at gfa_actions.py)
2025-02-17 16:12:17,144 [INFO] Step #3: Calculating the offset... (at gfa_actions.py)
2025-02-17 16:12:17,144 [INFO] Offsets calculated: fdx= $$, fdy=$$, FWHM=$$$ arcsec (at gfa_actions.py)
2025-02-17 16:12:47,152 [INFO] Guiding starts... (at gfa_actions.py)
2025-02-17 16:12:47,153 [INFO] Step #1: Grab an image (uncomment if needed). (at gfa_actions.py)
2025-02-17 16:12:47,154 [INFO] Step #2: Astrometry... (at gfa_actions.py)
2025-02-17 16:12:47,154 [INFO] Step #3: Calculating the offset... (at gfa_actions.py)
2025-02-17 16:12:47,155 [INFO] Offsets calculated: fdx= $$, fdy=$$, FWHM=$$$ arcsec (at gfa_actions.py)
2025-02-17 16:13:17,163 [INFO] Guiding starts... (at gfa_actions.py)
2025-02-17 16:13:17,164 [INFO] Step #1: Grab an image (uncomment if needed). (at gfa_actions.py)
2025-02-17 16:13:17,164 [INFO] Step #2: Astrometry... (at gfa_actions.py)
2025-02-17 16:13:17,165 [INFO] Step #3: Calculating the offset... (at gfa_actions.py)
2025-02-17 16:13:17,165 [INFO] Offsets calculated: fdx= $$, fdy=$$, FWHM=$$$ arcsec (at gfa_actions.py)
2025-02-17 16:13:26,677 [INFO] Configuration file found: /media/shyunc/DATA/KSpec/KSPEC_ICS/GFA/Simul/kspec_gfa_controller/src/etc/cams.json (at gfa_actions.py)
2025-02-17 16:13:26,677 [INFO] Configuration file found: /media/shyunc/DATA/KSpec/KSPEC_ICS/GFA/Simul/kspec_gfa_controller/src/etc/astrometry_params.json (at gfa_actions.py)
2025-02-17 16:13:26,678 [INFO] Initializing gfa_astrometry class. (at gfa_actions.py)
2025-02-17 16:13:26,678 [INFO] Loaded 4 FITS files. (at gfa_actions.py)
2025-02-17 16:13:26,678 [INFO] Initializing GFAGuider... (at gfa_actions.py)
2025-02-17 16:13:26,678 [INFO] GFAGuider setup complete. (at gfa_actions.py)
2025-02-17 16:14:37,168 [INFO] Guiding starts... (at gfa_actions.py)
2025-02-17 16:14:37,169 [INFO] Step #1: Grab an image (uncomment if needed). (at gfa_actions.py)
2025-02-17 16:14:37,169 [INFO] Step #2: Astrometry... (at gfa_actions.py)
2025-02-17 16:14:37,169 [INFO] Step #3: Calculating the offset... (at gfa_actions.py)
2025-02-17 16:14:37,170 [INFO] Offsets calculated: fdx= $$, fdy=$$, FWHM=$$$ arcsec (at gfa_actions.py)
