2026-05-19 14:12:33,852 [INFO] Initialized GFAEnvironment with role 'plate' and cameras [1, 2, 3, 4, 5, 6]
2026-05-19 14:12:33,852 [INFO] Initializing gfa_astrometry class.
2026-05-19 14:12:33,853 [INFO] Paths:
2026-05-19 14:12:33,853 [INFO]   save_root         = /home/shyunc/work/DATA/GFADATA/img
2026-05-19 14:12:33,853 [INFO]   raw_images        = /home/shyunc/work/DATA/GFADATA/img/raw
2026-05-19 14:12:33,853 [INFO]   temp_files        = /home/shyunc/work/DATA/GFADATA/img/tempfiles
2026-05-19 14:12:33,853 [INFO]   final_astrometry  = /home/shyunc/work/DATA/GFADATA/img/astroimg
2026-05-19 14:12:33,853 [INFO]   star_catalog_dir  = /home/shyunc/work/DATA/GFADATA/img
2026-05-19 14:12:33,853 [INFO]   combined_star.fits= /home/shyunc/work/DATA/GFADATA/img/combined_star.fits
2026-05-19 14:12:33,853 [DEBUG] Using solve-field: /usr/local/astrometry/bin/solve-field
2026-05-19 14:12:33,853 [INFO] Initializing GFAGuider...
2026-05-19 14:12:33,853 [INFO] ========== PATH DEBUG [guider] ==========
2026-05-19 14:12:33,853 [INFO] save_root             = /home/shyunc/work/DATA/GFADATA/img
2026-05-19 14:12:33,853 [INFO] raw_dir               = /home/shyunc/work/DATA/GFADATA/img/raw
2026-05-19 14:12:33,853 [INFO] final_astrometry_dir  = /home/shyunc/work/DATA/GFADATA/img/astroimg
2026-05-19 14:12:33,854 [INFO] cutout_path           = /home/shyunc/work/DATA/GFADATA/img/cutout
2026-05-19 14:12:33,854 [INFO] star_catalog_root     = /home/shyunc/work/DATA/GFADATA/img/combined_star.fits
2026-05-19 14:12:33,854 [INFO] combined_star_path    = /home/shyunc/work/DATA/GFADATA/img/combined_star.fits
2026-05-19 14:12:33,854 [INFO] =========================================
2026-05-19 14:12:33,854 [INFO] GFAGuider setup complete.
2026-05-19 14:16:31,454 [INFO] [grab] save_root=/home/shyunc/work/DATA/GFADATA/img
2026-05-19 14:16:31,455 [INFO] [grab] dirs={'raw_images': 'raw', 'processed_images': 'procimg', 'temp_files': 'tempfiles', 'final_astrometry_images': 'astroimg/', 'offset_astrometry_images': 'astroimg/', 'offset_processed_images': 'procimg', 'cutout_directory': 'cutout', 'star_catalog': 'combined_star.fits'}
2026-05-19 14:16:31,455 [INFO] ========== PATH DEBUG [grab] ==========
2026-05-19 14:16:31,455 [INFO] save_root = /home/shyunc/work/DATA/GFADATA/img
2026-05-19 14:16:31,456 [INFO] type(save_root) = <class 'pathlib.PosixPath'>
2026-05-19 14:16:31,456 [INFO] save_root exists? True
2026-05-19 14:16:31,457 [INFO] save_root write test ok: /home/shyunc/work/DATA/GFADATA/img/debug_write_test.txt
2026-05-19 14:16:31,457 [INFO] grab_save_path = /home/shyunc/work/DATA/GFADATA/img/grab/2026-05-19
2026-05-19 14:16:31,457 [INFO] type(grab_save_path) = <class 'pathlib.PosixPath'>
2026-05-19 14:16:31,457 [INFO] grab_save_path exists? True
2026-05-19 14:16:31,457 [INFO] grab_save_path write test ok: /home/shyunc/work/DATA/GFADATA/img/grab/2026-05-19/debug_write_test.txt
2026-05-19 14:16:31,457 [INFO] =========================================
2026-05-19 14:16:31,457 [INFO] Open all plate cameras...
2026-05-19 14:16:31,457 [INFO] [grab] exposure 1/5, output_dir=/home/shyunc/work/DATA/GFADATA/img/grab/2026-05-19, SaveCombineRaw=True
2026-05-19 14:16:31,457 [INFO] [grab] exposure 2/5, output_dir=/home/shyunc/work/DATA/GFADATA/img/grab/2026-05-19, SaveCombineRaw=True
2026-05-19 14:16:31,457 [INFO] [grab] exposure 3/5, output_dir=/home/shyunc/work/DATA/GFADATA/img/grab/2026-05-19, SaveCombineRaw=True
2026-05-19 14:16:31,457 [INFO] [grab] exposure 4/5, output_dir=/home/shyunc/work/DATA/GFADATA/img/grab/2026-05-19, SaveCombineRaw=True
2026-05-19 14:16:31,457 [INFO] [grab] exposure 5/5, output_dir=/home/shyunc/work/DATA/GFADATA/img/grab/2026-05-19, SaveCombineRaw=True
2026-05-19 14:16:31,457 [INFO] Close all plate cameras...
