2025-02-22 11:39:33,311 [INFO] Configuration file found: /media/shyunc/DATA/KSpec/KSPEC_ICS/GFA/Simul/kspec_gfa_controller/src/etc/cams.json (at gfa_actions.py)
2025-02-22 11:39:33,311 [INFO] Configuration file found: /media/shyunc/DATA/KSpec/KSPEC_ICS/GFA/Simul/kspec_gfa_controller/src/etc/astrometry_params.json (at gfa_actions.py)
2025-02-22 11:39:33,311 [INFO] Initializing gfa_astrometry class. (at gfa_actions.py)
2025-02-22 11:39:33,312 [INFO] Loaded 4 FITS files. (at gfa_actions.py)
2025-02-22 11:39:33,312 [INFO] Initializing GFAGuider... (at gfa_actions.py)
2025-02-22 11:39:33,312 [INFO] GFAGuider setup complete. (at gfa_actions.py)
2025-02-22 11:39:45,144 [INFO] Checking status of all cameras. (at gfa_actions.py)
2025-02-22 11:46:59,034 [INFO] Checking status of all cameras. (at gfa_actions.py)
2025-02-22 11:49:45,691 [INFO] Checking status of all cameras. (at gfa_actions.py)
2025-02-22 11:53:24,076 [INFO] Checking status of all cameras. (at gfa_actions.py)
2025-02-22 11:54:35,311 [INFO] Checking status of all cameras. (at gfa_actions.py)
2025-02-22 11:55:45,331 [INFO] Checking status of all cameras. (at gfa_actions.py)
2025-02-22 13:39:31,608 [INFO] Configuration file found: /media/shyunc/DATA/KSpec/KSPEC_ICS/GFA/Simul/kspec_gfa_controller/src/etc/cams.json (at gfa_actions.py)
2025-02-22 13:39:31,608 [INFO] Configuration file found: /media/shyunc/DATA/KSpec/KSPEC_ICS/GFA/Simul/kspec_gfa_controller/src/etc/astrometry_params.json (at gfa_actions.py)
2025-02-22 13:39:31,608 [INFO] Initializing gfa_astrometry class. (at gfa_actions.py)
2025-02-22 13:39:31,609 [INFO] Loaded 4 FITS files. (at gfa_actions.py)
2025-02-22 13:39:31,609 [INFO] Initializing GFAGuider... (at gfa_actions.py)
2025-02-22 13:39:31,609 [INFO] GFAGuider setup complete. (at gfa_actions.py)
2025-02-22 13:41:41,790 [INFO] Checking status of all cameras. (at gfa_actions.py)
2025-02-22 13:44:41,160 [INFO] Checking status of all cameras. (at gfa_actions.py)
2025-02-22 14:00:43,548 [INFO] Checking status of all cameras. (at gfa_actions.py)
2025-02-22 14:08:36,251 [INFO] Checking status of all cameras. (at gfa_actions.py)
2025-02-22 16:45:03,401 [INFO] Configuration file found: /media/shyunc/DATA/KSpec/KSPEC_ICS/GFA/Simul/kspec_gfa_controller/src/etc/cams.json (at gfa_actions.py)
2025-02-22 16:45:03,402 [INFO] Configuration file found: /media/shyunc/DATA/KSpec/KSPEC_ICS/GFA/Simul/kspec_gfa_controller/src/etc/astrometry_params.json (at gfa_actions.py)
2025-02-22 16:45:03,402 [INFO] Initializing gfa_astrometry class. (at gfa_actions.py)
2025-02-22 16:45:03,402 [INFO] Loaded 4 FITS files. (at gfa_actions.py)
2025-02-22 16:45:03,402 [INFO] Initializing GFAGuider... (at gfa_actions.py)
2025-02-22 16:45:03,402 [INFO] GFAGuider setup complete. (at gfa_actions.py)
