2025-03-24 10:41:26,643 [INFO] Configuration file found: /media/shyunc/DATA/KSpec/KSPEC_ICS/GFA/Simul/kspec_gfa_controller/src/etc/cams.json (at gfa_actions.py)
2025-03-24 10:41:26,643 [INFO] Configuration file found: /media/shyunc/DATA/KSpec/KSPEC_ICS/GFA/Simul/kspec_gfa_controller/src/etc/astrometry_params.json (at gfa_actions.py)
2025-03-24 10:41:26,643 [INFO] Initializing gfa_astrometry class. (at gfa_actions.py)
2025-03-24 10:41:26,643 [INFO] Loaded 4 FITS files. (at gfa_actions.py)
2025-03-24 10:41:26,643 [INFO] Initializing GFAGuider... (at gfa_actions.py)
2025-03-24 10:41:26,644 [INFO] GFAGuider setup complete. (at gfa_actions.py)
2025-03-24 10:41:31,578 [INFO] Guiding starts... (at gfa_actions.py)
2025-03-24 10:41:31,579 [INFO] Step #1: Grab an image (uncomment if needed). (at gfa_actions.py)
2025-03-24 10:41:31,580 [INFO] Step #2: Astrometry... (at gfa_actions.py)
2025-03-24 10:41:31,580 [INFO] Step #3: Calculating the offset... (at gfa_actions.py)
2025-03-24 10:41:31,581 [INFO] Starting guide star calibration process. (at gfa_actions.py)
2025-03-24 10:41:31,583 [INFO] Found 4 astrometry files and 4 processed files. (at gfa_actions.py)
2025-03-24 10:41:31,583 [INFO] Processing FITS: /media/shyunc/DATA/KSpec/KSPEC_ICS/GFA/Simul/kspec_gfa_controller/src/img/astroimg/astro_proc_KMTNge.20231211T102558.0001.fits & /media/shyunc/DATA/KSpec/KSPEC_ICS/GFA/Simul/kspec_gfa_controller/src/img/procimg/proc_KMTNge.20231211T102558.0001.fits (at gfa_actions.py)
2025-03-24 10:41:31,592 [INFO] Performing sigma clipping to derive background and stddev. (at gfa_actions.py)
2025-03-24 10:41:31,753 [INFO] Processing FITS: /media/shyunc/DATA/KSpec/KSPEC_ICS/GFA/Simul/kspec_gfa_controller/src/img/astroimg/astro_proc_KMTNgn.20231211T102558.0001.fits & /media/shyunc/DATA/KSpec/KSPEC_ICS/GFA/Simul/kspec_gfa_controller/src/img/procimg/proc_KMTNgn.20231211T102558.0001.fits (at gfa_actions.py)
2025-03-24 10:41:31,761 [INFO] Performing sigma clipping to derive background and stddev. (at gfa_actions.py)
2025-03-24 10:41:31,881 [INFO] Processing FITS: /media/shyunc/DATA/KSpec/KSPEC_ICS/GFA/Simul/kspec_gfa_controller/src/img/astroimg/astro_proc_KMTNgs.20231211T102558.0001.fits & /media/shyunc/DATA/KSpec/KSPEC_ICS/GFA/Simul/kspec_gfa_controller/src/img/procimg/proc_KMTNgs.20231211T102558.0001.fits (at gfa_actions.py)
2025-03-24 10:41:31,888 [INFO] Performing sigma clipping to derive background and stddev. (at gfa_actions.py)
2025-03-24 10:41:32,012 [INFO] Processing FITS: /media/shyunc/DATA/KSpec/KSPEC_ICS/GFA/Simul/kspec_gfa_controller/src/img/astroimg/astro_proc_KMTNgw.20231211T102558.0001.fits & /media/shyunc/DATA/KSpec/KSPEC_ICS/GFA/Simul/kspec_gfa_controller/src/img/procimg/proc_KMTNgw.20231211T102558.0001.fits (at gfa_actions.py)
2025-03-24 10:41:32,019 [INFO] Performing sigma clipping to derive background and stddev. (at gfa_actions.py)
2025-03-24 10:41:32,127 [WARNING] Offsets within critical threshold; returning 0, 0. (at gfa_actions.py)
2025-03-24 10:41:32,129 [INFO] FWHM: 1.81 arcsec (at gfa_actions.py)
2025-03-24 10:41:32,129 [INFO] Guide star calibration complete. Offsets => fdx=0.00000, fdy=0.00000, FWHM=1.80589 (at gfa_actions.py)
2025-03-24 10:41:32,130 [INFO] Offsets calculated: fdx= $$, fdy=$$, FWHM=$$$ arcsec (at gfa_actions.py)
2025-03-24 10:46:15,580 [INFO] Configuration file found: /media/shyunc/DATA/KSpec/KSPEC_ICS/GFA/Simul/kspec_gfa_controller/src/etc/cams.json (at gfa_actions.py)
2025-03-24 10:46:15,580 [INFO] Configuration file found: /media/shyunc/DATA/KSpec/KSPEC_ICS/GFA/Simul/kspec_gfa_controller/src/etc/astrometry_params.json (at gfa_actions.py)
2025-03-24 10:46:15,580 [INFO] Initializing gfa_astrometry class. (at gfa_actions.py)
2025-03-24 10:46:15,580 [INFO] Loaded 4 FITS files. (at gfa_actions.py)
2025-03-24 10:46:15,581 [INFO] Initializing GFAGuider... (at gfa_actions.py)
2025-03-24 10:46:15,581 [INFO] GFAGuider setup complete. (at gfa_actions.py)
2025-03-24 10:46:15,585 [INFO] Guiding starts... (at gfa_actions.py)
2025-03-24 10:46:15,585 [INFO] Step #1: Grab an image (uncomment if needed). (at gfa_actions.py)
2025-03-24 10:46:15,585 [INFO] Step #2: Astrometry... (at gfa_actions.py)
2025-03-24 10:46:15,585 [INFO] Step #3: Calculating the offset... (at gfa_actions.py)
2025-03-24 10:46:15,585 [INFO] Starting guide star calibration process. (at gfa_actions.py)
2025-03-24 10:46:15,585 [INFO] Found 4 astrometry files and 4 processed files. (at gfa_actions.py)
2025-03-24 10:46:15,585 [INFO] Processing FITS: /media/shyunc/DATA/KSpec/KSPEC_ICS/GFA/Simul/kspec_gfa_controller/src/img/astroimg/astro_proc_KMTNge.20231211T102558.0001.fits & /media/shyunc/DATA/KSpec/KSPEC_ICS/GFA/Simul/kspec_gfa_controller/src/img/procimg/proc_KMTNge.20231211T102558.0001.fits (at gfa_actions.py)
2025-03-24 10:46:15,593 [INFO] Performing sigma clipping to derive background and stddev. (at gfa_actions.py)
2025-03-24 10:46:15,749 [INFO] Processing FITS: /media/shyunc/DATA/KSpec/KSPEC_ICS/GFA/Simul/kspec_gfa_controller/src/img/astroimg/astro_proc_KMTNgn.20231211T102558.0001.fits & /media/shyunc/DATA/KSpec/KSPEC_ICS/GFA/Simul/kspec_gfa_controller/src/img/procimg/proc_KMTNgn.20231211T102558.0001.fits (at gfa_actions.py)
2025-03-24 10:46:15,757 [INFO] Performing sigma clipping to derive background and stddev. (at gfa_actions.py)
2025-03-24 10:46:15,875 [INFO] Processing FITS: /media/shyunc/DATA/KSpec/KSPEC_ICS/GFA/Simul/kspec_gfa_controller/src/img/astroimg/astro_proc_KMTNgs.20231211T102558.0001.fits & /media/shyunc/DATA/KSpec/KSPEC_ICS/GFA/Simul/kspec_gfa_controller/src/img/procimg/proc_KMTNgs.20231211T102558.0001.fits (at gfa_actions.py)
2025-03-24 10:46:15,883 [INFO] Performing sigma clipping to derive background and stddev. (at gfa_actions.py)
2025-03-24 10:46:16,013 [INFO] Processing FITS: /media/shyunc/DATA/KSpec/KSPEC_ICS/GFA/Simul/kspec_gfa_controller/src/img/astroimg/astro_proc_KMTNgw.20231211T102558.0001.fits & /media/shyunc/DATA/KSpec/KSPEC_ICS/GFA/Simul/kspec_gfa_controller/src/img/procimg/proc_KMTNgw.20231211T102558.0001.fits (at gfa_actions.py)
2025-03-24 10:46:16,020 [INFO] Performing sigma clipping to derive background and stddev. (at gfa_actions.py)
2025-03-24 10:46:16,133 [WARNING] Offsets within critical threshold; returning 0, 0. (at gfa_actions.py)
2025-03-24 10:46:16,136 [INFO] FWHM: 1.81 arcsec (at gfa_actions.py)
2025-03-24 10:46:16,136 [INFO] Guide star calibration complete. Offsets => fdx=0.00000, fdy=0.00000, FWHM=1.80589 (at gfa_actions.py)
2025-03-24 10:46:16,136 [INFO] Offsets calculated: fdx= $$, fdy=$$, FWHM=$$$ arcsec (at gfa_actions.py)
2025-03-24 10:46:54,182 [INFO] Guiding starts... (at gfa_actions.py)
2025-03-24 10:46:54,183 [INFO] Step #1: Grab an image (uncomment if needed). (at gfa_actions.py)
2025-03-24 10:46:54,183 [INFO] Step #2: Astrometry... (at gfa_actions.py)
2025-03-24 10:46:54,184 [INFO] Step #3: Calculating the offset... (at gfa_actions.py)
2025-03-24 10:46:54,184 [INFO] Starting guide star calibration process. (at gfa_actions.py)
2025-03-24 10:46:54,187 [INFO] Found 4 astrometry files and 4 processed files. (at gfa_actions.py)
2025-03-24 10:46:54,187 [INFO] Processing FITS: /media/shyunc/DATA/KSpec/KSPEC_ICS/GFA/Simul/kspec_gfa_controller/src/img/astroimg/astro_proc_KMTNge.20231211T102558.0001.fits & /media/shyunc/DATA/KSpec/KSPEC_ICS/GFA/Simul/kspec_gfa_controller/src/img/procimg/proc_KMTNge.20231211T102558.0001.fits (at gfa_actions.py)
2025-03-24 10:46:54,195 [INFO] Performing sigma clipping to derive background and stddev. (at gfa_actions.py)
2025-03-24 10:46:54,313 [INFO] Processing FITS: /media/shyunc/DATA/KSpec/KSPEC_ICS/GFA/Simul/kspec_gfa_controller/src/img/astroimg/astro_proc_KMTNgn.20231211T102558.0001.fits & /media/shyunc/DATA/KSpec/KSPEC_ICS/GFA/Simul/kspec_gfa_controller/src/img/procimg/proc_KMTNgn.20231211T102558.0001.fits (at gfa_actions.py)
2025-03-24 10:46:54,319 [INFO] Performing sigma clipping to derive background and stddev. (at gfa_actions.py)
2025-03-24 10:46:54,440 [INFO] Processing FITS: /media/shyunc/DATA/KSpec/KSPEC_ICS/GFA/Simul/kspec_gfa_controller/src/img/astroimg/astro_proc_KMTNgs.20231211T102558.0001.fits & /media/shyunc/DATA/KSpec/KSPEC_ICS/GFA/Simul/kspec_gfa_controller/src/img/procimg/proc_KMTNgs.20231211T102558.0001.fits (at gfa_actions.py)
2025-03-24 10:46:54,447 [INFO] Performing sigma clipping to derive background and stddev. (at gfa_actions.py)
2025-03-24 10:46:54,571 [INFO] Processing FITS: /media/shyunc/DATA/KSpec/KSPEC_ICS/GFA/Simul/kspec_gfa_controller/src/img/astroimg/astro_proc_KMTNgw.20231211T102558.0001.fits & /media/shyunc/DATA/KSpec/KSPEC_ICS/GFA/Simul/kspec_gfa_controller/src/img/procimg/proc_KMTNgw.20231211T102558.0001.fits (at gfa_actions.py)
2025-03-24 10:46:54,578 [INFO] Performing sigma clipping to derive background and stddev. (at gfa_actions.py)
2025-03-24 10:46:54,686 [WARNING] Offsets within critical threshold; returning 0, 0. (at gfa_actions.py)
2025-03-24 10:46:54,689 [INFO] FWHM: 1.81 arcsec (at gfa_actions.py)
2025-03-24 10:46:54,689 [INFO] Guide star calibration complete. Offsets => fdx=0.00000, fdy=0.00000, FWHM=1.80589 (at gfa_actions.py)
2025-03-24 10:46:54,689 [INFO] Offsets calculated: fdx= $$, fdy=$$, FWHM=$$$ arcsec (at gfa_actions.py)
2025-03-24 10:48:05,934 [INFO] Guiding starts... (at gfa_actions.py)
2025-03-24 10:48:05,934 [INFO] Step #1: Grab an image (uncomment if needed). (at gfa_actions.py)
2025-03-24 10:48:05,935 [INFO] Step #2: Astrometry... (at gfa_actions.py)
2025-03-24 10:48:05,936 [INFO] Step #3: Calculating the offset... (at gfa_actions.py)
2025-03-24 10:48:05,936 [INFO] Starting guide star calibration process. (at gfa_actions.py)
2025-03-24 10:48:05,939 [INFO] Found 4 astrometry files and 4 processed files. (at gfa_actions.py)
2025-03-24 10:48:05,939 [INFO] Processing FITS: /media/shyunc/DATA/KSpec/KSPEC_ICS/GFA/Simul/kspec_gfa_controller/src/img/astroimg/astro_proc_KMTNge.20231211T102558.0001.fits & /media/shyunc/DATA/KSpec/KSPEC_ICS/GFA/Simul/kspec_gfa_controller/src/img/procimg/proc_KMTNge.20231211T102558.0001.fits (at gfa_actions.py)
2025-03-24 10:48:05,949 [INFO] Performing sigma clipping to derive background and stddev. (at gfa_actions.py)
2025-03-24 10:48:06,065 [INFO] Processing FITS: /media/shyunc/DATA/KSpec/KSPEC_ICS/GFA/Simul/kspec_gfa_controller/src/img/astroimg/astro_proc_KMTNgn.20231211T102558.0001.fits & /media/shyunc/DATA/KSpec/KSPEC_ICS/GFA/Simul/kspec_gfa_controller/src/img/procimg/proc_KMTNgn.20231211T102558.0001.fits (at gfa_actions.py)
2025-03-24 10:48:06,072 [INFO] Performing sigma clipping to derive background and stddev. (at gfa_actions.py)
2025-03-24 10:48:06,193 [INFO] Processing FITS: /media/shyunc/DATA/KSpec/KSPEC_ICS/GFA/Simul/kspec_gfa_controller/src/img/astroimg/astro_proc_KMTNgs.20231211T102558.0001.fits & /media/shyunc/DATA/KSpec/KSPEC_ICS/GFA/Simul/kspec_gfa_controller/src/img/procimg/proc_KMTNgs.20231211T102558.0001.fits (at gfa_actions.py)
2025-03-24 10:48:06,201 [INFO] Performing sigma clipping to derive background and stddev. (at gfa_actions.py)
2025-03-24 10:48:06,326 [INFO] Processing FITS: /media/shyunc/DATA/KSpec/KSPEC_ICS/GFA/Simul/kspec_gfa_controller/src/img/astroimg/astro_proc_KMTNgw.20231211T102558.0001.fits & /media/shyunc/DATA/KSpec/KSPEC_ICS/GFA/Simul/kspec_gfa_controller/src/img/procimg/proc_KMTNgw.20231211T102558.0001.fits (at gfa_actions.py)
2025-03-24 10:48:06,333 [INFO] Performing sigma clipping to derive background and stddev. (at gfa_actions.py)
2025-03-24 10:48:06,443 [WARNING] Offsets within critical threshold; returning 0, 0. (at gfa_actions.py)
2025-03-24 10:48:06,445 [INFO] FWHM: 1.81 arcsec (at gfa_actions.py)
2025-03-24 10:48:06,445 [INFO] Guide star calibration complete. Offsets => fdx=0.00000, fdy=0.00000, FWHM=1.80589 (at gfa_actions.py)
2025-03-24 10:48:06,446 [INFO] Offsets calculated: fdx= $$, fdy=$$, FWHM=$$$ arcsec (at gfa_actions.py)
2025-03-24 10:49:06,469 [INFO] Guiding starts... (at gfa_actions.py)
2025-03-24 10:49:06,469 [INFO] Step #1: Grab an image (uncomment if needed). (at gfa_actions.py)
2025-03-24 10:49:06,470 [INFO] Step #2: Astrometry... (at gfa_actions.py)
2025-03-24 10:49:06,470 [INFO] Step #3: Calculating the offset... (at gfa_actions.py)
2025-03-24 10:49:06,471 [INFO] Starting guide star calibration process. (at gfa_actions.py)
2025-03-24 10:49:06,473 [INFO] Found 4 astrometry files and 4 processed files. (at gfa_actions.py)
2025-03-24 10:49:06,473 [INFO] Processing FITS: /media/shyunc/DATA/KSpec/KSPEC_ICS/GFA/Simul/kspec_gfa_controller/src/img/astroimg/astro_proc_KMTNge.20231211T102558.0001.fits & /media/shyunc/DATA/KSpec/KSPEC_ICS/GFA/Simul/kspec_gfa_controller/src/img/procimg/proc_KMTNge.20231211T102558.0001.fits (at gfa_actions.py)
2025-03-24 10:49:06,481 [INFO] Performing sigma clipping to derive background and stddev. (at gfa_actions.py)
2025-03-24 10:49:06,594 [INFO] Processing FITS: /media/shyunc/DATA/KSpec/KSPEC_ICS/GFA/Simul/kspec_gfa_controller/src/img/astroimg/astro_proc_KMTNgn.20231211T102558.0001.fits & /media/shyunc/DATA/KSpec/KSPEC_ICS/GFA/Simul/kspec_gfa_controller/src/img/procimg/proc_KMTNgn.20231211T102558.0001.fits (at gfa_actions.py)
2025-03-24 10:49:06,601 [INFO] Performing sigma clipping to derive background and stddev. (at gfa_actions.py)
2025-03-24 10:49:06,722 [INFO] Processing FITS: /media/shyunc/DATA/KSpec/KSPEC_ICS/GFA/Simul/kspec_gfa_controller/src/img/astroimg/astro_proc_KMTNgs.20231211T102558.0001.fits & /media/shyunc/DATA/KSpec/KSPEC_ICS/GFA/Simul/kspec_gfa_controller/src/img/procimg/proc_KMTNgs.20231211T102558.0001.fits (at gfa_actions.py)
2025-03-24 10:49:06,729 [INFO] Performing sigma clipping to derive background and stddev. (at gfa_actions.py)
2025-03-24 10:49:06,852 [INFO] Processing FITS: /media/shyunc/DATA/KSpec/KSPEC_ICS/GFA/Simul/kspec_gfa_controller/src/img/astroimg/astro_proc_KMTNgw.20231211T102558.0001.fits & /media/shyunc/DATA/KSpec/KSPEC_ICS/GFA/Simul/kspec_gfa_controller/src/img/procimg/proc_KMTNgw.20231211T102558.0001.fits (at gfa_actions.py)
2025-03-24 10:49:06,859 [INFO] Performing sigma clipping to derive background and stddev. (at gfa_actions.py)
2025-03-24 10:49:06,972 [WARNING] Offsets within critical threshold; returning 0, 0. (at gfa_actions.py)
2025-03-24 10:49:06,974 [INFO] FWHM: 1.81 arcsec (at gfa_actions.py)
2025-03-24 10:49:06,974 [INFO] Guide star calibration complete. Offsets => fdx=0.00000, fdy=0.00000, FWHM=1.80589 (at gfa_actions.py)
2025-03-24 10:49:06,975 [INFO] Offsets calculated: fdx= $$, fdy=$$, FWHM=$$$ arcsec (at gfa_actions.py)
2025-03-24 10:54:15,496 [INFO] Guiding starts... (at gfa_actions.py)
2025-03-24 10:54:15,497 [INFO] Step #1: Grab an image (uncomment if needed). (at gfa_actions.py)
2025-03-24 10:54:15,497 [INFO] Step #2: Astrometry... (at gfa_actions.py)
2025-03-24 10:54:15,498 [INFO] Step #3: Calculating the offset... (at gfa_actions.py)
2025-03-24 10:54:15,498 [INFO] Starting guide star calibration process. (at gfa_actions.py)
2025-03-24 10:54:15,499 [INFO] Found 4 astrometry files and 4 processed files. (at gfa_actions.py)
2025-03-24 10:54:15,499 [INFO] Processing FITS: /media/shyunc/DATA/KSpec/KSPEC_ICS/GFA/Simul/kspec_gfa_controller/src/img/astroimg/astro_proc_KMTNge.20231211T102558.0001.fits & /media/shyunc/DATA/KSpec/KSPEC_ICS/GFA/Simul/kspec_gfa_controller/src/img/procimg/proc_KMTNge.20231211T102558.0001.fits (at gfa_actions.py)
2025-03-24 10:54:15,511 [INFO] Performing sigma clipping to derive background and stddev. (at gfa_actions.py)
2025-03-24 10:54:15,628 [INFO] Processing FITS: /media/shyunc/DATA/KSpec/KSPEC_ICS/GFA/Simul/kspec_gfa_controller/src/img/astroimg/astro_proc_KMTNgn.20231211T102558.0001.fits & /media/shyunc/DATA/KSpec/KSPEC_ICS/GFA/Simul/kspec_gfa_controller/src/img/procimg/proc_KMTNgn.20231211T102558.0001.fits (at gfa_actions.py)
2025-03-24 10:54:15,635 [INFO] Performing sigma clipping to derive background and stddev. (at gfa_actions.py)
2025-03-24 10:54:15,756 [INFO] Processing FITS: /media/shyunc/DATA/KSpec/KSPEC_ICS/GFA/Simul/kspec_gfa_controller/src/img/astroimg/astro_proc_KMTNgs.20231211T102558.0001.fits & /media/shyunc/DATA/KSpec/KSPEC_ICS/GFA/Simul/kspec_gfa_controller/src/img/procimg/proc_KMTNgs.20231211T102558.0001.fits (at gfa_actions.py)
2025-03-24 10:54:15,763 [INFO] Performing sigma clipping to derive background and stddev. (at gfa_actions.py)
2025-03-24 10:54:15,888 [INFO] Processing FITS: /media/shyunc/DATA/KSpec/KSPEC_ICS/GFA/Simul/kspec_gfa_controller/src/img/astroimg/astro_proc_KMTNgw.20231211T102558.0001.fits & /media/shyunc/DATA/KSpec/KSPEC_ICS/GFA/Simul/kspec_gfa_controller/src/img/procimg/proc_KMTNgw.20231211T102558.0001.fits (at gfa_actions.py)
2025-03-24 10:54:15,896 [INFO] Performing sigma clipping to derive background and stddev. (at gfa_actions.py)
2025-03-24 10:54:16,005 [WARNING] Offsets within critical threshold; returning 0, 0. (at gfa_actions.py)
2025-03-24 10:54:16,007 [INFO] FWHM: 1.81 arcsec (at gfa_actions.py)
2025-03-24 10:54:16,007 [INFO] Guide star calibration complete. Offsets => fdx=0.00000, fdy=0.00000, FWHM=1.80589 (at gfa_actions.py)
2025-03-24 10:54:16,008 [INFO] Offsets calculated: fdx= $$, fdy=$$, FWHM=$$$ arcsec (at gfa_actions.py)
2025-03-24 10:57:22,615 [INFO] Configuration file found: /media/shyunc/DATA/KSpec/KSPEC_ICS/GFA/Simul/kspec_gfa_controller/src/etc/cams.json (at gfa_actions.py)
2025-03-24 10:57:22,615 [INFO] Configuration file found: /media/shyunc/DATA/KSpec/KSPEC_ICS/GFA/Simul/kspec_gfa_controller/src/etc/astrometry_params.json (at gfa_actions.py)
2025-03-24 10:57:22,615 [INFO] Initializing gfa_astrometry class. (at gfa_actions.py)
2025-03-24 10:57:22,616 [INFO] Loaded 4 FITS files. (at gfa_actions.py)
2025-03-24 10:57:22,616 [INFO] Initializing GFAGuider... (at gfa_actions.py)
2025-03-24 10:57:22,616 [INFO] GFAGuider setup complete. (at gfa_actions.py)
2025-03-24 10:57:35,253 [INFO] Guiding starts... (at gfa_actions.py)
2025-03-24 10:57:35,253 [INFO] Step #1: Grab an image (uncomment if needed). (at gfa_actions.py)
2025-03-24 10:57:35,254 [INFO] Step #2: Astrometry... (at gfa_actions.py)
2025-03-24 10:57:35,254 [INFO] Step #3: Calculating the offset... (at gfa_actions.py)
2025-03-24 10:57:35,254 [INFO] Starting guide star calibration process. (at gfa_actions.py)
2025-03-24 10:57:35,256 [INFO] Found 4 astrometry files and 4 processed files. (at gfa_actions.py)
2025-03-24 10:57:35,256 [INFO] Processing FITS: /media/shyunc/DATA/KSpec/KSPEC_ICS/GFA/Simul/kspec_gfa_controller/src/img/astroimg/astro_proc_KMTNge.20231211T102558.0001.fits & /media/shyunc/DATA/KSpec/KSPEC_ICS/GFA/Simul/kspec_gfa_controller/src/img/procimg/proc_KMTNge.20231211T102558.0001.fits (at gfa_actions.py)
2025-03-24 10:57:35,269 [INFO] Performing sigma clipping to derive background and stddev. (at gfa_actions.py)
2025-03-24 10:57:35,430 [INFO] Processing FITS: /media/shyunc/DATA/KSpec/KSPEC_ICS/GFA/Simul/kspec_gfa_controller/src/img/astroimg/astro_proc_KMTNgn.20231211T102558.0001.fits & /media/shyunc/DATA/KSpec/KSPEC_ICS/GFA/Simul/kspec_gfa_controller/src/img/procimg/proc_KMTNgn.20231211T102558.0001.fits (at gfa_actions.py)
2025-03-24 10:57:35,437 [INFO] Performing sigma clipping to derive background and stddev. (at gfa_actions.py)
2025-03-24 10:57:35,560 [INFO] Processing FITS: /media/shyunc/DATA/KSpec/KSPEC_ICS/GFA/Simul/kspec_gfa_controller/src/img/astroimg/astro_proc_KMTNgs.20231211T102558.0001.fits & /media/shyunc/DATA/KSpec/KSPEC_ICS/GFA/Simul/kspec_gfa_controller/src/img/procimg/proc_KMTNgs.20231211T102558.0001.fits (at gfa_actions.py)
2025-03-24 10:57:35,567 [INFO] Performing sigma clipping to derive background and stddev. (at gfa_actions.py)
2025-03-24 10:57:35,691 [INFO] Processing FITS: /media/shyunc/DATA/KSpec/KSPEC_ICS/GFA/Simul/kspec_gfa_controller/src/img/astroimg/astro_proc_KMTNgw.20231211T102558.0001.fits & /media/shyunc/DATA/KSpec/KSPEC_ICS/GFA/Simul/kspec_gfa_controller/src/img/procimg/proc_KMTNgw.20231211T102558.0001.fits (at gfa_actions.py)
2025-03-24 10:57:35,698 [INFO] Performing sigma clipping to derive background and stddev. (at gfa_actions.py)
2025-03-24 10:57:35,807 [WARNING] Offsets within critical threshold; returning 0, 0. (at gfa_actions.py)
2025-03-24 10:57:35,809 [INFO] FWHM: 1.81 arcsec (at gfa_actions.py)
2025-03-24 10:57:35,809 [INFO] Guide star calibration complete. Offsets => fdx=0.00000, fdy=0.00000, FWHM=1.80589 (at gfa_actions.py)
2025-03-24 10:57:35,809 [INFO] Offsets calculated: fdx= $$, fdy=$$, FWHM=$$$ arcsec (at gfa_actions.py)
2025-03-24 11:03:26,590 [INFO] Guiding starts... (at gfa_actions.py)
2025-03-24 11:03:26,591 [INFO] Step #1: Grab an image (uncomment if needed). (at gfa_actions.py)
2025-03-24 11:03:26,591 [INFO] Step #2: Astrometry... (at gfa_actions.py)
2025-03-24 11:03:26,592 [INFO] Step #3: Calculating the offset... (at gfa_actions.py)
2025-03-24 11:03:26,592 [INFO] Starting guide star calibration process. (at gfa_actions.py)
2025-03-24 11:03:26,594 [INFO] Found 4 astrometry files and 4 processed files. (at gfa_actions.py)
2025-03-24 11:03:26,594 [INFO] Processing FITS: /media/shyunc/DATA/KSpec/KSPEC_ICS/GFA/Simul/kspec_gfa_controller/src/img/astroimg/astro_proc_KMTNge.20231211T102558.0001.fits & /media/shyunc/DATA/KSpec/KSPEC_ICS/GFA/Simul/kspec_gfa_controller/src/img/procimg/proc_KMTNge.20231211T102558.0001.fits (at gfa_actions.py)
2025-03-24 11:03:26,603 [INFO] Performing sigma clipping to derive background and stddev. (at gfa_actions.py)
2025-03-24 11:03:26,717 [INFO] Processing FITS: /media/shyunc/DATA/KSpec/KSPEC_ICS/GFA/Simul/kspec_gfa_controller/src/img/astroimg/astro_proc_KMTNgn.20231211T102558.0001.fits & /media/shyunc/DATA/KSpec/KSPEC_ICS/GFA/Simul/kspec_gfa_controller/src/img/procimg/proc_KMTNgn.20231211T102558.0001.fits (at gfa_actions.py)
2025-03-24 11:03:26,724 [INFO] Performing sigma clipping to derive background and stddev. (at gfa_actions.py)
2025-03-24 11:03:26,842 [INFO] Processing FITS: /media/shyunc/DATA/KSpec/KSPEC_ICS/GFA/Simul/kspec_gfa_controller/src/img/astroimg/astro_proc_KMTNgs.20231211T102558.0001.fits & /media/shyunc/DATA/KSpec/KSPEC_ICS/GFA/Simul/kspec_gfa_controller/src/img/procimg/proc_KMTNgs.20231211T102558.0001.fits (at gfa_actions.py)
2025-03-24 11:03:26,848 [INFO] Performing sigma clipping to derive background and stddev. (at gfa_actions.py)
2025-03-24 11:03:26,969 [INFO] Processing FITS: /media/shyunc/DATA/KSpec/KSPEC_ICS/GFA/Simul/kspec_gfa_controller/src/img/astroimg/astro_proc_KMTNgw.20231211T102558.0001.fits & /media/shyunc/DATA/KSpec/KSPEC_ICS/GFA/Simul/kspec_gfa_controller/src/img/procimg/proc_KMTNgw.20231211T102558.0001.fits (at gfa_actions.py)
2025-03-24 11:03:26,976 [INFO] Performing sigma clipping to derive background and stddev. (at gfa_actions.py)
2025-03-24 11:03:27,082 [WARNING] Offsets within critical threshold; returning 0, 0. (at gfa_actions.py)
2025-03-24 11:03:27,084 [INFO] FWHM: 1.81 arcsec (at gfa_actions.py)
2025-03-24 11:03:27,084 [INFO] Guide star calibration complete. Offsets => fdx=0.00000, fdy=0.00000, FWHM=1.80589 (at gfa_actions.py)
2025-03-24 11:03:27,085 [INFO] Offsets calculated: fdx= $$, fdy=$$, FWHM=$$$ arcsec (at gfa_actions.py)
2025-03-24 11:05:44,807 [INFO] Guiding starts... (at gfa_actions.py)
2025-03-24 11:05:44,808 [INFO] Step #1: Grab an image (uncomment if needed). (at gfa_actions.py)
2025-03-24 11:05:44,808 [INFO] Step #2: Astrometry... (at gfa_actions.py)
2025-03-24 11:05:44,809 [INFO] Step #3: Calculating the offset... (at gfa_actions.py)
2025-03-24 11:05:44,809 [INFO] Starting guide star calibration process. (at gfa_actions.py)
2025-03-24 11:05:44,811 [INFO] Found 4 astrometry files and 4 processed files. (at gfa_actions.py)
2025-03-24 11:05:44,811 [INFO] Processing FITS: /media/shyunc/DATA/KSpec/KSPEC_ICS/GFA/Simul/kspec_gfa_controller/src/img/astroimg/astro_proc_KMTNge.20231211T102558.0001.fits & /media/shyunc/DATA/KSpec/KSPEC_ICS/GFA/Simul/kspec_gfa_controller/src/img/procimg/proc_KMTNge.20231211T102558.0001.fits (at gfa_actions.py)
2025-03-24 11:05:44,820 [INFO] Performing sigma clipping to derive background and stddev. (at gfa_actions.py)
2025-03-24 11:05:44,934 [INFO] Processing FITS: /media/shyunc/DATA/KSpec/KSPEC_ICS/GFA/Simul/kspec_gfa_controller/src/img/astroimg/astro_proc_KMTNgn.20231211T102558.0001.fits & /media/shyunc/DATA/KSpec/KSPEC_ICS/GFA/Simul/kspec_gfa_controller/src/img/procimg/proc_KMTNgn.20231211T102558.0001.fits (at gfa_actions.py)
2025-03-24 11:05:44,941 [INFO] Performing sigma clipping to derive background and stddev. (at gfa_actions.py)
2025-03-24 11:05:45,058 [INFO] Processing FITS: /media/shyunc/DATA/KSpec/KSPEC_ICS/GFA/Simul/kspec_gfa_controller/src/img/astroimg/astro_proc_KMTNgs.20231211T102558.0001.fits & /media/shyunc/DATA/KSpec/KSPEC_ICS/GFA/Simul/kspec_gfa_controller/src/img/procimg/proc_KMTNgs.20231211T102558.0001.fits (at gfa_actions.py)
2025-03-24 11:05:45,065 [INFO] Performing sigma clipping to derive background and stddev. (at gfa_actions.py)
2025-03-24 11:05:45,185 [INFO] Processing FITS: /media/shyunc/DATA/KSpec/KSPEC_ICS/GFA/Simul/kspec_gfa_controller/src/img/astroimg/astro_proc_KMTNgw.20231211T102558.0001.fits & /media/shyunc/DATA/KSpec/KSPEC_ICS/GFA/Simul/kspec_gfa_controller/src/img/procimg/proc_KMTNgw.20231211T102558.0001.fits (at gfa_actions.py)
2025-03-24 11:05:45,192 [INFO] Performing sigma clipping to derive background and stddev. (at gfa_actions.py)
2025-03-24 11:05:45,298 [WARNING] Offsets within critical threshold; returning 0, 0. (at gfa_actions.py)
2025-03-24 11:05:45,300 [INFO] FWHM: 1.81 arcsec (at gfa_actions.py)
2025-03-24 11:05:45,300 [INFO] Guide star calibration complete. Offsets => fdx=0.00000, fdy=0.00000, FWHM=1.80589 (at gfa_actions.py)
2025-03-24 11:05:45,300 [INFO] Offsets calculated: fdx= $$, fdy=$$, FWHM=$$$ arcsec (at gfa_actions.py)
2025-03-24 11:06:45,324 [INFO] Guiding starts... (at gfa_actions.py)
2025-03-24 11:06:45,325 [INFO] Step #1: Grab an image (uncomment if needed). (at gfa_actions.py)
2025-03-24 11:06:45,326 [INFO] Step #2: Astrometry... (at gfa_actions.py)
2025-03-24 11:06:45,327 [INFO] Step #3: Calculating the offset... (at gfa_actions.py)
2025-03-24 11:06:45,327 [INFO] Starting guide star calibration process. (at gfa_actions.py)
2025-03-24 11:06:45,330 [INFO] Found 4 astrometry files and 4 processed files. (at gfa_actions.py)
2025-03-24 11:06:45,330 [INFO] Processing FITS: /media/shyunc/DATA/KSpec/KSPEC_ICS/GFA/Simul/kspec_gfa_controller/src/img/astroimg/astro_proc_KMTNge.20231211T102558.0001.fits & /media/shyunc/DATA/KSpec/KSPEC_ICS/GFA/Simul/kspec_gfa_controller/src/img/procimg/proc_KMTNge.20231211T102558.0001.fits (at gfa_actions.py)
2025-03-24 11:06:45,343 [INFO] Performing sigma clipping to derive background and stddev. (at gfa_actions.py)
2025-03-24 11:06:45,452 [INFO] Processing FITS: /media/shyunc/DATA/KSpec/KSPEC_ICS/GFA/Simul/kspec_gfa_controller/src/img/astroimg/astro_proc_KMTNgn.20231211T102558.0001.fits & /media/shyunc/DATA/KSpec/KSPEC_ICS/GFA/Simul/kspec_gfa_controller/src/img/procimg/proc_KMTNgn.20231211T102558.0001.fits (at gfa_actions.py)
2025-03-24 11:06:45,459 [INFO] Performing sigma clipping to derive background and stddev. (at gfa_actions.py)
2025-03-24 11:06:45,577 [INFO] Processing FITS: /media/shyunc/DATA/KSpec/KSPEC_ICS/GFA/Simul/kspec_gfa_controller/src/img/astroimg/astro_proc_KMTNgs.20231211T102558.0001.fits & /media/shyunc/DATA/KSpec/KSPEC_ICS/GFA/Simul/kspec_gfa_controller/src/img/procimg/proc_KMTNgs.20231211T102558.0001.fits (at gfa_actions.py)
2025-03-24 11:06:45,584 [INFO] Performing sigma clipping to derive background and stddev. (at gfa_actions.py)
2025-03-24 11:06:45,708 [INFO] Processing FITS: /media/shyunc/DATA/KSpec/KSPEC_ICS/GFA/Simul/kspec_gfa_controller/src/img/astroimg/astro_proc_KMTNgw.20231211T102558.0001.fits & /media/shyunc/DATA/KSpec/KSPEC_ICS/GFA/Simul/kspec_gfa_controller/src/img/procimg/proc_KMTNgw.20231211T102558.0001.fits (at gfa_actions.py)
2025-03-24 11:06:45,715 [INFO] Performing sigma clipping to derive background and stddev. (at gfa_actions.py)
2025-03-24 11:06:45,821 [WARNING] Offsets within critical threshold; returning 0, 0. (at gfa_actions.py)
2025-03-24 11:06:45,823 [INFO] FWHM: 1.81 arcsec (at gfa_actions.py)
2025-03-24 11:06:45,823 [INFO] Guide star calibration complete. Offsets => fdx=0.00000, fdy=0.00000, FWHM=1.80589 (at gfa_actions.py)
2025-03-24 11:06:45,824 [INFO] Offsets calculated: fdx= $$, fdy=$$, FWHM=$$$ arcsec (at gfa_actions.py)
2025-03-24 11:07:45,833 [INFO] Guiding starts... (at gfa_actions.py)
2025-03-24 11:07:45,834 [INFO] Step #1: Grab an image (uncomment if needed). (at gfa_actions.py)
2025-03-24 11:07:45,835 [INFO] Step #2: Astrometry... (at gfa_actions.py)
2025-03-24 11:07:45,836 [INFO] Step #3: Calculating the offset... (at gfa_actions.py)
2025-03-24 11:07:45,836 [INFO] Starting guide star calibration process. (at gfa_actions.py)
2025-03-24 11:07:45,839 [INFO] Found 4 astrometry files and 4 processed files. (at gfa_actions.py)
2025-03-24 11:07:45,840 [INFO] Processing FITS: /media/shyunc/DATA/KSpec/KSPEC_ICS/GFA/Simul/kspec_gfa_controller/src/img/astroimg/astro_proc_KMTNge.20231211T102558.0001.fits & /media/shyunc/DATA/KSpec/KSPEC_ICS/GFA/Simul/kspec_gfa_controller/src/img/procimg/proc_KMTNge.20231211T102558.0001.fits (at gfa_actions.py)
2025-03-24 11:07:45,850 [INFO] Performing sigma clipping to derive background and stddev. (at gfa_actions.py)
2025-03-24 11:07:45,961 [INFO] Processing FITS: /media/shyunc/DATA/KSpec/KSPEC_ICS/GFA/Simul/kspec_gfa_controller/src/img/astroimg/astro_proc_KMTNgn.20231211T102558.0001.fits & /media/shyunc/DATA/KSpec/KSPEC_ICS/GFA/Simul/kspec_gfa_controller/src/img/procimg/proc_KMTNgn.20231211T102558.0001.fits (at gfa_actions.py)
2025-03-24 11:07:45,968 [INFO] Performing sigma clipping to derive background and stddev. (at gfa_actions.py)
2025-03-24 11:07:46,089 [INFO] Processing FITS: /media/shyunc/DATA/KSpec/KSPEC_ICS/GFA/Simul/kspec_gfa_controller/src/img/astroimg/astro_proc_KMTNgs.20231211T102558.0001.fits & /media/shyunc/DATA/KSpec/KSPEC_ICS/GFA/Simul/kspec_gfa_controller/src/img/procimg/proc_KMTNgs.20231211T102558.0001.fits (at gfa_actions.py)
2025-03-24 11:07:46,096 [INFO] Performing sigma clipping to derive background and stddev. (at gfa_actions.py)
2025-03-24 11:07:46,216 [INFO] Processing FITS: /media/shyunc/DATA/KSpec/KSPEC_ICS/GFA/Simul/kspec_gfa_controller/src/img/astroimg/astro_proc_KMTNgw.20231211T102558.0001.fits & /media/shyunc/DATA/KSpec/KSPEC_ICS/GFA/Simul/kspec_gfa_controller/src/img/procimg/proc_KMTNgw.20231211T102558.0001.fits (at gfa_actions.py)
2025-03-24 11:07:46,223 [INFO] Performing sigma clipping to derive background and stddev. (at gfa_actions.py)
2025-03-24 11:07:46,330 [WARNING] Offsets within critical threshold; returning 0, 0. (at gfa_actions.py)
2025-03-24 11:07:46,332 [INFO] FWHM: 1.81 arcsec (at gfa_actions.py)
2025-03-24 11:07:46,332 [INFO] Guide star calibration complete. Offsets => fdx=0.00000, fdy=0.00000, FWHM=1.80589 (at gfa_actions.py)
2025-03-24 11:07:46,333 [INFO] Offsets calculated: fdx= $$, fdy=$$, FWHM=$$$ arcsec (at gfa_actions.py)
2025-03-24 11:11:05,049 [INFO] Guiding starts... (at gfa_actions.py)
2025-03-24 11:11:05,050 [INFO] Step #1: Grab an image (uncomment if needed). (at gfa_actions.py)
2025-03-24 11:11:05,051 [INFO] Step #2: Astrometry... (at gfa_actions.py)
2025-03-24 11:11:05,051 [INFO] Step #3: Calculating the offset... (at gfa_actions.py)
2025-03-24 11:11:05,051 [INFO] Starting guide star calibration process. (at gfa_actions.py)
2025-03-24 11:11:05,052 [INFO] Found 4 astrometry files and 4 processed files. (at gfa_actions.py)
2025-03-24 11:11:05,053 [INFO] Processing FITS: /media/shyunc/DATA/KSpec/KSPEC_ICS/GFA/Simul/kspec_gfa_controller/src/img/astroimg/astro_proc_KMTNge.20231211T102558.0001.fits & /media/shyunc/DATA/KSpec/KSPEC_ICS/GFA/Simul/kspec_gfa_controller/src/img/procimg/proc_KMTNge.20231211T102558.0001.fits (at gfa_actions.py)
2025-03-24 11:11:05,060 [INFO] Performing sigma clipping to derive background and stddev. (at gfa_actions.py)
2025-03-24 11:11:05,175 [INFO] Processing FITS: /media/shyunc/DATA/KSpec/KSPEC_ICS/GFA/Simul/kspec_gfa_controller/src/img/astroimg/astro_proc_KMTNgn.20231211T102558.0001.fits & /media/shyunc/DATA/KSpec/KSPEC_ICS/GFA/Simul/kspec_gfa_controller/src/img/procimg/proc_KMTNgn.20231211T102558.0001.fits (at gfa_actions.py)
2025-03-24 11:11:05,182 [INFO] Performing sigma clipping to derive background and stddev. (at gfa_actions.py)
2025-03-24 11:11:05,299 [INFO] Processing FITS: /media/shyunc/DATA/KSpec/KSPEC_ICS/GFA/Simul/kspec_gfa_controller/src/img/astroimg/astro_proc_KMTNgs.20231211T102558.0001.fits & /media/shyunc/DATA/KSpec/KSPEC_ICS/GFA/Simul/kspec_gfa_controller/src/img/procimg/proc_KMTNgs.20231211T102558.0001.fits (at gfa_actions.py)
2025-03-24 11:11:05,306 [INFO] Performing sigma clipping to derive background and stddev. (at gfa_actions.py)
2025-03-24 11:11:05,427 [INFO] Processing FITS: /media/shyunc/DATA/KSpec/KSPEC_ICS/GFA/Simul/kspec_gfa_controller/src/img/astroimg/astro_proc_KMTNgw.20231211T102558.0001.fits & /media/shyunc/DATA/KSpec/KSPEC_ICS/GFA/Simul/kspec_gfa_controller/src/img/procimg/proc_KMTNgw.20231211T102558.0001.fits (at gfa_actions.py)
2025-03-24 11:11:05,434 [INFO] Performing sigma clipping to derive background and stddev. (at gfa_actions.py)
2025-03-24 11:11:05,540 [WARNING] Offsets within critical threshold; returning 0, 0. (at gfa_actions.py)
2025-03-24 11:11:05,542 [INFO] FWHM: 1.81 arcsec (at gfa_actions.py)
2025-03-24 11:11:05,542 [INFO] Guide star calibration complete. Offsets => fdx=0.00000, fdy=0.00000, FWHM=1.80589 (at gfa_actions.py)
2025-03-24 11:11:05,542 [INFO] Offsets calculated: fdx= $$, fdy=$$, FWHM=$$$ arcsec (at gfa_actions.py)
2025-03-24 11:12:05,547 [INFO] Guiding starts... (at gfa_actions.py)
2025-03-24 11:12:05,548 [INFO] Step #1: Grab an image (uncomment if needed). (at gfa_actions.py)
2025-03-24 11:12:05,548 [INFO] Step #2: Astrometry... (at gfa_actions.py)
2025-03-24 11:12:05,549 [INFO] Step #3: Calculating the offset... (at gfa_actions.py)
2025-03-24 11:12:05,549 [INFO] Starting guide star calibration process. (at gfa_actions.py)
2025-03-24 11:12:05,551 [INFO] Found 4 astrometry files and 4 processed files. (at gfa_actions.py)
2025-03-24 11:12:05,552 [INFO] Processing FITS: /media/shyunc/DATA/KSpec/KSPEC_ICS/GFA/Simul/kspec_gfa_controller/src/img/astroimg/astro_proc_KMTNge.20231211T102558.0001.fits & /media/shyunc/DATA/KSpec/KSPEC_ICS/GFA/Simul/kspec_gfa_controller/src/img/procimg/proc_KMTNge.20231211T102558.0001.fits (at gfa_actions.py)
2025-03-24 11:12:05,569 [INFO] Performing sigma clipping to derive background and stddev. (at gfa_actions.py)
2025-03-24 11:12:05,683 [INFO] Processing FITS: /media/shyunc/DATA/KSpec/KSPEC_ICS/GFA/Simul/kspec_gfa_controller/src/img/astroimg/astro_proc_KMTNgn.20231211T102558.0001.fits & /media/shyunc/DATA/KSpec/KSPEC_ICS/GFA/Simul/kspec_gfa_controller/src/img/procimg/proc_KMTNgn.20231211T102558.0001.fits (at gfa_actions.py)
2025-03-24 11:12:05,690 [INFO] Performing sigma clipping to derive background and stddev. (at gfa_actions.py)
2025-03-24 11:12:05,807 [INFO] Processing FITS: /media/shyunc/DATA/KSpec/KSPEC_ICS/GFA/Simul/kspec_gfa_controller/src/img/astroimg/astro_proc_KMTNgs.20231211T102558.0001.fits & /media/shyunc/DATA/KSpec/KSPEC_ICS/GFA/Simul/kspec_gfa_controller/src/img/procimg/proc_KMTNgs.20231211T102558.0001.fits (at gfa_actions.py)
2025-03-24 11:12:05,814 [INFO] Performing sigma clipping to derive background and stddev. (at gfa_actions.py)
2025-03-24 11:12:05,936 [INFO] Processing FITS: /media/shyunc/DATA/KSpec/KSPEC_ICS/GFA/Simul/kspec_gfa_controller/src/img/astroimg/astro_proc_KMTNgw.20231211T102558.0001.fits & /media/shyunc/DATA/KSpec/KSPEC_ICS/GFA/Simul/kspec_gfa_controller/src/img/procimg/proc_KMTNgw.20231211T102558.0001.fits (at gfa_actions.py)
2025-03-24 11:12:05,943 [INFO] Performing sigma clipping to derive background and stddev. (at gfa_actions.py)
2025-03-24 11:12:06,050 [WARNING] Offsets within critical threshold; returning 0, 0. (at gfa_actions.py)
2025-03-24 11:12:06,052 [INFO] FWHM: 1.81 arcsec (at gfa_actions.py)
2025-03-24 11:12:06,052 [INFO] Guide star calibration complete. Offsets => fdx=0.00000, fdy=0.00000, FWHM=1.80589 (at gfa_actions.py)
2025-03-24 11:12:06,052 [INFO] Offsets calculated: fdx= $$, fdy=$$, FWHM=$$$ arcsec (at gfa_actions.py)
2025-03-24 11:13:06,067 [INFO] Guiding starts... (at gfa_actions.py)
2025-03-24 11:13:06,068 [INFO] Step #1: Grab an image (uncomment if needed). (at gfa_actions.py)
2025-03-24 11:13:06,069 [INFO] Step #2: Astrometry... (at gfa_actions.py)
2025-03-24 11:13:06,069 [INFO] Step #3: Calculating the offset... (at gfa_actions.py)
2025-03-24 11:13:06,070 [INFO] Starting guide star calibration process. (at gfa_actions.py)
2025-03-24 11:13:06,071 [INFO] Found 4 astrometry files and 4 processed files. (at gfa_actions.py)
2025-03-24 11:13:06,072 [INFO] Processing FITS: /media/shyunc/DATA/KSpec/KSPEC_ICS/GFA/Simul/kspec_gfa_controller/src/img/astroimg/astro_proc_KMTNge.20231211T102558.0001.fits & /media/shyunc/DATA/KSpec/KSPEC_ICS/GFA/Simul/kspec_gfa_controller/src/img/procimg/proc_KMTNge.20231211T102558.0001.fits (at gfa_actions.py)
2025-03-24 11:13:06,081 [INFO] Performing sigma clipping to derive background and stddev. (at gfa_actions.py)
2025-03-24 11:13:06,191 [INFO] Processing FITS: /media/shyunc/DATA/KSpec/KSPEC_ICS/GFA/Simul/kspec_gfa_controller/src/img/astroimg/astro_proc_KMTNgn.20231211T102558.0001.fits & /media/shyunc/DATA/KSpec/KSPEC_ICS/GFA/Simul/kspec_gfa_controller/src/img/procimg/proc_KMTNgn.20231211T102558.0001.fits (at gfa_actions.py)
2025-03-24 11:13:06,198 [INFO] Performing sigma clipping to derive background and stddev. (at gfa_actions.py)
2025-03-24 11:13:06,315 [INFO] Processing FITS: /media/shyunc/DATA/KSpec/KSPEC_ICS/GFA/Simul/kspec_gfa_controller/src/img/astroimg/astro_proc_KMTNgs.20231211T102558.0001.fits & /media/shyunc/DATA/KSpec/KSPEC_ICS/GFA/Simul/kspec_gfa_controller/src/img/procimg/proc_KMTNgs.20231211T102558.0001.fits (at gfa_actions.py)
2025-03-24 11:13:06,322 [INFO] Performing sigma clipping to derive background and stddev. (at gfa_actions.py)
2025-03-24 11:13:06,444 [INFO] Processing FITS: /media/shyunc/DATA/KSpec/KSPEC_ICS/GFA/Simul/kspec_gfa_controller/src/img/astroimg/astro_proc_KMTNgw.20231211T102558.0001.fits & /media/shyunc/DATA/KSpec/KSPEC_ICS/GFA/Simul/kspec_gfa_controller/src/img/procimg/proc_KMTNgw.20231211T102558.0001.fits (at gfa_actions.py)
2025-03-24 11:13:06,451 [INFO] Performing sigma clipping to derive background and stddev. (at gfa_actions.py)
2025-03-24 11:13:06,557 [WARNING] Offsets within critical threshold; returning 0, 0. (at gfa_actions.py)
2025-03-24 11:13:06,559 [INFO] FWHM: 1.81 arcsec (at gfa_actions.py)
2025-03-24 11:13:06,559 [INFO] Guide star calibration complete. Offsets => fdx=0.00000, fdy=0.00000, FWHM=1.80589 (at gfa_actions.py)
2025-03-24 11:13:06,560 [INFO] Offsets calculated: fdx= $$, fdy=$$, FWHM=$$$ arcsec (at gfa_actions.py)
2025-03-24 11:23:34,840 [INFO] Guiding starts... (at gfa_actions.py)
2025-03-24 11:23:34,840 [INFO] Step #1: Grab an image (uncomment if needed). (at gfa_actions.py)
2025-03-24 11:23:34,841 [INFO] Step #2: Astrometry... (at gfa_actions.py)
2025-03-24 11:23:34,841 [INFO] Step #3: Calculating the offset... (at gfa_actions.py)
2025-03-24 11:23:34,841 [INFO] Starting guide star calibration process. (at gfa_actions.py)
2025-03-24 11:23:34,842 [INFO] Found 4 astrometry files and 4 processed files. (at gfa_actions.py)
2025-03-24 11:23:34,843 [INFO] Processing FITS: /media/shyunc/DATA/KSpec/KSPEC_ICS/GFA/Simul/kspec_gfa_controller/src/img/astroimg/astro_proc_KMTNge.20231211T102558.0001.fits & /media/shyunc/DATA/KSpec/KSPEC_ICS/GFA/Simul/kspec_gfa_controller/src/img/procimg/proc_KMTNge.20231211T102558.0001.fits (at gfa_actions.py)
2025-03-24 11:23:34,855 [INFO] Performing sigma clipping to derive background and stddev. (at gfa_actions.py)
2025-03-24 11:23:34,973 [INFO] Processing FITS: /media/shyunc/DATA/KSpec/KSPEC_ICS/GFA/Simul/kspec_gfa_controller/src/img/astroimg/astro_proc_KMTNgn.20231211T102558.0001.fits & /media/shyunc/DATA/KSpec/KSPEC_ICS/GFA/Simul/kspec_gfa_controller/src/img/procimg/proc_KMTNgn.20231211T102558.0001.fits (at gfa_actions.py)
2025-03-24 11:23:34,980 [INFO] Performing sigma clipping to derive background and stddev. (at gfa_actions.py)
2025-03-24 11:23:35,102 [INFO] Processing FITS: /media/shyunc/DATA/KSpec/KSPEC_ICS/GFA/Simul/kspec_gfa_controller/src/img/astroimg/astro_proc_KMTNgs.20231211T102558.0001.fits & /media/shyunc/DATA/KSpec/KSPEC_ICS/GFA/Simul/kspec_gfa_controller/src/img/procimg/proc_KMTNgs.20231211T102558.0001.fits (at gfa_actions.py)
2025-03-24 11:23:35,109 [INFO] Performing sigma clipping to derive background and stddev. (at gfa_actions.py)
2025-03-24 11:23:35,234 [INFO] Processing FITS: /media/shyunc/DATA/KSpec/KSPEC_ICS/GFA/Simul/kspec_gfa_controller/src/img/astroimg/astro_proc_KMTNgw.20231211T102558.0001.fits & /media/shyunc/DATA/KSpec/KSPEC_ICS/GFA/Simul/kspec_gfa_controller/src/img/procimg/proc_KMTNgw.20231211T102558.0001.fits (at gfa_actions.py)
2025-03-24 11:23:35,268 [INFO] Performing sigma clipping to derive background and stddev. (at gfa_actions.py)
2025-03-24 11:23:35,374 [WARNING] Offsets within critical threshold; returning 0, 0. (at gfa_actions.py)
2025-03-24 11:23:35,376 [INFO] FWHM: 1.81 arcsec (at gfa_actions.py)
2025-03-24 11:23:35,377 [INFO] Guide star calibration complete. Offsets => fdx=0.00000, fdy=0.00000, FWHM=1.80589 (at gfa_actions.py)
2025-03-24 11:23:35,377 [INFO] Offsets calculated: fdx= $$, fdy=$$, FWHM=$$$ arcsec (at gfa_actions.py)
2025-03-24 11:24:35,391 [INFO] Guiding starts... (at gfa_actions.py)
2025-03-24 11:24:35,391 [INFO] Step #1: Grab an image (uncomment if needed). (at gfa_actions.py)
2025-03-24 11:24:35,392 [INFO] Step #2: Astrometry... (at gfa_actions.py)
2025-03-24 11:24:35,392 [INFO] Step #3: Calculating the offset... (at gfa_actions.py)
2025-03-24 11:24:35,393 [INFO] Starting guide star calibration process. (at gfa_actions.py)
2025-03-24 11:24:35,394 [INFO] Found 4 astrometry files and 4 processed files. (at gfa_actions.py)
2025-03-24 11:24:35,394 [INFO] Processing FITS: /media/shyunc/DATA/KSpec/KSPEC_ICS/GFA/Simul/kspec_gfa_controller/src/img/astroimg/astro_proc_KMTNge.20231211T102558.0001.fits & /media/shyunc/DATA/KSpec/KSPEC_ICS/GFA/Simul/kspec_gfa_controller/src/img/procimg/proc_KMTNge.20231211T102558.0001.fits (at gfa_actions.py)
2025-03-24 11:24:35,401 [INFO] Performing sigma clipping to derive background and stddev. (at gfa_actions.py)
2025-03-24 11:24:35,514 [INFO] Processing FITS: /media/shyunc/DATA/KSpec/KSPEC_ICS/GFA/Simul/kspec_gfa_controller/src/img/astroimg/astro_proc_KMTNgn.20231211T102558.0001.fits & /media/shyunc/DATA/KSpec/KSPEC_ICS/GFA/Simul/kspec_gfa_controller/src/img/procimg/proc_KMTNgn.20231211T102558.0001.fits (at gfa_actions.py)
2025-03-24 11:24:35,522 [INFO] Performing sigma clipping to derive background and stddev. (at gfa_actions.py)
2025-03-24 11:24:35,640 [INFO] Processing FITS: /media/shyunc/DATA/KSpec/KSPEC_ICS/GFA/Simul/kspec_gfa_controller/src/img/astroimg/astro_proc_KMTNgs.20231211T102558.0001.fits & /media/shyunc/DATA/KSpec/KSPEC_ICS/GFA/Simul/kspec_gfa_controller/src/img/procimg/proc_KMTNgs.20231211T102558.0001.fits (at gfa_actions.py)
2025-03-24 11:24:35,648 [INFO] Performing sigma clipping to derive background and stddev. (at gfa_actions.py)
2025-03-24 11:24:35,771 [INFO] Processing FITS: /media/shyunc/DATA/KSpec/KSPEC_ICS/GFA/Simul/kspec_gfa_controller/src/img/astroimg/astro_proc_KMTNgw.20231211T102558.0001.fits & /media/shyunc/DATA/KSpec/KSPEC_ICS/GFA/Simul/kspec_gfa_controller/src/img/procimg/proc_KMTNgw.20231211T102558.0001.fits (at gfa_actions.py)
2025-03-24 11:24:35,778 [INFO] Performing sigma clipping to derive background and stddev. (at gfa_actions.py)
2025-03-24 11:24:35,887 [WARNING] Offsets within critical threshold; returning 0, 0. (at gfa_actions.py)
2025-03-24 11:24:35,890 [INFO] FWHM: 1.81 arcsec (at gfa_actions.py)
2025-03-24 11:24:35,890 [INFO] Guide star calibration complete. Offsets => fdx=0.00000, fdy=0.00000, FWHM=1.80589 (at gfa_actions.py)
2025-03-24 11:24:35,890 [INFO] Offsets calculated: fdx= $$, fdy=$$, FWHM=$$$ arcsec (at gfa_actions.py)
2025-03-24 11:25:35,905 [INFO] Guiding starts... (at gfa_actions.py)
2025-03-24 11:25:35,906 [INFO] Step #1: Grab an image (uncomment if needed). (at gfa_actions.py)
2025-03-24 11:25:35,906 [INFO] Step #2: Astrometry... (at gfa_actions.py)
2025-03-24 11:25:35,907 [INFO] Step #3: Calculating the offset... (at gfa_actions.py)
2025-03-24 11:25:35,907 [INFO] Starting guide star calibration process. (at gfa_actions.py)
2025-03-24 11:25:35,909 [INFO] Found 4 astrometry files and 4 processed files. (at gfa_actions.py)
2025-03-24 11:25:35,910 [INFO] Processing FITS: /media/shyunc/DATA/KSpec/KSPEC_ICS/GFA/Simul/kspec_gfa_controller/src/img/astroimg/astro_proc_KMTNge.20231211T102558.0001.fits & /media/shyunc/DATA/KSpec/KSPEC_ICS/GFA/Simul/kspec_gfa_controller/src/img/procimg/proc_KMTNge.20231211T102558.0001.fits (at gfa_actions.py)
2025-03-24 11:25:35,923 [INFO] Performing sigma clipping to derive background and stddev. (at gfa_actions.py)
2025-03-24 11:25:36,037 [INFO] Processing FITS: /media/shyunc/DATA/KSpec/KSPEC_ICS/GFA/Simul/kspec_gfa_controller/src/img/astroimg/astro_proc_KMTNgn.20231211T102558.0001.fits & /media/shyunc/DATA/KSpec/KSPEC_ICS/GFA/Simul/kspec_gfa_controller/src/img/procimg/proc_KMTNgn.20231211T102558.0001.fits (at gfa_actions.py)
2025-03-24 11:25:36,045 [INFO] Performing sigma clipping to derive background and stddev. (at gfa_actions.py)
2025-03-24 11:25:36,163 [INFO] Processing FITS: /media/shyunc/DATA/KSpec/KSPEC_ICS/GFA/Simul/kspec_gfa_controller/src/img/astroimg/astro_proc_KMTNgs.20231211T102558.0001.fits & /media/shyunc/DATA/KSpec/KSPEC_ICS/GFA/Simul/kspec_gfa_controller/src/img/procimg/proc_KMTNgs.20231211T102558.0001.fits (at gfa_actions.py)
2025-03-24 11:25:36,171 [INFO] Performing sigma clipping to derive background and stddev. (at gfa_actions.py)
2025-03-24 11:25:36,293 [INFO] Processing FITS: /media/shyunc/DATA/KSpec/KSPEC_ICS/GFA/Simul/kspec_gfa_controller/src/img/astroimg/astro_proc_KMTNgw.20231211T102558.0001.fits & /media/shyunc/DATA/KSpec/KSPEC_ICS/GFA/Simul/kspec_gfa_controller/src/img/procimg/proc_KMTNgw.20231211T102558.0001.fits (at gfa_actions.py)
2025-03-24 11:25:36,300 [INFO] Performing sigma clipping to derive background and stddev. (at gfa_actions.py)
2025-03-24 11:25:36,408 [WARNING] Offsets within critical threshold; returning 0, 0. (at gfa_actions.py)
2025-03-24 11:25:36,411 [INFO] FWHM: 1.81 arcsec (at gfa_actions.py)
2025-03-24 11:25:36,411 [INFO] Guide star calibration complete. Offsets => fdx=0.00000, fdy=0.00000, FWHM=1.80589 (at gfa_actions.py)
2025-03-24 11:25:36,411 [INFO] Offsets calculated: fdx= $$, fdy=$$, FWHM=$$$ arcsec (at gfa_actions.py)
2025-03-24 11:26:36,428 [INFO] Guiding starts... (at gfa_actions.py)
2025-03-24 11:26:36,428 [INFO] Step #1: Grab an image (uncomment if needed). (at gfa_actions.py)
2025-03-24 11:26:36,429 [INFO] Step #2: Astrometry... (at gfa_actions.py)
2025-03-24 11:26:36,430 [INFO] Step #3: Calculating the offset... (at gfa_actions.py)
2025-03-24 11:26:36,430 [INFO] Starting guide star calibration process. (at gfa_actions.py)
2025-03-24 11:26:36,432 [INFO] Found 4 astrometry files and 4 processed files. (at gfa_actions.py)
2025-03-24 11:26:36,432 [INFO] Processing FITS: /media/shyunc/DATA/KSpec/KSPEC_ICS/GFA/Simul/kspec_gfa_controller/src/img/astroimg/astro_proc_KMTNge.20231211T102558.0001.fits & /media/shyunc/DATA/KSpec/KSPEC_ICS/GFA/Simul/kspec_gfa_controller/src/img/procimg/proc_KMTNge.20231211T102558.0001.fits (at gfa_actions.py)
2025-03-24 11:26:36,439 [INFO] Performing sigma clipping to derive background and stddev. (at gfa_actions.py)
2025-03-24 11:26:36,565 [INFO] Processing FITS: /media/shyunc/DATA/KSpec/KSPEC_ICS/GFA/Simul/kspec_gfa_controller/src/img/astroimg/astro_proc_KMTNgn.20231211T102558.0001.fits & /media/shyunc/DATA/KSpec/KSPEC_ICS/GFA/Simul/kspec_gfa_controller/src/img/procimg/proc_KMTNgn.20231211T102558.0001.fits (at gfa_actions.py)
2025-03-24 11:26:36,572 [INFO] Performing sigma clipping to derive background and stddev. (at gfa_actions.py)
2025-03-24 11:26:36,710 [INFO] Processing FITS: /media/shyunc/DATA/KSpec/KSPEC_ICS/GFA/Simul/kspec_gfa_controller/src/img/astroimg/astro_proc_KMTNgs.20231211T102558.0001.fits & /media/shyunc/DATA/KSpec/KSPEC_ICS/GFA/Simul/kspec_gfa_controller/src/img/procimg/proc_KMTNgs.20231211T102558.0001.fits (at gfa_actions.py)
2025-03-24 11:26:36,718 [INFO] Performing sigma clipping to derive background and stddev. (at gfa_actions.py)
2025-03-24 11:26:36,848 [INFO] Processing FITS: /media/shyunc/DATA/KSpec/KSPEC_ICS/GFA/Simul/kspec_gfa_controller/src/img/astroimg/astro_proc_KMTNgw.20231211T102558.0001.fits & /media/shyunc/DATA/KSpec/KSPEC_ICS/GFA/Simul/kspec_gfa_controller/src/img/procimg/proc_KMTNgw.20231211T102558.0001.fits (at gfa_actions.py)
2025-03-24 11:26:36,854 [INFO] Performing sigma clipping to derive background and stddev. (at gfa_actions.py)
2025-03-24 11:26:36,965 [WARNING] Offsets within critical threshold; returning 0, 0. (at gfa_actions.py)
2025-03-24 11:26:36,967 [INFO] FWHM: 1.81 arcsec (at gfa_actions.py)
2025-03-24 11:26:36,967 [INFO] Guide star calibration complete. Offsets => fdx=0.00000, fdy=0.00000, FWHM=1.80589 (at gfa_actions.py)
2025-03-24 11:26:36,968 [INFO] Offsets calculated: fdx= $$, fdy=$$, FWHM=$$$ arcsec (at gfa_actions.py)
2025-03-24 11:32:18,506 [INFO] Guiding starts... (at gfa_actions.py)
2025-03-24 11:32:18,506 [INFO] Step #1: Grab an image (uncomment if needed). (at gfa_actions.py)
2025-03-24 11:32:18,507 [INFO] Step #2: Astrometry... (at gfa_actions.py)
2025-03-24 11:32:18,507 [INFO] Step #3: Calculating the offset... (at gfa_actions.py)
2025-03-24 11:32:18,507 [INFO] Starting guide star calibration process. (at gfa_actions.py)
2025-03-24 11:32:18,508 [INFO] Found 4 astrometry files and 4 processed files. (at gfa_actions.py)
2025-03-24 11:32:18,509 [INFO] Processing FITS: /media/shyunc/DATA/KSpec/KSPEC_ICS/GFA/Simul/kspec_gfa_controller/src/img/astroimg/astro_proc_KMTNge.20231211T102558.0001.fits & /media/shyunc/DATA/KSpec/KSPEC_ICS/GFA/Simul/kspec_gfa_controller/src/img/procimg/proc_KMTNge.20231211T102558.0001.fits (at gfa_actions.py)
2025-03-24 11:32:18,518 [INFO] Performing sigma clipping to derive background and stddev. (at gfa_actions.py)
2025-03-24 11:32:18,636 [INFO] Processing FITS: /media/shyunc/DATA/KSpec/KSPEC_ICS/GFA/Simul/kspec_gfa_controller/src/img/astroimg/astro_proc_KMTNgn.20231211T102558.0001.fits & /media/shyunc/DATA/KSpec/KSPEC_ICS/GFA/Simul/kspec_gfa_controller/src/img/procimg/proc_KMTNgn.20231211T102558.0001.fits (at gfa_actions.py)
2025-03-24 11:32:18,644 [INFO] Performing sigma clipping to derive background and stddev. (at gfa_actions.py)
2025-03-24 11:32:18,763 [INFO] Processing FITS: /media/shyunc/DATA/KSpec/KSPEC_ICS/GFA/Simul/kspec_gfa_controller/src/img/astroimg/astro_proc_KMTNgs.20231211T102558.0001.fits & /media/shyunc/DATA/KSpec/KSPEC_ICS/GFA/Simul/kspec_gfa_controller/src/img/procimg/proc_KMTNgs.20231211T102558.0001.fits (at gfa_actions.py)
2025-03-24 11:32:18,770 [INFO] Performing sigma clipping to derive background and stddev. (at gfa_actions.py)
2025-03-24 11:32:18,892 [INFO] Processing FITS: /media/shyunc/DATA/KSpec/KSPEC_ICS/GFA/Simul/kspec_gfa_controller/src/img/astroimg/astro_proc_KMTNgw.20231211T102558.0001.fits & /media/shyunc/DATA/KSpec/KSPEC_ICS/GFA/Simul/kspec_gfa_controller/src/img/procimg/proc_KMTNgw.20231211T102558.0001.fits (at gfa_actions.py)
2025-03-24 11:32:18,899 [INFO] Performing sigma clipping to derive background and stddev. (at gfa_actions.py)
2025-03-24 11:32:19,008 [WARNING] Offsets within critical threshold; returning 0, 0. (at gfa_actions.py)
2025-03-24 11:32:19,011 [INFO] FWHM: 1.81 arcsec (at gfa_actions.py)
2025-03-24 11:32:19,011 [INFO] Guide star calibration complete. Offsets => fdx=0.00000, fdy=0.00000, FWHM=1.80589 (at gfa_actions.py)
2025-03-24 11:32:19,012 [INFO] Offsets calculated: fdx= $$, fdy=$$, FWHM=$$$ arcsec (at gfa_actions.py)
2025-03-24 11:33:19,039 [INFO] Guiding starts... (at gfa_actions.py)
2025-03-24 11:33:19,040 [INFO] Step #1: Grab an image (uncomment if needed). (at gfa_actions.py)
2025-03-24 11:33:19,041 [INFO] Step #2: Astrometry... (at gfa_actions.py)
2025-03-24 11:33:19,041 [INFO] Step #3: Calculating the offset... (at gfa_actions.py)
2025-03-24 11:33:19,042 [INFO] Starting guide star calibration process. (at gfa_actions.py)
2025-03-24 11:33:19,043 [INFO] Found 4 astrometry files and 4 processed files. (at gfa_actions.py)
2025-03-24 11:33:19,043 [INFO] Processing FITS: /media/shyunc/DATA/KSpec/KSPEC_ICS/GFA/Simul/kspec_gfa_controller/src/img/astroimg/astro_proc_KMTNge.20231211T102558.0001.fits & /media/shyunc/DATA/KSpec/KSPEC_ICS/GFA/Simul/kspec_gfa_controller/src/img/procimg/proc_KMTNge.20231211T102558.0001.fits (at gfa_actions.py)
2025-03-24 11:33:19,052 [INFO] Performing sigma clipping to derive background and stddev. (at gfa_actions.py)
2025-03-24 11:33:19,170 [INFO] Processing FITS: /media/shyunc/DATA/KSpec/KSPEC_ICS/GFA/Simul/kspec_gfa_controller/src/img/astroimg/astro_proc_KMTNgn.20231211T102558.0001.fits & /media/shyunc/DATA/KSpec/KSPEC_ICS/GFA/Simul/kspec_gfa_controller/src/img/procimg/proc_KMTNgn.20231211T102558.0001.fits (at gfa_actions.py)
2025-03-24 11:33:19,177 [INFO] Performing sigma clipping to derive background and stddev. (at gfa_actions.py)
2025-03-24 11:33:19,296 [INFO] Processing FITS: /media/shyunc/DATA/KSpec/KSPEC_ICS/GFA/Simul/kspec_gfa_controller/src/img/astroimg/astro_proc_KMTNgs.20231211T102558.0001.fits & /media/shyunc/DATA/KSpec/KSPEC_ICS/GFA/Simul/kspec_gfa_controller/src/img/procimg/proc_KMTNgs.20231211T102558.0001.fits (at gfa_actions.py)
2025-03-24 11:33:19,303 [INFO] Performing sigma clipping to derive background and stddev. (at gfa_actions.py)
2025-03-24 11:33:19,425 [INFO] Processing FITS: /media/shyunc/DATA/KSpec/KSPEC_ICS/GFA/Simul/kspec_gfa_controller/src/img/astroimg/astro_proc_KMTNgw.20231211T102558.0001.fits & /media/shyunc/DATA/KSpec/KSPEC_ICS/GFA/Simul/kspec_gfa_controller/src/img/procimg/proc_KMTNgw.20231211T102558.0001.fits (at gfa_actions.py)
2025-03-24 11:33:19,432 [INFO] Performing sigma clipping to derive background and stddev. (at gfa_actions.py)
2025-03-24 11:33:19,538 [WARNING] Offsets within critical threshold; returning 0, 0. (at gfa_actions.py)
2025-03-24 11:33:19,540 [INFO] FWHM: 1.81 arcsec (at gfa_actions.py)
2025-03-24 11:33:19,540 [INFO] Guide star calibration complete. Offsets => fdx=0.00000, fdy=0.00000, FWHM=1.80589 (at gfa_actions.py)
2025-03-24 11:33:19,541 [INFO] Offsets calculated: fdx= $$, fdy=$$, FWHM=$$$ arcsec (at gfa_actions.py)
2025-03-24 11:34:19,569 [INFO] Guiding starts... (at gfa_actions.py)
2025-03-24 11:34:19,569 [INFO] Step #1: Grab an image (uncomment if needed). (at gfa_actions.py)
2025-03-24 11:34:19,569 [INFO] Step #2: Astrometry... (at gfa_actions.py)
2025-03-24 11:34:19,569 [INFO] Step #3: Calculating the offset... (at gfa_actions.py)
2025-03-24 11:34:19,569 [INFO] Starting guide star calibration process. (at gfa_actions.py)
2025-03-24 11:34:19,570 [INFO] Found 4 astrometry files and 4 processed files. (at gfa_actions.py)
2025-03-24 11:34:19,570 [INFO] Processing FITS: /media/shyunc/DATA/KSpec/KSPEC_ICS/GFA/Simul/kspec_gfa_controller/src/img/astroimg/astro_proc_KMTNge.20231211T102558.0001.fits & /media/shyunc/DATA/KSpec/KSPEC_ICS/GFA/Simul/kspec_gfa_controller/src/img/procimg/proc_KMTNge.20231211T102558.0001.fits (at gfa_actions.py)
2025-03-24 11:34:19,590 [INFO] Performing sigma clipping to derive background and stddev. (at gfa_actions.py)
2025-03-24 11:34:19,725 [INFO] Processing FITS: /media/shyunc/DATA/KSpec/KSPEC_ICS/GFA/Simul/kspec_gfa_controller/src/img/astroimg/astro_proc_KMTNgn.20231211T102558.0001.fits & /media/shyunc/DATA/KSpec/KSPEC_ICS/GFA/Simul/kspec_gfa_controller/src/img/procimg/proc_KMTNgn.20231211T102558.0001.fits (at gfa_actions.py)
2025-03-24 11:34:19,733 [INFO] Performing sigma clipping to derive background and stddev. (at gfa_actions.py)
2025-03-24 11:34:19,857 [INFO] Processing FITS: /media/shyunc/DATA/KSpec/KSPEC_ICS/GFA/Simul/kspec_gfa_controller/src/img/astroimg/astro_proc_KMTNgs.20231211T102558.0001.fits & /media/shyunc/DATA/KSpec/KSPEC_ICS/GFA/Simul/kspec_gfa_controller/src/img/procimg/proc_KMTNgs.20231211T102558.0001.fits (at gfa_actions.py)
2025-03-24 11:34:19,865 [INFO] Performing sigma clipping to derive background and stddev. (at gfa_actions.py)
2025-03-24 11:34:19,993 [INFO] Processing FITS: /media/shyunc/DATA/KSpec/KSPEC_ICS/GFA/Simul/kspec_gfa_controller/src/img/astroimg/astro_proc_KMTNgw.20231211T102558.0001.fits & /media/shyunc/DATA/KSpec/KSPEC_ICS/GFA/Simul/kspec_gfa_controller/src/img/procimg/proc_KMTNgw.20231211T102558.0001.fits (at gfa_actions.py)
2025-03-24 11:34:20,000 [INFO] Performing sigma clipping to derive background and stddev. (at gfa_actions.py)
2025-03-24 11:34:20,116 [WARNING] Offsets within critical threshold; returning 0, 0. (at gfa_actions.py)
2025-03-24 11:34:20,118 [INFO] FWHM: 1.81 arcsec (at gfa_actions.py)
2025-03-24 11:34:20,118 [INFO] Guide star calibration complete. Offsets => fdx=0.00000, fdy=0.00000, FWHM=1.80589 (at gfa_actions.py)
2025-03-24 11:34:20,119 [INFO] Offsets calculated: fdx= $$, fdy=$$, FWHM=$$$ arcsec (at gfa_actions.py)
2025-03-24 11:44:54,927 [INFO] Configuration file found: /media/shyunc/DATA/KSpec/KSPEC_ICS/GFA/Simul/kspec_gfa_controller/src/etc/cams.json (at gfa_actions.py)
2025-03-24 11:44:54,928 [INFO] Configuration file found: /media/shyunc/DATA/KSpec/KSPEC_ICS/GFA/Simul/kspec_gfa_controller/src/etc/astrometry_params.json (at gfa_actions.py)
2025-03-24 11:44:54,928 [INFO] Initializing gfa_astrometry class. (at gfa_actions.py)
2025-03-24 11:44:54,928 [INFO] Loaded 4 FITS files. (at gfa_actions.py)
2025-03-24 11:44:54,928 [INFO] Initializing GFAGuider... (at gfa_actions.py)
2025-03-24 11:44:54,928 [INFO] GFAGuider setup complete. (at gfa_actions.py)
2025-03-24 11:45:31,813 [INFO] Guiding starts... (at gfa_actions.py)
2025-03-24 11:45:31,813 [INFO] Step #1: Grab an image (uncomment if needed). (at gfa_actions.py)
2025-03-24 11:45:31,814 [INFO] Step #2: Astrometry... (at gfa_actions.py)
2025-03-24 11:45:31,814 [INFO] Step #3: Calculating the offset... (at gfa_actions.py)
2025-03-24 11:45:31,814 [INFO] Starting guide star calibration process. (at gfa_actions.py)
2025-03-24 11:45:31,816 [INFO] Found 4 astrometry files and 4 processed files. (at gfa_actions.py)
2025-03-24 11:45:31,816 [INFO] Processing FITS: /media/shyunc/DATA/KSpec/KSPEC_ICS/GFA/Simul/kspec_gfa_controller/src/img/astroimg/astro_proc_KMTNge.20231211T102558.0001.fits & /media/shyunc/DATA/KSpec/KSPEC_ICS/GFA/Simul/kspec_gfa_controller/src/img/procimg/proc_KMTNge.20231211T102558.0001.fits (at gfa_actions.py)
2025-03-24 11:45:31,825 [INFO] Performing sigma clipping to derive background and stddev. (at gfa_actions.py)
2025-03-24 11:45:31,986 [INFO] Processing FITS: /media/shyunc/DATA/KSpec/KSPEC_ICS/GFA/Simul/kspec_gfa_controller/src/img/astroimg/astro_proc_KMTNgn.20231211T102558.0001.fits & /media/shyunc/DATA/KSpec/KSPEC_ICS/GFA/Simul/kspec_gfa_controller/src/img/procimg/proc_KMTNgn.20231211T102558.0001.fits (at gfa_actions.py)
2025-03-24 11:45:31,994 [INFO] Performing sigma clipping to derive background and stddev. (at gfa_actions.py)
2025-03-24 11:45:32,121 [INFO] Processing FITS: /media/shyunc/DATA/KSpec/KSPEC_ICS/GFA/Simul/kspec_gfa_controller/src/img/astroimg/astro_proc_KMTNgs.20231211T102558.0001.fits & /media/shyunc/DATA/KSpec/KSPEC_ICS/GFA/Simul/kspec_gfa_controller/src/img/procimg/proc_KMTNgs.20231211T102558.0001.fits (at gfa_actions.py)
2025-03-24 11:45:32,128 [INFO] Performing sigma clipping to derive background and stddev. (at gfa_actions.py)
2025-03-24 11:45:32,253 [INFO] Processing FITS: /media/shyunc/DATA/KSpec/KSPEC_ICS/GFA/Simul/kspec_gfa_controller/src/img/astroimg/astro_proc_KMTNgw.20231211T102558.0001.fits & /media/shyunc/DATA/KSpec/KSPEC_ICS/GFA/Simul/kspec_gfa_controller/src/img/procimg/proc_KMTNgw.20231211T102558.0001.fits (at gfa_actions.py)
2025-03-24 11:45:32,260 [INFO] Performing sigma clipping to derive background and stddev. (at gfa_actions.py)
2025-03-24 11:45:32,371 [WARNING] Offsets within critical threshold; returning 0, 0. (at gfa_actions.py)
2025-03-24 11:45:32,373 [INFO] FWHM: 1.81 arcsec (at gfa_actions.py)
2025-03-24 11:45:32,373 [INFO] Guide star calibration complete. Offsets => fdx=0.00000, fdy=0.00000, FWHM=1.80589 (at gfa_actions.py)
2025-03-24 11:45:32,373 [INFO] Offsets calculated: fdx= $$, fdy=$$, FWHM=$$$ arcsec (at gfa_actions.py)
2025-03-24 11:46:32,382 [INFO] Guiding starts... (at gfa_actions.py)
2025-03-24 11:46:32,382 [INFO] Step #1: Grab an image (uncomment if needed). (at gfa_actions.py)
2025-03-24 11:46:32,383 [INFO] Step #2: Astrometry... (at gfa_actions.py)
2025-03-24 11:46:32,383 [INFO] Step #3: Calculating the offset... (at gfa_actions.py)
2025-03-24 11:46:32,383 [INFO] Starting guide star calibration process. (at gfa_actions.py)
2025-03-24 11:46:32,385 [INFO] Found 4 astrometry files and 4 processed files. (at gfa_actions.py)
2025-03-24 11:46:32,385 [INFO] Processing FITS: /media/shyunc/DATA/KSpec/KSPEC_ICS/GFA/Simul/kspec_gfa_controller/src/img/astroimg/astro_proc_KMTNge.20231211T102558.0001.fits & /media/shyunc/DATA/KSpec/KSPEC_ICS/GFA/Simul/kspec_gfa_controller/src/img/procimg/proc_KMTNge.20231211T102558.0001.fits (at gfa_actions.py)
2025-03-24 11:46:32,392 [INFO] Performing sigma clipping to derive background and stddev. (at gfa_actions.py)
2025-03-24 11:46:32,571 [INFO] Processing FITS: /media/shyunc/DATA/KSpec/KSPEC_ICS/GFA/Simul/kspec_gfa_controller/src/img/astroimg/astro_proc_KMTNgn.20231211T102558.0001.fits & /media/shyunc/DATA/KSpec/KSPEC_ICS/GFA/Simul/kspec_gfa_controller/src/img/procimg/proc_KMTNgn.20231211T102558.0001.fits (at gfa_actions.py)
2025-03-24 11:46:32,582 [INFO] Performing sigma clipping to derive background and stddev. (at gfa_actions.py)
2025-03-24 11:46:32,796 [INFO] Processing FITS: /media/shyunc/DATA/KSpec/KSPEC_ICS/GFA/Simul/kspec_gfa_controller/src/img/astroimg/astro_proc_KMTNgs.20231211T102558.0001.fits & /media/shyunc/DATA/KSpec/KSPEC_ICS/GFA/Simul/kspec_gfa_controller/src/img/procimg/proc_KMTNgs.20231211T102558.0001.fits (at gfa_actions.py)
2025-03-24 11:46:32,808 [INFO] Performing sigma clipping to derive background and stddev. (at gfa_actions.py)
2025-03-24 11:46:32,962 [INFO] Processing FITS: /media/shyunc/DATA/KSpec/KSPEC_ICS/GFA/Simul/kspec_gfa_controller/src/img/astroimg/astro_proc_KMTNgw.20231211T102558.0001.fits & /media/shyunc/DATA/KSpec/KSPEC_ICS/GFA/Simul/kspec_gfa_controller/src/img/procimg/proc_KMTNgw.20231211T102558.0001.fits (at gfa_actions.py)
2025-03-24 11:46:32,969 [INFO] Performing sigma clipping to derive background and stddev. (at gfa_actions.py)
2025-03-24 11:46:33,079 [WARNING] Offsets within critical threshold; returning 0, 0. (at gfa_actions.py)
2025-03-24 11:46:33,081 [INFO] FWHM: 1.81 arcsec (at gfa_actions.py)
2025-03-24 11:46:33,081 [INFO] Guide star calibration complete. Offsets => fdx=0.00000, fdy=0.00000, FWHM=1.80589 (at gfa_actions.py)
2025-03-24 11:46:33,082 [INFO] Offsets calculated: fdx= $$, fdy=$$, FWHM=$$$ arcsec (at gfa_actions.py)
2025-03-24 11:46:43,769 [INFO] Guiding starts... (at gfa_actions.py)
2025-03-24 11:46:43,769 [INFO] Step #1: Grab an image (uncomment if needed). (at gfa_actions.py)
2025-03-24 11:46:43,770 [INFO] Step #2: Astrometry... (at gfa_actions.py)
2025-03-24 11:46:43,771 [INFO] Step #3: Calculating the offset... (at gfa_actions.py)
2025-03-24 11:46:43,771 [INFO] Starting guide star calibration process. (at gfa_actions.py)
2025-03-24 11:46:43,773 [INFO] Found 4 astrometry files and 4 processed files. (at gfa_actions.py)
2025-03-24 11:46:43,773 [INFO] Processing FITS: /media/shyunc/DATA/KSpec/KSPEC_ICS/GFA/Simul/kspec_gfa_controller/src/img/astroimg/astro_proc_KMTNge.20231211T102558.0001.fits & /media/shyunc/DATA/KSpec/KSPEC_ICS/GFA/Simul/kspec_gfa_controller/src/img/procimg/proc_KMTNge.20231211T102558.0001.fits (at gfa_actions.py)
2025-03-24 11:46:43,782 [INFO] Performing sigma clipping to derive background and stddev. (at gfa_actions.py)
2025-03-24 11:46:43,905 [INFO] Processing FITS: /media/shyunc/DATA/KSpec/KSPEC_ICS/GFA/Simul/kspec_gfa_controller/src/img/astroimg/astro_proc_KMTNgn.20231211T102558.0001.fits & /media/shyunc/DATA/KSpec/KSPEC_ICS/GFA/Simul/kspec_gfa_controller/src/img/procimg/proc_KMTNgn.20231211T102558.0001.fits (at gfa_actions.py)
2025-03-24 11:46:43,912 [INFO] Performing sigma clipping to derive background and stddev. (at gfa_actions.py)
2025-03-24 11:46:44,032 [INFO] Processing FITS: /media/shyunc/DATA/KSpec/KSPEC_ICS/GFA/Simul/kspec_gfa_controller/src/img/astroimg/astro_proc_KMTNgs.20231211T102558.0001.fits & /media/shyunc/DATA/KSpec/KSPEC_ICS/GFA/Simul/kspec_gfa_controller/src/img/procimg/proc_KMTNgs.20231211T102558.0001.fits (at gfa_actions.py)
2025-03-24 11:46:44,039 [INFO] Performing sigma clipping to derive background and stddev. (at gfa_actions.py)
2025-03-24 11:46:44,162 [INFO] Processing FITS: /media/shyunc/DATA/KSpec/KSPEC_ICS/GFA/Simul/kspec_gfa_controller/src/img/astroimg/astro_proc_KMTNgw.20231211T102558.0001.fits & /media/shyunc/DATA/KSpec/KSPEC_ICS/GFA/Simul/kspec_gfa_controller/src/img/procimg/proc_KMTNgw.20231211T102558.0001.fits (at gfa_actions.py)
2025-03-24 11:46:44,169 [INFO] Performing sigma clipping to derive background and stddev. (at gfa_actions.py)
2025-03-24 11:46:44,278 [WARNING] Offsets within critical threshold; returning 0, 0. (at gfa_actions.py)
2025-03-24 11:46:44,281 [INFO] FWHM: 1.81 arcsec (at gfa_actions.py)
2025-03-24 11:46:44,281 [INFO] Guide star calibration complete. Offsets => fdx=0.00000, fdy=0.00000, FWHM=1.80589 (at gfa_actions.py)
2025-03-24 11:46:44,281 [INFO] Offsets calculated: fdx= $$, fdy=$$, FWHM=$$$ arcsec (at gfa_actions.py)
2025-03-24 11:47:44,302 [INFO] Guiding starts... (at gfa_actions.py)
2025-03-24 11:47:44,303 [INFO] Step #1: Grab an image (uncomment if needed). (at gfa_actions.py)
2025-03-24 11:47:44,304 [INFO] Step #2: Astrometry... (at gfa_actions.py)
2025-03-24 11:47:44,304 [INFO] Step #3: Calculating the offset... (at gfa_actions.py)
2025-03-24 11:47:44,305 [INFO] Starting guide star calibration process. (at gfa_actions.py)
2025-03-24 11:47:44,306 [INFO] Found 4 astrometry files and 4 processed files. (at gfa_actions.py)
2025-03-24 11:47:44,307 [INFO] Processing FITS: /media/shyunc/DATA/KSpec/KSPEC_ICS/GFA/Simul/kspec_gfa_controller/src/img/astroimg/astro_proc_KMTNge.20231211T102558.0001.fits & /media/shyunc/DATA/KSpec/KSPEC_ICS/GFA/Simul/kspec_gfa_controller/src/img/procimg/proc_KMTNge.20231211T102558.0001.fits (at gfa_actions.py)
2025-03-24 11:47:44,315 [INFO] Performing sigma clipping to derive background and stddev. (at gfa_actions.py)
2025-03-24 11:47:44,443 [INFO] Processing FITS: /media/shyunc/DATA/KSpec/KSPEC_ICS/GFA/Simul/kspec_gfa_controller/src/img/astroimg/astro_proc_KMTNgn.20231211T102558.0001.fits & /media/shyunc/DATA/KSpec/KSPEC_ICS/GFA/Simul/kspec_gfa_controller/src/img/procimg/proc_KMTNgn.20231211T102558.0001.fits (at gfa_actions.py)
2025-03-24 11:47:44,450 [INFO] Performing sigma clipping to derive background and stddev. (at gfa_actions.py)
2025-03-24 11:47:44,607 [INFO] Processing FITS: /media/shyunc/DATA/KSpec/KSPEC_ICS/GFA/Simul/kspec_gfa_controller/src/img/astroimg/astro_proc_KMTNgs.20231211T102558.0001.fits & /media/shyunc/DATA/KSpec/KSPEC_ICS/GFA/Simul/kspec_gfa_controller/src/img/procimg/proc_KMTNgs.20231211T102558.0001.fits (at gfa_actions.py)
2025-03-24 11:47:44,615 [INFO] Performing sigma clipping to derive background and stddev. (at gfa_actions.py)
2025-03-24 11:47:44,766 [INFO] Processing FITS: /media/shyunc/DATA/KSpec/KSPEC_ICS/GFA/Simul/kspec_gfa_controller/src/img/astroimg/astro_proc_KMTNgw.20231211T102558.0001.fits & /media/shyunc/DATA/KSpec/KSPEC_ICS/GFA/Simul/kspec_gfa_controller/src/img/procimg/proc_KMTNgw.20231211T102558.0001.fits (at gfa_actions.py)
2025-03-24 11:47:44,773 [INFO] Performing sigma clipping to derive background and stddev. (at gfa_actions.py)
2025-03-24 11:47:44,916 [WARNING] Offsets within critical threshold; returning 0, 0. (at gfa_actions.py)
2025-03-24 11:47:44,919 [INFO] FWHM: 1.81 arcsec (at gfa_actions.py)
2025-03-24 11:47:44,919 [INFO] Guide star calibration complete. Offsets => fdx=0.00000, fdy=0.00000, FWHM=1.80589 (at gfa_actions.py)
2025-03-24 11:47:44,919 [INFO] Offsets calculated: fdx= $$, fdy=$$, FWHM=$$$ arcsec (at gfa_actions.py)
2025-03-24 11:48:30,889 [INFO] Guiding starts... (at gfa_actions.py)
2025-03-24 11:48:30,890 [INFO] Step #1: Grab an image (uncomment if needed). (at gfa_actions.py)
2025-03-24 11:48:30,891 [INFO] Step #2: Astrometry... (at gfa_actions.py)
2025-03-24 11:48:30,891 [INFO] Step #3: Calculating the offset... (at gfa_actions.py)
2025-03-24 11:48:30,892 [INFO] Starting guide star calibration process. (at gfa_actions.py)
2025-03-24 11:48:30,893 [INFO] Found 4 astrometry files and 4 processed files. (at gfa_actions.py)
2025-03-24 11:48:30,893 [INFO] Processing FITS: /media/shyunc/DATA/KSpec/KSPEC_ICS/GFA/Simul/kspec_gfa_controller/src/img/astroimg/astro_proc_KMTNge.20231211T102558.0001.fits & /media/shyunc/DATA/KSpec/KSPEC_ICS/GFA/Simul/kspec_gfa_controller/src/img/procimg/proc_KMTNge.20231211T102558.0001.fits (at gfa_actions.py)
2025-03-24 11:48:30,900 [INFO] Performing sigma clipping to derive background and stddev. (at gfa_actions.py)
2025-03-24 11:48:31,016 [INFO] Processing FITS: /media/shyunc/DATA/KSpec/KSPEC_ICS/GFA/Simul/kspec_gfa_controller/src/img/astroimg/astro_proc_KMTNgn.20231211T102558.0001.fits & /media/shyunc/DATA/KSpec/KSPEC_ICS/GFA/Simul/kspec_gfa_controller/src/img/procimg/proc_KMTNgn.20231211T102558.0001.fits (at gfa_actions.py)
2025-03-24 11:48:31,024 [INFO] Performing sigma clipping to derive background and stddev. (at gfa_actions.py)
2025-03-24 11:48:31,144 [INFO] Processing FITS: /media/shyunc/DATA/KSpec/KSPEC_ICS/GFA/Simul/kspec_gfa_controller/src/img/astroimg/astro_proc_KMTNgs.20231211T102558.0001.fits & /media/shyunc/DATA/KSpec/KSPEC_ICS/GFA/Simul/kspec_gfa_controller/src/img/procimg/proc_KMTNgs.20231211T102558.0001.fits (at gfa_actions.py)
2025-03-24 11:48:31,151 [INFO] Performing sigma clipping to derive background and stddev. (at gfa_actions.py)
2025-03-24 11:48:31,274 [INFO] Processing FITS: /media/shyunc/DATA/KSpec/KSPEC_ICS/GFA/Simul/kspec_gfa_controller/src/img/astroimg/astro_proc_KMTNgw.20231211T102558.0001.fits & /media/shyunc/DATA/KSpec/KSPEC_ICS/GFA/Simul/kspec_gfa_controller/src/img/procimg/proc_KMTNgw.20231211T102558.0001.fits (at gfa_actions.py)
2025-03-24 11:48:31,281 [INFO] Performing sigma clipping to derive background and stddev. (at gfa_actions.py)
2025-03-24 11:48:31,389 [WARNING] Offsets within critical threshold; returning 0, 0. (at gfa_actions.py)
2025-03-24 11:48:31,392 [INFO] FWHM: 1.81 arcsec (at gfa_actions.py)
2025-03-24 11:48:31,392 [INFO] Guide star calibration complete. Offsets => fdx=0.00000, fdy=0.00000, FWHM=1.80589 (at gfa_actions.py)
2025-03-24 11:48:31,392 [INFO] Offsets calculated: fdx= $$, fdy=$$, FWHM=$$$ arcsec (at gfa_actions.py)
2025-03-24 11:49:31,400 [INFO] Guiding starts... (at gfa_actions.py)
2025-03-24 11:49:31,401 [INFO] Step #1: Grab an image (uncomment if needed). (at gfa_actions.py)
2025-03-24 11:49:31,401 [INFO] Step #2: Astrometry... (at gfa_actions.py)
2025-03-24 11:49:31,402 [INFO] Step #3: Calculating the offset... (at gfa_actions.py)
2025-03-24 11:49:31,402 [INFO] Starting guide star calibration process. (at gfa_actions.py)
2025-03-24 11:49:31,403 [INFO] Found 4 astrometry files and 4 processed files. (at gfa_actions.py)
2025-03-24 11:49:31,403 [INFO] Processing FITS: /media/shyunc/DATA/KSpec/KSPEC_ICS/GFA/Simul/kspec_gfa_controller/src/img/astroimg/astro_proc_KMTNge.20231211T102558.0001.fits & /media/shyunc/DATA/KSpec/KSPEC_ICS/GFA/Simul/kspec_gfa_controller/src/img/procimg/proc_KMTNge.20231211T102558.0001.fits (at gfa_actions.py)
2025-03-24 11:49:31,412 [INFO] Performing sigma clipping to derive background and stddev. (at gfa_actions.py)
2025-03-24 11:49:31,525 [INFO] Processing FITS: /media/shyunc/DATA/KSpec/KSPEC_ICS/GFA/Simul/kspec_gfa_controller/src/img/astroimg/astro_proc_KMTNgn.20231211T102558.0001.fits & /media/shyunc/DATA/KSpec/KSPEC_ICS/GFA/Simul/kspec_gfa_controller/src/img/procimg/proc_KMTNgn.20231211T102558.0001.fits (at gfa_actions.py)
2025-03-24 11:49:31,532 [INFO] Performing sigma clipping to derive background and stddev. (at gfa_actions.py)
2025-03-24 11:49:31,652 [INFO] Processing FITS: /media/shyunc/DATA/KSpec/KSPEC_ICS/GFA/Simul/kspec_gfa_controller/src/img/astroimg/astro_proc_KMTNgs.20231211T102558.0001.fits & /media/shyunc/DATA/KSpec/KSPEC_ICS/GFA/Simul/kspec_gfa_controller/src/img/procimg/proc_KMTNgs.20231211T102558.0001.fits (at gfa_actions.py)
2025-03-24 11:49:31,659 [INFO] Performing sigma clipping to derive background and stddev. (at gfa_actions.py)
2025-03-24 11:49:31,784 [INFO] Processing FITS: /media/shyunc/DATA/KSpec/KSPEC_ICS/GFA/Simul/kspec_gfa_controller/src/img/astroimg/astro_proc_KMTNgw.20231211T102558.0001.fits & /media/shyunc/DATA/KSpec/KSPEC_ICS/GFA/Simul/kspec_gfa_controller/src/img/procimg/proc_KMTNgw.20231211T102558.0001.fits (at gfa_actions.py)
2025-03-24 11:49:31,792 [INFO] Performing sigma clipping to derive background and stddev. (at gfa_actions.py)
2025-03-24 11:49:31,900 [WARNING] Offsets within critical threshold; returning 0, 0. (at gfa_actions.py)
2025-03-24 11:49:31,902 [INFO] FWHM: 1.81 arcsec (at gfa_actions.py)
2025-03-24 11:49:31,902 [INFO] Guide star calibration complete. Offsets => fdx=0.00000, fdy=0.00000, FWHM=1.80589 (at gfa_actions.py)
2025-03-24 11:49:31,902 [INFO] Offsets calculated: fdx= $$, fdy=$$, FWHM=$$$ arcsec (at gfa_actions.py)
