2025-03-22 15:09:58,047 [INFO] Configuration file found: /media/shyunc/DATA/KSpec/KSPEC_ICS/GFA/Simul/kspec_gfa_controller/src/etc/cams.json (at gfa_actions.py)
2025-03-22 15:09:58,047 [INFO] Configuration file found: /media/shyunc/DATA/KSpec/KSPEC_ICS/GFA/Simul/kspec_gfa_controller/src/etc/astrometry_params.json (at gfa_actions.py)
2025-03-22 15:09:58,047 [INFO] Initializing gfa_astrometry class. (at gfa_actions.py)
2025-03-22 15:09:58,047 [INFO] Loaded 4 FITS files. (at gfa_actions.py)
2025-03-22 15:09:58,047 [INFO] Initializing GFAGuider... (at gfa_actions.py)
2025-03-22 15:09:58,047 [INFO] GFAGuider setup complete. (at gfa_actions.py)
2025-03-22 15:11:35,664 [INFO] Guiding starts... (at gfa_actions.py)
2025-03-22 15:11:35,665 [INFO] Step #1: Grab an image (uncomment if needed). (at gfa_actions.py)
2025-03-22 15:11:35,665 [INFO] Step #2: Astrometry... (at gfa_actions.py)
2025-03-22 15:11:35,666 [INFO] Step #3: Calculating the offset... (at gfa_actions.py)
2025-03-22 15:11:35,666 [INFO] Starting guide star calibration process. (at gfa_actions.py)
2025-03-22 15:11:35,668 [INFO] Found 4 astrometry files and 4 processed files. (at gfa_actions.py)
2025-03-22 15:11:35,668 [INFO] Processing FITS: /media/shyunc/DATA/KSpec/KSPEC_ICS/GFA/Simul/kspec_gfa_controller/src/img/astroimg/astro_proc_KMTNge.20231211T102558.0001.fits & /media/shyunc/DATA/KSpec/KSPEC_ICS/GFA/Simul/kspec_gfa_controller/src/img/procimg/proc_KMTNge.20231211T102558.0001.fits (at gfa_actions.py)
2025-03-22 15:11:35,676 [INFO] Performing sigma clipping to derive background and stddev. (at gfa_actions.py)
2025-03-22 15:11:35,834 [INFO] Processing FITS: /media/shyunc/DATA/KSpec/KSPEC_ICS/GFA/Simul/kspec_gfa_controller/src/img/astroimg/astro_proc_KMTNgn.20231211T102558.0001.fits & /media/shyunc/DATA/KSpec/KSPEC_ICS/GFA/Simul/kspec_gfa_controller/src/img/procimg/proc_KMTNgn.20231211T102558.0001.fits (at gfa_actions.py)
2025-03-22 15:11:35,841 [INFO] Performing sigma clipping to derive background and stddev. (at gfa_actions.py)
2025-03-22 15:11:35,958 [INFO] Processing FITS: /media/shyunc/DATA/KSpec/KSPEC_ICS/GFA/Simul/kspec_gfa_controller/src/img/astroimg/astro_proc_KMTNgs.20231211T102558.0001.fits & /media/shyunc/DATA/KSpec/KSPEC_ICS/GFA/Simul/kspec_gfa_controller/src/img/procimg/proc_KMTNgs.20231211T102558.0001.fits (at gfa_actions.py)
2025-03-22 15:11:35,965 [INFO] Performing sigma clipping to derive background and stddev. (at gfa_actions.py)
2025-03-22 15:11:36,085 [INFO] Processing FITS: /media/shyunc/DATA/KSpec/KSPEC_ICS/GFA/Simul/kspec_gfa_controller/src/img/astroimg/astro_proc_KMTNgw.20231211T102558.0001.fits & /media/shyunc/DATA/KSpec/KSPEC_ICS/GFA/Simul/kspec_gfa_controller/src/img/procimg/proc_KMTNgw.20231211T102558.0001.fits (at gfa_actions.py)
2025-03-22 15:11:36,092 [INFO] Performing sigma clipping to derive background and stddev. (at gfa_actions.py)
2025-03-22 15:11:36,198 [WARNING] Offsets within critical threshold; returning 0, 0. (at gfa_actions.py)
2025-03-22 15:11:36,200 [INFO] FWHM: 1.81 arcsec (at gfa_actions.py)
2025-03-22 15:11:36,200 [INFO] Guide star calibration complete. Offsets => fdx=0.00000, fdy=0.00000, FWHM=1.80589 (at gfa_actions.py)
2025-03-22 15:11:36,200 [INFO] Offsets calculated: fdx= $$, fdy=$$, FWHM=$$$ arcsec (at gfa_actions.py)
2025-03-22 15:12:36,210 [INFO] Guiding starts... (at gfa_actions.py)
2025-03-22 15:12:36,211 [INFO] Step #1: Grab an image (uncomment if needed). (at gfa_actions.py)
2025-03-22 15:12:36,211 [INFO] Step #2: Astrometry... (at gfa_actions.py)
2025-03-22 15:12:36,212 [INFO] Step #3: Calculating the offset... (at gfa_actions.py)
2025-03-22 15:12:36,212 [INFO] Starting guide star calibration process. (at gfa_actions.py)
2025-03-22 15:12:36,215 [INFO] Found 4 astrometry files and 4 processed files. (at gfa_actions.py)
2025-03-22 15:12:36,216 [INFO] Processing FITS: /media/shyunc/DATA/KSpec/KSPEC_ICS/GFA/Simul/kspec_gfa_controller/src/img/astroimg/astro_proc_KMTNge.20231211T102558.0001.fits & /media/shyunc/DATA/KSpec/KSPEC_ICS/GFA/Simul/kspec_gfa_controller/src/img/procimg/proc_KMTNge.20231211T102558.0001.fits (at gfa_actions.py)
2025-03-22 15:12:36,232 [INFO] Performing sigma clipping to derive background and stddev. (at gfa_actions.py)
2025-03-22 15:12:36,343 [INFO] Processing FITS: /media/shyunc/DATA/KSpec/KSPEC_ICS/GFA/Simul/kspec_gfa_controller/src/img/astroimg/astro_proc_KMTNgn.20231211T102558.0001.fits & /media/shyunc/DATA/KSpec/KSPEC_ICS/GFA/Simul/kspec_gfa_controller/src/img/procimg/proc_KMTNgn.20231211T102558.0001.fits (at gfa_actions.py)
2025-03-22 15:12:36,349 [INFO] Performing sigma clipping to derive background and stddev. (at gfa_actions.py)
2025-03-22 15:12:36,465 [INFO] Processing FITS: /media/shyunc/DATA/KSpec/KSPEC_ICS/GFA/Simul/kspec_gfa_controller/src/img/astroimg/astro_proc_KMTNgs.20231211T102558.0001.fits & /media/shyunc/DATA/KSpec/KSPEC_ICS/GFA/Simul/kspec_gfa_controller/src/img/procimg/proc_KMTNgs.20231211T102558.0001.fits (at gfa_actions.py)
2025-03-22 15:12:36,472 [INFO] Performing sigma clipping to derive background and stddev. (at gfa_actions.py)
2025-03-22 15:12:36,593 [INFO] Processing FITS: /media/shyunc/DATA/KSpec/KSPEC_ICS/GFA/Simul/kspec_gfa_controller/src/img/astroimg/astro_proc_KMTNgw.20231211T102558.0001.fits & /media/shyunc/DATA/KSpec/KSPEC_ICS/GFA/Simul/kspec_gfa_controller/src/img/procimg/proc_KMTNgw.20231211T102558.0001.fits (at gfa_actions.py)
2025-03-22 15:12:36,600 [INFO] Performing sigma clipping to derive background and stddev. (at gfa_actions.py)
2025-03-22 15:12:36,706 [WARNING] Offsets within critical threshold; returning 0, 0. (at gfa_actions.py)
2025-03-22 15:12:36,708 [INFO] FWHM: 1.81 arcsec (at gfa_actions.py)
2025-03-22 15:12:36,708 [INFO] Guide star calibration complete. Offsets => fdx=0.00000, fdy=0.00000, FWHM=1.80589 (at gfa_actions.py)
2025-03-22 15:12:36,708 [INFO] Offsets calculated: fdx= $$, fdy=$$, FWHM=$$$ arcsec (at gfa_actions.py)
2025-03-22 15:18:31,127 [INFO] Guiding starts... (at gfa_actions.py)
2025-03-22 15:18:31,127 [INFO] Step #1: Grab an image (uncomment if needed). (at gfa_actions.py)
2025-03-22 15:18:31,128 [INFO] Step #2: Astrometry... (at gfa_actions.py)
2025-03-22 15:18:31,129 [INFO] Step #3: Calculating the offset... (at gfa_actions.py)
2025-03-22 15:18:31,129 [INFO] Starting guide star calibration process. (at gfa_actions.py)
2025-03-22 15:18:31,132 [INFO] Found 4 astrometry files and 4 processed files. (at gfa_actions.py)
2025-03-22 15:18:31,132 [INFO] Processing FITS: /media/shyunc/DATA/KSpec/KSPEC_ICS/GFA/Simul/kspec_gfa_controller/src/img/astroimg/astro_proc_KMTNge.20231211T102558.0001.fits & /media/shyunc/DATA/KSpec/KSPEC_ICS/GFA/Simul/kspec_gfa_controller/src/img/procimg/proc_KMTNge.20231211T102558.0001.fits (at gfa_actions.py)
2025-03-22 15:18:31,140 [INFO] Performing sigma clipping to derive background and stddev. (at gfa_actions.py)
2025-03-22 15:18:31,254 [INFO] Processing FITS: /media/shyunc/DATA/KSpec/KSPEC_ICS/GFA/Simul/kspec_gfa_controller/src/img/astroimg/astro_proc_KMTNgn.20231211T102558.0001.fits & /media/shyunc/DATA/KSpec/KSPEC_ICS/GFA/Simul/kspec_gfa_controller/src/img/procimg/proc_KMTNgn.20231211T102558.0001.fits (at gfa_actions.py)
2025-03-22 15:18:31,261 [INFO] Performing sigma clipping to derive background and stddev. (at gfa_actions.py)
2025-03-22 15:18:31,377 [INFO] Processing FITS: /media/shyunc/DATA/KSpec/KSPEC_ICS/GFA/Simul/kspec_gfa_controller/src/img/astroimg/astro_proc_KMTNgs.20231211T102558.0001.fits & /media/shyunc/DATA/KSpec/KSPEC_ICS/GFA/Simul/kspec_gfa_controller/src/img/procimg/proc_KMTNgs.20231211T102558.0001.fits (at gfa_actions.py)
2025-03-22 15:18:31,384 [INFO] Performing sigma clipping to derive background and stddev. (at gfa_actions.py)
2025-03-22 15:18:31,504 [INFO] Processing FITS: /media/shyunc/DATA/KSpec/KSPEC_ICS/GFA/Simul/kspec_gfa_controller/src/img/astroimg/astro_proc_KMTNgw.20231211T102558.0001.fits & /media/shyunc/DATA/KSpec/KSPEC_ICS/GFA/Simul/kspec_gfa_controller/src/img/procimg/proc_KMTNgw.20231211T102558.0001.fits (at gfa_actions.py)
2025-03-22 15:18:31,511 [INFO] Performing sigma clipping to derive background and stddev. (at gfa_actions.py)
2025-03-22 15:18:31,616 [WARNING] Offsets within critical threshold; returning 0, 0. (at gfa_actions.py)
2025-03-22 15:18:31,619 [INFO] FWHM: 1.81 arcsec (at gfa_actions.py)
2025-03-22 15:18:31,619 [INFO] Guide star calibration complete. Offsets => fdx=0.00000, fdy=0.00000, FWHM=1.80589 (at gfa_actions.py)
2025-03-22 15:18:31,619 [INFO] Offsets calculated: fdx= $$, fdy=$$, FWHM=$$$ arcsec (at gfa_actions.py)
2025-03-22 15:19:31,625 [INFO] Guiding starts... (at gfa_actions.py)
2025-03-22 15:19:31,626 [INFO] Step #1: Grab an image (uncomment if needed). (at gfa_actions.py)
2025-03-22 15:19:31,627 [INFO] Step #2: Astrometry... (at gfa_actions.py)
2025-03-22 15:19:31,627 [INFO] Step #3: Calculating the offset... (at gfa_actions.py)
2025-03-22 15:19:31,628 [INFO] Starting guide star calibration process. (at gfa_actions.py)
2025-03-22 15:19:31,630 [INFO] Found 4 astrometry files and 4 processed files. (at gfa_actions.py)
2025-03-22 15:19:31,630 [INFO] Processing FITS: /media/shyunc/DATA/KSpec/KSPEC_ICS/GFA/Simul/kspec_gfa_controller/src/img/astroimg/astro_proc_KMTNge.20231211T102558.0001.fits & /media/shyunc/DATA/KSpec/KSPEC_ICS/GFA/Simul/kspec_gfa_controller/src/img/procimg/proc_KMTNge.20231211T102558.0001.fits (at gfa_actions.py)
2025-03-22 15:19:31,642 [INFO] Performing sigma clipping to derive background and stddev. (at gfa_actions.py)
2025-03-22 15:19:31,752 [INFO] Processing FITS: /media/shyunc/DATA/KSpec/KSPEC_ICS/GFA/Simul/kspec_gfa_controller/src/img/astroimg/astro_proc_KMTNgn.20231211T102558.0001.fits & /media/shyunc/DATA/KSpec/KSPEC_ICS/GFA/Simul/kspec_gfa_controller/src/img/procimg/proc_KMTNgn.20231211T102558.0001.fits (at gfa_actions.py)
2025-03-22 15:19:31,759 [INFO] Performing sigma clipping to derive background and stddev. (at gfa_actions.py)
2025-03-22 15:19:31,875 [INFO] Processing FITS: /media/shyunc/DATA/KSpec/KSPEC_ICS/GFA/Simul/kspec_gfa_controller/src/img/astroimg/astro_proc_KMTNgs.20231211T102558.0001.fits & /media/shyunc/DATA/KSpec/KSPEC_ICS/GFA/Simul/kspec_gfa_controller/src/img/procimg/proc_KMTNgs.20231211T102558.0001.fits (at gfa_actions.py)
2025-03-22 15:19:31,882 [INFO] Performing sigma clipping to derive background and stddev. (at gfa_actions.py)
2025-03-22 15:19:32,002 [INFO] Processing FITS: /media/shyunc/DATA/KSpec/KSPEC_ICS/GFA/Simul/kspec_gfa_controller/src/img/astroimg/astro_proc_KMTNgw.20231211T102558.0001.fits & /media/shyunc/DATA/KSpec/KSPEC_ICS/GFA/Simul/kspec_gfa_controller/src/img/procimg/proc_KMTNgw.20231211T102558.0001.fits (at gfa_actions.py)
2025-03-22 15:19:32,009 [INFO] Performing sigma clipping to derive background and stddev. (at gfa_actions.py)
2025-03-22 15:19:32,123 [WARNING] Offsets within critical threshold; returning 0, 0. (at gfa_actions.py)
2025-03-22 15:19:32,125 [INFO] FWHM: 1.81 arcsec (at gfa_actions.py)
2025-03-22 15:19:32,126 [INFO] Guide star calibration complete. Offsets => fdx=0.00000, fdy=0.00000, FWHM=1.80589 (at gfa_actions.py)
2025-03-22 15:19:32,126 [INFO] Offsets calculated: fdx= $$, fdy=$$, FWHM=$$$ arcsec (at gfa_actions.py)
2025-03-22 15:35:17,417 [INFO] Guiding starts... (at gfa_actions.py)
2025-03-22 15:35:17,418 [INFO] Step #1: Grab an image (uncomment if needed). (at gfa_actions.py)
2025-03-22 15:35:17,419 [INFO] Step #2: Astrometry... (at gfa_actions.py)
2025-03-22 15:35:17,419 [INFO] Step #3: Calculating the offset... (at gfa_actions.py)
2025-03-22 15:35:17,420 [INFO] Starting guide star calibration process. (at gfa_actions.py)
2025-03-22 15:35:17,421 [INFO] Found 4 astrometry files and 4 processed files. (at gfa_actions.py)
2025-03-22 15:35:17,421 [INFO] Processing FITS: /media/shyunc/DATA/KSpec/KSPEC_ICS/GFA/Simul/kspec_gfa_controller/src/img/astroimg/astro_proc_KMTNge.20231211T102558.0001.fits & /media/shyunc/DATA/KSpec/KSPEC_ICS/GFA/Simul/kspec_gfa_controller/src/img/procimg/proc_KMTNge.20231211T102558.0001.fits (at gfa_actions.py)
2025-03-22 15:35:17,429 [INFO] Performing sigma clipping to derive background and stddev. (at gfa_actions.py)
2025-03-22 15:35:17,543 [INFO] Processing FITS: /media/shyunc/DATA/KSpec/KSPEC_ICS/GFA/Simul/kspec_gfa_controller/src/img/astroimg/astro_proc_KMTNgn.20231211T102558.0001.fits & /media/shyunc/DATA/KSpec/KSPEC_ICS/GFA/Simul/kspec_gfa_controller/src/img/procimg/proc_KMTNgn.20231211T102558.0001.fits (at gfa_actions.py)
2025-03-22 15:35:17,549 [INFO] Performing sigma clipping to derive background and stddev. (at gfa_actions.py)
2025-03-22 15:35:17,667 [INFO] Processing FITS: /media/shyunc/DATA/KSpec/KSPEC_ICS/GFA/Simul/kspec_gfa_controller/src/img/astroimg/astro_proc_KMTNgs.20231211T102558.0001.fits & /media/shyunc/DATA/KSpec/KSPEC_ICS/GFA/Simul/kspec_gfa_controller/src/img/procimg/proc_KMTNgs.20231211T102558.0001.fits (at gfa_actions.py)
2025-03-22 15:35:17,674 [INFO] Performing sigma clipping to derive background and stddev. (at gfa_actions.py)
2025-03-22 15:35:17,793 [INFO] Processing FITS: /media/shyunc/DATA/KSpec/KSPEC_ICS/GFA/Simul/kspec_gfa_controller/src/img/astroimg/astro_proc_KMTNgw.20231211T102558.0001.fits & /media/shyunc/DATA/KSpec/KSPEC_ICS/GFA/Simul/kspec_gfa_controller/src/img/procimg/proc_KMTNgw.20231211T102558.0001.fits (at gfa_actions.py)
2025-03-22 15:35:17,800 [INFO] Performing sigma clipping to derive background and stddev. (at gfa_actions.py)
2025-03-22 15:35:17,906 [WARNING] Offsets within critical threshold; returning 0, 0. (at gfa_actions.py)
2025-03-22 15:35:17,908 [INFO] FWHM: 1.81 arcsec (at gfa_actions.py)
2025-03-22 15:35:17,908 [INFO] Guide star calibration complete. Offsets => fdx=0.00000, fdy=0.00000, FWHM=1.80589 (at gfa_actions.py)
2025-03-22 15:35:17,909 [INFO] Offsets calculated: fdx= $$, fdy=$$, FWHM=$$$ arcsec (at gfa_actions.py)
2025-03-22 15:36:17,931 [INFO] Guiding starts... (at gfa_actions.py)
2025-03-22 15:36:17,931 [INFO] Step #1: Grab an image (uncomment if needed). (at gfa_actions.py)
2025-03-22 15:36:17,932 [INFO] Step #2: Astrometry... (at gfa_actions.py)
2025-03-22 15:36:17,933 [INFO] Step #3: Calculating the offset... (at gfa_actions.py)
2025-03-22 15:36:17,933 [INFO] Starting guide star calibration process. (at gfa_actions.py)
2025-03-22 15:36:17,934 [INFO] Found 4 astrometry files and 4 processed files. (at gfa_actions.py)
2025-03-22 15:36:17,935 [INFO] Processing FITS: /media/shyunc/DATA/KSpec/KSPEC_ICS/GFA/Simul/kspec_gfa_controller/src/img/astroimg/astro_proc_KMTNge.20231211T102558.0001.fits & /media/shyunc/DATA/KSpec/KSPEC_ICS/GFA/Simul/kspec_gfa_controller/src/img/procimg/proc_KMTNge.20231211T102558.0001.fits (at gfa_actions.py)
2025-03-22 15:36:17,945 [INFO] Performing sigma clipping to derive background and stddev. (at gfa_actions.py)
2025-03-22 15:36:18,058 [INFO] Processing FITS: /media/shyunc/DATA/KSpec/KSPEC_ICS/GFA/Simul/kspec_gfa_controller/src/img/astroimg/astro_proc_KMTNgn.20231211T102558.0001.fits & /media/shyunc/DATA/KSpec/KSPEC_ICS/GFA/Simul/kspec_gfa_controller/src/img/procimg/proc_KMTNgn.20231211T102558.0001.fits (at gfa_actions.py)
2025-03-22 15:36:18,065 [INFO] Performing sigma clipping to derive background and stddev. (at gfa_actions.py)
2025-03-22 15:36:18,182 [INFO] Processing FITS: /media/shyunc/DATA/KSpec/KSPEC_ICS/GFA/Simul/kspec_gfa_controller/src/img/astroimg/astro_proc_KMTNgs.20231211T102558.0001.fits & /media/shyunc/DATA/KSpec/KSPEC_ICS/GFA/Simul/kspec_gfa_controller/src/img/procimg/proc_KMTNgs.20231211T102558.0001.fits (at gfa_actions.py)
2025-03-22 15:36:18,189 [INFO] Performing sigma clipping to derive background and stddev. (at gfa_actions.py)
2025-03-22 15:36:18,309 [INFO] Processing FITS: /media/shyunc/DATA/KSpec/KSPEC_ICS/GFA/Simul/kspec_gfa_controller/src/img/astroimg/astro_proc_KMTNgw.20231211T102558.0001.fits & /media/shyunc/DATA/KSpec/KSPEC_ICS/GFA/Simul/kspec_gfa_controller/src/img/procimg/proc_KMTNgw.20231211T102558.0001.fits (at gfa_actions.py)
2025-03-22 15:36:18,316 [INFO] Performing sigma clipping to derive background and stddev. (at gfa_actions.py)
2025-03-22 15:36:18,423 [WARNING] Offsets within critical threshold; returning 0, 0. (at gfa_actions.py)
2025-03-22 15:36:18,425 [INFO] FWHM: 1.81 arcsec (at gfa_actions.py)
2025-03-22 15:36:18,425 [INFO] Guide star calibration complete. Offsets => fdx=0.00000, fdy=0.00000, FWHM=1.80589 (at gfa_actions.py)
2025-03-22 15:36:18,425 [INFO] Offsets calculated: fdx= $$, fdy=$$, FWHM=$$$ arcsec (at gfa_actions.py)
2025-03-22 15:48:42,490 [INFO] Guiding starts... (at gfa_actions.py)
2025-03-22 15:48:42,490 [INFO] Step #1: Grab an image (uncomment if needed). (at gfa_actions.py)
2025-03-22 15:48:42,491 [INFO] Step #2: Astrometry... (at gfa_actions.py)
2025-03-22 15:48:42,491 [INFO] Step #3: Calculating the offset... (at gfa_actions.py)
2025-03-22 15:48:42,491 [INFO] Starting guide star calibration process. (at gfa_actions.py)
2025-03-22 15:48:42,492 [INFO] Found 4 astrometry files and 4 processed files. (at gfa_actions.py)
2025-03-22 15:48:42,493 [INFO] Processing FITS: /media/shyunc/DATA/KSpec/KSPEC_ICS/GFA/Simul/kspec_gfa_controller/src/img/astroimg/astro_proc_KMTNge.20231211T102558.0001.fits & /media/shyunc/DATA/KSpec/KSPEC_ICS/GFA/Simul/kspec_gfa_controller/src/img/procimg/proc_KMTNge.20231211T102558.0001.fits (at gfa_actions.py)
2025-03-22 15:48:42,501 [INFO] Performing sigma clipping to derive background and stddev. (at gfa_actions.py)
2025-03-22 15:48:42,617 [INFO] Processing FITS: /media/shyunc/DATA/KSpec/KSPEC_ICS/GFA/Simul/kspec_gfa_controller/src/img/astroimg/astro_proc_KMTNgn.20231211T102558.0001.fits & /media/shyunc/DATA/KSpec/KSPEC_ICS/GFA/Simul/kspec_gfa_controller/src/img/procimg/proc_KMTNgn.20231211T102558.0001.fits (at gfa_actions.py)
2025-03-22 15:48:42,623 [INFO] Performing sigma clipping to derive background and stddev. (at gfa_actions.py)
2025-03-22 15:48:42,741 [INFO] Processing FITS: /media/shyunc/DATA/KSpec/KSPEC_ICS/GFA/Simul/kspec_gfa_controller/src/img/astroimg/astro_proc_KMTNgs.20231211T102558.0001.fits & /media/shyunc/DATA/KSpec/KSPEC_ICS/GFA/Simul/kspec_gfa_controller/src/img/procimg/proc_KMTNgs.20231211T102558.0001.fits (at gfa_actions.py)
2025-03-22 15:48:42,747 [INFO] Performing sigma clipping to derive background and stddev. (at gfa_actions.py)
2025-03-22 15:48:42,868 [INFO] Processing FITS: /media/shyunc/DATA/KSpec/KSPEC_ICS/GFA/Simul/kspec_gfa_controller/src/img/astroimg/astro_proc_KMTNgw.20231211T102558.0001.fits & /media/shyunc/DATA/KSpec/KSPEC_ICS/GFA/Simul/kspec_gfa_controller/src/img/procimg/proc_KMTNgw.20231211T102558.0001.fits (at gfa_actions.py)
2025-03-22 15:48:42,875 [INFO] Performing sigma clipping to derive background and stddev. (at gfa_actions.py)
2025-03-22 15:48:42,981 [WARNING] Offsets within critical threshold; returning 0, 0. (at gfa_actions.py)
2025-03-22 15:48:42,983 [INFO] FWHM: 1.81 arcsec (at gfa_actions.py)
2025-03-22 15:48:42,984 [INFO] Guide star calibration complete. Offsets => fdx=0.00000, fdy=0.00000, FWHM=1.80589 (at gfa_actions.py)
2025-03-22 15:48:42,984 [INFO] Offsets calculated: fdx= $$, fdy=$$, FWHM=$$$ arcsec (at gfa_actions.py)
2025-03-22 15:49:43,001 [INFO] Guiding starts... (at gfa_actions.py)
2025-03-22 15:49:43,001 [INFO] Step #1: Grab an image (uncomment if needed). (at gfa_actions.py)
2025-03-22 15:49:43,002 [INFO] Step #2: Astrometry... (at gfa_actions.py)
2025-03-22 15:49:43,003 [INFO] Step #3: Calculating the offset... (at gfa_actions.py)
2025-03-22 15:49:43,003 [INFO] Starting guide star calibration process. (at gfa_actions.py)
2025-03-22 15:49:43,005 [INFO] Found 4 astrometry files and 4 processed files. (at gfa_actions.py)
2025-03-22 15:49:43,006 [INFO] Processing FITS: /media/shyunc/DATA/KSpec/KSPEC_ICS/GFA/Simul/kspec_gfa_controller/src/img/astroimg/astro_proc_KMTNge.20231211T102558.0001.fits & /media/shyunc/DATA/KSpec/KSPEC_ICS/GFA/Simul/kspec_gfa_controller/src/img/procimg/proc_KMTNge.20231211T102558.0001.fits (at gfa_actions.py)
2025-03-22 15:49:43,017 [INFO] Performing sigma clipping to derive background and stddev. (at gfa_actions.py)
2025-03-22 15:49:43,129 [INFO] Processing FITS: /media/shyunc/DATA/KSpec/KSPEC_ICS/GFA/Simul/kspec_gfa_controller/src/img/astroimg/astro_proc_KMTNgn.20231211T102558.0001.fits & /media/shyunc/DATA/KSpec/KSPEC_ICS/GFA/Simul/kspec_gfa_controller/src/img/procimg/proc_KMTNgn.20231211T102558.0001.fits (at gfa_actions.py)
2025-03-22 15:49:43,136 [INFO] Performing sigma clipping to derive background and stddev. (at gfa_actions.py)
2025-03-22 15:49:43,252 [INFO] Processing FITS: /media/shyunc/DATA/KSpec/KSPEC_ICS/GFA/Simul/kspec_gfa_controller/src/img/astroimg/astro_proc_KMTNgs.20231211T102558.0001.fits & /media/shyunc/DATA/KSpec/KSPEC_ICS/GFA/Simul/kspec_gfa_controller/src/img/procimg/proc_KMTNgs.20231211T102558.0001.fits (at gfa_actions.py)
2025-03-22 15:49:43,260 [INFO] Performing sigma clipping to derive background and stddev. (at gfa_actions.py)
2025-03-22 15:49:43,380 [INFO] Processing FITS: /media/shyunc/DATA/KSpec/KSPEC_ICS/GFA/Simul/kspec_gfa_controller/src/img/astroimg/astro_proc_KMTNgw.20231211T102558.0001.fits & /media/shyunc/DATA/KSpec/KSPEC_ICS/GFA/Simul/kspec_gfa_controller/src/img/procimg/proc_KMTNgw.20231211T102558.0001.fits (at gfa_actions.py)
2025-03-22 15:49:43,387 [INFO] Performing sigma clipping to derive background and stddev. (at gfa_actions.py)
2025-03-22 15:49:43,493 [WARNING] Offsets within critical threshold; returning 0, 0. (at gfa_actions.py)
2025-03-22 15:49:43,496 [INFO] FWHM: 1.81 arcsec (at gfa_actions.py)
2025-03-22 15:49:43,496 [INFO] Guide star calibration complete. Offsets => fdx=0.00000, fdy=0.00000, FWHM=1.80589 (at gfa_actions.py)
2025-03-22 15:49:43,496 [INFO] Offsets calculated: fdx= $$, fdy=$$, FWHM=$$$ arcsec (at gfa_actions.py)
2025-03-22 15:58:00,444 [INFO] Guiding starts... (at gfa_actions.py)
2025-03-22 15:58:00,445 [INFO] Step #1: Grab an image (uncomment if needed). (at gfa_actions.py)
2025-03-22 15:58:00,446 [INFO] Step #2: Astrometry... (at gfa_actions.py)
2025-03-22 15:58:00,446 [INFO] Step #3: Calculating the offset... (at gfa_actions.py)
2025-03-22 15:58:00,446 [INFO] Starting guide star calibration process. (at gfa_actions.py)
2025-03-22 15:58:00,448 [INFO] Found 4 astrometry files and 4 processed files. (at gfa_actions.py)
2025-03-22 15:58:00,448 [INFO] Processing FITS: /media/shyunc/DATA/KSpec/KSPEC_ICS/GFA/Simul/kspec_gfa_controller/src/img/astroimg/astro_proc_KMTNge.20231211T102558.0001.fits & /media/shyunc/DATA/KSpec/KSPEC_ICS/GFA/Simul/kspec_gfa_controller/src/img/procimg/proc_KMTNge.20231211T102558.0001.fits (at gfa_actions.py)
2025-03-22 15:58:00,456 [INFO] Performing sigma clipping to derive background and stddev. (at gfa_actions.py)
2025-03-22 15:58:00,571 [INFO] Processing FITS: /media/shyunc/DATA/KSpec/KSPEC_ICS/GFA/Simul/kspec_gfa_controller/src/img/astroimg/astro_proc_KMTNgn.20231211T102558.0001.fits & /media/shyunc/DATA/KSpec/KSPEC_ICS/GFA/Simul/kspec_gfa_controller/src/img/procimg/proc_KMTNgn.20231211T102558.0001.fits (at gfa_actions.py)
2025-03-22 15:58:00,578 [INFO] Performing sigma clipping to derive background and stddev. (at gfa_actions.py)
2025-03-22 15:58:00,694 [INFO] Processing FITS: /media/shyunc/DATA/KSpec/KSPEC_ICS/GFA/Simul/kspec_gfa_controller/src/img/astroimg/astro_proc_KMTNgs.20231211T102558.0001.fits & /media/shyunc/DATA/KSpec/KSPEC_ICS/GFA/Simul/kspec_gfa_controller/src/img/procimg/proc_KMTNgs.20231211T102558.0001.fits (at gfa_actions.py)
2025-03-22 15:58:00,701 [INFO] Performing sigma clipping to derive background and stddev. (at gfa_actions.py)
2025-03-22 15:58:00,821 [INFO] Processing FITS: /media/shyunc/DATA/KSpec/KSPEC_ICS/GFA/Simul/kspec_gfa_controller/src/img/astroimg/astro_proc_KMTNgw.20231211T102558.0001.fits & /media/shyunc/DATA/KSpec/KSPEC_ICS/GFA/Simul/kspec_gfa_controller/src/img/procimg/proc_KMTNgw.20231211T102558.0001.fits (at gfa_actions.py)
2025-03-22 15:58:00,852 [INFO] Performing sigma clipping to derive background and stddev. (at gfa_actions.py)
2025-03-22 15:58:00,954 [WARNING] Offsets within critical threshold; returning 0, 0. (at gfa_actions.py)
2025-03-22 15:58:00,956 [INFO] FWHM: 1.81 arcsec (at gfa_actions.py)
2025-03-22 15:58:00,956 [INFO] Guide star calibration complete. Offsets => fdx=0.00000, fdy=0.00000, FWHM=1.80589 (at gfa_actions.py)
2025-03-22 15:58:00,957 [INFO] Offsets calculated: fdx= $$, fdy=$$, FWHM=$$$ arcsec (at gfa_actions.py)
2025-03-22 15:59:00,960 [INFO] Guiding starts... (at gfa_actions.py)
2025-03-22 15:59:00,961 [INFO] Step #1: Grab an image (uncomment if needed). (at gfa_actions.py)
2025-03-22 15:59:00,962 [INFO] Step #2: Astrometry... (at gfa_actions.py)
2025-03-22 15:59:00,963 [INFO] Step #3: Calculating the offset... (at gfa_actions.py)
2025-03-22 15:59:00,963 [INFO] Starting guide star calibration process. (at gfa_actions.py)
2025-03-22 15:59:00,964 [INFO] Found 4 astrometry files and 4 processed files. (at gfa_actions.py)
2025-03-22 15:59:00,965 [INFO] Processing FITS: /media/shyunc/DATA/KSpec/KSPEC_ICS/GFA/Simul/kspec_gfa_controller/src/img/astroimg/astro_proc_KMTNge.20231211T102558.0001.fits & /media/shyunc/DATA/KSpec/KSPEC_ICS/GFA/Simul/kspec_gfa_controller/src/img/procimg/proc_KMTNge.20231211T102558.0001.fits (at gfa_actions.py)
2025-03-22 15:59:00,981 [INFO] Performing sigma clipping to derive background and stddev. (at gfa_actions.py)
2025-03-22 15:59:01,093 [INFO] Processing FITS: /media/shyunc/DATA/KSpec/KSPEC_ICS/GFA/Simul/kspec_gfa_controller/src/img/astroimg/astro_proc_KMTNgn.20231211T102558.0001.fits & /media/shyunc/DATA/KSpec/KSPEC_ICS/GFA/Simul/kspec_gfa_controller/src/img/procimg/proc_KMTNgn.20231211T102558.0001.fits (at gfa_actions.py)
2025-03-22 15:59:01,100 [INFO] Performing sigma clipping to derive background and stddev. (at gfa_actions.py)
2025-03-22 15:59:01,218 [INFO] Processing FITS: /media/shyunc/DATA/KSpec/KSPEC_ICS/GFA/Simul/kspec_gfa_controller/src/img/astroimg/astro_proc_KMTNgs.20231211T102558.0001.fits & /media/shyunc/DATA/KSpec/KSPEC_ICS/GFA/Simul/kspec_gfa_controller/src/img/procimg/proc_KMTNgs.20231211T102558.0001.fits (at gfa_actions.py)
2025-03-22 15:59:01,225 [INFO] Performing sigma clipping to derive background and stddev. (at gfa_actions.py)
2025-03-22 15:59:01,346 [INFO] Processing FITS: /media/shyunc/DATA/KSpec/KSPEC_ICS/GFA/Simul/kspec_gfa_controller/src/img/astroimg/astro_proc_KMTNgw.20231211T102558.0001.fits & /media/shyunc/DATA/KSpec/KSPEC_ICS/GFA/Simul/kspec_gfa_controller/src/img/procimg/proc_KMTNgw.20231211T102558.0001.fits (at gfa_actions.py)
2025-03-22 15:59:01,353 [INFO] Performing sigma clipping to derive background and stddev. (at gfa_actions.py)
2025-03-22 15:59:01,458 [WARNING] Offsets within critical threshold; returning 0, 0. (at gfa_actions.py)
2025-03-22 15:59:01,460 [INFO] FWHM: 1.81 arcsec (at gfa_actions.py)
2025-03-22 15:59:01,461 [INFO] Guide star calibration complete. Offsets => fdx=0.00000, fdy=0.00000, FWHM=1.80589 (at gfa_actions.py)
2025-03-22 15:59:01,461 [INFO] Offsets calculated: fdx= $$, fdy=$$, FWHM=$$$ arcsec (at gfa_actions.py)
2025-03-22 16:05:56,521 [INFO] Guiding starts... (at gfa_actions.py)
2025-03-22 16:05:56,522 [INFO] Step #1: Grab an image (uncomment if needed). (at gfa_actions.py)
2025-03-22 16:05:56,523 [INFO] Step #2: Astrometry... (at gfa_actions.py)
2025-03-22 16:05:56,523 [INFO] Step #3: Calculating the offset... (at gfa_actions.py)
2025-03-22 16:05:56,523 [INFO] Starting guide star calibration process. (at gfa_actions.py)
2025-03-22 16:05:56,525 [INFO] Found 4 astrometry files and 4 processed files. (at gfa_actions.py)
2025-03-22 16:05:56,526 [INFO] Processing FITS: /media/shyunc/DATA/KSpec/KSPEC_ICS/GFA/Simul/kspec_gfa_controller/src/img/astroimg/astro_proc_KMTNge.20231211T102558.0001.fits & /media/shyunc/DATA/KSpec/KSPEC_ICS/GFA/Simul/kspec_gfa_controller/src/img/procimg/proc_KMTNge.20231211T102558.0001.fits (at gfa_actions.py)
2025-03-22 16:05:56,534 [INFO] Performing sigma clipping to derive background and stddev. (at gfa_actions.py)
2025-03-22 16:05:56,649 [INFO] Processing FITS: /media/shyunc/DATA/KSpec/KSPEC_ICS/GFA/Simul/kspec_gfa_controller/src/img/astroimg/astro_proc_KMTNgn.20231211T102558.0001.fits & /media/shyunc/DATA/KSpec/KSPEC_ICS/GFA/Simul/kspec_gfa_controller/src/img/procimg/proc_KMTNgn.20231211T102558.0001.fits (at gfa_actions.py)
2025-03-22 16:05:56,657 [INFO] Performing sigma clipping to derive background and stddev. (at gfa_actions.py)
2025-03-22 16:05:56,774 [INFO] Processing FITS: /media/shyunc/DATA/KSpec/KSPEC_ICS/GFA/Simul/kspec_gfa_controller/src/img/astroimg/astro_proc_KMTNgs.20231211T102558.0001.fits & /media/shyunc/DATA/KSpec/KSPEC_ICS/GFA/Simul/kspec_gfa_controller/src/img/procimg/proc_KMTNgs.20231211T102558.0001.fits (at gfa_actions.py)
2025-03-22 16:05:56,781 [INFO] Performing sigma clipping to derive background and stddev. (at gfa_actions.py)
2025-03-22 16:05:56,901 [INFO] Processing FITS: /media/shyunc/DATA/KSpec/KSPEC_ICS/GFA/Simul/kspec_gfa_controller/src/img/astroimg/astro_proc_KMTNgw.20231211T102558.0001.fits & /media/shyunc/DATA/KSpec/KSPEC_ICS/GFA/Simul/kspec_gfa_controller/src/img/procimg/proc_KMTNgw.20231211T102558.0001.fits (at gfa_actions.py)
2025-03-22 16:05:56,908 [INFO] Performing sigma clipping to derive background and stddev. (at gfa_actions.py)
2025-03-22 16:05:57,013 [WARNING] Offsets within critical threshold; returning 0, 0. (at gfa_actions.py)
2025-03-22 16:05:57,016 [INFO] FWHM: 1.81 arcsec (at gfa_actions.py)
2025-03-22 16:05:57,016 [INFO] Guide star calibration complete. Offsets => fdx=0.00000, fdy=0.00000, FWHM=1.80589 (at gfa_actions.py)
2025-03-22 16:05:57,016 [INFO] Offsets calculated: fdx= $$, fdy=$$, FWHM=$$$ arcsec (at gfa_actions.py)
2025-03-22 16:06:57,046 [INFO] Guiding starts... (at gfa_actions.py)
2025-03-22 16:06:57,047 [INFO] Step #1: Grab an image (uncomment if needed). (at gfa_actions.py)
2025-03-22 16:06:57,048 [INFO] Step #2: Astrometry... (at gfa_actions.py)
2025-03-22 16:06:57,048 [INFO] Step #3: Calculating the offset... (at gfa_actions.py)
2025-03-22 16:06:57,049 [INFO] Starting guide star calibration process. (at gfa_actions.py)
2025-03-22 16:06:57,052 [INFO] Found 4 astrometry files and 4 processed files. (at gfa_actions.py)
2025-03-22 16:06:57,052 [INFO] Processing FITS: /media/shyunc/DATA/KSpec/KSPEC_ICS/GFA/Simul/kspec_gfa_controller/src/img/astroimg/astro_proc_KMTNge.20231211T102558.0001.fits & /media/shyunc/DATA/KSpec/KSPEC_ICS/GFA/Simul/kspec_gfa_controller/src/img/procimg/proc_KMTNge.20231211T102558.0001.fits (at gfa_actions.py)
2025-03-22 16:06:57,062 [INFO] Performing sigma clipping to derive background and stddev. (at gfa_actions.py)
2025-03-22 16:06:57,172 [INFO] Processing FITS: /media/shyunc/DATA/KSpec/KSPEC_ICS/GFA/Simul/kspec_gfa_controller/src/img/astroimg/astro_proc_KMTNgn.20231211T102558.0001.fits & /media/shyunc/DATA/KSpec/KSPEC_ICS/GFA/Simul/kspec_gfa_controller/src/img/procimg/proc_KMTNgn.20231211T102558.0001.fits (at gfa_actions.py)
2025-03-22 16:06:57,179 [INFO] Performing sigma clipping to derive background and stddev. (at gfa_actions.py)
2025-03-22 16:06:57,295 [INFO] Processing FITS: /media/shyunc/DATA/KSpec/KSPEC_ICS/GFA/Simul/kspec_gfa_controller/src/img/astroimg/astro_proc_KMTNgs.20231211T102558.0001.fits & /media/shyunc/DATA/KSpec/KSPEC_ICS/GFA/Simul/kspec_gfa_controller/src/img/procimg/proc_KMTNgs.20231211T102558.0001.fits (at gfa_actions.py)
2025-03-22 16:06:57,302 [INFO] Performing sigma clipping to derive background and stddev. (at gfa_actions.py)
2025-03-22 16:06:57,423 [INFO] Processing FITS: /media/shyunc/DATA/KSpec/KSPEC_ICS/GFA/Simul/kspec_gfa_controller/src/img/astroimg/astro_proc_KMTNgw.20231211T102558.0001.fits & /media/shyunc/DATA/KSpec/KSPEC_ICS/GFA/Simul/kspec_gfa_controller/src/img/procimg/proc_KMTNgw.20231211T102558.0001.fits (at gfa_actions.py)
2025-03-22 16:06:57,430 [INFO] Performing sigma clipping to derive background and stddev. (at gfa_actions.py)
2025-03-22 16:06:57,535 [WARNING] Offsets within critical threshold; returning 0, 0. (at gfa_actions.py)
2025-03-22 16:06:57,537 [INFO] FWHM: 1.81 arcsec (at gfa_actions.py)
2025-03-22 16:06:57,537 [INFO] Guide star calibration complete. Offsets => fdx=0.00000, fdy=0.00000, FWHM=1.80589 (at gfa_actions.py)
2025-03-22 16:06:57,538 [INFO] Offsets calculated: fdx= $$, fdy=$$, FWHM=$$$ arcsec (at gfa_actions.py)
2025-03-22 16:11:07,448 [INFO] Guiding starts... (at gfa_actions.py)
2025-03-22 16:11:07,449 [INFO] Step #1: Grab an image (uncomment if needed). (at gfa_actions.py)
2025-03-22 16:11:07,450 [INFO] Step #2: Astrometry... (at gfa_actions.py)
2025-03-22 16:11:07,450 [INFO] Step #3: Calculating the offset... (at gfa_actions.py)
2025-03-22 16:11:07,451 [INFO] Starting guide star calibration process. (at gfa_actions.py)
2025-03-22 16:11:07,453 [INFO] Found 4 astrometry files and 4 processed files. (at gfa_actions.py)
2025-03-22 16:11:07,453 [INFO] Processing FITS: /media/shyunc/DATA/KSpec/KSPEC_ICS/GFA/Simul/kspec_gfa_controller/src/img/astroimg/astro_proc_KMTNge.20231211T102558.0001.fits & /media/shyunc/DATA/KSpec/KSPEC_ICS/GFA/Simul/kspec_gfa_controller/src/img/procimg/proc_KMTNge.20231211T102558.0001.fits (at gfa_actions.py)
2025-03-22 16:11:07,470 [INFO] Performing sigma clipping to derive background and stddev. (at gfa_actions.py)
2025-03-22 16:11:07,585 [INFO] Processing FITS: /media/shyunc/DATA/KSpec/KSPEC_ICS/GFA/Simul/kspec_gfa_controller/src/img/astroimg/astro_proc_KMTNgn.20231211T102558.0001.fits & /media/shyunc/DATA/KSpec/KSPEC_ICS/GFA/Simul/kspec_gfa_controller/src/img/procimg/proc_KMTNgn.20231211T102558.0001.fits (at gfa_actions.py)
2025-03-22 16:11:07,592 [INFO] Performing sigma clipping to derive background and stddev. (at gfa_actions.py)
2025-03-22 16:11:07,708 [INFO] Processing FITS: /media/shyunc/DATA/KSpec/KSPEC_ICS/GFA/Simul/kspec_gfa_controller/src/img/astroimg/astro_proc_KMTNgs.20231211T102558.0001.fits & /media/shyunc/DATA/KSpec/KSPEC_ICS/GFA/Simul/kspec_gfa_controller/src/img/procimg/proc_KMTNgs.20231211T102558.0001.fits (at gfa_actions.py)
2025-03-22 16:11:07,715 [INFO] Performing sigma clipping to derive background and stddev. (at gfa_actions.py)
2025-03-22 16:11:07,834 [INFO] Processing FITS: /media/shyunc/DATA/KSpec/KSPEC_ICS/GFA/Simul/kspec_gfa_controller/src/img/astroimg/astro_proc_KMTNgw.20231211T102558.0001.fits & /media/shyunc/DATA/KSpec/KSPEC_ICS/GFA/Simul/kspec_gfa_controller/src/img/procimg/proc_KMTNgw.20231211T102558.0001.fits (at gfa_actions.py)
2025-03-22 16:11:07,841 [INFO] Performing sigma clipping to derive background and stddev. (at gfa_actions.py)
2025-03-22 16:11:07,946 [WARNING] Offsets within critical threshold; returning 0, 0. (at gfa_actions.py)
2025-03-22 16:11:07,949 [INFO] FWHM: 1.81 arcsec (at gfa_actions.py)
2025-03-22 16:11:07,949 [INFO] Guide star calibration complete. Offsets => fdx=0.00000, fdy=0.00000, FWHM=1.80589 (at gfa_actions.py)
2025-03-22 16:11:07,949 [INFO] Offsets calculated: fdx= $$, fdy=$$, FWHM=$$$ arcsec (at gfa_actions.py)
2025-03-22 16:12:07,960 [INFO] Guiding starts... (at gfa_actions.py)
2025-03-22 16:12:07,961 [INFO] Step #1: Grab an image (uncomment if needed). (at gfa_actions.py)
2025-03-22 16:12:07,962 [INFO] Step #2: Astrometry... (at gfa_actions.py)
2025-03-22 16:12:07,963 [INFO] Step #3: Calculating the offset... (at gfa_actions.py)
2025-03-22 16:12:07,963 [INFO] Starting guide star calibration process. (at gfa_actions.py)
2025-03-22 16:12:07,965 [INFO] Found 4 astrometry files and 4 processed files. (at gfa_actions.py)
2025-03-22 16:12:07,965 [INFO] Processing FITS: /media/shyunc/DATA/KSpec/KSPEC_ICS/GFA/Simul/kspec_gfa_controller/src/img/astroimg/astro_proc_KMTNge.20231211T102558.0001.fits & /media/shyunc/DATA/KSpec/KSPEC_ICS/GFA/Simul/kspec_gfa_controller/src/img/procimg/proc_KMTNge.20231211T102558.0001.fits (at gfa_actions.py)
2025-03-22 16:12:07,976 [INFO] Performing sigma clipping to derive background and stddev. (at gfa_actions.py)
2025-03-22 16:12:08,087 [INFO] Processing FITS: /media/shyunc/DATA/KSpec/KSPEC_ICS/GFA/Simul/kspec_gfa_controller/src/img/astroimg/astro_proc_KMTNgn.20231211T102558.0001.fits & /media/shyunc/DATA/KSpec/KSPEC_ICS/GFA/Simul/kspec_gfa_controller/src/img/procimg/proc_KMTNgn.20231211T102558.0001.fits (at gfa_actions.py)
2025-03-22 16:12:08,094 [INFO] Performing sigma clipping to derive background and stddev. (at gfa_actions.py)
2025-03-22 16:12:08,210 [INFO] Processing FITS: /media/shyunc/DATA/KSpec/KSPEC_ICS/GFA/Simul/kspec_gfa_controller/src/img/astroimg/astro_proc_KMTNgs.20231211T102558.0001.fits & /media/shyunc/DATA/KSpec/KSPEC_ICS/GFA/Simul/kspec_gfa_controller/src/img/procimg/proc_KMTNgs.20231211T102558.0001.fits (at gfa_actions.py)
2025-03-22 16:12:08,217 [INFO] Performing sigma clipping to derive background and stddev. (at gfa_actions.py)
2025-03-22 16:12:08,337 [INFO] Processing FITS: /media/shyunc/DATA/KSpec/KSPEC_ICS/GFA/Simul/kspec_gfa_controller/src/img/astroimg/astro_proc_KMTNgw.20231211T102558.0001.fits & /media/shyunc/DATA/KSpec/KSPEC_ICS/GFA/Simul/kspec_gfa_controller/src/img/procimg/proc_KMTNgw.20231211T102558.0001.fits (at gfa_actions.py)
2025-03-22 16:12:08,344 [INFO] Performing sigma clipping to derive background and stddev. (at gfa_actions.py)
2025-03-22 16:12:08,449 [WARNING] Offsets within critical threshold; returning 0, 0. (at gfa_actions.py)
2025-03-22 16:12:08,451 [INFO] FWHM: 1.81 arcsec (at gfa_actions.py)
2025-03-22 16:12:08,451 [INFO] Guide star calibration complete. Offsets => fdx=0.00000, fdy=0.00000, FWHM=1.80589 (at gfa_actions.py)
2025-03-22 16:12:08,452 [INFO] Offsets calculated: fdx= $$, fdy=$$, FWHM=$$$ arcsec (at gfa_actions.py)
2025-03-24 10:40:05,606 [INFO] Guiding starts... (at gfa_actions.py)
2025-03-24 10:40:05,606 [INFO] Step #1: Grab an image (uncomment if needed). (at gfa_actions.py)
2025-03-24 10:40:05,607 [INFO] Step #2: Astrometry... (at gfa_actions.py)
2025-03-24 10:40:05,608 [INFO] Step #3: Calculating the offset... (at gfa_actions.py)
2025-03-24 10:40:05,608 [INFO] Starting guide star calibration process. (at gfa_actions.py)
2025-03-24 10:40:05,610 [INFO] Found 4 astrometry files and 4 processed files. (at gfa_actions.py)
2025-03-24 10:40:05,610 [INFO] Processing FITS: /media/shyunc/DATA/KSpec/KSPEC_ICS/GFA/Simul/kspec_gfa_controller/src/img/astroimg/astro_proc_KMTNge.20231211T102558.0001.fits & /media/shyunc/DATA/KSpec/KSPEC_ICS/GFA/Simul/kspec_gfa_controller/src/img/procimg/proc_KMTNge.20231211T102558.0001.fits (at gfa_actions.py)
2025-03-24 10:40:05,620 [INFO] Performing sigma clipping to derive background and stddev. (at gfa_actions.py)
2025-03-24 10:40:05,737 [INFO] Processing FITS: /media/shyunc/DATA/KSpec/KSPEC_ICS/GFA/Simul/kspec_gfa_controller/src/img/astroimg/astro_proc_KMTNgn.20231211T102558.0001.fits & /media/shyunc/DATA/KSpec/KSPEC_ICS/GFA/Simul/kspec_gfa_controller/src/img/procimg/proc_KMTNgn.20231211T102558.0001.fits (at gfa_actions.py)
2025-03-24 10:40:05,744 [INFO] Performing sigma clipping to derive background and stddev. (at gfa_actions.py)
2025-03-24 10:40:05,860 [INFO] Processing FITS: /media/shyunc/DATA/KSpec/KSPEC_ICS/GFA/Simul/kspec_gfa_controller/src/img/astroimg/astro_proc_KMTNgs.20231211T102558.0001.fits & /media/shyunc/DATA/KSpec/KSPEC_ICS/GFA/Simul/kspec_gfa_controller/src/img/procimg/proc_KMTNgs.20231211T102558.0001.fits (at gfa_actions.py)
2025-03-24 10:40:05,867 [INFO] Performing sigma clipping to derive background and stddev. (at gfa_actions.py)
2025-03-24 10:40:05,987 [INFO] Processing FITS: /media/shyunc/DATA/KSpec/KSPEC_ICS/GFA/Simul/kspec_gfa_controller/src/img/astroimg/astro_proc_KMTNgw.20231211T102558.0001.fits & /media/shyunc/DATA/KSpec/KSPEC_ICS/GFA/Simul/kspec_gfa_controller/src/img/procimg/proc_KMTNgw.20231211T102558.0001.fits (at gfa_actions.py)
2025-03-24 10:40:05,994 [INFO] Performing sigma clipping to derive background and stddev. (at gfa_actions.py)
2025-03-24 10:40:06,099 [WARNING] Offsets within critical threshold; returning 0, 0. (at gfa_actions.py)
2025-03-24 10:40:06,101 [INFO] FWHM: 1.81 arcsec (at gfa_actions.py)
2025-03-24 10:40:06,102 [INFO] Guide star calibration complete. Offsets => fdx=0.00000, fdy=0.00000, FWHM=1.80589 (at gfa_actions.py)
2025-03-24 10:40:06,102 [INFO] Offsets calculated: fdx= $$, fdy=$$, FWHM=$$$ arcsec (at gfa_actions.py)
2025-03-24 10:41:06,107 [INFO] Guiding starts... (at gfa_actions.py)
2025-03-24 10:41:06,108 [INFO] Step #1: Grab an image (uncomment if needed). (at gfa_actions.py)
2025-03-24 10:41:06,108 [INFO] Step #2: Astrometry... (at gfa_actions.py)
2025-03-24 10:41:06,109 [INFO] Step #3: Calculating the offset... (at gfa_actions.py)
2025-03-24 10:41:06,110 [INFO] Starting guide star calibration process. (at gfa_actions.py)
2025-03-24 10:41:06,112 [INFO] Found 4 astrometry files and 4 processed files. (at gfa_actions.py)
2025-03-24 10:41:06,112 [INFO] Processing FITS: /media/shyunc/DATA/KSpec/KSPEC_ICS/GFA/Simul/kspec_gfa_controller/src/img/astroimg/astro_proc_KMTNge.20231211T102558.0001.fits & /media/shyunc/DATA/KSpec/KSPEC_ICS/GFA/Simul/kspec_gfa_controller/src/img/procimg/proc_KMTNge.20231211T102558.0001.fits (at gfa_actions.py)
2025-03-24 10:41:06,121 [INFO] Performing sigma clipping to derive background and stddev. (at gfa_actions.py)
2025-03-24 10:41:06,236 [INFO] Processing FITS: /media/shyunc/DATA/KSpec/KSPEC_ICS/GFA/Simul/kspec_gfa_controller/src/img/astroimg/astro_proc_KMTNgn.20231211T102558.0001.fits & /media/shyunc/DATA/KSpec/KSPEC_ICS/GFA/Simul/kspec_gfa_controller/src/img/procimg/proc_KMTNgn.20231211T102558.0001.fits (at gfa_actions.py)
2025-03-24 10:41:06,243 [INFO] Performing sigma clipping to derive background and stddev. (at gfa_actions.py)
2025-03-24 10:41:06,364 [INFO] Processing FITS: /media/shyunc/DATA/KSpec/KSPEC_ICS/GFA/Simul/kspec_gfa_controller/src/img/astroimg/astro_proc_KMTNgs.20231211T102558.0001.fits & /media/shyunc/DATA/KSpec/KSPEC_ICS/GFA/Simul/kspec_gfa_controller/src/img/procimg/proc_KMTNgs.20231211T102558.0001.fits (at gfa_actions.py)
2025-03-24 10:41:06,371 [INFO] Performing sigma clipping to derive background and stddev. (at gfa_actions.py)
2025-03-24 10:41:06,494 [INFO] Processing FITS: /media/shyunc/DATA/KSpec/KSPEC_ICS/GFA/Simul/kspec_gfa_controller/src/img/astroimg/astro_proc_KMTNgw.20231211T102558.0001.fits & /media/shyunc/DATA/KSpec/KSPEC_ICS/GFA/Simul/kspec_gfa_controller/src/img/procimg/proc_KMTNgw.20231211T102558.0001.fits (at gfa_actions.py)
2025-03-24 10:41:06,501 [INFO] Performing sigma clipping to derive background and stddev. (at gfa_actions.py)
2025-03-24 10:41:06,609 [WARNING] Offsets within critical threshold; returning 0, 0. (at gfa_actions.py)
2025-03-24 10:41:06,611 [INFO] FWHM: 1.81 arcsec (at gfa_actions.py)
2025-03-24 10:41:06,612 [INFO] Guide star calibration complete. Offsets => fdx=0.00000, fdy=0.00000, FWHM=1.80589 (at gfa_actions.py)
2025-03-24 10:41:06,612 [INFO] Offsets calculated: fdx= $$, fdy=$$, FWHM=$$$ arcsec (at gfa_actions.py)
