2025-11-24 10:23:50,996 [INFO] Initialized GFAEnvironment with role 'plate' and cameras [1, 2, 3, 4, 5, 6]
2025-11-24 10:23:50,996 [INFO] Initializing gfa_astrometry class.
2025-11-24 10:23:50,997 [INFO] Initializing GFAGuider...
2025-11-24 10:23:50,997 [DEBUG] Processed dir: /media/shyunc/DATA/KSpec/KSPEC_ICS/GFA/Simul/kspec_gfa_controller/src/img/procimg
2025-11-24 10:23:50,997 [DEBUG] Final astro dir: /media/shyunc/DATA/KSpec/KSPEC_ICS/GFA/Simul/kspec_gfa_controller/src/img/astroimg/
2025-11-24 10:23:50,997 [DEBUG] Cutout dir: /media/shyunc/DATA/KSpec/KSPEC_ICS/GFA/Simul/kspec_gfa_controller/src/img/cutout
2025-11-24 10:23:50,997 [INFO] GFAGuider setup complete.
2025-11-24 10:23:50,997 [INFO] Initialized GFAEnvironment with role 'finder' and cameras [7]
2025-11-24 11:14:43,926 [INFO] Querying camera statuses...
2025-11-24 11:17:06,054 [INFO] Starting guiding sequence...
2025-11-24 11:17:06,056 [INFO] Grabbing raw image...
2025-11-24 11:17:11,059 [INFO] Running astrometry preprocessing...
2025-11-24 11:17:11,060 [INFO] Executing guider offset calculation...
2025-11-24 11:17:11,060 [INFO] Clearing temp astrometry data...
2025-11-24 11:17:11,061 [INFO] Deleting raw and processed files.
2025-11-24 11:17:11,063 [INFO] Deleted 0 files in directory: /media/shyunc/DATA/KSpec/KSPEC_ICS/GFA/Simul/kspec_gfa_controller/src/img/raw
2025-11-24 11:17:11,064 [INFO] Deleted 0 files in directory: /media/shyunc/DATA/KSpec/KSPEC_ICS/GFA/Simul/kspec_gfa_controller/src/img/procimg
2025-11-24 11:17:11,064 [INFO] Deleted 0 raw files and 0 processed files.
2025-11-24 11:17:41,067 [INFO] Starting guiding sequence...
2025-11-24 11:17:41,068 [INFO] Grabbing raw image...
2025-11-24 11:17:46,070 [INFO] Running astrometry preprocessing...
2025-11-24 11:17:46,070 [INFO] Executing guider offset calculation...
2025-11-24 11:17:46,071 [INFO] Clearing temp astrometry data...
2025-11-24 11:17:46,071 [INFO] Deleting raw and processed files.
2025-11-24 11:17:46,072 [INFO] Deleted 0 files in directory: /media/shyunc/DATA/KSpec/KSPEC_ICS/GFA/Simul/kspec_gfa_controller/src/img/raw
2025-11-24 11:17:46,073 [INFO] Deleted 0 files in directory: /media/shyunc/DATA/KSpec/KSPEC_ICS/GFA/Simul/kspec_gfa_controller/src/img/procimg
2025-11-24 11:17:46,073 [INFO] Deleted 0 raw files and 0 processed files.
2025-11-24 11:18:16,076 [INFO] Starting guiding sequence...
2025-11-24 11:18:16,078 [INFO] Grabbing raw image...
2025-11-24 11:18:21,081 [INFO] Running astrometry preprocessing...
2025-11-24 11:18:21,082 [INFO] Executing guider offset calculation...
2025-11-24 11:18:21,083 [INFO] Clearing temp astrometry data...
2025-11-24 11:18:21,083 [INFO] Deleting raw and processed files.
2025-11-24 11:18:21,085 [INFO] Deleted 0 files in directory: /media/shyunc/DATA/KSpec/KSPEC_ICS/GFA/Simul/kspec_gfa_controller/src/img/raw
2025-11-24 11:18:21,086 [INFO] Deleted 0 files in directory: /media/shyunc/DATA/KSpec/KSPEC_ICS/GFA/Simul/kspec_gfa_controller/src/img/procimg
2025-11-24 11:18:21,087 [INFO] Deleted 0 raw files and 0 processed files.
