2025-08-14 12:53:36,345 [INFO] Initialized GFAEnvironment with role 'plate' and cameras [1, 2, 3, 4, 5, 6]
2025-08-14 12:53:36,346 [INFO] Initializing gfa_astrometry class.
2025-08-14 12:53:36,346 [INFO] Initializing GFAGuider...
2025-08-14 12:53:36,346 [DEBUG] Processed dir: /media/shyunc/DATA/KSpec/KSPEC_ICS/GFA/Simul/kspec_gfa_controller/src/img/procimg
2025-08-14 12:53:36,346 [DEBUG] Final astro dir: /media/shyunc/DATA/KSpec/KSPEC_ICS/GFA/Simul/kspec_gfa_controller/src/img/astroimg/
2025-08-14 12:53:36,346 [DEBUG] Cutout dir: /media/shyunc/DATA/KSpec/KSPEC_ICS/GFA/Simul/kspec_gfa_controller/src/img/cutout
2025-08-14 12:53:36,346 [INFO] GFAGuider setup complete.
2025-08-14 12:53:36,346 [INFO] Initialized GFAEnvironment with role 'finder' and cameras [7]
2025-08-14 17:04:26,063 [INFO] Starting guiding sequence...
2025-08-14 17:04:26,064 [INFO] Grabbing raw image...
2025-08-14 17:04:31,066 [INFO] Running astrometry preprocessing...
2025-08-14 17:04:31,066 [INFO] Executing guider offset calculation...
2025-08-14 17:04:31,067 [INFO] Clearing temp astrometry data...
2025-08-14 17:04:31,068 [INFO] Deleting raw and processed files.
2025-08-14 17:04:31,069 [INFO] Deleted 0 files in directory: /media/shyunc/DATA/KSpec/KSPEC_ICS/GFA/Simul/kspec_gfa_controller/src/img/raw
2025-08-14 17:04:31,070 [INFO] Deleted 0 files in directory: /media/shyunc/DATA/KSpec/KSPEC_ICS/GFA/Simul/kspec_gfa_controller/src/img/procimg
2025-08-14 17:04:31,070 [INFO] Deleted 0 raw files and 0 processed files.
2025-08-14 17:05:01,073 [INFO] Starting guiding sequence...
2025-08-14 17:05:01,075 [INFO] Grabbing raw image...
2025-08-14 17:05:06,076 [INFO] Running astrometry preprocessing...
2025-08-14 17:05:06,077 [INFO] Executing guider offset calculation...
2025-08-14 17:05:06,078 [INFO] Clearing temp astrometry data...
2025-08-14 17:05:06,078 [INFO] Deleting raw and processed files.
2025-08-14 17:05:06,079 [INFO] Deleted 0 files in directory: /media/shyunc/DATA/KSpec/KSPEC_ICS/GFA/Simul/kspec_gfa_controller/src/img/raw
2025-08-14 17:05:06,080 [INFO] Deleted 0 files in directory: /media/shyunc/DATA/KSpec/KSPEC_ICS/GFA/Simul/kspec_gfa_controller/src/img/procimg
2025-08-14 17:05:06,080 [INFO] Deleted 0 raw files and 0 processed files.
2025-08-14 17:05:36,083 [INFO] Starting guiding sequence...
2025-08-14 17:05:36,084 [INFO] Grabbing raw image...
2025-08-14 17:05:41,088 [INFO] Running astrometry preprocessing...
2025-08-14 17:05:41,089 [INFO] Executing guider offset calculation...
2025-08-14 17:05:41,089 [INFO] Clearing temp astrometry data...
2025-08-14 17:05:41,090 [INFO] Deleting raw and processed files.
2025-08-14 17:05:41,091 [INFO] Deleted 0 files in directory: /media/shyunc/DATA/KSpec/KSPEC_ICS/GFA/Simul/kspec_gfa_controller/src/img/raw
2025-08-14 17:05:41,092 [INFO] Deleted 0 files in directory: /media/shyunc/DATA/KSpec/KSPEC_ICS/GFA/Simul/kspec_gfa_controller/src/img/procimg
2025-08-14 17:05:41,092 [INFO] Deleted 0 raw files and 0 processed files.
2025-08-14 17:06:11,096 [INFO] Starting guiding sequence...
2025-08-14 17:06:11,097 [INFO] Grabbing raw image...
2025-08-14 17:06:16,098 [INFO] Running astrometry preprocessing...
2025-08-14 17:06:16,098 [INFO] Executing guider offset calculation...
2025-08-14 17:06:16,098 [INFO] Clearing temp astrometry data...
2025-08-14 17:06:16,099 [INFO] Deleting raw and processed files.
2025-08-14 17:06:16,099 [INFO] Deleted 0 files in directory: /media/shyunc/DATA/KSpec/KSPEC_ICS/GFA/Simul/kspec_gfa_controller/src/img/raw
2025-08-14 17:06:16,099 [INFO] Deleted 0 files in directory: /media/shyunc/DATA/KSpec/KSPEC_ICS/GFA/Simul/kspec_gfa_controller/src/img/procimg
2025-08-14 17:06:16,099 [INFO] Deleted 0 raw files and 0 processed files.
2025-08-14 17:06:46,101 [INFO] Starting guiding sequence...
2025-08-14 17:06:46,102 [INFO] Grabbing raw image...
2025-08-14 17:06:51,103 [INFO] Running astrometry preprocessing...
2025-08-14 17:06:51,104 [INFO] Executing guider offset calculation...
2025-08-14 17:06:51,105 [INFO] Clearing temp astrometry data...
2025-08-14 17:06:51,105 [INFO] Deleting raw and processed files.
2025-08-14 17:06:51,107 [INFO] Deleted 0 files in directory: /media/shyunc/DATA/KSpec/KSPEC_ICS/GFA/Simul/kspec_gfa_controller/src/img/raw
2025-08-14 17:06:51,108 [INFO] Deleted 0 files in directory: /media/shyunc/DATA/KSpec/KSPEC_ICS/GFA/Simul/kspec_gfa_controller/src/img/procimg
2025-08-14 17:06:51,108 [INFO] Deleted 0 raw files and 0 processed files.
2025-08-14 17:07:21,111 [INFO] Starting guiding sequence...
2025-08-14 17:07:21,113 [INFO] Grabbing raw image...
2025-08-14 17:07:26,115 [INFO] Running astrometry preprocessing...
2025-08-14 17:07:26,116 [INFO] Executing guider offset calculation...
2025-08-14 17:07:26,116 [INFO] Clearing temp astrometry data...
2025-08-14 17:07:26,117 [INFO] Deleting raw and processed files.
2025-08-14 17:07:26,117 [INFO] Deleted 0 files in directory: /media/shyunc/DATA/KSpec/KSPEC_ICS/GFA/Simul/kspec_gfa_controller/src/img/raw
2025-08-14 17:07:26,117 [INFO] Deleted 0 files in directory: /media/shyunc/DATA/KSpec/KSPEC_ICS/GFA/Simul/kspec_gfa_controller/src/img/procimg
2025-08-14 17:07:26,118 [INFO] Deleted 0 raw files and 0 processed files.
2025-08-14 17:07:56,120 [INFO] Starting guiding sequence...
2025-08-14 17:07:56,122 [INFO] Grabbing raw image...
2025-08-14 17:08:01,123 [INFO] Running astrometry preprocessing...
2025-08-14 17:08:01,124 [INFO] Executing guider offset calculation...
2025-08-14 17:08:01,125 [INFO] Clearing temp astrometry data...
2025-08-14 17:08:01,125 [INFO] Deleting raw and processed files.
2025-08-14 17:08:01,127 [INFO] Deleted 0 files in directory: /media/shyunc/DATA/KSpec/KSPEC_ICS/GFA/Simul/kspec_gfa_controller/src/img/raw
2025-08-14 17:08:01,128 [INFO] Deleted 0 files in directory: /media/shyunc/DATA/KSpec/KSPEC_ICS/GFA/Simul/kspec_gfa_controller/src/img/procimg
2025-08-14 17:08:01,128 [INFO] Deleted 0 raw files and 0 processed files.
2025-08-14 17:08:31,131 [INFO] Starting guiding sequence...
2025-08-14 17:08:31,132 [INFO] Grabbing raw image...
2025-08-14 17:08:36,134 [INFO] Running astrometry preprocessing...
2025-08-14 17:08:36,134 [INFO] Executing guider offset calculation...
2025-08-14 17:08:36,135 [INFO] Clearing temp astrometry data...
2025-08-14 17:08:36,136 [INFO] Deleting raw and processed files.
2025-08-14 17:08:36,138 [INFO] Deleted 0 files in directory: /media/shyunc/DATA/KSpec/KSPEC_ICS/GFA/Simul/kspec_gfa_controller/src/img/raw
2025-08-14 17:08:36,139 [INFO] Deleted 0 files in directory: /media/shyunc/DATA/KSpec/KSPEC_ICS/GFA/Simul/kspec_gfa_controller/src/img/procimg
2025-08-14 17:08:36,139 [INFO] Deleted 0 raw files and 0 processed files.
2025-08-14 17:12:47,108 [INFO] Initialized GFAEnvironment with role 'plate' and cameras [1, 2, 3, 4, 5, 6]
2025-08-14 17:12:47,108 [INFO] Initializing gfa_astrometry class.
2025-08-14 17:12:47,109 [INFO] Initializing GFAGuider...
2025-08-14 17:12:47,109 [DEBUG] Processed dir: /media/shyunc/DATA/KSpec/KSPEC_ICS/GFA/Simul/kspec_gfa_controller/src/img/procimg
2025-08-14 17:12:47,109 [DEBUG] Final astro dir: /media/shyunc/DATA/KSpec/KSPEC_ICS/GFA/Simul/kspec_gfa_controller/src/img/astroimg/
2025-08-14 17:12:47,109 [DEBUG] Cutout dir: /media/shyunc/DATA/KSpec/KSPEC_ICS/GFA/Simul/kspec_gfa_controller/src/img/cutout
2025-08-14 17:12:47,109 [INFO] GFAGuider setup complete.
2025-08-14 17:12:47,109 [INFO] Initialized GFAEnvironment with role 'finder' and cameras [7]
2025-08-14 17:12:47,114 [INFO] Starting guiding sequence...
2025-08-14 17:12:47,114 [INFO] Grabbing raw image...
2025-08-14 17:12:52,115 [INFO] Running astrometry preprocessing...
2025-08-14 17:12:52,115 [INFO] Executing guider offset calculation...
2025-08-14 17:12:52,116 [INFO] Clearing temp astrometry data...
2025-08-14 17:12:52,116 [INFO] Deleting raw and processed files.
2025-08-14 17:12:52,117 [INFO] Deleted 0 files in directory: /media/shyunc/DATA/KSpec/KSPEC_ICS/GFA/Simul/kspec_gfa_controller/src/img/raw
2025-08-14 17:12:52,118 [INFO] Deleted 0 files in directory: /media/shyunc/DATA/KSpec/KSPEC_ICS/GFA/Simul/kspec_gfa_controller/src/img/procimg
2025-08-14 17:12:52,118 [INFO] Deleted 0 raw files and 0 processed files.
2025-08-14 17:14:14,063 [INFO] Starting guiding sequence...
2025-08-14 17:14:14,065 [INFO] Grabbing raw image...
2025-08-14 17:14:19,067 [INFO] Running astrometry preprocessing...
2025-08-14 17:14:19,067 [INFO] Executing guider offset calculation...
2025-08-14 17:14:19,068 [INFO] Clearing temp astrometry data...
2025-08-14 17:14:19,068 [INFO] Deleting raw and processed files.
2025-08-14 17:14:19,069 [INFO] Deleted 0 files in directory: /media/shyunc/DATA/KSpec/KSPEC_ICS/GFA/Simul/kspec_gfa_controller/src/img/raw
2025-08-14 17:14:19,070 [INFO] Deleted 0 files in directory: /media/shyunc/DATA/KSpec/KSPEC_ICS/GFA/Simul/kspec_gfa_controller/src/img/procimg
2025-08-14 17:14:19,070 [INFO] Deleted 0 raw files and 0 processed files.
2025-08-14 17:14:49,074 [INFO] Starting guiding sequence...
2025-08-14 17:14:49,075 [INFO] Grabbing raw image...
2025-08-14 17:14:54,077 [INFO] Running astrometry preprocessing...
2025-08-14 17:14:54,077 [INFO] Executing guider offset calculation...
2025-08-14 17:14:54,078 [INFO] Clearing temp astrometry data...
2025-08-14 17:14:54,078 [INFO] Deleting raw and processed files.
2025-08-14 17:14:54,079 [INFO] Deleted 0 files in directory: /media/shyunc/DATA/KSpec/KSPEC_ICS/GFA/Simul/kspec_gfa_controller/src/img/raw
2025-08-14 17:14:54,080 [INFO] Deleted 0 files in directory: /media/shyunc/DATA/KSpec/KSPEC_ICS/GFA/Simul/kspec_gfa_controller/src/img/procimg
2025-08-14 17:14:54,081 [INFO] Deleted 0 raw files and 0 processed files.
2025-08-14 17:15:24,085 [INFO] Starting guiding sequence...
2025-08-14 17:15:24,087 [INFO] Grabbing raw image...
2025-08-14 17:15:29,089 [INFO] Running astrometry preprocessing...
2025-08-14 17:15:29,090 [INFO] Executing guider offset calculation...
2025-08-14 17:15:29,091 [INFO] Clearing temp astrometry data...
2025-08-14 17:15:29,091 [INFO] Deleting raw and processed files.
2025-08-14 17:15:29,092 [INFO] Deleted 0 files in directory: /media/shyunc/DATA/KSpec/KSPEC_ICS/GFA/Simul/kspec_gfa_controller/src/img/raw
2025-08-14 17:15:29,093 [INFO] Deleted 0 files in directory: /media/shyunc/DATA/KSpec/KSPEC_ICS/GFA/Simul/kspec_gfa_controller/src/img/procimg
2025-08-14 17:15:29,093 [INFO] Deleted 0 raw files and 0 processed files.
2025-08-14 17:15:59,098 [INFO] Starting guiding sequence...
2025-08-14 17:15:59,100 [INFO] Grabbing raw image...
2025-08-14 17:16:04,102 [INFO] Running astrometry preprocessing...
2025-08-14 17:16:04,103 [INFO] Executing guider offset calculation...
2025-08-14 17:16:04,104 [INFO] Clearing temp astrometry data...
2025-08-14 17:16:04,104 [INFO] Deleting raw and processed files.
2025-08-14 17:16:04,105 [INFO] Deleted 0 files in directory: /media/shyunc/DATA/KSpec/KSPEC_ICS/GFA/Simul/kspec_gfa_controller/src/img/raw
2025-08-14 17:16:04,106 [INFO] Deleted 0 files in directory: /media/shyunc/DATA/KSpec/KSPEC_ICS/GFA/Simul/kspec_gfa_controller/src/img/procimg
2025-08-14 17:16:04,106 [INFO] Deleted 0 raw files and 0 processed files.
2025-08-14 17:16:34,110 [INFO] Starting guiding sequence...
2025-08-14 17:16:34,113 [INFO] Grabbing raw image...
2025-08-14 17:16:39,114 [INFO] Running astrometry preprocessing...
2025-08-14 17:16:39,115 [INFO] Executing guider offset calculation...
2025-08-14 17:16:39,115 [INFO] Clearing temp astrometry data...
2025-08-14 17:16:39,116 [INFO] Deleting raw and processed files.
2025-08-14 17:16:39,117 [INFO] Deleted 0 files in directory: /media/shyunc/DATA/KSpec/KSPEC_ICS/GFA/Simul/kspec_gfa_controller/src/img/raw
2025-08-14 17:16:39,117 [INFO] Deleted 0 files in directory: /media/shyunc/DATA/KSpec/KSPEC_ICS/GFA/Simul/kspec_gfa_controller/src/img/procimg
2025-08-14 17:16:39,117 [INFO] Deleted 0 raw files and 0 processed files.
