2025-02-25 09:31:00,029 [INFO] Configuration file found: /media/shyunc/DATA/KSpec/KSPEC_ICS/GFA/Simul/kspec_gfa_controller/src/etc/cams.json (at gfa_actions.py)
2025-02-25 09:31:00,030 [INFO] Configuration file found: /media/shyunc/DATA/KSpec/KSPEC_ICS/GFA/Simul/kspec_gfa_controller/src/etc/astrometry_params.json (at gfa_actions.py)
2025-02-25 09:31:00,030 [INFO] Initializing gfa_astrometry class. (at gfa_actions.py)
2025-02-25 09:31:00,030 [INFO] Loaded 4 FITS files. (at gfa_actions.py)
2025-02-25 09:31:00,030 [INFO] Initializing GFAGuider... (at gfa_actions.py)
2025-02-25 09:31:00,030 [INFO] GFAGuider setup complete. (at gfa_actions.py)
2025-02-25 16:27:43,346 [INFO] Guiding starts... (at gfa_actions.py)
2025-02-25 16:27:43,346 [INFO] Step #1: Grab an image (uncomment if needed). (at gfa_actions.py)
2025-02-25 16:27:43,346 [INFO] Step #2: Astrometry... (at gfa_actions.py)
2025-02-25 16:27:43,346 [INFO] Step #3: Calculating the offset... (at gfa_actions.py)
2025-02-25 16:27:43,347 [INFO] Offsets calculated: fdx= $$, fdy=$$, FWHM=$$$ arcsec (at gfa_actions.py)
2025-02-25 16:28:13,360 [INFO] Guiding starts... (at gfa_actions.py)
2025-02-25 16:28:13,361 [INFO] Step #1: Grab an image (uncomment if needed). (at gfa_actions.py)
2025-02-25 16:28:13,362 [INFO] Step #2: Astrometry... (at gfa_actions.py)
2025-02-25 16:28:13,362 [INFO] Step #3: Calculating the offset... (at gfa_actions.py)
2025-02-25 16:28:13,363 [INFO] Offsets calculated: fdx= $$, fdy=$$, FWHM=$$$ arcsec (at gfa_actions.py)
2025-02-25 19:17:49,403 [INFO] Configuration file found: /media/shyunc/DATA/KSpec/KSPEC_ICS/GFA/Simul/kspec_gfa_controller/src/etc/cams.json (at gfa_actions.py)
2025-02-25 19:17:49,403 [INFO] Configuration file found: /media/shyunc/DATA/KSpec/KSPEC_ICS/GFA/Simul/kspec_gfa_controller/src/etc/astrometry_params.json (at gfa_actions.py)
2025-02-25 19:17:49,403 [INFO] Initializing gfa_astrometry class. (at gfa_actions.py)
2025-02-25 19:17:49,404 [INFO] Loaded 4 FITS files. (at gfa_actions.py)
2025-02-25 19:17:49,404 [INFO] Initializing GFAGuider... (at gfa_actions.py)
2025-02-25 19:17:49,404 [INFO] GFAGuider setup complete. (at gfa_actions.py)
2025-02-25 19:17:59,958 [INFO] Checking status of all cameras. (at gfa_actions.py)
2025-02-25 19:18:53,081 [INFO] Checking status of all cameras. (at gfa_actions.py)
2025-02-25 19:19:34,464 [INFO] Guiding starts... (at gfa_actions.py)
2025-02-25 19:19:34,464 [INFO] Step #1: Grab an image (uncomment if needed). (at gfa_actions.py)
2025-02-25 19:19:34,464 [INFO] Step #2: Astrometry... (at gfa_actions.py)
2025-02-25 19:19:34,464 [INFO] Step #3: Calculating the offset... (at gfa_actions.py)
2025-02-25 19:19:34,464 [INFO] Offsets calculated: fdx= $$, fdy=$$, FWHM=$$$ arcsec (at gfa_actions.py)
2025-02-25 19:20:04,469 [INFO] Guiding starts... (at gfa_actions.py)
2025-02-25 19:20:04,470 [INFO] Step #1: Grab an image (uncomment if needed). (at gfa_actions.py)
2025-02-25 19:20:04,471 [INFO] Step #2: Astrometry... (at gfa_actions.py)
2025-02-25 19:20:04,471 [INFO] Step #3: Calculating the offset... (at gfa_actions.py)
2025-02-25 19:20:04,472 [INFO] Offsets calculated: fdx= $$, fdy=$$, FWHM=$$$ arcsec (at gfa_actions.py)
2025-02-25 19:20:48,575 [INFO] Image save path: /media/shyunc/DATA/KSpec/KSPEC_ICS/GFA/Simul/kspec_gfa_controller/src/img/grab (at gfa_actions.py)
2025-02-25 19:20:48,575 [INFO] Grabbing image from camera 1 (ExpTime=10.0, Binning=4). (at gfa_actions.py)
2025-02-25 19:20:58,339 [INFO] Checking status of all cameras. (at gfa_actions.py)
2025-02-25 19:21:13,391 [INFO] Checking status of all cameras. (at gfa_actions.py)
2025-02-25 19:21:19,894 [INFO] Checking status of all cameras. (at gfa_actions.py)
2025-02-25 19:22:26,372 [INFO] Configuration file found: /media/shyunc/DATA/KSpec/KSPEC_ICS/GFA/Simul/kspec_gfa_controller/src/etc/cams.json (at gfa_actions.py)
2025-02-25 19:22:26,372 [INFO] Configuration file found: /media/shyunc/DATA/KSpec/KSPEC_ICS/GFA/Simul/kspec_gfa_controller/src/etc/astrometry_params.json (at gfa_actions.py)
2025-02-25 19:22:26,372 [INFO] Initializing gfa_astrometry class. (at gfa_actions.py)
2025-02-25 19:22:26,372 [INFO] Loaded 4 FITS files. (at gfa_actions.py)
2025-02-25 19:22:26,372 [INFO] Initializing GFAGuider... (at gfa_actions.py)
2025-02-25 19:22:26,373 [INFO] GFAGuider setup complete. (at gfa_actions.py)
2025-02-25 19:22:55,273 [INFO] Checking status of all cameras. (at gfa_actions.py)
2025-02-25 19:22:59,593 [INFO] Checking status of all cameras. (at gfa_actions.py)
2025-02-25 19:26:59,319 [INFO] Configuration file found: /media/shyunc/DATA/KSpec/KSPEC_ICS/GFA/Simul/kspec_gfa_controller/src/etc/cams.json (at gfa_actions.py)
2025-02-25 19:26:59,319 [INFO] Configuration file found: /media/shyunc/DATA/KSpec/KSPEC_ICS/GFA/Simul/kspec_gfa_controller/src/etc/astrometry_params.json (at gfa_actions.py)
2025-02-25 19:26:59,319 [INFO] Initializing gfa_astrometry class. (at gfa_actions.py)
2025-02-25 19:26:59,319 [INFO] Loaded 4 FITS files. (at gfa_actions.py)
2025-02-25 19:26:59,319 [INFO] Initializing GFAGuider... (at gfa_actions.py)
2025-02-25 19:26:59,319 [INFO] GFAGuider setup complete. (at gfa_actions.py)
2025-02-25 19:27:13,304 [INFO] Checking status of all cameras. (at gfa_actions.py)
2025-02-25 19:32:16,949 [INFO] Configuration file found: /media/shyunc/DATA/KSpec/KSPEC_ICS/GFA/Simul/kspec_gfa_controller/src/etc/cams.json (at gfa_actions.py)
2025-02-25 19:32:16,950 [INFO] Configuration file found: /media/shyunc/DATA/KSpec/KSPEC_ICS/GFA/Simul/kspec_gfa_controller/src/etc/astrometry_params.json (at gfa_actions.py)
2025-02-25 19:32:16,950 [INFO] Initializing gfa_astrometry class. (at gfa_actions.py)
2025-02-25 19:32:16,950 [INFO] Loaded 4 FITS files. (at gfa_actions.py)
2025-02-25 19:32:16,950 [INFO] Initializing GFAGuider... (at gfa_actions.py)
2025-02-25 19:32:16,950 [INFO] GFAGuider setup complete. (at gfa_actions.py)
2025-02-25 19:32:39,037 [INFO] Checking status of all cameras. (at gfa_actions.py)
2025-02-25 19:35:27,146 [INFO] Configuration file found: /media/shyunc/DATA/KSpec/KSPEC_ICS/GFA/Simul/kspec_gfa_controller/src/etc/cams.json (at gfa_actions.py)
2025-02-25 19:35:27,146 [INFO] Configuration file found: /media/shyunc/DATA/KSpec/KSPEC_ICS/GFA/Simul/kspec_gfa_controller/src/etc/astrometry_params.json (at gfa_actions.py)
2025-02-25 19:35:27,146 [INFO] Initializing gfa_astrometry class. (at gfa_actions.py)
2025-02-25 19:35:27,146 [INFO] Loaded 4 FITS files. (at gfa_actions.py)
2025-02-25 19:35:27,147 [INFO] Initializing GFAGuider... (at gfa_actions.py)
2025-02-25 19:35:27,147 [INFO] GFAGuider setup complete. (at gfa_actions.py)
2025-02-25 19:35:39,757 [INFO] Checking status of all cameras. (at gfa_actions.py)
2025-02-25 19:40:35,417 [INFO] Configuration file found: /media/shyunc/DATA/KSpec/KSPEC_ICS/GFA/Simul/kspec_gfa_controller/src/etc/cams.json (at gfa_actions.py)
2025-02-25 19:40:35,417 [INFO] Configuration file found: /media/shyunc/DATA/KSpec/KSPEC_ICS/GFA/Simul/kspec_gfa_controller/src/etc/astrometry_params.json (at gfa_actions.py)
2025-02-25 19:40:35,417 [INFO] Initializing gfa_astrometry class. (at gfa_actions.py)
2025-02-25 19:40:35,418 [INFO] Loaded 4 FITS files. (at gfa_actions.py)
2025-02-25 19:40:35,418 [INFO] Initializing GFAGuider... (at gfa_actions.py)
2025-02-25 19:40:35,418 [INFO] GFAGuider setup complete. (at gfa_actions.py)
2025-02-25 19:40:42,112 [INFO] Checking status of all cameras. (at gfa_actions.py)
