2025-08-11 09:11:23,297 [INFO] Initialized GFAEnvironment with role 'plate' and cameras [1, 2, 3, 4, 5, 6]
2025-08-11 09:11:23,297 [INFO] Initializing gfa_astrometry class.
2025-08-11 09:11:23,297 [INFO] Initializing GFAGuider...
2025-08-11 09:11:23,297 [DEBUG] Processed dir: /media/shyunc/DATA/KSpec/KSPEC_ICS/GFA/Simul/kspec_gfa_controller/src/img/procimg
2025-08-11 09:11:23,298 [DEBUG] Final astro dir: /media/shyunc/DATA/KSpec/KSPEC_ICS/GFA/Simul/kspec_gfa_controller/src/img/astroimg/
2025-08-11 09:11:23,298 [DEBUG] Cutout dir: /media/shyunc/DATA/KSpec/KSPEC_ICS/GFA/Simul/kspec_gfa_controller/src/img/cutout
2025-08-11 09:11:23,298 [INFO] GFAGuider setup complete.
2025-08-11 09:11:23,298 [INFO] Initialized GFAEnvironment with role 'finder' and cameras [7]
2025-08-11 09:13:17,057 [INFO] Starting guiding sequence...
2025-08-11 09:13:17,057 [INFO] Grabbing raw image...
2025-08-11 09:13:22,059 [INFO] Running astrometry preprocessing...
2025-08-11 09:13:22,059 [INFO] Executing guider offset calculation...
2025-08-11 09:13:22,060 [INFO] Clearing temp astrometry data...
2025-08-11 09:13:22,061 [INFO] Deleting raw and processed files.
2025-08-11 09:13:22,062 [INFO] Deleted 0 files in directory: /media/shyunc/DATA/KSpec/KSPEC_ICS/GFA/Simul/kspec_gfa_controller/src/img/raw
2025-08-11 09:13:22,063 [INFO] Deleted 0 files in directory: /media/shyunc/DATA/KSpec/KSPEC_ICS/GFA/Simul/kspec_gfa_controller/src/img/procimg
2025-08-11 09:13:22,063 [INFO] Deleted 0 raw files and 0 processed files.
2025-08-11 09:13:52,067 [INFO] Starting guiding sequence...
2025-08-11 09:13:52,069 [INFO] Grabbing raw image...
2025-08-11 09:13:57,070 [INFO] Running astrometry preprocessing...
2025-08-11 09:13:57,071 [INFO] Executing guider offset calculation...
2025-08-11 09:13:57,072 [INFO] Clearing temp astrometry data...
2025-08-11 09:13:57,073 [INFO] Deleting raw and processed files.
2025-08-11 09:13:57,074 [INFO] Deleted 0 files in directory: /media/shyunc/DATA/KSpec/KSPEC_ICS/GFA/Simul/kspec_gfa_controller/src/img/raw
2025-08-11 09:13:57,075 [INFO] Deleted 0 files in directory: /media/shyunc/DATA/KSpec/KSPEC_ICS/GFA/Simul/kspec_gfa_controller/src/img/procimg
2025-08-11 09:13:57,075 [INFO] Deleted 0 raw files and 0 processed files.
2025-08-11 09:14:27,078 [INFO] Starting guiding sequence...
2025-08-11 09:14:27,081 [INFO] Grabbing raw image...
2025-08-11 09:14:32,082 [INFO] Running astrometry preprocessing...
2025-08-11 09:14:32,083 [INFO] Executing guider offset calculation...
2025-08-11 09:14:32,084 [INFO] Clearing temp astrometry data...
2025-08-11 09:14:32,085 [INFO] Deleting raw and processed files.
2025-08-11 09:14:32,086 [INFO] Deleted 0 files in directory: /media/shyunc/DATA/KSpec/KSPEC_ICS/GFA/Simul/kspec_gfa_controller/src/img/raw
2025-08-11 09:14:32,087 [INFO] Deleted 0 files in directory: /media/shyunc/DATA/KSpec/KSPEC_ICS/GFA/Simul/kspec_gfa_controller/src/img/procimg
2025-08-11 09:14:32,087 [INFO] Deleted 0 raw files and 0 processed files.
2025-08-11 09:15:02,091 [INFO] Starting guiding sequence...
2025-08-11 09:15:02,092 [INFO] Grabbing raw image...
2025-08-11 09:15:07,094 [INFO] Running astrometry preprocessing...
2025-08-11 09:15:07,095 [INFO] Executing guider offset calculation...
2025-08-11 09:15:07,096 [INFO] Clearing temp astrometry data...
2025-08-11 09:15:07,097 [INFO] Deleting raw and processed files.
2025-08-11 09:15:07,098 [INFO] Deleted 0 files in directory: /media/shyunc/DATA/KSpec/KSPEC_ICS/GFA/Simul/kspec_gfa_controller/src/img/raw
2025-08-11 09:15:07,098 [INFO] Deleted 0 files in directory: /media/shyunc/DATA/KSpec/KSPEC_ICS/GFA/Simul/kspec_gfa_controller/src/img/procimg
2025-08-11 09:15:07,099 [INFO] Deleted 0 raw files and 0 processed files.
2025-08-11 09:34:20,728 [INFO] Starting guiding sequence...
2025-08-11 09:34:20,730 [INFO] Grabbing raw image...
2025-08-11 09:34:25,731 [INFO] Running astrometry preprocessing...
2025-08-11 09:34:25,732 [INFO] Executing guider offset calculation...
2025-08-11 09:34:25,732 [INFO] Clearing temp astrometry data...
2025-08-11 09:34:25,733 [INFO] Deleting raw and processed files.
2025-08-11 09:34:25,735 [INFO] Deleted 0 files in directory: /media/shyunc/DATA/KSpec/KSPEC_ICS/GFA/Simul/kspec_gfa_controller/src/img/raw
2025-08-11 09:34:25,736 [INFO] Deleted 0 files in directory: /media/shyunc/DATA/KSpec/KSPEC_ICS/GFA/Simul/kspec_gfa_controller/src/img/procimg
2025-08-11 09:34:25,736 [INFO] Deleted 0 raw files and 0 processed files.
2025-08-11 09:34:55,740 [INFO] Starting guiding sequence...
2025-08-11 09:34:55,742 [INFO] Grabbing raw image...
2025-08-11 09:35:00,744 [INFO] Running astrometry preprocessing...
2025-08-11 09:35:00,744 [INFO] Executing guider offset calculation...
2025-08-11 09:35:00,745 [INFO] Clearing temp astrometry data...
2025-08-11 09:35:00,746 [INFO] Deleting raw and processed files.
2025-08-11 09:35:00,747 [INFO] Deleted 0 files in directory: /media/shyunc/DATA/KSpec/KSPEC_ICS/GFA/Simul/kspec_gfa_controller/src/img/raw
2025-08-11 09:35:00,748 [INFO] Deleted 0 files in directory: /media/shyunc/DATA/KSpec/KSPEC_ICS/GFA/Simul/kspec_gfa_controller/src/img/procimg
2025-08-11 09:35:00,748 [INFO] Deleted 0 raw files and 0 processed files.
2025-08-11 09:35:30,752 [INFO] Starting guiding sequence...
2025-08-11 09:35:30,754 [INFO] Grabbing raw image...
2025-08-11 09:35:35,755 [INFO] Running astrometry preprocessing...
2025-08-11 09:35:35,756 [INFO] Executing guider offset calculation...
2025-08-11 09:35:35,757 [INFO] Clearing temp astrometry data...
2025-08-11 09:35:35,757 [INFO] Deleting raw and processed files.
2025-08-11 09:35:35,759 [INFO] Deleted 0 files in directory: /media/shyunc/DATA/KSpec/KSPEC_ICS/GFA/Simul/kspec_gfa_controller/src/img/raw
2025-08-11 09:35:35,759 [INFO] Deleted 0 files in directory: /media/shyunc/DATA/KSpec/KSPEC_ICS/GFA/Simul/kspec_gfa_controller/src/img/procimg
2025-08-11 09:35:35,760 [INFO] Deleted 0 raw files and 0 processed files.
2025-08-11 09:36:05,764 [INFO] Starting guiding sequence...
2025-08-11 09:36:05,765 [INFO] Grabbing raw image...
2025-08-11 09:36:10,767 [INFO] Running astrometry preprocessing...
2025-08-11 09:36:10,768 [INFO] Executing guider offset calculation...
2025-08-11 09:36:10,768 [INFO] Clearing temp astrometry data...
2025-08-11 09:36:10,769 [INFO] Deleting raw and processed files.
2025-08-11 09:36:10,770 [INFO] Deleted 0 files in directory: /media/shyunc/DATA/KSpec/KSPEC_ICS/GFA/Simul/kspec_gfa_controller/src/img/raw
2025-08-11 09:36:10,771 [INFO] Deleted 0 files in directory: /media/shyunc/DATA/KSpec/KSPEC_ICS/GFA/Simul/kspec_gfa_controller/src/img/procimg
2025-08-11 09:36:10,771 [INFO] Deleted 0 raw files and 0 processed files.
2025-08-11 09:36:40,775 [INFO] Starting guiding sequence...
2025-08-11 09:36:40,777 [INFO] Grabbing raw image...
2025-08-11 09:36:45,779 [INFO] Running astrometry preprocessing...
2025-08-11 09:36:45,780 [INFO] Executing guider offset calculation...
2025-08-11 09:36:45,781 [INFO] Clearing temp astrometry data...
2025-08-11 09:36:45,782 [INFO] Deleting raw and processed files.
2025-08-11 09:36:45,783 [INFO] Deleted 0 files in directory: /media/shyunc/DATA/KSpec/KSPEC_ICS/GFA/Simul/kspec_gfa_controller/src/img/raw
2025-08-11 09:36:45,784 [INFO] Deleted 0 files in directory: /media/shyunc/DATA/KSpec/KSPEC_ICS/GFA/Simul/kspec_gfa_controller/src/img/procimg
2025-08-11 09:36:45,784 [INFO] Deleted 0 raw files and 0 processed files.
2025-08-11 09:57:04,175 [INFO] Starting guiding sequence...
2025-08-11 09:57:04,176 [INFO] Grabbing raw image...
2025-08-11 09:57:09,178 [INFO] Running astrometry preprocessing...
2025-08-11 09:57:09,178 [INFO] Executing guider offset calculation...
2025-08-11 09:57:09,179 [INFO] Clearing temp astrometry data...
2025-08-11 09:57:09,179 [INFO] Deleting raw and processed files.
2025-08-11 09:57:09,180 [INFO] Deleted 0 files in directory: /media/shyunc/DATA/KSpec/KSPEC_ICS/GFA/Simul/kspec_gfa_controller/src/img/raw
2025-08-11 09:57:09,181 [INFO] Deleted 0 files in directory: /media/shyunc/DATA/KSpec/KSPEC_ICS/GFA/Simul/kspec_gfa_controller/src/img/procimg
2025-08-11 09:57:09,181 [INFO] Deleted 0 raw files and 0 processed files.
2025-08-11 09:57:39,185 [INFO] Starting guiding sequence...
2025-08-11 09:57:39,187 [INFO] Grabbing raw image...
2025-08-11 09:57:44,189 [INFO] Running astrometry preprocessing...
2025-08-11 09:57:44,189 [INFO] Executing guider offset calculation...
2025-08-11 09:57:44,190 [INFO] Clearing temp astrometry data...
2025-08-11 09:57:44,191 [INFO] Deleting raw and processed files.
2025-08-11 09:57:44,192 [INFO] Deleted 0 files in directory: /media/shyunc/DATA/KSpec/KSPEC_ICS/GFA/Simul/kspec_gfa_controller/src/img/raw
2025-08-11 09:57:44,193 [INFO] Deleted 0 files in directory: /media/shyunc/DATA/KSpec/KSPEC_ICS/GFA/Simul/kspec_gfa_controller/src/img/procimg
2025-08-11 09:57:44,193 [INFO] Deleted 0 raw files and 0 processed files.
2025-08-11 09:58:14,197 [INFO] Starting guiding sequence...
2025-08-11 09:58:14,199 [INFO] Grabbing raw image...
2025-08-11 09:58:19,200 [INFO] Running astrometry preprocessing...
2025-08-11 09:58:19,201 [INFO] Executing guider offset calculation...
2025-08-11 09:58:19,202 [INFO] Clearing temp astrometry data...
2025-08-11 09:58:19,203 [INFO] Deleting raw and processed files.
2025-08-11 09:58:19,204 [INFO] Deleted 0 files in directory: /media/shyunc/DATA/KSpec/KSPEC_ICS/GFA/Simul/kspec_gfa_controller/src/img/raw
2025-08-11 09:58:19,205 [INFO] Deleted 0 files in directory: /media/shyunc/DATA/KSpec/KSPEC_ICS/GFA/Simul/kspec_gfa_controller/src/img/procimg
2025-08-11 09:58:19,205 [INFO] Deleted 0 raw files and 0 processed files.
2025-08-11 09:58:49,208 [INFO] Starting guiding sequence...
2025-08-11 09:58:49,210 [INFO] Grabbing raw image...
2025-08-11 09:58:54,212 [INFO] Running astrometry preprocessing...
2025-08-11 09:58:54,212 [INFO] Executing guider offset calculation...
2025-08-11 09:58:54,213 [INFO] Clearing temp astrometry data...
2025-08-11 09:58:54,214 [INFO] Deleting raw and processed files.
2025-08-11 09:58:54,215 [INFO] Deleted 0 files in directory: /media/shyunc/DATA/KSpec/KSPEC_ICS/GFA/Simul/kspec_gfa_controller/src/img/raw
2025-08-11 09:58:54,216 [INFO] Deleted 0 files in directory: /media/shyunc/DATA/KSpec/KSPEC_ICS/GFA/Simul/kspec_gfa_controller/src/img/procimg
2025-08-11 09:58:54,216 [INFO] Deleted 0 raw files and 0 processed files.
2025-08-11 09:59:24,219 [INFO] Starting guiding sequence...
2025-08-11 09:59:24,222 [INFO] Grabbing raw image...
2025-08-11 09:59:29,224 [INFO] Running astrometry preprocessing...
2025-08-11 09:59:29,224 [INFO] Executing guider offset calculation...
2025-08-11 09:59:29,225 [INFO] Clearing temp astrometry data...
2025-08-11 09:59:29,226 [INFO] Deleting raw and processed files.
2025-08-11 09:59:29,227 [INFO] Deleted 0 files in directory: /media/shyunc/DATA/KSpec/KSPEC_ICS/GFA/Simul/kspec_gfa_controller/src/img/raw
2025-08-11 09:59:29,228 [INFO] Deleted 0 files in directory: /media/shyunc/DATA/KSpec/KSPEC_ICS/GFA/Simul/kspec_gfa_controller/src/img/procimg
2025-08-11 09:59:29,228 [INFO] Deleted 0 raw files and 0 processed files.
2025-08-11 10:14:22,209 [INFO] Starting guiding sequence...
2025-08-11 10:14:22,211 [INFO] Grabbing raw image...
2025-08-11 10:14:27,212 [INFO] Running astrometry preprocessing...
2025-08-11 10:14:27,212 [INFO] Executing guider offset calculation...
2025-08-11 10:14:27,213 [INFO] Clearing temp astrometry data...
2025-08-11 10:14:27,213 [INFO] Deleting raw and processed files.
2025-08-11 10:14:27,213 [INFO] Deleted 0 files in directory: /media/shyunc/DATA/KSpec/KSPEC_ICS/GFA/Simul/kspec_gfa_controller/src/img/raw
2025-08-11 10:14:27,213 [INFO] Deleted 0 files in directory: /media/shyunc/DATA/KSpec/KSPEC_ICS/GFA/Simul/kspec_gfa_controller/src/img/procimg
2025-08-11 10:14:27,213 [INFO] Deleted 0 raw files and 0 processed files.
2025-08-11 10:14:57,215 [INFO] Starting guiding sequence...
2025-08-11 10:14:57,217 [INFO] Grabbing raw image...
2025-08-11 10:15:02,218 [INFO] Running astrometry preprocessing...
2025-08-11 10:15:02,219 [INFO] Executing guider offset calculation...
2025-08-11 10:15:02,220 [INFO] Clearing temp astrometry data...
2025-08-11 10:15:02,220 [INFO] Deleting raw and processed files.
2025-08-11 10:15:02,222 [INFO] Deleted 0 files in directory: /media/shyunc/DATA/KSpec/KSPEC_ICS/GFA/Simul/kspec_gfa_controller/src/img/raw
2025-08-11 10:15:02,222 [INFO] Deleted 0 files in directory: /media/shyunc/DATA/KSpec/KSPEC_ICS/GFA/Simul/kspec_gfa_controller/src/img/procimg
2025-08-11 10:15:02,223 [INFO] Deleted 0 raw files and 0 processed files.
2025-08-11 10:15:32,226 [INFO] Starting guiding sequence...
2025-08-11 10:15:32,228 [INFO] Grabbing raw image...
2025-08-11 10:15:37,229 [INFO] Running astrometry preprocessing...
2025-08-11 10:15:37,230 [INFO] Executing guider offset calculation...
2025-08-11 10:15:37,230 [INFO] Clearing temp astrometry data...
2025-08-11 10:15:37,231 [INFO] Deleting raw and processed files.
2025-08-11 10:15:37,233 [INFO] Deleted 0 files in directory: /media/shyunc/DATA/KSpec/KSPEC_ICS/GFA/Simul/kspec_gfa_controller/src/img/raw
2025-08-11 10:15:37,233 [INFO] Deleted 0 files in directory: /media/shyunc/DATA/KSpec/KSPEC_ICS/GFA/Simul/kspec_gfa_controller/src/img/procimg
2025-08-11 10:15:37,234 [INFO] Deleted 0 raw files and 0 processed files.
2025-08-11 10:16:07,238 [INFO] Starting guiding sequence...
2025-08-11 10:16:07,240 [INFO] Grabbing raw image...
2025-08-11 10:16:12,242 [INFO] Running astrometry preprocessing...
2025-08-11 10:16:12,243 [INFO] Executing guider offset calculation...
2025-08-11 10:16:12,243 [INFO] Clearing temp astrometry data...
2025-08-11 10:16:12,244 [INFO] Deleting raw and processed files.
2025-08-11 10:16:12,246 [INFO] Deleted 0 files in directory: /media/shyunc/DATA/KSpec/KSPEC_ICS/GFA/Simul/kspec_gfa_controller/src/img/raw
2025-08-11 10:16:12,246 [INFO] Deleted 0 files in directory: /media/shyunc/DATA/KSpec/KSPEC_ICS/GFA/Simul/kspec_gfa_controller/src/img/procimg
2025-08-11 10:16:12,247 [INFO] Deleted 0 raw files and 0 processed files.
2025-08-11 10:16:42,251 [INFO] Starting guiding sequence...
2025-08-11 10:16:42,253 [INFO] Grabbing raw image...
2025-08-11 10:16:47,255 [INFO] Running astrometry preprocessing...
2025-08-11 10:16:47,256 [INFO] Executing guider offset calculation...
2025-08-11 10:16:47,257 [INFO] Clearing temp astrometry data...
2025-08-11 10:16:47,258 [INFO] Deleting raw and processed files.
2025-08-11 10:16:47,259 [INFO] Deleted 0 files in directory: /media/shyunc/DATA/KSpec/KSPEC_ICS/GFA/Simul/kspec_gfa_controller/src/img/raw
2025-08-11 10:16:47,260 [INFO] Deleted 0 files in directory: /media/shyunc/DATA/KSpec/KSPEC_ICS/GFA/Simul/kspec_gfa_controller/src/img/procimg
2025-08-11 10:16:47,260 [INFO] Deleted 0 raw files and 0 processed files.
2025-08-11 10:23:04,063 [INFO] Starting guiding sequence...
2025-08-11 10:23:04,065 [INFO] Grabbing raw image...
2025-08-11 10:23:09,067 [INFO] Running astrometry preprocessing...
2025-08-11 10:23:09,067 [INFO] Executing guider offset calculation...
2025-08-11 10:23:09,068 [INFO] Clearing temp astrometry data...
2025-08-11 10:23:09,068 [INFO] Deleting raw and processed files.
2025-08-11 10:23:09,069 [INFO] Deleted 0 files in directory: /media/shyunc/DATA/KSpec/KSPEC_ICS/GFA/Simul/kspec_gfa_controller/src/img/raw
2025-08-11 10:23:09,069 [INFO] Deleted 0 files in directory: /media/shyunc/DATA/KSpec/KSPEC_ICS/GFA/Simul/kspec_gfa_controller/src/img/procimg
2025-08-11 10:23:09,069 [INFO] Deleted 0 raw files and 0 processed files.
2025-08-11 10:23:39,070 [INFO] Starting guiding sequence...
2025-08-11 10:23:39,071 [INFO] Grabbing raw image...
2025-08-11 10:23:44,072 [INFO] Running astrometry preprocessing...
2025-08-11 10:23:44,073 [INFO] Executing guider offset calculation...
2025-08-11 10:23:44,073 [INFO] Clearing temp astrometry data...
2025-08-11 10:23:44,074 [INFO] Deleting raw and processed files.
2025-08-11 10:23:44,075 [INFO] Deleted 0 files in directory: /media/shyunc/DATA/KSpec/KSPEC_ICS/GFA/Simul/kspec_gfa_controller/src/img/raw
2025-08-11 10:23:44,076 [INFO] Deleted 0 files in directory: /media/shyunc/DATA/KSpec/KSPEC_ICS/GFA/Simul/kspec_gfa_controller/src/img/procimg
2025-08-11 10:23:44,076 [INFO] Deleted 0 raw files and 0 processed files.
2025-08-11 10:24:14,080 [INFO] Starting guiding sequence...
2025-08-11 10:24:14,081 [INFO] Grabbing raw image...
2025-08-11 10:24:19,082 [INFO] Running astrometry preprocessing...
2025-08-11 10:24:19,083 [INFO] Executing guider offset calculation...
2025-08-11 10:24:19,083 [INFO] Clearing temp astrometry data...
2025-08-11 10:24:19,083 [INFO] Deleting raw and processed files.
2025-08-11 10:24:19,084 [INFO] Deleted 0 files in directory: /media/shyunc/DATA/KSpec/KSPEC_ICS/GFA/Simul/kspec_gfa_controller/src/img/raw
2025-08-11 10:24:19,085 [INFO] Deleted 0 files in directory: /media/shyunc/DATA/KSpec/KSPEC_ICS/GFA/Simul/kspec_gfa_controller/src/img/procimg
2025-08-11 10:24:19,085 [INFO] Deleted 0 raw files and 0 processed files.
2025-08-11 10:24:49,089 [INFO] Starting guiding sequence...
2025-08-11 10:24:49,091 [INFO] Grabbing raw image...
2025-08-11 10:24:54,093 [INFO] Running astrometry preprocessing...
2025-08-11 10:24:54,094 [INFO] Executing guider offset calculation...
2025-08-11 10:24:54,094 [INFO] Clearing temp astrometry data...
2025-08-11 10:24:54,095 [INFO] Deleting raw and processed files.
2025-08-11 10:24:54,096 [INFO] Deleted 0 files in directory: /media/shyunc/DATA/KSpec/KSPEC_ICS/GFA/Simul/kspec_gfa_controller/src/img/raw
2025-08-11 10:24:54,097 [INFO] Deleted 0 files in directory: /media/shyunc/DATA/KSpec/KSPEC_ICS/GFA/Simul/kspec_gfa_controller/src/img/procimg
2025-08-11 10:24:54,097 [INFO] Deleted 0 raw files and 0 processed files.
2025-08-11 11:01:01,673 [INFO] Starting guiding sequence...
2025-08-11 11:01:01,675 [INFO] Grabbing raw image...
2025-08-11 11:01:06,677 [INFO] Running astrometry preprocessing...
2025-08-11 11:01:06,678 [INFO] Executing guider offset calculation...
2025-08-11 11:01:06,678 [INFO] Clearing temp astrometry data...
2025-08-11 11:01:06,679 [INFO] Deleting raw and processed files.
2025-08-11 11:01:06,680 [INFO] Deleted 0 files in directory: /media/shyunc/DATA/KSpec/KSPEC_ICS/GFA/Simul/kspec_gfa_controller/src/img/raw
2025-08-11 11:01:06,681 [INFO] Deleted 0 files in directory: /media/shyunc/DATA/KSpec/KSPEC_ICS/GFA/Simul/kspec_gfa_controller/src/img/procimg
2025-08-11 11:01:06,681 [INFO] Deleted 0 raw files and 0 processed files.
2025-08-11 11:01:36,686 [INFO] Starting guiding sequence...
2025-08-11 11:01:36,688 [INFO] Grabbing raw image...
2025-08-11 11:01:41,692 [INFO] Running astrometry preprocessing...
2025-08-11 11:01:41,692 [INFO] Executing guider offset calculation...
2025-08-11 11:01:41,693 [INFO] Clearing temp astrometry data...
2025-08-11 11:01:41,694 [INFO] Deleting raw and processed files.
2025-08-11 11:01:41,695 [INFO] Deleted 0 files in directory: /media/shyunc/DATA/KSpec/KSPEC_ICS/GFA/Simul/kspec_gfa_controller/src/img/raw
2025-08-11 11:01:41,696 [INFO] Deleted 0 files in directory: /media/shyunc/DATA/KSpec/KSPEC_ICS/GFA/Simul/kspec_gfa_controller/src/img/procimg
2025-08-11 11:01:41,696 [INFO] Deleted 0 raw files and 0 processed files.
2025-08-11 11:02:11,701 [INFO] Starting guiding sequence...
2025-08-11 11:02:11,703 [INFO] Grabbing raw image...
2025-08-11 11:02:16,705 [INFO] Running astrometry preprocessing...
2025-08-11 11:02:16,706 [INFO] Executing guider offset calculation...
2025-08-11 11:02:16,707 [INFO] Clearing temp astrometry data...
2025-08-11 11:02:16,707 [INFO] Deleting raw and processed files.
2025-08-11 11:02:16,709 [INFO] Deleted 0 files in directory: /media/shyunc/DATA/KSpec/KSPEC_ICS/GFA/Simul/kspec_gfa_controller/src/img/raw
2025-08-11 11:02:16,710 [INFO] Deleted 0 files in directory: /media/shyunc/DATA/KSpec/KSPEC_ICS/GFA/Simul/kspec_gfa_controller/src/img/procimg
2025-08-11 11:02:16,710 [INFO] Deleted 0 raw files and 0 processed files.
2025-08-11 11:02:46,715 [INFO] Starting guiding sequence...
2025-08-11 11:02:46,717 [INFO] Grabbing raw image...
2025-08-11 11:02:51,719 [INFO] Running astrometry preprocessing...
2025-08-11 11:02:51,720 [INFO] Executing guider offset calculation...
2025-08-11 11:02:51,721 [INFO] Clearing temp astrometry data...
2025-08-11 11:02:51,722 [INFO] Deleting raw and processed files.
2025-08-11 11:02:51,723 [INFO] Deleted 0 files in directory: /media/shyunc/DATA/KSpec/KSPEC_ICS/GFA/Simul/kspec_gfa_controller/src/img/raw
2025-08-11 11:02:51,724 [INFO] Deleted 0 files in directory: /media/shyunc/DATA/KSpec/KSPEC_ICS/GFA/Simul/kspec_gfa_controller/src/img/procimg
2025-08-11 11:02:51,724 [INFO] Deleted 0 raw files and 0 processed files.
2025-08-11 11:03:21,729 [INFO] Starting guiding sequence...
2025-08-11 11:03:21,731 [INFO] Grabbing raw image...
2025-08-11 11:03:26,733 [INFO] Running astrometry preprocessing...
2025-08-11 11:03:26,734 [INFO] Executing guider offset calculation...
2025-08-11 11:03:26,734 [INFO] Clearing temp astrometry data...
2025-08-11 11:03:26,735 [INFO] Deleting raw and processed files.
2025-08-11 11:03:26,736 [INFO] Deleted 0 files in directory: /media/shyunc/DATA/KSpec/KSPEC_ICS/GFA/Simul/kspec_gfa_controller/src/img/raw
2025-08-11 11:03:26,737 [INFO] Deleted 0 files in directory: /media/shyunc/DATA/KSpec/KSPEC_ICS/GFA/Simul/kspec_gfa_controller/src/img/procimg
2025-08-11 11:03:26,737 [INFO] Deleted 0 raw files and 0 processed files.
2025-08-11 11:06:19,061 [INFO] Starting guiding sequence...
2025-08-11 11:06:19,063 [INFO] Grabbing raw image...
2025-08-11 11:06:24,064 [INFO] Running astrometry preprocessing...
2025-08-11 11:06:24,065 [INFO] Executing guider offset calculation...
2025-08-11 11:06:24,066 [INFO] Clearing temp astrometry data...
2025-08-11 11:06:24,066 [INFO] Deleting raw and processed files.
2025-08-11 11:06:24,068 [INFO] Deleted 0 files in directory: /media/shyunc/DATA/KSpec/KSPEC_ICS/GFA/Simul/kspec_gfa_controller/src/img/raw
2025-08-11 11:06:24,069 [INFO] Deleted 0 files in directory: /media/shyunc/DATA/KSpec/KSPEC_ICS/GFA/Simul/kspec_gfa_controller/src/img/procimg
2025-08-11 11:06:24,069 [INFO] Deleted 0 raw files and 0 processed files.
2025-08-11 11:06:54,073 [INFO] Starting guiding sequence...
2025-08-11 11:06:54,075 [INFO] Grabbing raw image...
2025-08-11 11:06:59,077 [INFO] Running astrometry preprocessing...
2025-08-11 11:06:59,077 [INFO] Executing guider offset calculation...
2025-08-11 11:06:59,077 [INFO] Clearing temp astrometry data...
2025-08-11 11:06:59,077 [INFO] Deleting raw and processed files.
2025-08-11 11:06:59,077 [INFO] Deleted 0 files in directory: /media/shyunc/DATA/KSpec/KSPEC_ICS/GFA/Simul/kspec_gfa_controller/src/img/raw
2025-08-11 11:06:59,077 [INFO] Deleted 0 files in directory: /media/shyunc/DATA/KSpec/KSPEC_ICS/GFA/Simul/kspec_gfa_controller/src/img/procimg
2025-08-11 11:06:59,077 [INFO] Deleted 0 raw files and 0 processed files.
2025-08-11 11:07:29,080 [INFO] Starting guiding sequence...
2025-08-11 11:07:29,082 [INFO] Grabbing raw image...
2025-08-11 11:07:34,085 [INFO] Running astrometry preprocessing...
2025-08-11 11:07:34,086 [INFO] Executing guider offset calculation...
2025-08-11 11:07:34,086 [INFO] Clearing temp astrometry data...
2025-08-11 11:07:34,087 [INFO] Deleting raw and processed files.
2025-08-11 11:07:34,089 [INFO] Deleted 0 files in directory: /media/shyunc/DATA/KSpec/KSPEC_ICS/GFA/Simul/kspec_gfa_controller/src/img/raw
2025-08-11 11:07:34,090 [INFO] Deleted 0 files in directory: /media/shyunc/DATA/KSpec/KSPEC_ICS/GFA/Simul/kspec_gfa_controller/src/img/procimg
2025-08-11 11:07:34,090 [INFO] Deleted 0 raw files and 0 processed files.
2025-08-11 11:08:04,094 [INFO] Starting guiding sequence...
2025-08-11 11:08:04,096 [INFO] Grabbing raw image...
2025-08-11 11:08:09,098 [INFO] Running astrometry preprocessing...
2025-08-11 11:08:09,099 [INFO] Executing guider offset calculation...
2025-08-11 11:08:09,100 [INFO] Clearing temp astrometry data...
2025-08-11 11:08:09,100 [INFO] Deleting raw and processed files.
2025-08-11 11:08:09,101 [INFO] Deleted 0 files in directory: /media/shyunc/DATA/KSpec/KSPEC_ICS/GFA/Simul/kspec_gfa_controller/src/img/raw
2025-08-11 11:08:09,101 [INFO] Deleted 0 files in directory: /media/shyunc/DATA/KSpec/KSPEC_ICS/GFA/Simul/kspec_gfa_controller/src/img/procimg
2025-08-11 11:08:09,102 [INFO] Deleted 0 raw files and 0 processed files.
2025-08-11 11:35:21,346 [INFO] Starting guiding sequence...
2025-08-11 11:35:21,348 [INFO] Grabbing raw image...
2025-08-11 11:35:26,349 [INFO] Running astrometry preprocessing...
2025-08-11 11:35:26,350 [INFO] Executing guider offset calculation...
2025-08-11 11:35:26,350 [INFO] Clearing temp astrometry data...
2025-08-11 11:35:26,351 [INFO] Deleting raw and processed files.
2025-08-11 11:35:26,351 [INFO] Deleted 0 files in directory: /media/shyunc/DATA/KSpec/KSPEC_ICS/GFA/Simul/kspec_gfa_controller/src/img/raw
2025-08-11 11:35:26,352 [INFO] Deleted 0 files in directory: /media/shyunc/DATA/KSpec/KSPEC_ICS/GFA/Simul/kspec_gfa_controller/src/img/procimg
2025-08-11 11:35:26,352 [INFO] Deleted 0 raw files and 0 processed files.
2025-08-11 11:35:56,354 [INFO] Starting guiding sequence...
2025-08-11 11:35:56,356 [INFO] Grabbing raw image...
2025-08-11 11:36:01,358 [INFO] Running astrometry preprocessing...
2025-08-11 11:36:01,358 [INFO] Executing guider offset calculation...
2025-08-11 11:36:01,359 [INFO] Clearing temp astrometry data...
2025-08-11 11:36:01,359 [INFO] Deleting raw and processed files.
2025-08-11 11:36:01,360 [INFO] Deleted 0 files in directory: /media/shyunc/DATA/KSpec/KSPEC_ICS/GFA/Simul/kspec_gfa_controller/src/img/raw
2025-08-11 11:36:01,360 [INFO] Deleted 0 files in directory: /media/shyunc/DATA/KSpec/KSPEC_ICS/GFA/Simul/kspec_gfa_controller/src/img/procimg
2025-08-11 11:36:01,361 [INFO] Deleted 0 raw files and 0 processed files.
2025-08-11 11:36:31,363 [INFO] Starting guiding sequence...
2025-08-11 11:36:31,364 [INFO] Grabbing raw image...
2025-08-11 11:36:36,366 [INFO] Running astrometry preprocessing...
2025-08-11 11:36:36,367 [INFO] Executing guider offset calculation...
2025-08-11 11:36:36,368 [INFO] Clearing temp astrometry data...
2025-08-11 11:36:36,368 [INFO] Deleting raw and processed files.
2025-08-11 11:36:36,369 [INFO] Deleted 0 files in directory: /media/shyunc/DATA/KSpec/KSPEC_ICS/GFA/Simul/kspec_gfa_controller/src/img/raw
2025-08-11 11:36:36,370 [INFO] Deleted 0 files in directory: /media/shyunc/DATA/KSpec/KSPEC_ICS/GFA/Simul/kspec_gfa_controller/src/img/procimg
2025-08-11 11:36:36,370 [INFO] Deleted 0 raw files and 0 processed files.
2025-08-11 11:37:06,374 [INFO] Starting guiding sequence...
2025-08-11 11:37:06,376 [INFO] Grabbing raw image...
2025-08-11 11:37:11,379 [INFO] Running astrometry preprocessing...
2025-08-11 11:37:11,379 [INFO] Executing guider offset calculation...
2025-08-11 11:37:11,380 [INFO] Clearing temp astrometry data...
2025-08-11 11:37:11,381 [INFO] Deleting raw and processed files.
2025-08-11 11:37:11,382 [INFO] Deleted 0 files in directory: /media/shyunc/DATA/KSpec/KSPEC_ICS/GFA/Simul/kspec_gfa_controller/src/img/raw
2025-08-11 11:37:11,383 [INFO] Deleted 0 files in directory: /media/shyunc/DATA/KSpec/KSPEC_ICS/GFA/Simul/kspec_gfa_controller/src/img/procimg
2025-08-11 11:37:11,383 [INFO] Deleted 0 raw files and 0 processed files.
2025-08-11 11:37:41,387 [INFO] Starting guiding sequence...
2025-08-11 11:37:41,389 [INFO] Grabbing raw image...
2025-08-11 11:37:46,392 [INFO] Running astrometry preprocessing...
2025-08-11 11:37:46,392 [INFO] Executing guider offset calculation...
2025-08-11 11:37:46,393 [INFO] Clearing temp astrometry data...
2025-08-11 11:37:46,394 [INFO] Deleting raw and processed files.
2025-08-11 11:37:46,395 [INFO] Deleted 0 files in directory: /media/shyunc/DATA/KSpec/KSPEC_ICS/GFA/Simul/kspec_gfa_controller/src/img/raw
2025-08-11 11:37:46,396 [INFO] Deleted 0 files in directory: /media/shyunc/DATA/KSpec/KSPEC_ICS/GFA/Simul/kspec_gfa_controller/src/img/procimg
2025-08-11 11:37:46,396 [INFO] Deleted 0 raw files and 0 processed files.
2025-08-11 11:44:37,060 [INFO] Starting guiding sequence...
2025-08-11 11:44:37,060 [INFO] Grabbing raw image...
2025-08-11 11:44:42,061 [INFO] Running astrometry preprocessing...
2025-08-11 11:44:42,062 [INFO] Executing guider offset calculation...
2025-08-11 11:44:42,062 [INFO] Clearing temp astrometry data...
2025-08-11 11:44:42,062 [INFO] Deleting raw and processed files.
2025-08-11 11:44:42,063 [INFO] Deleted 0 files in directory: /media/shyunc/DATA/KSpec/KSPEC_ICS/GFA/Simul/kspec_gfa_controller/src/img/raw
2025-08-11 11:44:42,064 [INFO] Deleted 0 files in directory: /media/shyunc/DATA/KSpec/KSPEC_ICS/GFA/Simul/kspec_gfa_controller/src/img/procimg
2025-08-11 11:44:42,064 [INFO] Deleted 0 raw files and 0 processed files.
2025-08-11 11:45:12,067 [INFO] Starting guiding sequence...
2025-08-11 11:45:12,068 [INFO] Grabbing raw image...
2025-08-11 11:45:17,070 [INFO] Running astrometry preprocessing...
2025-08-11 11:45:17,070 [INFO] Executing guider offset calculation...
2025-08-11 11:45:17,070 [INFO] Clearing temp astrometry data...
2025-08-11 11:45:17,071 [INFO] Deleting raw and processed files.
2025-08-11 11:45:17,072 [INFO] Deleted 0 files in directory: /media/shyunc/DATA/KSpec/KSPEC_ICS/GFA/Simul/kspec_gfa_controller/src/img/raw
2025-08-11 11:45:17,072 [INFO] Deleted 0 files in directory: /media/shyunc/DATA/KSpec/KSPEC_ICS/GFA/Simul/kspec_gfa_controller/src/img/procimg
2025-08-11 11:45:17,072 [INFO] Deleted 0 raw files and 0 processed files.
2025-08-11 11:45:47,077 [INFO] Starting guiding sequence...
2025-08-11 11:45:47,079 [INFO] Grabbing raw image...
2025-08-11 11:45:52,082 [INFO] Running astrometry preprocessing...
2025-08-11 11:45:52,082 [INFO] Executing guider offset calculation...
2025-08-11 11:45:52,083 [INFO] Clearing temp astrometry data...
2025-08-11 11:45:52,084 [INFO] Deleting raw and processed files.
2025-08-11 11:45:52,085 [INFO] Deleted 0 files in directory: /media/shyunc/DATA/KSpec/KSPEC_ICS/GFA/Simul/kspec_gfa_controller/src/img/raw
2025-08-11 11:45:52,086 [INFO] Deleted 0 files in directory: /media/shyunc/DATA/KSpec/KSPEC_ICS/GFA/Simul/kspec_gfa_controller/src/img/procimg
2025-08-11 11:45:52,086 [INFO] Deleted 0 raw files and 0 processed files.
2025-08-11 11:49:04,060 [INFO] Starting guiding sequence...
2025-08-11 11:49:04,060 [INFO] Grabbing raw image...
2025-08-11 11:49:09,063 [INFO] Running astrometry preprocessing...
2025-08-11 11:49:09,064 [INFO] Executing guider offset calculation...
2025-08-11 11:49:09,064 [INFO] Clearing temp astrometry data...
2025-08-11 11:49:09,065 [INFO] Deleting raw and processed files.
2025-08-11 11:49:09,066 [INFO] Deleted 0 files in directory: /media/shyunc/DATA/KSpec/KSPEC_ICS/GFA/Simul/kspec_gfa_controller/src/img/raw
2025-08-11 11:49:09,066 [INFO] Deleted 0 files in directory: /media/shyunc/DATA/KSpec/KSPEC_ICS/GFA/Simul/kspec_gfa_controller/src/img/procimg
2025-08-11 11:49:09,066 [INFO] Deleted 0 raw files and 0 processed files.
2025-08-11 11:49:39,070 [INFO] Starting guiding sequence...
2025-08-11 11:49:39,072 [INFO] Grabbing raw image...
2025-08-11 11:49:44,074 [INFO] Running astrometry preprocessing...
2025-08-11 11:49:44,074 [INFO] Executing guider offset calculation...
2025-08-11 11:49:44,075 [INFO] Clearing temp astrometry data...
2025-08-11 11:49:44,076 [INFO] Deleting raw and processed files.
2025-08-11 11:49:44,077 [INFO] Deleted 0 files in directory: /media/shyunc/DATA/KSpec/KSPEC_ICS/GFA/Simul/kspec_gfa_controller/src/img/raw
2025-08-11 11:49:44,078 [INFO] Deleted 0 files in directory: /media/shyunc/DATA/KSpec/KSPEC_ICS/GFA/Simul/kspec_gfa_controller/src/img/procimg
2025-08-11 11:49:44,078 [INFO] Deleted 0 raw files and 0 processed files.
2025-08-11 11:50:14,082 [INFO] Starting guiding sequence...
2025-08-11 11:50:14,084 [INFO] Grabbing raw image...
2025-08-11 11:50:19,086 [INFO] Running astrometry preprocessing...
2025-08-11 11:50:19,087 [INFO] Executing guider offset calculation...
2025-08-11 11:50:19,087 [INFO] Clearing temp astrometry data...
2025-08-11 11:50:19,088 [INFO] Deleting raw and processed files.
2025-08-11 11:50:19,089 [INFO] Deleted 0 files in directory: /media/shyunc/DATA/KSpec/KSPEC_ICS/GFA/Simul/kspec_gfa_controller/src/img/raw
2025-08-11 11:50:19,090 [INFO] Deleted 0 files in directory: /media/shyunc/DATA/KSpec/KSPEC_ICS/GFA/Simul/kspec_gfa_controller/src/img/procimg
2025-08-11 11:50:19,090 [INFO] Deleted 0 raw files and 0 processed files.
2025-08-11 11:50:49,095 [INFO] Starting guiding sequence...
2025-08-11 11:50:49,097 [INFO] Grabbing raw image...
2025-08-11 11:50:54,099 [INFO] Running astrometry preprocessing...
2025-08-11 11:50:54,100 [INFO] Executing guider offset calculation...
2025-08-11 11:50:54,100 [INFO] Clearing temp astrometry data...
2025-08-11 11:50:54,101 [INFO] Deleting raw and processed files.
2025-08-11 11:50:54,103 [INFO] Deleted 0 files in directory: /media/shyunc/DATA/KSpec/KSPEC_ICS/GFA/Simul/kspec_gfa_controller/src/img/raw
2025-08-11 11:50:54,104 [INFO] Deleted 0 files in directory: /media/shyunc/DATA/KSpec/KSPEC_ICS/GFA/Simul/kspec_gfa_controller/src/img/procimg
2025-08-11 11:50:54,104 [INFO] Deleted 0 raw files and 0 processed files.
2025-08-11 11:51:24,107 [INFO] Starting guiding sequence...
2025-08-11 11:51:24,108 [INFO] Grabbing raw image...
2025-08-11 11:51:29,109 [INFO] Running astrometry preprocessing...
2025-08-11 11:51:29,109 [INFO] Executing guider offset calculation...
2025-08-11 11:51:29,110 [INFO] Clearing temp astrometry data...
2025-08-11 11:51:29,110 [INFO] Deleting raw and processed files.
2025-08-11 11:51:29,110 [INFO] Deleted 0 files in directory: /media/shyunc/DATA/KSpec/KSPEC_ICS/GFA/Simul/kspec_gfa_controller/src/img/raw
2025-08-11 11:51:29,110 [INFO] Deleted 0 files in directory: /media/shyunc/DATA/KSpec/KSPEC_ICS/GFA/Simul/kspec_gfa_controller/src/img/procimg
2025-08-11 11:51:29,110 [INFO] Deleted 0 raw files and 0 processed files.
2025-08-11 14:10:58,851 [INFO] Starting guiding sequence...
2025-08-11 14:10:58,851 [INFO] Grabbing raw image...
2025-08-11 14:11:03,853 [INFO] Running astrometry preprocessing...
2025-08-11 14:11:03,853 [INFO] Executing guider offset calculation...
2025-08-11 14:11:03,854 [INFO] Clearing temp astrometry data...
2025-08-11 14:11:03,854 [INFO] Deleting raw and processed files.
2025-08-11 14:11:03,856 [INFO] Deleted 0 files in directory: /media/shyunc/DATA/KSpec/KSPEC_ICS/GFA/Simul/kspec_gfa_controller/src/img/raw
2025-08-11 14:11:03,857 [INFO] Deleted 0 files in directory: /media/shyunc/DATA/KSpec/KSPEC_ICS/GFA/Simul/kspec_gfa_controller/src/img/procimg
2025-08-11 14:11:03,857 [INFO] Deleted 0 raw files and 0 processed files.
2025-08-11 14:11:33,860 [INFO] Starting guiding sequence...
2025-08-11 14:11:33,862 [INFO] Grabbing raw image...
2025-08-11 14:11:38,863 [INFO] Running astrometry preprocessing...
2025-08-11 14:11:38,864 [INFO] Executing guider offset calculation...
2025-08-11 14:11:38,864 [INFO] Clearing temp astrometry data...
2025-08-11 14:11:38,865 [INFO] Deleting raw and processed files.
2025-08-11 14:11:38,866 [INFO] Deleted 0 files in directory: /media/shyunc/DATA/KSpec/KSPEC_ICS/GFA/Simul/kspec_gfa_controller/src/img/raw
2025-08-11 14:11:38,867 [INFO] Deleted 0 files in directory: /media/shyunc/DATA/KSpec/KSPEC_ICS/GFA/Simul/kspec_gfa_controller/src/img/procimg
2025-08-11 14:11:38,867 [INFO] Deleted 0 raw files and 0 processed files.
2025-08-11 14:12:08,871 [INFO] Starting guiding sequence...
2025-08-11 14:12:08,872 [INFO] Grabbing raw image...
2025-08-11 14:12:13,874 [INFO] Running astrometry preprocessing...
2025-08-11 14:12:13,875 [INFO] Executing guider offset calculation...
2025-08-11 14:12:13,875 [INFO] Clearing temp astrometry data...
2025-08-11 14:12:13,876 [INFO] Deleting raw and processed files.
2025-08-11 14:12:13,878 [INFO] Deleted 0 files in directory: /media/shyunc/DATA/KSpec/KSPEC_ICS/GFA/Simul/kspec_gfa_controller/src/img/raw
2025-08-11 14:12:13,878 [INFO] Deleted 0 files in directory: /media/shyunc/DATA/KSpec/KSPEC_ICS/GFA/Simul/kspec_gfa_controller/src/img/procimg
2025-08-11 14:12:13,879 [INFO] Deleted 0 raw files and 0 processed files.
2025-08-11 14:12:43,882 [INFO] Starting guiding sequence...
2025-08-11 14:12:43,884 [INFO] Grabbing raw image...
2025-08-11 14:12:48,885 [INFO] Running astrometry preprocessing...
2025-08-11 14:12:48,886 [INFO] Executing guider offset calculation...
2025-08-11 14:12:48,887 [INFO] Clearing temp astrometry data...
2025-08-11 14:12:48,888 [INFO] Deleting raw and processed files.
2025-08-11 14:12:48,889 [INFO] Deleted 0 files in directory: /media/shyunc/DATA/KSpec/KSPEC_ICS/GFA/Simul/kspec_gfa_controller/src/img/raw
2025-08-11 14:12:48,889 [INFO] Deleted 0 files in directory: /media/shyunc/DATA/KSpec/KSPEC_ICS/GFA/Simul/kspec_gfa_controller/src/img/procimg
2025-08-11 14:12:48,890 [INFO] Deleted 0 raw files and 0 processed files.
2025-08-11 14:13:18,893 [INFO] Starting guiding sequence...
2025-08-11 14:13:18,895 [INFO] Grabbing raw image...
2025-08-11 14:13:23,896 [INFO] Running astrometry preprocessing...
2025-08-11 14:13:23,897 [INFO] Executing guider offset calculation...
2025-08-11 14:13:23,898 [INFO] Clearing temp astrometry data...
2025-08-11 14:13:23,898 [INFO] Deleting raw and processed files.
2025-08-11 14:13:23,900 [INFO] Deleted 0 files in directory: /media/shyunc/DATA/KSpec/KSPEC_ICS/GFA/Simul/kspec_gfa_controller/src/img/raw
2025-08-11 14:13:23,901 [INFO] Deleted 0 files in directory: /media/shyunc/DATA/KSpec/KSPEC_ICS/GFA/Simul/kspec_gfa_controller/src/img/procimg
2025-08-11 14:13:23,901 [INFO] Deleted 0 raw files and 0 processed files.
2025-08-11 14:15:49,061 [INFO] Starting guiding sequence...
2025-08-11 14:15:49,062 [INFO] Grabbing raw image...
2025-08-11 14:15:54,062 [INFO] Running astrometry preprocessing...
2025-08-11 14:15:54,063 [INFO] Executing guider offset calculation...
2025-08-11 14:15:54,064 [INFO] Clearing temp astrometry data...
2025-08-11 14:15:54,064 [INFO] Deleting raw and processed files.
2025-08-11 14:15:54,066 [INFO] Deleted 0 files in directory: /media/shyunc/DATA/KSpec/KSPEC_ICS/GFA/Simul/kspec_gfa_controller/src/img/raw
2025-08-11 14:15:54,066 [INFO] Deleted 0 files in directory: /media/shyunc/DATA/KSpec/KSPEC_ICS/GFA/Simul/kspec_gfa_controller/src/img/procimg
2025-08-11 14:15:54,066 [INFO] Deleted 0 raw files and 0 processed files.
2025-08-11 14:16:24,067 [INFO] Starting guiding sequence...
2025-08-11 14:16:24,069 [INFO] Grabbing raw image...
2025-08-11 14:16:29,071 [INFO] Running astrometry preprocessing...
2025-08-11 14:16:29,071 [INFO] Executing guider offset calculation...
2025-08-11 14:16:29,072 [INFO] Clearing temp astrometry data...
2025-08-11 14:16:29,072 [INFO] Deleting raw and processed files.
2025-08-11 14:16:29,074 [INFO] Deleted 0 files in directory: /media/shyunc/DATA/KSpec/KSPEC_ICS/GFA/Simul/kspec_gfa_controller/src/img/raw
2025-08-11 14:16:29,074 [INFO] Deleted 0 files in directory: /media/shyunc/DATA/KSpec/KSPEC_ICS/GFA/Simul/kspec_gfa_controller/src/img/procimg
2025-08-11 14:16:29,074 [INFO] Deleted 0 raw files and 0 processed files.
2025-08-11 14:16:59,077 [INFO] Starting guiding sequence...
2025-08-11 14:16:59,080 [INFO] Grabbing raw image...
2025-08-11 14:17:04,081 [INFO] Running astrometry preprocessing...
2025-08-11 14:17:04,082 [INFO] Executing guider offset calculation...
2025-08-11 14:17:04,083 [INFO] Clearing temp astrometry data...
2025-08-11 14:17:04,083 [INFO] Deleting raw and processed files.
2025-08-11 14:17:04,085 [INFO] Deleted 0 files in directory: /media/shyunc/DATA/KSpec/KSPEC_ICS/GFA/Simul/kspec_gfa_controller/src/img/raw
2025-08-11 14:17:04,085 [INFO] Deleted 0 files in directory: /media/shyunc/DATA/KSpec/KSPEC_ICS/GFA/Simul/kspec_gfa_controller/src/img/procimg
2025-08-11 14:17:04,085 [INFO] Deleted 0 raw files and 0 processed files.
2025-08-11 14:17:34,089 [INFO] Starting guiding sequence...
2025-08-11 14:17:34,091 [INFO] Grabbing raw image...
2025-08-11 14:17:39,093 [INFO] Running astrometry preprocessing...
2025-08-11 14:17:39,094 [INFO] Executing guider offset calculation...
2025-08-11 14:17:39,094 [INFO] Clearing temp astrometry data...
2025-08-11 14:17:39,095 [INFO] Deleting raw and processed files.
2025-08-11 14:17:39,096 [INFO] Deleted 0 files in directory: /media/shyunc/DATA/KSpec/KSPEC_ICS/GFA/Simul/kspec_gfa_controller/src/img/raw
2025-08-11 14:17:39,097 [INFO] Deleted 0 files in directory: /media/shyunc/DATA/KSpec/KSPEC_ICS/GFA/Simul/kspec_gfa_controller/src/img/procimg
2025-08-11 14:17:39,097 [INFO] Deleted 0 raw files and 0 processed files.
2025-08-11 14:18:09,101 [INFO] Starting guiding sequence...
2025-08-11 14:18:09,102 [INFO] Grabbing raw image...
2025-08-11 14:18:14,104 [INFO] Running astrometry preprocessing...
2025-08-11 14:18:14,105 [INFO] Executing guider offset calculation...
2025-08-11 14:18:14,106 [INFO] Clearing temp astrometry data...
2025-08-11 14:18:14,106 [INFO] Deleting raw and processed files.
2025-08-11 14:18:14,108 [INFO] Deleted 0 files in directory: /media/shyunc/DATA/KSpec/KSPEC_ICS/GFA/Simul/kspec_gfa_controller/src/img/raw
2025-08-11 14:18:14,109 [INFO] Deleted 0 files in directory: /media/shyunc/DATA/KSpec/KSPEC_ICS/GFA/Simul/kspec_gfa_controller/src/img/procimg
2025-08-11 14:18:14,109 [INFO] Deleted 0 raw files and 0 processed files.
2025-08-11 14:20:19,060 [INFO] Starting guiding sequence...
2025-08-11 14:20:19,061 [INFO] Grabbing raw image...
2025-08-11 14:20:24,062 [INFO] Running astrometry preprocessing...
2025-08-11 14:20:24,063 [INFO] Executing guider offset calculation...
2025-08-11 14:20:24,063 [INFO] Clearing temp astrometry data...
2025-08-11 14:20:24,063 [INFO] Deleting raw and processed files.
2025-08-11 14:20:24,064 [INFO] Deleted 0 files in directory: /media/shyunc/DATA/KSpec/KSPEC_ICS/GFA/Simul/kspec_gfa_controller/src/img/raw
2025-08-11 14:20:24,065 [INFO] Deleted 0 files in directory: /media/shyunc/DATA/KSpec/KSPEC_ICS/GFA/Simul/kspec_gfa_controller/src/img/procimg
2025-08-11 14:20:24,065 [INFO] Deleted 0 raw files and 0 processed files.
2025-08-11 14:20:54,068 [INFO] Starting guiding sequence...
2025-08-11 14:20:54,069 [INFO] Grabbing raw image...
2025-08-11 14:20:59,071 [INFO] Running astrometry preprocessing...
2025-08-11 14:20:59,071 [INFO] Executing guider offset calculation...
2025-08-11 14:20:59,071 [INFO] Clearing temp astrometry data...
2025-08-11 14:20:59,072 [INFO] Deleting raw and processed files.
2025-08-11 14:20:59,073 [INFO] Deleted 0 files in directory: /media/shyunc/DATA/KSpec/KSPEC_ICS/GFA/Simul/kspec_gfa_controller/src/img/raw
2025-08-11 14:20:59,073 [INFO] Deleted 0 files in directory: /media/shyunc/DATA/KSpec/KSPEC_ICS/GFA/Simul/kspec_gfa_controller/src/img/procimg
2025-08-11 14:20:59,074 [INFO] Deleted 0 raw files and 0 processed files.
2025-08-11 14:21:29,077 [INFO] Starting guiding sequence...
2025-08-11 14:21:29,078 [INFO] Grabbing raw image...
2025-08-11 14:21:34,080 [INFO] Running astrometry preprocessing...
2025-08-11 14:21:34,080 [INFO] Executing guider offset calculation...
2025-08-11 14:21:34,081 [INFO] Clearing temp astrometry data...
2025-08-11 14:21:34,082 [INFO] Deleting raw and processed files.
2025-08-11 14:21:34,083 [INFO] Deleted 0 files in directory: /media/shyunc/DATA/KSpec/KSPEC_ICS/GFA/Simul/kspec_gfa_controller/src/img/raw
2025-08-11 14:21:34,083 [INFO] Deleted 0 files in directory: /media/shyunc/DATA/KSpec/KSPEC_ICS/GFA/Simul/kspec_gfa_controller/src/img/procimg
2025-08-11 14:21:34,084 [INFO] Deleted 0 raw files and 0 processed files.
2025-08-11 14:22:04,087 [INFO] Starting guiding sequence...
2025-08-11 14:22:04,088 [INFO] Grabbing raw image...
2025-08-11 14:22:09,090 [INFO] Running astrometry preprocessing...
2025-08-11 14:22:09,090 [INFO] Executing guider offset calculation...
2025-08-11 14:22:09,091 [INFO] Clearing temp astrometry data...
2025-08-11 14:22:09,092 [INFO] Deleting raw and processed files.
2025-08-11 14:22:09,094 [INFO] Deleted 0 files in directory: /media/shyunc/DATA/KSpec/KSPEC_ICS/GFA/Simul/kspec_gfa_controller/src/img/raw
2025-08-11 14:22:09,094 [INFO] Deleted 0 files in directory: /media/shyunc/DATA/KSpec/KSPEC_ICS/GFA/Simul/kspec_gfa_controller/src/img/procimg
2025-08-11 14:22:09,094 [INFO] Deleted 0 raw files and 0 processed files.
2025-08-11 14:22:39,099 [INFO] Starting guiding sequence...
2025-08-11 14:22:39,101 [INFO] Grabbing raw image...
2025-08-11 14:22:44,103 [INFO] Running astrometry preprocessing...
2025-08-11 14:22:44,104 [INFO] Executing guider offset calculation...
2025-08-11 14:22:44,105 [INFO] Clearing temp astrometry data...
2025-08-11 14:22:44,106 [INFO] Deleting raw and processed files.
2025-08-11 14:22:44,107 [INFO] Deleted 0 files in directory: /media/shyunc/DATA/KSpec/KSPEC_ICS/GFA/Simul/kspec_gfa_controller/src/img/raw
2025-08-11 14:22:44,107 [INFO] Deleted 0 files in directory: /media/shyunc/DATA/KSpec/KSPEC_ICS/GFA/Simul/kspec_gfa_controller/src/img/procimg
2025-08-11 14:22:44,107 [INFO] Deleted 0 raw files and 0 processed files.
2025-08-11 14:57:06,636 [INFO] Initialized GFAEnvironment with role 'plate' and cameras [1, 2, 3, 4, 5, 6]
2025-08-11 14:57:06,636 [INFO] Initializing gfa_astrometry class.
2025-08-11 14:57:06,636 [INFO] Initializing GFAGuider...
2025-08-11 14:57:06,637 [DEBUG] Processed dir: /media/shyunc/DATA/KSpec/KSPEC_ICS/GFA/Simul/kspec_gfa_controller/src/img/procimg
2025-08-11 14:57:06,637 [DEBUG] Final astro dir: /media/shyunc/DATA/KSpec/KSPEC_ICS/GFA/Simul/kspec_gfa_controller/src/img/astroimg/
2025-08-11 14:57:06,637 [DEBUG] Cutout dir: /media/shyunc/DATA/KSpec/KSPEC_ICS/GFA/Simul/kspec_gfa_controller/src/img/cutout
2025-08-11 14:57:06,637 [INFO] GFAGuider setup complete.
2025-08-11 14:57:06,637 [INFO] Initialized GFAEnvironment with role 'finder' and cameras [7]
2025-08-11 15:00:06,579 [INFO] Initialized GFAEnvironment with role 'plate' and cameras [1, 2, 3, 4, 5, 6]
2025-08-11 15:00:06,579 [INFO] Initializing gfa_astrometry class.
2025-08-11 15:00:06,580 [INFO] Initializing GFAGuider...
2025-08-11 15:00:06,580 [DEBUG] Processed dir: /media/shyunc/DATA/KSpec/KSPEC_ICS/GFA/Simul/kspec_gfa_controller/src/img/procimg
2025-08-11 15:00:06,580 [DEBUG] Final astro dir: /media/shyunc/DATA/KSpec/KSPEC_ICS/GFA/Simul/kspec_gfa_controller/src/img/astroimg/
2025-08-11 15:00:06,580 [DEBUG] Cutout dir: /media/shyunc/DATA/KSpec/KSPEC_ICS/GFA/Simul/kspec_gfa_controller/src/img/cutout
2025-08-11 15:00:06,580 [INFO] GFAGuider setup complete.
2025-08-11 15:00:06,580 [INFO] Initialized GFAEnvironment with role 'finder' and cameras [7]
2025-08-11 17:13:19,737 [INFO] Initialized GFAEnvironment with role 'plate' and cameras [1, 2, 3, 4, 5, 6]
2025-08-11 17:13:19,737 [INFO] Initializing gfa_astrometry class.
2025-08-11 17:13:19,737 [INFO] Initializing GFAGuider...
2025-08-11 17:13:19,738 [DEBUG] Processed dir: /media/shyunc/DATA/KSpec/KSPEC_ICS/GFA/Simul/kspec_gfa_controller/src/img/procimg
2025-08-11 17:13:19,738 [DEBUG] Final astro dir: /media/shyunc/DATA/KSpec/KSPEC_ICS/GFA/Simul/kspec_gfa_controller/src/img/astroimg/
2025-08-11 17:13:19,738 [DEBUG] Cutout dir: /media/shyunc/DATA/KSpec/KSPEC_ICS/GFA/Simul/kspec_gfa_controller/src/img/cutout
2025-08-11 17:13:19,738 [INFO] GFAGuider setup complete.
2025-08-11 17:13:19,738 [INFO] Initialized GFAEnvironment with role 'finder' and cameras [7]
2025-08-12 14:20:33,058 [INFO] Starting guiding sequence...
2025-08-12 14:20:33,058 [INFO] Grabbing raw image...
2025-08-12 14:20:38,060 [INFO] Running astrometry preprocessing...
2025-08-12 14:20:38,060 [INFO] Executing guider offset calculation...
2025-08-12 14:20:38,060 [INFO] Clearing temp astrometry data...
2025-08-12 14:20:38,060 [INFO] Deleting raw and processed files.
2025-08-12 14:20:38,061 [INFO] Deleted 0 files in directory: /media/shyunc/DATA/KSpec/KSPEC_ICS/GFA/Simul/kspec_gfa_controller/src/img/raw
2025-08-12 14:20:38,061 [INFO] Deleted 0 files in directory: /media/shyunc/DATA/KSpec/KSPEC_ICS/GFA/Simul/kspec_gfa_controller/src/img/procimg
2025-08-12 14:20:38,061 [INFO] Deleted 0 raw files and 0 processed files.
2025-08-12 14:21:08,063 [INFO] Starting guiding sequence...
2025-08-12 14:21:08,065 [INFO] Grabbing raw image...
2025-08-12 14:21:13,067 [INFO] Running astrometry preprocessing...
2025-08-12 14:21:13,067 [INFO] Executing guider offset calculation...
2025-08-12 14:21:13,067 [INFO] Clearing temp astrometry data...
2025-08-12 14:21:13,067 [INFO] Deleting raw and processed files.
2025-08-12 14:21:13,068 [INFO] Deleted 0 files in directory: /media/shyunc/DATA/KSpec/KSPEC_ICS/GFA/Simul/kspec_gfa_controller/src/img/raw
2025-08-12 14:21:13,068 [INFO] Deleted 0 files in directory: /media/shyunc/DATA/KSpec/KSPEC_ICS/GFA/Simul/kspec_gfa_controller/src/img/procimg
2025-08-12 14:21:13,068 [INFO] Deleted 0 raw files and 0 processed files.
2025-08-12 14:21:43,072 [INFO] Starting guiding sequence...
2025-08-12 14:21:43,074 [INFO] Grabbing raw image...
2025-08-12 14:21:48,076 [INFO] Running astrometry preprocessing...
2025-08-12 14:21:48,077 [INFO] Executing guider offset calculation...
2025-08-12 14:21:48,077 [INFO] Clearing temp astrometry data...
2025-08-12 14:21:48,078 [INFO] Deleting raw and processed files.
2025-08-12 14:21:48,079 [INFO] Deleted 0 files in directory: /media/shyunc/DATA/KSpec/KSPEC_ICS/GFA/Simul/kspec_gfa_controller/src/img/raw
2025-08-12 14:21:48,080 [INFO] Deleted 0 files in directory: /media/shyunc/DATA/KSpec/KSPEC_ICS/GFA/Simul/kspec_gfa_controller/src/img/procimg
2025-08-12 14:21:48,080 [INFO] Deleted 0 raw files and 0 processed files.
2025-08-12 14:22:18,084 [INFO] Starting guiding sequence...
2025-08-12 14:22:18,086 [INFO] Grabbing raw image...
2025-08-12 14:22:23,088 [INFO] Running astrometry preprocessing...
2025-08-12 14:22:23,089 [INFO] Executing guider offset calculation...
2025-08-12 14:22:23,089 [INFO] Clearing temp astrometry data...
2025-08-12 14:22:23,090 [INFO] Deleting raw and processed files.
2025-08-12 14:22:23,092 [INFO] Deleted 0 files in directory: /media/shyunc/DATA/KSpec/KSPEC_ICS/GFA/Simul/kspec_gfa_controller/src/img/raw
2025-08-12 14:22:23,092 [INFO] Deleted 0 files in directory: /media/shyunc/DATA/KSpec/KSPEC_ICS/GFA/Simul/kspec_gfa_controller/src/img/procimg
2025-08-12 14:22:23,092 [INFO] Deleted 0 raw files and 0 processed files.
2025-08-12 14:22:53,096 [INFO] Starting guiding sequence...
2025-08-12 14:22:53,098 [INFO] Grabbing raw image...
2025-08-12 14:22:58,099 [INFO] Running astrometry preprocessing...
2025-08-12 14:22:58,100 [INFO] Executing guider offset calculation...
2025-08-12 14:22:58,101 [INFO] Clearing temp astrometry data...
2025-08-12 14:22:58,101 [INFO] Deleting raw and processed files.
2025-08-12 14:22:58,102 [INFO] Deleted 0 files in directory: /media/shyunc/DATA/KSpec/KSPEC_ICS/GFA/Simul/kspec_gfa_controller/src/img/raw
2025-08-12 14:22:58,103 [INFO] Deleted 0 files in directory: /media/shyunc/DATA/KSpec/KSPEC_ICS/GFA/Simul/kspec_gfa_controller/src/img/procimg
2025-08-12 14:22:58,103 [INFO] Deleted 0 raw files and 0 processed files.
2025-08-12 16:25:13,062 [INFO] Starting guiding sequence...
2025-08-12 16:25:13,064 [INFO] Grabbing raw image...
2025-08-12 16:25:18,065 [INFO] Running astrometry preprocessing...
2025-08-12 16:25:18,066 [INFO] Executing guider offset calculation...
2025-08-12 16:25:18,066 [INFO] Clearing temp astrometry data...
2025-08-12 16:25:18,067 [INFO] Deleting raw and processed files.
2025-08-12 16:25:18,069 [INFO] Deleted 0 files in directory: /media/shyunc/DATA/KSpec/KSPEC_ICS/GFA/Simul/kspec_gfa_controller/src/img/raw
2025-08-12 16:25:18,071 [INFO] Deleted 0 files in directory: /media/shyunc/DATA/KSpec/KSPEC_ICS/GFA/Simul/kspec_gfa_controller/src/img/procimg
2025-08-12 16:25:18,071 [INFO] Deleted 0 raw files and 0 processed files.
2025-08-12 16:25:48,075 [INFO] Starting guiding sequence...
2025-08-12 16:25:48,077 [INFO] Grabbing raw image...
2025-08-12 16:25:53,079 [INFO] Running astrometry preprocessing...
2025-08-12 16:25:53,080 [INFO] Executing guider offset calculation...
2025-08-12 16:25:53,080 [INFO] Clearing temp astrometry data...
2025-08-12 16:25:53,081 [INFO] Deleting raw and processed files.
2025-08-12 16:25:53,083 [INFO] Deleted 0 files in directory: /media/shyunc/DATA/KSpec/KSPEC_ICS/GFA/Simul/kspec_gfa_controller/src/img/raw
2025-08-12 16:25:53,083 [INFO] Deleted 0 files in directory: /media/shyunc/DATA/KSpec/KSPEC_ICS/GFA/Simul/kspec_gfa_controller/src/img/procimg
2025-08-12 16:25:53,084 [INFO] Deleted 0 raw files and 0 processed files.
2025-08-12 16:26:23,086 [INFO] Starting guiding sequence...
2025-08-12 16:26:23,088 [INFO] Grabbing raw image...
2025-08-12 16:26:28,088 [INFO] Running astrometry preprocessing...
2025-08-12 16:26:28,089 [INFO] Executing guider offset calculation...
2025-08-12 16:26:28,089 [INFO] Clearing temp astrometry data...
2025-08-12 16:26:28,090 [INFO] Deleting raw and processed files.
2025-08-12 16:26:28,092 [INFO] Deleted 0 files in directory: /media/shyunc/DATA/KSpec/KSPEC_ICS/GFA/Simul/kspec_gfa_controller/src/img/raw
2025-08-12 16:26:28,092 [INFO] Deleted 0 files in directory: /media/shyunc/DATA/KSpec/KSPEC_ICS/GFA/Simul/kspec_gfa_controller/src/img/procimg
2025-08-12 16:26:28,092 [INFO] Deleted 0 raw files and 0 processed files.
2025-08-12 16:26:58,096 [INFO] Starting guiding sequence...
2025-08-12 16:26:58,098 [INFO] Grabbing raw image...
2025-08-12 16:27:03,099 [INFO] Running astrometry preprocessing...
2025-08-12 16:27:03,100 [INFO] Executing guider offset calculation...
2025-08-12 16:27:03,101 [INFO] Clearing temp astrometry data...
2025-08-12 16:27:03,102 [INFO] Deleting raw and processed files.
2025-08-12 16:27:03,103 [INFO] Deleted 0 files in directory: /media/shyunc/DATA/KSpec/KSPEC_ICS/GFA/Simul/kspec_gfa_controller/src/img/raw
2025-08-12 16:27:03,103 [INFO] Deleted 0 files in directory: /media/shyunc/DATA/KSpec/KSPEC_ICS/GFA/Simul/kspec_gfa_controller/src/img/procimg
2025-08-12 16:27:03,103 [INFO] Deleted 0 raw files and 0 processed files.
2025-08-12 16:27:33,106 [INFO] Starting guiding sequence...
2025-08-12 16:27:33,108 [INFO] Grabbing raw image...
2025-08-12 16:27:38,111 [INFO] Running astrometry preprocessing...
2025-08-12 16:27:38,112 [INFO] Executing guider offset calculation...
2025-08-12 16:27:38,112 [INFO] Clearing temp astrometry data...
2025-08-12 16:27:38,113 [INFO] Deleting raw and processed files.
2025-08-12 16:27:38,114 [INFO] Deleted 0 files in directory: /media/shyunc/DATA/KSpec/KSPEC_ICS/GFA/Simul/kspec_gfa_controller/src/img/raw
2025-08-12 16:27:38,115 [INFO] Deleted 0 files in directory: /media/shyunc/DATA/KSpec/KSPEC_ICS/GFA/Simul/kspec_gfa_controller/src/img/procimg
2025-08-12 16:27:38,115 [INFO] Deleted 0 raw files and 0 processed files.
2025-08-12 16:28:08,119 [INFO] Starting guiding sequence...
2025-08-12 16:28:08,120 [INFO] Grabbing raw image...
2025-08-12 16:28:13,121 [INFO] Running astrometry preprocessing...
2025-08-12 16:28:13,122 [INFO] Executing guider offset calculation...
2025-08-12 16:28:13,123 [INFO] Clearing temp astrometry data...
2025-08-12 16:28:13,123 [INFO] Deleting raw and processed files.
2025-08-12 16:28:13,124 [INFO] Deleted 0 files in directory: /media/shyunc/DATA/KSpec/KSPEC_ICS/GFA/Simul/kspec_gfa_controller/src/img/raw
2025-08-12 16:28:13,124 [INFO] Deleted 0 files in directory: /media/shyunc/DATA/KSpec/KSPEC_ICS/GFA/Simul/kspec_gfa_controller/src/img/procimg
2025-08-12 16:28:13,125 [INFO] Deleted 0 raw files and 0 processed files.
2025-08-12 16:28:43,129 [INFO] Starting guiding sequence...
2025-08-12 16:28:43,131 [INFO] Grabbing raw image...
