2025-09-16 13:49:02,261 [INFO] Initialized GFAEnvironment with role 'plate' and cameras [1, 2, 3, 4, 5, 6]
2025-09-16 13:49:02,261 [INFO] Initializing gfa_astrometry class.
2025-09-16 13:49:02,262 [INFO] Initializing GFAGuider...
2025-09-16 13:49:02,262 [DEBUG] Processed dir: /media/shyunc/DATA/KSpec/KSPEC_ICS/GFA/Simul/kspec_gfa_controller/src/img/procimg
2025-09-16 13:49:02,262 [DEBUG] Final astro dir: /media/shyunc/DATA/KSpec/KSPEC_ICS/GFA/Simul/kspec_gfa_controller/src/img/astroimg/
2025-09-16 13:49:02,262 [DEBUG] Cutout dir: /media/shyunc/DATA/KSpec/KSPEC_ICS/GFA/Simul/kspec_gfa_controller/src/img/cutout
2025-09-16 13:49:02,262 [INFO] GFAGuider setup complete.
2025-09-16 13:49:02,263 [INFO] Initialized GFAEnvironment with role 'finder' and cameras [7]
2025-09-16 13:49:06,548 [INFO] Starting guiding sequence...
2025-09-16 13:49:06,549 [INFO] Grabbing raw image...
2025-09-16 13:49:11,550 [INFO] Running astrometry preprocessing...
2025-09-16 13:49:11,551 [INFO] Executing guider offset calculation...
2025-09-16 13:49:11,552 [INFO] Clearing temp astrometry data...
2025-09-16 13:49:11,552 [INFO] Deleting raw and processed files.
2025-09-16 13:49:11,553 [INFO] Deleted 0 files in directory: /media/shyunc/DATA/KSpec/KSPEC_ICS/GFA/Simul/kspec_gfa_controller/src/img/raw
2025-09-16 13:49:11,554 [INFO] Deleted 0 files in directory: /media/shyunc/DATA/KSpec/KSPEC_ICS/GFA/Simul/kspec_gfa_controller/src/img/procimg
2025-09-16 13:49:11,554 [INFO] Deleted 0 raw files and 0 processed files.
2025-09-16 13:49:41,556 [INFO] Starting guiding sequence...
2025-09-16 13:49:41,558 [INFO] Grabbing raw image...
2025-09-16 13:49:46,561 [INFO] Running astrometry preprocessing...
2025-09-16 13:49:46,562 [INFO] Executing guider offset calculation...
2025-09-16 13:49:46,562 [INFO] Clearing temp astrometry data...
2025-09-16 13:49:46,563 [INFO] Deleting raw and processed files.
2025-09-16 13:49:46,564 [INFO] Deleted 0 files in directory: /media/shyunc/DATA/KSpec/KSPEC_ICS/GFA/Simul/kspec_gfa_controller/src/img/raw
2025-09-16 13:49:46,565 [INFO] Deleted 0 files in directory: /media/shyunc/DATA/KSpec/KSPEC_ICS/GFA/Simul/kspec_gfa_controller/src/img/procimg
2025-09-16 13:49:46,565 [INFO] Deleted 0 raw files and 0 processed files.
2025-09-16 13:50:16,568 [INFO] Starting guiding sequence...
2025-09-16 13:50:16,571 [INFO] Grabbing raw image...
2025-09-16 13:50:21,574 [INFO] Running astrometry preprocessing...
2025-09-16 13:50:21,575 [INFO] Executing guider offset calculation...
2025-09-16 13:50:21,575 [INFO] Clearing temp astrometry data...
2025-09-16 13:50:21,576 [INFO] Deleting raw and processed files.
2025-09-16 13:50:21,577 [INFO] Deleted 0 files in directory: /media/shyunc/DATA/KSpec/KSPEC_ICS/GFA/Simul/kspec_gfa_controller/src/img/raw
2025-09-16 13:50:21,578 [INFO] Deleted 0 files in directory: /media/shyunc/DATA/KSpec/KSPEC_ICS/GFA/Simul/kspec_gfa_controller/src/img/procimg
2025-09-16 13:50:21,578 [INFO] Deleted 0 raw files and 0 processed files.
2025-09-16 13:50:51,580 [INFO] Starting guiding sequence...
2025-09-16 13:50:51,582 [INFO] Grabbing raw image...
2025-09-16 13:50:56,584 [INFO] Running astrometry preprocessing...
2025-09-16 13:50:56,585 [INFO] Executing guider offset calculation...
2025-09-16 13:50:56,585 [INFO] Clearing temp astrometry data...
2025-09-16 13:50:56,586 [INFO] Deleting raw and processed files.
2025-09-16 13:50:56,587 [INFO] Deleted 0 files in directory: /media/shyunc/DATA/KSpec/KSPEC_ICS/GFA/Simul/kspec_gfa_controller/src/img/raw
2025-09-16 13:50:56,588 [INFO] Deleted 0 files in directory: /media/shyunc/DATA/KSpec/KSPEC_ICS/GFA/Simul/kspec_gfa_controller/src/img/procimg
2025-09-16 13:50:56,588 [INFO] Deleted 0 raw files and 0 processed files.
2025-09-16 13:51:26,591 [INFO] Starting guiding sequence...
2025-09-16 13:51:26,593 [INFO] Grabbing raw image...
2025-09-16 13:51:31,594 [INFO] Running astrometry preprocessing...
2025-09-16 13:51:31,595 [INFO] Executing guider offset calculation...
2025-09-16 13:51:31,596 [INFO] Clearing temp astrometry data...
2025-09-16 13:51:31,596 [INFO] Deleting raw and processed files.
2025-09-16 13:51:31,597 [INFO] Deleted 0 files in directory: /media/shyunc/DATA/KSpec/KSPEC_ICS/GFA/Simul/kspec_gfa_controller/src/img/raw
2025-09-16 13:51:31,598 [INFO] Deleted 0 files in directory: /media/shyunc/DATA/KSpec/KSPEC_ICS/GFA/Simul/kspec_gfa_controller/src/img/procimg
2025-09-16 13:51:31,598 [INFO] Deleted 0 raw files and 0 processed files.
2025-09-16 13:51:52,947 [INFO] Querying camera statuses...
2025-09-16 13:52:30,014 [INFO] Starting guiding sequence...
2025-09-16 13:52:30,016 [INFO] Grabbing raw image...
2025-09-16 13:52:35,017 [INFO] Running astrometry preprocessing...
2025-09-16 13:52:35,018 [INFO] Executing guider offset calculation...
2025-09-16 13:52:35,018 [INFO] Clearing temp astrometry data...
2025-09-16 13:52:35,019 [INFO] Deleting raw and processed files.
2025-09-16 13:52:35,020 [INFO] Deleted 0 files in directory: /media/shyunc/DATA/KSpec/KSPEC_ICS/GFA/Simul/kspec_gfa_controller/src/img/raw
2025-09-16 13:52:35,021 [INFO] Deleted 0 files in directory: /media/shyunc/DATA/KSpec/KSPEC_ICS/GFA/Simul/kspec_gfa_controller/src/img/procimg
2025-09-16 13:52:35,022 [INFO] Deleted 0 raw files and 0 processed files.
2025-09-16 15:50:58,784 [INFO] Initialized GFAEnvironment with role 'plate' and cameras [1, 2, 3, 4, 5, 6]
2025-09-16 15:50:58,784 [INFO] Initializing gfa_astrometry class.
2025-09-16 15:50:58,785 [INFO] Initializing GFAGuider...
2025-09-16 15:50:58,785 [DEBUG] Processed dir: /media/shyunc/DATA/KSpec/KSPEC_ICS/GFA/Simul/kspec_gfa_controller/src/img/procimg
2025-09-16 15:50:58,785 [DEBUG] Final astro dir: /media/shyunc/DATA/KSpec/KSPEC_ICS/GFA/Simul/kspec_gfa_controller/src/img/astroimg/
2025-09-16 15:50:58,785 [DEBUG] Cutout dir: /media/shyunc/DATA/KSpec/KSPEC_ICS/GFA/Simul/kspec_gfa_controller/src/img/cutout
2025-09-16 15:50:58,785 [INFO] GFAGuider setup complete.
2025-09-16 15:50:58,785 [INFO] Initialized GFAEnvironment with role 'finder' and cameras [7]
2025-09-16 15:51:16,821 [INFO] Querying camera statuses...
2025-09-16 15:52:26,191 [INFO] Starting guiding sequence...
2025-09-16 15:52:26,192 [INFO] Grabbing raw image...
2025-09-16 15:52:31,193 [INFO] Running astrometry preprocessing...
2025-09-16 15:52:31,193 [INFO] Executing guider offset calculation...
2025-09-16 15:52:31,194 [INFO] Clearing temp astrometry data...
2025-09-16 15:52:31,195 [INFO] Deleting raw and processed files.
2025-09-16 15:52:31,196 [INFO] Deleted 0 files in directory: /media/shyunc/DATA/KSpec/KSPEC_ICS/GFA/Simul/kspec_gfa_controller/src/img/raw
2025-09-16 15:52:31,197 [INFO] Deleted 0 files in directory: /media/shyunc/DATA/KSpec/KSPEC_ICS/GFA/Simul/kspec_gfa_controller/src/img/procimg
2025-09-16 15:52:31,197 [INFO] Deleted 0 raw files and 0 processed files.
2025-09-16 16:54:53,767 [INFO] Querying camera statuses...
2025-09-16 17:02:27,591 [INFO] Querying camera statuses...
2025-09-16 17:12:59,817 [INFO] Querying camera statuses...
2025-09-16 17:23:36,807 [INFO] Querying camera statuses...
2025-09-16 17:27:03,051 [INFO] Starting guiding sequence...
2025-09-16 17:27:03,053 [INFO] Grabbing raw image...
2025-09-16 17:27:08,053 [INFO] Running astrometry preprocessing...
2025-09-16 17:27:08,054 [INFO] Executing guider offset calculation...
2025-09-16 17:27:08,055 [INFO] Clearing temp astrometry data...
2025-09-16 17:27:08,056 [INFO] Deleting raw and processed files.
2025-09-16 17:27:08,057 [INFO] Deleted 0 files in directory: /media/shyunc/DATA/KSpec/KSPEC_ICS/GFA/Simul/kspec_gfa_controller/src/img/raw
2025-09-16 17:27:08,059 [INFO] Deleted 0 files in directory: /media/shyunc/DATA/KSpec/KSPEC_ICS/GFA/Simul/kspec_gfa_controller/src/img/procimg
2025-09-16 17:27:08,059 [INFO] Deleted 0 raw files and 0 processed files.
2025-09-16 17:27:38,062 [INFO] Starting guiding sequence...
2025-09-16 17:27:38,064 [INFO] Grabbing raw image...
2025-09-16 17:42:04,982 [INFO] Querying camera statuses...
2025-09-16 17:43:43,053 [INFO] Starting guiding sequence...
2025-09-16 17:43:43,054 [INFO] Grabbing raw image...
2025-09-16 17:43:48,056 [INFO] Running astrometry preprocessing...
2025-09-16 17:43:48,056 [INFO] Executing guider offset calculation...
2025-09-16 17:43:48,057 [INFO] Clearing temp astrometry data...
2025-09-16 17:43:48,057 [INFO] Deleting raw and processed files.
2025-09-16 17:43:48,059 [INFO] Deleted 0 files in directory: /media/shyunc/DATA/KSpec/KSPEC_ICS/GFA/Simul/kspec_gfa_controller/src/img/raw
2025-09-16 17:43:48,060 [INFO] Deleted 0 files in directory: /media/shyunc/DATA/KSpec/KSPEC_ICS/GFA/Simul/kspec_gfa_controller/src/img/procimg
2025-09-16 17:43:48,060 [INFO] Deleted 0 raw files and 0 processed files.
2025-09-16 17:44:18,062 [INFO] Starting guiding sequence...
2025-09-16 17:44:18,064 [INFO] Grabbing raw image...
2025-09-16 17:44:23,066 [INFO] Running astrometry preprocessing...
2025-09-16 17:44:23,067 [INFO] Executing guider offset calculation...
2025-09-16 17:44:23,068 [INFO] Clearing temp astrometry data...
2025-09-16 17:44:23,068 [INFO] Deleting raw and processed files.
2025-09-16 17:44:23,069 [INFO] Deleted 0 files in directory: /media/shyunc/DATA/KSpec/KSPEC_ICS/GFA/Simul/kspec_gfa_controller/src/img/raw
2025-09-16 17:44:23,070 [INFO] Deleted 0 files in directory: /media/shyunc/DATA/KSpec/KSPEC_ICS/GFA/Simul/kspec_gfa_controller/src/img/procimg
2025-09-16 17:44:23,070 [INFO] Deleted 0 raw files and 0 processed files.
2025-09-17 11:02:47,150 [INFO] Querying camera statuses...
2025-09-17 11:20:06,710 [INFO] Querying camera statuses...
2025-09-17 11:21:36,813 [INFO] Starting guiding sequence...
2025-09-17 11:21:36,814 [INFO] Grabbing raw image...
2025-09-17 11:21:41,816 [INFO] Running astrometry preprocessing...
2025-09-17 11:21:41,816 [INFO] Executing guider offset calculation...
2025-09-17 11:21:41,817 [INFO] Clearing temp astrometry data...
2025-09-17 11:21:41,818 [INFO] Deleting raw and processed files.
2025-09-17 11:21:41,819 [INFO] Deleted 0 files in directory: /media/shyunc/DATA/KSpec/KSPEC_ICS/GFA/Simul/kspec_gfa_controller/src/img/raw
2025-09-17 11:21:41,821 [INFO] Deleted 0 files in directory: /media/shyunc/DATA/KSpec/KSPEC_ICS/GFA/Simul/kspec_gfa_controller/src/img/procimg
2025-09-17 11:21:41,821 [INFO] Deleted 0 raw files and 0 processed files.
2025-09-17 11:42:52,506 [INFO] Querying camera statuses...
2025-09-17 11:44:19,051 [INFO] Starting guiding sequence...
2025-09-17 11:44:19,053 [INFO] Grabbing raw image...
2025-09-17 11:44:24,055 [INFO] Running astrometry preprocessing...
2025-09-17 11:44:24,055 [INFO] Executing guider offset calculation...
2025-09-17 11:44:24,056 [INFO] Clearing temp astrometry data...
2025-09-17 11:44:24,056 [INFO] Deleting raw and processed files.
2025-09-17 11:44:24,057 [INFO] Deleted 0 files in directory: /media/shyunc/DATA/KSpec/KSPEC_ICS/GFA/Simul/kspec_gfa_controller/src/img/raw
2025-09-17 11:44:24,058 [INFO] Deleted 0 files in directory: /media/shyunc/DATA/KSpec/KSPEC_ICS/GFA/Simul/kspec_gfa_controller/src/img/procimg
2025-09-17 11:44:24,058 [INFO] Deleted 0 raw files and 0 processed files.
2025-09-17 13:17:12,489 [INFO] Querying camera statuses...
2025-09-17 13:20:10,815 [INFO] Starting guiding sequence...
2025-09-17 13:20:10,818 [INFO] Grabbing raw image...
2025-09-17 13:20:15,819 [INFO] Running astrometry preprocessing...
2025-09-17 13:20:15,820 [INFO] Executing guider offset calculation...
2025-09-17 13:20:15,821 [INFO] Clearing temp astrometry data...
2025-09-17 13:20:15,821 [INFO] Deleting raw and processed files.
2025-09-17 13:20:15,822 [INFO] Deleted 0 files in directory: /media/shyunc/DATA/KSpec/KSPEC_ICS/GFA/Simul/kspec_gfa_controller/src/img/raw
2025-09-17 13:20:15,823 [INFO] Deleted 0 files in directory: /media/shyunc/DATA/KSpec/KSPEC_ICS/GFA/Simul/kspec_gfa_controller/src/img/procimg
2025-09-17 13:20:15,824 [INFO] Deleted 0 raw files and 0 processed files.
2025-09-17 13:22:42,319 [INFO] Querying camera statuses...
2025-09-17 13:25:23,897 [INFO] Starting guiding sequence...
2025-09-17 13:25:23,899 [INFO] Grabbing raw image...
2025-09-17 13:25:28,900 [INFO] Running astrometry preprocessing...
2025-09-17 13:25:28,901 [INFO] Executing guider offset calculation...
2025-09-17 13:25:28,902 [INFO] Clearing temp astrometry data...
2025-09-17 13:25:28,902 [INFO] Deleting raw and processed files.
2025-09-17 13:25:28,904 [INFO] Deleted 0 files in directory: /media/shyunc/DATA/KSpec/KSPEC_ICS/GFA/Simul/kspec_gfa_controller/src/img/raw
2025-09-17 13:25:28,904 [INFO] Deleted 0 files in directory: /media/shyunc/DATA/KSpec/KSPEC_ICS/GFA/Simul/kspec_gfa_controller/src/img/procimg
2025-09-17 13:25:28,904 [INFO] Deleted 0 raw files and 0 processed files.
2025-09-17 13:25:58,908 [INFO] Starting guiding sequence...
2025-09-17 13:25:58,910 [INFO] Grabbing raw image...
2025-09-17 13:26:03,912 [INFO] Running astrometry preprocessing...
2025-09-17 13:26:03,913 [INFO] Executing guider offset calculation...
2025-09-17 13:26:03,914 [INFO] Clearing temp astrometry data...
2025-09-17 13:26:03,914 [INFO] Deleting raw and processed files.
2025-09-17 13:26:03,916 [INFO] Deleted 0 files in directory: /media/shyunc/DATA/KSpec/KSPEC_ICS/GFA/Simul/kspec_gfa_controller/src/img/raw
2025-09-17 13:26:03,917 [INFO] Deleted 0 files in directory: /media/shyunc/DATA/KSpec/KSPEC_ICS/GFA/Simul/kspec_gfa_controller/src/img/procimg
2025-09-17 13:26:03,917 [INFO] Deleted 0 raw files and 0 processed files.
2025-09-17 13:49:36,751 [INFO] Querying camera statuses...
2025-09-17 13:51:29,051 [INFO] Starting guiding sequence...
2025-09-17 13:51:29,054 [INFO] Grabbing raw image...
2025-09-17 13:51:34,055 [INFO] Running astrometry preprocessing...
2025-09-17 13:51:34,056 [INFO] Executing guider offset calculation...
2025-09-17 13:51:34,056 [INFO] Clearing temp astrometry data...
2025-09-17 13:51:34,057 [INFO] Deleting raw and processed files.
2025-09-17 13:51:34,058 [INFO] Deleted 0 files in directory: /media/shyunc/DATA/KSpec/KSPEC_ICS/GFA/Simul/kspec_gfa_controller/src/img/raw
2025-09-17 13:51:34,059 [INFO] Deleted 0 files in directory: /media/shyunc/DATA/KSpec/KSPEC_ICS/GFA/Simul/kspec_gfa_controller/src/img/procimg
2025-09-17 13:51:34,059 [INFO] Deleted 0 raw files and 0 processed files.
2025-09-17 13:52:04,061 [INFO] Starting guiding sequence...
2025-09-17 13:52:04,064 [INFO] Grabbing raw image...
2025-09-17 13:52:09,065 [INFO] Running astrometry preprocessing...
2025-09-17 13:52:09,065 [INFO] Executing guider offset calculation...
2025-09-17 13:52:09,066 [INFO] Clearing temp astrometry data...
2025-09-17 13:52:09,066 [INFO] Deleting raw and processed files.
2025-09-17 13:52:09,067 [INFO] Deleted 0 files in directory: /media/shyunc/DATA/KSpec/KSPEC_ICS/GFA/Simul/kspec_gfa_controller/src/img/raw
2025-09-17 13:52:09,068 [INFO] Deleted 0 files in directory: /media/shyunc/DATA/KSpec/KSPEC_ICS/GFA/Simul/kspec_gfa_controller/src/img/procimg
2025-09-17 13:52:09,068 [INFO] Deleted 0 raw files and 0 processed files.
2025-09-17 13:52:39,070 [INFO] Starting guiding sequence...
2025-09-17 13:52:39,071 [INFO] Grabbing raw image...
2025-09-17 13:52:44,073 [INFO] Running astrometry preprocessing...
2025-09-17 13:52:44,074 [INFO] Executing guider offset calculation...
2025-09-17 13:52:44,075 [INFO] Clearing temp astrometry data...
2025-09-17 13:52:44,075 [INFO] Deleting raw and processed files.
2025-09-17 13:52:44,077 [INFO] Deleted 0 files in directory: /media/shyunc/DATA/KSpec/KSPEC_ICS/GFA/Simul/kspec_gfa_controller/src/img/raw
2025-09-17 13:52:44,078 [INFO] Deleted 0 files in directory: /media/shyunc/DATA/KSpec/KSPEC_ICS/GFA/Simul/kspec_gfa_controller/src/img/procimg
2025-09-17 13:52:44,078 [INFO] Deleted 0 raw files and 0 processed files.
2025-09-17 13:53:14,080 [INFO] Starting guiding sequence...
2025-09-17 13:53:14,082 [INFO] Grabbing raw image...
2025-09-17 13:53:19,083 [INFO] Running astrometry preprocessing...
2025-09-17 13:53:19,084 [INFO] Executing guider offset calculation...
2025-09-17 13:53:19,085 [INFO] Clearing temp astrometry data...
2025-09-17 13:53:19,085 [INFO] Deleting raw and processed files.
2025-09-17 13:53:19,087 [INFO] Deleted 0 files in directory: /media/shyunc/DATA/KSpec/KSPEC_ICS/GFA/Simul/kspec_gfa_controller/src/img/raw
2025-09-17 13:53:19,088 [INFO] Deleted 0 files in directory: /media/shyunc/DATA/KSpec/KSPEC_ICS/GFA/Simul/kspec_gfa_controller/src/img/procimg
2025-09-17 13:53:19,088 [INFO] Deleted 0 raw files and 0 processed files.
2025-09-17 14:10:56,415 [INFO] Querying camera statuses...
2025-09-17 14:13:01,895 [INFO] Starting guiding sequence...
2025-09-17 14:13:01,897 [INFO] Grabbing raw image...
2025-09-17 14:13:06,898 [INFO] Running astrometry preprocessing...
2025-09-17 14:13:06,899 [INFO] Executing guider offset calculation...
2025-09-17 14:13:06,900 [INFO] Clearing temp astrometry data...
2025-09-17 14:13:06,900 [INFO] Deleting raw and processed files.
2025-09-17 14:13:06,902 [INFO] Deleted 0 files in directory: /media/shyunc/DATA/KSpec/KSPEC_ICS/GFA/Simul/kspec_gfa_controller/src/img/raw
2025-09-17 14:13:06,903 [INFO] Deleted 0 files in directory: /media/shyunc/DATA/KSpec/KSPEC_ICS/GFA/Simul/kspec_gfa_controller/src/img/procimg
2025-09-17 14:13:06,903 [INFO] Deleted 0 raw files and 0 processed files.
2025-09-17 14:13:36,907 [INFO] Starting guiding sequence...
2025-09-17 14:13:36,910 [INFO] Grabbing raw image...
2025-09-17 14:13:41,911 [INFO] Running astrometry preprocessing...
2025-09-17 14:13:41,912 [INFO] Executing guider offset calculation...
2025-09-17 14:13:41,913 [INFO] Clearing temp astrometry data...
2025-09-17 14:13:41,914 [INFO] Deleting raw and processed files.
2025-09-17 14:13:41,915 [INFO] Deleted 0 files in directory: /media/shyunc/DATA/KSpec/KSPEC_ICS/GFA/Simul/kspec_gfa_controller/src/img/raw
2025-09-17 14:13:41,916 [INFO] Deleted 0 files in directory: /media/shyunc/DATA/KSpec/KSPEC_ICS/GFA/Simul/kspec_gfa_controller/src/img/procimg
2025-09-17 14:13:41,916 [INFO] Deleted 0 raw files and 0 processed files.
2025-09-17 14:14:11,918 [INFO] Starting guiding sequence...
2025-09-17 14:14:11,920 [INFO] Grabbing raw image...
2025-09-17 14:14:16,921 [INFO] Running astrometry preprocessing...
2025-09-17 14:14:16,922 [INFO] Executing guider offset calculation...
2025-09-17 14:14:16,923 [INFO] Clearing temp astrometry data...
2025-09-17 14:14:16,924 [INFO] Deleting raw and processed files.
2025-09-17 14:14:16,925 [INFO] Deleted 0 files in directory: /media/shyunc/DATA/KSpec/KSPEC_ICS/GFA/Simul/kspec_gfa_controller/src/img/raw
2025-09-17 14:14:16,926 [INFO] Deleted 0 files in directory: /media/shyunc/DATA/KSpec/KSPEC_ICS/GFA/Simul/kspec_gfa_controller/src/img/procimg
2025-09-17 14:14:16,926 [INFO] Deleted 0 raw files and 0 processed files.
2025-09-17 14:14:46,928 [INFO] Starting guiding sequence...
2025-09-17 14:14:46,931 [INFO] Grabbing raw image...
2025-09-17 14:18:08,876 [INFO] Querying camera statuses...
2025-09-17 14:20:37,051 [INFO] Starting guiding sequence...
2025-09-17 14:20:37,053 [INFO] Grabbing raw image...
2025-09-17 14:20:42,054 [INFO] Running astrometry preprocessing...
2025-09-17 14:20:42,055 [INFO] Executing guider offset calculation...
2025-09-17 14:20:42,055 [INFO] Clearing temp astrometry data...
2025-09-17 14:20:42,055 [INFO] Deleting raw and processed files.
2025-09-17 14:20:42,056 [INFO] Deleted 0 files in directory: /media/shyunc/DATA/KSpec/KSPEC_ICS/GFA/Simul/kspec_gfa_controller/src/img/raw
2025-09-17 14:20:42,057 [INFO] Deleted 0 files in directory: /media/shyunc/DATA/KSpec/KSPEC_ICS/GFA/Simul/kspec_gfa_controller/src/img/procimg
2025-09-17 14:20:42,057 [INFO] Deleted 0 raw files and 0 processed files.
2025-09-17 14:21:12,059 [INFO] Starting guiding sequence...
2025-09-17 14:21:12,061 [INFO] Grabbing raw image...
2025-09-17 14:21:17,063 [INFO] Running astrometry preprocessing...
2025-09-17 14:21:17,064 [INFO] Executing guider offset calculation...
2025-09-17 14:21:17,064 [INFO] Clearing temp astrometry data...
2025-09-17 14:21:17,065 [INFO] Deleting raw and processed files.
2025-09-17 14:21:17,066 [INFO] Deleted 0 files in directory: /media/shyunc/DATA/KSpec/KSPEC_ICS/GFA/Simul/kspec_gfa_controller/src/img/raw
2025-09-17 14:21:17,067 [INFO] Deleted 0 files in directory: /media/shyunc/DATA/KSpec/KSPEC_ICS/GFA/Simul/kspec_gfa_controller/src/img/procimg
2025-09-17 14:21:17,067 [INFO] Deleted 0 raw files and 0 processed files.
2025-09-17 14:21:47,070 [INFO] Starting guiding sequence...
2025-09-17 14:21:47,072 [INFO] Grabbing raw image...
2025-09-17 14:21:52,075 [INFO] Running astrometry preprocessing...
2025-09-17 14:21:52,076 [INFO] Executing guider offset calculation...
2025-09-17 14:21:52,076 [INFO] Clearing temp astrometry data...
2025-09-17 14:21:52,077 [INFO] Deleting raw and processed files.
2025-09-17 14:21:52,078 [INFO] Deleted 0 files in directory: /media/shyunc/DATA/KSpec/KSPEC_ICS/GFA/Simul/kspec_gfa_controller/src/img/raw
2025-09-17 14:21:52,079 [INFO] Deleted 0 files in directory: /media/shyunc/DATA/KSpec/KSPEC_ICS/GFA/Simul/kspec_gfa_controller/src/img/procimg
2025-09-17 14:21:52,079 [INFO] Deleted 0 raw files and 0 processed files.
2025-09-17 14:22:22,082 [INFO] Starting guiding sequence...
2025-09-17 14:22:22,085 [INFO] Grabbing raw image...
2025-09-17 14:22:27,087 [INFO] Running astrometry preprocessing...
2025-09-17 14:22:27,088 [INFO] Executing guider offset calculation...
2025-09-17 14:22:27,088 [INFO] Clearing temp astrometry data...
2025-09-17 14:22:27,089 [INFO] Deleting raw and processed files.
2025-09-17 14:22:27,090 [INFO] Deleted 0 files in directory: /media/shyunc/DATA/KSpec/KSPEC_ICS/GFA/Simul/kspec_gfa_controller/src/img/raw
2025-09-17 14:22:27,091 [INFO] Deleted 0 files in directory: /media/shyunc/DATA/KSpec/KSPEC_ICS/GFA/Simul/kspec_gfa_controller/src/img/procimg
2025-09-17 14:22:27,092 [INFO] Deleted 0 raw files and 0 processed files.
2025-09-17 14:22:57,095 [INFO] Starting guiding sequence...
2025-09-17 14:22:57,097 [INFO] Grabbing raw image...
2025-09-17 14:23:02,098 [INFO] Running astrometry preprocessing...
2025-09-17 14:23:02,099 [INFO] Executing guider offset calculation...
2025-09-17 14:23:02,100 [INFO] Clearing temp astrometry data...
2025-09-17 14:23:02,100 [INFO] Deleting raw and processed files.
2025-09-17 14:23:02,102 [INFO] Deleted 0 files in directory: /media/shyunc/DATA/KSpec/KSPEC_ICS/GFA/Simul/kspec_gfa_controller/src/img/raw
2025-09-17 14:23:02,103 [INFO] Deleted 0 files in directory: /media/shyunc/DATA/KSpec/KSPEC_ICS/GFA/Simul/kspec_gfa_controller/src/img/procimg
2025-09-17 14:23:02,103 [INFO] Deleted 0 raw files and 0 processed files.
2025-09-17 14:23:32,105 [INFO] Starting guiding sequence...
2025-09-17 14:23:32,108 [INFO] Grabbing raw image...
2025-09-17 14:23:37,110 [INFO] Running astrometry preprocessing...
2025-09-17 14:23:37,111 [INFO] Executing guider offset calculation...
2025-09-17 14:23:37,112 [INFO] Clearing temp astrometry data...
2025-09-17 14:23:37,112 [INFO] Deleting raw and processed files.
2025-09-17 14:23:37,114 [INFO] Deleted 0 files in directory: /media/shyunc/DATA/KSpec/KSPEC_ICS/GFA/Simul/kspec_gfa_controller/src/img/raw
2025-09-17 14:23:37,115 [INFO] Deleted 0 files in directory: /media/shyunc/DATA/KSpec/KSPEC_ICS/GFA/Simul/kspec_gfa_controller/src/img/procimg
2025-09-17 14:23:37,115 [INFO] Deleted 0 raw files and 0 processed files.
2025-09-17 14:24:07,117 [INFO] Starting guiding sequence...
2025-09-17 14:24:07,119 [INFO] Grabbing raw image...
2025-09-17 14:24:12,121 [INFO] Running astrometry preprocessing...
2025-09-17 14:24:12,122 [INFO] Executing guider offset calculation...
2025-09-17 14:24:12,123 [INFO] Clearing temp astrometry data...
2025-09-17 14:24:12,123 [INFO] Deleting raw and processed files.
2025-09-17 14:24:12,125 [INFO] Deleted 0 files in directory: /media/shyunc/DATA/KSpec/KSPEC_ICS/GFA/Simul/kspec_gfa_controller/src/img/raw
2025-09-17 14:24:12,125 [INFO] Deleted 0 files in directory: /media/shyunc/DATA/KSpec/KSPEC_ICS/GFA/Simul/kspec_gfa_controller/src/img/procimg
2025-09-17 14:24:12,126 [INFO] Deleted 0 raw files and 0 processed files.
2025-09-17 14:24:42,128 [INFO] Starting guiding sequence...
2025-09-17 14:24:42,130 [INFO] Grabbing raw image...
2025-09-17 14:24:47,132 [INFO] Running astrometry preprocessing...
2025-09-17 14:24:47,133 [INFO] Executing guider offset calculation...
2025-09-17 14:24:47,133 [INFO] Clearing temp astrometry data...
2025-09-17 14:24:47,134 [INFO] Deleting raw and processed files.
2025-09-17 14:24:47,135 [INFO] Deleted 0 files in directory: /media/shyunc/DATA/KSpec/KSPEC_ICS/GFA/Simul/kspec_gfa_controller/src/img/raw
2025-09-17 14:24:47,136 [INFO] Deleted 0 files in directory: /media/shyunc/DATA/KSpec/KSPEC_ICS/GFA/Simul/kspec_gfa_controller/src/img/procimg
2025-09-17 14:24:47,136 [INFO] Deleted 0 raw files and 0 processed files.
2025-09-17 14:25:17,139 [INFO] Starting guiding sequence...
2025-09-17 14:25:17,142 [INFO] Grabbing raw image...
2025-09-17 14:25:22,144 [INFO] Running astrometry preprocessing...
2025-09-17 14:25:22,145 [INFO] Executing guider offset calculation...
2025-09-17 14:25:22,146 [INFO] Clearing temp astrometry data...
2025-09-17 14:25:22,146 [INFO] Deleting raw and processed files.
2025-09-17 14:25:22,147 [INFO] Deleted 0 files in directory: /media/shyunc/DATA/KSpec/KSPEC_ICS/GFA/Simul/kspec_gfa_controller/src/img/raw
2025-09-17 14:25:22,148 [INFO] Deleted 0 files in directory: /media/shyunc/DATA/KSpec/KSPEC_ICS/GFA/Simul/kspec_gfa_controller/src/img/procimg
2025-09-17 14:25:22,149 [INFO] Deleted 0 raw files and 0 processed files.
2025-09-17 14:25:52,151 [INFO] Starting guiding sequence...
2025-09-17 14:25:52,153 [INFO] Grabbing raw image...
2025-09-17 14:25:57,154 [INFO] Running astrometry preprocessing...
2025-09-17 14:25:57,155 [INFO] Executing guider offset calculation...
2025-09-17 14:25:57,156 [INFO] Clearing temp astrometry data...
2025-09-17 14:25:57,156 [INFO] Deleting raw and processed files.
2025-09-17 14:25:57,157 [INFO] Deleted 0 files in directory: /media/shyunc/DATA/KSpec/KSPEC_ICS/GFA/Simul/kspec_gfa_controller/src/img/raw
2025-09-17 14:25:57,158 [INFO] Deleted 0 files in directory: /media/shyunc/DATA/KSpec/KSPEC_ICS/GFA/Simul/kspec_gfa_controller/src/img/procimg
2025-09-17 14:25:57,159 [INFO] Deleted 0 raw files and 0 processed files.
2025-09-17 14:30:05,715 [INFO] Querying camera statuses...
2025-09-17 14:31:38,889 [INFO] Starting guiding sequence...
2025-09-17 14:31:38,891 [INFO] Grabbing raw image...
2025-09-17 14:31:43,892 [INFO] Running astrometry preprocessing...
2025-09-17 14:31:43,893 [INFO] Executing guider offset calculation...
2025-09-17 14:31:43,893 [INFO] Clearing temp astrometry data...
2025-09-17 14:31:43,894 [INFO] Deleting raw and processed files.
2025-09-17 14:31:43,895 [INFO] Deleted 0 files in directory: /media/shyunc/DATA/KSpec/KSPEC_ICS/GFA/Simul/kspec_gfa_controller/src/img/raw
2025-09-17 14:31:43,896 [INFO] Deleted 0 files in directory: /media/shyunc/DATA/KSpec/KSPEC_ICS/GFA/Simul/kspec_gfa_controller/src/img/procimg
2025-09-17 14:31:43,896 [INFO] Deleted 0 raw files and 0 processed files.
2025-09-17 14:32:13,898 [INFO] Starting guiding sequence...
2025-09-17 14:32:13,901 [INFO] Grabbing raw image...
2025-09-17 14:32:18,902 [INFO] Running astrometry preprocessing...
2025-09-17 14:32:18,902 [INFO] Executing guider offset calculation...
2025-09-17 14:32:18,903 [INFO] Clearing temp astrometry data...
2025-09-17 14:32:18,904 [INFO] Deleting raw and processed files.
2025-09-17 14:32:18,905 [INFO] Deleted 0 files in directory: /media/shyunc/DATA/KSpec/KSPEC_ICS/GFA/Simul/kspec_gfa_controller/src/img/raw
2025-09-17 14:32:18,906 [INFO] Deleted 0 files in directory: /media/shyunc/DATA/KSpec/KSPEC_ICS/GFA/Simul/kspec_gfa_controller/src/img/procimg
2025-09-17 14:32:18,906 [INFO] Deleted 0 raw files and 0 processed files.
2025-09-17 14:32:48,910 [INFO] Starting guiding sequence...
2025-09-17 14:32:48,912 [INFO] Grabbing raw image...
2025-09-17 14:32:53,914 [INFO] Running astrometry preprocessing...
2025-09-17 14:32:53,915 [INFO] Executing guider offset calculation...
2025-09-17 14:32:53,915 [INFO] Clearing temp astrometry data...
2025-09-17 14:32:53,915 [INFO] Deleting raw and processed files.
2025-09-17 14:32:53,917 [INFO] Deleted 0 files in directory: /media/shyunc/DATA/KSpec/KSPEC_ICS/GFA/Simul/kspec_gfa_controller/src/img/raw
2025-09-17 14:32:53,918 [INFO] Deleted 0 files in directory: /media/shyunc/DATA/KSpec/KSPEC_ICS/GFA/Simul/kspec_gfa_controller/src/img/procimg
2025-09-17 14:32:53,918 [INFO] Deleted 0 raw files and 0 processed files.
2025-09-17 14:37:00,331 [INFO] Starting guiding sequence...
2025-09-17 14:37:00,333 [INFO] Grabbing raw image...
2025-09-17 14:37:05,333 [INFO] Running astrometry preprocessing...
2025-09-17 14:37:05,334 [INFO] Executing guider offset calculation...
2025-09-17 14:37:05,334 [INFO] Clearing temp astrometry data...
2025-09-17 14:37:05,334 [INFO] Deleting raw and processed files.
2025-09-17 14:37:05,334 [INFO] Deleted 0 files in directory: /media/shyunc/DATA/KSpec/KSPEC_ICS/GFA/Simul/kspec_gfa_controller/src/img/raw
2025-09-17 14:37:05,334 [INFO] Deleted 0 files in directory: /media/shyunc/DATA/KSpec/KSPEC_ICS/GFA/Simul/kspec_gfa_controller/src/img/procimg
2025-09-17 14:37:05,334 [INFO] Deleted 0 raw files and 0 processed files.
2025-09-17 14:37:35,336 [INFO] Starting guiding sequence...
2025-09-17 14:37:35,338 [INFO] Grabbing raw image...
2025-09-17 14:37:40,340 [INFO] Running astrometry preprocessing...
2025-09-17 14:37:40,341 [INFO] Executing guider offset calculation...
2025-09-17 14:37:40,341 [INFO] Clearing temp astrometry data...
2025-09-17 14:37:40,342 [INFO] Deleting raw and processed files.
2025-09-17 14:37:40,343 [INFO] Deleted 0 files in directory: /media/shyunc/DATA/KSpec/KSPEC_ICS/GFA/Simul/kspec_gfa_controller/src/img/raw
2025-09-17 14:37:40,344 [INFO] Deleted 0 files in directory: /media/shyunc/DATA/KSpec/KSPEC_ICS/GFA/Simul/kspec_gfa_controller/src/img/procimg
2025-09-17 14:37:40,344 [INFO] Deleted 0 raw files and 0 processed files.
2025-09-17 14:38:10,346 [INFO] Starting guiding sequence...
2025-09-17 14:38:10,348 [INFO] Grabbing raw image...
2025-09-17 14:38:15,349 [INFO] Running astrometry preprocessing...
2025-09-17 14:38:15,350 [INFO] Executing guider offset calculation...
2025-09-17 14:38:15,351 [INFO] Clearing temp astrometry data...
2025-09-17 14:38:15,351 [INFO] Deleting raw and processed files.
2025-09-17 14:38:15,353 [INFO] Deleted 0 files in directory: /media/shyunc/DATA/KSpec/KSPEC_ICS/GFA/Simul/kspec_gfa_controller/src/img/raw
2025-09-17 14:38:15,354 [INFO] Deleted 0 files in directory: /media/shyunc/DATA/KSpec/KSPEC_ICS/GFA/Simul/kspec_gfa_controller/src/img/procimg
2025-09-17 14:38:15,354 [INFO] Deleted 0 raw files and 0 processed files.
