2025-02-26 09:15:57,084 [INFO] Configuration file found: /media/shyunc/DATA/KSpec/KSPEC_ICS/GFA/Simul/kspec_gfa_controller/src/etc/cams.json (at gfa_actions.py)
2025-02-26 09:15:57,084 [INFO] Configuration file found: /media/shyunc/DATA/KSpec/KSPEC_ICS/GFA/Simul/kspec_gfa_controller/src/etc/astrometry_params.json (at gfa_actions.py)
2025-02-26 09:15:57,084 [INFO] Initializing gfa_astrometry class. (at gfa_actions.py)
2025-02-26 09:15:57,084 [INFO] Loaded 4 FITS files. (at gfa_actions.py)
2025-02-26 09:15:57,085 [INFO] Initializing GFAGuider... (at gfa_actions.py)
2025-02-26 09:15:57,085 [INFO] GFAGuider setup complete. (at gfa_actions.py)
2025-02-26 09:16:06,402 [INFO] Checking status of all cameras. (at gfa_actions.py)
2025-02-26 09:18:10,467 [INFO] Checking status of all cameras. (at gfa_actions.py)
2025-02-26 09:46:22,243 [INFO] Checking status of all cameras. (at gfa_actions.py)
2025-02-26 09:46:57,613 [INFO] Checking status of all cameras. (at gfa_actions.py)
2025-02-26 09:51:48,466 [INFO] Configuration file found: /media/shyunc/DATA/KSpec/KSPEC_ICS/GFA/Simul/kspec_gfa_controller/src/etc/cams.json (at gfa_actions.py)
2025-02-26 09:51:48,466 [INFO] Configuration file found: /media/shyunc/DATA/KSpec/KSPEC_ICS/GFA/Simul/kspec_gfa_controller/src/etc/astrometry_params.json (at gfa_actions.py)
2025-02-26 09:51:48,466 [INFO] Initializing gfa_astrometry class. (at gfa_actions.py)
2025-02-26 09:51:48,466 [INFO] Loaded 4 FITS files. (at gfa_actions.py)
2025-02-26 09:51:48,466 [INFO] Initializing GFAGuider... (at gfa_actions.py)
2025-02-26 09:51:48,466 [INFO] GFAGuider setup complete. (at gfa_actions.py)
2025-02-26 09:51:54,793 [INFO] Checking status of all cameras. (at gfa_actions.py)
2025-02-26 09:58:50,399 [INFO] Configuration file found: /media/shyunc/DATA/KSpec/KSPEC_ICS/GFA/Simul/kspec_gfa_controller/src/etc/cams.json (at gfa_actions.py)
2025-02-26 09:58:50,399 [INFO] Configuration file found: /media/shyunc/DATA/KSpec/KSPEC_ICS/GFA/Simul/kspec_gfa_controller/src/etc/astrometry_params.json (at gfa_actions.py)
2025-02-26 09:58:50,399 [INFO] Initializing gfa_astrometry class. (at gfa_actions.py)
2025-02-26 09:58:50,400 [INFO] Loaded 4 FITS files. (at gfa_actions.py)
2025-02-26 09:58:50,400 [INFO] Initializing GFAGuider... (at gfa_actions.py)
2025-02-26 09:58:50,400 [INFO] GFAGuider setup complete. (at gfa_actions.py)
2025-02-26 09:59:39,275 [INFO] Configuration file found: /media/shyunc/DATA/KSpec/KSPEC_ICS/GFA/Simul/kspec_gfa_controller/src/etc/cams.json (at gfa_actions.py)
2025-02-26 09:59:39,275 [INFO] Configuration file found: /media/shyunc/DATA/KSpec/KSPEC_ICS/GFA/Simul/kspec_gfa_controller/src/etc/astrometry_params.json (at gfa_actions.py)
2025-02-26 09:59:39,275 [INFO] Initializing gfa_astrometry class. (at gfa_actions.py)
2025-02-26 09:59:39,275 [INFO] Loaded 4 FITS files. (at gfa_actions.py)
2025-02-26 09:59:39,276 [INFO] Initializing GFAGuider... (at gfa_actions.py)
2025-02-26 09:59:39,276 [INFO] GFAGuider setup complete. (at gfa_actions.py)
2025-02-26 09:59:42,928 [INFO] Checking status of all cameras. (at gfa_actions.py)
2025-02-26 10:00:45,950 [INFO] Checking status of all cameras. (at gfa_actions.py)
2025-02-26 10:01:05,076 [INFO] Checking status of all cameras. (at gfa_actions.py)
2025-02-26 10:05:27,521 [INFO] Guiding starts... (at gfa_actions.py)
2025-02-26 10:05:27,521 [INFO] Step #1: Grab an image (uncomment if needed). (at gfa_actions.py)
2025-02-26 10:05:27,521 [INFO] Step #2: Astrometry... (at gfa_actions.py)
2025-02-26 10:05:27,521 [INFO] Step #3: Calculating the offset... (at gfa_actions.py)
2025-02-26 10:05:27,521 [INFO] Offsets calculated: fdx= $$, fdy=$$, FWHM=$$$ arcsec (at gfa_actions.py)
2025-02-26 10:05:57,541 [INFO] Guiding starts... (at gfa_actions.py)
2025-02-26 10:05:57,542 [INFO] Step #1: Grab an image (uncomment if needed). (at gfa_actions.py)
2025-02-26 10:05:57,543 [INFO] Step #2: Astrometry... (at gfa_actions.py)
2025-02-26 10:05:57,543 [INFO] Step #3: Calculating the offset... (at gfa_actions.py)
2025-02-26 10:05:57,544 [INFO] Offsets calculated: fdx= $$, fdy=$$, FWHM=$$$ arcsec (at gfa_actions.py)
2025-02-26 10:07:31,175 [INFO] Guiding starts... (at gfa_actions.py)
2025-02-26 10:07:31,175 [INFO] Step #1: Grab an image (uncomment if needed). (at gfa_actions.py)
2025-02-26 10:07:31,175 [INFO] Step #2: Astrometry... (at gfa_actions.py)
2025-02-26 10:07:31,175 [INFO] Step #3: Calculating the offset... (at gfa_actions.py)
2025-02-26 10:07:31,175 [INFO] Offsets calculated: fdx= $$, fdy=$$, FWHM=$$$ arcsec (at gfa_actions.py)
2025-02-26 11:47:28,514 [INFO] Checking status of all cameras. (at gfa_actions.py)
2025-02-26 11:48:46,567 [INFO] Checking status of all cameras. (at gfa_actions.py)
2025-02-26 11:50:10,672 [INFO] Checking status of all cameras. (at gfa_actions.py)
2025-02-26 11:51:02,400 [INFO] Checking status of all cameras. (at gfa_actions.py)
2025-02-26 11:51:24,540 [INFO] Checking status of all cameras. (at gfa_actions.py)
2025-02-26 11:52:17,946 [INFO] Configuration file found: /media/shyunc/DATA/KSpec/KSPEC_ICS/GFA/Simul/kspec_gfa_controller/src/etc/cams.json (at gfa_actions.py)
2025-02-26 11:52:17,946 [INFO] Configuration file found: /media/shyunc/DATA/KSpec/KSPEC_ICS/GFA/Simul/kspec_gfa_controller/src/etc/astrometry_params.json (at gfa_actions.py)
2025-02-26 11:52:17,946 [INFO] Initializing gfa_astrometry class. (at gfa_actions.py)
2025-02-26 11:52:17,947 [INFO] Loaded 4 FITS files. (at gfa_actions.py)
2025-02-26 11:52:17,947 [INFO] Initializing GFAGuider... (at gfa_actions.py)
2025-02-26 11:52:17,947 [INFO] GFAGuider setup complete. (at gfa_actions.py)
2025-02-26 11:52:30,600 [INFO] Checking status of all cameras. (at gfa_actions.py)
2025-02-26 11:53:24,128 [INFO] Checking status of all cameras. (at gfa_actions.py)
2025-02-26 12:00:33,855 [INFO] Checking status of all cameras. (at gfa_actions.py)
2025-02-26 12:00:49,098 [INFO] Configuration file found: /media/shyunc/DATA/KSpec/KSPEC_ICS/GFA/Simul/kspec_gfa_controller/src/etc/cams.json (at gfa_actions.py)
2025-02-26 12:00:49,099 [INFO] Configuration file found: /media/shyunc/DATA/KSpec/KSPEC_ICS/GFA/Simul/kspec_gfa_controller/src/etc/astrometry_params.json (at gfa_actions.py)
2025-02-26 12:00:49,099 [INFO] Initializing gfa_astrometry class. (at gfa_actions.py)
2025-02-26 12:00:49,099 [INFO] Loaded 4 FITS files. (at gfa_actions.py)
2025-02-26 12:00:49,099 [INFO] Initializing GFAGuider... (at gfa_actions.py)
2025-02-26 12:00:49,099 [INFO] GFAGuider setup complete. (at gfa_actions.py)
2025-02-26 12:00:55,095 [INFO] Checking status of all cameras. (at gfa_actions.py)
2025-02-26 12:01:21,983 [INFO] Checking status of all cameras. (at gfa_actions.py)
2025-02-26 12:07:13,356 [INFO] Configuration file found: /media/shyunc/DATA/KSpec/KSPEC_ICS/GFA/Simul/kspec_gfa_controller/src/etc/cams.json (at gfa_actions.py)
2025-02-26 12:07:13,356 [INFO] Configuration file found: /media/shyunc/DATA/KSpec/KSPEC_ICS/GFA/Simul/kspec_gfa_controller/src/etc/astrometry_params.json (at gfa_actions.py)
2025-02-26 12:07:13,356 [INFO] Initializing gfa_astrometry class. (at gfa_actions.py)
2025-02-26 12:07:13,356 [INFO] Loaded 4 FITS files. (at gfa_actions.py)
2025-02-26 12:07:13,356 [INFO] Initializing GFAGuider... (at gfa_actions.py)
2025-02-26 12:07:13,357 [INFO] GFAGuider setup complete. (at gfa_actions.py)
2025-02-26 12:12:06,631 [INFO] Checking status of all cameras. (at gfa_actions.py)
2025-02-26 12:12:19,321 [INFO] Checking status of all cameras. (at gfa_actions.py)
2025-02-26 12:12:40,651 [INFO] Checking status of all cameras. (at gfa_actions.py)
2025-02-26 12:13:38,476 [INFO] Checking status of all cameras. (at gfa_actions.py)
2025-02-26 14:40:47,830 [INFO] Checking status of all cameras. (at gfa_actions.py)
2025-02-26 15:06:44,330 [INFO] Checking status of all cameras. (at gfa_actions.py)
2025-02-26 15:23:14,038 [INFO] Checking status of all cameras. (at gfa_actions.py)
2025-02-26 15:23:31,499 [INFO] Checking status of all cameras. (at gfa_actions.py)
2025-02-26 15:47:30,664 [INFO] Checking status of all cameras. (at gfa_actions.py)
