2025-08-06 11:40:03,712 [INFO] Initialized GFAEnvironment with role 'plate' and cameras [1, 2, 3, 4, 5, 6]
2025-08-06 11:40:03,712 [INFO] Initializing gfa_astrometry class.
2025-08-06 11:40:03,713 [INFO] Initializing GFAGuider...
2025-08-06 11:40:03,713 [DEBUG] Processed dir: /media/shyunc/DATA/KSpec/KSPEC_ICS/GFA/Simul/kspec_gfa_controller/src/img/procimg
2025-08-06 11:40:03,713 [DEBUG] Final astro dir: /media/shyunc/DATA/KSpec/KSPEC_ICS/GFA/Simul/kspec_gfa_controller/src/img/astroimg/
2025-08-06 11:40:03,713 [DEBUG] Cutout dir: /media/shyunc/DATA/KSpec/KSPEC_ICS/GFA/Simul/kspec_gfa_controller/src/img/cutout
2025-08-06 11:40:03,713 [INFO] GFAGuider setup complete.
2025-08-06 11:40:03,713 [INFO] Initialized GFAEnvironment with role 'finder' and cameras [7]
2025-08-06 14:24:46,545 [INFO] Initialized GFAEnvironment with role 'plate' and cameras [1, 2, 3, 4, 5, 6]
2025-08-06 14:24:46,545 [INFO] Initializing gfa_astrometry class.
2025-08-06 14:24:46,545 [INFO] Initializing GFAGuider...
2025-08-06 14:24:46,545 [DEBUG] Processed dir: /media/shyunc/DATA/KSpec/KSPEC_ICS/GFA/Simul/kspec_gfa_controller/src/img/procimg
2025-08-06 14:24:46,545 [DEBUG] Final astro dir: /media/shyunc/DATA/KSpec/KSPEC_ICS/GFA/Simul/kspec_gfa_controller/src/img/astroimg/
2025-08-06 14:24:46,545 [DEBUG] Cutout dir: /media/shyunc/DATA/KSpec/KSPEC_ICS/GFA/Simul/kspec_gfa_controller/src/img/cutout
2025-08-06 14:24:46,545 [INFO] GFAGuider setup complete.
2025-08-06 14:24:46,546 [INFO] Initialized GFAEnvironment with role 'finder' and cameras [7]
2025-08-06 14:25:36,652 [INFO] Initialized GFAEnvironment with role 'plate' and cameras [1, 2, 3, 4, 5, 6]
2025-08-06 14:25:36,652 [INFO] Initializing gfa_astrometry class.
2025-08-06 14:25:36,652 [INFO] Initializing GFAGuider...
2025-08-06 14:25:36,653 [DEBUG] Processed dir: /media/shyunc/DATA/KSpec/KSPEC_ICS/GFA/Simul/kspec_gfa_controller/src/img/procimg
2025-08-06 14:25:36,653 [DEBUG] Final astro dir: /media/shyunc/DATA/KSpec/KSPEC_ICS/GFA/Simul/kspec_gfa_controller/src/img/astroimg/
2025-08-06 14:25:36,653 [DEBUG] Cutout dir: /media/shyunc/DATA/KSpec/KSPEC_ICS/GFA/Simul/kspec_gfa_controller/src/img/cutout
2025-08-06 14:25:36,653 [INFO] GFAGuider setup complete.
2025-08-06 14:25:36,653 [INFO] Initialized GFAEnvironment with role 'finder' and cameras [7]
2025-08-06 14:28:51,891 [INFO] Initialized GFAEnvironment with role 'plate' and cameras [1, 2, 3, 4, 5, 6]
2025-08-06 14:28:51,892 [INFO] Initializing gfa_astrometry class.
2025-08-06 14:28:51,892 [INFO] Initializing GFAGuider...
2025-08-06 14:28:51,892 [DEBUG] Processed dir: /media/shyunc/DATA/KSpec/KSPEC_ICS/GFA/Simul/kspec_gfa_controller/src/img/procimg
2025-08-06 14:28:51,892 [DEBUG] Final astro dir: /media/shyunc/DATA/KSpec/KSPEC_ICS/GFA/Simul/kspec_gfa_controller/src/img/astroimg/
2025-08-06 14:28:51,892 [DEBUG] Cutout dir: /media/shyunc/DATA/KSpec/KSPEC_ICS/GFA/Simul/kspec_gfa_controller/src/img/cutout
2025-08-06 14:28:51,892 [INFO] GFAGuider setup complete.
2025-08-06 14:28:51,892 [INFO] Initialized GFAEnvironment with role 'finder' and cameras [7]
2025-08-06 14:51:06,567 [INFO] Initialized GFAEnvironment with role 'plate' and cameras [1, 2, 3, 4, 5, 6]
2025-08-06 14:51:06,567 [INFO] Initializing gfa_astrometry class.
2025-08-06 14:51:06,567 [INFO] Initializing GFAGuider...
2025-08-06 14:51:06,568 [DEBUG] Processed dir: /media/shyunc/DATA/KSpec/KSPEC_ICS/GFA/Simul/kspec_gfa_controller/src/img/procimg
2025-08-06 14:51:06,568 [DEBUG] Final astro dir: /media/shyunc/DATA/KSpec/KSPEC_ICS/GFA/Simul/kspec_gfa_controller/src/img/astroimg/
2025-08-06 14:51:06,568 [DEBUG] Cutout dir: /media/shyunc/DATA/KSpec/KSPEC_ICS/GFA/Simul/kspec_gfa_controller/src/img/cutout
2025-08-06 14:51:06,568 [INFO] GFAGuider setup complete.
2025-08-06 14:51:06,568 [INFO] Initialized GFAEnvironment with role 'finder' and cameras [7]
2025-08-06 14:55:52,824 [INFO] Initialized GFAEnvironment with role 'plate' and cameras [1, 2, 3, 4, 5, 6]
2025-08-06 14:55:52,824 [INFO] Initializing gfa_astrometry class.
2025-08-06 14:55:52,824 [INFO] Initializing GFAGuider...
2025-08-06 14:55:52,824 [DEBUG] Processed dir: /media/shyunc/DATA/KSpec/KSPEC_ICS/GFA/Simul/kspec_gfa_controller/src/img/procimg
2025-08-06 14:55:52,824 [DEBUG] Final astro dir: /media/shyunc/DATA/KSpec/KSPEC_ICS/GFA/Simul/kspec_gfa_controller/src/img/astroimg/
2025-08-06 14:55:52,824 [DEBUG] Cutout dir: /media/shyunc/DATA/KSpec/KSPEC_ICS/GFA/Simul/kspec_gfa_controller/src/img/cutout
2025-08-06 14:55:52,824 [INFO] GFAGuider setup complete.
2025-08-06 14:55:52,825 [INFO] Initialized GFAEnvironment with role 'finder' and cameras [7]
2025-08-06 14:57:30,483 [INFO] Initialized GFAEnvironment with role 'plate' and cameras [1, 2, 3, 4, 5, 6]
2025-08-06 14:57:30,483 [INFO] Initializing gfa_astrometry class.
2025-08-06 14:57:30,483 [INFO] Initializing GFAGuider...
2025-08-06 14:57:30,484 [DEBUG] Processed dir: /media/shyunc/DATA/KSpec/KSPEC_ICS/GFA/Simul/kspec_gfa_controller/src/img/procimg
2025-08-06 14:57:30,484 [DEBUG] Final astro dir: /media/shyunc/DATA/KSpec/KSPEC_ICS/GFA/Simul/kspec_gfa_controller/src/img/astroimg/
2025-08-06 14:57:30,484 [DEBUG] Cutout dir: /media/shyunc/DATA/KSpec/KSPEC_ICS/GFA/Simul/kspec_gfa_controller/src/img/cutout
2025-08-06 14:57:30,484 [INFO] GFAGuider setup complete.
2025-08-06 14:57:30,484 [INFO] Initialized GFAEnvironment with role 'finder' and cameras [7]
2025-08-06 14:58:16,281 [INFO] Initialized GFAEnvironment with role 'plate' and cameras [1, 2, 3, 4, 5, 6]
2025-08-06 14:58:16,281 [INFO] Initializing gfa_astrometry class.
2025-08-06 14:58:16,281 [INFO] Initializing GFAGuider...
2025-08-06 14:58:16,281 [DEBUG] Processed dir: /media/shyunc/DATA/KSpec/KSPEC_ICS/GFA/Simul/kspec_gfa_controller/src/img/procimg
2025-08-06 14:58:16,282 [DEBUG] Final astro dir: /media/shyunc/DATA/KSpec/KSPEC_ICS/GFA/Simul/kspec_gfa_controller/src/img/astroimg/
2025-08-06 14:58:16,282 [DEBUG] Cutout dir: /media/shyunc/DATA/KSpec/KSPEC_ICS/GFA/Simul/kspec_gfa_controller/src/img/cutout
2025-08-06 14:58:16,282 [INFO] GFAGuider setup complete.
2025-08-06 14:58:16,282 [INFO] Initialized GFAEnvironment with role 'finder' and cameras [7]
2025-08-06 14:58:22,337 [INFO] Image save path: /media/shyunc/DATA/KSpec/KSPEC_ICS/GFA/Simul/kspec_gfa_controller/src/img/grab/2025-08-06
2025-08-06 14:58:22,337 [INFO] Grabbing from camera 1 (ExpTime=4.0, Binning=4)
2025-08-06 14:58:33,090 [INFO] Image save path: /media/shyunc/DATA/KSpec/KSPEC_ICS/GFA/Simul/kspec_gfa_controller/src/img/grab/2025-08-06
2025-08-06 14:58:33,090 [INFO] Grabbing from all plate cameras...
2025-08-06 14:58:33,090 [INFO] Grabbing from Cam1 (ExpTime=10.0, Binning=4)
2025-08-06 14:58:33,090 [INFO] Grabbing from Cam2 (ExpTime=10.0, Binning=4)
2025-08-06 14:58:33,090 [INFO] Grabbing from Cam3 (ExpTime=10.0, Binning=4)
2025-08-06 14:58:33,090 [INFO] Grabbing from Cam4 (ExpTime=10.0, Binning=4)
2025-08-06 14:58:33,090 [INFO] Grabbing from Cam5 (ExpTime=10.0, Binning=4)
2025-08-06 14:58:33,090 [INFO] Grabbing from Cam6 (ExpTime=10.0, Binning=4)
2025-08-06 14:59:10,696 [INFO] Initialized GFAEnvironment with role 'plate' and cameras [1, 2, 3, 4, 5, 6]
2025-08-06 14:59:10,697 [INFO] Initializing gfa_astrometry class.
2025-08-06 14:59:10,697 [INFO] Initializing GFAGuider...
2025-08-06 14:59:10,697 [DEBUG] Processed dir: /media/shyunc/DATA/KSpec/KSPEC_ICS/GFA/Simul/kspec_gfa_controller/src/img/procimg
2025-08-06 14:59:10,697 [DEBUG] Final astro dir: /media/shyunc/DATA/KSpec/KSPEC_ICS/GFA/Simul/kspec_gfa_controller/src/img/astroimg/
2025-08-06 14:59:10,697 [DEBUG] Cutout dir: /media/shyunc/DATA/KSpec/KSPEC_ICS/GFA/Simul/kspec_gfa_controller/src/img/cutout
2025-08-06 14:59:10,697 [INFO] GFAGuider setup complete.
2025-08-06 14:59:10,697 [INFO] Initialized GFAEnvironment with role 'finder' and cameras [7]
2025-08-06 14:59:30,794 [INFO] Initialized GFAEnvironment with role 'plate' and cameras [1, 2, 3, 4, 5, 6]
2025-08-06 14:59:30,794 [INFO] Initializing gfa_astrometry class.
2025-08-06 14:59:30,794 [INFO] Initializing GFAGuider...
2025-08-06 14:59:30,795 [DEBUG] Processed dir: /media/shyunc/DATA/KSpec/KSPEC_ICS/GFA/Simul/kspec_gfa_controller/src/img/procimg
2025-08-06 14:59:30,795 [DEBUG] Final astro dir: /media/shyunc/DATA/KSpec/KSPEC_ICS/GFA/Simul/kspec_gfa_controller/src/img/astroimg/
2025-08-06 14:59:30,795 [DEBUG] Cutout dir: /media/shyunc/DATA/KSpec/KSPEC_ICS/GFA/Simul/kspec_gfa_controller/src/img/cutout
2025-08-06 14:59:30,795 [INFO] GFAGuider setup complete.
2025-08-06 14:59:30,795 [INFO] Initialized GFAEnvironment with role 'finder' and cameras [7]
2025-08-06 15:00:10,065 [INFO] Initialized GFAEnvironment with role 'plate' and cameras [1, 2, 3, 4, 5, 6]
2025-08-06 15:00:10,066 [INFO] Initializing gfa_astrometry class.
2025-08-06 15:00:10,066 [INFO] Initializing GFAGuider...
2025-08-06 15:00:10,066 [DEBUG] Processed dir: /media/shyunc/DATA/KSpec/KSPEC_ICS/GFA/Simul/kspec_gfa_controller/src/img/procimg
2025-08-06 15:00:10,066 [DEBUG] Final astro dir: /media/shyunc/DATA/KSpec/KSPEC_ICS/GFA/Simul/kspec_gfa_controller/src/img/astroimg/
2025-08-06 15:00:10,066 [DEBUG] Cutout dir: /media/shyunc/DATA/KSpec/KSPEC_ICS/GFA/Simul/kspec_gfa_controller/src/img/cutout
2025-08-06 15:00:10,066 [INFO] GFAGuider setup complete.
2025-08-06 15:00:10,066 [INFO] Initialized GFAEnvironment with role 'finder' and cameras [7]
2025-08-06 15:00:14,993 [INFO] Image save path: /media/shyunc/DATA/KSpec/KSPEC_ICS/GFA/Simul/kspec_gfa_controller/src/img/grab/2025-08-06
2025-08-06 15:00:14,993 [INFO] Grabbing from camera 1 (ExpTime=4.0, Binning=4)
2025-08-06 15:00:37,291 [INFO] Starting guiding sequence...
2025-08-06 15:00:37,292 [INFO] Grabbing raw image...
2025-08-06 15:00:42,293 [INFO] Running astrometry preprocessing...
2025-08-06 15:00:42,294 [INFO] Executing guider offset calculation...
2025-08-06 15:00:42,295 [INFO] Clearing temp astrometry data...
2025-08-06 15:00:42,295 [INFO] Deleting raw and processed files.
2025-08-06 15:00:42,297 [INFO] Deleted 0 files in directory: /media/shyunc/DATA/KSpec/KSPEC_ICS/GFA/Simul/kspec_gfa_controller/src/img/raw
2025-08-06 15:00:42,297 [INFO] Deleted 0 files in directory: /media/shyunc/DATA/KSpec/KSPEC_ICS/GFA/Simul/kspec_gfa_controller/src/img/procimg
2025-08-06 15:00:42,298 [INFO] Deleted 0 raw files and 0 processed files.
2025-08-06 15:55:21,793 [INFO] Initialized GFAEnvironment with role 'plate' and cameras [1, 2, 3, 4, 5, 6]
2025-08-06 15:55:21,793 [INFO] Initializing gfa_astrometry class.
2025-08-06 15:55:21,793 [INFO] Initializing GFAGuider...
2025-08-06 15:55:21,793 [DEBUG] Processed dir: /media/shyunc/DATA/KSpec/KSPEC_ICS/GFA/Simul/kspec_gfa_controller/src/img/procimg
2025-08-06 15:55:21,793 [DEBUG] Final astro dir: /media/shyunc/DATA/KSpec/KSPEC_ICS/GFA/Simul/kspec_gfa_controller/src/img/astroimg/
2025-08-06 15:55:21,793 [DEBUG] Cutout dir: /media/shyunc/DATA/KSpec/KSPEC_ICS/GFA/Simul/kspec_gfa_controller/src/img/cutout
2025-08-06 15:55:21,793 [INFO] GFAGuider setup complete.
2025-08-06 15:55:21,793 [INFO] Initialized GFAEnvironment with role 'finder' and cameras [7]
2025-08-06 15:56:30,916 [INFO] Image save path: /media/shyunc/DATA/KSpec/KSPEC_ICS/GFA/Simul/kspec_gfa_controller/src/img/grab/2025-08-06
2025-08-06 15:56:30,917 [INFO] Grabbing from camera 1 (ExpTime=3.0, Binning=4)
2025-08-06 15:57:27,310 [INFO] Image save path: /media/shyunc/DATA/KSpec/KSPEC_ICS/GFA/Simul/kspec_gfa_controller/src/img/grab/2025-08-06
2025-08-06 15:57:27,311 [INFO] Grabbing from camera 2 (ExpTime=3.0, Binning=4)
2025-08-06 15:58:39,805 [INFO] Image save path: /media/shyunc/DATA/KSpec/KSPEC_ICS/GFA/Simul/kspec_gfa_controller/src/img/grab/2025-08-06
2025-08-06 15:58:39,805 [INFO] Grabbing from camera 3 (ExpTime=1.0, Binning=4)
2025-08-06 16:10:11,648 [INFO] Initialized GFAEnvironment with role 'plate' and cameras [1, 2, 3, 4, 5, 6]
2025-08-06 16:10:11,648 [INFO] Initializing gfa_astrometry class.
2025-08-06 16:10:11,648 [INFO] Initializing GFAGuider...
2025-08-06 16:10:11,648 [DEBUG] Processed dir: /media/shyunc/DATA/KSpec/KSPEC_ICS/GFA/Simul/kspec_gfa_controller/src/img/procimg
2025-08-06 16:10:11,648 [DEBUG] Final astro dir: /media/shyunc/DATA/KSpec/KSPEC_ICS/GFA/Simul/kspec_gfa_controller/src/img/astroimg/
2025-08-06 16:10:11,648 [DEBUG] Cutout dir: /media/shyunc/DATA/KSpec/KSPEC_ICS/GFA/Simul/kspec_gfa_controller/src/img/cutout
2025-08-06 16:10:11,649 [INFO] GFAGuider setup complete.
2025-08-06 16:10:11,649 [INFO] Initialized GFAEnvironment with role 'finder' and cameras [7]
2025-08-06 16:10:18,340 [INFO] Image save path: /media/shyunc/DATA/KSpec/KSPEC_ICS/GFA/Simul/kspec_gfa_controller/src/img/grab/2025-08-06
2025-08-06 16:10:18,341 [INFO] Grabbing from camera 1 (ExpTime=3.0, Binning=4)
2025-08-06 16:44:35,482 [INFO] Initialized GFAEnvironment with role 'plate' and cameras [1, 2, 3, 4, 5, 6]
2025-08-06 16:44:35,482 [INFO] Initializing gfa_astrometry class.
2025-08-06 16:44:35,482 [INFO] Initializing GFAGuider...
2025-08-06 16:44:35,482 [DEBUG] Processed dir: /media/shyunc/DATA/KSpec/KSPEC_ICS/GFA/Simul/kspec_gfa_controller/src/img/procimg
2025-08-06 16:44:35,482 [DEBUG] Final astro dir: /media/shyunc/DATA/KSpec/KSPEC_ICS/GFA/Simul/kspec_gfa_controller/src/img/astroimg/
2025-08-06 16:44:35,482 [DEBUG] Cutout dir: /media/shyunc/DATA/KSpec/KSPEC_ICS/GFA/Simul/kspec_gfa_controller/src/img/cutout
2025-08-06 16:44:35,482 [INFO] GFAGuider setup complete.
2025-08-06 16:44:35,483 [INFO] Initialized GFAEnvironment with role 'finder' and cameras [7]
2025-08-06 16:44:43,075 [INFO] Image save path: /media/shyunc/DATA/KSpec/KSPEC_ICS/GFA/Simul/kspec_gfa_controller/src/img/grab/2025-08-06
2025-08-06 16:44:43,075 [INFO] Grabbing from camera 1 (ExpTime=4.0, Binning=4)
2025-08-06 16:44:54,392 [INFO] Image save path: /media/shyunc/DATA/KSpec/KSPEC_ICS/GFA/Simul/kspec_gfa_controller/src/img/grab/2025-08-06
2025-08-06 16:44:54,392 [INFO] Grabbing from all plate cameras...
2025-08-06 16:44:54,393 [INFO] Grabbing from Cam1 (ExpTime=4.0, Binning=4)
2025-08-06 16:44:54,394 [INFO] Grabbing from Cam2 (ExpTime=4.0, Binning=4)
2025-08-06 16:44:54,394 [INFO] Grabbing from Cam3 (ExpTime=4.0, Binning=4)
2025-08-06 16:44:54,395 [INFO] Grabbing from Cam4 (ExpTime=4.0, Binning=4)
2025-08-06 16:44:54,395 [INFO] Grabbing from Cam5 (ExpTime=4.0, Binning=4)
2025-08-06 16:44:54,396 [INFO] Grabbing from Cam6 (ExpTime=4.0, Binning=4)
2025-08-06 16:45:59,880 [INFO] Image save path: /media/shyunc/DATA/KSpec/KSPEC_ICS/GFA/Simul/kspec_gfa_controller/src/img/grab/2025-08-06
2025-08-06 16:45:59,880 [INFO] Grabbing from camera 2 (ExpTime=3.0, Binning=4)
2025-08-06 16:47:08,125 [INFO] Image save path: /media/shyunc/DATA/KSpec/KSPEC_ICS/GFA/Simul/kspec_gfa_controller/src/img/grab/2025-08-06
2025-08-06 16:47:08,126 [INFO] Grabbing from all plate cameras...
2025-08-06 16:47:08,126 [INFO] Grabbing from Cam1 (ExpTime=3.0, Binning=4)
2025-08-06 16:47:08,127 [INFO] Grabbing from Cam2 (ExpTime=3.0, Binning=4)
2025-08-06 16:47:08,127 [INFO] Grabbing from Cam3 (ExpTime=3.0, Binning=4)
2025-08-06 16:47:08,128 [INFO] Grabbing from Cam4 (ExpTime=3.0, Binning=4)
2025-08-06 16:47:08,128 [INFO] Grabbing from Cam5 (ExpTime=3.0, Binning=4)
2025-08-06 16:47:08,129 [INFO] Grabbing from Cam6 (ExpTime=3.0, Binning=4)
2025-08-06 16:59:40,821 [INFO] Initialized GFAEnvironment with role 'plate' and cameras [1, 2, 3, 4, 5, 6]
2025-08-06 16:59:40,821 [INFO] Initializing gfa_astrometry class.
2025-08-06 16:59:40,822 [INFO] Initializing GFAGuider...
2025-08-06 16:59:40,822 [DEBUG] Processed dir: /media/shyunc/DATA/KSpec/KSPEC_ICS/GFA/Simul/kspec_gfa_controller/src/img/procimg
2025-08-06 16:59:40,822 [DEBUG] Final astro dir: /media/shyunc/DATA/KSpec/KSPEC_ICS/GFA/Simul/kspec_gfa_controller/src/img/astroimg/
2025-08-06 16:59:40,822 [DEBUG] Cutout dir: /media/shyunc/DATA/KSpec/KSPEC_ICS/GFA/Simul/kspec_gfa_controller/src/img/cutout
2025-08-06 16:59:40,822 [INFO] GFAGuider setup complete.
2025-08-06 16:59:40,822 [INFO] Initialized GFAEnvironment with role 'finder' and cameras [7]
2025-08-06 17:00:04,358 [INFO] Starting guiding sequence...
2025-08-06 17:00:04,359 [INFO] Grabbing raw image...
2025-08-06 17:00:09,361 [INFO] Running astrometry preprocessing...
2025-08-06 17:00:09,362 [INFO] Executing guider offset calculation...
2025-08-06 17:00:09,363 [INFO] Clearing temp astrometry data...
2025-08-06 17:00:09,363 [INFO] Deleting raw and processed files.
2025-08-06 17:00:09,365 [INFO] Deleted 0 files in directory: /media/shyunc/DATA/KSpec/KSPEC_ICS/GFA/Simul/kspec_gfa_controller/src/img/raw
2025-08-06 17:00:09,367 [INFO] Deleted 0 files in directory: /media/shyunc/DATA/KSpec/KSPEC_ICS/GFA/Simul/kspec_gfa_controller/src/img/procimg
2025-08-06 17:00:09,367 [INFO] Deleted 0 raw files and 0 processed files.
2025-08-06 17:00:39,372 [INFO] Starting guiding sequence...
2025-08-06 17:00:39,374 [INFO] Grabbing raw image...
2025-08-06 17:00:44,377 [INFO] Running astrometry preprocessing...
2025-08-06 17:00:44,378 [INFO] Executing guider offset calculation...
2025-08-06 17:00:44,378 [INFO] Clearing temp astrometry data...
2025-08-06 17:00:44,379 [INFO] Deleting raw and processed files.
2025-08-06 17:00:44,381 [INFO] Deleted 0 files in directory: /media/shyunc/DATA/KSpec/KSPEC_ICS/GFA/Simul/kspec_gfa_controller/src/img/raw
2025-08-06 17:00:44,381 [INFO] Deleted 0 files in directory: /media/shyunc/DATA/KSpec/KSPEC_ICS/GFA/Simul/kspec_gfa_controller/src/img/procimg
2025-08-06 17:00:44,381 [INFO] Deleted 0 raw files and 0 processed files.
2025-08-06 17:00:59,216 [INFO] Starting guiding sequence...
2025-08-06 17:00:59,217 [INFO] Grabbing raw image...
2025-08-06 17:01:04,218 [INFO] Running astrometry preprocessing...
2025-08-06 17:01:04,219 [INFO] Executing guider offset calculation...
2025-08-06 17:01:04,219 [INFO] Clearing temp astrometry data...
2025-08-06 17:01:04,220 [INFO] Deleting raw and processed files.
2025-08-06 17:01:04,221 [INFO] Deleted 0 files in directory: /media/shyunc/DATA/KSpec/KSPEC_ICS/GFA/Simul/kspec_gfa_controller/src/img/raw
2025-08-06 17:01:04,221 [INFO] Deleted 0 files in directory: /media/shyunc/DATA/KSpec/KSPEC_ICS/GFA/Simul/kspec_gfa_controller/src/img/procimg
2025-08-06 17:01:04,222 [INFO] Deleted 0 raw files and 0 processed files.
