2026-03-16 11:06:00,424 [INFO] Initialized GFAEnvironment with role 'plate' and cameras [1, 2, 3, 4, 5, 6]
2026-03-16 11:06:00,424 [INFO] Initializing GFAGuider...
2026-03-16 11:06:00,424 [DEBUG] Raw dir       : /media/shyunc/DATA/KSpec/KSPEC_ICS/GFA/Simul/kspec_gfa_controller/src/img/raw
2026-03-16 11:06:00,424 [DEBUG] Final astro dir: /media/shyunc/DATA/KSpec/KSPEC_ICS/GFA/Simul/kspec_gfa_controller/src/img/astroimg/
2026-03-16 11:06:00,424 [DEBUG] Cutout dir    : /media/shyunc/DATA/KSpec/KSPEC_ICS/GFA/Simul/kspec_gfa_controller/src/img/cutout
2026-03-16 11:06:00,424 [DEBUG] Star catalog  : /media/shyunc/DATA/KSpec/KSPEC_ICS/GFA/Simul/kspec_gfa_controller/src/img/combined_star.fits
2026-03-16 11:06:00,425 [INFO] GFAGuider setup complete.
2026-03-16 11:06:00,425 [INFO] Initialized GFAEnvironment with role 'finder' and cameras [7]
2026-03-16 14:05:55,070 [INFO] [guiding] save=False, raw_save_path=/media/shyunc/DATA/KSpec/KSPEC_ICS/GFA/Simul/kspec_gfa_controller/src/img/raw, guiding_save_path=/media/shyunc/DATA/KSpec/KSPEC_ICS/GFA/Simul/kspec_gfa_controller/src/img/guiding_save/2026-03-16
2026-03-16 14:05:55,071 [INFO] Starting guiding sequence...
2026-03-16 14:05:55,071 [INFO] Ensuring astrometry outputs are ready (no procimg depeasync def guiding(ndency)...
2026-03-16 14:05:55,139 [INFO] Guiding test......
2026-03-16 14:06:25,143 [INFO] [guiding] save=False, raw_save_path=/media/shyunc/DATA/KSpec/KSPEC_ICS/GFA/Simul/kspec_gfa_controller/src/img/raw, guiding_save_path=/media/shyunc/DATA/KSpec/KSPEC_ICS/GFA/Simul/kspec_gfa_controller/src/img/guiding_save/2026-03-16
2026-03-16 14:06:25,143 [INFO] Starting guiding sequence...
2026-03-16 14:06:25,144 [INFO] Ensuring astrometry outputs are ready (no procimg depeasync def guiding(ndency)...
2026-03-16 14:06:25,204 [INFO] Guiding test......
2026-03-16 14:47:35,063 [INFO] [guiding] save=False, raw_save_path=/media/shyunc/DATA/KSpec/KSPEC_ICS/GFA/Simul/kspec_gfa_controller/src/img/raw, guiding_save_path=/media/shyunc/DATA/KSpec/KSPEC_ICS/GFA/Simul/kspec_gfa_controller/src/img/guiding_save/2026-03-16
2026-03-16 14:47:35,063 [INFO] Starting guiding sequence...
2026-03-16 14:47:35,063 [INFO] Ensuring astrometry outputs are ready (no procimg depeasync def guiding(ndency)...
2026-03-16 14:47:35,125 [INFO] Guiding test......
2026-03-16 14:52:20,051 [INFO] [guiding] save=False, raw_save_path=/media/shyunc/DATA/KSpec/KSPEC_ICS/GFA/Simul/kspec_gfa_controller/src/img/raw, guiding_save_path=/media/shyunc/DATA/KSpec/KSPEC_ICS/GFA/Simul/kspec_gfa_controller/src/img/guiding_save/2026-03-16
2026-03-16 14:52:20,051 [INFO] Starting guiding sequence...
2026-03-16 14:52:20,051 [INFO] Ensuring astrometry outputs are ready (no procimg depeasync def guiding(ndency)...
2026-03-16 14:52:20,115 [INFO] Guiding test......
2026-03-16 14:52:48,050 [INFO] [guiding] save=True, raw_save_path=/media/shyunc/DATA/KSpec/KSPEC_ICS/GFA/Simul/kspec_gfa_controller/src/img/raw, guiding_save_path=/media/shyunc/DATA/KSpec/KSPEC_ICS/GFA/Simul/kspec_gfa_controller/src/img/guiding_save/2026-03-16
2026-03-16 14:52:48,050 [INFO] Starting guiding sequence...
2026-03-16 14:52:48,050 [INFO] Ensuring astrometry outputs are ready (no procimg depeasync def guiding(ndency)...
2026-03-16 14:52:48,115 [INFO] Guiding test......
2026-03-16 14:53:59,056 [INFO] [guiding] save=False, raw_save_path=/media/shyunc/DATA/KSpec/KSPEC_ICS/GFA/Simul/kspec_gfa_controller/src/img/raw, guiding_save_path=/media/shyunc/DATA/KSpec/KSPEC_ICS/GFA/Simul/kspec_gfa_controller/src/img/guiding_save/2026-03-16
2026-03-16 14:53:59,056 [INFO] Starting guiding sequence...
2026-03-16 14:53:59,056 [INFO] Ensuring astrometry outputs are ready (no procimg depeasync def guiding(ndency)...
2026-03-16 14:53:59,118 [INFO] Guiding test......
2026-03-16 15:52:40,661 [INFO] [guiding] save=True, raw_save_path=/media/shyunc/DATA/KSpec/KSPEC_ICS/GFA/Simul/kspec_gfa_controller/src/img/raw, guiding_save_path=/media/shyunc/DATA/KSpec/KSPEC_ICS/GFA/Simul/kspec_gfa_controller/src/img/guiding_save/2026-03-16
2026-03-16 15:52:40,662 [INFO] Starting guiding sequence...
2026-03-16 15:52:40,662 [INFO] Ensuring astrometry outputs are ready (no procimg depeasync def guiding(ndency)...
2026-03-16 15:52:40,726 [INFO] Guiding test......
2026-03-16 16:02:59,224 [INFO] Initialized GFAEnvironment with role 'plate' and cameras [1, 2, 3, 4, 5, 6]
2026-03-16 16:02:59,224 [INFO] Initializing GFAGuider...
2026-03-16 16:02:59,225 [DEBUG] Raw dir       : /media/shyunc/DATA/KSpec/KSPEC_ICS/GFA/Simul/kspec_gfa_controller/src/img/raw
2026-03-16 16:02:59,225 [DEBUG] Final astro dir: /media/shyunc/DATA/KSpec/KSPEC_ICS/GFA/Simul/kspec_gfa_controller/src/img/astroimg/
2026-03-16 16:02:59,225 [DEBUG] Cutout dir    : /media/shyunc/DATA/KSpec/KSPEC_ICS/GFA/Simul/kspec_gfa_controller/src/img/cutout
2026-03-16 16:02:59,225 [DEBUG] Star catalog  : /media/shyunc/DATA/KSpec/KSPEC_ICS/GFA/Simul/kspec_gfa_controller/src/img/combined_star.fits
2026-03-16 16:02:59,225 [INFO] GFAGuider setup complete.
2026-03-16 16:02:59,226 [INFO] Initialized GFAEnvironment with role 'finder' and cameras [7]
2026-03-16 16:04:16,992 [INFO] [guiding] save=True, raw_save_path=/media/shyunc/DATA/KSpec/KSPEC_ICS/GFA/Simul/kspec_gfa_controller/src/img/raw, guiding_save_path=/media/shyunc/DATA/KSpec/KSPEC_ICS/GFA/Simul/kspec_gfa_controller/src/img/guiding_save/2026-03-16
2026-03-16 16:04:16,992 [INFO] Starting guiding sequence...
2026-03-16 16:04:16,992 [INFO] Ensuring astrometry outputs are ready (no procimg depeasync def guiding(ndency)...
2026-03-16 16:04:17,055 [INFO] Guiding test......
2026-03-16 16:06:10,050 [INFO] [guiding] save=False, raw_save_path=/media/shyunc/DATA/KSpec/KSPEC_ICS/GFA/Simul/kspec_gfa_controller/src/img/raw, guiding_save_path=/media/shyunc/DATA/KSpec/KSPEC_ICS/GFA/Simul/kspec_gfa_controller/src/img/guiding_save/2026-03-16
2026-03-16 16:06:10,050 [INFO] Starting guiding sequence...
2026-03-16 16:06:10,050 [INFO] Ensuring astrometry outputs are ready (no procimg depeasync def guiding(ndency)...
2026-03-16 16:06:10,117 [INFO] Guiding test......
2026-03-16 16:18:39,057 [INFO] [guiding] save=False, raw_save_path=/media/shyunc/DATA/KSpec/KSPEC_ICS/GFA/Simul/kspec_gfa_controller/src/img/raw, guiding_save_path=/media/shyunc/DATA/KSpec/KSPEC_ICS/GFA/Simul/kspec_gfa_controller/src/img/guiding_save/2026-03-16
2026-03-16 16:18:39,057 [INFO] Starting guiding sequence...
2026-03-16 16:18:39,057 [INFO] Ensuring astrometry outputs are ready (no procimg depeasync def guiding(ndency)...
2026-03-16 16:18:39,119 [INFO] Guiding test......
2026-03-16 16:19:09,123 [INFO] [guiding] save=False, raw_save_path=/media/shyunc/DATA/KSpec/KSPEC_ICS/GFA/Simul/kspec_gfa_controller/src/img/raw, guiding_save_path=/media/shyunc/DATA/KSpec/KSPEC_ICS/GFA/Simul/kspec_gfa_controller/src/img/guiding_save/2026-03-16
2026-03-16 16:19:09,124 [INFO] Starting guiding sequence...
2026-03-16 16:19:09,124 [INFO] Ensuring astrometry outputs are ready (no procimg depeasync def guiding(ndency)...
2026-03-16 16:19:09,185 [INFO] Guiding test......
2026-03-16 17:01:18,061 [INFO] [guiding] save=False, raw_save_path=/media/shyunc/DATA/KSpec/KSPEC_ICS/GFA/Simul/kspec_gfa_controller/src/img/raw, guiding_save_path=/media/shyunc/DATA/KSpec/KSPEC_ICS/GFA/Simul/kspec_gfa_controller/src/img/guiding_save/2026-03-16
2026-03-16 17:01:18,061 [INFO] Starting guiding sequence...
2026-03-16 17:01:18,061 [INFO] Ensuring astrometry outputs are ready (no procimg depeasync def guiding(ndency)...
2026-03-16 17:01:18,121 [INFO] Guiding test......
