2025-12-03 18:40:25,415 [INFO] Initialized GFAEnvironment with role 'plate' and cameras [1, 2, 3, 4, 5, 6]
2025-12-03 18:40:25,415 [INFO] Initializing gfa_astrometry class.
2025-12-03 18:40:25,416 [INFO] Initializing GFAGuider...
2025-12-03 18:40:25,416 [DEBUG] Processed dir: /media/shyunc/DATA/KSpec/KSPEC_ICS/GFA/Simul/kspec_gfa_controller/src/img/procimg
2025-12-03 18:40:25,416 [DEBUG] Final astro dir: /media/shyunc/DATA/KSpec/KSPEC_ICS/GFA/Simul/kspec_gfa_controller/src/img/astroimg/
2025-12-03 18:40:25,416 [DEBUG] Cutout dir: /media/shyunc/DATA/KSpec/KSPEC_ICS/GFA/Simul/kspec_gfa_controller/src/img/cutout
2025-12-03 18:40:25,416 [INFO] GFAGuider setup complete.
2025-12-03 18:40:25,416 [INFO] Initialized GFAEnvironment with role 'finder' and cameras [7]
2025-12-03 18:40:43,046 [INFO] Querying camera statuses...
2025-12-03 18:41:16,085 [INFO] Starting guiding sequence...
2025-12-03 18:41:16,085 [INFO] Grabbing raw image...
2025-12-03 19:17:51,968 [INFO] Querying camera statuses...
2025-12-03 19:18:51,954 [INFO] Querying camera statuses...
2025-12-03 19:19:44,797 [INFO] Querying camera statuses...
2025-12-03 19:21:13,407 [INFO] Image save path: /media/shyunc/DATA/KSpec/KSPEC_ICS/GFA/Simul/kspec_gfa_controller/src/img/grab/2025-12-03
2025-12-03 19:21:13,408 [INFO] Grabbing from camera 2 (ExpTime=3.0, Binning=4)
2025-12-03 19:21:25,527 [INFO] Image save path: /media/shyunc/DATA/KSpec/KSPEC_ICS/GFA/Simul/kspec_gfa_controller/src/img/grab/2025-12-03
2025-12-03 19:21:25,527 [INFO] Grabbing from camera 2 (ExpTime=5.0, Binning=4)
2025-12-03 19:21:37,237 [INFO] Image save path: /media/shyunc/DATA/KSpec/KSPEC_ICS/GFA/Simul/kspec_gfa_controller/src/img/grab/2025-12-03
2025-12-03 19:21:37,237 [INFO] Grabbing from camera 2 (ExpTime=10.0, Binning=4)
