2025-07-22 14:00:15,859 [INFO] Initialized GFAEnvironment with role 'plate' and cameras [1, 2, 3, 4, 5, 6]
2025-07-22 14:00:15,859 [INFO] Initializing gfa_astrometry class.
2025-07-22 14:00:15,859 [INFO] Initializing GFAGuider...
2025-07-22 14:00:15,860 [DEBUG] Processed dir: /media/shyunc/DATA/KSpec/KSPEC_ICS/GFA/Simul/kspec_gfa_controller/src/img/procimg
2025-07-22 14:00:15,860 [DEBUG] Final astro dir: /media/shyunc/DATA/KSpec/KSPEC_ICS/GFA/Simul/kspec_gfa_controller/src/img/astroimg/
2025-07-22 14:00:15,860 [DEBUG] Cutout dir: /media/shyunc/DATA/KSpec/KSPEC_ICS/GFA/Simul/kspec_gfa_controller/src/img/cutout
2025-07-22 14:00:15,860 [INFO] GFAGuider setup complete.
2025-07-22 14:00:34,097 [INFO] Starting guiding sequence...
2025-07-22 14:00:34,098 [INFO] Grabbing raw image...
2025-07-22 14:00:39,160 [INFO] Running astrometry preprocessing...
2025-07-22 14:00:39,164 [DEBUG] Loaded 3 FITS files.
2025-07-22 14:00:39,164 [INFO] Starting preprocessing for 3 files.
2025-07-22 14:00:39,166 [INFO] No astrometry results found. Running full astrometric solution.
2025-07-22 14:00:39,167 [DEBUG] Starting combined function for file: KMTNge.20230905T094050.0001.fits.
2025-07-22 14:00:39,168 [DEBUG] Starting combined function for file: KMTNgn.20230905T094050.0001.fits.
2025-07-22 14:00:39,168 [DEBUG] Processing file: KMTNge.20230905T094050.0001.fits
2025-07-22 14:00:39,168 [DEBUG] Starting combined function for file: KMTNgs.20230905T094050.0001.fits.
2025-07-22 14:00:39,169 [DEBUG] Processing file: KMTNgn.20230905T094050.0001.fits
2025-07-22 14:00:39,170 [DEBUG] Processing file: KMTNgs.20230905T094050.0001.fits
2025-07-22 14:00:39,210 [INFO] Starting astrometry process for proc_KMTNge.20230905T094050.0001.fits.
2025-07-22 14:00:39,210 [ERROR] Error processing KMTNge.20230905T094050.0001.fits: solve-field not found! Ensure it is installed and in PATH.
2025-07-22 14:00:39,213 [INFO] Starting astrometry process for proc_KMTNgs.20230905T094050.0001.fits.
2025-07-22 14:00:39,214 [INFO] Starting astrometry process for proc_KMTNgn.20230905T094050.0001.fits.
2025-07-22 14:00:39,214 [ERROR] Error processing KMTNgs.20230905T094050.0001.fits: solve-field not found! Ensure it is installed and in PATH.
2025-07-22 14:00:39,214 [ERROR] Error processing KMTNgn.20230905T094050.0001.fits: solve-field not found! Ensure it is installed and in PATH.
2025-07-22 14:00:39,214 [WARNING] 3 files failed: ['KMTNge.20230905T094050.0001.fits', 'KMTNgs.20230905T094050.0001.fits', 'KMTNgn.20230905T094050.0001.fits']
2025-07-22 14:00:39,214 [INFO] Starting star catalog generation.
2025-07-22 14:00:39,214 [DEBUG] Found 0 .corr files in /media/shyunc/DATA/KSpec/KSPEC_ICS/GFA/Simul/kspec_gfa_controller/src/img/tempfiles.
2025-07-22 14:00:39,214 [ERROR] No .corr files found in the temp directory.
2025-07-22 14:00:39,214 [INFO] Removing temporary files.
2025-07-22 14:00:39,214 [DEBUG] Temporary files removed from /media/shyunc/DATA/KSpec/KSPEC_ICS/GFA/Simul/kspec_gfa_controller/src/img/tempfiles.
2025-07-22 14:00:39,215 [INFO] Preprocessing completed in 0.05 seconds.
2025-07-22 14:00:39,215 [INFO] Executing guider offset calculation...
2025-07-22 14:00:39,215 [INFO] ========== Starting guide star calibration process ==========
2025-07-22 14:00:39,215 [ERROR] No astrometry FITS files found in /media/shyunc/DATA/KSpec/KSPEC_ICS/GFA/Simul/kspec_gfa_controller/src/img/astroimg/.
2025-07-22 14:00:39,215 [INFO] Clearing temp astrometry data...
2025-07-22 14:00:39,215 [INFO] Deleting raw and processed files.
2025-07-22 14:00:39,215 [DEBUG] Deleted file: /media/shyunc/DATA/KSpec/KSPEC_ICS/GFA/Simul/kspec_gfa_controller/src/img/raw/KMTNge.20230905T094050.0001.fits
2025-07-22 14:00:39,215 [DEBUG] Deleted file: /media/shyunc/DATA/KSpec/KSPEC_ICS/GFA/Simul/kspec_gfa_controller/src/img/raw/KMTNgn.20230905T094050.0001.fits
2025-07-22 14:00:39,215 [DEBUG] Deleted file: /media/shyunc/DATA/KSpec/KSPEC_ICS/GFA/Simul/kspec_gfa_controller/src/img/raw/KMTNgs.20230905T094050.0001.fits
2025-07-22 14:00:39,215 [INFO] Deleted 3 files in directory: /media/shyunc/DATA/KSpec/KSPEC_ICS/GFA/Simul/kspec_gfa_controller/src/img/raw
2025-07-22 14:00:39,216 [DEBUG] Deleted file: /media/shyunc/DATA/KSpec/KSPEC_ICS/GFA/Simul/kspec_gfa_controller/src/img/procimg/proc_KMTNge.20230905T094050.0001.fits
2025-07-22 14:00:39,216 [DEBUG] Deleted file: /media/shyunc/DATA/KSpec/KSPEC_ICS/GFA/Simul/kspec_gfa_controller/src/img/procimg/proc_KMTNgn.20230905T094050.0001.fits
2025-07-22 14:00:39,216 [DEBUG] Deleted file: /media/shyunc/DATA/KSpec/KSPEC_ICS/GFA/Simul/kspec_gfa_controller/src/img/procimg/proc_KMTNgs.20230905T094050.0001.fits
2025-07-22 14:00:39,216 [INFO] Deleted 3 files in directory: /media/shyunc/DATA/KSpec/KSPEC_ICS/GFA/Simul/kspec_gfa_controller/src/img/procimg
2025-07-22 14:00:39,216 [INFO] Deleted 3 raw files and 3 processed files.
2025-07-22 14:33:00,135 [INFO] Initialized GFAEnvironment with role 'plate' and cameras [1, 2, 3, 4, 5, 6]
2025-07-22 14:33:00,135 [INFO] Initializing gfa_astrometry class.
2025-07-22 14:33:00,135 [INFO] Initializing GFAGuider...
2025-07-22 14:33:00,136 [DEBUG] Processed dir: /media/shyunc/DATA/KSpec/KSPEC_ICS/GFA/Simul/kspec_gfa_controller/src/img/procimg
2025-07-22 14:33:00,136 [DEBUG] Final astro dir: /media/shyunc/DATA/KSpec/KSPEC_ICS/GFA/Simul/kspec_gfa_controller/src/img/astroimg/
2025-07-22 14:33:00,136 [DEBUG] Cutout dir: /media/shyunc/DATA/KSpec/KSPEC_ICS/GFA/Simul/kspec_gfa_controller/src/img/cutout
2025-07-22 14:33:00,136 [INFO] GFAGuider setup complete.
2025-07-22 14:33:06,394 [INFO] Starting guiding sequence...
2025-07-22 14:33:06,394 [INFO] Grabbing raw image...
2025-07-22 14:33:11,421 [INFO] Running astrometry preprocessing...
2025-07-22 14:33:11,423 [DEBUG] Loaded 3 FITS files.
2025-07-22 14:33:11,423 [INFO] Starting preprocessing for 3 files.
2025-07-22 14:33:11,424 [INFO] No astrometry results found. Running full astrometric solution.
2025-07-22 14:33:11,425 [DEBUG] Starting combined function for file: KMTNge.20230905T094050.0001.fits.
2025-07-22 14:33:11,426 [DEBUG] Starting combined function for file: KMTNgn.20230905T094050.0001.fits.
2025-07-22 14:33:11,426 [DEBUG] Processing file: KMTNge.20230905T094050.0001.fits
2025-07-22 14:33:11,427 [DEBUG] Starting combined function for file: KMTNgs.20230905T094050.0001.fits.
2025-07-22 14:33:11,427 [DEBUG] Processing file: KMTNgn.20230905T094050.0001.fits
2025-07-22 14:33:11,428 [DEBUG] Processing file: KMTNgs.20230905T094050.0001.fits
2025-07-22 14:33:11,466 [INFO] Starting astrometry process for proc_KMTNge.20230905T094050.0001.fits.
2025-07-22 14:33:11,466 [ERROR] Error processing KMTNge.20230905T094050.0001.fits: solve-field not found! Ensure it is installed and in PATH.
2025-07-22 14:33:11,467 [INFO] Starting astrometry process for proc_KMTNgn.20230905T094050.0001.fits.
2025-07-22 14:33:11,468 [INFO] Starting astrometry process for proc_KMTNgs.20230905T094050.0001.fits.
2025-07-22 14:33:11,468 [ERROR] Error processing KMTNgn.20230905T094050.0001.fits: solve-field not found! Ensure it is installed and in PATH.
2025-07-22 14:33:11,468 [ERROR] Error processing KMTNgs.20230905T094050.0001.fits: solve-field not found! Ensure it is installed and in PATH.
2025-07-22 14:33:11,468 [WARNING] 3 files failed: ['KMTNge.20230905T094050.0001.fits', 'KMTNgn.20230905T094050.0001.fits', 'KMTNgs.20230905T094050.0001.fits']
2025-07-22 14:33:11,468 [INFO] Starting star catalog generation.
2025-07-22 14:33:11,469 [DEBUG] Found 0 .corr files in /media/shyunc/DATA/KSpec/KSPEC_ICS/GFA/Simul/kspec_gfa_controller/src/img/tempfiles.
2025-07-22 14:33:11,469 [ERROR] No .corr files found in the temp directory.
2025-07-22 14:33:11,469 [INFO] Removing temporary files.
2025-07-22 14:33:11,469 [DEBUG] Temporary files removed from /media/shyunc/DATA/KSpec/KSPEC_ICS/GFA/Simul/kspec_gfa_controller/src/img/tempfiles.
2025-07-22 14:33:11,469 [INFO] Preprocessing completed in 0.05 seconds.
2025-07-22 14:33:11,469 [INFO] Executing guider offset calculation...
2025-07-22 14:33:11,469 [INFO] ========== Starting guide star calibration process ==========
2025-07-22 14:33:11,469 [ERROR] No astrometry FITS files found in /media/shyunc/DATA/KSpec/KSPEC_ICS/GFA/Simul/kspec_gfa_controller/src/img/astroimg/.
2025-07-22 14:33:11,469 [INFO] Clearing temp astrometry data...
2025-07-22 14:33:11,469 [INFO] Deleting raw and processed files.
2025-07-22 14:33:11,470 [DEBUG] Deleted file: /media/shyunc/DATA/KSpec/KSPEC_ICS/GFA/Simul/kspec_gfa_controller/src/img/raw/KMTNge.20230905T094050.0001.fits
2025-07-22 14:33:11,470 [DEBUG] Deleted file: /media/shyunc/DATA/KSpec/KSPEC_ICS/GFA/Simul/kspec_gfa_controller/src/img/raw/KMTNgn.20230905T094050.0001.fits
2025-07-22 14:33:11,470 [DEBUG] Deleted file: /media/shyunc/DATA/KSpec/KSPEC_ICS/GFA/Simul/kspec_gfa_controller/src/img/raw/KMTNgs.20230905T094050.0001.fits
2025-07-22 14:33:11,470 [INFO] Deleted 3 files in directory: /media/shyunc/DATA/KSpec/KSPEC_ICS/GFA/Simul/kspec_gfa_controller/src/img/raw
2025-07-22 14:33:11,470 [DEBUG] Deleted file: /media/shyunc/DATA/KSpec/KSPEC_ICS/GFA/Simul/kspec_gfa_controller/src/img/procimg/proc_KMTNge.20230905T094050.0001.fits
2025-07-22 14:33:11,470 [DEBUG] Deleted file: /media/shyunc/DATA/KSpec/KSPEC_ICS/GFA/Simul/kspec_gfa_controller/src/img/procimg/proc_KMTNgn.20230905T094050.0001.fits
2025-07-22 14:33:11,471 [DEBUG] Deleted file: /media/shyunc/DATA/KSpec/KSPEC_ICS/GFA/Simul/kspec_gfa_controller/src/img/procimg/proc_KMTNgs.20230905T094050.0001.fits
2025-07-22 14:33:11,471 [INFO] Deleted 3 files in directory: /media/shyunc/DATA/KSpec/KSPEC_ICS/GFA/Simul/kspec_gfa_controller/src/img/procimg
2025-07-22 14:33:11,471 [INFO] Deleted 3 raw files and 3 processed files.
2025-07-22 14:41:55,248 [INFO] Initialized GFAEnvironment with role 'plate' and cameras [1, 2, 3, 4, 5, 6]
2025-07-22 14:41:55,249 [INFO] Initializing gfa_astrometry class.
2025-07-22 14:41:55,249 [INFO] Initializing GFAGuider...
2025-07-22 14:41:55,249 [DEBUG] Processed dir: /media/shyunc/DATA/KSpec/KSPEC_ICS/GFA/Simul/kspec_gfa_controller/src/img/procimg
2025-07-22 14:41:55,249 [DEBUG] Final astro dir: /media/shyunc/DATA/KSpec/KSPEC_ICS/GFA/Simul/kspec_gfa_controller/src/img/astroimg/
2025-07-22 14:41:55,249 [DEBUG] Cutout dir: /media/shyunc/DATA/KSpec/KSPEC_ICS/GFA/Simul/kspec_gfa_controller/src/img/cutout
2025-07-22 14:41:55,249 [INFO] GFAGuider setup complete.
2025-07-22 14:42:18,659 [INFO] Starting guiding sequence...
2025-07-22 14:42:18,661 [INFO] Grabbing raw image...
2025-07-22 14:42:23,687 [INFO] Running astrometry preprocessing...
2025-07-22 14:42:23,689 [DEBUG] Loaded 3 FITS files.
2025-07-22 14:42:23,690 [INFO] Starting preprocessing for 3 files.
2025-07-22 14:42:23,691 [INFO] No astrometry results found. Running full astrometric solution.
2025-07-22 14:42:23,692 [DEBUG] Starting combined function for file: KMTNge.20230905T094050.0001.fits.
2025-07-22 14:42:23,693 [DEBUG] Starting combined function for file: KMTNgn.20230905T094050.0001.fits.
2025-07-22 14:42:23,693 [DEBUG] Processing file: KMTNge.20230905T094050.0001.fits
2025-07-22 14:42:23,694 [DEBUG] Starting combined function for file: KMTNgs.20230905T094050.0001.fits.
2025-07-22 14:42:23,694 [DEBUG] Processing file: KMTNgn.20230905T094050.0001.fits
2025-07-22 14:42:23,695 [DEBUG] Processing file: KMTNgs.20230905T094050.0001.fits
2025-07-22 14:42:23,728 [INFO] Starting astrometry process for proc_KMTNgs.20230905T094050.0001.fits.
2025-07-22 14:42:23,729 [ERROR] Error processing KMTNgs.20230905T094050.0001.fits: solve-field not found! Ensure it is installed and in PATH.
2025-07-22 14:42:23,731 [INFO] Starting astrometry process for proc_KMTNgn.20230905T094050.0001.fits.
2025-07-22 14:42:23,731 [ERROR] Error processing KMTNgn.20230905T094050.0001.fits: solve-field not found! Ensure it is installed and in PATH.
2025-07-22 14:42:23,731 [INFO] Starting astrometry process for proc_KMTNge.20230905T094050.0001.fits.
2025-07-22 14:42:23,731 [ERROR] Error processing KMTNge.20230905T094050.0001.fits: solve-field not found! Ensure it is installed and in PATH.
2025-07-22 14:42:23,732 [WARNING] 3 files failed: ['KMTNgs.20230905T094050.0001.fits', 'KMTNgn.20230905T094050.0001.fits', 'KMTNge.20230905T094050.0001.fits']
2025-07-22 14:42:23,732 [INFO] Starting star catalog generation.
2025-07-22 14:42:23,732 [DEBUG] Found 0 .corr files in /media/shyunc/DATA/KSpec/KSPEC_ICS/GFA/Simul/kspec_gfa_controller/src/img/tempfiles.
2025-07-22 14:42:23,732 [ERROR] No .corr files found in the temp directory.
2025-07-22 14:42:23,732 [INFO] Removing temporary files.
2025-07-22 14:42:23,732 [DEBUG] Temporary files removed from /media/shyunc/DATA/KSpec/KSPEC_ICS/GFA/Simul/kspec_gfa_controller/src/img/tempfiles.
2025-07-22 14:42:23,732 [INFO] Preprocessing completed in 0.04 seconds.
2025-07-22 14:42:23,732 [INFO] Executing guider offset calculation...
2025-07-22 14:42:23,733 [INFO] ========== Starting guide star calibration process ==========
2025-07-22 14:42:23,733 [ERROR] No astrometry FITS files found in /media/shyunc/DATA/KSpec/KSPEC_ICS/GFA/Simul/kspec_gfa_controller/src/img/astroimg/.
2025-07-22 14:42:23,733 [INFO] Clearing temp astrometry data...
2025-07-22 14:42:23,733 [INFO] Deleting raw and processed files.
2025-07-22 14:42:23,733 [DEBUG] Deleted file: /media/shyunc/DATA/KSpec/KSPEC_ICS/GFA/Simul/kspec_gfa_controller/src/img/raw/KMTNge.20230905T094050.0001.fits
2025-07-22 14:42:23,733 [DEBUG] Deleted file: /media/shyunc/DATA/KSpec/KSPEC_ICS/GFA/Simul/kspec_gfa_controller/src/img/raw/KMTNgn.20230905T094050.0001.fits
2025-07-22 14:42:23,733 [DEBUG] Deleted file: /media/shyunc/DATA/KSpec/KSPEC_ICS/GFA/Simul/kspec_gfa_controller/src/img/raw/KMTNgs.20230905T094050.0001.fits
2025-07-22 14:42:23,734 [INFO] Deleted 3 files in directory: /media/shyunc/DATA/KSpec/KSPEC_ICS/GFA/Simul/kspec_gfa_controller/src/img/raw
2025-07-22 14:42:23,734 [DEBUG] Deleted file: /media/shyunc/DATA/KSpec/KSPEC_ICS/GFA/Simul/kspec_gfa_controller/src/img/procimg/proc_KMTNge.20230905T094050.0001.fits
2025-07-22 14:42:23,734 [DEBUG] Deleted file: /media/shyunc/DATA/KSpec/KSPEC_ICS/GFA/Simul/kspec_gfa_controller/src/img/procimg/proc_KMTNgn.20230905T094050.0001.fits
2025-07-22 14:42:23,734 [DEBUG] Deleted file: /media/shyunc/DATA/KSpec/KSPEC_ICS/GFA/Simul/kspec_gfa_controller/src/img/procimg/proc_KMTNgs.20230905T094050.0001.fits
2025-07-22 14:42:23,734 [INFO] Deleted 3 files in directory: /media/shyunc/DATA/KSpec/KSPEC_ICS/GFA/Simul/kspec_gfa_controller/src/img/procimg
2025-07-22 14:42:23,734 [INFO] Deleted 3 raw files and 3 processed files.
2025-07-22 14:44:01,012 [INFO] Starting guiding sequence...
2025-07-22 14:44:01,013 [INFO] Grabbing raw image...
2025-07-22 14:46:59,662 [INFO] Starting guiding sequence...
2025-07-22 14:46:59,664 [INFO] Grabbing raw image...
2025-07-22 14:47:04,715 [INFO] Running astrometry preprocessing...
2025-07-22 14:47:04,718 [DEBUG] Loaded 6 FITS files.
2025-07-22 14:47:04,718 [INFO] Starting preprocessing for 6 files.
2025-07-22 14:47:04,720 [INFO] No astrometry results found. Running full astrometric solution.
2025-07-22 14:47:04,721 [DEBUG] Starting combined function for file: KMTNge.20230905T094259.0001.fits.
2025-07-22 14:47:04,721 [DEBUG] Processing file: KMTNge.20230905T094259.0001.fits
2025-07-22 14:47:04,722 [DEBUG] Starting combined function for file: KMTNge.20230905T094503.0001.fits.
2025-07-22 14:47:04,722 [DEBUG] Starting combined function for file: KMTNgn.20230905T094259.0001.fits.
2025-07-22 14:47:04,723 [DEBUG] Processing file: KMTNge.20230905T094503.0001.fits
2025-07-22 14:47:04,724 [DEBUG] Starting combined function for file: KMTNgn.20230905T094503.0001.fits.
2025-07-22 14:47:04,725 [DEBUG] Starting combined function for file: KMTNgs.20230905T094259.0001.fits.
2025-07-22 14:47:04,725 [DEBUG] Processing file: KMTNgn.20230905T094259.0001.fits
2025-07-22 14:47:04,726 [DEBUG] Starting combined function for file: KMTNgs.20230905T094503.0001.fits.
2025-07-22 14:47:04,727 [DEBUG] Processing file: KMTNgn.20230905T094503.0001.fits
2025-07-22 14:47:04,728 [DEBUG] Processing file: KMTNgs.20230905T094259.0001.fits
2025-07-22 14:47:04,729 [DEBUG] Processing file: KMTNgs.20230905T094503.0001.fits
2025-07-22 14:47:04,779 [INFO] Starting astrometry process for proc_KMTNge.20230905T094259.0001.fits.
2025-07-22 14:47:04,779 [INFO] Starting astrometry process for proc_KMTNge.20230905T094503.0001.fits.
2025-07-22 14:47:04,779 [ERROR] Error processing KMTNge.20230905T094259.0001.fits: solve-field not found! Ensure it is installed and in PATH.
2025-07-22 14:47:04,779 [ERROR] Error processing KMTNge.20230905T094503.0001.fits: solve-field not found! Ensure it is installed and in PATH.
2025-07-22 14:47:04,782 [INFO] Starting astrometry process for proc_KMTNgn.20230905T094259.0001.fits.
2025-07-22 14:47:04,782 [ERROR] Error processing KMTNgn.20230905T094259.0001.fits: solve-field not found! Ensure it is installed and in PATH.
2025-07-22 14:47:04,784 [INFO] Starting astrometry process for proc_KMTNgs.20230905T094259.0001.fits.
2025-07-22 14:47:04,784 [ERROR] Error processing KMTNgs.20230905T094259.0001.fits: solve-field not found! Ensure it is installed and in PATH.
2025-07-22 14:47:04,786 [INFO] Starting astrometry process for proc_KMTNgs.20230905T094503.0001.fits.
2025-07-22 14:47:04,786 [INFO] Starting astrometry process for proc_KMTNgn.20230905T094503.0001.fits.
2025-07-22 14:47:04,786 [ERROR] Error processing KMTNgs.20230905T094503.0001.fits: solve-field not found! Ensure it is installed and in PATH.
2025-07-22 14:47:04,786 [ERROR] Error processing KMTNgn.20230905T094503.0001.fits: solve-field not found! Ensure it is installed and in PATH.
2025-07-22 14:47:04,787 [WARNING] 6 files failed: ['KMTNge.20230905T094259.0001.fits', 'KMTNge.20230905T094503.0001.fits', 'KMTNgn.20230905T094259.0001.fits', 'KMTNgs.20230905T094259.0001.fits', 'KMTNgs.20230905T094503.0001.fits', 'KMTNgn.20230905T094503.0001.fits']
2025-07-22 14:47:04,787 [INFO] Starting star catalog generation.
2025-07-22 14:47:04,788 [DEBUG] Found 0 .corr files in /media/shyunc/DATA/KSpec/KSPEC_ICS/GFA/Simul/kspec_gfa_controller/src/img/tempfiles.
2025-07-22 14:47:04,788 [ERROR] No .corr files found in the temp directory.
2025-07-22 14:47:04,788 [INFO] Removing temporary files.
2025-07-22 14:47:04,788 [DEBUG] Temporary files removed from /media/shyunc/DATA/KSpec/KSPEC_ICS/GFA/Simul/kspec_gfa_controller/src/img/tempfiles.
2025-07-22 14:47:04,788 [INFO] Preprocessing completed in 0.07 seconds.
2025-07-22 14:47:04,788 [INFO] Executing guider offset calculation...
2025-07-22 14:47:04,788 [INFO] ========== Starting guide star calibration process ==========
2025-07-22 14:47:04,788 [ERROR] No astrometry FITS files found in /media/shyunc/DATA/KSpec/KSPEC_ICS/GFA/Simul/kspec_gfa_controller/src/img/astroimg/.
2025-07-22 14:47:04,788 [INFO] Clearing temp astrometry data...
2025-07-22 14:47:04,788 [INFO] Deleting raw and processed files.
2025-07-22 14:47:04,788 [DEBUG] Deleted file: /media/shyunc/DATA/KSpec/KSPEC_ICS/GFA/Simul/kspec_gfa_controller/src/img/raw/KMTNge.20230905T094259.0001.fits
2025-07-22 14:47:04,789 [DEBUG] Deleted file: /media/shyunc/DATA/KSpec/KSPEC_ICS/GFA/Simul/kspec_gfa_controller/src/img/raw/KMTNge.20230905T094503.0001.fits
2025-07-22 14:47:04,789 [DEBUG] Deleted file: /media/shyunc/DATA/KSpec/KSPEC_ICS/GFA/Simul/kspec_gfa_controller/src/img/raw/KMTNgn.20230905T094259.0001.fits
2025-07-22 14:47:04,789 [DEBUG] Deleted file: /media/shyunc/DATA/KSpec/KSPEC_ICS/GFA/Simul/kspec_gfa_controller/src/img/raw/KMTNgn.20230905T094503.0001.fits
2025-07-22 14:47:04,789 [DEBUG] Deleted file: /media/shyunc/DATA/KSpec/KSPEC_ICS/GFA/Simul/kspec_gfa_controller/src/img/raw/KMTNgs.20230905T094259.0001.fits
2025-07-22 14:47:04,789 [DEBUG] Deleted file: /media/shyunc/DATA/KSpec/KSPEC_ICS/GFA/Simul/kspec_gfa_controller/src/img/raw/KMTNgs.20230905T094503.0001.fits
2025-07-22 14:47:04,790 [INFO] Deleted 6 files in directory: /media/shyunc/DATA/KSpec/KSPEC_ICS/GFA/Simul/kspec_gfa_controller/src/img/raw
2025-07-22 14:47:04,790 [DEBUG] Deleted file: /media/shyunc/DATA/KSpec/KSPEC_ICS/GFA/Simul/kspec_gfa_controller/src/img/procimg/proc_KMTNge.20230905T094259.0001.fits
2025-07-22 14:47:04,790 [DEBUG] Deleted file: /media/shyunc/DATA/KSpec/KSPEC_ICS/GFA/Simul/kspec_gfa_controller/src/img/procimg/proc_KMTNge.20230905T094503.0001.fits
2025-07-22 14:47:04,790 [DEBUG] Deleted file: /media/shyunc/DATA/KSpec/KSPEC_ICS/GFA/Simul/kspec_gfa_controller/src/img/procimg/proc_KMTNgn.20230905T094259.0001.fits
2025-07-22 14:47:04,790 [DEBUG] Deleted file: /media/shyunc/DATA/KSpec/KSPEC_ICS/GFA/Simul/kspec_gfa_controller/src/img/procimg/proc_KMTNgn.20230905T094503.0001.fits
2025-07-22 14:47:04,791 [DEBUG] Deleted file: /media/shyunc/DATA/KSpec/KSPEC_ICS/GFA/Simul/kspec_gfa_controller/src/img/procimg/proc_KMTNgs.20230905T094259.0001.fits
2025-07-22 14:47:04,791 [DEBUG] Deleted file: /media/shyunc/DATA/KSpec/KSPEC_ICS/GFA/Simul/kspec_gfa_controller/src/img/procimg/proc_KMTNgs.20230905T094503.0001.fits
2025-07-22 14:47:04,791 [INFO] Deleted 6 files in directory: /media/shyunc/DATA/KSpec/KSPEC_ICS/GFA/Simul/kspec_gfa_controller/src/img/procimg
2025-07-22 14:47:04,791 [INFO] Deleted 6 raw files and 6 processed files.
2025-07-22 14:51:46,872 [INFO] Initialized GFAEnvironment with role 'plate' and cameras [1, 2, 3, 4, 5, 6]
2025-07-22 14:51:46,872 [INFO] Initializing gfa_astrometry class.
2025-07-22 14:51:46,872 [INFO] Initializing GFAGuider...
2025-07-22 14:51:46,872 [DEBUG] Processed dir: /media/shyunc/DATA/KSpec/KSPEC_ICS/GFA/Simul/kspec_gfa_controller/src/img/procimg
2025-07-22 14:51:46,872 [DEBUG] Final astro dir: /media/shyunc/DATA/KSpec/KSPEC_ICS/GFA/Simul/kspec_gfa_controller/src/img/astroimg/
2025-07-22 14:51:46,872 [DEBUG] Cutout dir: /media/shyunc/DATA/KSpec/KSPEC_ICS/GFA/Simul/kspec_gfa_controller/src/img/cutout
2025-07-22 14:51:46,872 [INFO] GFAGuider setup complete.
2025-07-22 14:51:51,934 [INFO] Starting guiding sequence...
2025-07-22 14:51:51,935 [INFO] Grabbing raw image...
2025-07-22 14:52:00,687 [INFO] Starting guiding sequence...
2025-07-22 14:52:00,688 [INFO] Grabbing raw image...
2025-07-22 14:52:05,713 [INFO] Running astrometry preprocessing...
2025-07-22 14:52:05,716 [DEBUG] Loaded 6 FITS files.
2025-07-22 14:52:05,716 [INFO] Starting preprocessing for 6 files.
2025-07-22 14:52:05,717 [INFO] No astrometry results found. Running full astrometric solution.
2025-07-22 14:52:05,718 [DEBUG] Starting combined function for file: KMTNge.20230905T094050.0001.fits.
2025-07-22 14:52:05,719 [DEBUG] Starting combined function for file: KMTNge.20230905T094259.0001.fits.
2025-07-22 14:52:05,719 [DEBUG] Processing file: KMTNge.20230905T094050.0001.fits
2025-07-22 14:52:05,720 [DEBUG] Starting combined function for file: KMTNgn.20230905T094050.0001.fits.
2025-07-22 14:52:05,721 [DEBUG] Processing file: KMTNge.20230905T094259.0001.fits
2025-07-22 14:52:05,721 [DEBUG] Starting combined function for file: KMTNgn.20230905T094259.0001.fits.
2025-07-22 14:52:05,722 [DEBUG] Starting combined function for file: KMTNgs.20230905T094050.0001.fits.
2025-07-22 14:52:05,722 [DEBUG] Processing file: KMTNgn.20230905T094050.0001.fits
2025-07-22 14:52:05,722 [DEBUG] Starting combined function for file: KMTNgs.20230905T094259.0001.fits.
2025-07-22 14:52:05,722 [DEBUG] Processing file: KMTNgn.20230905T094259.0001.fits
2025-07-22 14:52:05,723 [DEBUG] Processing file: KMTNgs.20230905T094050.0001.fits
2025-07-22 14:52:05,723 [DEBUG] Processing file: KMTNgs.20230905T094259.0001.fits
2025-07-22 14:52:05,774 [INFO] Starting astrometry process for proc_KMTNge.20230905T094259.0001.fits.
2025-07-22 14:52:05,775 [ERROR] Error processing KMTNge.20230905T094259.0001.fits: solve-field not found! Ensure it is installed and in PATH.
2025-07-22 14:52:05,776 [INFO] Starting astrometry process for proc_KMTNge.20230905T094050.0001.fits.
2025-07-22 14:52:05,776 [ERROR] Error processing KMTNge.20230905T094050.0001.fits: solve-field not found! Ensure it is installed and in PATH.
2025-07-22 14:52:05,778 [INFO] Starting astrometry process for proc_KMTNgn.20230905T094259.0001.fits.
2025-07-22 14:52:05,778 [ERROR] Error processing KMTNgn.20230905T094259.0001.fits: solve-field not found! Ensure it is installed and in PATH.
2025-07-22 14:52:05,781 [INFO] Starting astrometry process for proc_KMTNgn.20230905T094050.0001.fits.
2025-07-22 14:52:05,781 [ERROR] Error processing KMTNgn.20230905T094050.0001.fits: solve-field not found! Ensure it is installed and in PATH.
2025-07-22 14:52:05,782 [INFO] Starting astrometry process for proc_KMTNgs.20230905T094050.0001.fits.
2025-07-22 14:52:05,782 [ERROR] Error processing KMTNgs.20230905T094050.0001.fits: solve-field not found! Ensure it is installed and in PATH.
2025-07-22 14:52:05,783 [INFO] Starting astrometry process for proc_KMTNgs.20230905T094259.0001.fits.
2025-07-22 14:52:05,783 [ERROR] Error processing KMTNgs.20230905T094259.0001.fits: solve-field not found! Ensure it is installed and in PATH.
2025-07-22 14:52:05,784 [WARNING] 6 files failed: ['KMTNge.20230905T094259.0001.fits', 'KMTNge.20230905T094050.0001.fits', 'KMTNgn.20230905T094259.0001.fits', 'KMTNgn.20230905T094050.0001.fits', 'KMTNgs.20230905T094050.0001.fits', 'KMTNgs.20230905T094259.0001.fits']
2025-07-22 14:52:05,784 [INFO] Starting star catalog generation.
2025-07-22 14:52:05,784 [DEBUG] Found 0 .corr files in /media/shyunc/DATA/KSpec/KSPEC_ICS/GFA/Simul/kspec_gfa_controller/src/img/tempfiles.
2025-07-22 14:52:05,784 [ERROR] No .corr files found in the temp directory.
2025-07-22 14:52:05,784 [INFO] Removing temporary files.
2025-07-22 14:52:05,785 [DEBUG] Temporary files removed from /media/shyunc/DATA/KSpec/KSPEC_ICS/GFA/Simul/kspec_gfa_controller/src/img/tempfiles.
2025-07-22 14:52:05,785 [INFO] Preprocessing completed in 0.07 seconds.
2025-07-22 14:52:05,785 [INFO] Executing guider offset calculation...
2025-07-22 14:52:05,785 [INFO] ========== Starting guide star calibration process ==========
2025-07-22 14:52:05,785 [ERROR] No astrometry FITS files found in /media/shyunc/DATA/KSpec/KSPEC_ICS/GFA/Simul/kspec_gfa_controller/src/img/astroimg/.
2025-07-22 14:52:05,785 [INFO] Clearing temp astrometry data...
2025-07-22 14:52:05,785 [INFO] Deleting raw and processed files.
2025-07-22 14:52:05,785 [DEBUG] Deleted file: /media/shyunc/DATA/KSpec/KSPEC_ICS/GFA/Simul/kspec_gfa_controller/src/img/raw/KMTNge.20230905T094050.0001.fits
2025-07-22 14:52:05,785 [DEBUG] Deleted file: /media/shyunc/DATA/KSpec/KSPEC_ICS/GFA/Simul/kspec_gfa_controller/src/img/raw/KMTNge.20230905T094259.0001.fits
2025-07-22 14:52:05,785 [DEBUG] Deleted file: /media/shyunc/DATA/KSpec/KSPEC_ICS/GFA/Simul/kspec_gfa_controller/src/img/raw/KMTNgn.20230905T094050.0001.fits
2025-07-22 14:52:05,786 [DEBUG] Deleted file: /media/shyunc/DATA/KSpec/KSPEC_ICS/GFA/Simul/kspec_gfa_controller/src/img/raw/KMTNgn.20230905T094259.0001.fits
2025-07-22 14:52:05,786 [DEBUG] Deleted file: /media/shyunc/DATA/KSpec/KSPEC_ICS/GFA/Simul/kspec_gfa_controller/src/img/raw/KMTNgs.20230905T094050.0001.fits
2025-07-22 14:52:05,786 [DEBUG] Deleted file: /media/shyunc/DATA/KSpec/KSPEC_ICS/GFA/Simul/kspec_gfa_controller/src/img/raw/KMTNgs.20230905T094259.0001.fits
2025-07-22 14:52:05,786 [INFO] Deleted 6 files in directory: /media/shyunc/DATA/KSpec/KSPEC_ICS/GFA/Simul/kspec_gfa_controller/src/img/raw
2025-07-22 14:52:05,786 [DEBUG] Deleted file: /media/shyunc/DATA/KSpec/KSPEC_ICS/GFA/Simul/kspec_gfa_controller/src/img/procimg/proc_KMTNge.20230905T094050.0001.fits
2025-07-22 14:52:05,786 [DEBUG] Deleted file: /media/shyunc/DATA/KSpec/KSPEC_ICS/GFA/Simul/kspec_gfa_controller/src/img/procimg/proc_KMTNge.20230905T094259.0001.fits
2025-07-22 14:52:05,786 [DEBUG] Deleted file: /media/shyunc/DATA/KSpec/KSPEC_ICS/GFA/Simul/kspec_gfa_controller/src/img/procimg/proc_KMTNgn.20230905T094050.0001.fits
2025-07-22 14:52:05,787 [DEBUG] Deleted file: /media/shyunc/DATA/KSpec/KSPEC_ICS/GFA/Simul/kspec_gfa_controller/src/img/procimg/proc_KMTNgn.20230905T094259.0001.fits
2025-07-22 14:52:05,787 [DEBUG] Deleted file: /media/shyunc/DATA/KSpec/KSPEC_ICS/GFA/Simul/kspec_gfa_controller/src/img/procimg/proc_KMTNgs.20230905T094050.0001.fits
2025-07-22 14:52:05,787 [DEBUG] Deleted file: /media/shyunc/DATA/KSpec/KSPEC_ICS/GFA/Simul/kspec_gfa_controller/src/img/procimg/proc_KMTNgs.20230905T094259.0001.fits
2025-07-22 14:52:05,787 [INFO] Deleted 6 files in directory: /media/shyunc/DATA/KSpec/KSPEC_ICS/GFA/Simul/kspec_gfa_controller/src/img/procimg
2025-07-22 14:52:05,787 [INFO] Deleted 6 raw files and 6 processed files.
2025-07-22 14:52:21,588 [INFO] Initialized GFAEnvironment with role 'plate' and cameras [1, 2, 3, 4, 5, 6]
2025-07-22 14:52:21,588 [INFO] Initializing gfa_astrometry class.
2025-07-22 14:52:21,588 [INFO] Initializing GFAGuider...
2025-07-22 14:52:21,588 [DEBUG] Processed dir: /media/shyunc/DATA/KSpec/KSPEC_ICS/GFA/Simul/kspec_gfa_controller/src/img/procimg
2025-07-22 14:52:21,588 [DEBUG] Final astro dir: /media/shyunc/DATA/KSpec/KSPEC_ICS/GFA/Simul/kspec_gfa_controller/src/img/astroimg/
2025-07-22 14:52:21,588 [DEBUG] Cutout dir: /media/shyunc/DATA/KSpec/KSPEC_ICS/GFA/Simul/kspec_gfa_controller/src/img/cutout
2025-07-22 14:52:21,588 [INFO] GFAGuider setup complete.
2025-07-22 14:52:27,600 [INFO] Starting guiding sequence...
2025-07-22 14:52:27,601 [INFO] Grabbing raw image...
2025-07-22 14:56:10,731 [INFO] Starting guiding sequence...
2025-07-22 14:56:10,731 [INFO] Grabbing raw image...
2025-07-22 14:56:15,757 [INFO] Running astrometry preprocessing...
2025-07-22 14:56:15,759 [DEBUG] Loaded 6 FITS files.
2025-07-22 14:56:15,760 [INFO] Starting preprocessing for 6 files.
2025-07-22 14:56:15,760 [INFO] No astrometry results found. Running full astrometric solution.
2025-07-22 14:56:15,762 [DEBUG] Starting combined function for file: KMTNge.20230905T094050.0001.fits.
2025-07-22 14:56:15,762 [DEBUG] Starting combined function for file: KMTNge.20230905T094259.0001.fits.
2025-07-22 14:56:15,763 [DEBUG] Processing file: KMTNge.20230905T094050.0001.fits
2025-07-22 14:56:15,763 [DEBUG] Starting combined function for file: KMTNgn.20230905T094050.0001.fits.
2025-07-22 14:56:15,764 [DEBUG] Processing file: KMTNge.20230905T094259.0001.fits
2025-07-22 14:56:15,764 [DEBUG] Starting combined function for file: KMTNgn.20230905T094259.0001.fits.
2025-07-22 14:56:15,765 [DEBUG] Starting combined function for file: KMTNgs.20230905T094050.0001.fits.
2025-07-22 14:56:15,766 [DEBUG] Processing file: KMTNgn.20230905T094050.0001.fits
2025-07-22 14:56:15,766 [DEBUG] Starting combined function for file: KMTNgs.20230905T094259.0001.fits.
2025-07-22 14:56:15,766 [DEBUG] Processing file: KMTNgn.20230905T094259.0001.fits
2025-07-22 14:56:15,766 [DEBUG] Processing file: KMTNgs.20230905T094050.0001.fits
2025-07-22 14:56:15,766 [DEBUG] Processing file: KMTNgs.20230905T094259.0001.fits
2025-07-22 14:56:15,815 [INFO] Starting astrometry process for proc_KMTNge.20230905T094259.0001.fits.
2025-07-22 14:56:15,815 [ERROR] Error processing KMTNge.20230905T094259.0001.fits: solve-field not found! Ensure it is installed and in PATH.
2025-07-22 14:56:15,818 [INFO] Starting astrometry process for proc_KMTNge.20230905T094050.0001.fits.
2025-07-22 14:56:15,820 [INFO] Starting astrometry process for proc_KMTNgn.20230905T094050.0001.fits.
2025-07-22 14:56:15,820 [ERROR] Error processing KMTNge.20230905T094050.0001.fits: solve-field not found! Ensure it is installed and in PATH.
2025-07-22 14:56:15,820 [ERROR] Error processing KMTNgn.20230905T094050.0001.fits: solve-field not found! Ensure it is installed and in PATH.
2025-07-22 14:56:15,821 [INFO] Starting astrometry process for proc_KMTNgn.20230905T094259.0001.fits.
2025-07-22 14:56:15,822 [ERROR] Error processing KMTNgn.20230905T094259.0001.fits: solve-field not found! Ensure it is installed and in PATH.
2025-07-22 14:56:15,826 [INFO] Starting astrometry process for proc_KMTNgs.20230905T094259.0001.fits.
2025-07-22 14:56:15,826 [ERROR] Error processing KMTNgs.20230905T094259.0001.fits: solve-field not found! Ensure it is installed and in PATH.
2025-07-22 14:56:15,827 [INFO] Starting astrometry process for proc_KMTNgs.20230905T094050.0001.fits.
2025-07-22 14:56:15,827 [ERROR] Error processing KMTNgs.20230905T094050.0001.fits: solve-field not found! Ensure it is installed and in PATH.
2025-07-22 14:56:15,827 [WARNING] 6 files failed: ['KMTNge.20230905T094259.0001.fits', 'KMTNge.20230905T094050.0001.fits', 'KMTNgn.20230905T094050.0001.fits', 'KMTNgn.20230905T094259.0001.fits', 'KMTNgs.20230905T094259.0001.fits', 'KMTNgs.20230905T094050.0001.fits']
2025-07-22 14:56:15,828 [INFO] Starting star catalog generation.
2025-07-22 14:56:15,828 [DEBUG] Found 0 .corr files in /media/shyunc/DATA/KSpec/KSPEC_ICS/GFA/Simul/kspec_gfa_controller/src/img/tempfiles.
2025-07-22 14:56:15,828 [ERROR] No .corr files found in the temp directory.
2025-07-22 14:56:15,828 [INFO] Removing temporary files.
2025-07-22 14:56:15,828 [DEBUG] Temporary files removed from /media/shyunc/DATA/KSpec/KSPEC_ICS/GFA/Simul/kspec_gfa_controller/src/img/tempfiles.
2025-07-22 14:56:15,828 [INFO] Preprocessing completed in 0.07 seconds.
2025-07-22 14:56:15,828 [INFO] Executing guider offset calculation...
2025-07-22 14:56:15,828 [INFO] ========== Starting guide star calibration process ==========
2025-07-22 14:56:15,828 [ERROR] No astrometry FITS files found in /media/shyunc/DATA/KSpec/KSPEC_ICS/GFA/Simul/kspec_gfa_controller/src/img/astroimg/.
2025-07-22 14:56:15,828 [INFO] Clearing temp astrometry data...
2025-07-22 14:56:15,828 [INFO] Deleting raw and processed files.
2025-07-22 14:56:15,829 [DEBUG] Deleted file: /media/shyunc/DATA/KSpec/KSPEC_ICS/GFA/Simul/kspec_gfa_controller/src/img/raw/KMTNge.20230905T094050.0001.fits
2025-07-22 14:56:15,829 [DEBUG] Deleted file: /media/shyunc/DATA/KSpec/KSPEC_ICS/GFA/Simul/kspec_gfa_controller/src/img/raw/KMTNge.20230905T094259.0001.fits
2025-07-22 14:56:15,829 [DEBUG] Deleted file: /media/shyunc/DATA/KSpec/KSPEC_ICS/GFA/Simul/kspec_gfa_controller/src/img/raw/KMTNgn.20230905T094050.0001.fits
2025-07-22 14:56:15,829 [DEBUG] Deleted file: /media/shyunc/DATA/KSpec/KSPEC_ICS/GFA/Simul/kspec_gfa_controller/src/img/raw/KMTNgn.20230905T094259.0001.fits
2025-07-22 14:56:15,829 [DEBUG] Deleted file: /media/shyunc/DATA/KSpec/KSPEC_ICS/GFA/Simul/kspec_gfa_controller/src/img/raw/KMTNgs.20230905T094050.0001.fits
2025-07-22 14:56:15,830 [DEBUG] Deleted file: /media/shyunc/DATA/KSpec/KSPEC_ICS/GFA/Simul/kspec_gfa_controller/src/img/raw/KMTNgs.20230905T094259.0001.fits
2025-07-22 14:56:15,830 [INFO] Deleted 6 files in directory: /media/shyunc/DATA/KSpec/KSPEC_ICS/GFA/Simul/kspec_gfa_controller/src/img/raw
2025-07-22 14:56:15,830 [DEBUG] Deleted file: /media/shyunc/DATA/KSpec/KSPEC_ICS/GFA/Simul/kspec_gfa_controller/src/img/procimg/proc_KMTNge.20230905T094050.0001.fits
2025-07-22 14:56:15,830 [DEBUG] Deleted file: /media/shyunc/DATA/KSpec/KSPEC_ICS/GFA/Simul/kspec_gfa_controller/src/img/procimg/proc_KMTNge.20230905T094259.0001.fits
2025-07-22 14:56:15,830 [DEBUG] Deleted file: /media/shyunc/DATA/KSpec/KSPEC_ICS/GFA/Simul/kspec_gfa_controller/src/img/procimg/proc_KMTNgn.20230905T094050.0001.fits
2025-07-22 14:56:15,831 [DEBUG] Deleted file: /media/shyunc/DATA/KSpec/KSPEC_ICS/GFA/Simul/kspec_gfa_controller/src/img/procimg/proc_KMTNgn.20230905T094259.0001.fits
2025-07-22 14:56:15,831 [DEBUG] Deleted file: /media/shyunc/DATA/KSpec/KSPEC_ICS/GFA/Simul/kspec_gfa_controller/src/img/procimg/proc_KMTNgs.20230905T094050.0001.fits
2025-07-22 14:56:15,831 [DEBUG] Deleted file: /media/shyunc/DATA/KSpec/KSPEC_ICS/GFA/Simul/kspec_gfa_controller/src/img/procimg/proc_KMTNgs.20230905T094259.0001.fits
2025-07-22 14:56:15,831 [INFO] Deleted 6 files in directory: /media/shyunc/DATA/KSpec/KSPEC_ICS/GFA/Simul/kspec_gfa_controller/src/img/procimg
2025-07-22 14:56:15,831 [INFO] Deleted 6 raw files and 6 processed files.
2025-07-22 14:56:26,678 [INFO] Starting guiding sequence...
2025-07-22 14:56:26,679 [INFO] Grabbing raw image...
2025-07-22 14:59:04,381 [INFO] Initialized GFAEnvironment with role 'plate' and cameras [1, 2, 3, 4, 5, 6]
2025-07-22 14:59:04,381 [INFO] Initializing gfa_astrometry class.
2025-07-22 14:59:04,381 [INFO] Initializing GFAGuider...
2025-07-22 14:59:04,381 [DEBUG] Processed dir: /media/shyunc/DATA/KSpec/KSPEC_ICS/GFA/Simul/kspec_gfa_controller/src/img/procimg
2025-07-22 14:59:04,381 [DEBUG] Final astro dir: /media/shyunc/DATA/KSpec/KSPEC_ICS/GFA/Simul/kspec_gfa_controller/src/img/astroimg/
2025-07-22 14:59:04,381 [DEBUG] Cutout dir: /media/shyunc/DATA/KSpec/KSPEC_ICS/GFA/Simul/kspec_gfa_controller/src/img/cutout
2025-07-22 14:59:04,381 [INFO] GFAGuider setup complete.
2025-07-22 14:59:13,231 [INFO] Starting guiding sequence...
2025-07-22 14:59:13,232 [INFO] Grabbing raw image...
2025-07-22 14:59:18,261 [INFO] Running astrometry preprocessing...
2025-07-22 14:59:18,264 [DEBUG] Loaded 6 FITS files.
2025-07-22 14:59:18,264 [INFO] Starting preprocessing for 6 files.
2025-07-22 14:59:18,265 [INFO] No astrometry results found. Running full astrometric solution.
2025-07-22 14:59:18,266 [DEBUG] Starting combined function for file: KMTNge.20230905T094050.0001.fits.
2025-07-22 14:59:18,267 [DEBUG] Processing file: KMTNge.20230905T094050.0001.fits
2025-07-22 14:59:18,267 [DEBUG] Starting combined function for file: KMTNge.20230905T094503.0001.fits.
2025-07-22 14:59:18,268 [DEBUG] Starting combined function for file: KMTNgn.20230905T094050.0001.fits.
2025-07-22 14:59:18,269 [DEBUG] Starting combined function for file: KMTNgn.20230905T094503.0001.fits.
2025-07-22 14:59:18,270 [DEBUG] Processing file: KMTNge.20230905T094503.0001.fits
2025-07-22 14:59:18,271 [DEBUG] Starting combined function for file: KMTNgs.20230905T094050.0001.fits.
2025-07-22 14:59:18,271 [DEBUG] Processing file: KMTNgn.20230905T094050.0001.fits
2025-07-22 14:59:18,272 [DEBUG] Starting combined function for file: KMTNgs.20230905T094503.0001.fits.
2025-07-22 14:59:18,272 [DEBUG] Processing file: KMTNgn.20230905T094503.0001.fits
2025-07-22 14:59:18,273 [DEBUG] Processing file: KMTNgs.20230905T094050.0001.fits
2025-07-22 14:59:18,274 [DEBUG] Processing file: KMTNgs.20230905T094503.0001.fits
2025-07-22 14:59:18,326 [INFO] Starting astrometry process for proc_KMTNge.20230905T094050.0001.fits.
2025-07-22 14:59:18,326 [ERROR] Error processing KMTNge.20230905T094050.0001.fits: solve-field not found! Ensure it is installed and in PATH.
2025-07-22 14:59:18,328 [INFO] Starting astrometry process for proc_KMTNgn.20230905T094050.0001.fits.
2025-07-22 14:59:18,328 [ERROR] Error processing KMTNgn.20230905T094050.0001.fits: solve-field not found! Ensure it is installed and in PATH.
2025-07-22 14:59:18,331 [INFO] Starting astrometry process for proc_KMTNge.20230905T094503.0001.fits.
2025-07-22 14:59:18,331 [ERROR] Error processing KMTNge.20230905T094503.0001.fits: solve-field not found! Ensure it is installed and in PATH.
2025-07-22 14:59:18,333 [INFO] Starting astrometry process for proc_KMTNgn.20230905T094503.0001.fits.
2025-07-22 14:59:18,333 [ERROR] Error processing KMTNgn.20230905T094503.0001.fits: solve-field not found! Ensure it is installed and in PATH.
2025-07-22 14:59:18,335 [INFO] Starting astrometry process for proc_KMTNgs.20230905T094503.0001.fits.
2025-07-22 14:59:18,335 [INFO] Starting astrometry process for proc_KMTNgs.20230905T094050.0001.fits.
2025-07-22 14:59:18,335 [ERROR] Error processing KMTNgs.20230905T094503.0001.fits: solve-field not found! Ensure it is installed and in PATH.
2025-07-22 14:59:18,335 [ERROR] Error processing KMTNgs.20230905T094050.0001.fits: solve-field not found! Ensure it is installed and in PATH.
2025-07-22 14:59:18,336 [WARNING] 6 files failed: ['KMTNge.20230905T094050.0001.fits', 'KMTNgn.20230905T094050.0001.fits', 'KMTNge.20230905T094503.0001.fits', 'KMTNgn.20230905T094503.0001.fits', 'KMTNgs.20230905T094503.0001.fits', 'KMTNgs.20230905T094050.0001.fits']
2025-07-22 14:59:18,336 [INFO] Starting star catalog generation.
2025-07-22 14:59:18,336 [DEBUG] Found 0 .corr files in /media/shyunc/DATA/KSpec/KSPEC_ICS/GFA/Simul/kspec_gfa_controller/src/img/tempfiles.
2025-07-22 14:59:18,336 [ERROR] No .corr files found in the temp directory.
2025-07-22 14:59:18,336 [INFO] Removing temporary files.
2025-07-22 14:59:18,337 [DEBUG] Temporary files removed from /media/shyunc/DATA/KSpec/KSPEC_ICS/GFA/Simul/kspec_gfa_controller/src/img/tempfiles.
2025-07-22 14:59:18,337 [INFO] Preprocessing completed in 0.07 seconds.
2025-07-22 14:59:18,337 [INFO] Executing guider offset calculation...
2025-07-22 14:59:18,337 [INFO] ========== Starting guide star calibration process ==========
2025-07-22 14:59:18,337 [ERROR] No astrometry FITS files found in /media/shyunc/DATA/KSpec/KSPEC_ICS/GFA/Simul/kspec_gfa_controller/src/img/astroimg/.
2025-07-22 14:59:18,337 [INFO] Clearing temp astrometry data...
2025-07-22 14:59:18,337 [INFO] Deleting raw and processed files.
2025-07-22 14:59:18,337 [DEBUG] Deleted file: /media/shyunc/DATA/KSpec/KSPEC_ICS/GFA/Simul/kspec_gfa_controller/src/img/raw/KMTNge.20230905T094050.0001.fits
2025-07-22 14:59:18,337 [DEBUG] Deleted file: /media/shyunc/DATA/KSpec/KSPEC_ICS/GFA/Simul/kspec_gfa_controller/src/img/raw/KMTNge.20230905T094503.0001.fits
2025-07-22 14:59:18,338 [DEBUG] Deleted file: /media/shyunc/DATA/KSpec/KSPEC_ICS/GFA/Simul/kspec_gfa_controller/src/img/raw/KMTNgn.20230905T094050.0001.fits
2025-07-22 14:59:18,338 [DEBUG] Deleted file: /media/shyunc/DATA/KSpec/KSPEC_ICS/GFA/Simul/kspec_gfa_controller/src/img/raw/KMTNgn.20230905T094503.0001.fits
2025-07-22 14:59:18,338 [DEBUG] Deleted file: /media/shyunc/DATA/KSpec/KSPEC_ICS/GFA/Simul/kspec_gfa_controller/src/img/raw/KMTNgs.20230905T094050.0001.fits
2025-07-22 14:59:18,338 [DEBUG] Deleted file: /media/shyunc/DATA/KSpec/KSPEC_ICS/GFA/Simul/kspec_gfa_controller/src/img/raw/KMTNgs.20230905T094503.0001.fits
2025-07-22 14:59:18,338 [INFO] Deleted 6 files in directory: /media/shyunc/DATA/KSpec/KSPEC_ICS/GFA/Simul/kspec_gfa_controller/src/img/raw
2025-07-22 14:59:18,338 [DEBUG] Deleted file: /media/shyunc/DATA/KSpec/KSPEC_ICS/GFA/Simul/kspec_gfa_controller/src/img/procimg/proc_KMTNge.20230905T094050.0001.fits
2025-07-22 14:59:18,339 [DEBUG] Deleted file: /media/shyunc/DATA/KSpec/KSPEC_ICS/GFA/Simul/kspec_gfa_controller/src/img/procimg/proc_KMTNge.20230905T094503.0001.fits
2025-07-22 14:59:18,339 [DEBUG] Deleted file: /media/shyunc/DATA/KSpec/KSPEC_ICS/GFA/Simul/kspec_gfa_controller/src/img/procimg/proc_KMTNgn.20230905T094050.0001.fits
2025-07-22 14:59:18,339 [DEBUG] Deleted file: /media/shyunc/DATA/KSpec/KSPEC_ICS/GFA/Simul/kspec_gfa_controller/src/img/procimg/proc_KMTNgn.20230905T094503.0001.fits
2025-07-22 14:59:18,339 [DEBUG] Deleted file: /media/shyunc/DATA/KSpec/KSPEC_ICS/GFA/Simul/kspec_gfa_controller/src/img/procimg/proc_KMTNgs.20230905T094050.0001.fits
2025-07-22 14:59:18,339 [DEBUG] Deleted file: /media/shyunc/DATA/KSpec/KSPEC_ICS/GFA/Simul/kspec_gfa_controller/src/img/procimg/proc_KMTNgs.20230905T094503.0001.fits
2025-07-22 14:59:18,339 [INFO] Deleted 6 files in directory: /media/shyunc/DATA/KSpec/KSPEC_ICS/GFA/Simul/kspec_gfa_controller/src/img/procimg
2025-07-22 14:59:18,339 [INFO] Deleted 6 raw files and 6 processed files.
2025-07-22 14:59:28,395 [INFO] Starting guiding sequence...
2025-07-22 14:59:28,396 [INFO] Grabbing raw image...
2025-07-22 14:59:33,424 [INFO] Running astrometry preprocessing...
2025-07-22 14:59:33,426 [DEBUG] Loaded 3 FITS files.
2025-07-22 14:59:33,426 [INFO] Starting preprocessing for 3 files.
2025-07-22 14:59:33,427 [INFO] No astrometry results found. Running full astrometric solution.
2025-07-22 14:59:33,427 [DEBUG] Starting combined function for file: KMTNge.20230905T094259.0001.fits.
2025-07-22 14:59:33,428 [DEBUG] Starting combined function for file: KMTNgn.20230905T094259.0001.fits.
2025-07-22 14:59:33,428 [DEBUG] Processing file: KMTNge.20230905T094259.0001.fits
2025-07-22 14:59:33,429 [DEBUG] Starting combined function for file: KMTNgs.20230905T094259.0001.fits.
2025-07-22 14:59:33,429 [DEBUG] Processing file: KMTNgn.20230905T094259.0001.fits
2025-07-22 14:59:33,430 [DEBUG] Processing file: KMTNgs.20230905T094259.0001.fits
2025-07-22 14:59:33,456 [INFO] Starting astrometry process for proc_KMTNge.20230905T094259.0001.fits.
2025-07-22 14:59:33,457 [ERROR] Error processing KMTNge.20230905T094259.0001.fits: solve-field not found! Ensure it is installed and in PATH.
2025-07-22 14:59:33,462 [INFO] Starting astrometry process for proc_KMTNgn.20230905T094259.0001.fits.
2025-07-22 14:59:33,462 [ERROR] Error processing KMTNgn.20230905T094259.0001.fits: solve-field not found! Ensure it is installed and in PATH.
2025-07-22 14:59:33,462 [INFO] Starting astrometry process for proc_KMTNgs.20230905T094259.0001.fits.
2025-07-22 14:59:33,463 [ERROR] Error processing KMTNgs.20230905T094259.0001.fits: solve-field not found! Ensure it is installed and in PATH.
2025-07-22 14:59:33,463 [WARNING] 3 files failed: ['KMTNge.20230905T094259.0001.fits', 'KMTNgn.20230905T094259.0001.fits', 'KMTNgs.20230905T094259.0001.fits']
2025-07-22 14:59:33,463 [INFO] Starting star catalog generation.
2025-07-22 14:59:33,463 [DEBUG] Found 0 .corr files in /media/shyunc/DATA/KSpec/KSPEC_ICS/GFA/Simul/kspec_gfa_controller/src/img/tempfiles.
2025-07-22 14:59:33,463 [ERROR] No .corr files found in the temp directory.
2025-07-22 14:59:33,463 [INFO] Removing temporary files.
2025-07-22 14:59:33,464 [DEBUG] Temporary files removed from /media/shyunc/DATA/KSpec/KSPEC_ICS/GFA/Simul/kspec_gfa_controller/src/img/tempfiles.
2025-07-22 14:59:33,464 [INFO] Preprocessing completed in 0.04 seconds.
2025-07-22 14:59:33,464 [INFO] Executing guider offset calculation...
2025-07-22 14:59:33,464 [INFO] ========== Starting guide star calibration process ==========
2025-07-22 14:59:33,464 [ERROR] No astrometry FITS files found in /media/shyunc/DATA/KSpec/KSPEC_ICS/GFA/Simul/kspec_gfa_controller/src/img/astroimg/.
2025-07-22 14:59:33,464 [INFO] Clearing temp astrometry data...
2025-07-22 14:59:33,464 [INFO] Deleting raw and processed files.
2025-07-22 14:59:33,464 [DEBUG] Deleted file: /media/shyunc/DATA/KSpec/KSPEC_ICS/GFA/Simul/kspec_gfa_controller/src/img/raw/KMTNge.20230905T094259.0001.fits
2025-07-22 14:59:33,464 [DEBUG] Deleted file: /media/shyunc/DATA/KSpec/KSPEC_ICS/GFA/Simul/kspec_gfa_controller/src/img/raw/KMTNgn.20230905T094259.0001.fits
2025-07-22 14:59:33,464 [DEBUG] Deleted file: /media/shyunc/DATA/KSpec/KSPEC_ICS/GFA/Simul/kspec_gfa_controller/src/img/raw/KMTNgs.20230905T094259.0001.fits
2025-07-22 14:59:33,464 [INFO] Deleted 3 files in directory: /media/shyunc/DATA/KSpec/KSPEC_ICS/GFA/Simul/kspec_gfa_controller/src/img/raw
2025-07-22 14:59:33,465 [DEBUG] Deleted file: /media/shyunc/DATA/KSpec/KSPEC_ICS/GFA/Simul/kspec_gfa_controller/src/img/procimg/proc_KMTNge.20230905T094259.0001.fits
2025-07-22 14:59:33,465 [DEBUG] Deleted file: /media/shyunc/DATA/KSpec/KSPEC_ICS/GFA/Simul/kspec_gfa_controller/src/img/procimg/proc_KMTNgn.20230905T094259.0001.fits
2025-07-22 14:59:33,465 [DEBUG] Deleted file: /media/shyunc/DATA/KSpec/KSPEC_ICS/GFA/Simul/kspec_gfa_controller/src/img/procimg/proc_KMTNgs.20230905T094259.0001.fits
2025-07-22 14:59:33,465 [INFO] Deleted 3 files in directory: /media/shyunc/DATA/KSpec/KSPEC_ICS/GFA/Simul/kspec_gfa_controller/src/img/procimg
2025-07-22 14:59:33,465 [INFO] Deleted 3 raw files and 3 processed files.
2025-07-22 15:51:11,524 [INFO] Initialized GFAEnvironment with role 'plate' and cameras [1, 2, 3, 4, 5, 6]
2025-07-22 15:51:11,524 [INFO] Initializing gfa_astrometry class.
2025-07-22 15:51:11,525 [INFO] Initializing GFAGuider...
2025-07-22 15:51:11,525 [DEBUG] Processed dir: /media/shyunc/DATA/KSpec/KSPEC_ICS/GFA/Simul/kspec_gfa_controller/src/img/procimg
2025-07-22 15:51:11,525 [DEBUG] Final astro dir: /media/shyunc/DATA/KSpec/KSPEC_ICS/GFA/Simul/kspec_gfa_controller/src/img/astroimg/
2025-07-22 15:51:11,525 [DEBUG] Cutout dir: /media/shyunc/DATA/KSpec/KSPEC_ICS/GFA/Simul/kspec_gfa_controller/src/img/cutout
2025-07-22 15:51:11,525 [INFO] GFAGuider setup complete.
2025-07-22 15:52:11,918 [INFO] Initialized GFAEnvironment with role 'plate' and cameras [1, 2, 3, 4, 5, 6]
2025-07-22 15:52:11,918 [INFO] Initializing gfa_astrometry class.
2025-07-22 15:52:11,919 [INFO] Initializing GFAGuider...
2025-07-22 15:52:11,919 [DEBUG] Processed dir: /media/shyunc/DATA/KSpec/KSPEC_ICS/GFA/Simul/kspec_gfa_controller/src/img/procimg
2025-07-22 15:52:11,919 [DEBUG] Final astro dir: /media/shyunc/DATA/KSpec/KSPEC_ICS/GFA/Simul/kspec_gfa_controller/src/img/astroimg/
2025-07-22 15:52:11,919 [DEBUG] Cutout dir: /media/shyunc/DATA/KSpec/KSPEC_ICS/GFA/Simul/kspec_gfa_controller/src/img/cutout
2025-07-22 15:52:11,919 [INFO] GFAGuider setup complete.
2025-07-22 15:53:01,081 [INFO] Initialized GFAEnvironment with role 'plate' and cameras [1, 2, 3, 4, 5, 6]
2025-07-22 15:53:01,081 [INFO] Initializing gfa_astrometry class.
2025-07-22 15:53:01,081 [INFO] Initializing GFAGuider...
2025-07-22 15:53:01,082 [DEBUG] Processed dir: /media/shyunc/DATA/KSpec/KSPEC_ICS/GFA/Simul/kspec_gfa_controller/src/img/procimg
2025-07-22 15:53:01,082 [DEBUG] Final astro dir: /media/shyunc/DATA/KSpec/KSPEC_ICS/GFA/Simul/kspec_gfa_controller/src/img/astroimg/
2025-07-22 15:53:01,082 [DEBUG] Cutout dir: /media/shyunc/DATA/KSpec/KSPEC_ICS/GFA/Simul/kspec_gfa_controller/src/img/cutout
2025-07-22 15:53:01,082 [INFO] GFAGuider setup complete.
2025-07-22 15:54:17,928 [INFO] Initialized GFAEnvironment with role 'plate' and cameras [1, 2, 3, 4, 5, 6]
2025-07-22 15:54:17,928 [INFO] Initializing gfa_astrometry class.
2025-07-22 15:54:17,928 [INFO] Initializing GFAGuider...
2025-07-22 15:54:17,928 [DEBUG] Processed dir: /media/shyunc/DATA/KSpec/KSPEC_ICS/GFA/Simul/kspec_gfa_controller/src/img/procimg
2025-07-22 15:54:17,928 [DEBUG] Final astro dir: /media/shyunc/DATA/KSpec/KSPEC_ICS/GFA/Simul/kspec_gfa_controller/src/img/astroimg/
2025-07-22 15:54:17,928 [DEBUG] Cutout dir: /media/shyunc/DATA/KSpec/KSPEC_ICS/GFA/Simul/kspec_gfa_controller/src/img/cutout
2025-07-22 15:54:17,928 [INFO] GFAGuider setup complete.
2025-07-22 15:55:21,300 [INFO] Initialized GFAEnvironment with role 'plate' and cameras [1, 2, 3, 4, 5, 6]
2025-07-22 15:55:21,300 [INFO] Initializing gfa_astrometry class.
2025-07-22 15:55:21,300 [INFO] Initializing GFAGuider...
2025-07-22 15:55:21,300 [DEBUG] Processed dir: /media/shyunc/DATA/KSpec/KSPEC_ICS/GFA/Simul/kspec_gfa_controller/src/img/procimg
2025-07-22 15:55:21,300 [DEBUG] Final astro dir: /media/shyunc/DATA/KSpec/KSPEC_ICS/GFA/Simul/kspec_gfa_controller/src/img/astroimg/
2025-07-22 15:55:21,300 [DEBUG] Cutout dir: /media/shyunc/DATA/KSpec/KSPEC_ICS/GFA/Simul/kspec_gfa_controller/src/img/cutout
2025-07-22 15:55:21,300 [INFO] GFAGuider setup complete.
2025-07-22 15:57:01,532 [INFO] Initialized GFAEnvironment with role 'plate' and cameras [1, 2, 3, 4, 5, 6]
2025-07-22 15:57:01,532 [INFO] Initializing gfa_astrometry class.
2025-07-22 15:57:01,532 [INFO] Initializing GFAGuider...
2025-07-22 15:57:01,532 [DEBUG] Processed dir: /media/shyunc/DATA/KSpec/KSPEC_ICS/GFA/Simul/kspec_gfa_controller/src/img/procimg
2025-07-22 15:57:01,532 [DEBUG] Final astro dir: /media/shyunc/DATA/KSpec/KSPEC_ICS/GFA/Simul/kspec_gfa_controller/src/img/astroimg/
2025-07-22 15:57:01,532 [DEBUG] Cutout dir: /media/shyunc/DATA/KSpec/KSPEC_ICS/GFA/Simul/kspec_gfa_controller/src/img/cutout
2025-07-22 15:57:01,532 [INFO] GFAGuider setup complete.
2025-07-22 15:57:01,536 [INFO] Starting guiding sequence...
2025-07-22 15:57:01,536 [INFO] Grabbing raw image...
2025-07-22 15:57:06,583 [INFO] Running astrometry preprocessing...
2025-07-22 15:57:06,586 [DEBUG] Loaded 3 FITS files.
2025-07-22 15:57:06,586 [INFO] Starting preprocessing for 3 files.
2025-07-22 15:57:06,588 [INFO] No astrometry results found. Running full astrometric solution.
2025-07-22 15:57:06,589 [DEBUG] Starting combined function for file: KMTNge.20230905T094050.0001.fits.
2025-07-22 15:57:06,590 [DEBUG] Starting combined function for file: KMTNgn.20230905T094050.0001.fits.
2025-07-22 15:57:06,590 [DEBUG] Processing file: KMTNge.20230905T094050.0001.fits
2025-07-22 15:57:06,590 [DEBUG] Starting combined function for file: KMTNgs.20230905T094050.0001.fits.
2025-07-22 15:57:06,591 [DEBUG] Processing file: KMTNgn.20230905T094050.0001.fits
2025-07-22 15:57:06,592 [DEBUG] Processing file: KMTNgs.20230905T094050.0001.fits
2025-07-22 15:57:06,632 [INFO] Starting astrometry process for proc_KMTNge.20230905T094050.0001.fits.
2025-07-22 15:57:06,632 [INFO] Starting astrometry process for proc_KMTNgn.20230905T094050.0001.fits.
2025-07-22 15:57:06,632 [INFO] Starting astrometry process for proc_KMTNgs.20230905T094050.0001.fits.
2025-07-22 15:57:06,632 [ERROR] Error processing KMTNge.20230905T094050.0001.fits: solve-field not found! Ensure it is installed and in PATH.
2025-07-22 15:57:06,632 [ERROR] Error processing KMTNgn.20230905T094050.0001.fits: solve-field not found! Ensure it is installed and in PATH.
2025-07-22 15:57:06,632 [ERROR] Error processing KMTNgs.20230905T094050.0001.fits: solve-field not found! Ensure it is installed and in PATH.
2025-07-22 15:57:06,633 [WARNING] 3 files failed: ['KMTNge.20230905T094050.0001.fits', 'KMTNgn.20230905T094050.0001.fits', 'KMTNgs.20230905T094050.0001.fits']
2025-07-22 15:57:06,633 [INFO] Starting star catalog generation.
2025-07-22 15:57:06,633 [DEBUG] Found 0 .corr files in /media/shyunc/DATA/KSpec/KSPEC_ICS/GFA/Simul/kspec_gfa_controller/src/img/tempfiles.
2025-07-22 15:57:06,633 [ERROR] No .corr files found in the temp directory.
2025-07-22 15:57:06,633 [INFO] Removing temporary files.
2025-07-22 15:57:06,633 [DEBUG] Temporary files removed from /media/shyunc/DATA/KSpec/KSPEC_ICS/GFA/Simul/kspec_gfa_controller/src/img/tempfiles.
2025-07-22 15:57:06,633 [INFO] Preprocessing completed in 0.05 seconds.
2025-07-22 15:57:06,633 [INFO] Executing guider offset calculation...
2025-07-22 15:57:06,633 [INFO] ========== Starting guide star calibration process ==========
2025-07-22 15:57:06,634 [ERROR] No astrometry FITS files found in /media/shyunc/DATA/KSpec/KSPEC_ICS/GFA/Simul/kspec_gfa_controller/src/img/astroimg/.
2025-07-22 15:57:06,634 [INFO] Clearing temp astrometry data...
2025-07-22 15:57:06,634 [INFO] Deleting raw and processed files.
2025-07-22 15:57:06,634 [DEBUG] Deleted file: /media/shyunc/DATA/KSpec/KSPEC_ICS/GFA/Simul/kspec_gfa_controller/src/img/raw/KMTNge.20230905T094050.0001.fits
2025-07-22 15:57:06,634 [DEBUG] Deleted file: /media/shyunc/DATA/KSpec/KSPEC_ICS/GFA/Simul/kspec_gfa_controller/src/img/raw/KMTNgn.20230905T094050.0001.fits
2025-07-22 15:57:06,634 [DEBUG] Deleted file: /media/shyunc/DATA/KSpec/KSPEC_ICS/GFA/Simul/kspec_gfa_controller/src/img/raw/KMTNgs.20230905T094050.0001.fits
2025-07-22 15:57:06,634 [INFO] Deleted 3 files in directory: /media/shyunc/DATA/KSpec/KSPEC_ICS/GFA/Simul/kspec_gfa_controller/src/img/raw
2025-07-22 15:57:06,634 [DEBUG] Deleted file: /media/shyunc/DATA/KSpec/KSPEC_ICS/GFA/Simul/kspec_gfa_controller/src/img/procimg/proc_KMTNge.20230905T094050.0001.fits
2025-07-22 15:57:06,635 [DEBUG] Deleted file: /media/shyunc/DATA/KSpec/KSPEC_ICS/GFA/Simul/kspec_gfa_controller/src/img/procimg/proc_KMTNgn.20230905T094050.0001.fits
2025-07-22 15:57:06,635 [DEBUG] Deleted file: /media/shyunc/DATA/KSpec/KSPEC_ICS/GFA/Simul/kspec_gfa_controller/src/img/procimg/proc_KMTNgs.20230905T094050.0001.fits
2025-07-22 15:57:06,635 [INFO] Deleted 3 files in directory: /media/shyunc/DATA/KSpec/KSPEC_ICS/GFA/Simul/kspec_gfa_controller/src/img/procimg
2025-07-22 15:57:06,635 [INFO] Deleted 3 raw files and 3 processed files.
2025-07-22 15:57:15,738 [INFO] Starting guiding sequence...
2025-07-22 15:57:15,739 [INFO] Grabbing raw image...
2025-07-22 15:57:20,765 [INFO] Running astrometry preprocessing...
2025-07-22 15:57:20,767 [DEBUG] Loaded 3 FITS files.
2025-07-22 15:57:20,767 [INFO] Starting preprocessing for 3 files.
2025-07-22 15:57:20,768 [INFO] No astrometry results found. Running full astrometric solution.
2025-07-22 15:57:20,769 [DEBUG] Starting combined function for file: KMTNge.20230905T094259.0001.fits.
2025-07-22 15:57:20,769 [DEBUG] Starting combined function for file: KMTNgn.20230905T094259.0001.fits.
2025-07-22 15:57:20,770 [DEBUG] Processing file: KMTNge.20230905T094259.0001.fits
2025-07-22 15:57:20,771 [DEBUG] Processing file: KMTNgn.20230905T094259.0001.fits
2025-07-22 15:57:20,770 [DEBUG] Starting combined function for file: KMTNgs.20230905T094259.0001.fits.
2025-07-22 15:57:20,772 [DEBUG] Processing file: KMTNgs.20230905T094259.0001.fits
2025-07-22 15:57:20,796 [INFO] Starting astrometry process for proc_KMTNgn.20230905T094259.0001.fits.
2025-07-22 15:57:20,796 [ERROR] Error processing KMTNgn.20230905T094259.0001.fits: solve-field not found! Ensure it is installed and in PATH.
2025-07-22 15:57:20,800 [INFO] Starting astrometry process for proc_KMTNge.20230905T094259.0001.fits.
2025-07-22 15:57:20,800 [ERROR] Error processing KMTNge.20230905T094259.0001.fits: solve-field not found! Ensure it is installed and in PATH.
2025-07-22 15:57:20,800 [INFO] Starting astrometry process for proc_KMTNgs.20230905T094259.0001.fits.
2025-07-22 15:57:20,801 [ERROR] Error processing KMTNgs.20230905T094259.0001.fits: solve-field not found! Ensure it is installed and in PATH.
2025-07-22 15:57:20,801 [WARNING] 3 files failed: ['KMTNgn.20230905T094259.0001.fits', 'KMTNge.20230905T094259.0001.fits', 'KMTNgs.20230905T094259.0001.fits']
2025-07-22 15:57:20,801 [INFO] Starting star catalog generation.
2025-07-22 15:57:20,802 [DEBUG] Found 0 .corr files in /media/shyunc/DATA/KSpec/KSPEC_ICS/GFA/Simul/kspec_gfa_controller/src/img/tempfiles.
2025-07-22 15:57:20,802 [ERROR] No .corr files found in the temp directory.
2025-07-22 15:57:20,802 [INFO] Removing temporary files.
2025-07-22 15:57:20,802 [DEBUG] Temporary files removed from /media/shyunc/DATA/KSpec/KSPEC_ICS/GFA/Simul/kspec_gfa_controller/src/img/tempfiles.
2025-07-22 15:57:20,802 [INFO] Preprocessing completed in 0.04 seconds.
2025-07-22 15:57:20,802 [INFO] Executing guider offset calculation...
2025-07-22 15:57:20,802 [INFO] ========== Starting guide star calibration process ==========
2025-07-22 15:57:20,802 [ERROR] No astrometry FITS files found in /media/shyunc/DATA/KSpec/KSPEC_ICS/GFA/Simul/kspec_gfa_controller/src/img/astroimg/.
2025-07-22 15:57:20,802 [INFO] Clearing temp astrometry data...
2025-07-22 15:57:20,802 [INFO] Deleting raw and processed files.
2025-07-22 15:57:20,802 [DEBUG] Deleted file: /media/shyunc/DATA/KSpec/KSPEC_ICS/GFA/Simul/kspec_gfa_controller/src/img/raw/KMTNge.20230905T094259.0001.fits
2025-07-22 15:57:20,803 [DEBUG] Deleted file: /media/shyunc/DATA/KSpec/KSPEC_ICS/GFA/Simul/kspec_gfa_controller/src/img/raw/KMTNgn.20230905T094259.0001.fits
2025-07-22 15:57:20,803 [DEBUG] Deleted file: /media/shyunc/DATA/KSpec/KSPEC_ICS/GFA/Simul/kspec_gfa_controller/src/img/raw/KMTNgs.20230905T094259.0001.fits
2025-07-22 15:57:20,803 [INFO] Deleted 3 files in directory: /media/shyunc/DATA/KSpec/KSPEC_ICS/GFA/Simul/kspec_gfa_controller/src/img/raw
2025-07-22 15:57:20,803 [DEBUG] Deleted file: /media/shyunc/DATA/KSpec/KSPEC_ICS/GFA/Simul/kspec_gfa_controller/src/img/procimg/proc_KMTNge.20230905T094259.0001.fits
2025-07-22 15:57:20,803 [DEBUG] Deleted file: /media/shyunc/DATA/KSpec/KSPEC_ICS/GFA/Simul/kspec_gfa_controller/src/img/procimg/proc_KMTNgn.20230905T094259.0001.fits
2025-07-22 15:57:20,803 [DEBUG] Deleted file: /media/shyunc/DATA/KSpec/KSPEC_ICS/GFA/Simul/kspec_gfa_controller/src/img/procimg/proc_KMTNgs.20230905T094259.0001.fits
2025-07-22 15:57:20,803 [INFO] Deleted 3 files in directory: /media/shyunc/DATA/KSpec/KSPEC_ICS/GFA/Simul/kspec_gfa_controller/src/img/procimg
2025-07-22 15:57:20,803 [INFO] Deleted 3 raw files and 3 processed files.
2025-07-22 16:15:55,463 [INFO] Initialized GFAEnvironment with role 'plate' and cameras [1, 2, 3, 4, 5, 6]
2025-07-22 16:15:55,463 [INFO] Initializing gfa_astrometry class.
2025-07-22 16:15:55,464 [INFO] Initializing GFAGuider...
2025-07-22 16:15:55,464 [DEBUG] Processed dir: /media/shyunc/DATA/KSpec/KSPEC_ICS/GFA/Simul/kspec_gfa_controller/src/img/procimg
2025-07-22 16:15:55,464 [DEBUG] Final astro dir: /media/shyunc/DATA/KSpec/KSPEC_ICS/GFA/Simul/kspec_gfa_controller/src/img/astroimg/
2025-07-22 16:15:55,464 [DEBUG] Cutout dir: /media/shyunc/DATA/KSpec/KSPEC_ICS/GFA/Simul/kspec_gfa_controller/src/img/cutout
2025-07-22 16:15:55,464 [INFO] GFAGuider setup complete.
2025-07-22 16:16:03,572 [INFO] Starting guiding sequence...
2025-07-22 16:16:03,573 [INFO] Grabbing raw image...
2025-07-22 16:16:08,598 [INFO] Running astrometry preprocessing...
2025-07-22 16:16:08,601 [DEBUG] Loaded 3 FITS files.
2025-07-22 16:16:08,601 [INFO] Starting preprocessing for 3 files.
2025-07-22 16:16:08,601 [INFO] No astrometry results found. Running full astrometric solution.
2025-07-22 16:16:08,602 [DEBUG] Starting combined function for file: KMTNge.20230905T094050.0001.fits.
2025-07-22 16:16:08,603 [DEBUG] Starting combined function for file: KMTNgn.20230905T094050.0001.fits.
2025-07-22 16:16:08,603 [DEBUG] Processing file: KMTNge.20230905T094050.0001.fits
2025-07-22 16:16:08,604 [DEBUG] Starting combined function for file: KMTNgs.20230905T094050.0001.fits.
2025-07-22 16:16:08,604 [DEBUG] Processing file: KMTNgn.20230905T094050.0001.fits
2025-07-22 16:16:08,606 [DEBUG] Processing file: KMTNgs.20230905T094050.0001.fits
2025-07-22 16:16:08,639 [INFO] Starting astrometry process for proc_KMTNgn.20230905T094050.0001.fits.
2025-07-22 16:16:08,640 [ERROR] Error processing KMTNgn.20230905T094050.0001.fits: solve-field not found! Ensure it is installed and in PATH.
2025-07-22 16:16:08,642 [INFO] Starting astrometry process for proc_KMTNgs.20230905T094050.0001.fits.
2025-07-22 16:16:08,643 [ERROR] Error processing KMTNgs.20230905T094050.0001.fits: solve-field not found! Ensure it is installed and in PATH.
2025-07-22 16:16:08,643 [INFO] Starting astrometry process for proc_KMTNge.20230905T094050.0001.fits.
2025-07-22 16:16:08,643 [ERROR] Error processing KMTNge.20230905T094050.0001.fits: solve-field not found! Ensure it is installed and in PATH.
2025-07-22 16:16:08,644 [WARNING] 3 files failed: ['KMTNgn.20230905T094050.0001.fits', 'KMTNgs.20230905T094050.0001.fits', 'KMTNge.20230905T094050.0001.fits']
2025-07-22 16:16:08,644 [INFO] Starting star catalog generation.
2025-07-22 16:16:08,644 [DEBUG] Found 0 .corr files in /media/shyunc/DATA/KSpec/KSPEC_ICS/GFA/Simul/kspec_gfa_controller/src/img/tempfiles.
2025-07-22 16:16:08,644 [ERROR] No .corr files found in the temp directory.
2025-07-22 16:16:08,644 [INFO] Removing temporary files.
2025-07-22 16:16:08,645 [DEBUG] Temporary files removed from /media/shyunc/DATA/KSpec/KSPEC_ICS/GFA/Simul/kspec_gfa_controller/src/img/tempfiles.
2025-07-22 16:16:08,645 [INFO] Preprocessing completed in 0.05 seconds.
2025-07-22 16:16:08,645 [INFO] Executing guider offset calculation...
2025-07-22 16:16:08,645 [INFO] ========== Starting guide star calibration process ==========
2025-07-22 16:16:08,645 [ERROR] No astrometry FITS files found in /media/shyunc/DATA/KSpec/KSPEC_ICS/GFA/Simul/kspec_gfa_controller/src/img/astroimg/.
2025-07-22 16:16:08,645 [INFO] Clearing temp astrometry data...
2025-07-22 16:16:08,645 [INFO] Deleting raw and processed files.
2025-07-22 16:16:08,645 [DEBUG] Deleted file: /media/shyunc/DATA/KSpec/KSPEC_ICS/GFA/Simul/kspec_gfa_controller/src/img/raw/KMTNge.20230905T094050.0001.fits
2025-07-22 16:16:08,645 [DEBUG] Deleted file: /media/shyunc/DATA/KSpec/KSPEC_ICS/GFA/Simul/kspec_gfa_controller/src/img/raw/KMTNgn.20230905T094050.0001.fits
2025-07-22 16:16:08,646 [DEBUG] Deleted file: /media/shyunc/DATA/KSpec/KSPEC_ICS/GFA/Simul/kspec_gfa_controller/src/img/raw/KMTNgs.20230905T094050.0001.fits
2025-07-22 16:16:08,646 [INFO] Deleted 3 files in directory: /media/shyunc/DATA/KSpec/KSPEC_ICS/GFA/Simul/kspec_gfa_controller/src/img/raw
2025-07-22 16:16:08,646 [DEBUG] Deleted file: /media/shyunc/DATA/KSpec/KSPEC_ICS/GFA/Simul/kspec_gfa_controller/src/img/procimg/proc_KMTNge.20230905T094050.0001.fits
2025-07-22 16:16:08,646 [DEBUG] Deleted file: /media/shyunc/DATA/KSpec/KSPEC_ICS/GFA/Simul/kspec_gfa_controller/src/img/procimg/proc_KMTNgn.20230905T094050.0001.fits
2025-07-22 16:16:08,646 [DEBUG] Deleted file: /media/shyunc/DATA/KSpec/KSPEC_ICS/GFA/Simul/kspec_gfa_controller/src/img/procimg/proc_KMTNgs.20230905T094050.0001.fits
2025-07-22 16:16:08,646 [INFO] Deleted 3 files in directory: /media/shyunc/DATA/KSpec/KSPEC_ICS/GFA/Simul/kspec_gfa_controller/src/img/procimg
2025-07-22 16:16:08,646 [INFO] Deleted 3 raw files and 3 processed files.
2025-07-22 16:16:16,960 [INFO] Starting guiding sequence...
2025-07-22 16:16:16,960 [INFO] Grabbing raw image...
2025-07-22 16:16:21,987 [INFO] Running astrometry preprocessing...
2025-07-22 16:16:21,989 [DEBUG] Loaded 3 FITS files.
2025-07-22 16:16:21,989 [INFO] Starting preprocessing for 3 files.
2025-07-22 16:16:21,990 [INFO] No astrometry results found. Running full astrometric solution.
2025-07-22 16:16:21,991 [DEBUG] Starting combined function for file: KMTNge.20230905T094259.0001.fits.
2025-07-22 16:16:21,991 [DEBUG] Starting combined function for file: KMTNgn.20230905T094259.0001.fits.
2025-07-22 16:16:21,992 [DEBUG] Starting combined function for file: KMTNgs.20230905T094259.0001.fits.
2025-07-22 16:16:21,992 [DEBUG] Processing file: KMTNge.20230905T094259.0001.fits
2025-07-22 16:16:21,993 [DEBUG] Processing file: KMTNgn.20230905T094259.0001.fits
2025-07-22 16:16:21,993 [DEBUG] Processing file: KMTNgs.20230905T094259.0001.fits
2025-07-22 16:16:22,022 [INFO] Starting astrometry process for proc_KMTNge.20230905T094259.0001.fits.
2025-07-22 16:16:22,022 [ERROR] Error processing KMTNge.20230905T094259.0001.fits: solve-field not found! Ensure it is installed and in PATH.
2025-07-22 16:16:22,026 [INFO] Starting astrometry process for proc_KMTNgn.20230905T094259.0001.fits.
2025-07-22 16:16:22,026 [INFO] Starting astrometry process for proc_KMTNgs.20230905T094259.0001.fits.
2025-07-22 16:16:22,026 [ERROR] Error processing KMTNgs.20230905T094259.0001.fits: solve-field not found! Ensure it is installed and in PATH.
2025-07-22 16:16:22,027 [ERROR] Error processing KMTNgn.20230905T094259.0001.fits: solve-field not found! Ensure it is installed and in PATH.
2025-07-22 16:16:22,027 [WARNING] 3 files failed: ['KMTNge.20230905T094259.0001.fits', 'KMTNgs.20230905T094259.0001.fits', 'KMTNgn.20230905T094259.0001.fits']
2025-07-22 16:16:22,027 [INFO] Starting star catalog generation.
2025-07-22 16:16:22,027 [DEBUG] Found 0 .corr files in /media/shyunc/DATA/KSpec/KSPEC_ICS/GFA/Simul/kspec_gfa_controller/src/img/tempfiles.
2025-07-22 16:16:22,027 [ERROR] No .corr files found in the temp directory.
2025-07-22 16:16:22,027 [INFO] Removing temporary files.
2025-07-22 16:16:22,027 [DEBUG] Temporary files removed from /media/shyunc/DATA/KSpec/KSPEC_ICS/GFA/Simul/kspec_gfa_controller/src/img/tempfiles.
2025-07-22 16:16:22,028 [INFO] Preprocessing completed in 0.04 seconds.
2025-07-22 16:16:22,028 [INFO] Executing guider offset calculation...
2025-07-22 16:16:22,028 [INFO] ========== Starting guide star calibration process ==========
2025-07-22 16:16:22,028 [ERROR] No astrometry FITS files found in /media/shyunc/DATA/KSpec/KSPEC_ICS/GFA/Simul/kspec_gfa_controller/src/img/astroimg/.
2025-07-22 16:16:22,028 [INFO] Clearing temp astrometry data...
2025-07-22 16:16:22,028 [INFO] Deleting raw and processed files.
2025-07-22 16:16:22,028 [DEBUG] Deleted file: /media/shyunc/DATA/KSpec/KSPEC_ICS/GFA/Simul/kspec_gfa_controller/src/img/raw/KMTNge.20230905T094259.0001.fits
2025-07-22 16:16:22,028 [DEBUG] Deleted file: /media/shyunc/DATA/KSpec/KSPEC_ICS/GFA/Simul/kspec_gfa_controller/src/img/raw/KMTNgn.20230905T094259.0001.fits
2025-07-22 16:16:22,028 [DEBUG] Deleted file: /media/shyunc/DATA/KSpec/KSPEC_ICS/GFA/Simul/kspec_gfa_controller/src/img/raw/KMTNgs.20230905T094259.0001.fits
2025-07-22 16:16:22,028 [INFO] Deleted 3 files in directory: /media/shyunc/DATA/KSpec/KSPEC_ICS/GFA/Simul/kspec_gfa_controller/src/img/raw
2025-07-22 16:16:22,029 [DEBUG] Deleted file: /media/shyunc/DATA/KSpec/KSPEC_ICS/GFA/Simul/kspec_gfa_controller/src/img/procimg/proc_KMTNge.20230905T094259.0001.fits
2025-07-22 16:16:22,029 [DEBUG] Deleted file: /media/shyunc/DATA/KSpec/KSPEC_ICS/GFA/Simul/kspec_gfa_controller/src/img/procimg/proc_KMTNgn.20230905T094259.0001.fits
2025-07-22 16:16:22,029 [DEBUG] Deleted file: /media/shyunc/DATA/KSpec/KSPEC_ICS/GFA/Simul/kspec_gfa_controller/src/img/procimg/proc_KMTNgs.20230905T094259.0001.fits
2025-07-22 16:16:22,029 [INFO] Deleted 3 files in directory: /media/shyunc/DATA/KSpec/KSPEC_ICS/GFA/Simul/kspec_gfa_controller/src/img/procimg
2025-07-22 16:16:22,029 [INFO] Deleted 3 raw files and 3 processed files.
