2025-07-24 17:07:20,012 [INFO] Initialized GFAEnvironment with role 'plate' and cameras [1, 2, 3, 4, 5, 6]
2025-07-24 17:07:20,013 [INFO] Initializing GFAController with provided config.
2025-07-24 17:07:20,013 [INFO] GFAController initialization complete.
2025-07-24 17:11:14,454 [INFO] Initialized GFAEnvironment with role 'plate' and cameras [1, 2, 3, 4, 5, 6]
2025-07-24 17:11:14,454 [INFO] Initializing GFAController with provided config.
2025-07-24 17:11:14,454 [INFO] GFAController initialization complete.
2025-07-24 17:11:14,981 [INFO] Cam1 opened.
2025-07-24 17:11:15,486 [INFO] Cam2 opened.
2025-07-24 17:11:15,990 [INFO] Cam3 opened.
2025-07-24 17:11:16,494 [INFO] Cam4 opened.
2025-07-24 17:11:16,999 [INFO] Cam5 opened.
2025-07-24 17:11:17,503 [INFO] Cam6 opened.
2025-07-24 17:11:17,504 [INFO] Initializing gfa_astrometry class.
2025-07-24 17:11:17,504 [INFO] Initializing GFAGuider...
2025-07-24 17:11:17,504 [DEBUG] Processed dir: /home/GAFOL/work/kspec_gfa_controller/src/img/procimg
2025-07-24 17:11:17,504 [DEBUG] Final astro dir: /home/GAFOL/work/kspec_gfa_controller/src/img/astroimg/
2025-07-24 17:11:17,504 [DEBUG] Cutout dir: /home/GAFOL/work/kspec_gfa_controller/src/img/cutout
2025-07-24 17:11:17,504 [INFO] GFAGuider setup complete.
2025-07-24 17:11:17,504 [INFO] Image save path: /home/GAFOL/work/kspec_gfa_controller/src/img/grab/2025-07-24
2025-07-24 17:11:17,504 [INFO] Grabbing from camera 1 (ExpTime=0.5, Binning=2)
2025-07-24 17:11:18,854 [DEBUG] FITS file will be saved to: /home/GAFOL/work/kspec_gfa_controller/src/img/grab/2025-07-24/D20250724_T081118_40103667_exp0s.fits
2025-07-24 17:11:18,854 [DEBUG] Image array shape: (2304, 2664)
2025-07-24 17:11:18,854 [WARNING] No date_obs provided. Using current date.
2025-07-24 17:11:18,854 [WARNING] No time_obs provided. Using current time.
2025-07-24 17:11:18,855 [DEBUG] FITS header details: SIMPLE  =                    T                                                  BITPIX  =                  -32                                                  NAXIS   =                    2                                                  NAXIS1  =                 2664                                                  NAXIS2  =                 2304                                                  CTYPE1  = 'PIXEL   '                                                            CTYPE2  = 'PIXEL   '                                                            TELESCOP= 'KMTNET  '                                                            INSTRUME= 'KSPEC-GFA'                                                           OBSERVER= 'Mingyeong'                                                           OBJECT  = 'Unknown '                                                            DATE-OBS= '2025-07-24'                                                          TIME-OBS= '17:11:18'                                                            RA      = 'UNKNOWN '                                                            DEC     = 'UNKNOWN '                                                            EXPTIME =                  0.5                                                  COMMENT FITS file created with custom header fields                             END                                                                                                                                                                                                                                                                                                                                                                                                                                                                                                                                                                                                                                                                                                                                                                                                                                                                                                                                                                                                                                                                                                                                                                                                                                                                                                                                                                                                                                                                                                                                                                             
2025-07-24 17:11:18,865 [INFO] FITS file successfully saved to /home/GAFOL/work/kspec_gfa_controller/src/img/grab/2025-07-24/D20250724_T081118_40103667_exp0s.fits
2025-07-24 17:11:18,866 [INFO] Starting guiding sequence...
2025-07-24 17:11:18,866 [INFO] Grabbing raw image...
2025-07-24 17:11:18,900 [INFO] Images also copied to: /home/GAFOL/work/kspec_gfa_controller/src/img/grab/2025-07-24
2025-07-24 17:11:18,900 [INFO] Running astrometry preprocessing...
2025-07-24 17:11:18,900 [DEBUG] Loaded 4 FITS files.
2025-07-24 17:11:18,900 [INFO] Starting preprocessing for 4 files.
2025-07-24 17:11:18,900 [INFO] Astrometry data already exists. Processing raw images separately.
2025-07-24 17:11:18,901 [DEBUG] Processing file: KMTNge.20231211T102558.0001.fits
2025-07-24 17:11:18,901 [DEBUG] Processing file: KMTNgw.20231211T102558.0001.fits
2025-07-24 17:11:18,901 [DEBUG] Processing file: KMTNgn.20231211T102558.0001.fits
2025-07-24 17:11:18,901 [DEBUG] Processing file: KMTNgs.20231211T102558.0001.fits
2025-07-24 17:11:18,930 [DEBUG] Processed KMTNge.20231211T102558.0001.fits
2025-07-24 17:11:18,934 [DEBUG] Processed KMTNgw.20231211T102558.0001.fits
2025-07-24 17:11:18,939 [DEBUG] Processed KMTNgn.20231211T102558.0001.fits
2025-07-24 17:11:18,940 [DEBUG] Processed KMTNgs.20231211T102558.0001.fits
2025-07-24 17:11:18,941 [INFO] Preprocessing completed in 0.04 seconds.
2025-07-24 17:11:18,941 [INFO] Executing guider offset calculation...
2025-07-24 17:11:18,941 [INFO] ========== Starting guide star calibration process ==========
2025-07-24 17:11:18,941 [INFO] Found 4 astrometry and 16 processed files.
2025-07-24 17:11:18,941 [INFO] 
-- Processing pair #1:
2025-07-24 17:11:18,941 [INFO]   Astrometry file: /home/GAFOL/work/kspec_gfa_controller/src/img/astroimg/astro_proc_KMTNge.20231211T102558.0001.fits
2025-07-24 17:11:18,941 [INFO]   Processed file:  /home/GAFOL/work/kspec_gfa_controller/src/img/procimg/proc_KMTNge.20230905T094050.0001.fits
2025-07-24 17:11:18,941 [DEBUG] Loading image and WCS from: /home/GAFOL/work/kspec_gfa_controller/src/img/astroimg/astro_proc_KMTNge.20231211T102558.0001.fits
2025-07-24 17:11:18,968 [DEBUG]   CRVAL1: 66.908554, CRVAL2: -46.512164
2025-07-24 17:11:18,968 [DEBUG] Loading image data from file: /home/GAFOL/work/kspec_gfa_controller/src/img/procimg/proc_KMTNge.20230905T094050.0001.fits
2025-07-24 17:11:18,970 [INFO] Performing sigma clipping to derive background and stddev.
2025-07-24 17:11:19,162 [DEBUG] Background subtraction done. Stddev=63.3381
2025-07-24 17:11:19,162 [DEBUG]   Background stddev: 63.3381
2025-07-24 17:11:19,162 [DEBUG] Using star catalog file: /home/GAFOL/work/kspec_gfa_controller/src/img/combined_star.fits
2025-07-24 17:11:19,165 [DEBUG] Star catalog loaded with 257 stars from /home/GAFOL/work/kspec_gfa_controller/src/img/combined_star.fits.
2025-07-24 17:11:19,165 [DEBUG]   Loaded 257 stars from catalog.
2025-07-24 17:11:19,165 [DEBUG] Selecting stars based on angular distance and flux.
2025-07-24 17:11:19,165 [DEBUG] Selected 0 stars after filtering.
2025-07-24 17:11:19,166 [DEBUG]   Selected 0 guide stars after filtering.
2025-07-24 17:11:19,166 [DEBUG] Converting RA/DEC arrays to X/Y pixel positions via WCS (np.round).
2025-07-24 17:11:19,166 [DEBUG] Conversion to X/Y positions completed (vectorized).
2025-07-24 17:11:19,166 [DEBUG]   Converted RA/DEC to pixel coordinates.
2025-07-24 17:11:19,166 [DEBUG] ==== Starting centroid offset calculation ====
2025-07-24 17:11:19,166 [DEBUG] Number of input stars: 0
2025-07-24 17:11:19,166 [DEBUG] Standard deviation for thresholding: 63.338
2025-07-24 17:11:19,166 [DEBUG] Box size: 40
2025-07-24 17:11:19,166 [DEBUG] Max flux among stars (cutoff 30000): None
2025-07-24 17:11:19,166 [DEBUG] ==== Finished centroid offset calculation ====
2025-07-24 17:11:19,166 [DEBUG]   Centroid offset returned 0 stars.
2025-07-24 17:11:19,166 [DEBUG] Selecting guide stars based on peak values.
2025-07-24 17:11:19,166 [DEBUG] Selected 0 guide stars after peak filtering.
2025-07-24 17:11:19,166 [DEBUG]   After peak filtering: 0 offsets retained.
2025-07-24 17:11:19,166 [INFO] 
-- Processing pair #2:
2025-07-24 17:11:19,166 [INFO]   Astrometry file: /home/GAFOL/work/kspec_gfa_controller/src/img/astroimg/astro_proc_KMTNgn.20231211T102558.0001.fits
2025-07-24 17:11:19,166 [INFO]   Processed file:  /home/GAFOL/work/kspec_gfa_controller/src/img/procimg/proc_KMTNge.20230905T094259.0001.fits
2025-07-24 17:11:19,166 [DEBUG] Loading image and WCS from: /home/GAFOL/work/kspec_gfa_controller/src/img/astroimg/astro_proc_KMTNgn.20231211T102558.0001.fits
2025-07-24 17:11:19,185 [DEBUG]   CRVAL1: 64.989084, CRVAL2: -45.243184
2025-07-24 17:11:19,185 [DEBUG] Loading image data from file: /home/GAFOL/work/kspec_gfa_controller/src/img/procimg/proc_KMTNge.20230905T094259.0001.fits
2025-07-24 17:11:19,186 [INFO] Performing sigma clipping to derive background and stddev.
2025-07-24 17:11:19,391 [DEBUG] Background subtraction done. Stddev=99.2148
2025-07-24 17:11:19,391 [DEBUG]   Background stddev: 99.2148
2025-07-24 17:11:19,391 [DEBUG] Using star catalog file: /home/GAFOL/work/kspec_gfa_controller/src/img/combined_star.fits
2025-07-24 17:11:19,394 [DEBUG] Star catalog loaded with 257 stars from /home/GAFOL/work/kspec_gfa_controller/src/img/combined_star.fits.
2025-07-24 17:11:19,394 [DEBUG]   Loaded 257 stars from catalog.
2025-07-24 17:11:19,394 [DEBUG] Selecting stars based on angular distance and flux.
2025-07-24 17:11:19,394 [DEBUG] Selected 0 stars after filtering.
2025-07-24 17:11:19,394 [DEBUG]   Selected 0 guide stars after filtering.
2025-07-24 17:11:19,394 [DEBUG] Converting RA/DEC arrays to X/Y pixel positions via WCS (np.round).
2025-07-24 17:11:19,394 [DEBUG] Conversion to X/Y positions completed (vectorized).
2025-07-24 17:11:19,394 [DEBUG]   Converted RA/DEC to pixel coordinates.
2025-07-24 17:11:19,394 [DEBUG] ==== Starting centroid offset calculation ====
2025-07-24 17:11:19,394 [DEBUG] Number of input stars: 0
2025-07-24 17:11:19,394 [DEBUG] Standard deviation for thresholding: 99.215
2025-07-24 17:11:19,394 [DEBUG] Box size: 40
2025-07-24 17:11:19,394 [DEBUG] Max flux among stars (cutoff 30000): None
2025-07-24 17:11:19,394 [DEBUG] ==== Finished centroid offset calculation ====
2025-07-24 17:11:19,394 [DEBUG]   Centroid offset returned 0 stars.
2025-07-24 17:11:19,395 [DEBUG] Selecting guide stars based on peak values.
2025-07-24 17:11:19,395 [DEBUG] Selected 0 guide stars after peak filtering.
2025-07-24 17:11:19,395 [DEBUG]   After peak filtering: 0 offsets retained.
2025-07-24 17:11:19,395 [INFO] 
-- Processing pair #3:
2025-07-24 17:11:19,395 [INFO]   Astrometry file: /home/GAFOL/work/kspec_gfa_controller/src/img/astroimg/astro_proc_KMTNgs.20231211T102558.0001.fits
2025-07-24 17:11:19,395 [INFO]   Processed file:  /home/GAFOL/work/kspec_gfa_controller/src/img/procimg/proc_KMTNge.20230905T094503.0001.fits
2025-07-24 17:11:19,395 [DEBUG] Loading image and WCS from: /home/GAFOL/work/kspec_gfa_controller/src/img/astroimg/astro_proc_KMTNgs.20231211T102558.0001.fits
2025-07-24 17:11:19,410 [DEBUG]   CRVAL1: 65.038293, CRVAL2: -47.850948
2025-07-24 17:11:19,410 [DEBUG] Loading image data from file: /home/GAFOL/work/kspec_gfa_controller/src/img/procimg/proc_KMTNge.20230905T094503.0001.fits
2025-07-24 17:11:19,412 [INFO] Performing sigma clipping to derive background and stddev.
2025-07-24 17:11:19,601 [DEBUG] Background subtraction done. Stddev=103.7279
2025-07-24 17:11:19,601 [DEBUG]   Background stddev: 103.7279
2025-07-24 17:11:19,601 [DEBUG] Using star catalog file: /home/GAFOL/work/kspec_gfa_controller/src/img/combined_star.fits
2025-07-24 17:11:19,604 [DEBUG] Star catalog loaded with 257 stars from /home/GAFOL/work/kspec_gfa_controller/src/img/combined_star.fits.
2025-07-24 17:11:19,604 [DEBUG]   Loaded 257 stars from catalog.
2025-07-24 17:11:19,604 [DEBUG] Selecting stars based on angular distance and flux.
2025-07-24 17:11:19,604 [DEBUG] Selected 0 stars after filtering.
2025-07-24 17:11:19,604 [DEBUG]   Selected 0 guide stars after filtering.
2025-07-24 17:11:19,604 [DEBUG] Converting RA/DEC arrays to X/Y pixel positions via WCS (np.round).
2025-07-24 17:11:19,604 [DEBUG] Conversion to X/Y positions completed (vectorized).
2025-07-24 17:11:19,604 [DEBUG]   Converted RA/DEC to pixel coordinates.
2025-07-24 17:11:19,604 [DEBUG] ==== Starting centroid offset calculation ====
2025-07-24 17:11:19,604 [DEBUG] Number of input stars: 0
2025-07-24 17:11:19,604 [DEBUG] Standard deviation for thresholding: 103.728
2025-07-24 17:11:19,604 [DEBUG] Box size: 40
2025-07-24 17:11:19,604 [DEBUG] Max flux among stars (cutoff 30000): None
2025-07-24 17:11:19,604 [DEBUG] ==== Finished centroid offset calculation ====
2025-07-24 17:11:19,604 [DEBUG]   Centroid offset returned 0 stars.
2025-07-24 17:11:19,605 [DEBUG] Selecting guide stars based on peak values.
2025-07-24 17:11:19,605 [DEBUG] Selected 0 guide stars after peak filtering.
2025-07-24 17:11:19,605 [DEBUG]   After peak filtering: 0 offsets retained.
2025-07-24 17:11:19,605 [INFO] 
-- Processing pair #4:
2025-07-24 17:11:19,605 [INFO]   Astrometry file: /home/GAFOL/work/kspec_gfa_controller/src/img/astroimg/astro_proc_KMTNgw.20231211T102558.0001.fits
2025-07-24 17:11:19,605 [INFO]   Processed file:  /home/GAFOL/work/kspec_gfa_controller/src/img/procimg/proc_KMTNge.20231211T102558.0001.fits
2025-07-24 17:11:19,605 [DEBUG] Loading image and WCS from: /home/GAFOL/work/kspec_gfa_controller/src/img/astroimg/astro_proc_KMTNgw.20231211T102558.0001.fits
2025-07-24 17:11:19,621 [DEBUG]   CRVAL1: 63.115571, CRVAL2: -46.547596
2025-07-24 17:11:19,621 [DEBUG] Loading image data from file: /home/GAFOL/work/kspec_gfa_controller/src/img/procimg/proc_KMTNge.20231211T102558.0001.fits
2025-07-24 17:11:19,623 [INFO] Performing sigma clipping to derive background and stddev.
2025-07-24 17:11:19,725 [DEBUG] Background subtraction done. Stddev=12.3999
2025-07-24 17:11:19,725 [DEBUG]   Background stddev: 12.3999
2025-07-24 17:11:19,725 [DEBUG] Using star catalog file: /home/GAFOL/work/kspec_gfa_controller/src/img/combined_star.fits
2025-07-24 17:11:19,728 [DEBUG] Star catalog loaded with 257 stars from /home/GAFOL/work/kspec_gfa_controller/src/img/combined_star.fits.
2025-07-24 17:11:19,728 [DEBUG]   Loaded 257 stars from catalog.
2025-07-24 17:11:19,728 [DEBUG] Selecting stars based on angular distance and flux.
2025-07-24 17:11:19,728 [DEBUG] Selected 0 stars after filtering.
2025-07-24 17:11:19,728 [DEBUG]   Selected 0 guide stars after filtering.
2025-07-24 17:11:19,728 [DEBUG] Converting RA/DEC arrays to X/Y pixel positions via WCS (np.round).
2025-07-24 17:11:19,728 [DEBUG] Conversion to X/Y positions completed (vectorized).
2025-07-24 17:11:19,728 [DEBUG]   Converted RA/DEC to pixel coordinates.
2025-07-24 17:11:19,728 [DEBUG] ==== Starting centroid offset calculation ====
2025-07-24 17:11:19,728 [DEBUG] Number of input stars: 0
2025-07-24 17:11:19,728 [DEBUG] Standard deviation for thresholding: 12.400
2025-07-24 17:11:19,728 [DEBUG] Box size: 40
2025-07-24 17:11:19,728 [DEBUG] Max flux among stars (cutoff 30000): None
2025-07-24 17:11:19,728 [DEBUG] ==== Finished centroid offset calculation ====
2025-07-24 17:11:19,728 [DEBUG]   Centroid offset returned 0 stars.
2025-07-24 17:11:19,728 [DEBUG] Selecting guide stars based on peak values.
2025-07-24 17:11:19,728 [DEBUG] Selected 0 guide stars after peak filtering.
2025-07-24 17:11:19,728 [DEBUG]   After peak filtering: 0 offsets retained.
2025-07-24 17:11:19,729 [INFO] Total valid guide star offsets: 0
2025-07-24 17:11:19,729 [DEBUG] Calculating final offset using selected guide stars.
2025-07-24 17:11:19,729 [WARNING] No guide stars available for offset calculation.
2025-07-24 17:11:19,729 [ERROR] Guiding failed: Unknown format code 'f' for object of type 'str'
2025-07-24 17:11:19,729 [INFO] Pinging all cameras...
2025-07-24 17:11:19,729 [INFO] Pinging camera 1...
2025-07-24 17:11:20,731 [INFO] Ping result for Cam1 (192.168.88.67): 256
2025-07-24 17:11:20,731 [INFO] Pinging camera 2...
2025-07-24 17:11:21,732 [INFO] Ping result for Cam2 (192.168.88.33): 256
2025-07-24 17:11:21,732 [INFO] Pinging camera 3...
2025-07-24 17:11:22,733 [INFO] Ping result for Cam3 (192.168.88.34): 256
2025-07-24 17:11:22,733 [INFO] Pinging camera 4...
2025-07-24 17:11:23,734 [INFO] Ping result for Cam4 (192.168.88.51): 256
2025-07-24 17:11:23,734 [INFO] Pinging camera 5...
2025-07-24 17:11:24,736 [INFO] Ping result for Cam5 (192.168.88.63): 256
2025-07-24 17:11:24,736 [INFO] Pinging camera 6...
2025-07-24 17:11:25,737 [INFO] Ping result for Cam6 (192.168.88.31): 256
2025-07-24 17:11:25,737 [INFO] Fetching parameters for all cameras...
2025-07-24 17:11:25,737 [INFO] Checking parameters of camera 1
2025-07-24 17:11:25,737 [INFO] Camera Device Information
2025-07-24 17:11:25,737 [INFO] =========================
2025-07-24 17:11:25,738 [INFO] DeviceModelName : a2A5328-4gmPRO
2025-07-24 17:11:25,738 [INFO] DeviceSerialNumber : 40103667
2025-07-24 17:11:25,739 [INFO] DeviceUserID : 108121-01
2025-07-24 17:11:25,742 [INFO] Width : 2664
2025-07-24 17:11:25,744 [INFO] Height : 2304
2025-07-24 17:11:25,745 [INFO] PixelFormat : Mono12
2025-07-24 17:11:25,746 [INFO] ExposureTime (μs) : 500000.0
2025-07-24 17:11:25,748 [INFO] BinningHorizontalMode : Sum
2025-07-24 17:11:25,749 [INFO] BinningHorizontal : 2
2025-07-24 17:11:25,750 [INFO] BinningVerticalMode : Sum
2025-07-24 17:11:25,751 [INFO] BinningVertical : 2
2025-07-24 17:11:25,751 [INFO] Checking parameters of camera 2
2025-07-24 17:11:25,751 [INFO] Camera Device Information
2025-07-24 17:11:25,751 [INFO] =========================
2025-07-24 17:11:25,752 [INFO] DeviceModelName : a2A5328-4gmPRO
2025-07-24 17:11:25,754 [INFO] DeviceSerialNumber : 40103833
2025-07-24 17:11:25,755 [INFO] DeviceUserID : 108121-07
2025-07-24 17:11:25,757 [INFO] Width : 5328
2025-07-24 17:11:25,759 [INFO] Height : 4608
2025-07-24 17:11:25,763 [INFO] PixelFormat : Mono8
2025-07-24 17:11:25,764 [INFO] ExposureTime (μs) : 5000.0
2025-07-24 17:11:25,766 [INFO] BinningHorizontalMode : Sum
2025-07-24 17:11:25,768 [INFO] BinningHorizontal : 1
2025-07-24 17:11:25,769 [INFO] BinningVerticalMode : Sum
2025-07-24 17:11:25,771 [INFO] BinningVertical : 1
2025-07-24 17:11:25,771 [INFO] Checking parameters of camera 3
2025-07-24 17:11:25,771 [INFO] Camera Device Information
2025-07-24 17:11:25,772 [INFO] =========================
2025-07-24 17:11:25,773 [INFO] DeviceModelName : a2A5328-4gmPRO
2025-07-24 17:11:25,774 [INFO] DeviceSerialNumber : 40103834
2025-07-24 17:11:25,775 [INFO] DeviceUserID : 108121-03
2025-07-24 17:11:25,777 [INFO] Width : 5328
2025-07-24 17:11:25,780 [INFO] Height : 4608
2025-07-24 17:11:25,783 [INFO] PixelFormat : Mono8
2025-07-24 17:11:25,785 [INFO] ExposureTime (μs) : 5000.0
2025-07-24 17:11:25,786 [INFO] BinningHorizontalMode : Sum
2025-07-24 17:11:25,788 [INFO] BinningHorizontal : 1
2025-07-24 17:11:25,789 [INFO] BinningVerticalMode : Sum
2025-07-24 17:11:25,792 [INFO] BinningVertical : 1
2025-07-24 17:11:25,792 [INFO] Checking parameters of camera 4
2025-07-24 17:11:25,792 [INFO] Camera Device Information
2025-07-24 17:11:25,792 [INFO] =========================
2025-07-24 17:11:25,793 [INFO] DeviceModelName : a2A5328-4gmPRO
2025-07-24 17:11:25,794 [INFO] DeviceSerialNumber : 40103651
2025-07-24 17:11:25,795 [INFO] DeviceUserID : 108121-04
2025-07-24 17:11:25,798 [INFO] Width : 5328
2025-07-24 17:11:25,800 [INFO] Height : 4608
2025-07-24 17:11:25,804 [INFO] PixelFormat : Mono8
2025-07-24 17:11:25,805 [INFO] ExposureTime (μs) : 5000.0
2025-07-24 17:11:25,806 [INFO] BinningHorizontalMode : Sum
2025-07-24 17:11:25,808 [INFO] BinningHorizontal : 1
2025-07-24 17:11:25,810 [INFO] BinningVerticalMode : Sum
2025-07-24 17:11:25,812 [INFO] BinningVertical : 1
2025-07-24 17:11:25,812 [INFO] Checking parameters of camera 5
2025-07-24 17:11:25,812 [INFO] Camera Device Information
2025-07-24 17:11:25,812 [INFO] =========================
2025-07-24 17:11:25,813 [INFO] DeviceModelName : a2A5328-4gmPRO
2025-07-24 17:11:25,815 [INFO] DeviceSerialNumber : 40103663
2025-07-24 17:11:25,816 [INFO] DeviceUserID : 108121-05
2025-07-24 17:11:25,818 [INFO] Width : 5328
2025-07-24 17:11:25,821 [INFO] Height : 4608
2025-07-24 17:11:25,824 [INFO] PixelFormat : Mono8
2025-07-24 17:11:25,825 [INFO] ExposureTime (μs) : 5000.0
2025-07-24 17:11:25,827 [INFO] BinningHorizontalMode : Sum
2025-07-24 17:11:25,829 [INFO] BinningHorizontal : 1
2025-07-24 17:11:25,830 [INFO] BinningVerticalMode : Sum
2025-07-24 17:11:25,832 [INFO] BinningVertical : 1
2025-07-24 17:11:25,832 [INFO] Checking parameters of camera 6
2025-07-24 17:11:25,833 [INFO] Camera Device Information
2025-07-24 17:11:25,833 [INFO] =========================
2025-07-24 17:11:25,834 [INFO] DeviceModelName : a2A5328-4gmPRO
2025-07-24 17:11:25,835 [INFO] DeviceSerialNumber : 40103831
2025-07-24 17:11:25,836 [INFO] DeviceUserID : 108121-06
2025-07-24 17:11:25,839 [INFO] Width : 5328
2025-07-24 17:11:25,841 [INFO] Height : 4608
2025-07-24 17:11:25,845 [INFO] PixelFormat : Mono8
2025-07-24 17:11:25,846 [INFO] ExposureTime (μs) : 5000.0
2025-07-24 17:11:25,847 [INFO] BinningHorizontalMode : Sum
2025-07-24 17:11:25,849 [INFO] BinningHorizontal : 1
2025-07-24 17:11:25,851 [INFO] BinningVerticalMode : Sum
2025-07-24 17:11:25,853 [INFO] BinningVertical : 1
2025-07-24 17:11:40,123 [INFO] Initialized GFAEnvironment with role 'finder' and cameras [7]
2025-07-24 17:11:40,123 [INFO] Initializing GFAController with provided config.
2025-07-24 17:11:40,123 [INFO] GFAController initialization complete.
2025-07-24 17:14:04,836 [INFO] Initialized GFAEnvironment with role 'finder' and cameras [7]
2025-07-24 17:14:04,837 [INFO] Initializing GFAController with provided config.
2025-07-24 17:14:04,837 [INFO] GFAController initialization complete.
2025-07-24 17:14:05,329 [INFO] Cam7 opened (IP 192.168.88.58).
2025-07-24 17:14:05,329 [INFO] Saving finder image to: /home/GAFOL/work/kspec_gfa_controller/src/img/grab_finder/2025-07-24
2025-07-24 17:14:05,329 [INFO] Grabbing from Cam7 (ExpTime=0.3, Binning=1)
2025-07-24 17:14:10,367 [DEBUG] FITS file will be saved to: /home/GAFOL/work/kspec_gfa_controller/src/img/grab_finder/2025-07-24/D20250724_T081410_40074358_exp0s.fits
2025-07-24 17:14:10,368 [DEBUG] Image array shape: (0, 5328)
2025-07-24 17:14:10,368 [WARNING] No date_obs provided. Using current date.
2025-07-24 17:14:10,368 [WARNING] No time_obs provided. Using current time.
2025-07-24 17:14:10,368 [DEBUG] FITS header details: SIMPLE  =                    T                                                  BITPIX  =                  -32                                                  NAXIS   =                    2                                                  NAXIS1  =                 5328                                                  NAXIS2  =                    0                                                  CTYPE1  = 'PIXEL   '                                                            CTYPE2  = 'PIXEL   '                                                            TELESCOP= 'KMTNET  '                                                            INSTRUME= 'KSPEC-GFA'                                                           OBSERVER= 'Mingyeong'                                                           OBJECT  = 'Unknown '                                                            DATE-OBS= '2025-07-24'                                                          TIME-OBS= '17:14:10'                                                            RA      = 'UNKNOWN '                                                            DEC     = 'UNKNOWN '                                                            EXPTIME =                  0.3                                                  COMMENT FITS file created with custom header fields                             END                                                                                                                                                                                                                                                                                                                                                                                                                                                                                                                                                                                                                                                                                                                                                                                                                                                                                                                                                                                                                                                                                                                                                                                                                                                                                                                                                                                                                                                                                                                                                                             
2025-07-24 17:14:10,370 [INFO] FITS file successfully saved to /home/GAFOL/work/kspec_gfa_controller/src/img/grab_finder/2025-07-24/D20250724_T081410_40074358_exp0s.fits
2025-07-24 17:14:10,370 [INFO] Acquiring focus image...
2025-07-24 17:14:10,370 [INFO] Copied image(s) to: /home/GAFOL/work/kspec_gfa_controller/src/img/grab_finder/2025-07-24
2025-07-24 17:14:10,370 [INFO] Pinging Cam7...
2025-07-24 17:14:10,370 [INFO] Pinging camera 7...
2025-07-24 17:14:11,372 [INFO] Ping result for Cam7 (192.168.88.58): 256
2025-07-24 17:14:11,372 [INFO] Retrieving parameters for Cam7...
2025-07-24 17:14:11,372 [INFO] Checking parameters of camera 7
2025-07-24 17:14:11,372 [INFO] Camera Device Information
2025-07-24 17:14:11,372 [INFO] =========================
2025-07-24 17:14:11,372 [ERROR] AccessException for DeviceModelName: The camera device has been physically removed. : RuntimeException thrown (file 'InstantCameraImpl.h', line 2111)
2025-07-24 17:14:11,372 [ERROR] AccessException for DeviceSerialNumber: The camera device has been physically removed. : RuntimeException thrown (file 'InstantCameraImpl.h', line 2111)
2025-07-24 17:14:11,372 [ERROR] AccessException for DeviceUserID: The camera device has been physically removed. : RuntimeException thrown (file 'InstantCameraImpl.h', line 2111)
2025-07-24 17:14:11,372 [ERROR] AccessException for Width: The camera device has been physically removed. : RuntimeException thrown (file 'InstantCameraImpl.h', line 2111)
2025-07-24 17:14:11,372 [ERROR] AccessException for Height: The camera device has been physically removed. : RuntimeException thrown (file 'InstantCameraImpl.h', line 2111)
2025-07-24 17:14:11,372 [ERROR] AccessException for PixelFormat: The camera device has been physically removed. : RuntimeException thrown (file 'InstantCameraImpl.h', line 2111)
2025-07-24 17:14:11,372 [ERROR] AccessException for ExposureTime (μs): The camera device has been physically removed. : RuntimeException thrown (file 'InstantCameraImpl.h', line 2111)
2025-07-24 17:14:11,372 [ERROR] AccessException for BinningHorizontalMode: The camera device has been physically removed. : RuntimeException thrown (file 'InstantCameraImpl.h', line 2111)
2025-07-24 17:14:11,372 [ERROR] AccessException for BinningHorizontal: The camera device has been physically removed. : RuntimeException thrown (file 'InstantCameraImpl.h', line 2111)
2025-07-24 17:14:11,372 [ERROR] AccessException for BinningVerticalMode: The camera device has been physically removed. : RuntimeException thrown (file 'InstantCameraImpl.h', line 2111)
2025-07-24 17:14:11,372 [ERROR] AccessException for BinningVertical: The camera device has been physically removed. : RuntimeException thrown (file 'InstantCameraImpl.h', line 2111)
2025-07-24 17:14:45,947 [INFO] Initialized GFAEnvironment with role 'finder' and cameras [7]
2025-07-24 17:14:45,947 [INFO] Initializing GFAController with provided config.
2025-07-24 17:14:45,947 [INFO] GFAController initialization complete.
2025-07-24 17:14:46,442 [INFO] Cam7 opened (IP 192.168.88.58).
2025-07-24 17:14:46,442 [INFO] Pinging Cam7...
2025-07-24 17:14:46,442 [INFO] Pinging camera 7...
2025-07-24 17:14:47,443 [INFO] Ping result for Cam7 (192.168.88.58): 256
2025-07-24 17:14:47,443 [INFO] Retrieving parameters for Cam7...
2025-07-24 17:14:47,443 [INFO] Checking parameters of camera 7
2025-07-24 17:14:47,443 [INFO] Camera Device Information
2025-07-24 17:14:47,443 [INFO] =========================
2025-07-24 17:14:47,444 [INFO] DeviceModelName : a2A5328-4gmPRO
2025-07-24 17:14:47,446 [INFO] DeviceSerialNumber : 40074358
2025-07-24 17:14:47,447 [INFO] DeviceUserID : 108121-02
2025-07-24 17:14:47,449 [INFO] Width : 5328
2025-07-24 17:14:47,452 [INFO] Height : 4608
2025-07-24 17:14:47,455 [INFO] PixelFormat : Mono12
2025-07-24 17:14:47,457 [INFO] ExposureTime (μs) : 300000.0
2025-07-24 17:14:47,458 [INFO] BinningHorizontalMode : Sum
2025-07-24 17:14:47,461 [INFO] BinningHorizontal : 1
2025-07-24 17:14:47,462 [INFO] BinningVerticalMode : Sum
2025-07-24 17:14:47,465 [INFO] BinningVertical : 1
2025-07-24 17:15:03,328 [INFO] Initialized GFAEnvironment with role 'finder' and cameras [7]
2025-07-24 17:15:03,328 [INFO] Initializing GFAController with provided config.
2025-07-24 17:15:03,328 [INFO] GFAController initialization complete.
2025-07-24 17:15:03,823 [INFO] Cam7 opened (IP 192.168.88.58).
2025-07-24 17:15:03,823 [INFO] Saving finder image to: /home/GAFOL/work/kspec_gfa_controller/src/img/grab_finder/2025-07-24
2025-07-24 17:15:03,823 [INFO] Grabbing from Cam7 (ExpTime=0.3, Binning=1)
2025-07-24 17:15:08,817 [DEBUG] FITS file will be saved to: /home/GAFOL/work/kspec_gfa_controller/src/img/grab_finder/2025-07-24/D20250724_T081508_40074358_exp0s.fits
2025-07-24 17:15:08,817 [DEBUG] Image array shape: (0, 5328)
2025-07-24 17:15:08,817 [WARNING] No date_obs provided. Using current date.
2025-07-24 17:15:08,817 [WARNING] No time_obs provided. Using current time.
2025-07-24 17:15:08,818 [DEBUG] FITS header details: SIMPLE  =                    T                                                  BITPIX  =                  -32                                                  NAXIS   =                    2                                                  NAXIS1  =                 5328                                                  NAXIS2  =                    0                                                  CTYPE1  = 'PIXEL   '                                                            CTYPE2  = 'PIXEL   '                                                            TELESCOP= 'KMTNET  '                                                            INSTRUME= 'KSPEC-GFA'                                                           OBSERVER= 'Mingyeong'                                                           OBJECT  = 'Unknown '                                                            DATE-OBS= '2025-07-24'                                                          TIME-OBS= '17:15:08'                                                            RA      = 'UNKNOWN '                                                            DEC     = 'UNKNOWN '                                                            EXPTIME =                  0.3                                                  COMMENT FITS file created with custom header fields                             END                                                                                                                                                                                                                                                                                                                                                                                                                                                                                                                                                                                                                                                                                                                                                                                                                                                                                                                                                                                                                                                                                                                                                                                                                                                                                                                                                                                                                                                                                                                                                                             
2025-07-24 17:15:08,819 [INFO] FITS file successfully saved to /home/GAFOL/work/kspec_gfa_controller/src/img/grab_finder/2025-07-24/D20250724_T081508_40074358_exp0s.fits
2025-07-24 17:15:25,909 [INFO] Initialized GFAEnvironment with role 'finder' and cameras [7]
2025-07-24 17:15:25,909 [INFO] Initializing GFAController with provided config.
2025-07-24 17:15:25,909 [INFO] GFAController initialization complete.
2025-07-24 17:15:26,401 [INFO] Cam7 opened (IP 192.168.88.58).
2025-07-24 17:15:26,401 [INFO] Acquiring focus image...
2025-07-24 17:15:26,402 [INFO] Copied image(s) to: /home/GAFOL/work/kspec_gfa_controller/src/img/grab_finder/2025-07-24
2025-07-24 17:18:01,172 [INFO] Initialized GFAEnvironment with role 'finder' and cameras [7]
2025-07-24 17:18:01,172 [INFO] Initializing GFAController with provided config.
2025-07-24 17:18:01,172 [INFO] GFAController initialization complete.
2025-07-24 17:18:01,669 [INFO] Cam7 opened (IP 192.168.88.58).
2025-07-24 17:18:01,669 [INFO] Starting guiding sequence...
2025-07-24 17:18:01,669 [INFO] Grabbing raw image...
2025-07-24 17:18:01,711 [INFO] Images also copied to: /home/GAFOL/work/kspec_gfa_controller/src/img/grab/2025-07-24
2025-07-24 17:18:01,712 [INFO] Running astrometry preprocessing...
2025-07-24 17:18:01,712 [ERROR] Guiding failed: 'NoneType' object has no attribute 'preproc'
2025-07-24 17:19:59,733 [INFO] Initialized GFAEnvironment with role 'finder' and cameras [7]
2025-07-24 17:19:59,733 [INFO] Initializing GFAController with provided config.
2025-07-24 17:19:59,733 [INFO] GFAController initialization complete.
2025-07-24 17:20:00,227 [INFO] Cam7 opened (IP 192.168.88.58).
2025-07-24 17:20:00,227 [INFO] Starting guiding sequence...
2025-07-24 17:20:00,227 [INFO] Grabbing raw image...
2025-07-24 17:20:00,260 [INFO] Images also copied to: /home/GAFOL/work/kspec_gfa_controller/src/img/grab/2025-07-24
2025-07-24 17:20:00,260 [ERROR] Guiding failed: cannot unpack non-iterable int object
2025-07-24 17:20:44,617 [INFO] Initialized GFAEnvironment with role 'finder' and cameras [7]
2025-07-24 17:20:44,617 [INFO] Initializing GFAController with provided config.
2025-07-24 17:20:44,617 [INFO] GFAController initialization complete.
2025-07-24 17:20:45,115 [INFO] Cam7 opened (IP 192.168.88.58).
2025-07-24 17:20:45,115 [INFO] Starting guiding sequence...
2025-07-24 17:20:45,115 [INFO] Grabbing raw image...
2025-07-24 17:20:45,131 [INFO] Images also copied to: /home/GAFOL/work/kspec_gfa_controller/src/img/grab/2025-07-24
