2025-12-16 13:09:06,794 [INFO] Initialized GFAEnvironment with role 'plate' and cameras [1, 2, 3, 4, 5, 6]
2025-12-16 13:09:06,794 [INFO] Initializing gfa_astrometry class.
2025-12-16 13:09:06,795 [INFO] Initializing GFAGuider...
2025-12-16 13:09:06,795 [DEBUG] Processed dir: /media/shyunc/DATA/KSpec/KSPEC_ICS/GFA/Simul/kspec_gfa_controller/src/img/procimg
2025-12-16 13:09:06,795 [DEBUG] Final astro dir: /media/shyunc/DATA/KSpec/KSPEC_ICS/GFA/Simul/kspec_gfa_controller/src/img/astroimg/
2025-12-16 13:09:06,795 [DEBUG] Cutout dir: /media/shyunc/DATA/KSpec/KSPEC_ICS/GFA/Simul/kspec_gfa_controller/src/img/cutout
2025-12-16 13:09:06,795 [INFO] GFAGuider setup complete.
2025-12-16 13:09:06,795 [INFO] Initialized GFAEnvironment with role 'finder' and cameras [7]
2025-12-16 13:13:27,164 [INFO] Querying camera statuses...
2025-12-16 13:15:34,481 [INFO] Querying camera statuses...
2025-12-16 13:21:08,912 [INFO] Initialized GFAEnvironment with role 'plate' and cameras [1, 2, 3, 4, 5, 6]
2025-12-16 13:21:08,912 [INFO] Initializing gfa_astrometry class.
2025-12-16 13:21:08,912 [INFO] Initializing GFAGuider...
2025-12-16 13:21:08,913 [DEBUG] Processed dir: /media/shyunc/DATA/KSpec/KSPEC_ICS/GFA/Simul/kspec_gfa_controller/src/img/procimg
2025-12-16 13:21:08,913 [DEBUG] Final astro dir: /media/shyunc/DATA/KSpec/KSPEC_ICS/GFA/Simul/kspec_gfa_controller/src/img/astroimg/
2025-12-16 13:21:08,913 [DEBUG] Cutout dir: /media/shyunc/DATA/KSpec/KSPEC_ICS/GFA/Simul/kspec_gfa_controller/src/img/cutout
2025-12-16 13:21:08,913 [INFO] GFAGuider setup complete.
2025-12-16 13:21:08,913 [INFO] Initialized GFAEnvironment with role 'finder' and cameras [7]
2025-12-16 13:22:43,126 [INFO] Querying camera statuses...
2025-12-16 13:32:35,903 [INFO] Initialized GFAEnvironment with role 'plate' and cameras [1, 2, 3, 4, 5, 6]
2025-12-16 13:32:35,903 [INFO] Initializing gfa_astrometry class.
2025-12-16 13:32:35,904 [INFO] Initializing GFAGuider...
2025-12-16 13:32:35,904 [DEBUG] Processed dir: /media/shyunc/DATA/KSpec/KSPEC_ICS/GFA/Simul/kspec_gfa_controller/src/img/procimg
2025-12-16 13:32:35,904 [DEBUG] Final astro dir: /media/shyunc/DATA/KSpec/KSPEC_ICS/GFA/Simul/kspec_gfa_controller/src/img/astroimg/
2025-12-16 13:32:35,904 [DEBUG] Cutout dir: /media/shyunc/DATA/KSpec/KSPEC_ICS/GFA/Simul/kspec_gfa_controller/src/img/cutout
2025-12-16 13:32:35,904 [INFO] GFAGuider setup complete.
2025-12-16 13:32:35,904 [INFO] Initialized GFAEnvironment with role 'finder' and cameras [7]
2025-12-16 13:32:55,762 [INFO] Querying camera statuses...
2025-12-16 14:49:55,942 [INFO] Querying camera statuses...
2025-12-16 15:07:14,345 [INFO] Querying camera statuses...
2025-12-16 15:15:15,829 [INFO] Querying camera statuses...
