2025-03-26 15:57:28,153 [INFO] Configuration file found: /media/shyunc/DATA/KSpec/KSPEC_ICS/GFA/Simul/kspec_gfa_controller/src/etc/cams.json (at gfa_actions.py)
2025-03-26 15:57:28,154 [INFO] Configuration file found: /media/shyunc/DATA/KSpec/KSPEC_ICS/GFA/Simul/kspec_gfa_controller/src/etc/astrometry_params.json (at gfa_actions.py)
2025-03-26 15:57:28,154 [INFO] Initializing gfa_astrometry class. (at gfa_actions.py)
2025-03-26 15:57:28,154 [INFO] Loaded 4 FITS files. (at gfa_actions.py)
2025-03-26 15:57:28,154 [INFO] Initializing GFAGuider... (at gfa_actions.py)
2025-03-26 15:57:28,155 [INFO] GFAGuider setup complete. (at gfa_actions.py)
2025-03-26 16:01:01,440 [INFO] Guiding starts... (at gfa_actions.py)
2025-03-26 16:01:01,441 [INFO] Step #1: Grab an image (uncomment if needed). (at gfa_actions.py)
2025-03-26 16:01:01,441 [INFO] Step #2: Astrometry... (at gfa_actions.py)
2025-03-26 16:01:01,442 [INFO] Step #3: Calculating the offset... (at gfa_actions.py)
2025-03-26 16:01:01,442 [INFO] Starting guide star calibration process. (at gfa_actions.py)
2025-03-26 16:01:01,445 [INFO] Found 4 astrometry files and 4 processed files. (at gfa_actions.py)
2025-03-26 16:01:01,445 [INFO] Processing FITS: /media/shyunc/DATA/KSpec/KSPEC_ICS/GFA/Simul/kspec_gfa_controller/src/img/astroimg/astro_proc_KMTNge.20231211T102558.0001.fits & /media/shyunc/DATA/KSpec/KSPEC_ICS/GFA/Simul/kspec_gfa_controller/src/img/procimg/proc_KMTNge.20231211T102558.0001.fits (at gfa_actions.py)
2025-03-26 16:01:01,454 [INFO] Performing sigma clipping to derive background and stddev. (at gfa_actions.py)
2025-03-26 16:01:01,612 [INFO] Processing FITS: /media/shyunc/DATA/KSpec/KSPEC_ICS/GFA/Simul/kspec_gfa_controller/src/img/astroimg/astro_proc_KMTNgn.20231211T102558.0001.fits & /media/shyunc/DATA/KSpec/KSPEC_ICS/GFA/Simul/kspec_gfa_controller/src/img/procimg/proc_KMTNgn.20231211T102558.0001.fits (at gfa_actions.py)
2025-03-26 16:01:01,619 [INFO] Performing sigma clipping to derive background and stddev. (at gfa_actions.py)
2025-03-26 16:01:01,737 [INFO] Processing FITS: /media/shyunc/DATA/KSpec/KSPEC_ICS/GFA/Simul/kspec_gfa_controller/src/img/astroimg/astro_proc_KMTNgs.20231211T102558.0001.fits & /media/shyunc/DATA/KSpec/KSPEC_ICS/GFA/Simul/kspec_gfa_controller/src/img/procimg/proc_KMTNgs.20231211T102558.0001.fits (at gfa_actions.py)
2025-03-26 16:01:01,744 [INFO] Performing sigma clipping to derive background and stddev. (at gfa_actions.py)
2025-03-26 16:01:01,865 [INFO] Processing FITS: /media/shyunc/DATA/KSpec/KSPEC_ICS/GFA/Simul/kspec_gfa_controller/src/img/astroimg/astro_proc_KMTNgw.20231211T102558.0001.fits & /media/shyunc/DATA/KSpec/KSPEC_ICS/GFA/Simul/kspec_gfa_controller/src/img/procimg/proc_KMTNgw.20231211T102558.0001.fits (at gfa_actions.py)
2025-03-26 16:01:01,872 [INFO] Performing sigma clipping to derive background and stddev. (at gfa_actions.py)
2025-03-26 16:01:01,978 [WARNING] Offsets within critical threshold; returning 0, 0. (at gfa_actions.py)
2025-03-26 16:01:01,981 [INFO] FWHM: 1.81 arcsec (at gfa_actions.py)
2025-03-26 16:01:01,981 [INFO] Guide star calibration complete. Offsets => fdx=0.00000, fdy=0.00000, FWHM=1.80589 (at gfa_actions.py)
2025-03-26 16:01:01,981 [INFO] Offsets calculated: fdx= $$, fdy=$$, FWHM=$$$ arcsec (at gfa_actions.py)
2025-03-26 16:02:01,986 [INFO] Guiding starts... (at gfa_actions.py)
2025-03-26 16:02:01,987 [INFO] Step #1: Grab an image (uncomment if needed). (at gfa_actions.py)
2025-03-26 16:02:01,988 [INFO] Step #2: Astrometry... (at gfa_actions.py)
2025-03-26 16:02:01,989 [INFO] Step #3: Calculating the offset... (at gfa_actions.py)
2025-03-26 16:02:01,989 [INFO] Starting guide star calibration process. (at gfa_actions.py)
2025-03-26 16:02:01,992 [INFO] Found 4 astrometry files and 4 processed files. (at gfa_actions.py)
2025-03-26 16:02:01,993 [INFO] Processing FITS: /media/shyunc/DATA/KSpec/KSPEC_ICS/GFA/Simul/kspec_gfa_controller/src/img/astroimg/astro_proc_KMTNge.20231211T102558.0001.fits & /media/shyunc/DATA/KSpec/KSPEC_ICS/GFA/Simul/kspec_gfa_controller/src/img/procimg/proc_KMTNge.20231211T102558.0001.fits (at gfa_actions.py)
2025-03-26 16:02:02,006 [INFO] Performing sigma clipping to derive background and stddev. (at gfa_actions.py)
2025-03-26 16:02:02,119 [INFO] Processing FITS: /media/shyunc/DATA/KSpec/KSPEC_ICS/GFA/Simul/kspec_gfa_controller/src/img/astroimg/astro_proc_KMTNgn.20231211T102558.0001.fits & /media/shyunc/DATA/KSpec/KSPEC_ICS/GFA/Simul/kspec_gfa_controller/src/img/procimg/proc_KMTNgn.20231211T102558.0001.fits (at gfa_actions.py)
2025-03-26 16:02:02,126 [INFO] Performing sigma clipping to derive background and stddev. (at gfa_actions.py)
2025-03-26 16:02:02,245 [INFO] Processing FITS: /media/shyunc/DATA/KSpec/KSPEC_ICS/GFA/Simul/kspec_gfa_controller/src/img/astroimg/astro_proc_KMTNgs.20231211T102558.0001.fits & /media/shyunc/DATA/KSpec/KSPEC_ICS/GFA/Simul/kspec_gfa_controller/src/img/procimg/proc_KMTNgs.20231211T102558.0001.fits (at gfa_actions.py)
2025-03-26 16:02:02,252 [INFO] Performing sigma clipping to derive background and stddev. (at gfa_actions.py)
2025-03-26 16:02:02,373 [INFO] Processing FITS: /media/shyunc/DATA/KSpec/KSPEC_ICS/GFA/Simul/kspec_gfa_controller/src/img/astroimg/astro_proc_KMTNgw.20231211T102558.0001.fits & /media/shyunc/DATA/KSpec/KSPEC_ICS/GFA/Simul/kspec_gfa_controller/src/img/procimg/proc_KMTNgw.20231211T102558.0001.fits (at gfa_actions.py)
2025-03-26 16:02:02,380 [INFO] Performing sigma clipping to derive background and stddev. (at gfa_actions.py)
2025-03-26 16:02:02,486 [WARNING] Offsets within critical threshold; returning 0, 0. (at gfa_actions.py)
2025-03-26 16:02:02,489 [INFO] FWHM: 1.81 arcsec (at gfa_actions.py)
2025-03-26 16:02:02,489 [INFO] Guide star calibration complete. Offsets => fdx=0.00000, fdy=0.00000, FWHM=1.80589 (at gfa_actions.py)
2025-03-26 16:02:02,489 [INFO] Offsets calculated: fdx= $$, fdy=$$, FWHM=$$$ arcsec (at gfa_actions.py)
2025-03-26 16:03:02,495 [INFO] Guiding starts... (at gfa_actions.py)
2025-03-26 16:03:02,496 [INFO] Step #1: Grab an image (uncomment if needed). (at gfa_actions.py)
2025-03-26 16:03:02,496 [INFO] Step #2: Astrometry... (at gfa_actions.py)
2025-03-26 16:03:02,497 [INFO] Step #3: Calculating the offset... (at gfa_actions.py)
2025-03-26 16:03:02,497 [INFO] Starting guide star calibration process. (at gfa_actions.py)
2025-03-26 16:03:02,499 [INFO] Found 4 astrometry files and 4 processed files. (at gfa_actions.py)
2025-03-26 16:03:02,499 [INFO] Processing FITS: /media/shyunc/DATA/KSpec/KSPEC_ICS/GFA/Simul/kspec_gfa_controller/src/img/astroimg/astro_proc_KMTNge.20231211T102558.0001.fits & /media/shyunc/DATA/KSpec/KSPEC_ICS/GFA/Simul/kspec_gfa_controller/src/img/procimg/proc_KMTNge.20231211T102558.0001.fits (at gfa_actions.py)
2025-03-26 16:03:02,507 [INFO] Performing sigma clipping to derive background and stddev. (at gfa_actions.py)
2025-03-26 16:03:02,616 [INFO] Processing FITS: /media/shyunc/DATA/KSpec/KSPEC_ICS/GFA/Simul/kspec_gfa_controller/src/img/astroimg/astro_proc_KMTNgn.20231211T102558.0001.fits & /media/shyunc/DATA/KSpec/KSPEC_ICS/GFA/Simul/kspec_gfa_controller/src/img/procimg/proc_KMTNgn.20231211T102558.0001.fits (at gfa_actions.py)
2025-03-26 16:03:02,623 [INFO] Performing sigma clipping to derive background and stddev. (at gfa_actions.py)
2025-03-26 16:03:02,740 [INFO] Processing FITS: /media/shyunc/DATA/KSpec/KSPEC_ICS/GFA/Simul/kspec_gfa_controller/src/img/astroimg/astro_proc_KMTNgs.20231211T102558.0001.fits & /media/shyunc/DATA/KSpec/KSPEC_ICS/GFA/Simul/kspec_gfa_controller/src/img/procimg/proc_KMTNgs.20231211T102558.0001.fits (at gfa_actions.py)
2025-03-26 16:03:02,747 [INFO] Performing sigma clipping to derive background and stddev. (at gfa_actions.py)
2025-03-26 16:03:02,869 [INFO] Processing FITS: /media/shyunc/DATA/KSpec/KSPEC_ICS/GFA/Simul/kspec_gfa_controller/src/img/astroimg/astro_proc_KMTNgw.20231211T102558.0001.fits & /media/shyunc/DATA/KSpec/KSPEC_ICS/GFA/Simul/kspec_gfa_controller/src/img/procimg/proc_KMTNgw.20231211T102558.0001.fits (at gfa_actions.py)
2025-03-26 16:03:02,876 [INFO] Performing sigma clipping to derive background and stddev. (at gfa_actions.py)
2025-03-26 16:03:02,982 [WARNING] Offsets within critical threshold; returning 0, 0. (at gfa_actions.py)
2025-03-26 16:03:02,984 [INFO] FWHM: 1.81 arcsec (at gfa_actions.py)
2025-03-26 16:03:02,984 [INFO] Guide star calibration complete. Offsets => fdx=0.00000, fdy=0.00000, FWHM=1.80589 (at gfa_actions.py)
2025-03-26 16:03:02,985 [INFO] Offsets calculated: fdx= $$, fdy=$$, FWHM=$$$ arcsec (at gfa_actions.py)
