2025-08-26 13:34:02,442 [INFO] Initialized GFAEnvironment with role 'plate' and cameras [1, 2, 3, 4, 5, 6]
2025-08-26 13:34:02,442 [INFO] Initializing gfa_astrometry class.
2025-08-26 13:34:02,442 [INFO] Initializing GFAGuider...
2025-08-26 13:34:02,442 [DEBUG] Processed dir: /media/shyunc/DATA/KSpec/KSPEC_ICS/GFA/Simul/kspec_gfa_controller/src/img/procimg
2025-08-26 13:34:02,442 [DEBUG] Final astro dir: /media/shyunc/DATA/KSpec/KSPEC_ICS/GFA/Simul/kspec_gfa_controller/src/img/astroimg/
2025-08-26 13:34:02,443 [DEBUG] Cutout dir: /media/shyunc/DATA/KSpec/KSPEC_ICS/GFA/Simul/kspec_gfa_controller/src/img/cutout
2025-08-26 13:34:02,443 [INFO] GFAGuider setup complete.
2025-08-26 13:34:02,443 [INFO] Initialized GFAEnvironment with role 'finder' and cameras [7]
2025-08-26 13:35:05,296 [INFO] Image save path: /media/shyunc/DATA/KSpec/KSPEC_ICS/GFA/Simul/kspec_gfa_controller/src/img/grab/2025-08-26
2025-08-26 13:35:05,297 [INFO] Grabbing from camera 1 (ExpTime=3.0, Binning=4)
2025-08-26 13:43:37,319 [INFO] Image save path: /media/shyunc/DATA/KSpec/KSPEC_ICS/GFA/Simul/kspec_gfa_controller/src/img/grab/2025-08-26
2025-08-26 13:43:37,320 [INFO] Grabbing from camera 1 (ExpTime=3.0, Binning=4)
2025-08-26 13:45:39,488 [INFO] Image save path: /media/shyunc/DATA/KSpec/KSPEC_ICS/GFA/Simul/kspec_gfa_controller/src/img/grab/2025-08-26
2025-08-26 13:45:39,488 [INFO] Grabbing from camera 1 (ExpTime=3.0, Binning=4)
2025-08-26 13:45:52,579 [INFO] Image save path: /media/shyunc/DATA/KSpec/KSPEC_ICS/GFA/Simul/kspec_gfa_controller/src/img/grab/2025-08-26
2025-08-26 13:45:52,580 [INFO] Grabbing from camera 2 (ExpTime=3.0, Binning=4)
2025-08-26 14:36:30,060 [INFO] Starting guiding sequence...
2025-08-26 14:36:30,062 [INFO] Grabbing raw image...
2025-08-26 14:36:35,064 [INFO] Running astrometry preprocessing...
2025-08-26 14:36:35,065 [INFO] Executing guider offset calculation...
2025-08-26 14:36:35,065 [INFO] Clearing temp astrometry data...
2025-08-26 14:36:35,065 [INFO] Deleting raw and processed files.
2025-08-26 14:36:35,065 [INFO] Deleted 0 files in directory: /media/shyunc/DATA/KSpec/KSPEC_ICS/GFA/Simul/kspec_gfa_controller/src/img/raw
2025-08-26 14:36:35,066 [INFO] Deleted 0 files in directory: /media/shyunc/DATA/KSpec/KSPEC_ICS/GFA/Simul/kspec_gfa_controller/src/img/procimg
2025-08-26 14:36:35,066 [INFO] Deleted 0 raw files and 0 processed files.
2025-08-26 14:38:08,118 [INFO] Starting guiding sequence...
2025-08-26 14:38:08,118 [INFO] Grabbing raw image...
2025-08-26 14:38:13,119 [INFO] Running astrometry preprocessing...
2025-08-26 14:38:13,120 [INFO] Executing guider offset calculation...
2025-08-26 14:38:13,120 [INFO] Clearing temp astrometry data...
2025-08-26 14:38:13,120 [INFO] Deleting raw and processed files.
2025-08-26 14:38:13,120 [INFO] Deleted 0 files in directory: /media/shyunc/DATA/KSpec/KSPEC_ICS/GFA/Simul/kspec_gfa_controller/src/img/raw
2025-08-26 14:38:13,120 [INFO] Deleted 0 files in directory: /media/shyunc/DATA/KSpec/KSPEC_ICS/GFA/Simul/kspec_gfa_controller/src/img/procimg
2025-08-26 14:38:13,120 [INFO] Deleted 0 raw files and 0 processed files.
2025-08-26 16:59:26,808 [INFO] Initialized GFAEnvironment with role 'plate' and cameras [1, 2, 3, 4, 5, 6]
2025-08-26 16:59:26,808 [INFO] Initializing gfa_astrometry class.
2025-08-26 16:59:26,808 [INFO] Initializing GFAGuider...
2025-08-26 16:59:26,808 [DEBUG] Processed dir: /media/shyunc/DATA/KSpec/KSPEC_ICS/GFA/Simul/kspec_gfa_controller/src/img/procimg
2025-08-26 16:59:26,808 [DEBUG] Final astro dir: /media/shyunc/DATA/KSpec/KSPEC_ICS/GFA/Simul/kspec_gfa_controller/src/img/astroimg/
2025-08-26 16:59:26,808 [DEBUG] Cutout dir: /media/shyunc/DATA/KSpec/KSPEC_ICS/GFA/Simul/kspec_gfa_controller/src/img/cutout
2025-08-26 16:59:26,809 [INFO] GFAGuider setup complete.
2025-08-26 16:59:26,809 [INFO] Initialized GFAEnvironment with role 'finder' and cameras [7]
2025-08-26 16:59:30,474 [INFO] Starting guiding sequence...
2025-08-26 16:59:30,474 [INFO] Grabbing raw image...
2025-08-26 16:59:35,476 [INFO] Running astrometry preprocessing...
2025-08-26 16:59:35,476 [INFO] Executing guider offset calculation...
2025-08-26 16:59:35,477 [INFO] Clearing temp astrometry data...
2025-08-26 16:59:35,477 [INFO] Deleting raw and processed files.
2025-08-26 16:59:35,478 [INFO] Deleted 0 files in directory: /media/shyunc/DATA/KSpec/KSPEC_ICS/GFA/Simul/kspec_gfa_controller/src/img/raw
2025-08-26 16:59:35,479 [INFO] Deleted 0 files in directory: /media/shyunc/DATA/KSpec/KSPEC_ICS/GFA/Simul/kspec_gfa_controller/src/img/procimg
2025-08-26 16:59:35,479 [INFO] Deleted 0 raw files and 0 processed files.
