2025-03-20 10:31:37,281 [INFO] Configuration file found: /media/shyunc/DATA/KSpec/KSPEC_ICS/GFA/Simul/kspec_gfa_controller/src/etc/cams.json (at gfa_actions.py)
2025-03-20 10:31:37,281 [INFO] Configuration file found: /media/shyunc/DATA/KSpec/KSPEC_ICS/GFA/Simul/kspec_gfa_controller/src/etc/astrometry_params.json (at gfa_actions.py)
2025-03-20 10:31:37,281 [INFO] Initializing gfa_astrometry class. (at gfa_actions.py)
2025-03-20 10:31:37,282 [INFO] Loaded 4 FITS files. (at gfa_actions.py)
2025-03-20 10:31:37,282 [INFO] Initializing GFAGuider... (at gfa_actions.py)
2025-03-20 10:31:37,282 [INFO] GFAGuider setup complete. (at gfa_actions.py)
2025-03-20 10:34:39,805 [INFO] Guiding starts... (at gfa_actions.py)
2025-03-20 10:34:39,806 [INFO] Step #1: Grab an image (uncomment if needed). (at gfa_actions.py)
2025-03-20 10:34:39,806 [INFO] Step #2: Astrometry... (at gfa_actions.py)
2025-03-20 10:34:39,807 [INFO] Step #3: Calculating the offset... (at gfa_actions.py)
2025-03-20 10:34:39,807 [INFO] Starting guide star calibration process. (at gfa_actions.py)
2025-03-20 10:34:39,809 [INFO] Found 4 astrometry files and 4 processed files. (at gfa_actions.py)
2025-03-20 10:34:39,809 [INFO] Processing FITS: /media/shyunc/DATA/KSpec/KSPEC_ICS/GFA/Simul/kspec_gfa_controller/src/img/astroimg/astro_proc_KMTNge.20231211T102558.0001.fits & /media/shyunc/DATA/KSpec/KSPEC_ICS/GFA/Simul/kspec_gfa_controller/src/img/procimg/proc_KMTNge.20231211T102558.0001.fits (at gfa_actions.py)
2025-03-20 10:34:39,824 [INFO] Performing sigma clipping to derive background and stddev. (at gfa_actions.py)
2025-03-20 10:34:39,983 [INFO] Processing FITS: /media/shyunc/DATA/KSpec/KSPEC_ICS/GFA/Simul/kspec_gfa_controller/src/img/astroimg/astro_proc_KMTNgn.20231211T102558.0001.fits & /media/shyunc/DATA/KSpec/KSPEC_ICS/GFA/Simul/kspec_gfa_controller/src/img/procimg/proc_KMTNgn.20231211T102558.0001.fits (at gfa_actions.py)
2025-03-20 10:34:39,990 [INFO] Performing sigma clipping to derive background and stddev. (at gfa_actions.py)
2025-03-20 10:34:40,108 [INFO] Processing FITS: /media/shyunc/DATA/KSpec/KSPEC_ICS/GFA/Simul/kspec_gfa_controller/src/img/astroimg/astro_proc_KMTNgs.20231211T102558.0001.fits & /media/shyunc/DATA/KSpec/KSPEC_ICS/GFA/Simul/kspec_gfa_controller/src/img/procimg/proc_KMTNgs.20231211T102558.0001.fits (at gfa_actions.py)
2025-03-20 10:34:40,115 [INFO] Performing sigma clipping to derive background and stddev. (at gfa_actions.py)
2025-03-20 10:34:40,236 [INFO] Processing FITS: /media/shyunc/DATA/KSpec/KSPEC_ICS/GFA/Simul/kspec_gfa_controller/src/img/astroimg/astro_proc_KMTNgw.20231211T102558.0001.fits & /media/shyunc/DATA/KSpec/KSPEC_ICS/GFA/Simul/kspec_gfa_controller/src/img/procimg/proc_KMTNgw.20231211T102558.0001.fits (at gfa_actions.py)
2025-03-20 10:34:40,243 [INFO] Performing sigma clipping to derive background and stddev. (at gfa_actions.py)
2025-03-20 10:34:40,349 [WARNING] Offsets within critical threshold; returning 0, 0. (at gfa_actions.py)
2025-03-20 10:34:40,352 [INFO] FWHM: 1.81 arcsec (at gfa_actions.py)
2025-03-20 10:34:40,352 [INFO] Guide star calibration complete. Offsets => fdx=0.00000, fdy=0.00000, FWHM=1.80589 (at gfa_actions.py)
2025-03-20 10:34:40,352 [INFO] Offsets calculated: fdx= $$, fdy=$$, FWHM=$$$ arcsec (at gfa_actions.py)
2025-03-20 10:35:40,357 [INFO] Guiding starts... (at gfa_actions.py)
2025-03-20 10:35:40,357 [INFO] Step #1: Grab an image (uncomment if needed). (at gfa_actions.py)
2025-03-20 10:35:40,358 [INFO] Step #2: Astrometry... (at gfa_actions.py)
2025-03-20 10:35:40,358 [INFO] Step #3: Calculating the offset... (at gfa_actions.py)
2025-03-20 10:35:40,359 [INFO] Starting guide star calibration process. (at gfa_actions.py)
2025-03-20 10:35:40,361 [INFO] Found 4 astrometry files and 4 processed files. (at gfa_actions.py)
2025-03-20 10:35:40,361 [INFO] Processing FITS: /media/shyunc/DATA/KSpec/KSPEC_ICS/GFA/Simul/kspec_gfa_controller/src/img/astroimg/astro_proc_KMTNge.20231211T102558.0001.fits & /media/shyunc/DATA/KSpec/KSPEC_ICS/GFA/Simul/kspec_gfa_controller/src/img/procimg/proc_KMTNge.20231211T102558.0001.fits (at gfa_actions.py)
2025-03-20 10:35:40,378 [INFO] Performing sigma clipping to derive background and stddev. (at gfa_actions.py)
2025-03-20 10:35:40,487 [INFO] Processing FITS: /media/shyunc/DATA/KSpec/KSPEC_ICS/GFA/Simul/kspec_gfa_controller/src/img/astroimg/astro_proc_KMTNgn.20231211T102558.0001.fits & /media/shyunc/DATA/KSpec/KSPEC_ICS/GFA/Simul/kspec_gfa_controller/src/img/procimg/proc_KMTNgn.20231211T102558.0001.fits (at gfa_actions.py)
2025-03-20 10:35:40,494 [INFO] Performing sigma clipping to derive background and stddev. (at gfa_actions.py)
2025-03-20 10:35:40,611 [INFO] Processing FITS: /media/shyunc/DATA/KSpec/KSPEC_ICS/GFA/Simul/kspec_gfa_controller/src/img/astroimg/astro_proc_KMTNgs.20231211T102558.0001.fits & /media/shyunc/DATA/KSpec/KSPEC_ICS/GFA/Simul/kspec_gfa_controller/src/img/procimg/proc_KMTNgs.20231211T102558.0001.fits (at gfa_actions.py)
2025-03-20 10:35:40,618 [INFO] Performing sigma clipping to derive background and stddev. (at gfa_actions.py)
2025-03-20 10:35:40,740 [INFO] Processing FITS: /media/shyunc/DATA/KSpec/KSPEC_ICS/GFA/Simul/kspec_gfa_controller/src/img/astroimg/astro_proc_KMTNgw.20231211T102558.0001.fits & /media/shyunc/DATA/KSpec/KSPEC_ICS/GFA/Simul/kspec_gfa_controller/src/img/procimg/proc_KMTNgw.20231211T102558.0001.fits (at gfa_actions.py)
2025-03-20 10:35:40,746 [INFO] Performing sigma clipping to derive background and stddev. (at gfa_actions.py)
2025-03-20 10:35:40,852 [WARNING] Offsets within critical threshold; returning 0, 0. (at gfa_actions.py)
2025-03-20 10:35:40,854 [INFO] FWHM: 1.81 arcsec (at gfa_actions.py)
2025-03-20 10:35:40,854 [INFO] Guide star calibration complete. Offsets => fdx=0.00000, fdy=0.00000, FWHM=1.80589 (at gfa_actions.py)
2025-03-20 10:35:40,855 [INFO] Offsets calculated: fdx= $$, fdy=$$, FWHM=$$$ arcsec (at gfa_actions.py)
2025-03-20 10:38:14,658 [INFO] Guiding starts... (at gfa_actions.py)
2025-03-20 10:38:14,659 [INFO] Step #1: Grab an image (uncomment if needed). (at gfa_actions.py)
2025-03-20 10:38:14,659 [INFO] Step #2: Astrometry... (at gfa_actions.py)
2025-03-20 10:38:14,660 [INFO] Step #3: Calculating the offset... (at gfa_actions.py)
2025-03-20 10:38:14,660 [INFO] Starting guide star calibration process. (at gfa_actions.py)
2025-03-20 10:38:14,663 [INFO] Found 4 astrometry files and 4 processed files. (at gfa_actions.py)
2025-03-20 10:38:14,663 [INFO] Processing FITS: /media/shyunc/DATA/KSpec/KSPEC_ICS/GFA/Simul/kspec_gfa_controller/src/img/astroimg/astro_proc_KMTNge.20231211T102558.0001.fits & /media/shyunc/DATA/KSpec/KSPEC_ICS/GFA/Simul/kspec_gfa_controller/src/img/procimg/proc_KMTNge.20231211T102558.0001.fits (at gfa_actions.py)
2025-03-20 10:38:14,676 [INFO] Performing sigma clipping to derive background and stddev. (at gfa_actions.py)
2025-03-20 10:38:14,790 [INFO] Processing FITS: /media/shyunc/DATA/KSpec/KSPEC_ICS/GFA/Simul/kspec_gfa_controller/src/img/astroimg/astro_proc_KMTNgn.20231211T102558.0001.fits & /media/shyunc/DATA/KSpec/KSPEC_ICS/GFA/Simul/kspec_gfa_controller/src/img/procimg/proc_KMTNgn.20231211T102558.0001.fits (at gfa_actions.py)
2025-03-20 10:38:14,797 [INFO] Performing sigma clipping to derive background and stddev. (at gfa_actions.py)
2025-03-20 10:38:14,914 [INFO] Processing FITS: /media/shyunc/DATA/KSpec/KSPEC_ICS/GFA/Simul/kspec_gfa_controller/src/img/astroimg/astro_proc_KMTNgs.20231211T102558.0001.fits & /media/shyunc/DATA/KSpec/KSPEC_ICS/GFA/Simul/kspec_gfa_controller/src/img/procimg/proc_KMTNgs.20231211T102558.0001.fits (at gfa_actions.py)
2025-03-20 10:38:14,921 [INFO] Performing sigma clipping to derive background and stddev. (at gfa_actions.py)
2025-03-20 10:38:15,041 [INFO] Processing FITS: /media/shyunc/DATA/KSpec/KSPEC_ICS/GFA/Simul/kspec_gfa_controller/src/img/astroimg/astro_proc_KMTNgw.20231211T102558.0001.fits & /media/shyunc/DATA/KSpec/KSPEC_ICS/GFA/Simul/kspec_gfa_controller/src/img/procimg/proc_KMTNgw.20231211T102558.0001.fits (at gfa_actions.py)
2025-03-20 10:38:15,048 [INFO] Performing sigma clipping to derive background and stddev. (at gfa_actions.py)
2025-03-20 10:38:15,154 [WARNING] Offsets within critical threshold; returning 0, 0. (at gfa_actions.py)
2025-03-20 10:38:15,157 [INFO] FWHM: 1.81 arcsec (at gfa_actions.py)
2025-03-20 10:38:15,157 [INFO] Guide star calibration complete. Offsets => fdx=0.00000, fdy=0.00000, FWHM=1.80589 (at gfa_actions.py)
2025-03-20 10:38:15,157 [INFO] Offsets calculated: fdx= $$, fdy=$$, FWHM=$$$ arcsec (at gfa_actions.py)
2025-03-20 10:39:15,166 [INFO] Guiding starts... (at gfa_actions.py)
2025-03-20 10:39:15,167 [INFO] Step #1: Grab an image (uncomment if needed). (at gfa_actions.py)
2025-03-20 10:39:15,167 [INFO] Step #2: Astrometry... (at gfa_actions.py)
2025-03-20 10:39:15,168 [INFO] Step #3: Calculating the offset... (at gfa_actions.py)
2025-03-20 10:39:15,168 [INFO] Starting guide star calibration process. (at gfa_actions.py)
2025-03-20 10:39:15,169 [INFO] Found 4 astrometry files and 4 processed files. (at gfa_actions.py)
2025-03-20 10:39:15,170 [INFO] Processing FITS: /media/shyunc/DATA/KSpec/KSPEC_ICS/GFA/Simul/kspec_gfa_controller/src/img/astroimg/astro_proc_KMTNge.20231211T102558.0001.fits & /media/shyunc/DATA/KSpec/KSPEC_ICS/GFA/Simul/kspec_gfa_controller/src/img/procimg/proc_KMTNge.20231211T102558.0001.fits (at gfa_actions.py)
2025-03-20 10:39:15,179 [INFO] Performing sigma clipping to derive background and stddev. (at gfa_actions.py)
2025-03-20 10:39:15,289 [INFO] Processing FITS: /media/shyunc/DATA/KSpec/KSPEC_ICS/GFA/Simul/kspec_gfa_controller/src/img/astroimg/astro_proc_KMTNgn.20231211T102558.0001.fits & /media/shyunc/DATA/KSpec/KSPEC_ICS/GFA/Simul/kspec_gfa_controller/src/img/procimg/proc_KMTNgn.20231211T102558.0001.fits (at gfa_actions.py)
2025-03-20 10:39:15,297 [INFO] Performing sigma clipping to derive background and stddev. (at gfa_actions.py)
2025-03-20 10:39:15,416 [INFO] Processing FITS: /media/shyunc/DATA/KSpec/KSPEC_ICS/GFA/Simul/kspec_gfa_controller/src/img/astroimg/astro_proc_KMTNgs.20231211T102558.0001.fits & /media/shyunc/DATA/KSpec/KSPEC_ICS/GFA/Simul/kspec_gfa_controller/src/img/procimg/proc_KMTNgs.20231211T102558.0001.fits (at gfa_actions.py)
2025-03-20 10:39:15,423 [INFO] Performing sigma clipping to derive background and stddev. (at gfa_actions.py)
2025-03-20 10:39:15,544 [INFO] Processing FITS: /media/shyunc/DATA/KSpec/KSPEC_ICS/GFA/Simul/kspec_gfa_controller/src/img/astroimg/astro_proc_KMTNgw.20231211T102558.0001.fits & /media/shyunc/DATA/KSpec/KSPEC_ICS/GFA/Simul/kspec_gfa_controller/src/img/procimg/proc_KMTNgw.20231211T102558.0001.fits (at gfa_actions.py)
2025-03-20 10:39:15,551 [INFO] Performing sigma clipping to derive background and stddev. (at gfa_actions.py)
2025-03-20 10:39:15,656 [WARNING] Offsets within critical threshold; returning 0, 0. (at gfa_actions.py)
2025-03-20 10:39:15,659 [INFO] FWHM: 1.81 arcsec (at gfa_actions.py)
2025-03-20 10:39:15,659 [INFO] Guide star calibration complete. Offsets => fdx=0.00000, fdy=0.00000, FWHM=1.80589 (at gfa_actions.py)
2025-03-20 10:39:15,659 [INFO] Offsets calculated: fdx= $$, fdy=$$, FWHM=$$$ arcsec (at gfa_actions.py)
2025-03-20 10:43:12,400 [INFO] Guiding starts... (at gfa_actions.py)
2025-03-20 10:43:12,400 [INFO] Step #1: Grab an image (uncomment if needed). (at gfa_actions.py)
2025-03-20 10:43:12,401 [INFO] Step #2: Astrometry... (at gfa_actions.py)
2025-03-20 10:43:12,401 [INFO] Step #3: Calculating the offset... (at gfa_actions.py)
2025-03-20 10:43:12,402 [INFO] Starting guide star calibration process. (at gfa_actions.py)
2025-03-20 10:43:12,403 [INFO] Found 4 astrometry files and 4 processed files. (at gfa_actions.py)
2025-03-20 10:43:12,403 [INFO] Processing FITS: /media/shyunc/DATA/KSpec/KSPEC_ICS/GFA/Simul/kspec_gfa_controller/src/img/astroimg/astro_proc_KMTNge.20231211T102558.0001.fits & /media/shyunc/DATA/KSpec/KSPEC_ICS/GFA/Simul/kspec_gfa_controller/src/img/procimg/proc_KMTNge.20231211T102558.0001.fits (at gfa_actions.py)
2025-03-20 10:43:12,411 [INFO] Performing sigma clipping to derive background and stddev. (at gfa_actions.py)
2025-03-20 10:43:12,527 [INFO] Processing FITS: /media/shyunc/DATA/KSpec/KSPEC_ICS/GFA/Simul/kspec_gfa_controller/src/img/astroimg/astro_proc_KMTNgn.20231211T102558.0001.fits & /media/shyunc/DATA/KSpec/KSPEC_ICS/GFA/Simul/kspec_gfa_controller/src/img/procimg/proc_KMTNgn.20231211T102558.0001.fits (at gfa_actions.py)
2025-03-20 10:43:12,534 [INFO] Performing sigma clipping to derive background and stddev. (at gfa_actions.py)
2025-03-20 10:43:12,651 [INFO] Processing FITS: /media/shyunc/DATA/KSpec/KSPEC_ICS/GFA/Simul/kspec_gfa_controller/src/img/astroimg/astro_proc_KMTNgs.20231211T102558.0001.fits & /media/shyunc/DATA/KSpec/KSPEC_ICS/GFA/Simul/kspec_gfa_controller/src/img/procimg/proc_KMTNgs.20231211T102558.0001.fits (at gfa_actions.py)
2025-03-20 10:43:12,658 [INFO] Performing sigma clipping to derive background and stddev. (at gfa_actions.py)
2025-03-20 10:43:12,777 [INFO] Processing FITS: /media/shyunc/DATA/KSpec/KSPEC_ICS/GFA/Simul/kspec_gfa_controller/src/img/astroimg/astro_proc_KMTNgw.20231211T102558.0001.fits & /media/shyunc/DATA/KSpec/KSPEC_ICS/GFA/Simul/kspec_gfa_controller/src/img/procimg/proc_KMTNgw.20231211T102558.0001.fits (at gfa_actions.py)
2025-03-20 10:43:12,784 [INFO] Performing sigma clipping to derive background and stddev. (at gfa_actions.py)
2025-03-20 10:43:12,890 [WARNING] Offsets within critical threshold; returning 0, 0. (at gfa_actions.py)
2025-03-20 10:43:12,892 [INFO] FWHM: 1.81 arcsec (at gfa_actions.py)
2025-03-20 10:43:12,892 [INFO] Guide star calibration complete. Offsets => fdx=0.00000, fdy=0.00000, FWHM=1.80589 (at gfa_actions.py)
2025-03-20 10:43:12,893 [INFO] Offsets calculated: fdx= $$, fdy=$$, FWHM=$$$ arcsec (at gfa_actions.py)
2025-03-20 10:44:12,900 [INFO] Guiding starts... (at gfa_actions.py)
2025-03-20 10:44:12,901 [INFO] Step #1: Grab an image (uncomment if needed). (at gfa_actions.py)
2025-03-20 10:44:12,902 [INFO] Step #2: Astrometry... (at gfa_actions.py)
2025-03-20 10:44:12,902 [INFO] Step #3: Calculating the offset... (at gfa_actions.py)
2025-03-20 10:44:12,903 [INFO] Starting guide star calibration process. (at gfa_actions.py)
2025-03-20 10:44:12,904 [INFO] Found 4 astrometry files and 4 processed files. (at gfa_actions.py)
2025-03-20 10:44:12,904 [INFO] Processing FITS: /media/shyunc/DATA/KSpec/KSPEC_ICS/GFA/Simul/kspec_gfa_controller/src/img/astroimg/astro_proc_KMTNge.20231211T102558.0001.fits & /media/shyunc/DATA/KSpec/KSPEC_ICS/GFA/Simul/kspec_gfa_controller/src/img/procimg/proc_KMTNge.20231211T102558.0001.fits (at gfa_actions.py)
2025-03-20 10:44:12,929 [INFO] Performing sigma clipping to derive background and stddev. (at gfa_actions.py)
2025-03-20 10:44:13,043 [INFO] Processing FITS: /media/shyunc/DATA/KSpec/KSPEC_ICS/GFA/Simul/kspec_gfa_controller/src/img/astroimg/astro_proc_KMTNgn.20231211T102558.0001.fits & /media/shyunc/DATA/KSpec/KSPEC_ICS/GFA/Simul/kspec_gfa_controller/src/img/procimg/proc_KMTNgn.20231211T102558.0001.fits (at gfa_actions.py)
2025-03-20 10:44:13,050 [INFO] Performing sigma clipping to derive background and stddev. (at gfa_actions.py)
2025-03-20 10:44:13,167 [INFO] Processing FITS: /media/shyunc/DATA/KSpec/KSPEC_ICS/GFA/Simul/kspec_gfa_controller/src/img/astroimg/astro_proc_KMTNgs.20231211T102558.0001.fits & /media/shyunc/DATA/KSpec/KSPEC_ICS/GFA/Simul/kspec_gfa_controller/src/img/procimg/proc_KMTNgs.20231211T102558.0001.fits (at gfa_actions.py)
2025-03-20 10:44:13,174 [INFO] Performing sigma clipping to derive background and stddev. (at gfa_actions.py)
2025-03-20 10:44:13,294 [INFO] Processing FITS: /media/shyunc/DATA/KSpec/KSPEC_ICS/GFA/Simul/kspec_gfa_controller/src/img/astroimg/astro_proc_KMTNgw.20231211T102558.0001.fits & /media/shyunc/DATA/KSpec/KSPEC_ICS/GFA/Simul/kspec_gfa_controller/src/img/procimg/proc_KMTNgw.20231211T102558.0001.fits (at gfa_actions.py)
2025-03-20 10:44:13,301 [INFO] Performing sigma clipping to derive background and stddev. (at gfa_actions.py)
2025-03-20 10:44:13,427 [WARNING] Offsets within critical threshold; returning 0, 0. (at gfa_actions.py)
2025-03-20 10:44:13,430 [INFO] FWHM: 1.81 arcsec (at gfa_actions.py)
2025-03-20 10:44:13,430 [INFO] Guide star calibration complete. Offsets => fdx=0.00000, fdy=0.00000, FWHM=1.80589 (at gfa_actions.py)
2025-03-20 10:44:13,430 [INFO] Offsets calculated: fdx= $$, fdy=$$, FWHM=$$$ arcsec (at gfa_actions.py)
2025-03-20 10:46:34,473 [INFO] Guiding starts... (at gfa_actions.py)
2025-03-20 10:46:34,473 [INFO] Step #1: Grab an image (uncomment if needed). (at gfa_actions.py)
2025-03-20 10:46:34,474 [INFO] Step #2: Astrometry... (at gfa_actions.py)
2025-03-20 10:46:34,475 [INFO] Step #3: Calculating the offset... (at gfa_actions.py)
2025-03-20 10:46:34,475 [INFO] Starting guide star calibration process. (at gfa_actions.py)
2025-03-20 10:46:34,477 [INFO] Found 4 astrometry files and 4 processed files. (at gfa_actions.py)
2025-03-20 10:46:34,478 [INFO] Processing FITS: /media/shyunc/DATA/KSpec/KSPEC_ICS/GFA/Simul/kspec_gfa_controller/src/img/astroimg/astro_proc_KMTNge.20231211T102558.0001.fits & /media/shyunc/DATA/KSpec/KSPEC_ICS/GFA/Simul/kspec_gfa_controller/src/img/procimg/proc_KMTNge.20231211T102558.0001.fits (at gfa_actions.py)
2025-03-20 10:46:34,486 [INFO] Performing sigma clipping to derive background and stddev. (at gfa_actions.py)
2025-03-20 10:46:34,600 [INFO] Processing FITS: /media/shyunc/DATA/KSpec/KSPEC_ICS/GFA/Simul/kspec_gfa_controller/src/img/astroimg/astro_proc_KMTNgn.20231211T102558.0001.fits & /media/shyunc/DATA/KSpec/KSPEC_ICS/GFA/Simul/kspec_gfa_controller/src/img/procimg/proc_KMTNgn.20231211T102558.0001.fits (at gfa_actions.py)
2025-03-20 10:46:34,607 [INFO] Performing sigma clipping to derive background and stddev. (at gfa_actions.py)
2025-03-20 10:46:34,724 [INFO] Processing FITS: /media/shyunc/DATA/KSpec/KSPEC_ICS/GFA/Simul/kspec_gfa_controller/src/img/astroimg/astro_proc_KMTNgs.20231211T102558.0001.fits & /media/shyunc/DATA/KSpec/KSPEC_ICS/GFA/Simul/kspec_gfa_controller/src/img/procimg/proc_KMTNgs.20231211T102558.0001.fits (at gfa_actions.py)
2025-03-20 10:46:34,731 [INFO] Performing sigma clipping to derive background and stddev. (at gfa_actions.py)
2025-03-20 10:46:34,851 [INFO] Processing FITS: /media/shyunc/DATA/KSpec/KSPEC_ICS/GFA/Simul/kspec_gfa_controller/src/img/astroimg/astro_proc_KMTNgw.20231211T102558.0001.fits & /media/shyunc/DATA/KSpec/KSPEC_ICS/GFA/Simul/kspec_gfa_controller/src/img/procimg/proc_KMTNgw.20231211T102558.0001.fits (at gfa_actions.py)
2025-03-20 10:46:34,858 [INFO] Performing sigma clipping to derive background and stddev. (at gfa_actions.py)
2025-03-20 10:46:34,964 [WARNING] Offsets within critical threshold; returning 0, 0. (at gfa_actions.py)
2025-03-20 10:46:34,967 [INFO] FWHM: 1.81 arcsec (at gfa_actions.py)
2025-03-20 10:46:34,967 [INFO] Guide star calibration complete. Offsets => fdx=0.00000, fdy=0.00000, FWHM=1.80589 (at gfa_actions.py)
2025-03-20 10:46:34,967 [INFO] Offsets calculated: fdx= $$, fdy=$$, FWHM=$$$ arcsec (at gfa_actions.py)
2025-03-20 10:47:34,996 [INFO] Guiding starts... (at gfa_actions.py)
2025-03-20 10:47:34,997 [INFO] Step #1: Grab an image (uncomment if needed). (at gfa_actions.py)
2025-03-20 10:47:34,998 [INFO] Step #2: Astrometry... (at gfa_actions.py)
2025-03-20 10:47:34,998 [INFO] Step #3: Calculating the offset... (at gfa_actions.py)
2025-03-20 10:47:34,998 [INFO] Starting guide star calibration process. (at gfa_actions.py)
2025-03-20 10:47:35,000 [INFO] Found 4 astrometry files and 4 processed files. (at gfa_actions.py)
2025-03-20 10:47:35,000 [INFO] Processing FITS: /media/shyunc/DATA/KSpec/KSPEC_ICS/GFA/Simul/kspec_gfa_controller/src/img/astroimg/astro_proc_KMTNge.20231211T102558.0001.fits & /media/shyunc/DATA/KSpec/KSPEC_ICS/GFA/Simul/kspec_gfa_controller/src/img/procimg/proc_KMTNge.20231211T102558.0001.fits (at gfa_actions.py)
2025-03-20 10:47:35,013 [INFO] Performing sigma clipping to derive background and stddev. (at gfa_actions.py)
2025-03-20 10:47:35,125 [INFO] Processing FITS: /media/shyunc/DATA/KSpec/KSPEC_ICS/GFA/Simul/kspec_gfa_controller/src/img/astroimg/astro_proc_KMTNgn.20231211T102558.0001.fits & /media/shyunc/DATA/KSpec/KSPEC_ICS/GFA/Simul/kspec_gfa_controller/src/img/procimg/proc_KMTNgn.20231211T102558.0001.fits (at gfa_actions.py)
2025-03-20 10:47:35,132 [INFO] Performing sigma clipping to derive background and stddev. (at gfa_actions.py)
2025-03-20 10:47:35,249 [INFO] Processing FITS: /media/shyunc/DATA/KSpec/KSPEC_ICS/GFA/Simul/kspec_gfa_controller/src/img/astroimg/astro_proc_KMTNgs.20231211T102558.0001.fits & /media/shyunc/DATA/KSpec/KSPEC_ICS/GFA/Simul/kspec_gfa_controller/src/img/procimg/proc_KMTNgs.20231211T102558.0001.fits (at gfa_actions.py)
2025-03-20 10:47:35,256 [INFO] Performing sigma clipping to derive background and stddev. (at gfa_actions.py)
2025-03-20 10:47:35,376 [INFO] Processing FITS: /media/shyunc/DATA/KSpec/KSPEC_ICS/GFA/Simul/kspec_gfa_controller/src/img/astroimg/astro_proc_KMTNgw.20231211T102558.0001.fits & /media/shyunc/DATA/KSpec/KSPEC_ICS/GFA/Simul/kspec_gfa_controller/src/img/procimg/proc_KMTNgw.20231211T102558.0001.fits (at gfa_actions.py)
2025-03-20 10:47:35,383 [INFO] Performing sigma clipping to derive background and stddev. (at gfa_actions.py)
2025-03-20 10:47:35,489 [WARNING] Offsets within critical threshold; returning 0, 0. (at gfa_actions.py)
2025-03-20 10:47:35,492 [INFO] FWHM: 1.81 arcsec (at gfa_actions.py)
2025-03-20 10:47:35,492 [INFO] Guide star calibration complete. Offsets => fdx=0.00000, fdy=0.00000, FWHM=1.80589 (at gfa_actions.py)
2025-03-20 10:47:35,492 [INFO] Offsets calculated: fdx= $$, fdy=$$, FWHM=$$$ arcsec (at gfa_actions.py)
2025-03-20 10:56:23,679 [INFO] Guiding starts... (at gfa_actions.py)
2025-03-20 10:56:23,680 [INFO] Step #1: Grab an image (uncomment if needed). (at gfa_actions.py)
2025-03-20 10:56:23,681 [INFO] Step #2: Astrometry... (at gfa_actions.py)
2025-03-20 10:56:23,681 [INFO] Step #3: Calculating the offset... (at gfa_actions.py)
2025-03-20 10:56:23,682 [INFO] Starting guide star calibration process. (at gfa_actions.py)
2025-03-20 10:56:23,683 [INFO] Found 4 astrometry files and 4 processed files. (at gfa_actions.py)
2025-03-20 10:56:23,684 [INFO] Processing FITS: /media/shyunc/DATA/KSpec/KSPEC_ICS/GFA/Simul/kspec_gfa_controller/src/img/astroimg/astro_proc_KMTNge.20231211T102558.0001.fits & /media/shyunc/DATA/KSpec/KSPEC_ICS/GFA/Simul/kspec_gfa_controller/src/img/procimg/proc_KMTNge.20231211T102558.0001.fits (at gfa_actions.py)
2025-03-20 10:56:23,695 [INFO] Performing sigma clipping to derive background and stddev. (at gfa_actions.py)
2025-03-20 10:56:23,812 [INFO] Processing FITS: /media/shyunc/DATA/KSpec/KSPEC_ICS/GFA/Simul/kspec_gfa_controller/src/img/astroimg/astro_proc_KMTNgn.20231211T102558.0001.fits & /media/shyunc/DATA/KSpec/KSPEC_ICS/GFA/Simul/kspec_gfa_controller/src/img/procimg/proc_KMTNgn.20231211T102558.0001.fits (at gfa_actions.py)
2025-03-20 10:56:23,819 [INFO] Performing sigma clipping to derive background and stddev. (at gfa_actions.py)
2025-03-20 10:56:23,936 [INFO] Processing FITS: /media/shyunc/DATA/KSpec/KSPEC_ICS/GFA/Simul/kspec_gfa_controller/src/img/astroimg/astro_proc_KMTNgs.20231211T102558.0001.fits & /media/shyunc/DATA/KSpec/KSPEC_ICS/GFA/Simul/kspec_gfa_controller/src/img/procimg/proc_KMTNgs.20231211T102558.0001.fits (at gfa_actions.py)
2025-03-20 10:56:23,942 [INFO] Performing sigma clipping to derive background and stddev. (at gfa_actions.py)
2025-03-20 10:56:24,063 [INFO] Processing FITS: /media/shyunc/DATA/KSpec/KSPEC_ICS/GFA/Simul/kspec_gfa_controller/src/img/astroimg/astro_proc_KMTNgw.20231211T102558.0001.fits & /media/shyunc/DATA/KSpec/KSPEC_ICS/GFA/Simul/kspec_gfa_controller/src/img/procimg/proc_KMTNgw.20231211T102558.0001.fits (at gfa_actions.py)
2025-03-20 10:56:24,094 [INFO] Performing sigma clipping to derive background and stddev. (at gfa_actions.py)
2025-03-20 10:56:24,196 [WARNING] Offsets within critical threshold; returning 0, 0. (at gfa_actions.py)
2025-03-20 10:56:24,198 [INFO] FWHM: 1.81 arcsec (at gfa_actions.py)
2025-03-20 10:56:24,198 [INFO] Guide star calibration complete. Offsets => fdx=0.00000, fdy=0.00000, FWHM=1.80589 (at gfa_actions.py)
2025-03-20 10:56:24,199 [INFO] Offsets calculated: fdx= $$, fdy=$$, FWHM=$$$ arcsec (at gfa_actions.py)
2025-03-20 10:57:24,217 [INFO] Guiding starts... (at gfa_actions.py)
2025-03-20 10:57:24,217 [INFO] Step #1: Grab an image (uncomment if needed). (at gfa_actions.py)
2025-03-20 10:57:24,218 [INFO] Step #2: Astrometry... (at gfa_actions.py)
2025-03-20 10:57:24,219 [INFO] Step #3: Calculating the offset... (at gfa_actions.py)
2025-03-20 10:57:24,219 [INFO] Starting guide star calibration process. (at gfa_actions.py)
2025-03-20 10:57:24,221 [INFO] Found 4 astrometry files and 4 processed files. (at gfa_actions.py)
2025-03-20 10:57:24,222 [INFO] Processing FITS: /media/shyunc/DATA/KSpec/KSPEC_ICS/GFA/Simul/kspec_gfa_controller/src/img/astroimg/astro_proc_KMTNge.20231211T102558.0001.fits & /media/shyunc/DATA/KSpec/KSPEC_ICS/GFA/Simul/kspec_gfa_controller/src/img/procimg/proc_KMTNge.20231211T102558.0001.fits (at gfa_actions.py)
2025-03-20 10:57:24,238 [INFO] Performing sigma clipping to derive background and stddev. (at gfa_actions.py)
2025-03-20 10:57:24,349 [INFO] Processing FITS: /media/shyunc/DATA/KSpec/KSPEC_ICS/GFA/Simul/kspec_gfa_controller/src/img/astroimg/astro_proc_KMTNgn.20231211T102558.0001.fits & /media/shyunc/DATA/KSpec/KSPEC_ICS/GFA/Simul/kspec_gfa_controller/src/img/procimg/proc_KMTNgn.20231211T102558.0001.fits (at gfa_actions.py)
2025-03-20 10:57:24,356 [INFO] Performing sigma clipping to derive background and stddev. (at gfa_actions.py)
2025-03-20 10:57:24,473 [INFO] Processing FITS: /media/shyunc/DATA/KSpec/KSPEC_ICS/GFA/Simul/kspec_gfa_controller/src/img/astroimg/astro_proc_KMTNgs.20231211T102558.0001.fits & /media/shyunc/DATA/KSpec/KSPEC_ICS/GFA/Simul/kspec_gfa_controller/src/img/procimg/proc_KMTNgs.20231211T102558.0001.fits (at gfa_actions.py)
2025-03-20 10:57:24,479 [INFO] Performing sigma clipping to derive background and stddev. (at gfa_actions.py)
2025-03-20 10:57:24,602 [INFO] Processing FITS: /media/shyunc/DATA/KSpec/KSPEC_ICS/GFA/Simul/kspec_gfa_controller/src/img/astroimg/astro_proc_KMTNgw.20231211T102558.0001.fits & /media/shyunc/DATA/KSpec/KSPEC_ICS/GFA/Simul/kspec_gfa_controller/src/img/procimg/proc_KMTNgw.20231211T102558.0001.fits (at gfa_actions.py)
2025-03-20 10:57:24,609 [INFO] Performing sigma clipping to derive background and stddev. (at gfa_actions.py)
2025-03-20 10:57:24,715 [WARNING] Offsets within critical threshold; returning 0, 0. (at gfa_actions.py)
2025-03-20 10:57:24,717 [INFO] FWHM: 1.81 arcsec (at gfa_actions.py)
2025-03-20 10:57:24,717 [INFO] Guide star calibration complete. Offsets => fdx=0.00000, fdy=0.00000, FWHM=1.80589 (at gfa_actions.py)
2025-03-20 10:57:24,717 [INFO] Offsets calculated: fdx= $$, fdy=$$, FWHM=$$$ arcsec (at gfa_actions.py)
2025-03-20 11:12:43,058 [INFO] Guiding starts... (at gfa_actions.py)
2025-03-20 11:12:43,059 [INFO] Step #1: Grab an image (uncomment if needed). (at gfa_actions.py)
2025-03-20 11:12:43,059 [INFO] Step #2: Astrometry... (at gfa_actions.py)
2025-03-20 11:12:43,060 [INFO] Step #3: Calculating the offset... (at gfa_actions.py)
2025-03-20 11:12:43,060 [INFO] Starting guide star calibration process. (at gfa_actions.py)
2025-03-20 11:12:43,062 [INFO] Found 4 astrometry files and 4 processed files. (at gfa_actions.py)
2025-03-20 11:12:43,062 [INFO] Processing FITS: /media/shyunc/DATA/KSpec/KSPEC_ICS/GFA/Simul/kspec_gfa_controller/src/img/astroimg/astro_proc_KMTNge.20231211T102558.0001.fits & /media/shyunc/DATA/KSpec/KSPEC_ICS/GFA/Simul/kspec_gfa_controller/src/img/procimg/proc_KMTNge.20231211T102558.0001.fits (at gfa_actions.py)
2025-03-20 11:12:43,071 [INFO] Performing sigma clipping to derive background and stddev. (at gfa_actions.py)
2025-03-20 11:12:43,187 [INFO] Processing FITS: /media/shyunc/DATA/KSpec/KSPEC_ICS/GFA/Simul/kspec_gfa_controller/src/img/astroimg/astro_proc_KMTNgn.20231211T102558.0001.fits & /media/shyunc/DATA/KSpec/KSPEC_ICS/GFA/Simul/kspec_gfa_controller/src/img/procimg/proc_KMTNgn.20231211T102558.0001.fits (at gfa_actions.py)
2025-03-20 11:12:43,194 [INFO] Performing sigma clipping to derive background and stddev. (at gfa_actions.py)
2025-03-20 11:12:43,312 [INFO] Processing FITS: /media/shyunc/DATA/KSpec/KSPEC_ICS/GFA/Simul/kspec_gfa_controller/src/img/astroimg/astro_proc_KMTNgs.20231211T102558.0001.fits & /media/shyunc/DATA/KSpec/KSPEC_ICS/GFA/Simul/kspec_gfa_controller/src/img/procimg/proc_KMTNgs.20231211T102558.0001.fits (at gfa_actions.py)
2025-03-20 11:12:43,319 [INFO] Performing sigma clipping to derive background and stddev. (at gfa_actions.py)
2025-03-20 11:12:43,440 [INFO] Processing FITS: /media/shyunc/DATA/KSpec/KSPEC_ICS/GFA/Simul/kspec_gfa_controller/src/img/astroimg/astro_proc_KMTNgw.20231211T102558.0001.fits & /media/shyunc/DATA/KSpec/KSPEC_ICS/GFA/Simul/kspec_gfa_controller/src/img/procimg/proc_KMTNgw.20231211T102558.0001.fits (at gfa_actions.py)
2025-03-20 11:12:43,447 [INFO] Performing sigma clipping to derive background and stddev. (at gfa_actions.py)
2025-03-20 11:12:43,554 [WARNING] Offsets within critical threshold; returning 0, 0. (at gfa_actions.py)
2025-03-20 11:12:43,556 [INFO] FWHM: 1.81 arcsec (at gfa_actions.py)
2025-03-20 11:12:43,556 [INFO] Guide star calibration complete. Offsets => fdx=0.00000, fdy=0.00000, FWHM=1.80589 (at gfa_actions.py)
2025-03-20 11:12:43,556 [INFO] Offsets calculated: fdx= $$, fdy=$$, FWHM=$$$ arcsec (at gfa_actions.py)
2025-03-20 11:13:43,564 [INFO] Guiding starts... (at gfa_actions.py)
2025-03-20 11:13:43,565 [INFO] Step #1: Grab an image (uncomment if needed). (at gfa_actions.py)
2025-03-20 11:13:43,565 [INFO] Step #2: Astrometry... (at gfa_actions.py)
2025-03-20 11:13:43,566 [INFO] Step #3: Calculating the offset... (at gfa_actions.py)
2025-03-20 11:13:43,567 [INFO] Starting guide star calibration process. (at gfa_actions.py)
2025-03-20 11:13:43,569 [INFO] Found 4 astrometry files and 4 processed files. (at gfa_actions.py)
2025-03-20 11:13:43,569 [INFO] Processing FITS: /media/shyunc/DATA/KSpec/KSPEC_ICS/GFA/Simul/kspec_gfa_controller/src/img/astroimg/astro_proc_KMTNge.20231211T102558.0001.fits & /media/shyunc/DATA/KSpec/KSPEC_ICS/GFA/Simul/kspec_gfa_controller/src/img/procimg/proc_KMTNge.20231211T102558.0001.fits (at gfa_actions.py)
2025-03-20 11:13:43,578 [INFO] Performing sigma clipping to derive background and stddev. (at gfa_actions.py)
2025-03-20 11:13:43,688 [INFO] Processing FITS: /media/shyunc/DATA/KSpec/KSPEC_ICS/GFA/Simul/kspec_gfa_controller/src/img/astroimg/astro_proc_KMTNgn.20231211T102558.0001.fits & /media/shyunc/DATA/KSpec/KSPEC_ICS/GFA/Simul/kspec_gfa_controller/src/img/procimg/proc_KMTNgn.20231211T102558.0001.fits (at gfa_actions.py)
2025-03-20 11:13:43,695 [INFO] Performing sigma clipping to derive background and stddev. (at gfa_actions.py)
2025-03-20 11:13:43,812 [INFO] Processing FITS: /media/shyunc/DATA/KSpec/KSPEC_ICS/GFA/Simul/kspec_gfa_controller/src/img/astroimg/astro_proc_KMTNgs.20231211T102558.0001.fits & /media/shyunc/DATA/KSpec/KSPEC_ICS/GFA/Simul/kspec_gfa_controller/src/img/procimg/proc_KMTNgs.20231211T102558.0001.fits (at gfa_actions.py)
2025-03-20 11:13:43,819 [INFO] Performing sigma clipping to derive background and stddev. (at gfa_actions.py)
2025-03-20 11:13:43,940 [INFO] Processing FITS: /media/shyunc/DATA/KSpec/KSPEC_ICS/GFA/Simul/kspec_gfa_controller/src/img/astroimg/astro_proc_KMTNgw.20231211T102558.0001.fits & /media/shyunc/DATA/KSpec/KSPEC_ICS/GFA/Simul/kspec_gfa_controller/src/img/procimg/proc_KMTNgw.20231211T102558.0001.fits (at gfa_actions.py)
2025-03-20 11:13:43,947 [INFO] Performing sigma clipping to derive background and stddev. (at gfa_actions.py)
2025-03-20 11:13:44,058 [WARNING] Offsets within critical threshold; returning 0, 0. (at gfa_actions.py)
2025-03-20 11:13:44,060 [INFO] FWHM: 1.81 arcsec (at gfa_actions.py)
2025-03-20 11:13:44,060 [INFO] Guide star calibration complete. Offsets => fdx=0.00000, fdy=0.00000, FWHM=1.80589 (at gfa_actions.py)
2025-03-20 11:13:44,061 [INFO] Offsets calculated: fdx= $$, fdy=$$, FWHM=$$$ arcsec (at gfa_actions.py)
2025-03-20 16:30:17,743 [INFO] Configuration file found: /media/shyunc/DATA/KSpec/KSPEC_ICS/GFA/Simul/kspec_gfa_controller/src/etc/cams.json (at gfa_actions.py)
2025-03-20 16:30:17,743 [INFO] Configuration file found: /media/shyunc/DATA/KSpec/KSPEC_ICS/GFA/Simul/kspec_gfa_controller/src/etc/astrometry_params.json (at gfa_actions.py)
2025-03-20 16:30:17,743 [INFO] Initializing gfa_astrometry class. (at gfa_actions.py)
2025-03-20 16:30:17,744 [INFO] Loaded 4 FITS files. (at gfa_actions.py)
2025-03-20 16:30:17,744 [INFO] Initializing GFAGuider... (at gfa_actions.py)
2025-03-20 16:30:17,744 [INFO] GFAGuider setup complete. (at gfa_actions.py)
2025-03-20 16:51:36,910 [INFO] Guiding starts... (at gfa_actions.py)
2025-03-20 16:51:36,910 [INFO] Step #1: Grab an image (uncomment if needed). (at gfa_actions.py)
2025-03-20 16:51:36,911 [INFO] Step #2: Astrometry... (at gfa_actions.py)
2025-03-20 16:51:36,911 [INFO] Step #3: Calculating the offset... (at gfa_actions.py)
2025-03-20 16:51:36,912 [INFO] Starting guide star calibration process. (at gfa_actions.py)
2025-03-20 16:51:36,914 [INFO] Found 4 astrometry files and 4 processed files. (at gfa_actions.py)
2025-03-20 16:51:36,915 [INFO] Processing FITS: /media/shyunc/DATA/KSpec/KSPEC_ICS/GFA/Simul/kspec_gfa_controller/src/img/astroimg/astro_proc_KMTNge.20231211T102558.0001.fits & /media/shyunc/DATA/KSpec/KSPEC_ICS/GFA/Simul/kspec_gfa_controller/src/img/procimg/proc_KMTNge.20231211T102558.0001.fits (at gfa_actions.py)
2025-03-20 16:51:36,932 [INFO] Performing sigma clipping to derive background and stddev. (at gfa_actions.py)
2025-03-20 16:51:37,092 [INFO] Processing FITS: /media/shyunc/DATA/KSpec/KSPEC_ICS/GFA/Simul/kspec_gfa_controller/src/img/astroimg/astro_proc_KMTNgn.20231211T102558.0001.fits & /media/shyunc/DATA/KSpec/KSPEC_ICS/GFA/Simul/kspec_gfa_controller/src/img/procimg/proc_KMTNgn.20231211T102558.0001.fits (at gfa_actions.py)
2025-03-20 16:51:37,099 [INFO] Performing sigma clipping to derive background and stddev. (at gfa_actions.py)
2025-03-20 16:51:37,217 [INFO] Processing FITS: /media/shyunc/DATA/KSpec/KSPEC_ICS/GFA/Simul/kspec_gfa_controller/src/img/astroimg/astro_proc_KMTNgs.20231211T102558.0001.fits & /media/shyunc/DATA/KSpec/KSPEC_ICS/GFA/Simul/kspec_gfa_controller/src/img/procimg/proc_KMTNgs.20231211T102558.0001.fits (at gfa_actions.py)
2025-03-20 16:51:37,224 [INFO] Performing sigma clipping to derive background and stddev. (at gfa_actions.py)
2025-03-20 16:51:37,346 [INFO] Processing FITS: /media/shyunc/DATA/KSpec/KSPEC_ICS/GFA/Simul/kspec_gfa_controller/src/img/astroimg/astro_proc_KMTNgw.20231211T102558.0001.fits & /media/shyunc/DATA/KSpec/KSPEC_ICS/GFA/Simul/kspec_gfa_controller/src/img/procimg/proc_KMTNgw.20231211T102558.0001.fits (at gfa_actions.py)
2025-03-20 16:51:37,352 [INFO] Performing sigma clipping to derive background and stddev. (at gfa_actions.py)
2025-03-20 16:51:37,459 [WARNING] Offsets within critical threshold; returning 0, 0. (at gfa_actions.py)
2025-03-20 16:51:37,461 [INFO] FWHM: 1.81 arcsec (at gfa_actions.py)
2025-03-20 16:51:37,461 [INFO] Guide star calibration complete. Offsets => fdx=0.00000, fdy=0.00000, FWHM=1.80589 (at gfa_actions.py)
2025-03-20 16:51:37,461 [INFO] Offsets calculated: fdx= $$, fdy=$$, FWHM=$$$ arcsec (at gfa_actions.py)
2025-03-20 16:52:37,482 [INFO] Guiding starts... (at gfa_actions.py)
2025-03-20 16:52:37,483 [INFO] Step #1: Grab an image (uncomment if needed). (at gfa_actions.py)
2025-03-20 16:52:37,484 [INFO] Step #2: Astrometry... (at gfa_actions.py)
2025-03-20 16:52:37,484 [INFO] Step #3: Calculating the offset... (at gfa_actions.py)
2025-03-20 16:52:37,485 [INFO] Starting guide star calibration process. (at gfa_actions.py)
2025-03-20 16:52:37,486 [INFO] Found 4 astrometry files and 4 processed files. (at gfa_actions.py)
2025-03-20 16:52:37,486 [INFO] Processing FITS: /media/shyunc/DATA/KSpec/KSPEC_ICS/GFA/Simul/kspec_gfa_controller/src/img/astroimg/astro_proc_KMTNge.20231211T102558.0001.fits & /media/shyunc/DATA/KSpec/KSPEC_ICS/GFA/Simul/kspec_gfa_controller/src/img/procimg/proc_KMTNge.20231211T102558.0001.fits (at gfa_actions.py)
2025-03-20 16:52:37,502 [INFO] Performing sigma clipping to derive background and stddev. (at gfa_actions.py)
2025-03-20 16:52:37,614 [INFO] Processing FITS: /media/shyunc/DATA/KSpec/KSPEC_ICS/GFA/Simul/kspec_gfa_controller/src/img/astroimg/astro_proc_KMTNgn.20231211T102558.0001.fits & /media/shyunc/DATA/KSpec/KSPEC_ICS/GFA/Simul/kspec_gfa_controller/src/img/procimg/proc_KMTNgn.20231211T102558.0001.fits (at gfa_actions.py)
2025-03-20 16:52:37,620 [INFO] Performing sigma clipping to derive background and stddev. (at gfa_actions.py)
2025-03-20 16:52:37,739 [INFO] Processing FITS: /media/shyunc/DATA/KSpec/KSPEC_ICS/GFA/Simul/kspec_gfa_controller/src/img/astroimg/astro_proc_KMTNgs.20231211T102558.0001.fits & /media/shyunc/DATA/KSpec/KSPEC_ICS/GFA/Simul/kspec_gfa_controller/src/img/procimg/proc_KMTNgs.20231211T102558.0001.fits (at gfa_actions.py)
2025-03-20 16:52:37,746 [INFO] Performing sigma clipping to derive background and stddev. (at gfa_actions.py)
2025-03-20 16:52:37,868 [INFO] Processing FITS: /media/shyunc/DATA/KSpec/KSPEC_ICS/GFA/Simul/kspec_gfa_controller/src/img/astroimg/astro_proc_KMTNgw.20231211T102558.0001.fits & /media/shyunc/DATA/KSpec/KSPEC_ICS/GFA/Simul/kspec_gfa_controller/src/img/procimg/proc_KMTNgw.20231211T102558.0001.fits (at gfa_actions.py)
2025-03-20 16:52:37,875 [INFO] Performing sigma clipping to derive background and stddev. (at gfa_actions.py)
2025-03-20 16:52:37,981 [WARNING] Offsets within critical threshold; returning 0, 0. (at gfa_actions.py)
2025-03-20 16:52:37,984 [INFO] FWHM: 1.81 arcsec (at gfa_actions.py)
2025-03-20 16:52:37,984 [INFO] Guide star calibration complete. Offsets => fdx=0.00000, fdy=0.00000, FWHM=1.80589 (at gfa_actions.py)
2025-03-20 16:52:37,984 [INFO] Offsets calculated: fdx= $$, fdy=$$, FWHM=$$$ arcsec (at gfa_actions.py)
2025-03-20 16:58:15,947 [INFO] Guiding starts... (at gfa_actions.py)
2025-03-20 16:58:15,947 [INFO] Step #1: Grab an image (uncomment if needed). (at gfa_actions.py)
2025-03-20 16:58:15,948 [INFO] Step #2: Astrometry... (at gfa_actions.py)
2025-03-20 16:58:15,949 [INFO] Step #3: Calculating the offset... (at gfa_actions.py)
2025-03-20 16:58:15,949 [INFO] Starting guide star calibration process. (at gfa_actions.py)
2025-03-20 16:58:15,951 [INFO] Found 4 astrometry files and 4 processed files. (at gfa_actions.py)
2025-03-20 16:58:15,951 [INFO] Processing FITS: /media/shyunc/DATA/KSpec/KSPEC_ICS/GFA/Simul/kspec_gfa_controller/src/img/astroimg/astro_proc_KMTNge.20231211T102558.0001.fits & /media/shyunc/DATA/KSpec/KSPEC_ICS/GFA/Simul/kspec_gfa_controller/src/img/procimg/proc_KMTNge.20231211T102558.0001.fits (at gfa_actions.py)
2025-03-20 16:58:15,960 [INFO] Performing sigma clipping to derive background and stddev. (at gfa_actions.py)
2025-03-20 16:58:16,075 [INFO] Processing FITS: /media/shyunc/DATA/KSpec/KSPEC_ICS/GFA/Simul/kspec_gfa_controller/src/img/astroimg/astro_proc_KMTNgn.20231211T102558.0001.fits & /media/shyunc/DATA/KSpec/KSPEC_ICS/GFA/Simul/kspec_gfa_controller/src/img/procimg/proc_KMTNgn.20231211T102558.0001.fits (at gfa_actions.py)
2025-03-20 16:58:16,082 [INFO] Performing sigma clipping to derive background and stddev. (at gfa_actions.py)
2025-03-20 16:58:16,199 [INFO] Processing FITS: /media/shyunc/DATA/KSpec/KSPEC_ICS/GFA/Simul/kspec_gfa_controller/src/img/astroimg/astro_proc_KMTNgs.20231211T102558.0001.fits & /media/shyunc/DATA/KSpec/KSPEC_ICS/GFA/Simul/kspec_gfa_controller/src/img/procimg/proc_KMTNgs.20231211T102558.0001.fits (at gfa_actions.py)
2025-03-20 16:58:16,206 [INFO] Performing sigma clipping to derive background and stddev. (at gfa_actions.py)
2025-03-20 16:58:16,327 [INFO] Processing FITS: /media/shyunc/DATA/KSpec/KSPEC_ICS/GFA/Simul/kspec_gfa_controller/src/img/astroimg/astro_proc_KMTNgw.20231211T102558.0001.fits & /media/shyunc/DATA/KSpec/KSPEC_ICS/GFA/Simul/kspec_gfa_controller/src/img/procimg/proc_KMTNgw.20231211T102558.0001.fits (at gfa_actions.py)
2025-03-20 16:58:16,334 [INFO] Performing sigma clipping to derive background and stddev. (at gfa_actions.py)
2025-03-20 16:58:16,441 [WARNING] Offsets within critical threshold; returning 0, 0. (at gfa_actions.py)
2025-03-20 16:58:16,443 [INFO] FWHM: 1.81 arcsec (at gfa_actions.py)
2025-03-20 16:58:16,443 [INFO] Guide star calibration complete. Offsets => fdx=0.00000, fdy=0.00000, FWHM=1.80589 (at gfa_actions.py)
2025-03-20 16:58:16,444 [INFO] Offsets calculated: fdx= $$, fdy=$$, FWHM=$$$ arcsec (at gfa_actions.py)
2025-03-20 16:59:16,473 [INFO] Guiding starts... (at gfa_actions.py)
2025-03-20 16:59:16,474 [INFO] Step #1: Grab an image (uncomment if needed). (at gfa_actions.py)
2025-03-20 16:59:16,475 [INFO] Step #2: Astrometry... (at gfa_actions.py)
2025-03-20 16:59:16,475 [INFO] Step #3: Calculating the offset... (at gfa_actions.py)
2025-03-20 16:59:16,476 [INFO] Starting guide star calibration process. (at gfa_actions.py)
2025-03-20 16:59:16,478 [INFO] Found 4 astrometry files and 4 processed files. (at gfa_actions.py)
2025-03-20 16:59:16,478 [INFO] Processing FITS: /media/shyunc/DATA/KSpec/KSPEC_ICS/GFA/Simul/kspec_gfa_controller/src/img/astroimg/astro_proc_KMTNge.20231211T102558.0001.fits & /media/shyunc/DATA/KSpec/KSPEC_ICS/GFA/Simul/kspec_gfa_controller/src/img/procimg/proc_KMTNge.20231211T102558.0001.fits (at gfa_actions.py)
2025-03-20 16:59:16,488 [INFO] Performing sigma clipping to derive background and stddev. (at gfa_actions.py)
2025-03-20 16:59:16,599 [INFO] Processing FITS: /media/shyunc/DATA/KSpec/KSPEC_ICS/GFA/Simul/kspec_gfa_controller/src/img/astroimg/astro_proc_KMTNgn.20231211T102558.0001.fits & /media/shyunc/DATA/KSpec/KSPEC_ICS/GFA/Simul/kspec_gfa_controller/src/img/procimg/proc_KMTNgn.20231211T102558.0001.fits (at gfa_actions.py)
2025-03-20 16:59:16,606 [INFO] Performing sigma clipping to derive background and stddev. (at gfa_actions.py)
2025-03-20 16:59:16,725 [INFO] Processing FITS: /media/shyunc/DATA/KSpec/KSPEC_ICS/GFA/Simul/kspec_gfa_controller/src/img/astroimg/astro_proc_KMTNgs.20231211T102558.0001.fits & /media/shyunc/DATA/KSpec/KSPEC_ICS/GFA/Simul/kspec_gfa_controller/src/img/procimg/proc_KMTNgs.20231211T102558.0001.fits (at gfa_actions.py)
2025-03-20 16:59:16,732 [INFO] Performing sigma clipping to derive background and stddev. (at gfa_actions.py)
2025-03-20 16:59:16,854 [INFO] Processing FITS: /media/shyunc/DATA/KSpec/KSPEC_ICS/GFA/Simul/kspec_gfa_controller/src/img/astroimg/astro_proc_KMTNgw.20231211T102558.0001.fits & /media/shyunc/DATA/KSpec/KSPEC_ICS/GFA/Simul/kspec_gfa_controller/src/img/procimg/proc_KMTNgw.20231211T102558.0001.fits (at gfa_actions.py)
2025-03-20 16:59:16,861 [INFO] Performing sigma clipping to derive background and stddev. (at gfa_actions.py)
2025-03-20 16:59:16,968 [WARNING] Offsets within critical threshold; returning 0, 0. (at gfa_actions.py)
2025-03-20 16:59:16,971 [INFO] FWHM: 1.81 arcsec (at gfa_actions.py)
2025-03-20 16:59:16,971 [INFO] Guide star calibration complete. Offsets => fdx=0.00000, fdy=0.00000, FWHM=1.80589 (at gfa_actions.py)
2025-03-20 16:59:16,971 [INFO] Offsets calculated: fdx= $$, fdy=$$, FWHM=$$$ arcsec (at gfa_actions.py)
2025-03-20 17:05:48,578 [INFO] Guiding starts... (at gfa_actions.py)
2025-03-20 17:05:48,579 [INFO] Step #1: Grab an image (uncomment if needed). (at gfa_actions.py)
2025-03-20 17:05:48,580 [INFO] Step #2: Astrometry... (at gfa_actions.py)
2025-03-20 17:05:48,580 [INFO] Step #3: Calculating the offset... (at gfa_actions.py)
2025-03-20 17:05:48,581 [INFO] Starting guide star calibration process. (at gfa_actions.py)
2025-03-20 17:05:48,583 [INFO] Found 4 astrometry files and 4 processed files. (at gfa_actions.py)
2025-03-20 17:05:48,584 [INFO] Processing FITS: /media/shyunc/DATA/KSpec/KSPEC_ICS/GFA/Simul/kspec_gfa_controller/src/img/astroimg/astro_proc_KMTNge.20231211T102558.0001.fits & /media/shyunc/DATA/KSpec/KSPEC_ICS/GFA/Simul/kspec_gfa_controller/src/img/procimg/proc_KMTNge.20231211T102558.0001.fits (at gfa_actions.py)
2025-03-20 17:05:48,597 [INFO] Performing sigma clipping to derive background and stddev. (at gfa_actions.py)
2025-03-20 17:05:48,712 [INFO] Processing FITS: /media/shyunc/DATA/KSpec/KSPEC_ICS/GFA/Simul/kspec_gfa_controller/src/img/astroimg/astro_proc_KMTNgn.20231211T102558.0001.fits & /media/shyunc/DATA/KSpec/KSPEC_ICS/GFA/Simul/kspec_gfa_controller/src/img/procimg/proc_KMTNgn.20231211T102558.0001.fits (at gfa_actions.py)
2025-03-20 17:05:48,718 [INFO] Performing sigma clipping to derive background and stddev. (at gfa_actions.py)
2025-03-20 17:05:48,835 [INFO] Processing FITS: /media/shyunc/DATA/KSpec/KSPEC_ICS/GFA/Simul/kspec_gfa_controller/src/img/astroimg/astro_proc_KMTNgs.20231211T102558.0001.fits & /media/shyunc/DATA/KSpec/KSPEC_ICS/GFA/Simul/kspec_gfa_controller/src/img/procimg/proc_KMTNgs.20231211T102558.0001.fits (at gfa_actions.py)
2025-03-20 17:05:48,842 [INFO] Performing sigma clipping to derive background and stddev. (at gfa_actions.py)
2025-03-20 17:05:48,963 [INFO] Processing FITS: /media/shyunc/DATA/KSpec/KSPEC_ICS/GFA/Simul/kspec_gfa_controller/src/img/astroimg/astro_proc_KMTNgw.20231211T102558.0001.fits & /media/shyunc/DATA/KSpec/KSPEC_ICS/GFA/Simul/kspec_gfa_controller/src/img/procimg/proc_KMTNgw.20231211T102558.0001.fits (at gfa_actions.py)
2025-03-20 17:05:48,970 [INFO] Performing sigma clipping to derive background and stddev. (at gfa_actions.py)
2025-03-20 17:05:49,075 [WARNING] Offsets within critical threshold; returning 0, 0. (at gfa_actions.py)
2025-03-20 17:05:49,078 [INFO] FWHM: 1.81 arcsec (at gfa_actions.py)
2025-03-20 17:05:49,078 [INFO] Guide star calibration complete. Offsets => fdx=0.00000, fdy=0.00000, FWHM=1.80589 (at gfa_actions.py)
2025-03-20 17:05:49,078 [INFO] Offsets calculated: fdx= $$, fdy=$$, FWHM=$$$ arcsec (at gfa_actions.py)
2025-03-20 17:06:49,081 [INFO] Guiding starts... (at gfa_actions.py)
2025-03-20 17:06:49,082 [INFO] Step #1: Grab an image (uncomment if needed). (at gfa_actions.py)
2025-03-20 17:06:49,083 [INFO] Step #2: Astrometry... (at gfa_actions.py)
2025-03-20 17:06:49,083 [INFO] Step #3: Calculating the offset... (at gfa_actions.py)
2025-03-20 17:06:49,084 [INFO] Starting guide star calibration process. (at gfa_actions.py)
2025-03-20 17:06:49,086 [INFO] Found 4 astrometry files and 4 processed files. (at gfa_actions.py)
2025-03-20 17:06:49,087 [INFO] Processing FITS: /media/shyunc/DATA/KSpec/KSPEC_ICS/GFA/Simul/kspec_gfa_controller/src/img/astroimg/astro_proc_KMTNge.20231211T102558.0001.fits & /media/shyunc/DATA/KSpec/KSPEC_ICS/GFA/Simul/kspec_gfa_controller/src/img/procimg/proc_KMTNge.20231211T102558.0001.fits (at gfa_actions.py)
2025-03-20 17:06:49,102 [INFO] Performing sigma clipping to derive background and stddev. (at gfa_actions.py)
2025-03-20 17:06:49,213 [INFO] Processing FITS: /media/shyunc/DATA/KSpec/KSPEC_ICS/GFA/Simul/kspec_gfa_controller/src/img/astroimg/astro_proc_KMTNgn.20231211T102558.0001.fits & /media/shyunc/DATA/KSpec/KSPEC_ICS/GFA/Simul/kspec_gfa_controller/src/img/procimg/proc_KMTNgn.20231211T102558.0001.fits (at gfa_actions.py)
2025-03-20 17:06:49,220 [INFO] Performing sigma clipping to derive background and stddev. (at gfa_actions.py)
2025-03-20 17:06:49,337 [INFO] Processing FITS: /media/shyunc/DATA/KSpec/KSPEC_ICS/GFA/Simul/kspec_gfa_controller/src/img/astroimg/astro_proc_KMTNgs.20231211T102558.0001.fits & /media/shyunc/DATA/KSpec/KSPEC_ICS/GFA/Simul/kspec_gfa_controller/src/img/procimg/proc_KMTNgs.20231211T102558.0001.fits (at gfa_actions.py)
2025-03-20 17:06:49,344 [INFO] Performing sigma clipping to derive background and stddev. (at gfa_actions.py)
2025-03-20 17:06:49,465 [INFO] Processing FITS: /media/shyunc/DATA/KSpec/KSPEC_ICS/GFA/Simul/kspec_gfa_controller/src/img/astroimg/astro_proc_KMTNgw.20231211T102558.0001.fits & /media/shyunc/DATA/KSpec/KSPEC_ICS/GFA/Simul/kspec_gfa_controller/src/img/procimg/proc_KMTNgw.20231211T102558.0001.fits (at gfa_actions.py)
2025-03-20 17:06:49,472 [INFO] Performing sigma clipping to derive background and stddev. (at gfa_actions.py)
2025-03-20 17:06:49,578 [WARNING] Offsets within critical threshold; returning 0, 0. (at gfa_actions.py)
2025-03-20 17:06:49,581 [INFO] FWHM: 1.81 arcsec (at gfa_actions.py)
2025-03-20 17:06:49,581 [INFO] Guide star calibration complete. Offsets => fdx=0.00000, fdy=0.00000, FWHM=1.80589 (at gfa_actions.py)
2025-03-20 17:06:49,581 [INFO] Offsets calculated: fdx= $$, fdy=$$, FWHM=$$$ arcsec (at gfa_actions.py)
2025-03-20 17:08:52,562 [INFO] Guiding starts... (at gfa_actions.py)
2025-03-20 17:08:52,562 [INFO] Step #1: Grab an image (uncomment if needed). (at gfa_actions.py)
2025-03-20 17:08:52,563 [INFO] Step #2: Astrometry... (at gfa_actions.py)
2025-03-20 17:08:52,563 [INFO] Step #3: Calculating the offset... (at gfa_actions.py)
2025-03-20 17:08:52,564 [INFO] Starting guide star calibration process. (at gfa_actions.py)
2025-03-20 17:08:52,565 [INFO] Found 4 astrometry files and 4 processed files. (at gfa_actions.py)
2025-03-20 17:08:52,566 [INFO] Processing FITS: /media/shyunc/DATA/KSpec/KSPEC_ICS/GFA/Simul/kspec_gfa_controller/src/img/astroimg/astro_proc_KMTNge.20231211T102558.0001.fits & /media/shyunc/DATA/KSpec/KSPEC_ICS/GFA/Simul/kspec_gfa_controller/src/img/procimg/proc_KMTNge.20231211T102558.0001.fits (at gfa_actions.py)
2025-03-20 17:08:52,575 [INFO] Performing sigma clipping to derive background and stddev. (at gfa_actions.py)
2025-03-20 17:08:52,698 [INFO] Processing FITS: /media/shyunc/DATA/KSpec/KSPEC_ICS/GFA/Simul/kspec_gfa_controller/src/img/astroimg/astro_proc_KMTNgn.20231211T102558.0001.fits & /media/shyunc/DATA/KSpec/KSPEC_ICS/GFA/Simul/kspec_gfa_controller/src/img/procimg/proc_KMTNgn.20231211T102558.0001.fits (at gfa_actions.py)
2025-03-20 17:08:52,705 [INFO] Performing sigma clipping to derive background and stddev. (at gfa_actions.py)
2025-03-20 17:08:52,822 [INFO] Processing FITS: /media/shyunc/DATA/KSpec/KSPEC_ICS/GFA/Simul/kspec_gfa_controller/src/img/astroimg/astro_proc_KMTNgs.20231211T102558.0001.fits & /media/shyunc/DATA/KSpec/KSPEC_ICS/GFA/Simul/kspec_gfa_controller/src/img/procimg/proc_KMTNgs.20231211T102558.0001.fits (at gfa_actions.py)
2025-03-20 17:08:52,829 [INFO] Performing sigma clipping to derive background and stddev. (at gfa_actions.py)
2025-03-20 17:08:52,950 [INFO] Processing FITS: /media/shyunc/DATA/KSpec/KSPEC_ICS/GFA/Simul/kspec_gfa_controller/src/img/astroimg/astro_proc_KMTNgw.20231211T102558.0001.fits & /media/shyunc/DATA/KSpec/KSPEC_ICS/GFA/Simul/kspec_gfa_controller/src/img/procimg/proc_KMTNgw.20231211T102558.0001.fits (at gfa_actions.py)
2025-03-20 17:08:52,957 [INFO] Performing sigma clipping to derive background and stddev. (at gfa_actions.py)
2025-03-20 17:08:53,063 [WARNING] Offsets within critical threshold; returning 0, 0. (at gfa_actions.py)
2025-03-20 17:08:53,066 [INFO] FWHM: 1.81 arcsec (at gfa_actions.py)
2025-03-20 17:08:53,066 [INFO] Guide star calibration complete. Offsets => fdx=0.00000, fdy=0.00000, FWHM=1.80589 (at gfa_actions.py)
2025-03-20 17:08:53,066 [INFO] Offsets calculated: fdx= $$, fdy=$$, FWHM=$$$ arcsec (at gfa_actions.py)
2025-03-20 17:09:53,073 [INFO] Guiding starts... (at gfa_actions.py)
2025-03-20 17:09:53,074 [INFO] Step #1: Grab an image (uncomment if needed). (at gfa_actions.py)
2025-03-20 17:09:53,074 [INFO] Step #2: Astrometry... (at gfa_actions.py)
2025-03-20 17:09:53,075 [INFO] Step #3: Calculating the offset... (at gfa_actions.py)
2025-03-20 17:09:53,075 [INFO] Starting guide star calibration process. (at gfa_actions.py)
2025-03-20 17:09:53,077 [INFO] Found 4 astrometry files and 4 processed files. (at gfa_actions.py)
2025-03-20 17:09:53,077 [INFO] Processing FITS: /media/shyunc/DATA/KSpec/KSPEC_ICS/GFA/Simul/kspec_gfa_controller/src/img/astroimg/astro_proc_KMTNge.20231211T102558.0001.fits & /media/shyunc/DATA/KSpec/KSPEC_ICS/GFA/Simul/kspec_gfa_controller/src/img/procimg/proc_KMTNge.20231211T102558.0001.fits (at gfa_actions.py)
2025-03-20 17:09:53,092 [INFO] Performing sigma clipping to derive background and stddev. (at gfa_actions.py)
2025-03-20 17:09:53,202 [INFO] Processing FITS: /media/shyunc/DATA/KSpec/KSPEC_ICS/GFA/Simul/kspec_gfa_controller/src/img/astroimg/astro_proc_KMTNgn.20231211T102558.0001.fits & /media/shyunc/DATA/KSpec/KSPEC_ICS/GFA/Simul/kspec_gfa_controller/src/img/procimg/proc_KMTNgn.20231211T102558.0001.fits (at gfa_actions.py)
2025-03-20 17:09:53,209 [INFO] Performing sigma clipping to derive background and stddev. (at gfa_actions.py)
2025-03-20 17:09:53,326 [INFO] Processing FITS: /media/shyunc/DATA/KSpec/KSPEC_ICS/GFA/Simul/kspec_gfa_controller/src/img/astroimg/astro_proc_KMTNgs.20231211T102558.0001.fits & /media/shyunc/DATA/KSpec/KSPEC_ICS/GFA/Simul/kspec_gfa_controller/src/img/procimg/proc_KMTNgs.20231211T102558.0001.fits (at gfa_actions.py)
2025-03-20 17:09:53,334 [INFO] Performing sigma clipping to derive background and stddev. (at gfa_actions.py)
2025-03-20 17:09:53,456 [INFO] Processing FITS: /media/shyunc/DATA/KSpec/KSPEC_ICS/GFA/Simul/kspec_gfa_controller/src/img/astroimg/astro_proc_KMTNgw.20231211T102558.0001.fits & /media/shyunc/DATA/KSpec/KSPEC_ICS/GFA/Simul/kspec_gfa_controller/src/img/procimg/proc_KMTNgw.20231211T102558.0001.fits (at gfa_actions.py)
2025-03-20 17:09:53,463 [INFO] Performing sigma clipping to derive background and stddev. (at gfa_actions.py)
2025-03-20 17:09:53,569 [WARNING] Offsets within critical threshold; returning 0, 0. (at gfa_actions.py)
2025-03-20 17:09:53,572 [INFO] FWHM: 1.81 arcsec (at gfa_actions.py)
2025-03-20 17:09:53,572 [INFO] Guide star calibration complete. Offsets => fdx=0.00000, fdy=0.00000, FWHM=1.80589 (at gfa_actions.py)
2025-03-20 17:09:53,572 [INFO] Offsets calculated: fdx= $$, fdy=$$, FWHM=$$$ arcsec (at gfa_actions.py)
2025-03-20 17:13:27,983 [INFO] Guiding starts... (at gfa_actions.py)
2025-03-20 17:13:27,984 [INFO] Step #1: Grab an image (uncomment if needed). (at gfa_actions.py)
2025-03-20 17:13:27,984 [INFO] Step #2: Astrometry... (at gfa_actions.py)
2025-03-20 17:13:27,985 [INFO] Step #3: Calculating the offset... (at gfa_actions.py)
2025-03-20 17:13:27,985 [INFO] Starting guide star calibration process. (at gfa_actions.py)
2025-03-20 17:13:27,988 [INFO] Found 4 astrometry files and 4 processed files. (at gfa_actions.py)
2025-03-20 17:13:27,988 [INFO] Processing FITS: /media/shyunc/DATA/KSpec/KSPEC_ICS/GFA/Simul/kspec_gfa_controller/src/img/astroimg/astro_proc_KMTNge.20231211T102558.0001.fits & /media/shyunc/DATA/KSpec/KSPEC_ICS/GFA/Simul/kspec_gfa_controller/src/img/procimg/proc_KMTNge.20231211T102558.0001.fits (at gfa_actions.py)
2025-03-20 17:13:27,996 [INFO] Performing sigma clipping to derive background and stddev. (at gfa_actions.py)
2025-03-20 17:13:28,112 [INFO] Processing FITS: /media/shyunc/DATA/KSpec/KSPEC_ICS/GFA/Simul/kspec_gfa_controller/src/img/astroimg/astro_proc_KMTNgn.20231211T102558.0001.fits & /media/shyunc/DATA/KSpec/KSPEC_ICS/GFA/Simul/kspec_gfa_controller/src/img/procimg/proc_KMTNgn.20231211T102558.0001.fits (at gfa_actions.py)
2025-03-20 17:13:28,120 [INFO] Performing sigma clipping to derive background and stddev. (at gfa_actions.py)
2025-03-20 17:13:28,238 [INFO] Processing FITS: /media/shyunc/DATA/KSpec/KSPEC_ICS/GFA/Simul/kspec_gfa_controller/src/img/astroimg/astro_proc_KMTNgs.20231211T102558.0001.fits & /media/shyunc/DATA/KSpec/KSPEC_ICS/GFA/Simul/kspec_gfa_controller/src/img/procimg/proc_KMTNgs.20231211T102558.0001.fits (at gfa_actions.py)
2025-03-20 17:13:28,245 [INFO] Performing sigma clipping to derive background and stddev. (at gfa_actions.py)
2025-03-20 17:13:28,366 [INFO] Processing FITS: /media/shyunc/DATA/KSpec/KSPEC_ICS/GFA/Simul/kspec_gfa_controller/src/img/astroimg/astro_proc_KMTNgw.20231211T102558.0001.fits & /media/shyunc/DATA/KSpec/KSPEC_ICS/GFA/Simul/kspec_gfa_controller/src/img/procimg/proc_KMTNgw.20231211T102558.0001.fits (at gfa_actions.py)
2025-03-20 17:13:28,397 [INFO] Performing sigma clipping to derive background and stddev. (at gfa_actions.py)
2025-03-20 17:13:28,499 [WARNING] Offsets within critical threshold; returning 0, 0. (at gfa_actions.py)
2025-03-20 17:13:28,501 [INFO] FWHM: 1.81 arcsec (at gfa_actions.py)
2025-03-20 17:13:28,501 [INFO] Guide star calibration complete. Offsets => fdx=0.00000, fdy=0.00000, FWHM=1.80589 (at gfa_actions.py)
2025-03-20 17:13:28,502 [INFO] Offsets calculated: fdx= $$, fdy=$$, FWHM=$$$ arcsec (at gfa_actions.py)
2025-03-20 17:14:28,513 [INFO] Guiding starts... (at gfa_actions.py)
2025-03-20 17:14:28,514 [INFO] Step #1: Grab an image (uncomment if needed). (at gfa_actions.py)
2025-03-20 17:14:28,515 [INFO] Step #2: Astrometry... (at gfa_actions.py)
2025-03-20 17:14:28,515 [INFO] Step #3: Calculating the offset... (at gfa_actions.py)
2025-03-20 17:14:28,516 [INFO] Starting guide star calibration process. (at gfa_actions.py)
2025-03-20 17:14:28,517 [INFO] Found 4 astrometry files and 4 processed files. (at gfa_actions.py)
2025-03-20 17:14:28,518 [INFO] Processing FITS: /media/shyunc/DATA/KSpec/KSPEC_ICS/GFA/Simul/kspec_gfa_controller/src/img/astroimg/astro_proc_KMTNge.20231211T102558.0001.fits & /media/shyunc/DATA/KSpec/KSPEC_ICS/GFA/Simul/kspec_gfa_controller/src/img/procimg/proc_KMTNge.20231211T102558.0001.fits (at gfa_actions.py)
2025-03-20 17:14:28,531 [INFO] Performing sigma clipping to derive background and stddev. (at gfa_actions.py)
2025-03-20 17:14:28,641 [INFO] Processing FITS: /media/shyunc/DATA/KSpec/KSPEC_ICS/GFA/Simul/kspec_gfa_controller/src/img/astroimg/astro_proc_KMTNgn.20231211T102558.0001.fits & /media/shyunc/DATA/KSpec/KSPEC_ICS/GFA/Simul/kspec_gfa_controller/src/img/procimg/proc_KMTNgn.20231211T102558.0001.fits (at gfa_actions.py)
2025-03-20 17:14:28,648 [INFO] Performing sigma clipping to derive background and stddev. (at gfa_actions.py)
2025-03-20 17:14:28,766 [INFO] Processing FITS: /media/shyunc/DATA/KSpec/KSPEC_ICS/GFA/Simul/kspec_gfa_controller/src/img/astroimg/astro_proc_KMTNgs.20231211T102558.0001.fits & /media/shyunc/DATA/KSpec/KSPEC_ICS/GFA/Simul/kspec_gfa_controller/src/img/procimg/proc_KMTNgs.20231211T102558.0001.fits (at gfa_actions.py)
2025-03-20 17:14:28,773 [INFO] Performing sigma clipping to derive background and stddev. (at gfa_actions.py)
2025-03-20 17:14:28,894 [INFO] Processing FITS: /media/shyunc/DATA/KSpec/KSPEC_ICS/GFA/Simul/kspec_gfa_controller/src/img/astroimg/astro_proc_KMTNgw.20231211T102558.0001.fits & /media/shyunc/DATA/KSpec/KSPEC_ICS/GFA/Simul/kspec_gfa_controller/src/img/procimg/proc_KMTNgw.20231211T102558.0001.fits (at gfa_actions.py)
2025-03-20 17:14:28,901 [INFO] Performing sigma clipping to derive background and stddev. (at gfa_actions.py)
2025-03-20 17:14:29,008 [WARNING] Offsets within critical threshold; returning 0, 0. (at gfa_actions.py)
2025-03-20 17:14:29,010 [INFO] FWHM: 1.81 arcsec (at gfa_actions.py)
2025-03-20 17:14:29,010 [INFO] Guide star calibration complete. Offsets => fdx=0.00000, fdy=0.00000, FWHM=1.80589 (at gfa_actions.py)
2025-03-20 17:14:29,011 [INFO] Offsets calculated: fdx= $$, fdy=$$, FWHM=$$$ arcsec (at gfa_actions.py)
