2025-08-27 09:27:35,180 [INFO] Initialized GFAEnvironment with role 'plate' and cameras [1, 2, 3, 4, 5, 6]
2025-08-27 09:27:35,180 [INFO] Initializing gfa_astrometry class.
2025-08-27 09:27:35,181 [INFO] Initializing GFAGuider...
2025-08-27 09:27:35,181 [DEBUG] Processed dir: /media/shyunc/DATA/KSpec/KSPEC_ICS/GFA/Simul/kspec_gfa_controller/src/img/procimg
2025-08-27 09:27:35,181 [DEBUG] Final astro dir: /media/shyunc/DATA/KSpec/KSPEC_ICS/GFA/Simul/kspec_gfa_controller/src/img/astroimg/
2025-08-27 09:27:35,181 [DEBUG] Cutout dir: /media/shyunc/DATA/KSpec/KSPEC_ICS/GFA/Simul/kspec_gfa_controller/src/img/cutout
2025-08-27 09:27:35,181 [INFO] GFAGuider setup complete.
2025-08-27 09:27:35,181 [INFO] Initialized GFAEnvironment with role 'finder' and cameras [7]
2025-08-27 09:37:38,013 [INFO] Starting guiding sequence...
2025-08-27 09:37:38,013 [INFO] Grabbing raw image...
2025-08-27 09:37:43,014 [INFO] Running astrometry preprocessing...
2025-08-27 09:37:43,015 [INFO] Executing guider offset calculation...
2025-08-27 09:37:43,016 [INFO] Clearing temp astrometry data...
2025-08-27 09:37:43,016 [INFO] Deleting raw and processed files.
2025-08-27 09:37:43,018 [INFO] Deleted 0 files in directory: /media/shyunc/DATA/KSpec/KSPEC_ICS/GFA/Simul/kspec_gfa_controller/src/img/raw
2025-08-27 09:37:43,020 [INFO] Deleted 0 files in directory: /media/shyunc/DATA/KSpec/KSPEC_ICS/GFA/Simul/kspec_gfa_controller/src/img/procimg
2025-08-27 09:37:43,020 [INFO] Deleted 0 raw files and 0 processed files.
2025-08-27 13:35:31,709 [INFO] Starting guiding sequence...
2025-08-27 13:35:31,710 [INFO] Grabbing raw image...
2025-08-27 13:35:36,712 [INFO] Running astrometry preprocessing...
2025-08-27 13:35:36,713 [INFO] Executing guider offset calculation...
2025-08-27 13:35:36,714 [INFO] Clearing temp astrometry data...
2025-08-27 13:35:36,715 [INFO] Deleting raw and processed files.
2025-08-27 13:35:36,716 [INFO] Deleted 0 files in directory: /media/shyunc/DATA/KSpec/KSPEC_ICS/GFA/Simul/kspec_gfa_controller/src/img/raw
2025-08-27 13:35:36,718 [INFO] Deleted 0 files in directory: /media/shyunc/DATA/KSpec/KSPEC_ICS/GFA/Simul/kspec_gfa_controller/src/img/procimg
2025-08-27 13:35:36,718 [INFO] Deleted 0 raw files and 0 processed files.
2025-08-27 13:37:46,966 [INFO] Initialized GFAEnvironment with role 'plate' and cameras [1, 2, 3, 4, 5, 6]
2025-08-27 13:37:46,966 [INFO] Initializing gfa_astrometry class.
2025-08-27 13:37:46,966 [INFO] Initializing GFAGuider...
2025-08-27 13:37:46,966 [DEBUG] Processed dir: /media/shyunc/DATA/KSpec/KSPEC_ICS/GFA/Simul/kspec_gfa_controller/src/img/procimg
2025-08-27 13:37:46,966 [DEBUG] Final astro dir: /media/shyunc/DATA/KSpec/KSPEC_ICS/GFA/Simul/kspec_gfa_controller/src/img/astroimg/
2025-08-27 13:37:46,966 [DEBUG] Cutout dir: /media/shyunc/DATA/KSpec/KSPEC_ICS/GFA/Simul/kspec_gfa_controller/src/img/cutout
2025-08-27 13:37:46,966 [INFO] GFAGuider setup complete.
2025-08-27 13:37:46,966 [INFO] Initialized GFAEnvironment with role 'finder' and cameras [7]
2025-08-27 13:37:50,532 [INFO] Starting guiding sequence...
2025-08-27 13:37:50,533 [INFO] Grabbing raw image...
2025-08-27 13:37:55,535 [INFO] Running astrometry preprocessing...
2025-08-27 13:37:55,535 [INFO] Executing guider offset calculation...
2025-08-27 13:37:55,536 [INFO] Clearing temp astrometry data...
2025-08-27 13:37:55,537 [INFO] Deleting raw and processed files.
2025-08-27 13:37:55,538 [INFO] Deleted 0 files in directory: /media/shyunc/DATA/KSpec/KSPEC_ICS/GFA/Simul/kspec_gfa_controller/src/img/raw
2025-08-27 13:37:55,539 [INFO] Deleted 0 files in directory: /media/shyunc/DATA/KSpec/KSPEC_ICS/GFA/Simul/kspec_gfa_controller/src/img/procimg
2025-08-27 13:37:55,539 [INFO] Deleted 0 raw files and 0 processed files.
2025-08-27 13:40:38,746 [INFO] Starting guiding sequence...
2025-08-27 13:40:38,746 [INFO] Grabbing raw image...
2025-08-27 13:40:43,748 [INFO] Running astrometry preprocessing...
2025-08-27 13:40:43,748 [INFO] Executing guider offset calculation...
2025-08-27 13:40:43,748 [INFO] Clearing temp astrometry data...
2025-08-27 13:40:43,748 [INFO] Deleting raw and processed files.
2025-08-27 13:40:43,749 [INFO] Deleted 0 files in directory: /media/shyunc/DATA/KSpec/KSPEC_ICS/GFA/Simul/kspec_gfa_controller/src/img/raw
2025-08-27 13:40:43,749 [INFO] Deleted 0 files in directory: /media/shyunc/DATA/KSpec/KSPEC_ICS/GFA/Simul/kspec_gfa_controller/src/img/procimg
2025-08-27 13:40:43,749 [INFO] Deleted 0 raw files and 0 processed files.
2025-08-28 10:09:40,430 [INFO] Starting guiding sequence...
2025-08-28 10:09:40,430 [INFO] Grabbing raw image...
2025-08-28 10:09:45,432 [INFO] Running astrometry preprocessing...
2025-08-28 10:09:45,433 [INFO] Executing guider offset calculation...
2025-08-28 10:09:45,433 [INFO] Clearing temp astrometry data...
2025-08-28 10:09:45,433 [INFO] Deleting raw and processed files.
2025-08-28 10:09:45,434 [INFO] Deleted 0 files in directory: /media/shyunc/DATA/KSpec/KSPEC_ICS/GFA/Simul/kspec_gfa_controller/src/img/raw
2025-08-28 10:09:45,434 [INFO] Deleted 0 files in directory: /media/shyunc/DATA/KSpec/KSPEC_ICS/GFA/Simul/kspec_gfa_controller/src/img/procimg
2025-08-28 10:09:45,434 [INFO] Deleted 0 raw files and 0 processed files.
