2025-12-01 16:45:24,946 [INFO] Initialized GFAEnvironment with role 'plate' and cameras [1, 2, 3, 4, 5, 6]
2025-12-01 16:45:24,946 [INFO] Initializing gfa_astrometry class.
2025-12-01 16:45:24,947 [INFO] Initializing GFAGuider...
2025-12-01 16:45:24,947 [DEBUG] Processed dir: /media/shyunc/DATA/KSpec/KSPEC_ICS/GFA/Simul/kspec_gfa_controller/src/img/procimg
2025-12-01 16:45:24,947 [DEBUG] Final astro dir: /media/shyunc/DATA/KSpec/KSPEC_ICS/GFA/Simul/kspec_gfa_controller/src/img/astroimg/
2025-12-01 16:45:24,948 [DEBUG] Cutout dir: /media/shyunc/DATA/KSpec/KSPEC_ICS/GFA/Simul/kspec_gfa_controller/src/img/cutout
2025-12-01 16:45:24,948 [INFO] GFAGuider setup complete.
2025-12-01 16:45:24,948 [INFO] Initialized GFAEnvironment with role 'finder' and cameras [7]
2025-12-01 16:49:24,942 [INFO] Querying camera statuses...
2025-12-01 16:50:09,294 [INFO] Starting guiding sequence...
2025-12-01 16:50:09,294 [INFO] Grabbing raw image...
2025-12-01 16:50:14,295 [INFO] Running astrometry preprocessing...
2025-12-01 16:50:14,296 [INFO] Executing guider offset calculation...
2025-12-01 16:50:14,297 [INFO] Clearing temp astrometry data...
2025-12-01 16:50:14,297 [INFO] Deleting raw and processed files.
2025-12-01 16:50:14,299 [INFO] Deleted 0 files in directory: /media/shyunc/DATA/KSpec/KSPEC_ICS/GFA/Simul/kspec_gfa_controller/src/img/raw
2025-12-01 16:50:14,300 [INFO] Deleted 0 files in directory: /media/shyunc/DATA/KSpec/KSPEC_ICS/GFA/Simul/kspec_gfa_controller/src/img/procimg
2025-12-01 16:50:14,300 [INFO] Deleted 0 raw files and 0 processed files.
2025-12-01 16:50:44,302 [INFO] Starting guiding sequence...
2025-12-01 16:50:44,304 [INFO] Grabbing raw image...
2025-12-01 16:50:49,306 [INFO] Running astrometry preprocessing...
2025-12-01 16:50:49,307 [INFO] Executing guider offset calculation...
2025-12-01 16:50:49,308 [INFO] Clearing temp astrometry data...
2025-12-01 16:50:49,308 [INFO] Deleting raw and processed files.
2025-12-01 16:50:49,310 [INFO] Deleted 0 files in directory: /media/shyunc/DATA/KSpec/KSPEC_ICS/GFA/Simul/kspec_gfa_controller/src/img/raw
2025-12-01 16:50:49,311 [INFO] Deleted 0 files in directory: /media/shyunc/DATA/KSpec/KSPEC_ICS/GFA/Simul/kspec_gfa_controller/src/img/procimg
2025-12-01 16:50:49,311 [INFO] Deleted 0 raw files and 0 processed files.
2025-12-01 16:51:40,658 [INFO] Image save path: /media/shyunc/DATA/KSpec/KSPEC_ICS/GFA/Simul/kspec_gfa_controller/src/img/grab/2025-12-01
2025-12-01 16:51:40,658 [INFO] Grabbing from camera 3 (ExpTime=10.0, Binning=4)
2025-12-01 17:01:56,061 [INFO] Starting guiding sequence...
2025-12-01 17:01:56,063 [INFO] Grabbing raw image...
2025-12-01 17:02:01,064 [INFO] Running astrometry preprocessing...
2025-12-01 17:02:01,065 [INFO] Executing guider offset calculation...
2025-12-01 17:02:01,065 [INFO] Clearing temp astrometry data...
2025-12-01 17:02:01,066 [INFO] Deleting raw and processed files.
2025-12-01 17:02:01,067 [INFO] Deleted 0 files in directory: /media/shyunc/DATA/KSpec/KSPEC_ICS/GFA/Simul/kspec_gfa_controller/src/img/raw
2025-12-01 17:02:01,068 [INFO] Deleted 0 files in directory: /media/shyunc/DATA/KSpec/KSPEC_ICS/GFA/Simul/kspec_gfa_controller/src/img/procimg
2025-12-01 17:02:01,069 [INFO] Deleted 0 raw files and 0 processed files.
2025-12-01 17:02:31,071 [INFO] Starting guiding sequence...
2025-12-01 17:02:31,073 [INFO] Grabbing raw image...
2025-12-01 17:02:36,075 [INFO] Running astrometry preprocessing...
2025-12-01 17:02:36,075 [INFO] Executing guider offset calculation...
2025-12-01 17:02:36,076 [INFO] Clearing temp astrometry data...
2025-12-01 17:02:36,077 [INFO] Deleting raw and processed files.
2025-12-01 17:02:36,078 [INFO] Deleted 0 files in directory: /media/shyunc/DATA/KSpec/KSPEC_ICS/GFA/Simul/kspec_gfa_controller/src/img/raw
2025-12-01 17:02:36,079 [INFO] Deleted 0 files in directory: /media/shyunc/DATA/KSpec/KSPEC_ICS/GFA/Simul/kspec_gfa_controller/src/img/procimg
2025-12-01 17:02:36,079 [INFO] Deleted 0 raw files and 0 processed files.
2025-12-01 17:03:06,081 [INFO] Starting guiding sequence...
2025-12-01 17:03:06,084 [INFO] Grabbing raw image...
2025-12-01 17:03:11,085 [INFO] Running astrometry preprocessing...
2025-12-01 17:03:11,086 [INFO] Executing guider offset calculation...
2025-12-01 17:03:11,087 [INFO] Clearing temp astrometry data...
2025-12-01 17:03:11,087 [INFO] Deleting raw and processed files.
2025-12-01 17:03:11,089 [INFO] Deleted 0 files in directory: /media/shyunc/DATA/KSpec/KSPEC_ICS/GFA/Simul/kspec_gfa_controller/src/img/raw
2025-12-01 17:03:11,090 [INFO] Deleted 0 files in directory: /media/shyunc/DATA/KSpec/KSPEC_ICS/GFA/Simul/kspec_gfa_controller/src/img/procimg
2025-12-01 17:03:11,090 [INFO] Deleted 0 raw files and 0 processed files.
2025-12-01 17:03:41,092 [INFO] Starting guiding sequence...
2025-12-01 17:03:41,094 [INFO] Grabbing raw image...
2025-12-01 17:03:46,095 [INFO] Running astrometry preprocessing...
2025-12-01 17:03:46,096 [INFO] Executing guider offset calculation...
2025-12-01 17:03:46,097 [INFO] Clearing temp astrometry data...
2025-12-01 17:03:46,097 [INFO] Deleting raw and processed files.
2025-12-01 17:03:46,098 [INFO] Deleted 0 files in directory: /media/shyunc/DATA/KSpec/KSPEC_ICS/GFA/Simul/kspec_gfa_controller/src/img/raw
2025-12-01 17:03:46,099 [INFO] Deleted 0 files in directory: /media/shyunc/DATA/KSpec/KSPEC_ICS/GFA/Simul/kspec_gfa_controller/src/img/procimg
2025-12-01 17:03:46,099 [INFO] Deleted 0 raw files and 0 processed files.
2025-12-01 17:04:16,101 [INFO] Starting guiding sequence...
2025-12-01 17:04:16,103 [INFO] Grabbing raw image...
2025-12-01 17:04:21,105 [INFO] Running astrometry preprocessing...
2025-12-01 17:04:21,106 [INFO] Executing guider offset calculation...
2025-12-01 17:04:21,107 [INFO] Clearing temp astrometry data...
2025-12-01 17:04:21,107 [INFO] Deleting raw and processed files.
2025-12-01 17:04:21,108 [INFO] Deleted 0 files in directory: /media/shyunc/DATA/KSpec/KSPEC_ICS/GFA/Simul/kspec_gfa_controller/src/img/raw
2025-12-01 17:04:21,110 [INFO] Deleted 0 files in directory: /media/shyunc/DATA/KSpec/KSPEC_ICS/GFA/Simul/kspec_gfa_controller/src/img/procimg
2025-12-01 17:04:21,110 [INFO] Deleted 0 raw files and 0 processed files.
2025-12-01 17:04:51,113 [INFO] Starting guiding sequence...
2025-12-01 17:04:51,116 [INFO] Grabbing raw image...
2025-12-01 17:04:56,118 [INFO] Running astrometry preprocessing...
2025-12-01 17:04:56,119 [INFO] Executing guider offset calculation...
2025-12-01 17:04:56,119 [INFO] Clearing temp astrometry data...
2025-12-01 17:04:56,120 [INFO] Deleting raw and processed files.
2025-12-01 17:04:56,121 [INFO] Deleted 0 files in directory: /media/shyunc/DATA/KSpec/KSPEC_ICS/GFA/Simul/kspec_gfa_controller/src/img/raw
2025-12-01 17:04:56,122 [INFO] Deleted 0 files in directory: /media/shyunc/DATA/KSpec/KSPEC_ICS/GFA/Simul/kspec_gfa_controller/src/img/procimg
2025-12-01 17:04:56,122 [INFO] Deleted 0 raw files and 0 processed files.
2025-12-01 17:05:26,126 [INFO] Starting guiding sequence...
2025-12-01 17:05:26,129 [INFO] Grabbing raw image...
2025-12-01 17:05:31,131 [INFO] Running astrometry preprocessing...
2025-12-01 17:05:31,132 [INFO] Executing guider offset calculation...
2025-12-01 17:05:31,132 [INFO] Clearing temp astrometry data...
2025-12-01 17:05:31,133 [INFO] Deleting raw and processed files.
2025-12-01 17:05:31,134 [INFO] Deleted 0 files in directory: /media/shyunc/DATA/KSpec/KSPEC_ICS/GFA/Simul/kspec_gfa_controller/src/img/raw
2025-12-01 17:05:31,135 [INFO] Deleted 0 files in directory: /media/shyunc/DATA/KSpec/KSPEC_ICS/GFA/Simul/kspec_gfa_controller/src/img/procimg
2025-12-01 17:05:31,135 [INFO] Deleted 0 raw files and 0 processed files.
