2025-08-01 09:21:57,033 [INFO] Initialized GFAEnvironment with role 'plate' and cameras [1, 2, 3, 4, 5, 6]
2025-08-01 09:21:57,033 [INFO] Initializing gfa_astrometry class.
2025-08-01 09:21:57,033 [INFO] Initializing GFAGuider...
2025-08-01 09:21:57,033 [DEBUG] Processed dir: /media/shyunc/DATA/KSpec/KSPEC_ICS/GFA/Simul/kspec_gfa_controller/src/img/procimg
2025-08-01 09:21:57,033 [DEBUG] Final astro dir: /media/shyunc/DATA/KSpec/KSPEC_ICS/GFA/Simul/kspec_gfa_controller/src/img/astroimg/
2025-08-01 09:21:57,033 [DEBUG] Cutout dir: /media/shyunc/DATA/KSpec/KSPEC_ICS/GFA/Simul/kspec_gfa_controller/src/img/cutout
2025-08-01 09:21:57,034 [INFO] GFAGuider setup complete.
2025-08-01 09:21:57,034 [INFO] Initialized GFAEnvironment with role 'finder' and cameras [7]
2025-08-01 09:22:11,549 [INFO] Starting guiding sequence...
2025-08-01 09:22:11,550 [INFO] Grabbing raw image...
2025-08-01 09:22:16,556 [INFO] Running astrometry preprocessing...
2025-08-01 09:22:16,557 [INFO] Executing guider offset calculation...
2025-08-01 09:22:16,558 [INFO] Clearing temp astrometry data...
2025-08-01 09:22:16,559 [INFO] Deleting raw and processed files.
2025-08-01 09:22:16,560 [INFO] Deleted 0 files in directory: /media/shyunc/DATA/KSpec/KSPEC_ICS/GFA/Simul/kspec_gfa_controller/src/img/raw
2025-08-01 09:22:16,561 [INFO] Deleted 0 files in directory: /media/shyunc/DATA/KSpec/KSPEC_ICS/GFA/Simul/kspec_gfa_controller/src/img/procimg
2025-08-01 09:22:16,561 [INFO] Deleted 0 raw files and 0 processed files.
2025-08-01 09:23:18,821 [INFO] Starting guiding sequence...
2025-08-01 09:23:18,821 [INFO] Grabbing raw image...
2025-08-01 09:23:23,827 [INFO] Running astrometry preprocessing...
2025-08-01 09:23:23,827 [INFO] Executing guider offset calculation...
2025-08-01 09:23:23,828 [INFO] Clearing temp astrometry data...
2025-08-01 09:23:23,828 [INFO] Deleting raw and processed files.
2025-08-01 09:23:23,830 [INFO] Deleted 0 files in directory: /media/shyunc/DATA/KSpec/KSPEC_ICS/GFA/Simul/kspec_gfa_controller/src/img/raw
2025-08-01 09:23:23,831 [INFO] Deleted 0 files in directory: /media/shyunc/DATA/KSpec/KSPEC_ICS/GFA/Simul/kspec_gfa_controller/src/img/procimg
2025-08-01 09:23:23,831 [INFO] Deleted 0 raw files and 0 processed files.
2025-08-01 09:23:53,861 [INFO] Starting guiding sequence...
2025-08-01 09:23:53,863 [INFO] Grabbing raw image...
2025-08-01 09:23:58,866 [INFO] Running astrometry preprocessing...
2025-08-01 09:23:58,867 [INFO] Executing guider offset calculation...
2025-08-01 09:23:58,868 [INFO] Clearing temp astrometry data...
2025-08-01 09:23:58,868 [INFO] Deleting raw and processed files.
2025-08-01 09:23:58,870 [INFO] Deleted 0 files in directory: /media/shyunc/DATA/KSpec/KSPEC_ICS/GFA/Simul/kspec_gfa_controller/src/img/raw
2025-08-01 09:23:58,870 [INFO] Deleted 0 files in directory: /media/shyunc/DATA/KSpec/KSPEC_ICS/GFA/Simul/kspec_gfa_controller/src/img/procimg
2025-08-01 09:23:58,871 [INFO] Deleted 0 raw files and 0 processed files.
2025-08-01 09:24:28,875 [INFO] Starting guiding sequence...
2025-08-01 09:24:28,876 [INFO] Grabbing raw image...
2025-08-01 09:24:33,881 [INFO] Running astrometry preprocessing...
2025-08-01 09:24:33,882 [INFO] Executing guider offset calculation...
2025-08-01 09:24:33,883 [INFO] Clearing temp astrometry data...
2025-08-01 09:24:33,883 [INFO] Deleting raw and processed files.
2025-08-01 09:24:33,884 [INFO] Deleted 0 files in directory: /media/shyunc/DATA/KSpec/KSPEC_ICS/GFA/Simul/kspec_gfa_controller/src/img/raw
2025-08-01 09:24:33,885 [INFO] Deleted 0 files in directory: /media/shyunc/DATA/KSpec/KSPEC_ICS/GFA/Simul/kspec_gfa_controller/src/img/procimg
2025-08-01 09:24:33,885 [INFO] Deleted 0 raw files and 0 processed files.
2025-08-01 09:24:42,680 [INFO] Starting guiding sequence...
2025-08-01 09:24:42,682 [INFO] Grabbing raw image...
2025-08-01 09:24:47,688 [INFO] Running astrometry preprocessing...
2025-08-01 09:24:47,689 [INFO] Executing guider offset calculation...
2025-08-01 09:24:47,690 [INFO] Clearing temp astrometry data...
2025-08-01 09:24:47,690 [INFO] Deleting raw and processed files.
2025-08-01 09:24:47,692 [INFO] Deleted 0 files in directory: /media/shyunc/DATA/KSpec/KSPEC_ICS/GFA/Simul/kspec_gfa_controller/src/img/raw
2025-08-01 09:24:47,694 [INFO] Deleted 0 files in directory: /media/shyunc/DATA/KSpec/KSPEC_ICS/GFA/Simul/kspec_gfa_controller/src/img/procimg
2025-08-01 09:24:47,694 [INFO] Deleted 0 raw files and 0 processed files.
2025-08-01 10:08:07,349 [INFO] Starting guiding sequence...
2025-08-01 10:08:07,350 [INFO] Grabbing raw image...
2025-08-01 10:08:12,356 [INFO] Running astrometry preprocessing...
2025-08-01 10:08:12,357 [INFO] Executing guider offset calculation...
2025-08-01 10:08:12,357 [INFO] Clearing temp astrometry data...
2025-08-01 10:08:12,358 [INFO] Deleting raw and processed files.
2025-08-01 10:08:12,359 [INFO] Deleted 0 files in directory: /media/shyunc/DATA/KSpec/KSPEC_ICS/GFA/Simul/kspec_gfa_controller/src/img/raw
2025-08-01 10:08:12,360 [INFO] Deleted 0 files in directory: /media/shyunc/DATA/KSpec/KSPEC_ICS/GFA/Simul/kspec_gfa_controller/src/img/procimg
2025-08-01 10:08:12,360 [INFO] Deleted 0 raw files and 0 processed files.
2025-08-01 10:10:18,501 [INFO] Starting guiding sequence...
2025-08-01 10:10:18,502 [INFO] Grabbing raw image...
2025-08-01 10:10:23,505 [INFO] Running astrometry preprocessing...
2025-08-01 10:10:23,505 [INFO] Executing guider offset calculation...
2025-08-01 10:10:23,506 [INFO] Clearing temp astrometry data...
2025-08-01 10:10:23,506 [INFO] Deleting raw and processed files.
2025-08-01 10:10:23,507 [INFO] Deleted 0 files in directory: /media/shyunc/DATA/KSpec/KSPEC_ICS/GFA/Simul/kspec_gfa_controller/src/img/raw
2025-08-01 10:10:23,508 [INFO] Deleted 0 files in directory: /media/shyunc/DATA/KSpec/KSPEC_ICS/GFA/Simul/kspec_gfa_controller/src/img/procimg
2025-08-01 10:10:23,508 [INFO] Deleted 0 raw files and 0 processed files.
2025-08-01 10:35:24,476 [INFO] Starting guiding sequence...
2025-08-01 10:35:24,477 [INFO] Grabbing raw image...
2025-08-01 10:35:29,481 [INFO] Running astrometry preprocessing...
2025-08-01 10:35:29,481 [INFO] Executing guider offset calculation...
2025-08-01 10:35:29,482 [INFO] Clearing temp astrometry data...
2025-08-01 10:35:29,482 [INFO] Deleting raw and processed files.
2025-08-01 10:35:29,483 [INFO] Deleted 0 files in directory: /media/shyunc/DATA/KSpec/KSPEC_ICS/GFA/Simul/kspec_gfa_controller/src/img/raw
2025-08-01 10:35:29,484 [INFO] Deleted 0 files in directory: /media/shyunc/DATA/KSpec/KSPEC_ICS/GFA/Simul/kspec_gfa_controller/src/img/procimg
2025-08-01 10:35:29,484 [INFO] Deleted 0 raw files and 0 processed files.
2025-08-01 10:35:44,862 [INFO] Starting guiding sequence...
2025-08-01 10:35:44,863 [INFO] Grabbing raw image...
2025-08-01 10:35:51,611 [INFO] Starting guiding sequence...
2025-08-01 10:35:51,612 [INFO] Grabbing raw image...
2025-08-01 11:02:00,026 [INFO] Starting guiding sequence...
2025-08-01 11:02:00,027 [INFO] Grabbing raw image...
2025-08-01 11:02:18,580 [INFO] Starting guiding sequence...
2025-08-01 11:02:18,580 [INFO] Grabbing raw image...
2025-08-01 11:02:23,586 [INFO] Running astrometry preprocessing...
2025-08-01 11:02:23,587 [INFO] Executing guider offset calculation...
2025-08-01 11:02:23,587 [INFO] Clearing temp astrometry data...
2025-08-01 11:02:23,588 [INFO] Deleting raw and processed files.
2025-08-01 11:02:23,589 [INFO] Deleted 0 files in directory: /media/shyunc/DATA/KSpec/KSPEC_ICS/GFA/Simul/kspec_gfa_controller/src/img/raw
2025-08-01 11:02:23,590 [INFO] Deleted 0 files in directory: /media/shyunc/DATA/KSpec/KSPEC_ICS/GFA/Simul/kspec_gfa_controller/src/img/procimg
2025-08-01 11:02:23,590 [INFO] Deleted 0 raw files and 0 processed files.
2025-08-01 11:15:19,247 [INFO] Starting guiding sequence...
2025-08-01 11:15:19,248 [INFO] Grabbing raw image...
2025-08-01 11:15:24,254 [INFO] Running astrometry preprocessing...
2025-08-01 11:15:24,254 [INFO] Executing guider offset calculation...
2025-08-01 11:15:24,255 [INFO] Clearing temp astrometry data...
2025-08-01 11:15:24,255 [INFO] Deleting raw and processed files.
2025-08-01 11:15:24,256 [INFO] Deleted 0 files in directory: /media/shyunc/DATA/KSpec/KSPEC_ICS/GFA/Simul/kspec_gfa_controller/src/img/raw
2025-08-01 11:15:24,257 [INFO] Deleted 0 files in directory: /media/shyunc/DATA/KSpec/KSPEC_ICS/GFA/Simul/kspec_gfa_controller/src/img/procimg
2025-08-01 11:15:24,257 [INFO] Deleted 0 raw files and 0 processed files.
2025-08-01 11:22:59,487 [INFO] Starting guiding sequence...
2025-08-01 11:22:59,489 [INFO] Grabbing raw image...
2025-08-01 11:23:04,495 [INFO] Running astrometry preprocessing...
2025-08-01 11:23:04,496 [INFO] Executing guider offset calculation...
2025-08-01 11:23:04,497 [INFO] Clearing temp astrometry data...
2025-08-01 11:23:04,497 [INFO] Deleting raw and processed files.
2025-08-01 11:23:04,498 [INFO] Deleted 0 files in directory: /media/shyunc/DATA/KSpec/KSPEC_ICS/GFA/Simul/kspec_gfa_controller/src/img/raw
2025-08-01 11:23:04,499 [INFO] Deleted 0 files in directory: /media/shyunc/DATA/KSpec/KSPEC_ICS/GFA/Simul/kspec_gfa_controller/src/img/procimg
2025-08-01 11:23:04,499 [INFO] Deleted 0 raw files and 0 processed files.
