2025-03-18 11:57:12,407 [INFO] Configuration file found: /media/shyunc/DATA/KSpec/KSPEC_ICS/GFA/Simul/kspec_gfa_controller/src/etc/cams.json (at gfa_actions.py)
2025-03-18 11:57:12,407 [INFO] Configuration file found: /media/shyunc/DATA/KSpec/KSPEC_ICS/GFA/Simul/kspec_gfa_controller/src/etc/astrometry_params.json (at gfa_actions.py)
2025-03-18 11:57:12,407 [INFO] Initializing gfa_astrometry class. (at gfa_actions.py)
2025-03-18 11:57:12,408 [INFO] Loaded 4 FITS files. (at gfa_actions.py)
2025-03-18 11:57:12,408 [INFO] Initializing GFAGuider... (at gfa_actions.py)
2025-03-18 11:57:12,408 [INFO] GFAGuider setup complete. (at gfa_actions.py)
2025-03-18 11:57:46,425 [INFO] Guiding starts... (at gfa_actions.py)
2025-03-18 11:57:46,426 [INFO] Step #1: Grab an image (uncomment if needed). (at gfa_actions.py)
2025-03-18 11:57:46,426 [INFO] Step #2: Astrometry... (at gfa_actions.py)
2025-03-18 11:57:46,426 [INFO] Step #3: Calculating the offset... (at gfa_actions.py)
2025-03-18 11:57:46,427 [INFO] Starting guide star calibration process. (at gfa_actions.py)
2025-03-18 11:57:46,428 [INFO] Found 4 astrometry files and 4 processed files. (at gfa_actions.py)
2025-03-18 11:57:46,428 [INFO] Processing FITS: /media/shyunc/DATA/KSpec/KSPEC_ICS/GFA/Simul/kspec_gfa_controller/src/img/astroimg/astro_proc_KMTNge.20231211T102558.0001.fits & /media/shyunc/DATA/KSpec/KSPEC_ICS/GFA/Simul/kspec_gfa_controller/src/img/procimg/proc_KMTNge.20231211T102558.0001.fits (at gfa_actions.py)
2025-03-18 11:57:46,443 [INFO] Performing sigma clipping to derive background and stddev. (at gfa_actions.py)
2025-03-18 11:57:46,609 [INFO] Processing FITS: /media/shyunc/DATA/KSpec/KSPEC_ICS/GFA/Simul/kspec_gfa_controller/src/img/astroimg/astro_proc_KMTNgn.20231211T102558.0001.fits & /media/shyunc/DATA/KSpec/KSPEC_ICS/GFA/Simul/kspec_gfa_controller/src/img/procimg/proc_KMTNgn.20231211T102558.0001.fits (at gfa_actions.py)
2025-03-18 11:57:46,616 [INFO] Performing sigma clipping to derive background and stddev. (at gfa_actions.py)
2025-03-18 11:57:46,737 [INFO] Processing FITS: /media/shyunc/DATA/KSpec/KSPEC_ICS/GFA/Simul/kspec_gfa_controller/src/img/astroimg/astro_proc_KMTNgs.20231211T102558.0001.fits & /media/shyunc/DATA/KSpec/KSPEC_ICS/GFA/Simul/kspec_gfa_controller/src/img/procimg/proc_KMTNgs.20231211T102558.0001.fits (at gfa_actions.py)
2025-03-18 11:57:46,744 [INFO] Performing sigma clipping to derive background and stddev. (at gfa_actions.py)
2025-03-18 11:57:46,868 [INFO] Processing FITS: /media/shyunc/DATA/KSpec/KSPEC_ICS/GFA/Simul/kspec_gfa_controller/src/img/astroimg/astro_proc_KMTNgw.20231211T102558.0001.fits & /media/shyunc/DATA/KSpec/KSPEC_ICS/GFA/Simul/kspec_gfa_controller/src/img/procimg/proc_KMTNgw.20231211T102558.0001.fits (at gfa_actions.py)
2025-03-18 11:57:46,875 [INFO] Performing sigma clipping to derive background and stddev. (at gfa_actions.py)
2025-03-18 11:57:46,984 [WARNING] Offsets within critical threshold; returning 0, 0. (at gfa_actions.py)
2025-03-18 11:57:46,986 [INFO] FWHM: 1.81 arcsec (at gfa_actions.py)
2025-03-18 11:57:46,987 [INFO] Guide star calibration complete. Offsets => fdx=0.00000, fdy=0.00000, FWHM=1.80589 (at gfa_actions.py)
2025-03-18 11:57:46,987 [INFO] Offsets calculated: fdx= $$, fdy=$$, FWHM=$$$ arcsec (at gfa_actions.py)
2025-03-18 13:00:02,468 [INFO] Configuration file found: /media/shyunc/DATA/KSpec/KSPEC_ICS/GFA/Simul/kspec_gfa_controller/src/etc/cams.json (at gfa_actions.py)
2025-03-18 13:00:02,468 [INFO] Configuration file found: /media/shyunc/DATA/KSpec/KSPEC_ICS/GFA/Simul/kspec_gfa_controller/src/etc/astrometry_params.json (at gfa_actions.py)
2025-03-18 13:00:02,468 [INFO] Initializing gfa_astrometry class. (at gfa_actions.py)
2025-03-18 13:00:02,469 [INFO] Loaded 4 FITS files. (at gfa_actions.py)
2025-03-18 13:00:02,469 [INFO] Initializing GFAGuider... (at gfa_actions.py)
2025-03-18 13:00:02,469 [INFO] GFAGuider setup complete. (at gfa_actions.py)
2025-03-18 13:07:54,880 [INFO] Guiding starts... (at gfa_actions.py)
2025-03-18 13:07:54,880 [INFO] Step #1: Grab an image (uncomment if needed). (at gfa_actions.py)
2025-03-18 13:07:54,881 [INFO] Step #2: Astrometry... (at gfa_actions.py)
2025-03-18 13:07:54,882 [INFO] Step #3: Calculating the offset... (at gfa_actions.py)
2025-03-18 13:07:54,882 [INFO] Starting guide star calibration process. (at gfa_actions.py)
2025-03-18 13:07:54,885 [INFO] Found 4 astrometry files and 4 processed files. (at gfa_actions.py)
2025-03-18 13:07:54,886 [INFO] Processing FITS: /media/shyunc/DATA/KSpec/KSPEC_ICS/GFA/Simul/kspec_gfa_controller/src/img/astroimg/astro_proc_KMTNge.20231211T102558.0001.fits & /media/shyunc/DATA/KSpec/KSPEC_ICS/GFA/Simul/kspec_gfa_controller/src/img/procimg/proc_KMTNge.20231211T102558.0001.fits (at gfa_actions.py)
2025-03-18 13:07:54,900 [INFO] Performing sigma clipping to derive background and stddev. (at gfa_actions.py)
2025-03-18 13:07:55,064 [INFO] Processing FITS: /media/shyunc/DATA/KSpec/KSPEC_ICS/GFA/Simul/kspec_gfa_controller/src/img/astroimg/astro_proc_KMTNgn.20231211T102558.0001.fits & /media/shyunc/DATA/KSpec/KSPEC_ICS/GFA/Simul/kspec_gfa_controller/src/img/procimg/proc_KMTNgn.20231211T102558.0001.fits (at gfa_actions.py)
2025-03-18 13:07:55,072 [INFO] Performing sigma clipping to derive background and stddev. (at gfa_actions.py)
2025-03-18 13:07:55,192 [INFO] Processing FITS: /media/shyunc/DATA/KSpec/KSPEC_ICS/GFA/Simul/kspec_gfa_controller/src/img/astroimg/astro_proc_KMTNgs.20231211T102558.0001.fits & /media/shyunc/DATA/KSpec/KSPEC_ICS/GFA/Simul/kspec_gfa_controller/src/img/procimg/proc_KMTNgs.20231211T102558.0001.fits (at gfa_actions.py)
2025-03-18 13:07:55,200 [INFO] Performing sigma clipping to derive background and stddev. (at gfa_actions.py)
2025-03-18 13:07:55,323 [INFO] Processing FITS: /media/shyunc/DATA/KSpec/KSPEC_ICS/GFA/Simul/kspec_gfa_controller/src/img/astroimg/astro_proc_KMTNgw.20231211T102558.0001.fits & /media/shyunc/DATA/KSpec/KSPEC_ICS/GFA/Simul/kspec_gfa_controller/src/img/procimg/proc_KMTNgw.20231211T102558.0001.fits (at gfa_actions.py)
2025-03-18 13:07:55,330 [INFO] Performing sigma clipping to derive background and stddev. (at gfa_actions.py)
2025-03-18 13:07:55,438 [WARNING] Offsets within critical threshold; returning 0, 0. (at gfa_actions.py)
2025-03-18 13:07:55,441 [INFO] FWHM: 1.81 arcsec (at gfa_actions.py)
2025-03-18 13:07:55,441 [INFO] Guide star calibration complete. Offsets => fdx=0.00000, fdy=0.00000, FWHM=1.80589 (at gfa_actions.py)
2025-03-18 13:07:55,441 [INFO] Offsets calculated: fdx= $$, fdy=$$, FWHM=$$$ arcsec (at gfa_actions.py)
2025-03-18 13:08:55,467 [INFO] Guiding starts... (at gfa_actions.py)
2025-03-18 13:08:55,467 [INFO] Step #1: Grab an image (uncomment if needed). (at gfa_actions.py)
2025-03-18 13:08:55,468 [INFO] Step #2: Astrometry... (at gfa_actions.py)
2025-03-18 13:08:55,468 [INFO] Step #3: Calculating the offset... (at gfa_actions.py)
2025-03-18 13:08:55,469 [INFO] Starting guide star calibration process. (at gfa_actions.py)
2025-03-18 13:08:55,470 [INFO] Found 4 astrometry files and 4 processed files. (at gfa_actions.py)
2025-03-18 13:08:55,470 [INFO] Processing FITS: /media/shyunc/DATA/KSpec/KSPEC_ICS/GFA/Simul/kspec_gfa_controller/src/img/astroimg/astro_proc_KMTNge.20231211T102558.0001.fits & /media/shyunc/DATA/KSpec/KSPEC_ICS/GFA/Simul/kspec_gfa_controller/src/img/procimg/proc_KMTNge.20231211T102558.0001.fits (at gfa_actions.py)
2025-03-18 13:08:55,478 [INFO] Performing sigma clipping to derive background and stddev. (at gfa_actions.py)
2025-03-18 13:08:55,588 [INFO] Processing FITS: /media/shyunc/DATA/KSpec/KSPEC_ICS/GFA/Simul/kspec_gfa_controller/src/img/astroimg/astro_proc_KMTNgn.20231211T102558.0001.fits & /media/shyunc/DATA/KSpec/KSPEC_ICS/GFA/Simul/kspec_gfa_controller/src/img/procimg/proc_KMTNgn.20231211T102558.0001.fits (at gfa_actions.py)
2025-03-18 13:08:55,595 [INFO] Performing sigma clipping to derive background and stddev. (at gfa_actions.py)
2025-03-18 13:08:55,711 [INFO] Processing FITS: /media/shyunc/DATA/KSpec/KSPEC_ICS/GFA/Simul/kspec_gfa_controller/src/img/astroimg/astro_proc_KMTNgs.20231211T102558.0001.fits & /media/shyunc/DATA/KSpec/KSPEC_ICS/GFA/Simul/kspec_gfa_controller/src/img/procimg/proc_KMTNgs.20231211T102558.0001.fits (at gfa_actions.py)
2025-03-18 13:08:55,718 [INFO] Performing sigma clipping to derive background and stddev. (at gfa_actions.py)
2025-03-18 13:08:55,839 [INFO] Processing FITS: /media/shyunc/DATA/KSpec/KSPEC_ICS/GFA/Simul/kspec_gfa_controller/src/img/astroimg/astro_proc_KMTNgw.20231211T102558.0001.fits & /media/shyunc/DATA/KSpec/KSPEC_ICS/GFA/Simul/kspec_gfa_controller/src/img/procimg/proc_KMTNgw.20231211T102558.0001.fits (at gfa_actions.py)
2025-03-18 13:08:55,846 [INFO] Performing sigma clipping to derive background and stddev. (at gfa_actions.py)
2025-03-18 13:08:55,951 [WARNING] Offsets within critical threshold; returning 0, 0. (at gfa_actions.py)
2025-03-18 13:08:55,954 [INFO] FWHM: 1.81 arcsec (at gfa_actions.py)
2025-03-18 13:08:55,954 [INFO] Guide star calibration complete. Offsets => fdx=0.00000, fdy=0.00000, FWHM=1.80589 (at gfa_actions.py)
2025-03-18 13:08:55,954 [INFO] Offsets calculated: fdx= $$, fdy=$$, FWHM=$$$ arcsec (at gfa_actions.py)
2025-03-18 13:09:55,979 [INFO] Guiding starts... (at gfa_actions.py)
2025-03-18 13:09:55,980 [INFO] Step #1: Grab an image (uncomment if needed). (at gfa_actions.py)
2025-03-18 13:09:55,981 [INFO] Step #2: Astrometry... (at gfa_actions.py)
2025-03-18 13:09:55,981 [INFO] Step #3: Calculating the offset... (at gfa_actions.py)
2025-03-18 13:09:55,981 [INFO] Starting guide star calibration process. (at gfa_actions.py)
2025-03-18 13:09:55,984 [INFO] Found 4 astrometry files and 4 processed files. (at gfa_actions.py)
2025-03-18 13:09:55,985 [INFO] Processing FITS: /media/shyunc/DATA/KSpec/KSPEC_ICS/GFA/Simul/kspec_gfa_controller/src/img/astroimg/astro_proc_KMTNge.20231211T102558.0001.fits & /media/shyunc/DATA/KSpec/KSPEC_ICS/GFA/Simul/kspec_gfa_controller/src/img/procimg/proc_KMTNge.20231211T102558.0001.fits (at gfa_actions.py)
2025-03-18 13:09:55,994 [INFO] Performing sigma clipping to derive background and stddev. (at gfa_actions.py)
2025-03-18 13:09:56,109 [INFO] Processing FITS: /media/shyunc/DATA/KSpec/KSPEC_ICS/GFA/Simul/kspec_gfa_controller/src/img/astroimg/astro_proc_KMTNgn.20231211T102558.0001.fits & /media/shyunc/DATA/KSpec/KSPEC_ICS/GFA/Simul/kspec_gfa_controller/src/img/procimg/proc_KMTNgn.20231211T102558.0001.fits (at gfa_actions.py)
2025-03-18 13:09:56,116 [INFO] Performing sigma clipping to derive background and stddev. (at gfa_actions.py)
2025-03-18 13:09:56,233 [INFO] Processing FITS: /media/shyunc/DATA/KSpec/KSPEC_ICS/GFA/Simul/kspec_gfa_controller/src/img/astroimg/astro_proc_KMTNgs.20231211T102558.0001.fits & /media/shyunc/DATA/KSpec/KSPEC_ICS/GFA/Simul/kspec_gfa_controller/src/img/procimg/proc_KMTNgs.20231211T102558.0001.fits (at gfa_actions.py)
2025-03-18 13:09:56,240 [INFO] Performing sigma clipping to derive background and stddev. (at gfa_actions.py)
2025-03-18 13:09:56,361 [INFO] Processing FITS: /media/shyunc/DATA/KSpec/KSPEC_ICS/GFA/Simul/kspec_gfa_controller/src/img/astroimg/astro_proc_KMTNgw.20231211T102558.0001.fits & /media/shyunc/DATA/KSpec/KSPEC_ICS/GFA/Simul/kspec_gfa_controller/src/img/procimg/proc_KMTNgw.20231211T102558.0001.fits (at gfa_actions.py)
2025-03-18 13:09:56,368 [INFO] Performing sigma clipping to derive background and stddev. (at gfa_actions.py)
2025-03-18 13:09:56,474 [WARNING] Offsets within critical threshold; returning 0, 0. (at gfa_actions.py)
2025-03-18 13:09:56,476 [INFO] FWHM: 1.81 arcsec (at gfa_actions.py)
2025-03-18 13:09:56,476 [INFO] Guide star calibration complete. Offsets => fdx=0.00000, fdy=0.00000, FWHM=1.80589 (at gfa_actions.py)
2025-03-18 13:09:56,477 [INFO] Offsets calculated: fdx= $$, fdy=$$, FWHM=$$$ arcsec (at gfa_actions.py)
2025-03-18 13:10:56,503 [INFO] Guiding starts... (at gfa_actions.py)
2025-03-18 13:10:56,503 [INFO] Step #1: Grab an image (uncomment if needed). (at gfa_actions.py)
2025-03-18 13:10:56,504 [INFO] Step #2: Astrometry... (at gfa_actions.py)
2025-03-18 13:10:56,504 [INFO] Step #3: Calculating the offset... (at gfa_actions.py)
2025-03-18 13:10:56,505 [INFO] Starting guide star calibration process. (at gfa_actions.py)
2025-03-18 13:10:56,506 [INFO] Found 4 astrometry files and 4 processed files. (at gfa_actions.py)
2025-03-18 13:10:56,507 [INFO] Processing FITS: /media/shyunc/DATA/KSpec/KSPEC_ICS/GFA/Simul/kspec_gfa_controller/src/img/astroimg/astro_proc_KMTNge.20231211T102558.0001.fits & /media/shyunc/DATA/KSpec/KSPEC_ICS/GFA/Simul/kspec_gfa_controller/src/img/procimg/proc_KMTNge.20231211T102558.0001.fits (at gfa_actions.py)
2025-03-18 13:10:56,533 [INFO] Performing sigma clipping to derive background and stddev. (at gfa_actions.py)
2025-03-18 13:10:56,642 [INFO] Processing FITS: /media/shyunc/DATA/KSpec/KSPEC_ICS/GFA/Simul/kspec_gfa_controller/src/img/astroimg/astro_proc_KMTNgn.20231211T102558.0001.fits & /media/shyunc/DATA/KSpec/KSPEC_ICS/GFA/Simul/kspec_gfa_controller/src/img/procimg/proc_KMTNgn.20231211T102558.0001.fits (at gfa_actions.py)
2025-03-18 13:10:56,649 [INFO] Performing sigma clipping to derive background and stddev. (at gfa_actions.py)
2025-03-18 13:10:56,770 [INFO] Processing FITS: /media/shyunc/DATA/KSpec/KSPEC_ICS/GFA/Simul/kspec_gfa_controller/src/img/astroimg/astro_proc_KMTNgs.20231211T102558.0001.fits & /media/shyunc/DATA/KSpec/KSPEC_ICS/GFA/Simul/kspec_gfa_controller/src/img/procimg/proc_KMTNgs.20231211T102558.0001.fits (at gfa_actions.py)
2025-03-18 13:10:56,777 [INFO] Performing sigma clipping to derive background and stddev. (at gfa_actions.py)
2025-03-18 13:10:56,896 [INFO] Processing FITS: /media/shyunc/DATA/KSpec/KSPEC_ICS/GFA/Simul/kspec_gfa_controller/src/img/astroimg/astro_proc_KMTNgw.20231211T102558.0001.fits & /media/shyunc/DATA/KSpec/KSPEC_ICS/GFA/Simul/kspec_gfa_controller/src/img/procimg/proc_KMTNgw.20231211T102558.0001.fits (at gfa_actions.py)
2025-03-18 13:10:56,903 [INFO] Performing sigma clipping to derive background and stddev. (at gfa_actions.py)
2025-03-18 13:10:57,014 [WARNING] Offsets within critical threshold; returning 0, 0. (at gfa_actions.py)
2025-03-18 13:10:57,016 [INFO] FWHM: 1.81 arcsec (at gfa_actions.py)
2025-03-18 13:10:57,016 [INFO] Guide star calibration complete. Offsets => fdx=0.00000, fdy=0.00000, FWHM=1.80589 (at gfa_actions.py)
2025-03-18 13:10:57,016 [INFO] Offsets calculated: fdx= $$, fdy=$$, FWHM=$$$ arcsec (at gfa_actions.py)
2025-03-18 13:11:57,042 [INFO] Guiding starts... (at gfa_actions.py)
2025-03-18 13:11:57,043 [INFO] Step #1: Grab an image (uncomment if needed). (at gfa_actions.py)
2025-03-18 13:11:57,043 [INFO] Step #2: Astrometry... (at gfa_actions.py)
2025-03-18 13:11:57,044 [INFO] Step #3: Calculating the offset... (at gfa_actions.py)
2025-03-18 13:11:57,044 [INFO] Starting guide star calibration process. (at gfa_actions.py)
2025-03-18 13:11:57,045 [INFO] Found 4 astrometry files and 4 processed files. (at gfa_actions.py)
2025-03-18 13:11:57,045 [INFO] Processing FITS: /media/shyunc/DATA/KSpec/KSPEC_ICS/GFA/Simul/kspec_gfa_controller/src/img/astroimg/astro_proc_KMTNge.20231211T102558.0001.fits & /media/shyunc/DATA/KSpec/KSPEC_ICS/GFA/Simul/kspec_gfa_controller/src/img/procimg/proc_KMTNge.20231211T102558.0001.fits (at gfa_actions.py)
2025-03-18 13:11:57,062 [INFO] Performing sigma clipping to derive background and stddev. (at gfa_actions.py)
2025-03-18 13:11:57,173 [INFO] Processing FITS: /media/shyunc/DATA/KSpec/KSPEC_ICS/GFA/Simul/kspec_gfa_controller/src/img/astroimg/astro_proc_KMTNgn.20231211T102558.0001.fits & /media/shyunc/DATA/KSpec/KSPEC_ICS/GFA/Simul/kspec_gfa_controller/src/img/procimg/proc_KMTNgn.20231211T102558.0001.fits (at gfa_actions.py)
2025-03-18 13:11:57,180 [INFO] Performing sigma clipping to derive background and stddev. (at gfa_actions.py)
2025-03-18 13:11:57,298 [INFO] Processing FITS: /media/shyunc/DATA/KSpec/KSPEC_ICS/GFA/Simul/kspec_gfa_controller/src/img/astroimg/astro_proc_KMTNgs.20231211T102558.0001.fits & /media/shyunc/DATA/KSpec/KSPEC_ICS/GFA/Simul/kspec_gfa_controller/src/img/procimg/proc_KMTNgs.20231211T102558.0001.fits (at gfa_actions.py)
2025-03-18 13:11:57,304 [INFO] Performing sigma clipping to derive background and stddev. (at gfa_actions.py)
2025-03-18 13:11:57,425 [INFO] Processing FITS: /media/shyunc/DATA/KSpec/KSPEC_ICS/GFA/Simul/kspec_gfa_controller/src/img/astroimg/astro_proc_KMTNgw.20231211T102558.0001.fits & /media/shyunc/DATA/KSpec/KSPEC_ICS/GFA/Simul/kspec_gfa_controller/src/img/procimg/proc_KMTNgw.20231211T102558.0001.fits (at gfa_actions.py)
2025-03-18 13:11:57,432 [INFO] Performing sigma clipping to derive background and stddev. (at gfa_actions.py)
2025-03-18 13:11:57,538 [WARNING] Offsets within critical threshold; returning 0, 0. (at gfa_actions.py)
2025-03-18 13:11:57,540 [INFO] FWHM: 1.81 arcsec (at gfa_actions.py)
2025-03-18 13:11:57,540 [INFO] Guide star calibration complete. Offsets => fdx=0.00000, fdy=0.00000, FWHM=1.80589 (at gfa_actions.py)
2025-03-18 13:11:57,541 [INFO] Offsets calculated: fdx= $$, fdy=$$, FWHM=$$$ arcsec (at gfa_actions.py)
2025-03-18 13:12:57,568 [INFO] Guiding starts... (at gfa_actions.py)
2025-03-18 13:12:57,569 [INFO] Step #1: Grab an image (uncomment if needed). (at gfa_actions.py)
2025-03-18 13:12:57,569 [INFO] Step #2: Astrometry... (at gfa_actions.py)
2025-03-18 13:12:57,570 [INFO] Step #3: Calculating the offset... (at gfa_actions.py)
2025-03-18 13:12:57,570 [INFO] Starting guide star calibration process. (at gfa_actions.py)
2025-03-18 13:12:57,571 [INFO] Found 4 astrometry files and 4 processed files. (at gfa_actions.py)
2025-03-18 13:12:57,572 [INFO] Processing FITS: /media/shyunc/DATA/KSpec/KSPEC_ICS/GFA/Simul/kspec_gfa_controller/src/img/astroimg/astro_proc_KMTNge.20231211T102558.0001.fits & /media/shyunc/DATA/KSpec/KSPEC_ICS/GFA/Simul/kspec_gfa_controller/src/img/procimg/proc_KMTNge.20231211T102558.0001.fits (at gfa_actions.py)
2025-03-18 13:12:57,581 [INFO] Performing sigma clipping to derive background and stddev. (at gfa_actions.py)
2025-03-18 13:12:57,695 [INFO] Processing FITS: /media/shyunc/DATA/KSpec/KSPEC_ICS/GFA/Simul/kspec_gfa_controller/src/img/astroimg/astro_proc_KMTNgn.20231211T102558.0001.fits & /media/shyunc/DATA/KSpec/KSPEC_ICS/GFA/Simul/kspec_gfa_controller/src/img/procimg/proc_KMTNgn.20231211T102558.0001.fits (at gfa_actions.py)
2025-03-18 13:12:57,702 [INFO] Performing sigma clipping to derive background and stddev. (at gfa_actions.py)
2025-03-18 13:12:57,823 [INFO] Processing FITS: /media/shyunc/DATA/KSpec/KSPEC_ICS/GFA/Simul/kspec_gfa_controller/src/img/astroimg/astro_proc_KMTNgs.20231211T102558.0001.fits & /media/shyunc/DATA/KSpec/KSPEC_ICS/GFA/Simul/kspec_gfa_controller/src/img/procimg/proc_KMTNgs.20231211T102558.0001.fits (at gfa_actions.py)
2025-03-18 13:12:57,831 [INFO] Performing sigma clipping to derive background and stddev. (at gfa_actions.py)
2025-03-18 13:12:57,957 [INFO] Processing FITS: /media/shyunc/DATA/KSpec/KSPEC_ICS/GFA/Simul/kspec_gfa_controller/src/img/astroimg/astro_proc_KMTNgw.20231211T102558.0001.fits & /media/shyunc/DATA/KSpec/KSPEC_ICS/GFA/Simul/kspec_gfa_controller/src/img/procimg/proc_KMTNgw.20231211T102558.0001.fits (at gfa_actions.py)
2025-03-18 13:12:57,964 [INFO] Performing sigma clipping to derive background and stddev. (at gfa_actions.py)
2025-03-18 13:12:58,073 [WARNING] Offsets within critical threshold; returning 0, 0. (at gfa_actions.py)
2025-03-18 13:12:58,075 [INFO] FWHM: 1.81 arcsec (at gfa_actions.py)
2025-03-18 13:12:58,075 [INFO] Guide star calibration complete. Offsets => fdx=0.00000, fdy=0.00000, FWHM=1.80589 (at gfa_actions.py)
2025-03-18 13:12:58,076 [INFO] Offsets calculated: fdx= $$, fdy=$$, FWHM=$$$ arcsec (at gfa_actions.py)
2025-03-18 13:30:07,540 [INFO] Guiding starts... (at gfa_actions.py)
2025-03-18 13:30:07,541 [INFO] Step #1: Grab an image (uncomment if needed). (at gfa_actions.py)
2025-03-18 13:30:07,542 [INFO] Step #2: Astrometry... (at gfa_actions.py)
2025-03-18 13:30:07,542 [INFO] Step #3: Calculating the offset... (at gfa_actions.py)
2025-03-18 13:30:07,543 [INFO] Starting guide star calibration process. (at gfa_actions.py)
2025-03-18 13:30:07,544 [INFO] Found 4 astrometry files and 4 processed files. (at gfa_actions.py)
2025-03-18 13:30:07,545 [INFO] Processing FITS: /media/shyunc/DATA/KSpec/KSPEC_ICS/GFA/Simul/kspec_gfa_controller/src/img/astroimg/astro_proc_KMTNge.20231211T102558.0001.fits & /media/shyunc/DATA/KSpec/KSPEC_ICS/GFA/Simul/kspec_gfa_controller/src/img/procimg/proc_KMTNge.20231211T102558.0001.fits (at gfa_actions.py)
2025-03-18 13:30:07,554 [INFO] Performing sigma clipping to derive background and stddev. (at gfa_actions.py)
2025-03-18 13:30:07,670 [INFO] Processing FITS: /media/shyunc/DATA/KSpec/KSPEC_ICS/GFA/Simul/kspec_gfa_controller/src/img/astroimg/astro_proc_KMTNgn.20231211T102558.0001.fits & /media/shyunc/DATA/KSpec/KSPEC_ICS/GFA/Simul/kspec_gfa_controller/src/img/procimg/proc_KMTNgn.20231211T102558.0001.fits (at gfa_actions.py)
2025-03-18 13:30:07,677 [INFO] Performing sigma clipping to derive background and stddev. (at gfa_actions.py)
2025-03-18 13:30:07,794 [INFO] Processing FITS: /media/shyunc/DATA/KSpec/KSPEC_ICS/GFA/Simul/kspec_gfa_controller/src/img/astroimg/astro_proc_KMTNgs.20231211T102558.0001.fits & /media/shyunc/DATA/KSpec/KSPEC_ICS/GFA/Simul/kspec_gfa_controller/src/img/procimg/proc_KMTNgs.20231211T102558.0001.fits (at gfa_actions.py)
2025-03-18 13:30:07,800 [INFO] Performing sigma clipping to derive background and stddev. (at gfa_actions.py)
2025-03-18 13:30:07,920 [INFO] Processing FITS: /media/shyunc/DATA/KSpec/KSPEC_ICS/GFA/Simul/kspec_gfa_controller/src/img/astroimg/astro_proc_KMTNgw.20231211T102558.0001.fits & /media/shyunc/DATA/KSpec/KSPEC_ICS/GFA/Simul/kspec_gfa_controller/src/img/procimg/proc_KMTNgw.20231211T102558.0001.fits (at gfa_actions.py)
2025-03-18 13:30:07,927 [INFO] Performing sigma clipping to derive background and stddev. (at gfa_actions.py)
2025-03-18 13:30:08,032 [WARNING] Offsets within critical threshold; returning 0, 0. (at gfa_actions.py)
2025-03-18 13:30:08,035 [INFO] FWHM: 1.81 arcsec (at gfa_actions.py)
2025-03-18 13:30:08,035 [INFO] Guide star calibration complete. Offsets => fdx=0.00000, fdy=0.00000, FWHM=1.80589 (at gfa_actions.py)
2025-03-18 13:30:08,035 [INFO] Offsets calculated: fdx= $$, fdy=$$, FWHM=$$$ arcsec (at gfa_actions.py)
2025-03-18 13:31:08,042 [INFO] Guiding starts... (at gfa_actions.py)
2025-03-18 13:31:08,043 [INFO] Step #1: Grab an image (uncomment if needed). (at gfa_actions.py)
2025-03-18 13:31:08,043 [INFO] Step #2: Astrometry... (at gfa_actions.py)
2025-03-18 13:31:08,044 [INFO] Step #3: Calculating the offset... (at gfa_actions.py)
2025-03-18 13:31:08,045 [INFO] Starting guide star calibration process. (at gfa_actions.py)
2025-03-18 13:31:08,047 [INFO] Found 4 astrometry files and 4 processed files. (at gfa_actions.py)
2025-03-18 13:31:08,047 [INFO] Processing FITS: /media/shyunc/DATA/KSpec/KSPEC_ICS/GFA/Simul/kspec_gfa_controller/src/img/astroimg/astro_proc_KMTNge.20231211T102558.0001.fits & /media/shyunc/DATA/KSpec/KSPEC_ICS/GFA/Simul/kspec_gfa_controller/src/img/procimg/proc_KMTNge.20231211T102558.0001.fits (at gfa_actions.py)
2025-03-18 13:31:08,067 [INFO] Performing sigma clipping to derive background and stddev. (at gfa_actions.py)
2025-03-18 13:31:08,206 [INFO] Processing FITS: /media/shyunc/DATA/KSpec/KSPEC_ICS/GFA/Simul/kspec_gfa_controller/src/img/astroimg/astro_proc_KMTNgn.20231211T102558.0001.fits & /media/shyunc/DATA/KSpec/KSPEC_ICS/GFA/Simul/kspec_gfa_controller/src/img/procimg/proc_KMTNgn.20231211T102558.0001.fits (at gfa_actions.py)
2025-03-18 13:31:08,214 [INFO] Performing sigma clipping to derive background and stddev. (at gfa_actions.py)
2025-03-18 13:31:08,436 [INFO] Processing FITS: /media/shyunc/DATA/KSpec/KSPEC_ICS/GFA/Simul/kspec_gfa_controller/src/img/astroimg/astro_proc_KMTNgs.20231211T102558.0001.fits & /media/shyunc/DATA/KSpec/KSPEC_ICS/GFA/Simul/kspec_gfa_controller/src/img/procimg/proc_KMTNgs.20231211T102558.0001.fits (at gfa_actions.py)
2025-03-18 13:31:08,447 [INFO] Performing sigma clipping to derive background and stddev. (at gfa_actions.py)
2025-03-18 13:31:08,627 [INFO] Processing FITS: /media/shyunc/DATA/KSpec/KSPEC_ICS/GFA/Simul/kspec_gfa_controller/src/img/astroimg/astro_proc_KMTNgw.20231211T102558.0001.fits & /media/shyunc/DATA/KSpec/KSPEC_ICS/GFA/Simul/kspec_gfa_controller/src/img/procimg/proc_KMTNgw.20231211T102558.0001.fits (at gfa_actions.py)
2025-03-18 13:31:08,634 [INFO] Performing sigma clipping to derive background and stddev. (at gfa_actions.py)
2025-03-18 13:31:08,742 [WARNING] Offsets within critical threshold; returning 0, 0. (at gfa_actions.py)
2025-03-18 13:31:08,745 [INFO] FWHM: 1.81 arcsec (at gfa_actions.py)
2025-03-18 13:31:08,745 [INFO] Guide star calibration complete. Offsets => fdx=0.00000, fdy=0.00000, FWHM=1.80589 (at gfa_actions.py)
2025-03-18 13:31:08,745 [INFO] Offsets calculated: fdx= $$, fdy=$$, FWHM=$$$ arcsec (at gfa_actions.py)
2025-03-18 13:42:38,273 [INFO] Guiding starts... (at gfa_actions.py)
2025-03-18 13:42:38,274 [INFO] Step #1: Grab an image (uncomment if needed). (at gfa_actions.py)
2025-03-18 13:42:38,274 [INFO] Step #2: Astrometry... (at gfa_actions.py)
2025-03-18 13:42:38,275 [INFO] Step #3: Calculating the offset... (at gfa_actions.py)
2025-03-18 13:42:38,275 [INFO] Starting guide star calibration process. (at gfa_actions.py)
2025-03-18 13:42:38,276 [INFO] Found 4 astrometry files and 4 processed files. (at gfa_actions.py)
2025-03-18 13:42:38,276 [INFO] Processing FITS: /media/shyunc/DATA/KSpec/KSPEC_ICS/GFA/Simul/kspec_gfa_controller/src/img/astroimg/astro_proc_KMTNge.20231211T102558.0001.fits & /media/shyunc/DATA/KSpec/KSPEC_ICS/GFA/Simul/kspec_gfa_controller/src/img/procimg/proc_KMTNge.20231211T102558.0001.fits (at gfa_actions.py)
2025-03-18 13:42:38,286 [INFO] Performing sigma clipping to derive background and stddev. (at gfa_actions.py)
2025-03-18 13:42:38,401 [INFO] Processing FITS: /media/shyunc/DATA/KSpec/KSPEC_ICS/GFA/Simul/kspec_gfa_controller/src/img/astroimg/astro_proc_KMTNgn.20231211T102558.0001.fits & /media/shyunc/DATA/KSpec/KSPEC_ICS/GFA/Simul/kspec_gfa_controller/src/img/procimg/proc_KMTNgn.20231211T102558.0001.fits (at gfa_actions.py)
2025-03-18 13:42:38,409 [INFO] Performing sigma clipping to derive background and stddev. (at gfa_actions.py)
2025-03-18 13:42:38,528 [INFO] Processing FITS: /media/shyunc/DATA/KSpec/KSPEC_ICS/GFA/Simul/kspec_gfa_controller/src/img/astroimg/astro_proc_KMTNgs.20231211T102558.0001.fits & /media/shyunc/DATA/KSpec/KSPEC_ICS/GFA/Simul/kspec_gfa_controller/src/img/procimg/proc_KMTNgs.20231211T102558.0001.fits (at gfa_actions.py)
2025-03-18 13:42:38,535 [INFO] Performing sigma clipping to derive background and stddev. (at gfa_actions.py)
2025-03-18 13:42:38,657 [INFO] Processing FITS: /media/shyunc/DATA/KSpec/KSPEC_ICS/GFA/Simul/kspec_gfa_controller/src/img/astroimg/astro_proc_KMTNgw.20231211T102558.0001.fits & /media/shyunc/DATA/KSpec/KSPEC_ICS/GFA/Simul/kspec_gfa_controller/src/img/procimg/proc_KMTNgw.20231211T102558.0001.fits (at gfa_actions.py)
2025-03-18 13:42:38,688 [INFO] Performing sigma clipping to derive background and stddev. (at gfa_actions.py)
2025-03-18 13:42:38,796 [WARNING] Offsets within critical threshold; returning 0, 0. (at gfa_actions.py)
2025-03-18 13:42:38,798 [INFO] FWHM: 1.81 arcsec (at gfa_actions.py)
2025-03-18 13:42:38,799 [INFO] Guide star calibration complete. Offsets => fdx=0.00000, fdy=0.00000, FWHM=1.80589 (at gfa_actions.py)
2025-03-18 13:42:38,799 [INFO] Offsets calculated: fdx= $$, fdy=$$, FWHM=$$$ arcsec (at gfa_actions.py)
2025-03-18 13:43:38,807 [INFO] Guiding starts... (at gfa_actions.py)
2025-03-18 13:43:38,808 [INFO] Step #1: Grab an image (uncomment if needed). (at gfa_actions.py)
2025-03-18 13:43:38,808 [INFO] Step #2: Astrometry... (at gfa_actions.py)
2025-03-18 13:43:38,809 [INFO] Step #3: Calculating the offset... (at gfa_actions.py)
2025-03-18 13:43:38,809 [INFO] Starting guide star calibration process. (at gfa_actions.py)
2025-03-18 13:43:38,810 [INFO] Found 4 astrometry files and 4 processed files. (at gfa_actions.py)
2025-03-18 13:43:38,810 [INFO] Processing FITS: /media/shyunc/DATA/KSpec/KSPEC_ICS/GFA/Simul/kspec_gfa_controller/src/img/astroimg/astro_proc_KMTNge.20231211T102558.0001.fits & /media/shyunc/DATA/KSpec/KSPEC_ICS/GFA/Simul/kspec_gfa_controller/src/img/procimg/proc_KMTNge.20231211T102558.0001.fits (at gfa_actions.py)
2025-03-18 13:43:38,824 [INFO] Performing sigma clipping to derive background and stddev. (at gfa_actions.py)
2025-03-18 13:43:38,942 [INFO] Processing FITS: /media/shyunc/DATA/KSpec/KSPEC_ICS/GFA/Simul/kspec_gfa_controller/src/img/astroimg/astro_proc_KMTNgn.20231211T102558.0001.fits & /media/shyunc/DATA/KSpec/KSPEC_ICS/GFA/Simul/kspec_gfa_controller/src/img/procimg/proc_KMTNgn.20231211T102558.0001.fits (at gfa_actions.py)
2025-03-18 13:43:38,950 [INFO] Performing sigma clipping to derive background and stddev. (at gfa_actions.py)
2025-03-18 13:43:39,073 [INFO] Processing FITS: /media/shyunc/DATA/KSpec/KSPEC_ICS/GFA/Simul/kspec_gfa_controller/src/img/astroimg/astro_proc_KMTNgs.20231211T102558.0001.fits & /media/shyunc/DATA/KSpec/KSPEC_ICS/GFA/Simul/kspec_gfa_controller/src/img/procimg/proc_KMTNgs.20231211T102558.0001.fits (at gfa_actions.py)
2025-03-18 13:43:39,080 [INFO] Performing sigma clipping to derive background and stddev. (at gfa_actions.py)
2025-03-18 13:43:39,203 [INFO] Processing FITS: /media/shyunc/DATA/KSpec/KSPEC_ICS/GFA/Simul/kspec_gfa_controller/src/img/astroimg/astro_proc_KMTNgw.20231211T102558.0001.fits & /media/shyunc/DATA/KSpec/KSPEC_ICS/GFA/Simul/kspec_gfa_controller/src/img/procimg/proc_KMTNgw.20231211T102558.0001.fits (at gfa_actions.py)
2025-03-18 13:43:39,210 [INFO] Performing sigma clipping to derive background and stddev. (at gfa_actions.py)
2025-03-18 13:43:39,318 [WARNING] Offsets within critical threshold; returning 0, 0. (at gfa_actions.py)
2025-03-18 13:43:39,321 [INFO] FWHM: 1.81 arcsec (at gfa_actions.py)
2025-03-18 13:43:39,321 [INFO] Guide star calibration complete. Offsets => fdx=0.00000, fdy=0.00000, FWHM=1.80589 (at gfa_actions.py)
2025-03-18 13:43:39,321 [INFO] Offsets calculated: fdx= $$, fdy=$$, FWHM=$$$ arcsec (at gfa_actions.py)
2025-03-18 13:44:39,330 [INFO] Guiding starts... (at gfa_actions.py)
2025-03-18 13:44:39,331 [INFO] Step #1: Grab an image (uncomment if needed). (at gfa_actions.py)
2025-03-18 13:44:39,331 [INFO] Step #2: Astrometry... (at gfa_actions.py)
2025-03-18 13:44:39,332 [INFO] Step #3: Calculating the offset... (at gfa_actions.py)
2025-03-18 13:44:39,332 [INFO] Starting guide star calibration process. (at gfa_actions.py)
2025-03-18 13:44:39,334 [INFO] Found 4 astrometry files and 4 processed files. (at gfa_actions.py)
2025-03-18 13:44:39,334 [INFO] Processing FITS: /media/shyunc/DATA/KSpec/KSPEC_ICS/GFA/Simul/kspec_gfa_controller/src/img/astroimg/astro_proc_KMTNge.20231211T102558.0001.fits & /media/shyunc/DATA/KSpec/KSPEC_ICS/GFA/Simul/kspec_gfa_controller/src/img/procimg/proc_KMTNge.20231211T102558.0001.fits (at gfa_actions.py)
2025-03-18 13:44:39,351 [INFO] Performing sigma clipping to derive background and stddev. (at gfa_actions.py)
2025-03-18 13:44:39,463 [INFO] Processing FITS: /media/shyunc/DATA/KSpec/KSPEC_ICS/GFA/Simul/kspec_gfa_controller/src/img/astroimg/astro_proc_KMTNgn.20231211T102558.0001.fits & /media/shyunc/DATA/KSpec/KSPEC_ICS/GFA/Simul/kspec_gfa_controller/src/img/procimg/proc_KMTNgn.20231211T102558.0001.fits (at gfa_actions.py)
2025-03-18 13:44:39,470 [INFO] Performing sigma clipping to derive background and stddev. (at gfa_actions.py)
2025-03-18 13:44:39,589 [INFO] Processing FITS: /media/shyunc/DATA/KSpec/KSPEC_ICS/GFA/Simul/kspec_gfa_controller/src/img/astroimg/astro_proc_KMTNgs.20231211T102558.0001.fits & /media/shyunc/DATA/KSpec/KSPEC_ICS/GFA/Simul/kspec_gfa_controller/src/img/procimg/proc_KMTNgs.20231211T102558.0001.fits (at gfa_actions.py)
2025-03-18 13:44:39,596 [INFO] Performing sigma clipping to derive background and stddev. (at gfa_actions.py)
2025-03-18 13:44:39,719 [INFO] Processing FITS: /media/shyunc/DATA/KSpec/KSPEC_ICS/GFA/Simul/kspec_gfa_controller/src/img/astroimg/astro_proc_KMTNgw.20231211T102558.0001.fits & /media/shyunc/DATA/KSpec/KSPEC_ICS/GFA/Simul/kspec_gfa_controller/src/img/procimg/proc_KMTNgw.20231211T102558.0001.fits (at gfa_actions.py)
2025-03-18 13:44:39,727 [INFO] Performing sigma clipping to derive background and stddev. (at gfa_actions.py)
2025-03-18 13:44:39,836 [WARNING] Offsets within critical threshold; returning 0, 0. (at gfa_actions.py)
2025-03-18 13:44:39,838 [INFO] FWHM: 1.81 arcsec (at gfa_actions.py)
2025-03-18 13:44:39,838 [INFO] Guide star calibration complete. Offsets => fdx=0.00000, fdy=0.00000, FWHM=1.80589 (at gfa_actions.py)
2025-03-18 13:44:39,838 [INFO] Offsets calculated: fdx= $$, fdy=$$, FWHM=$$$ arcsec (at gfa_actions.py)
2025-03-18 14:32:00,172 [INFO] Guiding starts... (at gfa_actions.py)
2025-03-18 14:32:00,172 [INFO] Step #1: Grab an image (uncomment if needed). (at gfa_actions.py)
2025-03-18 14:32:00,173 [INFO] Step #2: Astrometry... (at gfa_actions.py)
2025-03-18 14:32:00,173 [INFO] Step #3: Calculating the offset... (at gfa_actions.py)
2025-03-18 14:32:00,174 [INFO] Starting guide star calibration process. (at gfa_actions.py)
2025-03-18 14:32:00,175 [INFO] Found 4 astrometry files and 4 processed files. (at gfa_actions.py)
2025-03-18 14:32:00,175 [INFO] Processing FITS: /media/shyunc/DATA/KSpec/KSPEC_ICS/GFA/Simul/kspec_gfa_controller/src/img/astroimg/astro_proc_KMTNge.20231211T102558.0001.fits & /media/shyunc/DATA/KSpec/KSPEC_ICS/GFA/Simul/kspec_gfa_controller/src/img/procimg/proc_KMTNge.20231211T102558.0001.fits (at gfa_actions.py)
2025-03-18 14:32:00,184 [INFO] Performing sigma clipping to derive background and stddev. (at gfa_actions.py)
2025-03-18 14:32:00,296 [INFO] Processing FITS: /media/shyunc/DATA/KSpec/KSPEC_ICS/GFA/Simul/kspec_gfa_controller/src/img/astroimg/astro_proc_KMTNgn.20231211T102558.0001.fits & /media/shyunc/DATA/KSpec/KSPEC_ICS/GFA/Simul/kspec_gfa_controller/src/img/procimg/proc_KMTNgn.20231211T102558.0001.fits (at gfa_actions.py)
2025-03-18 14:32:00,303 [INFO] Performing sigma clipping to derive background and stddev. (at gfa_actions.py)
2025-03-18 14:32:00,420 [INFO] Processing FITS: /media/shyunc/DATA/KSpec/KSPEC_ICS/GFA/Simul/kspec_gfa_controller/src/img/astroimg/astro_proc_KMTNgs.20231211T102558.0001.fits & /media/shyunc/DATA/KSpec/KSPEC_ICS/GFA/Simul/kspec_gfa_controller/src/img/procimg/proc_KMTNgs.20231211T102558.0001.fits (at gfa_actions.py)
2025-03-18 14:32:00,426 [INFO] Performing sigma clipping to derive background and stddev. (at gfa_actions.py)
2025-03-18 14:32:00,547 [INFO] Processing FITS: /media/shyunc/DATA/KSpec/KSPEC_ICS/GFA/Simul/kspec_gfa_controller/src/img/astroimg/astro_proc_KMTNgw.20231211T102558.0001.fits & /media/shyunc/DATA/KSpec/KSPEC_ICS/GFA/Simul/kspec_gfa_controller/src/img/procimg/proc_KMTNgw.20231211T102558.0001.fits (at gfa_actions.py)
2025-03-18 14:32:00,554 [INFO] Performing sigma clipping to derive background and stddev. (at gfa_actions.py)
2025-03-18 14:32:00,660 [WARNING] Offsets within critical threshold; returning 0, 0. (at gfa_actions.py)
2025-03-18 14:32:00,662 [INFO] FWHM: 1.81 arcsec (at gfa_actions.py)
2025-03-18 14:32:00,662 [INFO] Guide star calibration complete. Offsets => fdx=0.00000, fdy=0.00000, FWHM=1.80589 (at gfa_actions.py)
2025-03-18 14:32:00,662 [INFO] Offsets calculated: fdx= $$, fdy=$$, FWHM=$$$ arcsec (at gfa_actions.py)
2025-03-18 14:33:00,692 [INFO] Guiding starts... (at gfa_actions.py)
2025-03-18 14:33:00,693 [INFO] Step #1: Grab an image (uncomment if needed). (at gfa_actions.py)
2025-03-18 14:33:00,693 [INFO] Step #2: Astrometry... (at gfa_actions.py)
2025-03-18 14:33:00,694 [INFO] Step #3: Calculating the offset... (at gfa_actions.py)
2025-03-18 14:33:00,694 [INFO] Starting guide star calibration process. (at gfa_actions.py)
2025-03-18 14:33:00,695 [INFO] Found 4 astrometry files and 4 processed files. (at gfa_actions.py)
2025-03-18 14:33:00,696 [INFO] Processing FITS: /media/shyunc/DATA/KSpec/KSPEC_ICS/GFA/Simul/kspec_gfa_controller/src/img/astroimg/astro_proc_KMTNge.20231211T102558.0001.fits & /media/shyunc/DATA/KSpec/KSPEC_ICS/GFA/Simul/kspec_gfa_controller/src/img/procimg/proc_KMTNge.20231211T102558.0001.fits (at gfa_actions.py)
2025-03-18 14:33:00,707 [INFO] Performing sigma clipping to derive background and stddev. (at gfa_actions.py)
2025-03-18 14:33:00,825 [INFO] Processing FITS: /media/shyunc/DATA/KSpec/KSPEC_ICS/GFA/Simul/kspec_gfa_controller/src/img/astroimg/astro_proc_KMTNgn.20231211T102558.0001.fits & /media/shyunc/DATA/KSpec/KSPEC_ICS/GFA/Simul/kspec_gfa_controller/src/img/procimg/proc_KMTNgn.20231211T102558.0001.fits (at gfa_actions.py)
2025-03-18 14:33:00,832 [INFO] Performing sigma clipping to derive background and stddev. (at gfa_actions.py)
2025-03-18 14:33:00,953 [INFO] Processing FITS: /media/shyunc/DATA/KSpec/KSPEC_ICS/GFA/Simul/kspec_gfa_controller/src/img/astroimg/astro_proc_KMTNgs.20231211T102558.0001.fits & /media/shyunc/DATA/KSpec/KSPEC_ICS/GFA/Simul/kspec_gfa_controller/src/img/procimg/proc_KMTNgs.20231211T102558.0001.fits (at gfa_actions.py)
2025-03-18 14:33:00,960 [INFO] Performing sigma clipping to derive background and stddev. (at gfa_actions.py)
2025-03-18 14:33:01,081 [INFO] Processing FITS: /media/shyunc/DATA/KSpec/KSPEC_ICS/GFA/Simul/kspec_gfa_controller/src/img/astroimg/astro_proc_KMTNgw.20231211T102558.0001.fits & /media/shyunc/DATA/KSpec/KSPEC_ICS/GFA/Simul/kspec_gfa_controller/src/img/procimg/proc_KMTNgw.20231211T102558.0001.fits (at gfa_actions.py)
2025-03-18 14:33:01,088 [INFO] Performing sigma clipping to derive background and stddev. (at gfa_actions.py)
2025-03-18 14:33:01,194 [WARNING] Offsets within critical threshold; returning 0, 0. (at gfa_actions.py)
2025-03-18 14:33:01,196 [INFO] FWHM: 1.81 arcsec (at gfa_actions.py)
2025-03-18 14:33:01,196 [INFO] Guide star calibration complete. Offsets => fdx=0.00000, fdy=0.00000, FWHM=1.80589 (at gfa_actions.py)
2025-03-18 14:33:01,196 [INFO] Offsets calculated: fdx= $$, fdy=$$, FWHM=$$$ arcsec (at gfa_actions.py)
2025-03-18 14:41:29,399 [INFO] Guiding starts... (at gfa_actions.py)
2025-03-18 14:41:29,400 [INFO] Step #1: Grab an image (uncomment if needed). (at gfa_actions.py)
2025-03-18 14:41:29,401 [INFO] Step #2: Astrometry... (at gfa_actions.py)
2025-03-18 14:41:29,401 [INFO] Step #3: Calculating the offset... (at gfa_actions.py)
2025-03-18 14:41:29,402 [INFO] Starting guide star calibration process. (at gfa_actions.py)
2025-03-18 14:41:29,405 [INFO] Found 4 astrometry files and 4 processed files. (at gfa_actions.py)
2025-03-18 14:41:29,405 [INFO] Processing FITS: /media/shyunc/DATA/KSpec/KSPEC_ICS/GFA/Simul/kspec_gfa_controller/src/img/astroimg/astro_proc_KMTNge.20231211T102558.0001.fits & /media/shyunc/DATA/KSpec/KSPEC_ICS/GFA/Simul/kspec_gfa_controller/src/img/procimg/proc_KMTNge.20231211T102558.0001.fits (at gfa_actions.py)
2025-03-18 14:41:29,415 [INFO] Performing sigma clipping to derive background and stddev. (at gfa_actions.py)
2025-03-18 14:41:29,527 [INFO] Processing FITS: /media/shyunc/DATA/KSpec/KSPEC_ICS/GFA/Simul/kspec_gfa_controller/src/img/astroimg/astro_proc_KMTNgn.20231211T102558.0001.fits & /media/shyunc/DATA/KSpec/KSPEC_ICS/GFA/Simul/kspec_gfa_controller/src/img/procimg/proc_KMTNgn.20231211T102558.0001.fits (at gfa_actions.py)
2025-03-18 14:41:29,534 [INFO] Performing sigma clipping to derive background and stddev. (at gfa_actions.py)
2025-03-18 14:41:29,652 [INFO] Processing FITS: /media/shyunc/DATA/KSpec/KSPEC_ICS/GFA/Simul/kspec_gfa_controller/src/img/astroimg/astro_proc_KMTNgs.20231211T102558.0001.fits & /media/shyunc/DATA/KSpec/KSPEC_ICS/GFA/Simul/kspec_gfa_controller/src/img/procimg/proc_KMTNgs.20231211T102558.0001.fits (at gfa_actions.py)
2025-03-18 14:41:29,659 [INFO] Performing sigma clipping to derive background and stddev. (at gfa_actions.py)
2025-03-18 14:41:29,780 [INFO] Processing FITS: /media/shyunc/DATA/KSpec/KSPEC_ICS/GFA/Simul/kspec_gfa_controller/src/img/astroimg/astro_proc_KMTNgw.20231211T102558.0001.fits & /media/shyunc/DATA/KSpec/KSPEC_ICS/GFA/Simul/kspec_gfa_controller/src/img/procimg/proc_KMTNgw.20231211T102558.0001.fits (at gfa_actions.py)
2025-03-18 14:41:29,787 [INFO] Performing sigma clipping to derive background and stddev. (at gfa_actions.py)
2025-03-18 14:41:29,893 [WARNING] Offsets within critical threshold; returning 0, 0. (at gfa_actions.py)
2025-03-18 14:41:29,895 [INFO] FWHM: 1.81 arcsec (at gfa_actions.py)
2025-03-18 14:41:29,895 [INFO] Guide star calibration complete. Offsets => fdx=0.00000, fdy=0.00000, FWHM=1.80589 (at gfa_actions.py)
2025-03-18 14:41:29,896 [INFO] Offsets calculated: fdx= $$, fdy=$$, FWHM=$$$ arcsec (at gfa_actions.py)
2025-03-18 14:42:29,913 [INFO] Guiding starts... (at gfa_actions.py)
2025-03-18 14:42:29,914 [INFO] Step #1: Grab an image (uncomment if needed). (at gfa_actions.py)
2025-03-18 14:42:29,915 [INFO] Step #2: Astrometry... (at gfa_actions.py)
2025-03-18 14:42:29,915 [INFO] Step #3: Calculating the offset... (at gfa_actions.py)
2025-03-18 14:42:29,916 [INFO] Starting guide star calibration process. (at gfa_actions.py)
2025-03-18 14:42:29,917 [INFO] Found 4 astrometry files and 4 processed files. (at gfa_actions.py)
2025-03-18 14:42:29,918 [INFO] Processing FITS: /media/shyunc/DATA/KSpec/KSPEC_ICS/GFA/Simul/kspec_gfa_controller/src/img/astroimg/astro_proc_KMTNge.20231211T102558.0001.fits & /media/shyunc/DATA/KSpec/KSPEC_ICS/GFA/Simul/kspec_gfa_controller/src/img/procimg/proc_KMTNge.20231211T102558.0001.fits (at gfa_actions.py)
2025-03-18 14:42:29,932 [INFO] Performing sigma clipping to derive background and stddev. (at gfa_actions.py)
2025-03-18 14:42:30,048 [INFO] Processing FITS: /media/shyunc/DATA/KSpec/KSPEC_ICS/GFA/Simul/kspec_gfa_controller/src/img/astroimg/astro_proc_KMTNgn.20231211T102558.0001.fits & /media/shyunc/DATA/KSpec/KSPEC_ICS/GFA/Simul/kspec_gfa_controller/src/img/procimg/proc_KMTNgn.20231211T102558.0001.fits (at gfa_actions.py)
2025-03-18 14:42:30,056 [INFO] Performing sigma clipping to derive background and stddev. (at gfa_actions.py)
2025-03-18 14:42:30,181 [INFO] Processing FITS: /media/shyunc/DATA/KSpec/KSPEC_ICS/GFA/Simul/kspec_gfa_controller/src/img/astroimg/astro_proc_KMTNgs.20231211T102558.0001.fits & /media/shyunc/DATA/KSpec/KSPEC_ICS/GFA/Simul/kspec_gfa_controller/src/img/procimg/proc_KMTNgs.20231211T102558.0001.fits (at gfa_actions.py)
2025-03-18 14:42:30,188 [INFO] Performing sigma clipping to derive background and stddev. (at gfa_actions.py)
2025-03-18 14:42:30,310 [INFO] Processing FITS: /media/shyunc/DATA/KSpec/KSPEC_ICS/GFA/Simul/kspec_gfa_controller/src/img/astroimg/astro_proc_KMTNgw.20231211T102558.0001.fits & /media/shyunc/DATA/KSpec/KSPEC_ICS/GFA/Simul/kspec_gfa_controller/src/img/procimg/proc_KMTNgw.20231211T102558.0001.fits (at gfa_actions.py)
2025-03-18 14:42:30,317 [INFO] Performing sigma clipping to derive background and stddev. (at gfa_actions.py)
2025-03-18 14:42:30,424 [WARNING] Offsets within critical threshold; returning 0, 0. (at gfa_actions.py)
2025-03-18 14:42:30,427 [INFO] FWHM: 1.81 arcsec (at gfa_actions.py)
2025-03-18 14:42:30,427 [INFO] Guide star calibration complete. Offsets => fdx=0.00000, fdy=0.00000, FWHM=1.80589 (at gfa_actions.py)
2025-03-18 14:42:30,427 [INFO] Offsets calculated: fdx= $$, fdy=$$, FWHM=$$$ arcsec (at gfa_actions.py)
2025-03-18 14:43:30,449 [INFO] Guiding starts... (at gfa_actions.py)
2025-03-18 14:43:30,450 [INFO] Step #1: Grab an image (uncomment if needed). (at gfa_actions.py)
2025-03-18 14:43:30,450 [INFO] Step #2: Astrometry... (at gfa_actions.py)
2025-03-18 14:43:30,451 [INFO] Step #3: Calculating the offset... (at gfa_actions.py)
2025-03-18 14:43:30,451 [INFO] Starting guide star calibration process. (at gfa_actions.py)
2025-03-18 14:43:30,453 [INFO] Found 4 astrometry files and 4 processed files. (at gfa_actions.py)
2025-03-18 14:43:30,453 [INFO] Processing FITS: /media/shyunc/DATA/KSpec/KSPEC_ICS/GFA/Simul/kspec_gfa_controller/src/img/astroimg/astro_proc_KMTNge.20231211T102558.0001.fits & /media/shyunc/DATA/KSpec/KSPEC_ICS/GFA/Simul/kspec_gfa_controller/src/img/procimg/proc_KMTNge.20231211T102558.0001.fits (at gfa_actions.py)
2025-03-18 14:43:30,462 [INFO] Performing sigma clipping to derive background and stddev. (at gfa_actions.py)
2025-03-18 14:43:30,576 [INFO] Processing FITS: /media/shyunc/DATA/KSpec/KSPEC_ICS/GFA/Simul/kspec_gfa_controller/src/img/astroimg/astro_proc_KMTNgn.20231211T102558.0001.fits & /media/shyunc/DATA/KSpec/KSPEC_ICS/GFA/Simul/kspec_gfa_controller/src/img/procimg/proc_KMTNgn.20231211T102558.0001.fits (at gfa_actions.py)
2025-03-18 14:43:30,583 [INFO] Performing sigma clipping to derive background and stddev. (at gfa_actions.py)
2025-03-18 14:43:30,701 [INFO] Processing FITS: /media/shyunc/DATA/KSpec/KSPEC_ICS/GFA/Simul/kspec_gfa_controller/src/img/astroimg/astro_proc_KMTNgs.20231211T102558.0001.fits & /media/shyunc/DATA/KSpec/KSPEC_ICS/GFA/Simul/kspec_gfa_controller/src/img/procimg/proc_KMTNgs.20231211T102558.0001.fits (at gfa_actions.py)
2025-03-18 14:43:30,708 [INFO] Performing sigma clipping to derive background and stddev. (at gfa_actions.py)
2025-03-18 14:43:30,828 [INFO] Processing FITS: /media/shyunc/DATA/KSpec/KSPEC_ICS/GFA/Simul/kspec_gfa_controller/src/img/astroimg/astro_proc_KMTNgw.20231211T102558.0001.fits & /media/shyunc/DATA/KSpec/KSPEC_ICS/GFA/Simul/kspec_gfa_controller/src/img/procimg/proc_KMTNgw.20231211T102558.0001.fits (at gfa_actions.py)
2025-03-18 14:43:30,835 [INFO] Performing sigma clipping to derive background and stddev. (at gfa_actions.py)
2025-03-18 14:43:30,940 [WARNING] Offsets within critical threshold; returning 0, 0. (at gfa_actions.py)
2025-03-18 14:43:30,943 [INFO] FWHM: 1.81 arcsec (at gfa_actions.py)
2025-03-18 14:43:30,943 [INFO] Guide star calibration complete. Offsets => fdx=0.00000, fdy=0.00000, FWHM=1.80589 (at gfa_actions.py)
2025-03-18 14:43:30,943 [INFO] Offsets calculated: fdx= $$, fdy=$$, FWHM=$$$ arcsec (at gfa_actions.py)
2025-03-18 15:06:41,936 [INFO] Guiding starts... (at gfa_actions.py)
2025-03-18 15:06:41,937 [INFO] Step #1: Grab an image (uncomment if needed). (at gfa_actions.py)
2025-03-18 15:06:41,937 [INFO] Step #2: Astrometry... (at gfa_actions.py)
2025-03-18 15:06:41,938 [INFO] Step #3: Calculating the offset... (at gfa_actions.py)
2025-03-18 15:06:41,938 [INFO] Starting guide star calibration process. (at gfa_actions.py)
2025-03-18 15:06:41,941 [INFO] Found 4 astrometry files and 4 processed files. (at gfa_actions.py)
2025-03-18 15:06:41,942 [INFO] Processing FITS: /media/shyunc/DATA/KSpec/KSPEC_ICS/GFA/Simul/kspec_gfa_controller/src/img/astroimg/astro_proc_KMTNge.20231211T102558.0001.fits & /media/shyunc/DATA/KSpec/KSPEC_ICS/GFA/Simul/kspec_gfa_controller/src/img/procimg/proc_KMTNge.20231211T102558.0001.fits (at gfa_actions.py)
2025-03-18 15:06:41,953 [INFO] Performing sigma clipping to derive background and stddev. (at gfa_actions.py)
2025-03-18 15:06:42,065 [INFO] Processing FITS: /media/shyunc/DATA/KSpec/KSPEC_ICS/GFA/Simul/kspec_gfa_controller/src/img/astroimg/astro_proc_KMTNgn.20231211T102558.0001.fits & /media/shyunc/DATA/KSpec/KSPEC_ICS/GFA/Simul/kspec_gfa_controller/src/img/procimg/proc_KMTNgn.20231211T102558.0001.fits (at gfa_actions.py)
2025-03-18 15:06:42,072 [INFO] Performing sigma clipping to derive background and stddev. (at gfa_actions.py)
2025-03-18 15:06:42,189 [INFO] Processing FITS: /media/shyunc/DATA/KSpec/KSPEC_ICS/GFA/Simul/kspec_gfa_controller/src/img/astroimg/astro_proc_KMTNgs.20231211T102558.0001.fits & /media/shyunc/DATA/KSpec/KSPEC_ICS/GFA/Simul/kspec_gfa_controller/src/img/procimg/proc_KMTNgs.20231211T102558.0001.fits (at gfa_actions.py)
2025-03-18 15:06:42,196 [INFO] Performing sigma clipping to derive background and stddev. (at gfa_actions.py)
2025-03-18 15:06:42,318 [INFO] Processing FITS: /media/shyunc/DATA/KSpec/KSPEC_ICS/GFA/Simul/kspec_gfa_controller/src/img/astroimg/astro_proc_KMTNgw.20231211T102558.0001.fits & /media/shyunc/DATA/KSpec/KSPEC_ICS/GFA/Simul/kspec_gfa_controller/src/img/procimg/proc_KMTNgw.20231211T102558.0001.fits (at gfa_actions.py)
2025-03-18 15:06:42,325 [INFO] Performing sigma clipping to derive background and stddev. (at gfa_actions.py)
2025-03-18 15:06:42,432 [WARNING] Offsets within critical threshold; returning 0, 0. (at gfa_actions.py)
2025-03-18 15:06:42,434 [INFO] FWHM: 1.81 arcsec (at gfa_actions.py)
2025-03-18 15:06:42,434 [INFO] Guide star calibration complete. Offsets => fdx=0.00000, fdy=0.00000, FWHM=1.80589 (at gfa_actions.py)
2025-03-18 15:06:42,434 [INFO] Offsets calculated: fdx= $$, fdy=$$, FWHM=$$$ arcsec (at gfa_actions.py)
2025-03-18 15:12:37,570 [INFO] Guiding starts... (at gfa_actions.py)
2025-03-18 15:12:37,571 [INFO] Step #1: Grab an image (uncomment if needed). (at gfa_actions.py)
2025-03-18 15:12:37,571 [INFO] Step #2: Astrometry... (at gfa_actions.py)
2025-03-18 15:12:37,572 [INFO] Step #3: Calculating the offset... (at gfa_actions.py)
2025-03-18 15:12:37,572 [INFO] Starting guide star calibration process. (at gfa_actions.py)
2025-03-18 15:12:37,575 [INFO] Found 4 astrometry files and 4 processed files. (at gfa_actions.py)
2025-03-18 15:12:37,575 [INFO] Processing FITS: /media/shyunc/DATA/KSpec/KSPEC_ICS/GFA/Simul/kspec_gfa_controller/src/img/astroimg/astro_proc_KMTNge.20231211T102558.0001.fits & /media/shyunc/DATA/KSpec/KSPEC_ICS/GFA/Simul/kspec_gfa_controller/src/img/procimg/proc_KMTNge.20231211T102558.0001.fits (at gfa_actions.py)
2025-03-18 15:12:37,583 [INFO] Performing sigma clipping to derive background and stddev. (at gfa_actions.py)
2025-03-18 15:12:37,696 [INFO] Processing FITS: /media/shyunc/DATA/KSpec/KSPEC_ICS/GFA/Simul/kspec_gfa_controller/src/img/astroimg/astro_proc_KMTNgn.20231211T102558.0001.fits & /media/shyunc/DATA/KSpec/KSPEC_ICS/GFA/Simul/kspec_gfa_controller/src/img/procimg/proc_KMTNgn.20231211T102558.0001.fits (at gfa_actions.py)
2025-03-18 15:12:37,703 [INFO] Performing sigma clipping to derive background and stddev. (at gfa_actions.py)
2025-03-18 15:12:37,820 [INFO] Processing FITS: /media/shyunc/DATA/KSpec/KSPEC_ICS/GFA/Simul/kspec_gfa_controller/src/img/astroimg/astro_proc_KMTNgs.20231211T102558.0001.fits & /media/shyunc/DATA/KSpec/KSPEC_ICS/GFA/Simul/kspec_gfa_controller/src/img/procimg/proc_KMTNgs.20231211T102558.0001.fits (at gfa_actions.py)
2025-03-18 15:12:37,827 [INFO] Performing sigma clipping to derive background and stddev. (at gfa_actions.py)
2025-03-18 15:12:37,947 [INFO] Processing FITS: /media/shyunc/DATA/KSpec/KSPEC_ICS/GFA/Simul/kspec_gfa_controller/src/img/astroimg/astro_proc_KMTNgw.20231211T102558.0001.fits & /media/shyunc/DATA/KSpec/KSPEC_ICS/GFA/Simul/kspec_gfa_controller/src/img/procimg/proc_KMTNgw.20231211T102558.0001.fits (at gfa_actions.py)
2025-03-18 15:12:37,954 [INFO] Performing sigma clipping to derive background and stddev. (at gfa_actions.py)
2025-03-18 15:12:38,061 [WARNING] Offsets within critical threshold; returning 0, 0. (at gfa_actions.py)
2025-03-18 15:12:38,063 [INFO] FWHM: 1.81 arcsec (at gfa_actions.py)
2025-03-18 15:12:38,063 [INFO] Guide star calibration complete. Offsets => fdx=0.00000, fdy=0.00000, FWHM=1.80589 (at gfa_actions.py)
2025-03-18 15:12:38,064 [INFO] Offsets calculated: fdx= $$, fdy=$$, FWHM=$$$ arcsec (at gfa_actions.py)
2025-03-18 15:13:38,070 [INFO] Guiding starts... (at gfa_actions.py)
2025-03-18 15:13:38,070 [INFO] Step #1: Grab an image (uncomment if needed). (at gfa_actions.py)
2025-03-18 15:13:38,070 [INFO] Step #2: Astrometry... (at gfa_actions.py)
2025-03-18 15:13:38,071 [INFO] Step #3: Calculating the offset... (at gfa_actions.py)
2025-03-18 15:13:38,071 [INFO] Starting guide star calibration process. (at gfa_actions.py)
2025-03-18 15:13:38,071 [INFO] Found 4 astrometry files and 4 processed files. (at gfa_actions.py)
2025-03-18 15:13:38,071 [INFO] Processing FITS: /media/shyunc/DATA/KSpec/KSPEC_ICS/GFA/Simul/kspec_gfa_controller/src/img/astroimg/astro_proc_KMTNge.20231211T102558.0001.fits & /media/shyunc/DATA/KSpec/KSPEC_ICS/GFA/Simul/kspec_gfa_controller/src/img/procimg/proc_KMTNge.20231211T102558.0001.fits (at gfa_actions.py)
2025-03-18 15:13:38,079 [INFO] Performing sigma clipping to derive background and stddev. (at gfa_actions.py)
2025-03-18 15:13:38,187 [INFO] Processing FITS: /media/shyunc/DATA/KSpec/KSPEC_ICS/GFA/Simul/kspec_gfa_controller/src/img/astroimg/astro_proc_KMTNgn.20231211T102558.0001.fits & /media/shyunc/DATA/KSpec/KSPEC_ICS/GFA/Simul/kspec_gfa_controller/src/img/procimg/proc_KMTNgn.20231211T102558.0001.fits (at gfa_actions.py)
2025-03-18 15:13:38,195 [INFO] Performing sigma clipping to derive background and stddev. (at gfa_actions.py)
2025-03-18 15:13:38,317 [INFO] Processing FITS: /media/shyunc/DATA/KSpec/KSPEC_ICS/GFA/Simul/kspec_gfa_controller/src/img/astroimg/astro_proc_KMTNgs.20231211T102558.0001.fits & /media/shyunc/DATA/KSpec/KSPEC_ICS/GFA/Simul/kspec_gfa_controller/src/img/procimg/proc_KMTNgs.20231211T102558.0001.fits (at gfa_actions.py)
2025-03-18 15:13:38,324 [INFO] Performing sigma clipping to derive background and stddev. (at gfa_actions.py)
2025-03-18 15:13:38,450 [INFO] Processing FITS: /media/shyunc/DATA/KSpec/KSPEC_ICS/GFA/Simul/kspec_gfa_controller/src/img/astroimg/astro_proc_KMTNgw.20231211T102558.0001.fits & /media/shyunc/DATA/KSpec/KSPEC_ICS/GFA/Simul/kspec_gfa_controller/src/img/procimg/proc_KMTNgw.20231211T102558.0001.fits (at gfa_actions.py)
2025-03-18 15:13:38,457 [INFO] Performing sigma clipping to derive background and stddev. (at gfa_actions.py)
2025-03-18 15:13:38,563 [WARNING] Offsets within critical threshold; returning 0, 0. (at gfa_actions.py)
2025-03-18 15:13:38,565 [INFO] FWHM: 1.81 arcsec (at gfa_actions.py)
2025-03-18 15:13:38,565 [INFO] Guide star calibration complete. Offsets => fdx=0.00000, fdy=0.00000, FWHM=1.80589 (at gfa_actions.py)
2025-03-18 15:13:38,565 [INFO] Offsets calculated: fdx= $$, fdy=$$, FWHM=$$$ arcsec (at gfa_actions.py)
2025-03-18 15:14:38,572 [INFO] Guiding starts... (at gfa_actions.py)
2025-03-18 15:14:38,573 [INFO] Step #1: Grab an image (uncomment if needed). (at gfa_actions.py)
2025-03-18 15:14:38,574 [INFO] Step #2: Astrometry... (at gfa_actions.py)
2025-03-18 15:14:38,574 [INFO] Step #3: Calculating the offset... (at gfa_actions.py)
2025-03-18 15:14:38,574 [INFO] Starting guide star calibration process. (at gfa_actions.py)
2025-03-18 15:14:38,576 [INFO] Found 4 astrometry files and 4 processed files. (at gfa_actions.py)
2025-03-18 15:14:38,576 [INFO] Processing FITS: /media/shyunc/DATA/KSpec/KSPEC_ICS/GFA/Simul/kspec_gfa_controller/src/img/astroimg/astro_proc_KMTNge.20231211T102558.0001.fits & /media/shyunc/DATA/KSpec/KSPEC_ICS/GFA/Simul/kspec_gfa_controller/src/img/procimg/proc_KMTNge.20231211T102558.0001.fits (at gfa_actions.py)
2025-03-18 15:14:38,588 [INFO] Performing sigma clipping to derive background and stddev. (at gfa_actions.py)
2025-03-18 15:14:38,702 [INFO] Processing FITS: /media/shyunc/DATA/KSpec/KSPEC_ICS/GFA/Simul/kspec_gfa_controller/src/img/astroimg/astro_proc_KMTNgn.20231211T102558.0001.fits & /media/shyunc/DATA/KSpec/KSPEC_ICS/GFA/Simul/kspec_gfa_controller/src/img/procimg/proc_KMTNgn.20231211T102558.0001.fits (at gfa_actions.py)
2025-03-18 15:14:38,709 [INFO] Performing sigma clipping to derive background and stddev. (at gfa_actions.py)
2025-03-18 15:14:38,835 [INFO] Processing FITS: /media/shyunc/DATA/KSpec/KSPEC_ICS/GFA/Simul/kspec_gfa_controller/src/img/astroimg/astro_proc_KMTNgs.20231211T102558.0001.fits & /media/shyunc/DATA/KSpec/KSPEC_ICS/GFA/Simul/kspec_gfa_controller/src/img/procimg/proc_KMTNgs.20231211T102558.0001.fits (at gfa_actions.py)
2025-03-18 15:14:38,842 [INFO] Performing sigma clipping to derive background and stddev. (at gfa_actions.py)
2025-03-18 15:14:38,968 [INFO] Processing FITS: /media/shyunc/DATA/KSpec/KSPEC_ICS/GFA/Simul/kspec_gfa_controller/src/img/astroimg/astro_proc_KMTNgw.20231211T102558.0001.fits & /media/shyunc/DATA/KSpec/KSPEC_ICS/GFA/Simul/kspec_gfa_controller/src/img/procimg/proc_KMTNgw.20231211T102558.0001.fits (at gfa_actions.py)
2025-03-18 15:14:38,976 [INFO] Performing sigma clipping to derive background and stddev. (at gfa_actions.py)
2025-03-18 15:14:39,088 [WARNING] Offsets within critical threshold; returning 0, 0. (at gfa_actions.py)
2025-03-18 15:14:39,090 [INFO] FWHM: 1.81 arcsec (at gfa_actions.py)
2025-03-18 15:14:39,090 [INFO] Guide star calibration complete. Offsets => fdx=0.00000, fdy=0.00000, FWHM=1.80589 (at gfa_actions.py)
2025-03-18 15:14:39,090 [INFO] Offsets calculated: fdx= $$, fdy=$$, FWHM=$$$ arcsec (at gfa_actions.py)
2025-03-18 15:15:39,098 [INFO] Guiding starts... (at gfa_actions.py)
2025-03-18 15:15:39,098 [INFO] Step #1: Grab an image (uncomment if needed). (at gfa_actions.py)
2025-03-18 15:15:39,099 [INFO] Step #2: Astrometry... (at gfa_actions.py)
2025-03-18 15:15:39,099 [INFO] Step #3: Calculating the offset... (at gfa_actions.py)
2025-03-18 15:15:39,099 [INFO] Starting guide star calibration process. (at gfa_actions.py)
2025-03-18 15:15:39,099 [INFO] Found 4 astrometry files and 4 processed files. (at gfa_actions.py)
2025-03-18 15:15:39,099 [INFO] Processing FITS: /media/shyunc/DATA/KSpec/KSPEC_ICS/GFA/Simul/kspec_gfa_controller/src/img/astroimg/astro_proc_KMTNge.20231211T102558.0001.fits & /media/shyunc/DATA/KSpec/KSPEC_ICS/GFA/Simul/kspec_gfa_controller/src/img/procimg/proc_KMTNge.20231211T102558.0001.fits (at gfa_actions.py)
2025-03-18 15:15:39,107 [INFO] Performing sigma clipping to derive background and stddev. (at gfa_actions.py)
2025-03-18 15:15:39,222 [INFO] Processing FITS: /media/shyunc/DATA/KSpec/KSPEC_ICS/GFA/Simul/kspec_gfa_controller/src/img/astroimg/astro_proc_KMTNgn.20231211T102558.0001.fits & /media/shyunc/DATA/KSpec/KSPEC_ICS/GFA/Simul/kspec_gfa_controller/src/img/procimg/proc_KMTNgn.20231211T102558.0001.fits (at gfa_actions.py)
2025-03-18 15:15:39,229 [INFO] Performing sigma clipping to derive background and stddev. (at gfa_actions.py)
2025-03-18 15:15:39,347 [INFO] Processing FITS: /media/shyunc/DATA/KSpec/KSPEC_ICS/GFA/Simul/kspec_gfa_controller/src/img/astroimg/astro_proc_KMTNgs.20231211T102558.0001.fits & /media/shyunc/DATA/KSpec/KSPEC_ICS/GFA/Simul/kspec_gfa_controller/src/img/procimg/proc_KMTNgs.20231211T102558.0001.fits (at gfa_actions.py)
2025-03-18 15:15:39,354 [INFO] Performing sigma clipping to derive background and stddev. (at gfa_actions.py)
2025-03-18 15:15:39,474 [INFO] Processing FITS: /media/shyunc/DATA/KSpec/KSPEC_ICS/GFA/Simul/kspec_gfa_controller/src/img/astroimg/astro_proc_KMTNgw.20231211T102558.0001.fits & /media/shyunc/DATA/KSpec/KSPEC_ICS/GFA/Simul/kspec_gfa_controller/src/img/procimg/proc_KMTNgw.20231211T102558.0001.fits (at gfa_actions.py)
2025-03-18 15:15:39,482 [INFO] Performing sigma clipping to derive background and stddev. (at gfa_actions.py)
2025-03-18 15:15:39,588 [WARNING] Offsets within critical threshold; returning 0, 0. (at gfa_actions.py)
2025-03-18 15:15:39,590 [INFO] FWHM: 1.81 arcsec (at gfa_actions.py)
2025-03-18 15:15:39,590 [INFO] Guide star calibration complete. Offsets => fdx=0.00000, fdy=0.00000, FWHM=1.80589 (at gfa_actions.py)
2025-03-18 15:15:39,590 [INFO] Offsets calculated: fdx= $$, fdy=$$, FWHM=$$$ arcsec (at gfa_actions.py)
2025-03-18 15:27:27,690 [INFO] Guiding starts... (at gfa_actions.py)
2025-03-18 15:27:27,691 [INFO] Step #1: Grab an image (uncomment if needed). (at gfa_actions.py)
2025-03-18 15:27:27,692 [INFO] Step #2: Astrometry... (at gfa_actions.py)
2025-03-18 15:27:27,692 [INFO] Step #3: Calculating the offset... (at gfa_actions.py)
2025-03-18 15:27:27,693 [INFO] Starting guide star calibration process. (at gfa_actions.py)
2025-03-18 15:27:27,695 [INFO] Found 4 astrometry files and 4 processed files. (at gfa_actions.py)
2025-03-18 15:27:27,696 [INFO] Processing FITS: /media/shyunc/DATA/KSpec/KSPEC_ICS/GFA/Simul/kspec_gfa_controller/src/img/astroimg/astro_proc_KMTNge.20231211T102558.0001.fits & /media/shyunc/DATA/KSpec/KSPEC_ICS/GFA/Simul/kspec_gfa_controller/src/img/procimg/proc_KMTNge.20231211T102558.0001.fits (at gfa_actions.py)
2025-03-18 15:27:27,704 [INFO] Performing sigma clipping to derive background and stddev. (at gfa_actions.py)
2025-03-18 15:27:27,816 [INFO] Processing FITS: /media/shyunc/DATA/KSpec/KSPEC_ICS/GFA/Simul/kspec_gfa_controller/src/img/astroimg/astro_proc_KMTNgn.20231211T102558.0001.fits & /media/shyunc/DATA/KSpec/KSPEC_ICS/GFA/Simul/kspec_gfa_controller/src/img/procimg/proc_KMTNgn.20231211T102558.0001.fits (at gfa_actions.py)
2025-03-18 15:27:27,823 [INFO] Performing sigma clipping to derive background and stddev. (at gfa_actions.py)
2025-03-18 15:27:27,940 [INFO] Processing FITS: /media/shyunc/DATA/KSpec/KSPEC_ICS/GFA/Simul/kspec_gfa_controller/src/img/astroimg/astro_proc_KMTNgs.20231211T102558.0001.fits & /media/shyunc/DATA/KSpec/KSPEC_ICS/GFA/Simul/kspec_gfa_controller/src/img/procimg/proc_KMTNgs.20231211T102558.0001.fits (at gfa_actions.py)
2025-03-18 15:27:27,947 [INFO] Performing sigma clipping to derive background and stddev. (at gfa_actions.py)
2025-03-18 15:27:28,068 [INFO] Processing FITS: /media/shyunc/DATA/KSpec/KSPEC_ICS/GFA/Simul/kspec_gfa_controller/src/img/astroimg/astro_proc_KMTNgw.20231211T102558.0001.fits & /media/shyunc/DATA/KSpec/KSPEC_ICS/GFA/Simul/kspec_gfa_controller/src/img/procimg/proc_KMTNgw.20231211T102558.0001.fits (at gfa_actions.py)
2025-03-18 15:27:28,075 [INFO] Performing sigma clipping to derive background and stddev. (at gfa_actions.py)
2025-03-18 15:27:28,181 [WARNING] Offsets within critical threshold; returning 0, 0. (at gfa_actions.py)
2025-03-18 15:27:28,183 [INFO] FWHM: 1.81 arcsec (at gfa_actions.py)
2025-03-18 15:27:28,183 [INFO] Guide star calibration complete. Offsets => fdx=0.00000, fdy=0.00000, FWHM=1.80589 (at gfa_actions.py)
2025-03-18 15:27:28,183 [INFO] Offsets calculated: fdx= $$, fdy=$$, FWHM=$$$ arcsec (at gfa_actions.py)
2025-03-18 15:28:28,211 [INFO] Guiding starts... (at gfa_actions.py)
2025-03-18 15:28:28,212 [INFO] Step #1: Grab an image (uncomment if needed). (at gfa_actions.py)
2025-03-18 15:28:28,213 [INFO] Step #2: Astrometry... (at gfa_actions.py)
2025-03-18 15:28:28,213 [INFO] Step #3: Calculating the offset... (at gfa_actions.py)
2025-03-18 15:28:28,214 [INFO] Starting guide star calibration process. (at gfa_actions.py)
2025-03-18 15:28:28,215 [INFO] Found 4 astrometry files and 4 processed files. (at gfa_actions.py)
2025-03-18 15:28:28,215 [INFO] Processing FITS: /media/shyunc/DATA/KSpec/KSPEC_ICS/GFA/Simul/kspec_gfa_controller/src/img/astroimg/astro_proc_KMTNge.20231211T102558.0001.fits & /media/shyunc/DATA/KSpec/KSPEC_ICS/GFA/Simul/kspec_gfa_controller/src/img/procimg/proc_KMTNge.20231211T102558.0001.fits (at gfa_actions.py)
2025-03-18 15:28:28,224 [INFO] Performing sigma clipping to derive background and stddev. (at gfa_actions.py)
2025-03-18 15:28:28,332 [INFO] Processing FITS: /media/shyunc/DATA/KSpec/KSPEC_ICS/GFA/Simul/kspec_gfa_controller/src/img/astroimg/astro_proc_KMTNgn.20231211T102558.0001.fits & /media/shyunc/DATA/KSpec/KSPEC_ICS/GFA/Simul/kspec_gfa_controller/src/img/procimg/proc_KMTNgn.20231211T102558.0001.fits (at gfa_actions.py)
2025-03-18 15:28:28,339 [INFO] Performing sigma clipping to derive background and stddev. (at gfa_actions.py)
2025-03-18 15:28:28,456 [INFO] Processing FITS: /media/shyunc/DATA/KSpec/KSPEC_ICS/GFA/Simul/kspec_gfa_controller/src/img/astroimg/astro_proc_KMTNgs.20231211T102558.0001.fits & /media/shyunc/DATA/KSpec/KSPEC_ICS/GFA/Simul/kspec_gfa_controller/src/img/procimg/proc_KMTNgs.20231211T102558.0001.fits (at gfa_actions.py)
2025-03-18 15:28:28,462 [INFO] Performing sigma clipping to derive background and stddev. (at gfa_actions.py)
2025-03-18 15:28:28,582 [INFO] Processing FITS: /media/shyunc/DATA/KSpec/KSPEC_ICS/GFA/Simul/kspec_gfa_controller/src/img/astroimg/astro_proc_KMTNgw.20231211T102558.0001.fits & /media/shyunc/DATA/KSpec/KSPEC_ICS/GFA/Simul/kspec_gfa_controller/src/img/procimg/proc_KMTNgw.20231211T102558.0001.fits (at gfa_actions.py)
2025-03-18 15:28:28,589 [INFO] Performing sigma clipping to derive background and stddev. (at gfa_actions.py)
2025-03-18 15:28:28,695 [WARNING] Offsets within critical threshold; returning 0, 0. (at gfa_actions.py)
2025-03-18 15:28:28,697 [INFO] FWHM: 1.81 arcsec (at gfa_actions.py)
2025-03-18 15:28:28,697 [INFO] Guide star calibration complete. Offsets => fdx=0.00000, fdy=0.00000, FWHM=1.80589 (at gfa_actions.py)
2025-03-18 15:28:28,697 [INFO] Offsets calculated: fdx= $$, fdy=$$, FWHM=$$$ arcsec (at gfa_actions.py)
2025-03-18 15:29:28,724 [INFO] Guiding starts... (at gfa_actions.py)
2025-03-18 15:29:28,725 [INFO] Step #1: Grab an image (uncomment if needed). (at gfa_actions.py)
2025-03-18 15:29:28,726 [INFO] Step #2: Astrometry... (at gfa_actions.py)
2025-03-18 15:29:28,726 [INFO] Step #3: Calculating the offset... (at gfa_actions.py)
2025-03-18 15:29:28,727 [INFO] Starting guide star calibration process. (at gfa_actions.py)
2025-03-18 15:29:28,729 [INFO] Found 4 astrometry files and 4 processed files. (at gfa_actions.py)
2025-03-18 15:29:28,730 [INFO] Processing FITS: /media/shyunc/DATA/KSpec/KSPEC_ICS/GFA/Simul/kspec_gfa_controller/src/img/astroimg/astro_proc_KMTNge.20231211T102558.0001.fits & /media/shyunc/DATA/KSpec/KSPEC_ICS/GFA/Simul/kspec_gfa_controller/src/img/procimg/proc_KMTNge.20231211T102558.0001.fits (at gfa_actions.py)
2025-03-18 15:29:28,755 [INFO] Performing sigma clipping to derive background and stddev. (at gfa_actions.py)
2025-03-18 15:29:28,867 [INFO] Processing FITS: /media/shyunc/DATA/KSpec/KSPEC_ICS/GFA/Simul/kspec_gfa_controller/src/img/astroimg/astro_proc_KMTNgn.20231211T102558.0001.fits & /media/shyunc/DATA/KSpec/KSPEC_ICS/GFA/Simul/kspec_gfa_controller/src/img/procimg/proc_KMTNgn.20231211T102558.0001.fits (at gfa_actions.py)
2025-03-18 15:29:28,874 [INFO] Performing sigma clipping to derive background and stddev. (at gfa_actions.py)
2025-03-18 15:29:28,992 [INFO] Processing FITS: /media/shyunc/DATA/KSpec/KSPEC_ICS/GFA/Simul/kspec_gfa_controller/src/img/astroimg/astro_proc_KMTNgs.20231211T102558.0001.fits & /media/shyunc/DATA/KSpec/KSPEC_ICS/GFA/Simul/kspec_gfa_controller/src/img/procimg/proc_KMTNgs.20231211T102558.0001.fits (at gfa_actions.py)
2025-03-18 15:29:28,998 [INFO] Performing sigma clipping to derive background and stddev. (at gfa_actions.py)
2025-03-18 15:29:29,119 [INFO] Processing FITS: /media/shyunc/DATA/KSpec/KSPEC_ICS/GFA/Simul/kspec_gfa_controller/src/img/astroimg/astro_proc_KMTNgw.20231211T102558.0001.fits & /media/shyunc/DATA/KSpec/KSPEC_ICS/GFA/Simul/kspec_gfa_controller/src/img/procimg/proc_KMTNgw.20231211T102558.0001.fits (at gfa_actions.py)
2025-03-18 15:29:29,126 [INFO] Performing sigma clipping to derive background and stddev. (at gfa_actions.py)
2025-03-18 15:29:29,231 [WARNING] Offsets within critical threshold; returning 0, 0. (at gfa_actions.py)
2025-03-18 15:29:29,234 [INFO] FWHM: 1.81 arcsec (at gfa_actions.py)
2025-03-18 15:29:29,234 [INFO] Guide star calibration complete. Offsets => fdx=0.00000, fdy=0.00000, FWHM=1.80589 (at gfa_actions.py)
2025-03-18 15:29:29,234 [INFO] Offsets calculated: fdx= $$, fdy=$$, FWHM=$$$ arcsec (at gfa_actions.py)
2025-03-18 15:30:29,261 [INFO] Guiding starts... (at gfa_actions.py)
2025-03-18 15:30:29,262 [INFO] Step #1: Grab an image (uncomment if needed). (at gfa_actions.py)
2025-03-18 15:30:29,263 [INFO] Step #2: Astrometry... (at gfa_actions.py)
2025-03-18 15:30:29,263 [INFO] Step #3: Calculating the offset... (at gfa_actions.py)
2025-03-18 15:30:29,263 [INFO] Starting guide star calibration process. (at gfa_actions.py)
2025-03-18 15:30:29,265 [INFO] Found 4 astrometry files and 4 processed files. (at gfa_actions.py)
2025-03-18 15:30:29,265 [INFO] Processing FITS: /media/shyunc/DATA/KSpec/KSPEC_ICS/GFA/Simul/kspec_gfa_controller/src/img/astroimg/astro_proc_KMTNge.20231211T102558.0001.fits & /media/shyunc/DATA/KSpec/KSPEC_ICS/GFA/Simul/kspec_gfa_controller/src/img/procimg/proc_KMTNge.20231211T102558.0001.fits (at gfa_actions.py)
2025-03-18 15:30:29,281 [INFO] Performing sigma clipping to derive background and stddev. (at gfa_actions.py)
2025-03-18 15:30:29,400 [INFO] Processing FITS: /media/shyunc/DATA/KSpec/KSPEC_ICS/GFA/Simul/kspec_gfa_controller/src/img/astroimg/astro_proc_KMTNgn.20231211T102558.0001.fits & /media/shyunc/DATA/KSpec/KSPEC_ICS/GFA/Simul/kspec_gfa_controller/src/img/procimg/proc_KMTNgn.20231211T102558.0001.fits (at gfa_actions.py)
2025-03-18 15:30:29,407 [INFO] Performing sigma clipping to derive background and stddev. (at gfa_actions.py)
2025-03-18 15:30:29,525 [INFO] Processing FITS: /media/shyunc/DATA/KSpec/KSPEC_ICS/GFA/Simul/kspec_gfa_controller/src/img/astroimg/astro_proc_KMTNgs.20231211T102558.0001.fits & /media/shyunc/DATA/KSpec/KSPEC_ICS/GFA/Simul/kspec_gfa_controller/src/img/procimg/proc_KMTNgs.20231211T102558.0001.fits (at gfa_actions.py)
2025-03-18 15:30:29,531 [INFO] Performing sigma clipping to derive background and stddev. (at gfa_actions.py)
2025-03-18 15:30:29,657 [INFO] Processing FITS: /media/shyunc/DATA/KSpec/KSPEC_ICS/GFA/Simul/kspec_gfa_controller/src/img/astroimg/astro_proc_KMTNgw.20231211T102558.0001.fits & /media/shyunc/DATA/KSpec/KSPEC_ICS/GFA/Simul/kspec_gfa_controller/src/img/procimg/proc_KMTNgw.20231211T102558.0001.fits (at gfa_actions.py)
2025-03-18 15:30:29,664 [INFO] Performing sigma clipping to derive background and stddev. (at gfa_actions.py)
2025-03-18 15:30:29,769 [WARNING] Offsets within critical threshold; returning 0, 0. (at gfa_actions.py)
2025-03-18 15:30:29,772 [INFO] FWHM: 1.81 arcsec (at gfa_actions.py)
2025-03-18 15:30:29,772 [INFO] Guide star calibration complete. Offsets => fdx=0.00000, fdy=0.00000, FWHM=1.80589 (at gfa_actions.py)
2025-03-18 15:30:29,772 [INFO] Offsets calculated: fdx= $$, fdy=$$, FWHM=$$$ arcsec (at gfa_actions.py)
