2025-03-10 09:41:16,216 [INFO] Configuration file found: /media/shyunc/DATA/KSpec/KSPEC_ICS/GFA/Simul/kspec_gfa_controller/src/etc/cams.json (at gfa_actions.py)
2025-03-10 09:41:16,216 [INFO] Configuration file found: /media/shyunc/DATA/KSpec/KSPEC_ICS/GFA/Simul/kspec_gfa_controller/src/etc/astrometry_params.json (at gfa_actions.py)
2025-03-10 09:41:16,216 [INFO] Initializing gfa_astrometry class. (at gfa_actions.py)
2025-03-10 09:41:16,217 [INFO] Loaded 4 FITS files. (at gfa_actions.py)
2025-03-10 09:41:16,217 [INFO] Initializing GFAGuider... (at gfa_actions.py)
2025-03-10 09:41:16,217 [INFO] GFAGuider setup complete. (at gfa_actions.py)
2025-03-10 10:24:38,659 [INFO] Guiding starts... (at gfa_actions.py)
2025-03-10 10:24:38,660 [INFO] Step #1: Grab an image (uncomment if needed). (at gfa_actions.py)
2025-03-10 10:24:38,660 [INFO] Step #2: Astrometry... (at gfa_actions.py)
2025-03-10 10:24:38,661 [INFO] Step #3: Calculating the offset... (at gfa_actions.py)
2025-03-10 10:24:38,661 [INFO] Starting guide star calibration process. (at gfa_actions.py)
2025-03-10 10:24:38,663 [INFO] Found 4 astrometry files and 4 processed files. (at gfa_actions.py)
2025-03-10 10:24:38,663 [INFO] Processing FITS: /media/shyunc/DATA/KSpec/KSPEC_ICS/GFA/Simul/kspec_gfa_controller/src/img/astroimg/astro_proc_KMTNge.20231211T102558.0001.fits & /media/shyunc/DATA/KSpec/KSPEC_ICS/GFA/Simul/kspec_gfa_controller/src/img/procimg/proc_KMTNge.20231211T102558.0001.fits (at gfa_actions.py)
2025-03-10 10:24:38,672 [INFO] Performing sigma clipping to derive background and stddev. (at gfa_actions.py)
2025-03-10 10:24:38,830 [INFO] Processing FITS: /media/shyunc/DATA/KSpec/KSPEC_ICS/GFA/Simul/kspec_gfa_controller/src/img/astroimg/astro_proc_KMTNgn.20231211T102558.0001.fits & /media/shyunc/DATA/KSpec/KSPEC_ICS/GFA/Simul/kspec_gfa_controller/src/img/procimg/proc_KMTNgn.20231211T102558.0001.fits (at gfa_actions.py)
2025-03-10 10:24:38,838 [INFO] Performing sigma clipping to derive background and stddev. (at gfa_actions.py)
2025-03-10 10:24:38,954 [INFO] Processing FITS: /media/shyunc/DATA/KSpec/KSPEC_ICS/GFA/Simul/kspec_gfa_controller/src/img/astroimg/astro_proc_KMTNgs.20231211T102558.0001.fits & /media/shyunc/DATA/KSpec/KSPEC_ICS/GFA/Simul/kspec_gfa_controller/src/img/procimg/proc_KMTNgs.20231211T102558.0001.fits (at gfa_actions.py)
2025-03-10 10:24:38,961 [INFO] Performing sigma clipping to derive background and stddev. (at gfa_actions.py)
2025-03-10 10:24:39,081 [INFO] Processing FITS: /media/shyunc/DATA/KSpec/KSPEC_ICS/GFA/Simul/kspec_gfa_controller/src/img/astroimg/astro_proc_KMTNgw.20231211T102558.0001.fits & /media/shyunc/DATA/KSpec/KSPEC_ICS/GFA/Simul/kspec_gfa_controller/src/img/procimg/proc_KMTNgw.20231211T102558.0001.fits (at gfa_actions.py)
2025-03-10 10:24:39,088 [INFO] Performing sigma clipping to derive background and stddev. (at gfa_actions.py)
2025-03-10 10:24:39,194 [WARNING] Offsets within critical threshold; returning 0, 0. (at gfa_actions.py)
2025-03-10 10:24:39,196 [INFO] FWHM: 1.81 arcsec (at gfa_actions.py)
2025-03-10 10:24:39,196 [INFO] Guide star calibration complete. Offsets => fdx=0.00000, fdy=0.00000, FWHM=1.80589 (at gfa_actions.py)
2025-03-10 10:24:39,196 [INFO] Offsets calculated: fdx= $$, fdy=$$, FWHM=$$$ arcsec (at gfa_actions.py)
2025-03-10 10:25:09,221 [INFO] Guiding starts... (at gfa_actions.py)
2025-03-10 10:25:09,222 [INFO] Step #1: Grab an image (uncomment if needed). (at gfa_actions.py)
2025-03-10 10:25:09,223 [INFO] Step #2: Astrometry... (at gfa_actions.py)
2025-03-10 10:25:09,223 [INFO] Step #3: Calculating the offset... (at gfa_actions.py)
2025-03-10 10:25:09,223 [INFO] Starting guide star calibration process. (at gfa_actions.py)
2025-03-10 10:25:09,225 [INFO] Found 4 astrometry files and 4 processed files. (at gfa_actions.py)
2025-03-10 10:25:09,225 [INFO] Processing FITS: /media/shyunc/DATA/KSpec/KSPEC_ICS/GFA/Simul/kspec_gfa_controller/src/img/astroimg/astro_proc_KMTNge.20231211T102558.0001.fits & /media/shyunc/DATA/KSpec/KSPEC_ICS/GFA/Simul/kspec_gfa_controller/src/img/procimg/proc_KMTNge.20231211T102558.0001.fits (at gfa_actions.py)
2025-03-10 10:25:09,241 [INFO] Performing sigma clipping to derive background and stddev. (at gfa_actions.py)
2025-03-10 10:25:09,356 [INFO] Processing FITS: /media/shyunc/DATA/KSpec/KSPEC_ICS/GFA/Simul/kspec_gfa_controller/src/img/astroimg/astro_proc_KMTNgn.20231211T102558.0001.fits & /media/shyunc/DATA/KSpec/KSPEC_ICS/GFA/Simul/kspec_gfa_controller/src/img/procimg/proc_KMTNgn.20231211T102558.0001.fits (at gfa_actions.py)
2025-03-10 10:25:09,362 [INFO] Performing sigma clipping to derive background and stddev. (at gfa_actions.py)
2025-03-10 10:25:09,482 [INFO] Processing FITS: /media/shyunc/DATA/KSpec/KSPEC_ICS/GFA/Simul/kspec_gfa_controller/src/img/astroimg/astro_proc_KMTNgs.20231211T102558.0001.fits & /media/shyunc/DATA/KSpec/KSPEC_ICS/GFA/Simul/kspec_gfa_controller/src/img/procimg/proc_KMTNgs.20231211T102558.0001.fits (at gfa_actions.py)
2025-03-10 10:25:09,489 [INFO] Performing sigma clipping to derive background and stddev. (at gfa_actions.py)
2025-03-10 10:25:09,612 [INFO] Processing FITS: /media/shyunc/DATA/KSpec/KSPEC_ICS/GFA/Simul/kspec_gfa_controller/src/img/astroimg/astro_proc_KMTNgw.20231211T102558.0001.fits & /media/shyunc/DATA/KSpec/KSPEC_ICS/GFA/Simul/kspec_gfa_controller/src/img/procimg/proc_KMTNgw.20231211T102558.0001.fits (at gfa_actions.py)
2025-03-10 10:25:09,619 [INFO] Performing sigma clipping to derive background and stddev. (at gfa_actions.py)
2025-03-10 10:25:09,728 [WARNING] Offsets within critical threshold; returning 0, 0. (at gfa_actions.py)
2025-03-10 10:25:09,730 [INFO] FWHM: 1.81 arcsec (at gfa_actions.py)
2025-03-10 10:25:09,730 [INFO] Guide star calibration complete. Offsets => fdx=0.00000, fdy=0.00000, FWHM=1.80589 (at gfa_actions.py)
2025-03-10 10:25:09,730 [INFO] Offsets calculated: fdx= $$, fdy=$$, FWHM=$$$ arcsec (at gfa_actions.py)
2025-03-10 10:55:36,411 [INFO] Guiding starts... (at gfa_actions.py)
2025-03-10 10:55:36,412 [INFO] Step #1: Grab an image (uncomment if needed). (at gfa_actions.py)
2025-03-10 10:55:36,412 [INFO] Step #2: Astrometry... (at gfa_actions.py)
2025-03-10 10:55:36,413 [INFO] Step #3: Calculating the offset... (at gfa_actions.py)
2025-03-10 10:55:36,413 [INFO] Starting guide star calibration process. (at gfa_actions.py)
2025-03-10 10:55:36,414 [INFO] Found 4 astrometry files and 4 processed files. (at gfa_actions.py)
2025-03-10 10:55:36,415 [INFO] Processing FITS: /media/shyunc/DATA/KSpec/KSPEC_ICS/GFA/Simul/kspec_gfa_controller/src/img/astroimg/astro_proc_KMTNge.20231211T102558.0001.fits & /media/shyunc/DATA/KSpec/KSPEC_ICS/GFA/Simul/kspec_gfa_controller/src/img/procimg/proc_KMTNge.20231211T102558.0001.fits (at gfa_actions.py)
2025-03-10 10:55:36,429 [INFO] Performing sigma clipping to derive background and stddev. (at gfa_actions.py)
2025-03-10 10:55:36,546 [INFO] Processing FITS: /media/shyunc/DATA/KSpec/KSPEC_ICS/GFA/Simul/kspec_gfa_controller/src/img/astroimg/astro_proc_KMTNgn.20231211T102558.0001.fits & /media/shyunc/DATA/KSpec/KSPEC_ICS/GFA/Simul/kspec_gfa_controller/src/img/procimg/proc_KMTNgn.20231211T102558.0001.fits (at gfa_actions.py)
2025-03-10 10:55:36,553 [INFO] Performing sigma clipping to derive background and stddev. (at gfa_actions.py)
2025-03-10 10:55:36,672 [INFO] Processing FITS: /media/shyunc/DATA/KSpec/KSPEC_ICS/GFA/Simul/kspec_gfa_controller/src/img/astroimg/astro_proc_KMTNgs.20231211T102558.0001.fits & /media/shyunc/DATA/KSpec/KSPEC_ICS/GFA/Simul/kspec_gfa_controller/src/img/procimg/proc_KMTNgs.20231211T102558.0001.fits (at gfa_actions.py)
2025-03-10 10:55:36,679 [INFO] Performing sigma clipping to derive background and stddev. (at gfa_actions.py)
2025-03-10 10:55:36,803 [INFO] Processing FITS: /media/shyunc/DATA/KSpec/KSPEC_ICS/GFA/Simul/kspec_gfa_controller/src/img/astroimg/astro_proc_KMTNgw.20231211T102558.0001.fits & /media/shyunc/DATA/KSpec/KSPEC_ICS/GFA/Simul/kspec_gfa_controller/src/img/procimg/proc_KMTNgw.20231211T102558.0001.fits (at gfa_actions.py)
2025-03-10 10:55:36,809 [INFO] Performing sigma clipping to derive background and stddev. (at gfa_actions.py)
2025-03-10 10:55:36,919 [WARNING] Offsets within critical threshold; returning 0, 0. (at gfa_actions.py)
2025-03-10 10:55:36,922 [INFO] FWHM: 1.81 arcsec (at gfa_actions.py)
2025-03-10 10:55:36,922 [INFO] Guide star calibration complete. Offsets => fdx=0.00000, fdy=0.00000, FWHM=1.80589 (at gfa_actions.py)
2025-03-10 10:55:36,922 [INFO] Offsets calculated: fdx= $$, fdy=$$, FWHM=$$$ arcsec (at gfa_actions.py)
2025-03-10 10:59:02,803 [INFO] Guiding starts... (at gfa_actions.py)
2025-03-10 10:59:02,804 [INFO] Step #1: Grab an image (uncomment if needed). (at gfa_actions.py)
2025-03-10 10:59:02,804 [INFO] Step #2: Astrometry... (at gfa_actions.py)
2025-03-10 10:59:02,805 [INFO] Step #3: Calculating the offset... (at gfa_actions.py)
2025-03-10 10:59:02,805 [INFO] Starting guide star calibration process. (at gfa_actions.py)
2025-03-10 10:59:02,806 [INFO] Found 4 astrometry files and 4 processed files. (at gfa_actions.py)
2025-03-10 10:59:02,807 [INFO] Processing FITS: /media/shyunc/DATA/KSpec/KSPEC_ICS/GFA/Simul/kspec_gfa_controller/src/img/astroimg/astro_proc_KMTNge.20231211T102558.0001.fits & /media/shyunc/DATA/KSpec/KSPEC_ICS/GFA/Simul/kspec_gfa_controller/src/img/procimg/proc_KMTNge.20231211T102558.0001.fits (at gfa_actions.py)
2025-03-10 10:59:02,816 [INFO] Performing sigma clipping to derive background and stddev. (at gfa_actions.py)
2025-03-10 10:59:02,933 [INFO] Processing FITS: /media/shyunc/DATA/KSpec/KSPEC_ICS/GFA/Simul/kspec_gfa_controller/src/img/astroimg/astro_proc_KMTNgn.20231211T102558.0001.fits & /media/shyunc/DATA/KSpec/KSPEC_ICS/GFA/Simul/kspec_gfa_controller/src/img/procimg/proc_KMTNgn.20231211T102558.0001.fits (at gfa_actions.py)
2025-03-10 10:59:02,940 [INFO] Performing sigma clipping to derive background and stddev. (at gfa_actions.py)
2025-03-10 10:59:03,061 [INFO] Processing FITS: /media/shyunc/DATA/KSpec/KSPEC_ICS/GFA/Simul/kspec_gfa_controller/src/img/astroimg/astro_proc_KMTNgs.20231211T102558.0001.fits & /media/shyunc/DATA/KSpec/KSPEC_ICS/GFA/Simul/kspec_gfa_controller/src/img/procimg/proc_KMTNgs.20231211T102558.0001.fits (at gfa_actions.py)
2025-03-10 10:59:03,068 [INFO] Performing sigma clipping to derive background and stddev. (at gfa_actions.py)
2025-03-10 10:59:03,192 [INFO] Processing FITS: /media/shyunc/DATA/KSpec/KSPEC_ICS/GFA/Simul/kspec_gfa_controller/src/img/astroimg/astro_proc_KMTNgw.20231211T102558.0001.fits & /media/shyunc/DATA/KSpec/KSPEC_ICS/GFA/Simul/kspec_gfa_controller/src/img/procimg/proc_KMTNgw.20231211T102558.0001.fits (at gfa_actions.py)
2025-03-10 10:59:03,199 [INFO] Performing sigma clipping to derive background and stddev. (at gfa_actions.py)
2025-03-10 10:59:03,307 [WARNING] Offsets within critical threshold; returning 0, 0. (at gfa_actions.py)
2025-03-10 10:59:03,310 [INFO] FWHM: 1.81 arcsec (at gfa_actions.py)
2025-03-10 10:59:03,310 [INFO] Guide star calibration complete. Offsets => fdx=0.00000, fdy=0.00000, FWHM=1.80589 (at gfa_actions.py)
2025-03-10 10:59:03,310 [INFO] Offsets calculated: fdx= $$, fdy=$$, FWHM=$$$ arcsec (at gfa_actions.py)
2025-03-10 11:03:36,087 [INFO] Guiding starts... (at gfa_actions.py)
2025-03-10 11:03:36,088 [INFO] Step #1: Grab an image (uncomment if needed). (at gfa_actions.py)
2025-03-10 11:03:36,089 [INFO] Step #2: Astrometry... (at gfa_actions.py)
2025-03-10 11:03:36,089 [INFO] Step #3: Calculating the offset... (at gfa_actions.py)
2025-03-10 11:03:36,090 [INFO] Starting guide star calibration process. (at gfa_actions.py)
2025-03-10 11:03:36,092 [INFO] Found 4 astrometry files and 4 processed files. (at gfa_actions.py)
2025-03-10 11:03:36,093 [INFO] Processing FITS: /media/shyunc/DATA/KSpec/KSPEC_ICS/GFA/Simul/kspec_gfa_controller/src/img/astroimg/astro_proc_KMTNge.20231211T102558.0001.fits & /media/shyunc/DATA/KSpec/KSPEC_ICS/GFA/Simul/kspec_gfa_controller/src/img/procimg/proc_KMTNge.20231211T102558.0001.fits (at gfa_actions.py)
2025-03-10 11:03:36,101 [INFO] Performing sigma clipping to derive background and stddev. (at gfa_actions.py)
2025-03-10 11:03:36,219 [INFO] Processing FITS: /media/shyunc/DATA/KSpec/KSPEC_ICS/GFA/Simul/kspec_gfa_controller/src/img/astroimg/astro_proc_KMTNgn.20231211T102558.0001.fits & /media/shyunc/DATA/KSpec/KSPEC_ICS/GFA/Simul/kspec_gfa_controller/src/img/procimg/proc_KMTNgn.20231211T102558.0001.fits (at gfa_actions.py)
2025-03-10 11:03:36,226 [INFO] Performing sigma clipping to derive background and stddev. (at gfa_actions.py)
2025-03-10 11:03:36,346 [INFO] Processing FITS: /media/shyunc/DATA/KSpec/KSPEC_ICS/GFA/Simul/kspec_gfa_controller/src/img/astroimg/astro_proc_KMTNgs.20231211T102558.0001.fits & /media/shyunc/DATA/KSpec/KSPEC_ICS/GFA/Simul/kspec_gfa_controller/src/img/procimg/proc_KMTNgs.20231211T102558.0001.fits (at gfa_actions.py)
2025-03-10 11:03:36,353 [INFO] Performing sigma clipping to derive background and stddev. (at gfa_actions.py)
2025-03-10 11:03:36,477 [INFO] Processing FITS: /media/shyunc/DATA/KSpec/KSPEC_ICS/GFA/Simul/kspec_gfa_controller/src/img/astroimg/astro_proc_KMTNgw.20231211T102558.0001.fits & /media/shyunc/DATA/KSpec/KSPEC_ICS/GFA/Simul/kspec_gfa_controller/src/img/procimg/proc_KMTNgw.20231211T102558.0001.fits (at gfa_actions.py)
2025-03-10 11:03:36,484 [INFO] Performing sigma clipping to derive background and stddev. (at gfa_actions.py)
2025-03-10 11:03:36,592 [WARNING] Offsets within critical threshold; returning 0, 0. (at gfa_actions.py)
2025-03-10 11:03:36,594 [INFO] FWHM: 1.81 arcsec (at gfa_actions.py)
2025-03-10 11:03:36,594 [INFO] Guide star calibration complete. Offsets => fdx=0.00000, fdy=0.00000, FWHM=1.80589 (at gfa_actions.py)
2025-03-10 11:03:36,595 [INFO] Offsets calculated: fdx= $$, fdy=$$, FWHM=$$$ arcsec (at gfa_actions.py)
2025-03-10 11:04:28,804 [INFO] Guiding starts... (at gfa_actions.py)
2025-03-10 11:04:28,805 [INFO] Step #1: Grab an image (uncomment if needed). (at gfa_actions.py)
2025-03-10 11:04:28,806 [INFO] Step #2: Astrometry... (at gfa_actions.py)
2025-03-10 11:04:28,806 [INFO] Step #3: Calculating the offset... (at gfa_actions.py)
2025-03-10 11:04:28,807 [INFO] Starting guide star calibration process. (at gfa_actions.py)
2025-03-10 11:04:28,810 [INFO] Found 4 astrometry files and 4 processed files. (at gfa_actions.py)
2025-03-10 11:04:28,811 [INFO] Processing FITS: /media/shyunc/DATA/KSpec/KSPEC_ICS/GFA/Simul/kspec_gfa_controller/src/img/astroimg/astro_proc_KMTNge.20231211T102558.0001.fits & /media/shyunc/DATA/KSpec/KSPEC_ICS/GFA/Simul/kspec_gfa_controller/src/img/procimg/proc_KMTNge.20231211T102558.0001.fits (at gfa_actions.py)
2025-03-10 11:04:28,832 [INFO] Performing sigma clipping to derive background and stddev. (at gfa_actions.py)
2025-03-10 11:04:28,952 [INFO] Processing FITS: /media/shyunc/DATA/KSpec/KSPEC_ICS/GFA/Simul/kspec_gfa_controller/src/img/astroimg/astro_proc_KMTNgn.20231211T102558.0001.fits & /media/shyunc/DATA/KSpec/KSPEC_ICS/GFA/Simul/kspec_gfa_controller/src/img/procimg/proc_KMTNgn.20231211T102558.0001.fits (at gfa_actions.py)
2025-03-10 11:04:28,960 [INFO] Performing sigma clipping to derive background and stddev. (at gfa_actions.py)
2025-03-10 11:04:29,079 [INFO] Processing FITS: /media/shyunc/DATA/KSpec/KSPEC_ICS/GFA/Simul/kspec_gfa_controller/src/img/astroimg/astro_proc_KMTNgs.20231211T102558.0001.fits & /media/shyunc/DATA/KSpec/KSPEC_ICS/GFA/Simul/kspec_gfa_controller/src/img/procimg/proc_KMTNgs.20231211T102558.0001.fits (at gfa_actions.py)
2025-03-10 11:04:29,086 [INFO] Performing sigma clipping to derive background and stddev. (at gfa_actions.py)
2025-03-10 11:04:29,210 [INFO] Processing FITS: /media/shyunc/DATA/KSpec/KSPEC_ICS/GFA/Simul/kspec_gfa_controller/src/img/astroimg/astro_proc_KMTNgw.20231211T102558.0001.fits & /media/shyunc/DATA/KSpec/KSPEC_ICS/GFA/Simul/kspec_gfa_controller/src/img/procimg/proc_KMTNgw.20231211T102558.0001.fits (at gfa_actions.py)
2025-03-10 11:04:29,217 [INFO] Performing sigma clipping to derive background and stddev. (at gfa_actions.py)
2025-03-10 11:04:29,326 [WARNING] Offsets within critical threshold; returning 0, 0. (at gfa_actions.py)
2025-03-10 11:04:29,328 [INFO] FWHM: 1.81 arcsec (at gfa_actions.py)
2025-03-10 11:04:29,328 [INFO] Guide star calibration complete. Offsets => fdx=0.00000, fdy=0.00000, FWHM=1.80589 (at gfa_actions.py)
2025-03-10 11:04:29,329 [INFO] Offsets calculated: fdx= $$, fdy=$$, FWHM=$$$ arcsec (at gfa_actions.py)
2025-03-10 11:04:59,343 [INFO] Guiding starts... (at gfa_actions.py)
2025-03-10 11:04:59,344 [INFO] Step #1: Grab an image (uncomment if needed). (at gfa_actions.py)
2025-03-10 11:04:59,344 [INFO] Step #2: Astrometry... (at gfa_actions.py)
2025-03-10 11:04:59,345 [INFO] Step #3: Calculating the offset... (at gfa_actions.py)
2025-03-10 11:04:59,345 [INFO] Starting guide star calibration process. (at gfa_actions.py)
2025-03-10 11:04:59,347 [INFO] Found 4 astrometry files and 4 processed files. (at gfa_actions.py)
2025-03-10 11:04:59,347 [INFO] Processing FITS: /media/shyunc/DATA/KSpec/KSPEC_ICS/GFA/Simul/kspec_gfa_controller/src/img/astroimg/astro_proc_KMTNge.20231211T102558.0001.fits & /media/shyunc/DATA/KSpec/KSPEC_ICS/GFA/Simul/kspec_gfa_controller/src/img/procimg/proc_KMTNge.20231211T102558.0001.fits (at gfa_actions.py)
2025-03-10 11:04:59,356 [INFO] Performing sigma clipping to derive background and stddev. (at gfa_actions.py)
2025-03-10 11:04:59,468 [INFO] Processing FITS: /media/shyunc/DATA/KSpec/KSPEC_ICS/GFA/Simul/kspec_gfa_controller/src/img/astroimg/astro_proc_KMTNgn.20231211T102558.0001.fits & /media/shyunc/DATA/KSpec/KSPEC_ICS/GFA/Simul/kspec_gfa_controller/src/img/procimg/proc_KMTNgn.20231211T102558.0001.fits (at gfa_actions.py)
2025-03-10 11:04:59,475 [INFO] Performing sigma clipping to derive background and stddev. (at gfa_actions.py)
2025-03-10 11:04:59,595 [INFO] Processing FITS: /media/shyunc/DATA/KSpec/KSPEC_ICS/GFA/Simul/kspec_gfa_controller/src/img/astroimg/astro_proc_KMTNgs.20231211T102558.0001.fits & /media/shyunc/DATA/KSpec/KSPEC_ICS/GFA/Simul/kspec_gfa_controller/src/img/procimg/proc_KMTNgs.20231211T102558.0001.fits (at gfa_actions.py)
2025-03-10 11:04:59,602 [INFO] Performing sigma clipping to derive background and stddev. (at gfa_actions.py)
2025-03-10 11:04:59,725 [INFO] Processing FITS: /media/shyunc/DATA/KSpec/KSPEC_ICS/GFA/Simul/kspec_gfa_controller/src/img/astroimg/astro_proc_KMTNgw.20231211T102558.0001.fits & /media/shyunc/DATA/KSpec/KSPEC_ICS/GFA/Simul/kspec_gfa_controller/src/img/procimg/proc_KMTNgw.20231211T102558.0001.fits (at gfa_actions.py)
2025-03-10 11:04:59,732 [INFO] Performing sigma clipping to derive background and stddev. (at gfa_actions.py)
2025-03-10 11:04:59,841 [WARNING] Offsets within critical threshold; returning 0, 0. (at gfa_actions.py)
2025-03-10 11:04:59,843 [INFO] FWHM: 1.81 arcsec (at gfa_actions.py)
2025-03-10 11:04:59,843 [INFO] Guide star calibration complete. Offsets => fdx=0.00000, fdy=0.00000, FWHM=1.80589 (at gfa_actions.py)
2025-03-10 11:04:59,844 [INFO] Offsets calculated: fdx= $$, fdy=$$, FWHM=$$$ arcsec (at gfa_actions.py)
2025-03-10 11:25:35,173 [INFO] Guiding starts... (at gfa_actions.py)
2025-03-10 11:25:35,174 [INFO] Step #1: Grab an image (uncomment if needed). (at gfa_actions.py)
2025-03-10 11:25:35,174 [INFO] Step #2: Astrometry... (at gfa_actions.py)
2025-03-10 11:25:35,175 [INFO] Step #3: Calculating the offset... (at gfa_actions.py)
2025-03-10 11:25:35,175 [INFO] Starting guide star calibration process. (at gfa_actions.py)
2025-03-10 11:25:35,176 [INFO] Found 4 astrometry files and 4 processed files. (at gfa_actions.py)
2025-03-10 11:25:35,176 [INFO] Processing FITS: /media/shyunc/DATA/KSpec/KSPEC_ICS/GFA/Simul/kspec_gfa_controller/src/img/astroimg/astro_proc_KMTNge.20231211T102558.0001.fits & /media/shyunc/DATA/KSpec/KSPEC_ICS/GFA/Simul/kspec_gfa_controller/src/img/procimg/proc_KMTNge.20231211T102558.0001.fits (at gfa_actions.py)
2025-03-10 11:25:35,184 [INFO] Performing sigma clipping to derive background and stddev. (at gfa_actions.py)
2025-03-10 11:25:35,301 [INFO] Processing FITS: /media/shyunc/DATA/KSpec/KSPEC_ICS/GFA/Simul/kspec_gfa_controller/src/img/astroimg/astro_proc_KMTNgn.20231211T102558.0001.fits & /media/shyunc/DATA/KSpec/KSPEC_ICS/GFA/Simul/kspec_gfa_controller/src/img/procimg/proc_KMTNgn.20231211T102558.0001.fits (at gfa_actions.py)
2025-03-10 11:25:35,307 [INFO] Performing sigma clipping to derive background and stddev. (at gfa_actions.py)
2025-03-10 11:25:35,428 [INFO] Processing FITS: /media/shyunc/DATA/KSpec/KSPEC_ICS/GFA/Simul/kspec_gfa_controller/src/img/astroimg/astro_proc_KMTNgs.20231211T102558.0001.fits & /media/shyunc/DATA/KSpec/KSPEC_ICS/GFA/Simul/kspec_gfa_controller/src/img/procimg/proc_KMTNgs.20231211T102558.0001.fits (at gfa_actions.py)
2025-03-10 11:25:35,435 [INFO] Performing sigma clipping to derive background and stddev. (at gfa_actions.py)
2025-03-10 11:25:35,560 [INFO] Processing FITS: /media/shyunc/DATA/KSpec/KSPEC_ICS/GFA/Simul/kspec_gfa_controller/src/img/astroimg/astro_proc_KMTNgw.20231211T102558.0001.fits & /media/shyunc/DATA/KSpec/KSPEC_ICS/GFA/Simul/kspec_gfa_controller/src/img/procimg/proc_KMTNgw.20231211T102558.0001.fits (at gfa_actions.py)
2025-03-10 11:25:35,567 [INFO] Performing sigma clipping to derive background and stddev. (at gfa_actions.py)
2025-03-10 11:25:35,675 [WARNING] Offsets within critical threshold; returning 0, 0. (at gfa_actions.py)
2025-03-10 11:25:35,678 [INFO] FWHM: 1.81 arcsec (at gfa_actions.py)
2025-03-10 11:25:35,678 [INFO] Guide star calibration complete. Offsets => fdx=0.00000, fdy=0.00000, FWHM=1.80589 (at gfa_actions.py)
2025-03-10 11:25:35,678 [INFO] Offsets calculated: fdx= $$, fdy=$$, FWHM=$$$ arcsec (at gfa_actions.py)
2025-03-10 12:59:11,239 [INFO] Guiding starts... (at gfa_actions.py)
2025-03-10 12:59:11,240 [INFO] Step #1: Grab an image (uncomment if needed). (at gfa_actions.py)
2025-03-10 12:59:11,240 [INFO] Step #2: Astrometry... (at gfa_actions.py)
2025-03-10 12:59:11,240 [INFO] Step #3: Calculating the offset... (at gfa_actions.py)
2025-03-10 12:59:11,241 [INFO] Starting guide star calibration process. (at gfa_actions.py)
2025-03-10 12:59:11,243 [INFO] Found 4 astrometry files and 4 processed files. (at gfa_actions.py)
2025-03-10 12:59:11,243 [INFO] Processing FITS: /media/shyunc/DATA/KSpec/KSPEC_ICS/GFA/Simul/kspec_gfa_controller/src/img/astroimg/astro_proc_KMTNge.20231211T102558.0001.fits & /media/shyunc/DATA/KSpec/KSPEC_ICS/GFA/Simul/kspec_gfa_controller/src/img/procimg/proc_KMTNge.20231211T102558.0001.fits (at gfa_actions.py)
2025-03-10 12:59:11,252 [INFO] Performing sigma clipping to derive background and stddev. (at gfa_actions.py)
2025-03-10 12:59:11,368 [INFO] Processing FITS: /media/shyunc/DATA/KSpec/KSPEC_ICS/GFA/Simul/kspec_gfa_controller/src/img/astroimg/astro_proc_KMTNgn.20231211T102558.0001.fits & /media/shyunc/DATA/KSpec/KSPEC_ICS/GFA/Simul/kspec_gfa_controller/src/img/procimg/proc_KMTNgn.20231211T102558.0001.fits (at gfa_actions.py)
2025-03-10 12:59:11,375 [INFO] Performing sigma clipping to derive background and stddev. (at gfa_actions.py)
2025-03-10 12:59:11,492 [INFO] Processing FITS: /media/shyunc/DATA/KSpec/KSPEC_ICS/GFA/Simul/kspec_gfa_controller/src/img/astroimg/astro_proc_KMTNgs.20231211T102558.0001.fits & /media/shyunc/DATA/KSpec/KSPEC_ICS/GFA/Simul/kspec_gfa_controller/src/img/procimg/proc_KMTNgs.20231211T102558.0001.fits (at gfa_actions.py)
2025-03-10 12:59:11,499 [INFO] Performing sigma clipping to derive background and stddev. (at gfa_actions.py)
2025-03-10 12:59:11,619 [INFO] Processing FITS: /media/shyunc/DATA/KSpec/KSPEC_ICS/GFA/Simul/kspec_gfa_controller/src/img/astroimg/astro_proc_KMTNgw.20231211T102558.0001.fits & /media/shyunc/DATA/KSpec/KSPEC_ICS/GFA/Simul/kspec_gfa_controller/src/img/procimg/proc_KMTNgw.20231211T102558.0001.fits (at gfa_actions.py)
2025-03-10 12:59:11,651 [INFO] Performing sigma clipping to derive background and stddev. (at gfa_actions.py)
2025-03-10 12:59:11,753 [WARNING] Offsets within critical threshold; returning 0, 0. (at gfa_actions.py)
2025-03-10 12:59:11,755 [INFO] FWHM: 1.81 arcsec (at gfa_actions.py)
2025-03-10 12:59:11,755 [INFO] Guide star calibration complete. Offsets => fdx=0.00000, fdy=0.00000, FWHM=1.80589 (at gfa_actions.py)
2025-03-10 12:59:11,755 [INFO] Offsets calculated: fdx= $$, fdy=$$, FWHM=$$$ arcsec (at gfa_actions.py)
2025-03-10 12:59:41,782 [INFO] Guiding starts... (at gfa_actions.py)
2025-03-10 12:59:41,783 [INFO] Step #1: Grab an image (uncomment if needed). (at gfa_actions.py)
2025-03-10 12:59:41,784 [INFO] Step #2: Astrometry... (at gfa_actions.py)
2025-03-10 12:59:41,784 [INFO] Step #3: Calculating the offset... (at gfa_actions.py)
2025-03-10 12:59:41,784 [INFO] Starting guide star calibration process. (at gfa_actions.py)
2025-03-10 12:59:41,786 [INFO] Found 4 astrometry files and 4 processed files. (at gfa_actions.py)
2025-03-10 12:59:41,786 [INFO] Processing FITS: /media/shyunc/DATA/KSpec/KSPEC_ICS/GFA/Simul/kspec_gfa_controller/src/img/astroimg/astro_proc_KMTNge.20231211T102558.0001.fits & /media/shyunc/DATA/KSpec/KSPEC_ICS/GFA/Simul/kspec_gfa_controller/src/img/procimg/proc_KMTNge.20231211T102558.0001.fits (at gfa_actions.py)
2025-03-10 12:59:41,819 [INFO] Performing sigma clipping to derive background and stddev. (at gfa_actions.py)
2025-03-10 12:59:41,928 [INFO] Processing FITS: /media/shyunc/DATA/KSpec/KSPEC_ICS/GFA/Simul/kspec_gfa_controller/src/img/astroimg/astro_proc_KMTNgn.20231211T102558.0001.fits & /media/shyunc/DATA/KSpec/KSPEC_ICS/GFA/Simul/kspec_gfa_controller/src/img/procimg/proc_KMTNgn.20231211T102558.0001.fits (at gfa_actions.py)
2025-03-10 12:59:41,936 [INFO] Performing sigma clipping to derive background and stddev. (at gfa_actions.py)
2025-03-10 12:59:42,055 [INFO] Processing FITS: /media/shyunc/DATA/KSpec/KSPEC_ICS/GFA/Simul/kspec_gfa_controller/src/img/astroimg/astro_proc_KMTNgs.20231211T102558.0001.fits & /media/shyunc/DATA/KSpec/KSPEC_ICS/GFA/Simul/kspec_gfa_controller/src/img/procimg/proc_KMTNgs.20231211T102558.0001.fits (at gfa_actions.py)
2025-03-10 12:59:42,063 [INFO] Performing sigma clipping to derive background and stddev. (at gfa_actions.py)
2025-03-10 12:59:42,183 [INFO] Processing FITS: /media/shyunc/DATA/KSpec/KSPEC_ICS/GFA/Simul/kspec_gfa_controller/src/img/astroimg/astro_proc_KMTNgw.20231211T102558.0001.fits & /media/shyunc/DATA/KSpec/KSPEC_ICS/GFA/Simul/kspec_gfa_controller/src/img/procimg/proc_KMTNgw.20231211T102558.0001.fits (at gfa_actions.py)
2025-03-10 12:59:42,190 [INFO] Performing sigma clipping to derive background and stddev. (at gfa_actions.py)
2025-03-10 12:59:42,295 [WARNING] Offsets within critical threshold; returning 0, 0. (at gfa_actions.py)
2025-03-10 12:59:42,298 [INFO] FWHM: 1.81 arcsec (at gfa_actions.py)
2025-03-10 12:59:42,298 [INFO] Guide star calibration complete. Offsets => fdx=0.00000, fdy=0.00000, FWHM=1.80589 (at gfa_actions.py)
2025-03-10 12:59:42,298 [INFO] Offsets calculated: fdx= $$, fdy=$$, FWHM=$$$ arcsec (at gfa_actions.py)
2025-03-10 13:16:07,695 [INFO] Guiding starts... (at gfa_actions.py)
2025-03-10 13:16:07,696 [INFO] Step #1: Grab an image (uncomment if needed). (at gfa_actions.py)
2025-03-10 13:16:07,696 [INFO] Step #2: Astrometry... (at gfa_actions.py)
2025-03-10 13:16:07,697 [INFO] Step #3: Calculating the offset... (at gfa_actions.py)
2025-03-10 13:16:07,697 [INFO] Starting guide star calibration process. (at gfa_actions.py)
2025-03-10 13:16:07,698 [INFO] Found 4 astrometry files and 4 processed files. (at gfa_actions.py)
2025-03-10 13:16:07,699 [INFO] Processing FITS: /media/shyunc/DATA/KSpec/KSPEC_ICS/GFA/Simul/kspec_gfa_controller/src/img/astroimg/astro_proc_KMTNge.20231211T102558.0001.fits & /media/shyunc/DATA/KSpec/KSPEC_ICS/GFA/Simul/kspec_gfa_controller/src/img/procimg/proc_KMTNge.20231211T102558.0001.fits (at gfa_actions.py)
2025-03-10 13:16:07,708 [INFO] Performing sigma clipping to derive background and stddev. (at gfa_actions.py)
2025-03-10 13:16:07,823 [INFO] Processing FITS: /media/shyunc/DATA/KSpec/KSPEC_ICS/GFA/Simul/kspec_gfa_controller/src/img/astroimg/astro_proc_KMTNgn.20231211T102558.0001.fits & /media/shyunc/DATA/KSpec/KSPEC_ICS/GFA/Simul/kspec_gfa_controller/src/img/procimg/proc_KMTNgn.20231211T102558.0001.fits (at gfa_actions.py)
2025-03-10 13:16:07,830 [INFO] Performing sigma clipping to derive background and stddev. (at gfa_actions.py)
2025-03-10 13:16:07,946 [INFO] Processing FITS: /media/shyunc/DATA/KSpec/KSPEC_ICS/GFA/Simul/kspec_gfa_controller/src/img/astroimg/astro_proc_KMTNgs.20231211T102558.0001.fits & /media/shyunc/DATA/KSpec/KSPEC_ICS/GFA/Simul/kspec_gfa_controller/src/img/procimg/proc_KMTNgs.20231211T102558.0001.fits (at gfa_actions.py)
2025-03-10 13:16:07,953 [INFO] Performing sigma clipping to derive background and stddev. (at gfa_actions.py)
2025-03-10 13:16:08,074 [INFO] Processing FITS: /media/shyunc/DATA/KSpec/KSPEC_ICS/GFA/Simul/kspec_gfa_controller/src/img/astroimg/astro_proc_KMTNgw.20231211T102558.0001.fits & /media/shyunc/DATA/KSpec/KSPEC_ICS/GFA/Simul/kspec_gfa_controller/src/img/procimg/proc_KMTNgw.20231211T102558.0001.fits (at gfa_actions.py)
2025-03-10 13:16:08,081 [INFO] Performing sigma clipping to derive background and stddev. (at gfa_actions.py)
2025-03-10 13:16:08,186 [WARNING] Offsets within critical threshold; returning 0, 0. (at gfa_actions.py)
2025-03-10 13:16:08,189 [INFO] FWHM: 1.81 arcsec (at gfa_actions.py)
2025-03-10 13:16:08,189 [INFO] Guide star calibration complete. Offsets => fdx=0.00000, fdy=0.00000, FWHM=1.80589 (at gfa_actions.py)
2025-03-10 13:16:08,189 [INFO] Offsets calculated: fdx= $$, fdy=$$, FWHM=$$$ arcsec (at gfa_actions.py)
2025-03-10 13:16:38,212 [INFO] Guiding starts... (at gfa_actions.py)
2025-03-10 13:16:38,213 [INFO] Step #1: Grab an image (uncomment if needed). (at gfa_actions.py)
2025-03-10 13:16:38,214 [INFO] Step #2: Astrometry... (at gfa_actions.py)
2025-03-10 13:16:38,214 [INFO] Step #3: Calculating the offset... (at gfa_actions.py)
2025-03-10 13:16:38,215 [INFO] Starting guide star calibration process. (at gfa_actions.py)
2025-03-10 13:16:38,217 [INFO] Found 4 astrometry files and 4 processed files. (at gfa_actions.py)
2025-03-10 13:16:38,218 [INFO] Processing FITS: /media/shyunc/DATA/KSpec/KSPEC_ICS/GFA/Simul/kspec_gfa_controller/src/img/astroimg/astro_proc_KMTNge.20231211T102558.0001.fits & /media/shyunc/DATA/KSpec/KSPEC_ICS/GFA/Simul/kspec_gfa_controller/src/img/procimg/proc_KMTNge.20231211T102558.0001.fits (at gfa_actions.py)
2025-03-10 13:16:38,233 [INFO] Performing sigma clipping to derive background and stddev. (at gfa_actions.py)
2025-03-10 13:16:38,348 [INFO] Processing FITS: /media/shyunc/DATA/KSpec/KSPEC_ICS/GFA/Simul/kspec_gfa_controller/src/img/astroimg/astro_proc_KMTNgn.20231211T102558.0001.fits & /media/shyunc/DATA/KSpec/KSPEC_ICS/GFA/Simul/kspec_gfa_controller/src/img/procimg/proc_KMTNgn.20231211T102558.0001.fits (at gfa_actions.py)
2025-03-10 13:16:38,355 [INFO] Performing sigma clipping to derive background and stddev. (at gfa_actions.py)
2025-03-10 13:16:38,474 [INFO] Processing FITS: /media/shyunc/DATA/KSpec/KSPEC_ICS/GFA/Simul/kspec_gfa_controller/src/img/astroimg/astro_proc_KMTNgs.20231211T102558.0001.fits & /media/shyunc/DATA/KSpec/KSPEC_ICS/GFA/Simul/kspec_gfa_controller/src/img/procimg/proc_KMTNgs.20231211T102558.0001.fits (at gfa_actions.py)
2025-03-10 13:16:38,481 [INFO] Performing sigma clipping to derive background and stddev. (at gfa_actions.py)
2025-03-10 13:16:38,603 [INFO] Processing FITS: /media/shyunc/DATA/KSpec/KSPEC_ICS/GFA/Simul/kspec_gfa_controller/src/img/astroimg/astro_proc_KMTNgw.20231211T102558.0001.fits & /media/shyunc/DATA/KSpec/KSPEC_ICS/GFA/Simul/kspec_gfa_controller/src/img/procimg/proc_KMTNgw.20231211T102558.0001.fits (at gfa_actions.py)
2025-03-10 13:16:38,610 [INFO] Performing sigma clipping to derive background and stddev. (at gfa_actions.py)
2025-03-10 13:16:38,717 [WARNING] Offsets within critical threshold; returning 0, 0. (at gfa_actions.py)
2025-03-10 13:16:38,720 [INFO] FWHM: 1.81 arcsec (at gfa_actions.py)
2025-03-10 13:16:38,720 [INFO] Guide star calibration complete. Offsets => fdx=0.00000, fdy=0.00000, FWHM=1.80589 (at gfa_actions.py)
2025-03-10 13:16:38,720 [INFO] Offsets calculated: fdx= $$, fdy=$$, FWHM=$$$ arcsec (at gfa_actions.py)
2025-03-10 14:32:31,429 [INFO] Guiding starts... (at gfa_actions.py)
2025-03-10 14:32:31,430 [INFO] Step #1: Grab an image (uncomment if needed). (at gfa_actions.py)
2025-03-10 14:32:31,430 [INFO] Step #2: Astrometry... (at gfa_actions.py)
2025-03-10 14:32:31,431 [INFO] Step #3: Calculating the offset... (at gfa_actions.py)
2025-03-10 14:32:31,431 [INFO] Starting guide star calibration process. (at gfa_actions.py)
2025-03-10 14:32:31,434 [INFO] Found 4 astrometry files and 4 processed files. (at gfa_actions.py)
2025-03-10 14:32:31,435 [INFO] Processing FITS: /media/shyunc/DATA/KSpec/KSPEC_ICS/GFA/Simul/kspec_gfa_controller/src/img/astroimg/astro_proc_KMTNge.20231211T102558.0001.fits & /media/shyunc/DATA/KSpec/KSPEC_ICS/GFA/Simul/kspec_gfa_controller/src/img/procimg/proc_KMTNge.20231211T102558.0001.fits (at gfa_actions.py)
2025-03-10 14:32:31,445 [INFO] Performing sigma clipping to derive background and stddev. (at gfa_actions.py)
2025-03-10 14:32:31,562 [INFO] Processing FITS: /media/shyunc/DATA/KSpec/KSPEC_ICS/GFA/Simul/kspec_gfa_controller/src/img/astroimg/astro_proc_KMTNgn.20231211T102558.0001.fits & /media/shyunc/DATA/KSpec/KSPEC_ICS/GFA/Simul/kspec_gfa_controller/src/img/procimg/proc_KMTNgn.20231211T102558.0001.fits (at gfa_actions.py)
2025-03-10 14:32:31,569 [INFO] Performing sigma clipping to derive background and stddev. (at gfa_actions.py)
2025-03-10 14:32:31,686 [INFO] Processing FITS: /media/shyunc/DATA/KSpec/KSPEC_ICS/GFA/Simul/kspec_gfa_controller/src/img/astroimg/astro_proc_KMTNgs.20231211T102558.0001.fits & /media/shyunc/DATA/KSpec/KSPEC_ICS/GFA/Simul/kspec_gfa_controller/src/img/procimg/proc_KMTNgs.20231211T102558.0001.fits (at gfa_actions.py)
2025-03-10 14:32:31,693 [INFO] Performing sigma clipping to derive background and stddev. (at gfa_actions.py)
2025-03-10 14:32:31,813 [INFO] Processing FITS: /media/shyunc/DATA/KSpec/KSPEC_ICS/GFA/Simul/kspec_gfa_controller/src/img/astroimg/astro_proc_KMTNgw.20231211T102558.0001.fits & /media/shyunc/DATA/KSpec/KSPEC_ICS/GFA/Simul/kspec_gfa_controller/src/img/procimg/proc_KMTNgw.20231211T102558.0001.fits (at gfa_actions.py)
2025-03-10 14:32:31,820 [INFO] Performing sigma clipping to derive background and stddev. (at gfa_actions.py)
2025-03-10 14:32:31,926 [WARNING] Offsets within critical threshold; returning 0, 0. (at gfa_actions.py)
2025-03-10 14:32:31,929 [INFO] FWHM: 1.81 arcsec (at gfa_actions.py)
2025-03-10 14:32:31,929 [INFO] Guide star calibration complete. Offsets => fdx=0.00000, fdy=0.00000, FWHM=1.80589 (at gfa_actions.py)
2025-03-10 14:32:31,929 [INFO] Offsets calculated: fdx= $$, fdy=$$, FWHM=$$$ arcsec (at gfa_actions.py)
2025-03-10 14:33:01,946 [INFO] Guiding starts... (at gfa_actions.py)
2025-03-10 14:33:01,947 [INFO] Step #1: Grab an image (uncomment if needed). (at gfa_actions.py)
2025-03-10 14:33:01,947 [INFO] Step #2: Astrometry... (at gfa_actions.py)
2025-03-10 14:33:01,948 [INFO] Step #3: Calculating the offset... (at gfa_actions.py)
2025-03-10 14:33:01,948 [INFO] Starting guide star calibration process. (at gfa_actions.py)
2025-03-10 14:33:01,950 [INFO] Found 4 astrometry files and 4 processed files. (at gfa_actions.py)
2025-03-10 14:33:01,950 [INFO] Processing FITS: /media/shyunc/DATA/KSpec/KSPEC_ICS/GFA/Simul/kspec_gfa_controller/src/img/astroimg/astro_proc_KMTNge.20231211T102558.0001.fits & /media/shyunc/DATA/KSpec/KSPEC_ICS/GFA/Simul/kspec_gfa_controller/src/img/procimg/proc_KMTNge.20231211T102558.0001.fits (at gfa_actions.py)
2025-03-10 14:33:01,962 [INFO] Performing sigma clipping to derive background and stddev. (at gfa_actions.py)
2025-03-10 14:33:02,071 [INFO] Processing FITS: /media/shyunc/DATA/KSpec/KSPEC_ICS/GFA/Simul/kspec_gfa_controller/src/img/astroimg/astro_proc_KMTNgn.20231211T102558.0001.fits & /media/shyunc/DATA/KSpec/KSPEC_ICS/GFA/Simul/kspec_gfa_controller/src/img/procimg/proc_KMTNgn.20231211T102558.0001.fits (at gfa_actions.py)
2025-03-10 14:33:02,078 [INFO] Performing sigma clipping to derive background and stddev. (at gfa_actions.py)
2025-03-10 14:33:02,195 [INFO] Processing FITS: /media/shyunc/DATA/KSpec/KSPEC_ICS/GFA/Simul/kspec_gfa_controller/src/img/astroimg/astro_proc_KMTNgs.20231211T102558.0001.fits & /media/shyunc/DATA/KSpec/KSPEC_ICS/GFA/Simul/kspec_gfa_controller/src/img/procimg/proc_KMTNgs.20231211T102558.0001.fits (at gfa_actions.py)
2025-03-10 14:33:02,201 [INFO] Performing sigma clipping to derive background and stddev. (at gfa_actions.py)
2025-03-10 14:33:02,322 [INFO] Processing FITS: /media/shyunc/DATA/KSpec/KSPEC_ICS/GFA/Simul/kspec_gfa_controller/src/img/astroimg/astro_proc_KMTNgw.20231211T102558.0001.fits & /media/shyunc/DATA/KSpec/KSPEC_ICS/GFA/Simul/kspec_gfa_controller/src/img/procimg/proc_KMTNgw.20231211T102558.0001.fits (at gfa_actions.py)
2025-03-10 14:33:02,329 [INFO] Performing sigma clipping to derive background and stddev. (at gfa_actions.py)
2025-03-10 14:33:02,437 [WARNING] Offsets within critical threshold; returning 0, 0. (at gfa_actions.py)
2025-03-10 14:33:02,439 [INFO] FWHM: 1.81 arcsec (at gfa_actions.py)
2025-03-10 14:33:02,439 [INFO] Guide star calibration complete. Offsets => fdx=0.00000, fdy=0.00000, FWHM=1.80589 (at gfa_actions.py)
2025-03-10 14:33:02,440 [INFO] Offsets calculated: fdx= $$, fdy=$$, FWHM=$$$ arcsec (at gfa_actions.py)
2025-03-10 16:29:23,320 [INFO] Guiding starts... (at gfa_actions.py)
2025-03-10 16:29:23,321 [INFO] Step #1: Grab an image (uncomment if needed). (at gfa_actions.py)
2025-03-10 16:29:23,322 [INFO] Step #2: Astrometry... (at gfa_actions.py)
2025-03-10 16:29:23,322 [INFO] Step #3: Calculating the offset... (at gfa_actions.py)
2025-03-10 16:29:23,323 [INFO] Starting guide star calibration process. (at gfa_actions.py)
2025-03-10 16:29:23,325 [INFO] Found 4 astrometry files and 4 processed files. (at gfa_actions.py)
2025-03-10 16:29:23,325 [INFO] Processing FITS: /media/shyunc/DATA/KSpec/KSPEC_ICS/GFA/Simul/kspec_gfa_controller/src/img/astroimg/astro_proc_KMTNge.20231211T102558.0001.fits & /media/shyunc/DATA/KSpec/KSPEC_ICS/GFA/Simul/kspec_gfa_controller/src/img/procimg/proc_KMTNge.20231211T102558.0001.fits (at gfa_actions.py)
2025-03-10 16:29:23,334 [INFO] Performing sigma clipping to derive background and stddev. (at gfa_actions.py)
2025-03-10 16:29:23,453 [INFO] Processing FITS: /media/shyunc/DATA/KSpec/KSPEC_ICS/GFA/Simul/kspec_gfa_controller/src/img/astroimg/astro_proc_KMTNgn.20231211T102558.0001.fits & /media/shyunc/DATA/KSpec/KSPEC_ICS/GFA/Simul/kspec_gfa_controller/src/img/procimg/proc_KMTNgn.20231211T102558.0001.fits (at gfa_actions.py)
2025-03-10 16:29:23,460 [INFO] Performing sigma clipping to derive background and stddev. (at gfa_actions.py)
2025-03-10 16:29:23,577 [INFO] Processing FITS: /media/shyunc/DATA/KSpec/KSPEC_ICS/GFA/Simul/kspec_gfa_controller/src/img/astroimg/astro_proc_KMTNgs.20231211T102558.0001.fits & /media/shyunc/DATA/KSpec/KSPEC_ICS/GFA/Simul/kspec_gfa_controller/src/img/procimg/proc_KMTNgs.20231211T102558.0001.fits (at gfa_actions.py)
2025-03-10 16:29:23,584 [INFO] Performing sigma clipping to derive background and stddev. (at gfa_actions.py)
2025-03-10 16:29:23,704 [INFO] Processing FITS: /media/shyunc/DATA/KSpec/KSPEC_ICS/GFA/Simul/kspec_gfa_controller/src/img/astroimg/astro_proc_KMTNgw.20231211T102558.0001.fits & /media/shyunc/DATA/KSpec/KSPEC_ICS/GFA/Simul/kspec_gfa_controller/src/img/procimg/proc_KMTNgw.20231211T102558.0001.fits (at gfa_actions.py)
2025-03-10 16:29:23,711 [INFO] Performing sigma clipping to derive background and stddev. (at gfa_actions.py)
2025-03-10 16:29:23,816 [WARNING] Offsets within critical threshold; returning 0, 0. (at gfa_actions.py)
2025-03-10 16:29:23,818 [INFO] FWHM: 1.81 arcsec (at gfa_actions.py)
2025-03-10 16:29:23,818 [INFO] Guide star calibration complete. Offsets => fdx=0.00000, fdy=0.00000, FWHM=1.80589 (at gfa_actions.py)
2025-03-10 16:29:23,819 [INFO] Offsets calculated: fdx= $$, fdy=$$, FWHM=$$$ arcsec (at gfa_actions.py)
2025-03-10 16:29:53,827 [INFO] Guiding starts... (at gfa_actions.py)
2025-03-10 16:29:53,828 [INFO] Step #1: Grab an image (uncomment if needed). (at gfa_actions.py)
2025-03-10 16:29:53,828 [INFO] Step #2: Astrometry... (at gfa_actions.py)
2025-03-10 16:29:53,829 [INFO] Step #3: Calculating the offset... (at gfa_actions.py)
2025-03-10 16:29:53,829 [INFO] Starting guide star calibration process. (at gfa_actions.py)
2025-03-10 16:29:53,831 [INFO] Found 4 astrometry files and 4 processed files. (at gfa_actions.py)
2025-03-10 16:29:53,831 [INFO] Processing FITS: /media/shyunc/DATA/KSpec/KSPEC_ICS/GFA/Simul/kspec_gfa_controller/src/img/astroimg/astro_proc_KMTNge.20231211T102558.0001.fits & /media/shyunc/DATA/KSpec/KSPEC_ICS/GFA/Simul/kspec_gfa_controller/src/img/procimg/proc_KMTNge.20231211T102558.0001.fits (at gfa_actions.py)
2025-03-10 16:29:53,840 [INFO] Performing sigma clipping to derive background and stddev. (at gfa_actions.py)
2025-03-10 16:29:53,954 [INFO] Processing FITS: /media/shyunc/DATA/KSpec/KSPEC_ICS/GFA/Simul/kspec_gfa_controller/src/img/astroimg/astro_proc_KMTNgn.20231211T102558.0001.fits & /media/shyunc/DATA/KSpec/KSPEC_ICS/GFA/Simul/kspec_gfa_controller/src/img/procimg/proc_KMTNgn.20231211T102558.0001.fits (at gfa_actions.py)
2025-03-10 16:29:53,961 [INFO] Performing sigma clipping to derive background and stddev. (at gfa_actions.py)
2025-03-10 16:29:54,081 [INFO] Processing FITS: /media/shyunc/DATA/KSpec/KSPEC_ICS/GFA/Simul/kspec_gfa_controller/src/img/astroimg/astro_proc_KMTNgs.20231211T102558.0001.fits & /media/shyunc/DATA/KSpec/KSPEC_ICS/GFA/Simul/kspec_gfa_controller/src/img/procimg/proc_KMTNgs.20231211T102558.0001.fits (at gfa_actions.py)
2025-03-10 16:29:54,088 [INFO] Performing sigma clipping to derive background and stddev. (at gfa_actions.py)
2025-03-10 16:29:54,212 [INFO] Processing FITS: /media/shyunc/DATA/KSpec/KSPEC_ICS/GFA/Simul/kspec_gfa_controller/src/img/astroimg/astro_proc_KMTNgw.20231211T102558.0001.fits & /media/shyunc/DATA/KSpec/KSPEC_ICS/GFA/Simul/kspec_gfa_controller/src/img/procimg/proc_KMTNgw.20231211T102558.0001.fits (at gfa_actions.py)
2025-03-10 16:29:54,219 [INFO] Performing sigma clipping to derive background and stddev. (at gfa_actions.py)
2025-03-10 16:29:54,327 [WARNING] Offsets within critical threshold; returning 0, 0. (at gfa_actions.py)
2025-03-10 16:29:54,329 [INFO] FWHM: 1.81 arcsec (at gfa_actions.py)
2025-03-10 16:29:54,329 [INFO] Guide star calibration complete. Offsets => fdx=0.00000, fdy=0.00000, FWHM=1.80589 (at gfa_actions.py)
2025-03-10 16:29:54,329 [INFO] Offsets calculated: fdx= $$, fdy=$$, FWHM=$$$ arcsec (at gfa_actions.py)
2025-03-10 16:30:24,338 [INFO] Guiding starts... (at gfa_actions.py)
2025-03-10 16:30:24,339 [INFO] Step #1: Grab an image (uncomment if needed). (at gfa_actions.py)
2025-03-10 16:30:24,340 [INFO] Step #2: Astrometry... (at gfa_actions.py)
2025-03-10 16:30:24,340 [INFO] Step #3: Calculating the offset... (at gfa_actions.py)
2025-03-10 16:30:24,340 [INFO] Starting guide star calibration process. (at gfa_actions.py)
2025-03-10 16:30:24,342 [INFO] Found 4 astrometry files and 4 processed files. (at gfa_actions.py)
2025-03-10 16:30:24,342 [INFO] Processing FITS: /media/shyunc/DATA/KSpec/KSPEC_ICS/GFA/Simul/kspec_gfa_controller/src/img/astroimg/astro_proc_KMTNge.20231211T102558.0001.fits & /media/shyunc/DATA/KSpec/KSPEC_ICS/GFA/Simul/kspec_gfa_controller/src/img/procimg/proc_KMTNge.20231211T102558.0001.fits (at gfa_actions.py)
2025-03-10 16:30:24,355 [INFO] Performing sigma clipping to derive background and stddev. (at gfa_actions.py)
2025-03-10 16:30:24,470 [INFO] Processing FITS: /media/shyunc/DATA/KSpec/KSPEC_ICS/GFA/Simul/kspec_gfa_controller/src/img/astroimg/astro_proc_KMTNgn.20231211T102558.0001.fits & /media/shyunc/DATA/KSpec/KSPEC_ICS/GFA/Simul/kspec_gfa_controller/src/img/procimg/proc_KMTNgn.20231211T102558.0001.fits (at gfa_actions.py)
2025-03-10 16:30:24,478 [INFO] Performing sigma clipping to derive background and stddev. (at gfa_actions.py)
2025-03-10 16:30:24,595 [INFO] Processing FITS: /media/shyunc/DATA/KSpec/KSPEC_ICS/GFA/Simul/kspec_gfa_controller/src/img/astroimg/astro_proc_KMTNgs.20231211T102558.0001.fits & /media/shyunc/DATA/KSpec/KSPEC_ICS/GFA/Simul/kspec_gfa_controller/src/img/procimg/proc_KMTNgs.20231211T102558.0001.fits (at gfa_actions.py)
2025-03-10 16:30:24,602 [INFO] Performing sigma clipping to derive background and stddev. (at gfa_actions.py)
2025-03-10 16:30:24,729 [INFO] Processing FITS: /media/shyunc/DATA/KSpec/KSPEC_ICS/GFA/Simul/kspec_gfa_controller/src/img/astroimg/astro_proc_KMTNgw.20231211T102558.0001.fits & /media/shyunc/DATA/KSpec/KSPEC_ICS/GFA/Simul/kspec_gfa_controller/src/img/procimg/proc_KMTNgw.20231211T102558.0001.fits (at gfa_actions.py)
2025-03-10 16:30:24,736 [INFO] Performing sigma clipping to derive background and stddev. (at gfa_actions.py)
2025-03-10 16:30:24,842 [WARNING] Offsets within critical threshold; returning 0, 0. (at gfa_actions.py)
2025-03-10 16:30:24,844 [INFO] FWHM: 1.81 arcsec (at gfa_actions.py)
2025-03-10 16:30:24,844 [INFO] Guide star calibration complete. Offsets => fdx=0.00000, fdy=0.00000, FWHM=1.80589 (at gfa_actions.py)
2025-03-10 16:30:24,844 [INFO] Offsets calculated: fdx= $$, fdy=$$, FWHM=$$$ arcsec (at gfa_actions.py)
2025-03-10 16:30:54,852 [INFO] Guiding starts... (at gfa_actions.py)
2025-03-10 16:30:54,853 [INFO] Step #1: Grab an image (uncomment if needed). (at gfa_actions.py)
2025-03-10 16:30:54,853 [INFO] Step #2: Astrometry... (at gfa_actions.py)
2025-03-10 16:30:54,853 [INFO] Step #3: Calculating the offset... (at gfa_actions.py)
2025-03-10 16:30:54,854 [INFO] Starting guide star calibration process. (at gfa_actions.py)
2025-03-10 16:30:54,855 [INFO] Found 4 astrometry files and 4 processed files. (at gfa_actions.py)
2025-03-10 16:30:54,855 [INFO] Processing FITS: /media/shyunc/DATA/KSpec/KSPEC_ICS/GFA/Simul/kspec_gfa_controller/src/img/astroimg/astro_proc_KMTNge.20231211T102558.0001.fits & /media/shyunc/DATA/KSpec/KSPEC_ICS/GFA/Simul/kspec_gfa_controller/src/img/procimg/proc_KMTNge.20231211T102558.0001.fits (at gfa_actions.py)
2025-03-10 16:30:54,877 [INFO] Performing sigma clipping to derive background and stddev. (at gfa_actions.py)
2025-03-10 16:30:54,990 [INFO] Processing FITS: /media/shyunc/DATA/KSpec/KSPEC_ICS/GFA/Simul/kspec_gfa_controller/src/img/astroimg/astro_proc_KMTNgn.20231211T102558.0001.fits & /media/shyunc/DATA/KSpec/KSPEC_ICS/GFA/Simul/kspec_gfa_controller/src/img/procimg/proc_KMTNgn.20231211T102558.0001.fits (at gfa_actions.py)
2025-03-10 16:30:54,997 [INFO] Performing sigma clipping to derive background and stddev. (at gfa_actions.py)
2025-03-10 16:30:55,118 [INFO] Processing FITS: /media/shyunc/DATA/KSpec/KSPEC_ICS/GFA/Simul/kspec_gfa_controller/src/img/astroimg/astro_proc_KMTNgs.20231211T102558.0001.fits & /media/shyunc/DATA/KSpec/KSPEC_ICS/GFA/Simul/kspec_gfa_controller/src/img/procimg/proc_KMTNgs.20231211T102558.0001.fits (at gfa_actions.py)
2025-03-10 16:30:55,125 [INFO] Performing sigma clipping to derive background and stddev. (at gfa_actions.py)
2025-03-10 16:30:55,245 [INFO] Processing FITS: /media/shyunc/DATA/KSpec/KSPEC_ICS/GFA/Simul/kspec_gfa_controller/src/img/astroimg/astro_proc_KMTNgw.20231211T102558.0001.fits & /media/shyunc/DATA/KSpec/KSPEC_ICS/GFA/Simul/kspec_gfa_controller/src/img/procimg/proc_KMTNgw.20231211T102558.0001.fits (at gfa_actions.py)
2025-03-10 16:30:55,252 [INFO] Performing sigma clipping to derive background and stddev. (at gfa_actions.py)
2025-03-10 16:30:55,358 [WARNING] Offsets within critical threshold; returning 0, 0. (at gfa_actions.py)
2025-03-10 16:30:55,360 [INFO] FWHM: 1.81 arcsec (at gfa_actions.py)
2025-03-10 16:30:55,360 [INFO] Guide star calibration complete. Offsets => fdx=0.00000, fdy=0.00000, FWHM=1.80589 (at gfa_actions.py)
2025-03-10 16:30:55,360 [INFO] Offsets calculated: fdx= $$, fdy=$$, FWHM=$$$ arcsec (at gfa_actions.py)
2025-03-10 16:31:25,370 [INFO] Guiding starts... (at gfa_actions.py)
2025-03-10 16:31:25,370 [INFO] Step #1: Grab an image (uncomment if needed). (at gfa_actions.py)
2025-03-10 16:31:25,371 [INFO] Step #2: Astrometry... (at gfa_actions.py)
2025-03-10 16:31:25,371 [INFO] Step #3: Calculating the offset... (at gfa_actions.py)
2025-03-10 16:31:25,371 [INFO] Starting guide star calibration process. (at gfa_actions.py)
2025-03-10 16:31:25,373 [INFO] Found 4 astrometry files and 4 processed files. (at gfa_actions.py)
2025-03-10 16:31:25,373 [INFO] Processing FITS: /media/shyunc/DATA/KSpec/KSPEC_ICS/GFA/Simul/kspec_gfa_controller/src/img/astroimg/astro_proc_KMTNge.20231211T102558.0001.fits & /media/shyunc/DATA/KSpec/KSPEC_ICS/GFA/Simul/kspec_gfa_controller/src/img/procimg/proc_KMTNge.20231211T102558.0001.fits (at gfa_actions.py)
2025-03-10 16:31:25,383 [INFO] Performing sigma clipping to derive background and stddev. (at gfa_actions.py)
2025-03-10 16:31:25,494 [INFO] Processing FITS: /media/shyunc/DATA/KSpec/KSPEC_ICS/GFA/Simul/kspec_gfa_controller/src/img/astroimg/astro_proc_KMTNgn.20231211T102558.0001.fits & /media/shyunc/DATA/KSpec/KSPEC_ICS/GFA/Simul/kspec_gfa_controller/src/img/procimg/proc_KMTNgn.20231211T102558.0001.fits (at gfa_actions.py)
2025-03-10 16:31:25,501 [INFO] Performing sigma clipping to derive background and stddev. (at gfa_actions.py)
2025-03-10 16:31:25,618 [INFO] Processing FITS: /media/shyunc/DATA/KSpec/KSPEC_ICS/GFA/Simul/kspec_gfa_controller/src/img/astroimg/astro_proc_KMTNgs.20231211T102558.0001.fits & /media/shyunc/DATA/KSpec/KSPEC_ICS/GFA/Simul/kspec_gfa_controller/src/img/procimg/proc_KMTNgs.20231211T102558.0001.fits (at gfa_actions.py)
2025-03-10 16:31:25,625 [INFO] Performing sigma clipping to derive background and stddev. (at gfa_actions.py)
2025-03-10 16:31:25,745 [INFO] Processing FITS: /media/shyunc/DATA/KSpec/KSPEC_ICS/GFA/Simul/kspec_gfa_controller/src/img/astroimg/astro_proc_KMTNgw.20231211T102558.0001.fits & /media/shyunc/DATA/KSpec/KSPEC_ICS/GFA/Simul/kspec_gfa_controller/src/img/procimg/proc_KMTNgw.20231211T102558.0001.fits (at gfa_actions.py)
2025-03-10 16:31:25,752 [INFO] Performing sigma clipping to derive background and stddev. (at gfa_actions.py)
2025-03-10 16:31:25,862 [WARNING] Offsets within critical threshold; returning 0, 0. (at gfa_actions.py)
2025-03-10 16:31:25,865 [INFO] FWHM: 1.81 arcsec (at gfa_actions.py)
2025-03-10 16:31:25,865 [INFO] Guide star calibration complete. Offsets => fdx=0.00000, fdy=0.00000, FWHM=1.80589 (at gfa_actions.py)
2025-03-10 16:31:25,865 [INFO] Offsets calculated: fdx= $$, fdy=$$, FWHM=$$$ arcsec (at gfa_actions.py)
2025-03-10 16:31:55,875 [INFO] Guiding starts... (at gfa_actions.py)
2025-03-10 16:31:55,876 [INFO] Step #1: Grab an image (uncomment if needed). (at gfa_actions.py)
2025-03-10 16:31:55,876 [INFO] Step #2: Astrometry... (at gfa_actions.py)
2025-03-10 16:31:55,876 [INFO] Step #3: Calculating the offset... (at gfa_actions.py)
2025-03-10 16:31:55,877 [INFO] Starting guide star calibration process. (at gfa_actions.py)
2025-03-10 16:31:55,878 [INFO] Found 4 astrometry files and 4 processed files. (at gfa_actions.py)
2025-03-10 16:31:55,878 [INFO] Processing FITS: /media/shyunc/DATA/KSpec/KSPEC_ICS/GFA/Simul/kspec_gfa_controller/src/img/astroimg/astro_proc_KMTNge.20231211T102558.0001.fits & /media/shyunc/DATA/KSpec/KSPEC_ICS/GFA/Simul/kspec_gfa_controller/src/img/procimg/proc_KMTNge.20231211T102558.0001.fits (at gfa_actions.py)
2025-03-10 16:31:55,903 [INFO] Performing sigma clipping to derive background and stddev. (at gfa_actions.py)
2025-03-10 16:31:56,013 [INFO] Processing FITS: /media/shyunc/DATA/KSpec/KSPEC_ICS/GFA/Simul/kspec_gfa_controller/src/img/astroimg/astro_proc_KMTNgn.20231211T102558.0001.fits & /media/shyunc/DATA/KSpec/KSPEC_ICS/GFA/Simul/kspec_gfa_controller/src/img/procimg/proc_KMTNgn.20231211T102558.0001.fits (at gfa_actions.py)
2025-03-10 16:31:56,021 [INFO] Performing sigma clipping to derive background and stddev. (at gfa_actions.py)
2025-03-10 16:31:56,141 [INFO] Processing FITS: /media/shyunc/DATA/KSpec/KSPEC_ICS/GFA/Simul/kspec_gfa_controller/src/img/astroimg/astro_proc_KMTNgs.20231211T102558.0001.fits & /media/shyunc/DATA/KSpec/KSPEC_ICS/GFA/Simul/kspec_gfa_controller/src/img/procimg/proc_KMTNgs.20231211T102558.0001.fits (at gfa_actions.py)
2025-03-10 16:31:56,148 [INFO] Performing sigma clipping to derive background and stddev. (at gfa_actions.py)
2025-03-10 16:31:56,270 [INFO] Processing FITS: /media/shyunc/DATA/KSpec/KSPEC_ICS/GFA/Simul/kspec_gfa_controller/src/img/astroimg/astro_proc_KMTNgw.20231211T102558.0001.fits & /media/shyunc/DATA/KSpec/KSPEC_ICS/GFA/Simul/kspec_gfa_controller/src/img/procimg/proc_KMTNgw.20231211T102558.0001.fits (at gfa_actions.py)
2025-03-10 16:31:56,277 [INFO] Performing sigma clipping to derive background and stddev. (at gfa_actions.py)
2025-03-10 16:31:56,383 [WARNING] Offsets within critical threshold; returning 0, 0. (at gfa_actions.py)
2025-03-10 16:31:56,385 [INFO] FWHM: 1.81 arcsec (at gfa_actions.py)
2025-03-10 16:31:56,385 [INFO] Guide star calibration complete. Offsets => fdx=0.00000, fdy=0.00000, FWHM=1.80589 (at gfa_actions.py)
2025-03-10 16:31:56,386 [INFO] Offsets calculated: fdx= $$, fdy=$$, FWHM=$$$ arcsec (at gfa_actions.py)
2025-03-10 16:32:26,396 [INFO] Guiding starts... (at gfa_actions.py)
2025-03-10 16:32:26,397 [INFO] Step #1: Grab an image (uncomment if needed). (at gfa_actions.py)
2025-03-10 16:32:26,398 [INFO] Step #2: Astrometry... (at gfa_actions.py)
2025-03-10 16:32:26,398 [INFO] Step #3: Calculating the offset... (at gfa_actions.py)
2025-03-10 16:32:26,399 [INFO] Starting guide star calibration process. (at gfa_actions.py)
2025-03-10 16:32:26,400 [INFO] Found 4 astrometry files and 4 processed files. (at gfa_actions.py)
2025-03-10 16:32:26,401 [INFO] Processing FITS: /media/shyunc/DATA/KSpec/KSPEC_ICS/GFA/Simul/kspec_gfa_controller/src/img/astroimg/astro_proc_KMTNge.20231211T102558.0001.fits & /media/shyunc/DATA/KSpec/KSPEC_ICS/GFA/Simul/kspec_gfa_controller/src/img/procimg/proc_KMTNge.20231211T102558.0001.fits (at gfa_actions.py)
2025-03-10 16:32:26,409 [INFO] Performing sigma clipping to derive background and stddev. (at gfa_actions.py)
2025-03-10 16:32:26,522 [INFO] Processing FITS: /media/shyunc/DATA/KSpec/KSPEC_ICS/GFA/Simul/kspec_gfa_controller/src/img/astroimg/astro_proc_KMTNgn.20231211T102558.0001.fits & /media/shyunc/DATA/KSpec/KSPEC_ICS/GFA/Simul/kspec_gfa_controller/src/img/procimg/proc_KMTNgn.20231211T102558.0001.fits (at gfa_actions.py)
2025-03-10 16:32:26,529 [INFO] Performing sigma clipping to derive background and stddev. (at gfa_actions.py)
2025-03-10 16:32:26,649 [INFO] Processing FITS: /media/shyunc/DATA/KSpec/KSPEC_ICS/GFA/Simul/kspec_gfa_controller/src/img/astroimg/astro_proc_KMTNgs.20231211T102558.0001.fits & /media/shyunc/DATA/KSpec/KSPEC_ICS/GFA/Simul/kspec_gfa_controller/src/img/procimg/proc_KMTNgs.20231211T102558.0001.fits (at gfa_actions.py)
2025-03-10 16:32:26,656 [INFO] Performing sigma clipping to derive background and stddev. (at gfa_actions.py)
2025-03-10 16:32:26,777 [INFO] Processing FITS: /media/shyunc/DATA/KSpec/KSPEC_ICS/GFA/Simul/kspec_gfa_controller/src/img/astroimg/astro_proc_KMTNgw.20231211T102558.0001.fits & /media/shyunc/DATA/KSpec/KSPEC_ICS/GFA/Simul/kspec_gfa_controller/src/img/procimg/proc_KMTNgw.20231211T102558.0001.fits (at gfa_actions.py)
2025-03-10 16:32:26,784 [INFO] Performing sigma clipping to derive background and stddev. (at gfa_actions.py)
2025-03-10 16:32:26,890 [WARNING] Offsets within critical threshold; returning 0, 0. (at gfa_actions.py)
2025-03-10 16:32:26,893 [INFO] FWHM: 1.81 arcsec (at gfa_actions.py)
2025-03-10 16:32:26,893 [INFO] Guide star calibration complete. Offsets => fdx=0.00000, fdy=0.00000, FWHM=1.80589 (at gfa_actions.py)
2025-03-10 16:32:26,893 [INFO] Offsets calculated: fdx= $$, fdy=$$, FWHM=$$$ arcsec (at gfa_actions.py)
