2025-12-09 15:32:08,641 [INFO] Initialized GFAEnvironment with role 'plate' and cameras [1, 2, 3, 4, 5]
2025-12-09 15:32:08,641 [INFO] Initializing GFAController with provided config.
2025-12-09 15:32:08,642 [INFO] GFAController initialization complete.
2025-12-09 15:32:09,172 [INFO] Cam1 opened.
2025-12-09 15:32:09,690 [INFO] Cam2 opened.
2025-12-09 15:32:10,196 [INFO] Cam3 opened.
2025-12-09 15:32:10,702 [INFO] Cam4 opened.
2025-12-09 15:32:11,207 [INFO] Cam5 opened.
2025-12-09 15:32:11,207 [INFO] Initializing gfa_astrometry class.
2025-12-09 15:32:11,208 [INFO] Initializing GFAGuider...
2025-12-09 15:32:11,208 [DEBUG] Processed dir: /home/GAFOL/work/kspec_gfa_controller/src/img/procimg
2025-12-09 15:32:11,208 [DEBUG] Final astro dir: /home/GAFOL/work/kspec_gfa_controller/src/img/astroimg/
2025-12-09 15:32:11,208 [DEBUG] Cutout dir: /home/GAFOL/work/kspec_gfa_controller/src/img/cutout
2025-12-09 15:32:11,208 [INFO] GFAGuider setup complete.
2025-12-09 15:33:29,103 [INFO] Initialized GFAEnvironment with role 'plate' and cameras [1, 2, 3, 4, 5]
2025-12-09 15:33:29,104 [INFO] Initializing GFAController with provided config.
2025-12-09 15:33:29,104 [INFO] GFAController initialization complete.
2025-12-09 15:34:04,157 [INFO] Initialized GFAEnvironment with role 'plate' and cameras [1, 2, 3, 4, 5]
2025-12-09 15:34:04,158 [INFO] Initializing GFAController with provided config.
2025-12-09 15:34:04,158 [INFO] GFAController initialization complete.
2025-12-09 15:34:12,415 [INFO] Initialized GFAEnvironment with role 'plate' and cameras [1, 2, 3, 4, 5]
2025-12-09 15:34:12,416 [INFO] Initializing GFAController with provided config.
2025-12-09 15:34:12,416 [INFO] GFAController initialization complete.
2025-12-09 15:34:12,948 [INFO] Cam1 opened.
2025-12-09 15:34:13,466 [INFO] Cam2 opened.
2025-12-09 15:34:13,971 [INFO] Cam3 opened.
2025-12-09 15:34:14,477 [INFO] Cam4 opened.
2025-12-09 15:34:14,984 [INFO] Cam5 opened.
2025-12-09 15:34:14,984 [INFO] Initializing gfa_astrometry class.
2025-12-09 15:34:14,985 [INFO] Initializing GFAGuider...
2025-12-09 15:34:14,985 [DEBUG] Processed dir: /home/GAFOL/work/kspec_gfa_controller/src/img/procimg
2025-12-09 15:34:14,985 [DEBUG] Final astro dir: /home/GAFOL/work/kspec_gfa_controller/src/img/astroimg/
2025-12-09 15:34:14,985 [DEBUG] Cutout dir: /home/GAFOL/work/kspec_gfa_controller/src/img/cutout
2025-12-09 15:34:14,986 [INFO] GFAGuider setup complete.
2025-12-09 15:34:27,508 [INFO] Initialized GFAEnvironment with role 'plate' and cameras [1, 2, 3, 4, 5]
2025-12-09 15:34:27,509 [INFO] Initializing GFAController with provided config.
2025-12-09 15:34:27,509 [INFO] GFAController initialization complete.
2025-12-09 15:34:28,041 [INFO] Cam1 opened.
2025-12-09 15:34:28,555 [INFO] Cam2 opened.
2025-12-09 15:34:29,064 [INFO] Cam3 opened.
2025-12-09 15:34:29,568 [INFO] Cam4 opened.
2025-12-09 15:34:30,073 [INFO] Cam5 opened.
2025-12-09 15:34:30,073 [INFO] Initializing gfa_astrometry class.
2025-12-09 15:34:30,074 [INFO] Initializing GFAGuider...
2025-12-09 15:34:30,074 [DEBUG] Processed dir: /home/GAFOL/work/kspec_gfa_controller/src/img/procimg
2025-12-09 15:34:30,074 [DEBUG] Final astro dir: /home/GAFOL/work/kspec_gfa_controller/src/img/astroimg/
2025-12-09 15:34:30,075 [DEBUG] Cutout dir: /home/GAFOL/work/kspec_gfa_controller/src/img/cutout
2025-12-09 15:34:30,075 [INFO] GFAGuider setup complete.
2025-12-09 15:34:30,075 [INFO] Querying camera statuses...
2025-12-09 15:34:30,076 [INFO] Checking camera status...
2025-12-09 15:34:30,076 [INFO] Cam1 is online and standby.
2025-12-09 15:34:30,076 [INFO] Cam2 is online and standby.
2025-12-09 15:34:30,076 [INFO] Cam3 is online and standby.
2025-12-09 15:34:30,076 [INFO] Cam4 is online and standby.
2025-12-09 15:34:30,077 [INFO] Cam5 is online and standby.
2025-12-09 15:34:30,077 [WARNING] Cam7 is not open.
2025-12-09 15:34:30,077 [INFO] Pinging all cameras...
2025-12-09 15:34:30,077 [INFO] Pinging camera 1...
2025-12-09 15:34:31,079 [INFO] Ping result for Cam1 (192.168.88.67): 256
2025-12-09 15:34:31,082 [INFO] Pinging camera 2...
2025-12-09 15:34:32,083 [INFO] Ping result for Cam2 (192.168.88.33): 256
2025-12-09 15:34:32,084 [INFO] Pinging camera 3...
2025-12-09 15:34:33,085 [INFO] Ping result for Cam3 (192.168.88.34): 256
2025-12-09 15:34:33,086 [INFO] Pinging camera 4...
2025-12-09 15:34:34,087 [INFO] Ping result for Cam4 (192.168.88.51): 256
2025-12-09 15:34:34,088 [INFO] Pinging camera 5...
2025-12-09 15:34:35,090 [INFO] Ping result for Cam5 (192.168.88.31): 256
2025-12-09 15:34:35,090 [INFO] Fetching parameters for all cameras...
2025-12-09 15:34:35,090 [INFO] Checking parameters of camera 1
2025-12-09 15:34:35,091 [INFO] Camera Device Information
2025-12-09 15:34:35,091 [INFO] =========================
2025-12-09 15:34:35,092 [INFO] DeviceModelName : a2A5328-4gmPRO
2025-12-09 15:34:35,094 [INFO] DeviceSerialNumber : 40103667
2025-12-09 15:34:35,095 [INFO] DeviceUserID : 108121-01
2025-12-09 15:34:35,097 [INFO] Width : 1332
2025-12-09 15:34:35,100 [INFO] Height : 1152
2025-12-09 15:34:35,103 [INFO] PixelFormat : Mono12
2025-12-09 15:34:35,105 [INFO] ExposureTime (μs) : 3000000.0
2025-12-09 15:34:35,107 [INFO] BinningHorizontalMode : Sum
2025-12-09 15:34:35,109 [INFO] BinningHorizontal : 4
2025-12-09 15:34:35,111 [INFO] BinningVerticalMode : Sum
2025-12-09 15:34:35,113 [INFO] BinningVertical : 4
2025-12-09 15:34:35,114 [INFO] Checking parameters of camera 2
2025-12-09 15:34:35,114 [INFO] Camera Device Information
2025-12-09 15:34:35,114 [INFO] =========================
2025-12-09 15:34:35,115 [INFO] DeviceModelName : a2A5328-4gmPRO
2025-12-09 15:34:35,117 [INFO] DeviceSerialNumber : 40103833
2025-12-09 15:34:35,119 [INFO] DeviceUserID : 108121-07
2025-12-09 15:34:35,121 [INFO] Width : 1332
2025-12-09 15:34:35,124 [INFO] Height : 1152
2025-12-09 15:34:35,128 [INFO] PixelFormat : Mono12
2025-12-09 15:34:35,129 [INFO] ExposureTime (μs) : 3000000.0
2025-12-09 15:34:35,131 [INFO] BinningHorizontalMode : Sum
2025-12-09 15:34:35,133 [INFO] BinningHorizontal : 4
2025-12-09 15:34:35,134 [INFO] BinningVerticalMode : Sum
2025-12-09 15:34:35,137 [INFO] BinningVertical : 4
2025-12-09 15:34:35,138 [INFO] Checking parameters of camera 3
2025-12-09 15:34:35,138 [INFO] Camera Device Information
2025-12-09 15:34:35,139 [INFO] =========================
2025-12-09 15:34:35,141 [INFO] DeviceModelName : a2A5328-4gmPRO
2025-12-09 15:34:35,143 [INFO] DeviceSerialNumber : 40103834
2025-12-09 15:34:35,144 [INFO] DeviceUserID : 108121-03
2025-12-09 15:34:35,147 [INFO] Width : 1332
2025-12-09 15:34:35,150 [INFO] Height : 1152
2025-12-09 15:34:35,154 [INFO] PixelFormat : Mono12
2025-12-09 15:34:35,155 [INFO] ExposureTime (μs) : 3000000.0
2025-12-09 15:34:35,157 [INFO] BinningHorizontalMode : Sum
2025-12-09 15:34:35,159 [INFO] BinningHorizontal : 4
2025-12-09 15:34:35,161 [INFO] BinningVerticalMode : Sum
2025-12-09 15:34:35,164 [INFO] BinningVertical : 4
2025-12-09 15:34:35,164 [INFO] Checking parameters of camera 4
2025-12-09 15:34:35,164 [INFO] Camera Device Information
2025-12-09 15:34:35,165 [INFO] =========================
2025-12-09 15:34:35,166 [INFO] DeviceModelName : a2A5328-4gmPRO
2025-12-09 15:34:35,167 [INFO] DeviceSerialNumber : 40103651
2025-12-09 15:34:35,168 [INFO] DeviceUserID : 108121-04
2025-12-09 15:34:35,171 [INFO] Width : 1332
2025-12-09 15:34:35,173 [INFO] Height : 1152
2025-12-09 15:34:35,177 [INFO] PixelFormat : Mono12
2025-12-09 15:34:35,189 [INFO] ExposureTime (μs) : 3000000.0
2025-12-09 15:34:35,195 [INFO] BinningHorizontalMode : Sum
2025-12-09 15:34:35,199 [INFO] BinningHorizontal : 4
2025-12-09 15:34:35,213 [INFO] BinningVerticalMode : Sum
2025-12-09 15:34:35,215 [INFO] BinningVertical : 4
2025-12-09 15:34:35,216 [INFO] Checking parameters of camera 5
2025-12-09 15:34:35,216 [INFO] Camera Device Information
2025-12-09 15:34:35,216 [INFO] =========================
2025-12-09 15:34:35,218 [INFO] DeviceModelName : a2A5328-4gmPRO
2025-12-09 15:34:35,219 [INFO] DeviceSerialNumber : 40103831
2025-12-09 15:34:35,220 [INFO] DeviceUserID : 108121-06
2025-12-09 15:34:35,222 [INFO] Width : 1332
2025-12-09 15:34:35,225 [INFO] Height : 1152
2025-12-09 15:34:35,229 [INFO] PixelFormat : Mono12
2025-12-09 15:34:35,230 [INFO] ExposureTime (μs) : 3000000.0
2025-12-09 15:34:35,232 [INFO] BinningHorizontalMode : Sum
2025-12-09 15:34:35,235 [INFO] BinningHorizontal : 4
2025-12-09 15:34:35,247 [INFO] BinningVerticalMode : Sum
2025-12-09 15:34:35,251 [INFO] BinningVertical : 4
2025-12-09 15:42:42,429 [INFO] Initialized GFAEnvironment with role 'finder' and cameras [7]
2025-12-09 15:42:42,429 [INFO] Initializing GFAController with provided config.
2025-12-09 15:42:42,429 [INFO] GFAController initialization complete.
2025-12-09 15:42:43,017 [INFO] Cam7 opened (IP 192.168.88.79).
2025-12-09 15:42:43,017 [INFO] Saving finder image to: /home/GAFOL/work/kspec_gfa_controller/src/img/grab_finder/2025-12-09
2025-12-09 15:42:43,017 [INFO] Grabbing from Cam7 (ExpTime=0.3, Binning=1)
2025-12-09 15:42:46,168 [DEBUG] FITS file will be saved to: /home/GAFOL/work/kspec_gfa_controller/src/img/grab_finder/2025-12-09/D20251209_T064246_40630579_exp0s.fits
2025-12-09 15:42:46,169 [DEBUG] Image array shape: (4608, 5328)
2025-12-09 15:42:46,169 [WARNING] No date_obs provided. Using current date.
2025-12-09 15:42:46,169 [WARNING] No time_obs provided. Using current time.
2025-12-09 15:42:46,169 [DEBUG] FITS header details: SIMPLE  =                    T                                                  BITPIX  =                  -32                                                  NAXIS   =                    2                                                  NAXIS1  =                 5328                                                  NAXIS2  =                 4608                                                  CTYPE1  = 'PIXEL   '                                                            CTYPE2  = 'PIXEL   '                                                            TELESCOP= 'KMTNET  '                                                            INSTRUME= 'KSPEC-GFA'                                                           OBSERVER= 'Mingyeong'                                                           OBJECT  = 'Unknown '                                                            DATE-OBS= '2025-12-09'                                                          TIME-OBS= '15:42:46'                                                            RA      = 'UNKNOWN '                                                            DEC     = 'UNKNOWN '                                                            EXPTIME =                  0.3                                                  COMMENT FITS file created with custom header fields                             END                                                                                                                                                                                                                                                                                                                                                                                                                                                                                                                                                                                                                                                                                                                                                                                                                                                                                                                                                                                                                                                                                                                                                                                                                                                                                                                                                                                                                                                                                                                                                                             
2025-12-09 15:42:46,205 [INFO] FITS file successfully saved to /home/GAFOL/work/kspec_gfa_controller/src/img/grab_finder/2025-12-09/D20251209_T064246_40630579_exp0s.fits
2025-12-09 15:46:37,915 [INFO] Initialized GFAEnvironment with role 'plate' and cameras [1, 2, 3, 4, 5, 6]
2025-12-09 15:46:37,915 [INFO] Initializing GFAController with provided config.
2025-12-09 15:46:37,915 [INFO] GFAController initialization complete.
2025-12-09 15:46:38,442 [INFO] Cam1 opened.
2025-12-09 15:46:38,947 [INFO] Cam2 opened.
2025-12-09 15:46:39,452 [INFO] Cam3 opened.
2025-12-09 15:46:39,955 [INFO] Cam4 opened.
2025-12-09 15:46:40,459 [INFO] Cam5 opened.
2025-12-09 15:46:40,964 [INFO] Cam6 opened.
2025-12-09 15:46:40,964 [INFO] Initializing gfa_astrometry class.
2025-12-09 15:46:40,965 [INFO] Initializing GFAGuider...
2025-12-09 15:46:40,965 [DEBUG] Processed dir: /home/GAFOL/work/kspec_gfa_controller/src/img/procimg
2025-12-09 15:46:40,965 [DEBUG] Final astro dir: /home/GAFOL/work/kspec_gfa_controller/src/img/astroimg/
2025-12-09 15:46:40,965 [DEBUG] Cutout dir: /home/GAFOL/work/kspec_gfa_controller/src/img/cutout
2025-12-09 15:46:40,965 [INFO] GFAGuider setup complete.
2025-12-09 15:46:40,965 [INFO] Image save path: /home/GAFOL/work/kspec_gfa_controller/src/img/grab/2025-12-09
2025-12-09 15:46:40,965 [INFO] Grabbing from all plate cameras...
2025-12-09 15:46:40,965 [INFO] Grabbing from Cam1 (ExpTime=0.5, Binning=2)
2025-12-09 15:46:40,965 [INFO] Grabbing from Cam2 (ExpTime=0.5, Binning=2)
2025-12-09 15:46:40,965 [INFO] Grabbing from Cam3 (ExpTime=0.5, Binning=2)
2025-12-09 15:46:40,965 [INFO] Grabbing from Cam4 (ExpTime=0.5, Binning=2)
2025-12-09 15:46:40,965 [INFO] Grabbing from Cam5 (ExpTime=0.5, Binning=2)
2025-12-09 15:46:40,965 [INFO] Grabbing from Cam6 (ExpTime=0.5, Binning=2)
2025-12-09 15:46:42,341 [DEBUG] FITS file will be saved to: /home/GAFOL/work/kspec_gfa_controller/src/img/grab/2025-12-09/D20251209_T064642_40103663_exp0s.fits
2025-12-09 15:46:42,341 [DEBUG] Image array shape: (2304, 2664)
2025-12-09 15:46:42,341 [WARNING] No date_obs provided. Using current date.
2025-12-09 15:46:42,341 [WARNING] No time_obs provided. Using current time.
2025-12-09 15:46:42,341 [DEBUG] FITS header details: SIMPLE  =                    T                                                  BITPIX  =                  -32                                                  NAXIS   =                    2                                                  NAXIS1  =                 2664                                                  NAXIS2  =                 2304                                                  CTYPE1  = 'PIXEL   '                                                            CTYPE2  = 'PIXEL   '                                                            TELESCOP= 'KMTNET  '                                                            INSTRUME= 'KSPEC-GFA'                                                           OBSERVER= 'Mingyeong'                                                           OBJECT  = 'Unknown '                                                            DATE-OBS= '2025-12-09'                                                          TIME-OBS= '15:46:42'                                                            RA      = 'UNKNOWN '                                                            DEC     = 'UNKNOWN '                                                            EXPTIME =                  0.5                                                  COMMENT FITS file created with custom header fields                             END                                                                                                                                                                                                                                                                                                                                                                                                                                                                                                                                                                                                                                                                                                                                                                                                                                                                                                                                                                                                                                                                                                                                                                                                                                                                                                                                                                                                                                                                                                                                                                             
2025-12-09 15:46:42,353 [INFO] FITS file successfully saved to /home/GAFOL/work/kspec_gfa_controller/src/img/grab/2025-12-09/D20251209_T064642_40103663_exp0s.fits
2025-12-09 15:46:42,358 [DEBUG] FITS file will be saved to: /home/GAFOL/work/kspec_gfa_controller/src/img/grab/2025-12-09/D20251209_T064642_40103834_exp0s.fits
2025-12-09 15:46:42,358 [DEBUG] Image array shape: (2304, 2664)
2025-12-09 15:46:42,358 [WARNING] No date_obs provided. Using current date.
2025-12-09 15:46:42,358 [WARNING] No time_obs provided. Using current time.
2025-12-09 15:46:42,359 [DEBUG] FITS header details: SIMPLE  =                    T                                                  BITPIX  =                  -32                                                  NAXIS   =                    2                                                  NAXIS1  =                 2664                                                  NAXIS2  =                 2304                                                  CTYPE1  = 'PIXEL   '                                                            CTYPE2  = 'PIXEL   '                                                            TELESCOP= 'KMTNET  '                                                            INSTRUME= 'KSPEC-GFA'                                                           OBSERVER= 'Mingyeong'                                                           OBJECT  = 'Unknown '                                                            DATE-OBS= '2025-12-09'                                                          TIME-OBS= '15:46:42'                                                            RA      = 'UNKNOWN '                                                            DEC     = 'UNKNOWN '                                                            EXPTIME =                  0.5                                                  COMMENT FITS file created with custom header fields                             END                                                                                                                                                                                                                                                                                                                                                                                                                                                                                                                                                                                                                                                                                                                                                                                                                                                                                                                                                                                                                                                                                                                                                                                                                                                                                                                                                                                                                                                                                                                                                                             
2025-12-09 15:46:42,368 [INFO] FITS file successfully saved to /home/GAFOL/work/kspec_gfa_controller/src/img/grab/2025-12-09/D20251209_T064642_40103834_exp0s.fits
2025-12-09 15:46:42,369 [DEBUG] FITS file will be saved to: /home/GAFOL/work/kspec_gfa_controller/src/img/grab/2025-12-09/D20251209_T064642_40103831_exp0s.fits
2025-12-09 15:46:42,369 [DEBUG] Image array shape: (2304, 2664)
2025-12-09 15:46:42,369 [WARNING] No date_obs provided. Using current date.
2025-12-09 15:46:42,370 [WARNING] No time_obs provided. Using current time.
2025-12-09 15:46:42,370 [DEBUG] FITS header details: SIMPLE  =                    T                                                  BITPIX  =                  -32                                                  NAXIS   =                    2                                                  NAXIS1  =                 2664                                                  NAXIS2  =                 2304                                                  CTYPE1  = 'PIXEL   '                                                            CTYPE2  = 'PIXEL   '                                                            TELESCOP= 'KMTNET  '                                                            INSTRUME= 'KSPEC-GFA'                                                           OBSERVER= 'Mingyeong'                                                           OBJECT  = 'Unknown '                                                            DATE-OBS= '2025-12-09'                                                          TIME-OBS= '15:46:42'                                                            RA      = 'UNKNOWN '                                                            DEC     = 'UNKNOWN '                                                            EXPTIME =                  0.5                                                  COMMENT FITS file created with custom header fields                             END                                                                                                                                                                                                                                                                                                                                                                                                                                                                                                                                                                                                                                                                                                                                                                                                                                                                                                                                                                                                                                                                                                                                                                                                                                                                                                                                                                                                                                                                                                                                                                             
2025-12-09 15:46:42,384 [INFO] FITS file successfully saved to /home/GAFOL/work/kspec_gfa_controller/src/img/grab/2025-12-09/D20251209_T064642_40103831_exp0s.fits
2025-12-09 15:46:42,416 [DEBUG] FITS file will be saved to: /home/GAFOL/work/kspec_gfa_controller/src/img/grab/2025-12-09/D20251209_T064642_40103833_exp0s.fits
2025-12-09 15:46:42,416 [DEBUG] Image array shape: (2304, 2664)
2025-12-09 15:46:42,416 [WARNING] No date_obs provided. Using current date.
2025-12-09 15:46:42,416 [WARNING] No time_obs provided. Using current time.
2025-12-09 15:46:42,417 [DEBUG] FITS header details: SIMPLE  =                    T                                                  BITPIX  =                  -32                                                  NAXIS   =                    2                                                  NAXIS1  =                 2664                                                  NAXIS2  =                 2304                                                  CTYPE1  = 'PIXEL   '                                                            CTYPE2  = 'PIXEL   '                                                            TELESCOP= 'KMTNET  '                                                            INSTRUME= 'KSPEC-GFA'                                                           OBSERVER= 'Mingyeong'                                                           OBJECT  = 'Unknown '                                                            DATE-OBS= '2025-12-09'                                                          TIME-OBS= '15:46:42'                                                            RA      = 'UNKNOWN '                                                            DEC     = 'UNKNOWN '                                                            EXPTIME =                  0.5                                                  COMMENT FITS file created with custom header fields                             END                                                                                                                                                                                                                                                                                                                                                                                                                                                                                                                                                                                                                                                                                                                                                                                                                                                                                                                                                                                                                                                                                                                                                                                                                                                                                                                                                                                                                                                                                                                                                                             
2025-12-09 15:46:42,432 [INFO] FITS file successfully saved to /home/GAFOL/work/kspec_gfa_controller/src/img/grab/2025-12-09/D20251209_T064642_40103833_exp0s.fits
2025-12-09 15:46:42,434 [DEBUG] FITS file will be saved to: /home/GAFOL/work/kspec_gfa_controller/src/img/grab/2025-12-09/D20251209_T064642_40103651_exp0s.fits
2025-12-09 15:46:42,434 [DEBUG] Image array shape: (2304, 2664)
2025-12-09 15:46:42,434 [WARNING] No date_obs provided. Using current date.
2025-12-09 15:46:42,434 [WARNING] No time_obs provided. Using current time.
2025-12-09 15:46:42,435 [DEBUG] FITS header details: SIMPLE  =                    T                                                  BITPIX  =                  -32                                                  NAXIS   =                    2                                                  NAXIS1  =                 2664                                                  NAXIS2  =                 2304                                                  CTYPE1  = 'PIXEL   '                                                            CTYPE2  = 'PIXEL   '                                                            TELESCOP= 'KMTNET  '                                                            INSTRUME= 'KSPEC-GFA'                                                           OBSERVER= 'Mingyeong'                                                           OBJECT  = 'Unknown '                                                            DATE-OBS= '2025-12-09'                                                          TIME-OBS= '15:46:42'                                                            RA      = 'UNKNOWN '                                                            DEC     = 'UNKNOWN '                                                            EXPTIME =                  0.5                                                  COMMENT FITS file created with custom header fields                             END                                                                                                                                                                                                                                                                                                                                                                                                                                                                                                                                                                                                                                                                                                                                                                                                                                                                                                                                                                                                                                                                                                                                                                                                                                                                                                                                                                                                                                                                                                                                                                             
2025-12-09 15:46:42,445 [INFO] FITS file successfully saved to /home/GAFOL/work/kspec_gfa_controller/src/img/grab/2025-12-09/D20251209_T064642_40103651_exp0s.fits
2025-12-09 15:46:42,446 [DEBUG] FITS file will be saved to: /home/GAFOL/work/kspec_gfa_controller/src/img/grab/2025-12-09/D20251209_T064642_40103667_exp0s.fits
2025-12-09 15:46:42,446 [DEBUG] Image array shape: (2304, 2664)
2025-12-09 15:46:42,447 [WARNING] No date_obs provided. Using current date.
2025-12-09 15:46:42,447 [WARNING] No time_obs provided. Using current time.
2025-12-09 15:46:42,447 [DEBUG] FITS header details: SIMPLE  =                    T                                                  BITPIX  =                  -32                                                  NAXIS   =                    2                                                  NAXIS1  =                 2664                                                  NAXIS2  =                 2304                                                  CTYPE1  = 'PIXEL   '                                                            CTYPE2  = 'PIXEL   '                                                            TELESCOP= 'KMTNET  '                                                            INSTRUME= 'KSPEC-GFA'                                                           OBSERVER= 'Mingyeong'                                                           OBJECT  = 'Unknown '                                                            DATE-OBS= '2025-12-09'                                                          TIME-OBS= '15:46:42'                                                            RA      = 'UNKNOWN '                                                            DEC     = 'UNKNOWN '                                                            EXPTIME =                  0.5                                                  COMMENT FITS file created with custom header fields                             END                                                                                                                                                                                                                                                                                                                                                                                                                                                                                                                                                                                                                                                                                                                                                                                                                                                                                                                                                                                                                                                                                                                                                                                                                                                                                                                                                                                                                                                                                                                                                                             
2025-12-09 15:46:42,463 [INFO] FITS file successfully saved to /home/GAFOL/work/kspec_gfa_controller/src/img/grab/2025-12-09/D20251209_T064642_40103667_exp0s.fits
2025-12-09 15:47:11,508 [INFO] Initialized GFAEnvironment with role 'finder' and cameras [7]
2025-12-09 15:47:11,509 [INFO] Initializing GFAController with provided config.
2025-12-09 15:47:11,509 [INFO] GFAController initialization complete.
2025-12-09 15:47:12,096 [INFO] Cam7 opened (IP 192.168.88.79).
2025-12-09 15:47:12,096 [INFO] Saving finder image to: /home/GAFOL/work/kspec_gfa_controller/src/img/grab_finder/2025-12-09
2025-12-09 15:47:12,097 [INFO] Grabbing from Cam7 (ExpTime=0.3, Binning=1)
2025-12-09 15:47:15,251 [DEBUG] FITS file will be saved to: /home/GAFOL/work/kspec_gfa_controller/src/img/grab_finder/2025-12-09/D20251209_T064715_40630579_exp0s.fits
2025-12-09 15:47:15,251 [DEBUG] Image array shape: (4608, 5328)
2025-12-09 15:47:15,252 [WARNING] No date_obs provided. Using current date.
2025-12-09 15:47:15,252 [WARNING] No time_obs provided. Using current time.
2025-12-09 15:47:15,252 [DEBUG] FITS header details: SIMPLE  =                    T                                                  BITPIX  =                  -32                                                  NAXIS   =                    2                                                  NAXIS1  =                 5328                                                  NAXIS2  =                 4608                                                  CTYPE1  = 'PIXEL   '                                                            CTYPE2  = 'PIXEL   '                                                            TELESCOP= 'KMTNET  '                                                            INSTRUME= 'KSPEC-GFA'                                                           OBSERVER= 'Mingyeong'                                                           OBJECT  = 'Unknown '                                                            DATE-OBS= '2025-12-09'                                                          TIME-OBS= '15:47:15'                                                            RA      = 'UNKNOWN '                                                            DEC     = 'UNKNOWN '                                                            EXPTIME =                  0.3                                                  COMMENT FITS file created with custom header fields                             END                                                                                                                                                                                                                                                                                                                                                                                                                                                                                                                                                                                                                                                                                                                                                                                                                                                                                                                                                                                                                                                                                                                                                                                                                                                                                                                                                                                                                                                                                                                                                                             
2025-12-09 15:47:15,287 [INFO] FITS file successfully saved to /home/GAFOL/work/kspec_gfa_controller/src/img/grab_finder/2025-12-09/D20251209_T064715_40630579_exp0s.fits
2025-12-09 16:00:03,367 [INFO] Initialized GFAEnvironment with role 'plate' and cameras [1, 2, 3, 4, 5, 6]
2025-12-09 16:00:03,367 [INFO] Initializing GFAController with provided config.
2025-12-09 16:00:03,367 [INFO] GFAController initialization complete.
2025-12-09 16:00:03,894 [INFO] Cam1 opened.
2025-12-09 16:00:04,400 [INFO] Cam2 opened.
2025-12-09 16:00:04,904 [INFO] Cam3 opened.
2025-12-09 16:00:05,408 [INFO] Cam4 opened.
2025-12-09 16:00:05,913 [INFO] Cam5 opened.
2025-12-09 16:00:06,418 [INFO] Cam6 opened.
2025-12-09 16:00:06,418 [INFO] Initializing gfa_astrometry class.
2025-12-09 16:00:06,418 [INFO] Initializing GFAGuider...
2025-12-09 16:00:06,418 [DEBUG] Processed dir: /home/GAFOL/work/kspec_gfa_controller/src/img/procimg
2025-12-09 16:00:06,419 [DEBUG] Final astro dir: /home/GAFOL/work/kspec_gfa_controller/src/img/astroimg/
2025-12-09 16:00:06,419 [DEBUG] Cutout dir: /home/GAFOL/work/kspec_gfa_controller/src/img/cutout
2025-12-09 16:00:06,419 [INFO] GFAGuider setup complete.
2025-12-09 16:00:06,419 [INFO] Image save path: /home/GAFOL/work/kspec_gfa_controller/src/img/grab/2025-12-09
2025-12-09 16:00:06,419 [INFO] Grabbing from all plate cameras...
2025-12-09 16:00:06,419 [INFO] Grabbing from Cam1 (ExpTime=0.5, Binning=2)
2025-12-09 16:00:06,419 [INFO] Grabbing from Cam2 (ExpTime=0.5, Binning=2)
2025-12-09 16:00:06,419 [INFO] Grabbing from Cam3 (ExpTime=0.5, Binning=2)
2025-12-09 16:00:06,419 [INFO] Grabbing from Cam4 (ExpTime=0.5, Binning=2)
2025-12-09 16:00:06,419 [INFO] Grabbing from Cam5 (ExpTime=0.5, Binning=2)
2025-12-09 16:00:06,419 [INFO] Grabbing from Cam6 (ExpTime=0.5, Binning=2)
2025-12-09 16:00:07,773 [DEBUG] FITS file will be saved to: /home/GAFOL/work/kspec_gfa_controller/src/img/grab/2025-12-09/D20251209_T070007_40103663_exp0s.fits
2025-12-09 16:00:07,773 [DEBUG] Image array shape: (2304, 2664)
2025-12-09 16:00:07,774 [WARNING] No date_obs provided. Using current date.
2025-12-09 16:00:07,774 [WARNING] No time_obs provided. Using current time.
2025-12-09 16:00:07,774 [DEBUG] FITS header details: SIMPLE  =                    T                                                  BITPIX  =                  -32                                                  NAXIS   =                    2                                                  NAXIS1  =                 2664                                                  NAXIS2  =                 2304                                                  CTYPE1  = 'PIXEL   '                                                            CTYPE2  = 'PIXEL   '                                                            TELESCOP= 'KMTNET  '                                                            INSTRUME= 'KSPEC-GFA'                                                           OBSERVER= 'Mingyeong'                                                           OBJECT  = 'Unknown '                                                            DATE-OBS= '2025-12-09'                                                          TIME-OBS= '16:00:07'                                                            RA      = 'UNKNOWN '                                                            DEC     = 'UNKNOWN '                                                            EXPTIME =                  0.5                                                  COMMENT FITS file created with custom header fields                             END                                                                                                                                                                                                                                                                                                                                                                                                                                                                                                                                                                                                                                                                                                                                                                                                                                                                                                                                                                                                                                                                                                                                                                                                                                                                                                                                                                                                                                                                                                                                                                             
2025-12-09 16:00:07,786 [INFO] FITS file successfully saved to /home/GAFOL/work/kspec_gfa_controller/src/img/grab/2025-12-09/D20251209_T070007_40103663_exp0s.fits
2025-12-09 16:00:07,792 [DEBUG] FITS file will be saved to: /home/GAFOL/work/kspec_gfa_controller/src/img/grab/2025-12-09/D20251209_T070007_40103831_exp0s.fits
2025-12-09 16:00:07,792 [DEBUG] Image array shape: (2304, 2664)
2025-12-09 16:00:07,792 [WARNING] No date_obs provided. Using current date.
2025-12-09 16:00:07,792 [WARNING] No time_obs provided. Using current time.
2025-12-09 16:00:07,793 [DEBUG] FITS header details: SIMPLE  =                    T                                                  BITPIX  =                  -32                                                  NAXIS   =                    2                                                  NAXIS1  =                 2664                                                  NAXIS2  =                 2304                                                  CTYPE1  = 'PIXEL   '                                                            CTYPE2  = 'PIXEL   '                                                            TELESCOP= 'KMTNET  '                                                            INSTRUME= 'KSPEC-GFA'                                                           OBSERVER= 'Mingyeong'                                                           OBJECT  = 'Unknown '                                                            DATE-OBS= '2025-12-09'                                                          TIME-OBS= '16:00:07'                                                            RA      = 'UNKNOWN '                                                            DEC     = 'UNKNOWN '                                                            EXPTIME =                  0.5                                                  COMMENT FITS file created with custom header fields                             END                                                                                                                                                                                                                                                                                                                                                                                                                                                                                                                                                                                                                                                                                                                                                                                                                                                                                                                                                                                                                                                                                                                                                                                                                                                                                                                                                                                                                                                                                                                                                                             
2025-12-09 16:00:07,805 [INFO] FITS file successfully saved to /home/GAFOL/work/kspec_gfa_controller/src/img/grab/2025-12-09/D20251209_T070007_40103831_exp0s.fits
2025-12-09 16:00:07,806 [DEBUG] FITS file will be saved to: /home/GAFOL/work/kspec_gfa_controller/src/img/grab/2025-12-09/D20251209_T070007_40103834_exp0s.fits
2025-12-09 16:00:07,806 [DEBUG] Image array shape: (2304, 2664)
2025-12-09 16:00:07,806 [WARNING] No date_obs provided. Using current date.
2025-12-09 16:00:07,806 [WARNING] No time_obs provided. Using current time.
2025-12-09 16:00:07,807 [DEBUG] FITS header details: SIMPLE  =                    T                                                  BITPIX  =                  -32                                                  NAXIS   =                    2                                                  NAXIS1  =                 2664                                                  NAXIS2  =                 2304                                                  CTYPE1  = 'PIXEL   '                                                            CTYPE2  = 'PIXEL   '                                                            TELESCOP= 'KMTNET  '                                                            INSTRUME= 'KSPEC-GFA'                                                           OBSERVER= 'Mingyeong'                                                           OBJECT  = 'Unknown '                                                            DATE-OBS= '2025-12-09'                                                          TIME-OBS= '16:00:07'                                                            RA      = 'UNKNOWN '                                                            DEC     = 'UNKNOWN '                                                            EXPTIME =                  0.5                                                  COMMENT FITS file created with custom header fields                             END                                                                                                                                                                                                                                                                                                                                                                                                                                                                                                                                                                                                                                                                                                                                                                                                                                                                                                                                                                                                                                                                                                                                                                                                                                                                                                                                                                                                                                                                                                                                                                             
2025-12-09 16:00:07,818 [INFO] FITS file successfully saved to /home/GAFOL/work/kspec_gfa_controller/src/img/grab/2025-12-09/D20251209_T070007_40103834_exp0s.fits
2025-12-09 16:00:07,849 [DEBUG] FITS file will be saved to: /home/GAFOL/work/kspec_gfa_controller/src/img/grab/2025-12-09/D20251209_T070007_40103833_exp0s.fits
2025-12-09 16:00:07,849 [DEBUG] Image array shape: (2304, 2664)
2025-12-09 16:00:07,849 [WARNING] No date_obs provided. Using current date.
2025-12-09 16:00:07,849 [WARNING] No time_obs provided. Using current time.
2025-12-09 16:00:07,850 [DEBUG] FITS header details: SIMPLE  =                    T                                                  BITPIX  =                  -32                                                  NAXIS   =                    2                                                  NAXIS1  =                 2664                                                  NAXIS2  =                 2304                                                  CTYPE1  = 'PIXEL   '                                                            CTYPE2  = 'PIXEL   '                                                            TELESCOP= 'KMTNET  '                                                            INSTRUME= 'KSPEC-GFA'                                                           OBSERVER= 'Mingyeong'                                                           OBJECT  = 'Unknown '                                                            DATE-OBS= '2025-12-09'                                                          TIME-OBS= '16:00:07'                                                            RA      = 'UNKNOWN '                                                            DEC     = 'UNKNOWN '                                                            EXPTIME =                  0.5                                                  COMMENT FITS file created with custom header fields                             END                                                                                                                                                                                                                                                                                                                                                                                                                                                                                                                                                                                                                                                                                                                                                                                                                                                                                                                                                                                                                                                                                                                                                                                                                                                                                                                                                                                                                                                                                                                                                                             
2025-12-09 16:00:07,862 [INFO] FITS file successfully saved to /home/GAFOL/work/kspec_gfa_controller/src/img/grab/2025-12-09/D20251209_T070007_40103833_exp0s.fits
2025-12-09 16:00:07,863 [DEBUG] FITS file will be saved to: /home/GAFOL/work/kspec_gfa_controller/src/img/grab/2025-12-09/D20251209_T070007_40103667_exp0s.fits
2025-12-09 16:00:07,863 [DEBUG] Image array shape: (2304, 2664)
2025-12-09 16:00:07,863 [WARNING] No date_obs provided. Using current date.
2025-12-09 16:00:07,864 [WARNING] No time_obs provided. Using current time.
2025-12-09 16:00:07,864 [DEBUG] FITS header details: SIMPLE  =                    T                                                  BITPIX  =                  -32                                                  NAXIS   =                    2                                                  NAXIS1  =                 2664                                                  NAXIS2  =                 2304                                                  CTYPE1  = 'PIXEL   '                                                            CTYPE2  = 'PIXEL   '                                                            TELESCOP= 'KMTNET  '                                                            INSTRUME= 'KSPEC-GFA'                                                           OBSERVER= 'Mingyeong'                                                           OBJECT  = 'Unknown '                                                            DATE-OBS= '2025-12-09'                                                          TIME-OBS= '16:00:07'                                                            RA      = 'UNKNOWN '                                                            DEC     = 'UNKNOWN '                                                            EXPTIME =                  0.5                                                  COMMENT FITS file created with custom header fields                             END                                                                                                                                                                                                                                                                                                                                                                                                                                                                                                                                                                                                                                                                                                                                                                                                                                                                                                                                                                                                                                                                                                                                                                                                                                                                                                                                                                                                                                                                                                                                                                             
2025-12-09 16:00:07,873 [INFO] FITS file successfully saved to /home/GAFOL/work/kspec_gfa_controller/src/img/grab/2025-12-09/D20251209_T070007_40103667_exp0s.fits
2025-12-09 16:00:07,875 [DEBUG] FITS file will be saved to: /home/GAFOL/work/kspec_gfa_controller/src/img/grab/2025-12-09/D20251209_T070007_40103651_exp0s.fits
2025-12-09 16:00:07,875 [DEBUG] Image array shape: (2304, 2664)
2025-12-09 16:00:07,876 [WARNING] No date_obs provided. Using current date.
2025-12-09 16:00:07,876 [WARNING] No time_obs provided. Using current time.
2025-12-09 16:00:07,876 [DEBUG] FITS header details: SIMPLE  =                    T                                                  BITPIX  =                  -32                                                  NAXIS   =                    2                                                  NAXIS1  =                 2664                                                  NAXIS2  =                 2304                                                  CTYPE1  = 'PIXEL   '                                                            CTYPE2  = 'PIXEL   '                                                            TELESCOP= 'KMTNET  '                                                            INSTRUME= 'KSPEC-GFA'                                                           OBSERVER= 'Mingyeong'                                                           OBJECT  = 'Unknown '                                                            DATE-OBS= '2025-12-09'                                                          TIME-OBS= '16:00:07'                                                            RA      = 'UNKNOWN '                                                            DEC     = 'UNKNOWN '                                                            EXPTIME =                  0.5                                                  COMMENT FITS file created with custom header fields                             END                                                                                                                                                                                                                                                                                                                                                                                                                                                                                                                                                                                                                                                                                                                                                                                                                                                                                                                                                                                                                                                                                                                                                                                                                                                                                                                                                                                                                                                                                                                                                                             
2025-12-09 16:00:07,893 [INFO] FITS file successfully saved to /home/GAFOL/work/kspec_gfa_controller/src/img/grab/2025-12-09/D20251209_T070007_40103651_exp0s.fits
