2025-12-24 15:45:21,027 [INFO] Initialized GFAEnvironment with role 'plate' and cameras [1, 2, 3, 4, 5, 6]
2025-12-24 15:45:21,027 [INFO] Initializing gfa_astrometry class.
2025-12-24 15:45:21,028 [INFO] Initializing GFAGuider...
2025-12-24 15:45:21,028 [DEBUG] Processed dir: /media/shyunc/DATA/KSpec/KSPEC_ICS/GFA/Simul/kspec_gfa_controller/src/img/procimg
2025-12-24 15:45:21,028 [DEBUG] Final astro dir: /media/shyunc/DATA/KSpec/KSPEC_ICS/GFA/Simul/kspec_gfa_controller/src/img/astroimg/
2025-12-24 15:45:21,028 [DEBUG] Cutout dir: /media/shyunc/DATA/KSpec/KSPEC_ICS/GFA/Simul/kspec_gfa_controller/src/img/cutout
2025-12-24 15:45:21,028 [INFO] GFAGuider setup complete.
2025-12-24 15:45:21,029 [INFO] Initialized GFAEnvironment with role 'finder' and cameras [7]
2025-12-24 15:48:40,222 [INFO] Querying camera statuses...
2025-12-24 15:49:52,308 [INFO] Starting pointing sequence...
2025-12-24 15:49:52,308 [INFO] Target RA/DEC: 12:45:23.45, -32:45:23.56
2025-12-24 15:49:52,309 [INFO] Pointing raw save path: /media/shyunc/DATA/KSpec/KSPEC_ICS/GFA/Simul/kspec_gfa_controller/src/img/pointing_raw/2025-12-24
2025-12-24 15:49:52,311 [INFO] Grabbing pointing images (CamNum=0, ExpTime=5.0, Binning=4)...
2025-12-24 15:49:52,311 [ERROR] No FITS images found in /media/shyunc/DATA/KSpec/KSPEC_ICS/GFA/Simul/kspec_gfa_controller/src/img/pointing_raw/2025-12-24
2025-12-24 15:52:22,516 [INFO] Starting pointing sequence...
2025-12-24 15:52:22,516 [INFO] Target RA/DEC: 12:45:23.45, -32:45:23.56
2025-12-24 15:52:22,516 [INFO] Pointing raw save path: /media/shyunc/DATA/KSpec/KSPEC_ICS/GFA/Simul/kspec_gfa_controller/src/img/pointing_raw/2025-12-24
2025-12-24 15:52:22,520 [INFO] Grabbing pointing images (CamNum=0, ExpTime=5.0, Binning=4)...
2025-12-24 15:52:22,520 [ERROR] No FITS images found in /media/shyunc/DATA/KSpec/KSPEC_ICS/GFA/Simul/kspec_gfa_controller/src/img/pointing_raw/2025-12-24
2025-12-24 15:52:52,855 [INFO] Starting pointing sequence...
2025-12-24 15:52:52,855 [INFO] Target RA/DEC: 12:45:23.45, -32:45:23.56
2025-12-24 15:52:52,855 [INFO] Pointing raw save path: /media/shyunc/DATA/KSpec/KSPEC_ICS/GFA/Simul/kspec_gfa_controller/src/img/pointing_raw/2025-12-24
2025-12-24 15:52:52,857 [INFO] Grabbing pointing images (CamNum=0, ExpTime=5.0, Binning=4)...
2025-12-24 15:52:52,857 [ERROR] No FITS images found in /media/shyunc/DATA/KSpec/KSPEC_ICS/GFA/Simul/kspec_gfa_controller/src/img/pointing_raw/2025-12-24
2025-12-24 16:00:12,031 [INFO] Querying camera statuses...
2025-12-24 16:01:01,367 [INFO] Starting pointing sequence...
2025-12-24 16:01:01,367 [INFO] Target RA/DEC: 13:45:23.45, -31:23:45.6
2025-12-24 16:01:01,367 [INFO] Pointing raw save path: /media/shyunc/DATA/KSpec/KSPEC_ICS/GFA/Simul/kspec_gfa_controller/src/img/pointing_raw/2025-12-24
2025-12-24 16:01:01,371 [INFO] Grabbing pointing images (CamNum=0, ExpTime=5.0, Binning=4)...
2025-12-24 16:01:01,371 [ERROR] No FITS images found in /media/shyunc/DATA/KSpec/KSPEC_ICS/GFA/Simul/kspec_gfa_controller/src/img/pointing_raw/2025-12-24
2025-12-24 16:01:39,568 [INFO] Initialized GFAEnvironment with role 'plate' and cameras [1, 2, 3, 4, 5, 6]
2025-12-24 16:01:39,568 [INFO] Initializing gfa_astrometry class.
2025-12-24 16:01:39,569 [INFO] Initializing GFAGuider...
2025-12-24 16:01:39,569 [DEBUG] Processed dir: /media/shyunc/DATA/KSpec/KSPEC_ICS/GFA/Simul/kspec_gfa_controller/src/img/procimg
2025-12-24 16:01:39,569 [DEBUG] Final astro dir: /media/shyunc/DATA/KSpec/KSPEC_ICS/GFA/Simul/kspec_gfa_controller/src/img/astroimg/
2025-12-24 16:01:39,569 [DEBUG] Cutout dir: /media/shyunc/DATA/KSpec/KSPEC_ICS/GFA/Simul/kspec_gfa_controller/src/img/cutout
2025-12-24 16:01:39,569 [INFO] GFAGuider setup complete.
2025-12-24 16:01:39,569 [INFO] Initialized GFAEnvironment with role 'finder' and cameras [7]
2025-12-24 16:01:44,271 [INFO] Starting pointing sequence...
2025-12-24 16:01:44,272 [INFO] Target RA/DEC: 13:45:23.45, -31:23:45.6
2025-12-24 16:01:44,272 [INFO] Pointing raw save path: /media/shyunc/DATA/KSpec/KSPEC_ICS/GFA/Simul/kspec_gfa_controller/src/img/pointing_raw/2025-12-24
2025-12-24 16:01:44,272 [INFO] Grabbing pointing images (CamNum=0, ExpTime=5.0, Binning=4)...
2025-12-24 16:01:44,273 [INFO] Found 4 images for pointing.
2025-12-24 16:01:44,273 [INFO] Solving astrometry for CRVALs (max_workers=4)...
