2025-03-13 09:54:43,787 [INFO] Configuration file found: /media/shyunc/DATA/KSpec/KSPEC_ICS/GFA/Simul/kspec_gfa_controller/src/etc/cams.json (at gfa_actions.py)
2025-03-13 09:54:43,787 [INFO] Configuration file found: /media/shyunc/DATA/KSpec/KSPEC_ICS/GFA/Simul/kspec_gfa_controller/src/etc/astrometry_params.json (at gfa_actions.py)
2025-03-13 09:54:43,787 [INFO] Initializing gfa_astrometry class. (at gfa_actions.py)
2025-03-13 09:54:43,788 [INFO] Loaded 4 FITS files. (at gfa_actions.py)
2025-03-13 09:54:43,788 [INFO] Initializing GFAGuider... (at gfa_actions.py)
2025-03-13 09:54:43,788 [INFO] GFAGuider setup complete. (at gfa_actions.py)
2025-03-13 09:56:50,340 [INFO] Guiding starts... (at gfa_actions.py)
2025-03-13 09:56:50,341 [INFO] Step #1: Grab an image (uncomment if needed). (at gfa_actions.py)
2025-03-13 09:56:50,342 [INFO] Step #2: Astrometry... (at gfa_actions.py)
2025-03-13 09:56:50,342 [INFO] Step #3: Calculating the offset... (at gfa_actions.py)
2025-03-13 09:56:50,342 [INFO] Starting guide star calibration process. (at gfa_actions.py)
2025-03-13 09:56:50,344 [INFO] Found 4 astrometry files and 4 processed files. (at gfa_actions.py)
2025-03-13 09:56:50,345 [INFO] Processing FITS: /media/shyunc/DATA/KSpec/KSPEC_ICS/GFA/Simul/kspec_gfa_controller/src/img/astroimg/astro_proc_KMTNge.20231211T102558.0001.fits & /media/shyunc/DATA/KSpec/KSPEC_ICS/GFA/Simul/kspec_gfa_controller/src/img/procimg/proc_KMTNge.20231211T102558.0001.fits (at gfa_actions.py)
2025-03-13 09:56:50,364 [INFO] Performing sigma clipping to derive background and stddev. (at gfa_actions.py)
2025-03-13 09:56:50,522 [INFO] Processing FITS: /media/shyunc/DATA/KSpec/KSPEC_ICS/GFA/Simul/kspec_gfa_controller/src/img/astroimg/astro_proc_KMTNgn.20231211T102558.0001.fits & /media/shyunc/DATA/KSpec/KSPEC_ICS/GFA/Simul/kspec_gfa_controller/src/img/procimg/proc_KMTNgn.20231211T102558.0001.fits (at gfa_actions.py)
2025-03-13 09:56:50,529 [INFO] Performing sigma clipping to derive background and stddev. (at gfa_actions.py)
2025-03-13 09:56:50,647 [INFO] Processing FITS: /media/shyunc/DATA/KSpec/KSPEC_ICS/GFA/Simul/kspec_gfa_controller/src/img/astroimg/astro_proc_KMTNgs.20231211T102558.0001.fits & /media/shyunc/DATA/KSpec/KSPEC_ICS/GFA/Simul/kspec_gfa_controller/src/img/procimg/proc_KMTNgs.20231211T102558.0001.fits (at gfa_actions.py)
2025-03-13 09:56:50,654 [INFO] Performing sigma clipping to derive background and stddev. (at gfa_actions.py)
2025-03-13 09:56:50,776 [INFO] Processing FITS: /media/shyunc/DATA/KSpec/KSPEC_ICS/GFA/Simul/kspec_gfa_controller/src/img/astroimg/astro_proc_KMTNgw.20231211T102558.0001.fits & /media/shyunc/DATA/KSpec/KSPEC_ICS/GFA/Simul/kspec_gfa_controller/src/img/procimg/proc_KMTNgw.20231211T102558.0001.fits (at gfa_actions.py)
2025-03-13 09:56:50,783 [INFO] Performing sigma clipping to derive background and stddev. (at gfa_actions.py)
2025-03-13 09:56:50,891 [WARNING] Offsets within critical threshold; returning 0, 0. (at gfa_actions.py)
2025-03-13 09:56:50,894 [INFO] FWHM: 1.81 arcsec (at gfa_actions.py)
2025-03-13 09:56:50,894 [INFO] Guide star calibration complete. Offsets => fdx=0.00000, fdy=0.00000, FWHM=1.80589 (at gfa_actions.py)
2025-03-13 09:56:50,894 [INFO] Offsets calculated: fdx= $$, fdy=$$, FWHM=$$$ arcsec (at gfa_actions.py)
2025-03-13 09:57:50,903 [INFO] Guiding starts... (at gfa_actions.py)
2025-03-13 09:57:50,904 [INFO] Step #1: Grab an image (uncomment if needed). (at gfa_actions.py)
2025-03-13 09:57:50,904 [INFO] Step #2: Astrometry... (at gfa_actions.py)
2025-03-13 09:57:50,905 [INFO] Step #3: Calculating the offset... (at gfa_actions.py)
2025-03-13 09:57:50,905 [INFO] Starting guide star calibration process. (at gfa_actions.py)
2025-03-13 09:57:50,907 [INFO] Found 4 astrometry files and 4 processed files. (at gfa_actions.py)
2025-03-13 09:57:50,908 [INFO] Processing FITS: /media/shyunc/DATA/KSpec/KSPEC_ICS/GFA/Simul/kspec_gfa_controller/src/img/astroimg/astro_proc_KMTNge.20231211T102558.0001.fits & /media/shyunc/DATA/KSpec/KSPEC_ICS/GFA/Simul/kspec_gfa_controller/src/img/procimg/proc_KMTNge.20231211T102558.0001.fits (at gfa_actions.py)
2025-03-13 09:57:50,916 [INFO] Performing sigma clipping to derive background and stddev. (at gfa_actions.py)
2025-03-13 09:57:51,029 [INFO] Processing FITS: /media/shyunc/DATA/KSpec/KSPEC_ICS/GFA/Simul/kspec_gfa_controller/src/img/astroimg/astro_proc_KMTNgn.20231211T102558.0001.fits & /media/shyunc/DATA/KSpec/KSPEC_ICS/GFA/Simul/kspec_gfa_controller/src/img/procimg/proc_KMTNgn.20231211T102558.0001.fits (at gfa_actions.py)
2025-03-13 09:57:51,036 [INFO] Performing sigma clipping to derive background and stddev. (at gfa_actions.py)
2025-03-13 09:57:51,153 [INFO] Processing FITS: /media/shyunc/DATA/KSpec/KSPEC_ICS/GFA/Simul/kspec_gfa_controller/src/img/astroimg/astro_proc_KMTNgs.20231211T102558.0001.fits & /media/shyunc/DATA/KSpec/KSPEC_ICS/GFA/Simul/kspec_gfa_controller/src/img/procimg/proc_KMTNgs.20231211T102558.0001.fits (at gfa_actions.py)
2025-03-13 09:57:51,160 [INFO] Performing sigma clipping to derive background and stddev. (at gfa_actions.py)
2025-03-13 09:57:51,282 [INFO] Processing FITS: /media/shyunc/DATA/KSpec/KSPEC_ICS/GFA/Simul/kspec_gfa_controller/src/img/astroimg/astro_proc_KMTNgw.20231211T102558.0001.fits & /media/shyunc/DATA/KSpec/KSPEC_ICS/GFA/Simul/kspec_gfa_controller/src/img/procimg/proc_KMTNgw.20231211T102558.0001.fits (at gfa_actions.py)
2025-03-13 09:57:51,288 [INFO] Performing sigma clipping to derive background and stddev. (at gfa_actions.py)
2025-03-13 09:57:51,398 [WARNING] Offsets within critical threshold; returning 0, 0. (at gfa_actions.py)
2025-03-13 09:57:51,401 [INFO] FWHM: 1.81 arcsec (at gfa_actions.py)
2025-03-13 09:57:51,401 [INFO] Guide star calibration complete. Offsets => fdx=0.00000, fdy=0.00000, FWHM=1.80589 (at gfa_actions.py)
2025-03-13 09:57:51,401 [INFO] Offsets calculated: fdx= $$, fdy=$$, FWHM=$$$ arcsec (at gfa_actions.py)
2025-03-13 09:58:51,410 [INFO] Guiding starts... (at gfa_actions.py)
2025-03-13 09:58:51,411 [INFO] Step #1: Grab an image (uncomment if needed). (at gfa_actions.py)
2025-03-13 09:58:51,412 [INFO] Step #2: Astrometry... (at gfa_actions.py)
2025-03-13 09:58:51,412 [INFO] Step #3: Calculating the offset... (at gfa_actions.py)
2025-03-13 09:58:51,413 [INFO] Starting guide star calibration process. (at gfa_actions.py)
2025-03-13 09:58:51,415 [INFO] Found 4 astrometry files and 4 processed files. (at gfa_actions.py)
2025-03-13 09:58:51,416 [INFO] Processing FITS: /media/shyunc/DATA/KSpec/KSPEC_ICS/GFA/Simul/kspec_gfa_controller/src/img/astroimg/astro_proc_KMTNge.20231211T102558.0001.fits & /media/shyunc/DATA/KSpec/KSPEC_ICS/GFA/Simul/kspec_gfa_controller/src/img/procimg/proc_KMTNge.20231211T102558.0001.fits (at gfa_actions.py)
2025-03-13 09:58:51,426 [INFO] Performing sigma clipping to derive background and stddev. (at gfa_actions.py)
2025-03-13 09:58:51,545 [INFO] Processing FITS: /media/shyunc/DATA/KSpec/KSPEC_ICS/GFA/Simul/kspec_gfa_controller/src/img/astroimg/astro_proc_KMTNgn.20231211T102558.0001.fits & /media/shyunc/DATA/KSpec/KSPEC_ICS/GFA/Simul/kspec_gfa_controller/src/img/procimg/proc_KMTNgn.20231211T102558.0001.fits (at gfa_actions.py)
2025-03-13 09:58:51,552 [INFO] Performing sigma clipping to derive background and stddev. (at gfa_actions.py)
2025-03-13 09:58:51,669 [INFO] Processing FITS: /media/shyunc/DATA/KSpec/KSPEC_ICS/GFA/Simul/kspec_gfa_controller/src/img/astroimg/astro_proc_KMTNgs.20231211T102558.0001.fits & /media/shyunc/DATA/KSpec/KSPEC_ICS/GFA/Simul/kspec_gfa_controller/src/img/procimg/proc_KMTNgs.20231211T102558.0001.fits (at gfa_actions.py)
2025-03-13 09:58:51,676 [INFO] Performing sigma clipping to derive background and stddev. (at gfa_actions.py)
2025-03-13 09:58:51,796 [INFO] Processing FITS: /media/shyunc/DATA/KSpec/KSPEC_ICS/GFA/Simul/kspec_gfa_controller/src/img/astroimg/astro_proc_KMTNgw.20231211T102558.0001.fits & /media/shyunc/DATA/KSpec/KSPEC_ICS/GFA/Simul/kspec_gfa_controller/src/img/procimg/proc_KMTNgw.20231211T102558.0001.fits (at gfa_actions.py)
2025-03-13 09:58:51,803 [INFO] Performing sigma clipping to derive background and stddev. (at gfa_actions.py)
2025-03-13 09:58:51,909 [WARNING] Offsets within critical threshold; returning 0, 0. (at gfa_actions.py)
2025-03-13 09:58:51,911 [INFO] FWHM: 1.81 arcsec (at gfa_actions.py)
2025-03-13 09:58:51,911 [INFO] Guide star calibration complete. Offsets => fdx=0.00000, fdy=0.00000, FWHM=1.80589 (at gfa_actions.py)
2025-03-13 09:58:51,912 [INFO] Offsets calculated: fdx= $$, fdy=$$, FWHM=$$$ arcsec (at gfa_actions.py)
2025-03-13 09:59:51,921 [INFO] Guiding starts... (at gfa_actions.py)
2025-03-13 09:59:51,922 [INFO] Step #1: Grab an image (uncomment if needed). (at gfa_actions.py)
2025-03-13 09:59:51,922 [INFO] Step #2: Astrometry... (at gfa_actions.py)
2025-03-13 09:59:51,922 [INFO] Step #3: Calculating the offset... (at gfa_actions.py)
2025-03-13 09:59:51,923 [INFO] Starting guide star calibration process. (at gfa_actions.py)
2025-03-13 09:59:51,925 [INFO] Found 4 astrometry files and 4 processed files. (at gfa_actions.py)
2025-03-13 09:59:51,925 [INFO] Processing FITS: /media/shyunc/DATA/KSpec/KSPEC_ICS/GFA/Simul/kspec_gfa_controller/src/img/astroimg/astro_proc_KMTNge.20231211T102558.0001.fits & /media/shyunc/DATA/KSpec/KSPEC_ICS/GFA/Simul/kspec_gfa_controller/src/img/procimg/proc_KMTNge.20231211T102558.0001.fits (at gfa_actions.py)
2025-03-13 09:59:51,955 [INFO] Performing sigma clipping to derive background and stddev. (at gfa_actions.py)
2025-03-13 09:59:52,070 [INFO] Processing FITS: /media/shyunc/DATA/KSpec/KSPEC_ICS/GFA/Simul/kspec_gfa_controller/src/img/astroimg/astro_proc_KMTNgn.20231211T102558.0001.fits & /media/shyunc/DATA/KSpec/KSPEC_ICS/GFA/Simul/kspec_gfa_controller/src/img/procimg/proc_KMTNgn.20231211T102558.0001.fits (at gfa_actions.py)
2025-03-13 09:59:52,077 [INFO] Performing sigma clipping to derive background and stddev. (at gfa_actions.py)
2025-03-13 09:59:52,193 [INFO] Processing FITS: /media/shyunc/DATA/KSpec/KSPEC_ICS/GFA/Simul/kspec_gfa_controller/src/img/astroimg/astro_proc_KMTNgs.20231211T102558.0001.fits & /media/shyunc/DATA/KSpec/KSPEC_ICS/GFA/Simul/kspec_gfa_controller/src/img/procimg/proc_KMTNgs.20231211T102558.0001.fits (at gfa_actions.py)
2025-03-13 09:59:52,200 [INFO] Performing sigma clipping to derive background and stddev. (at gfa_actions.py)
2025-03-13 09:59:52,320 [INFO] Processing FITS: /media/shyunc/DATA/KSpec/KSPEC_ICS/GFA/Simul/kspec_gfa_controller/src/img/astroimg/astro_proc_KMTNgw.20231211T102558.0001.fits & /media/shyunc/DATA/KSpec/KSPEC_ICS/GFA/Simul/kspec_gfa_controller/src/img/procimg/proc_KMTNgw.20231211T102558.0001.fits (at gfa_actions.py)
2025-03-13 09:59:52,327 [INFO] Performing sigma clipping to derive background and stddev. (at gfa_actions.py)
2025-03-13 09:59:52,434 [WARNING] Offsets within critical threshold; returning 0, 0. (at gfa_actions.py)
2025-03-13 09:59:52,436 [INFO] FWHM: 1.81 arcsec (at gfa_actions.py)
2025-03-13 09:59:52,436 [INFO] Guide star calibration complete. Offsets => fdx=0.00000, fdy=0.00000, FWHM=1.80589 (at gfa_actions.py)
2025-03-13 09:59:52,436 [INFO] Offsets calculated: fdx= $$, fdy=$$, FWHM=$$$ arcsec (at gfa_actions.py)
2025-03-13 10:00:52,446 [INFO] Guiding starts... (at gfa_actions.py)
2025-03-13 10:00:52,447 [INFO] Step #1: Grab an image (uncomment if needed). (at gfa_actions.py)
2025-03-13 10:00:52,448 [INFO] Step #2: Astrometry... (at gfa_actions.py)
2025-03-13 10:00:52,448 [INFO] Step #3: Calculating the offset... (at gfa_actions.py)
2025-03-13 10:00:52,449 [INFO] Starting guide star calibration process. (at gfa_actions.py)
2025-03-13 10:00:52,450 [INFO] Found 4 astrometry files and 4 processed files. (at gfa_actions.py)
2025-03-13 10:00:52,451 [INFO] Processing FITS: /media/shyunc/DATA/KSpec/KSPEC_ICS/GFA/Simul/kspec_gfa_controller/src/img/astroimg/astro_proc_KMTNge.20231211T102558.0001.fits & /media/shyunc/DATA/KSpec/KSPEC_ICS/GFA/Simul/kspec_gfa_controller/src/img/procimg/proc_KMTNge.20231211T102558.0001.fits (at gfa_actions.py)
2025-03-13 10:00:52,466 [INFO] Performing sigma clipping to derive background and stddev. (at gfa_actions.py)
2025-03-13 10:00:52,577 [INFO] Processing FITS: /media/shyunc/DATA/KSpec/KSPEC_ICS/GFA/Simul/kspec_gfa_controller/src/img/astroimg/astro_proc_KMTNgn.20231211T102558.0001.fits & /media/shyunc/DATA/KSpec/KSPEC_ICS/GFA/Simul/kspec_gfa_controller/src/img/procimg/proc_KMTNgn.20231211T102558.0001.fits (at gfa_actions.py)
2025-03-13 10:00:52,584 [INFO] Performing sigma clipping to derive background and stddev. (at gfa_actions.py)
2025-03-13 10:00:52,702 [INFO] Processing FITS: /media/shyunc/DATA/KSpec/KSPEC_ICS/GFA/Simul/kspec_gfa_controller/src/img/astroimg/astro_proc_KMTNgs.20231211T102558.0001.fits & /media/shyunc/DATA/KSpec/KSPEC_ICS/GFA/Simul/kspec_gfa_controller/src/img/procimg/proc_KMTNgs.20231211T102558.0001.fits (at gfa_actions.py)
2025-03-13 10:00:52,709 [INFO] Performing sigma clipping to derive background and stddev. (at gfa_actions.py)
2025-03-13 10:00:52,830 [INFO] Processing FITS: /media/shyunc/DATA/KSpec/KSPEC_ICS/GFA/Simul/kspec_gfa_controller/src/img/astroimg/astro_proc_KMTNgw.20231211T102558.0001.fits & /media/shyunc/DATA/KSpec/KSPEC_ICS/GFA/Simul/kspec_gfa_controller/src/img/procimg/proc_KMTNgw.20231211T102558.0001.fits (at gfa_actions.py)
2025-03-13 10:00:52,836 [INFO] Performing sigma clipping to derive background and stddev. (at gfa_actions.py)
2025-03-13 10:00:52,943 [WARNING] Offsets within critical threshold; returning 0, 0. (at gfa_actions.py)
2025-03-13 10:00:52,946 [INFO] FWHM: 1.81 arcsec (at gfa_actions.py)
2025-03-13 10:00:52,946 [INFO] Guide star calibration complete. Offsets => fdx=0.00000, fdy=0.00000, FWHM=1.80589 (at gfa_actions.py)
2025-03-13 10:00:52,946 [INFO] Offsets calculated: fdx= $$, fdy=$$, FWHM=$$$ arcsec (at gfa_actions.py)
2025-03-13 10:01:52,957 [INFO] Guiding starts... (at gfa_actions.py)
2025-03-13 10:01:52,958 [INFO] Step #1: Grab an image (uncomment if needed). (at gfa_actions.py)
2025-03-13 10:01:52,958 [INFO] Step #2: Astrometry... (at gfa_actions.py)
2025-03-13 10:01:52,959 [INFO] Step #3: Calculating the offset... (at gfa_actions.py)
2025-03-13 10:01:52,959 [INFO] Starting guide star calibration process. (at gfa_actions.py)
2025-03-13 10:01:52,961 [INFO] Found 4 astrometry files and 4 processed files. (at gfa_actions.py)
2025-03-13 10:01:52,962 [INFO] Processing FITS: /media/shyunc/DATA/KSpec/KSPEC_ICS/GFA/Simul/kspec_gfa_controller/src/img/astroimg/astro_proc_KMTNge.20231211T102558.0001.fits & /media/shyunc/DATA/KSpec/KSPEC_ICS/GFA/Simul/kspec_gfa_controller/src/img/procimg/proc_KMTNge.20231211T102558.0001.fits (at gfa_actions.py)
2025-03-13 10:01:52,970 [INFO] Performing sigma clipping to derive background and stddev. (at gfa_actions.py)
2025-03-13 10:01:53,080 [INFO] Processing FITS: /media/shyunc/DATA/KSpec/KSPEC_ICS/GFA/Simul/kspec_gfa_controller/src/img/astroimg/astro_proc_KMTNgn.20231211T102558.0001.fits & /media/shyunc/DATA/KSpec/KSPEC_ICS/GFA/Simul/kspec_gfa_controller/src/img/procimg/proc_KMTNgn.20231211T102558.0001.fits (at gfa_actions.py)
2025-03-13 10:01:53,087 [INFO] Performing sigma clipping to derive background and stddev. (at gfa_actions.py)
2025-03-13 10:01:53,204 [INFO] Processing FITS: /media/shyunc/DATA/KSpec/KSPEC_ICS/GFA/Simul/kspec_gfa_controller/src/img/astroimg/astro_proc_KMTNgs.20231211T102558.0001.fits & /media/shyunc/DATA/KSpec/KSPEC_ICS/GFA/Simul/kspec_gfa_controller/src/img/procimg/proc_KMTNgs.20231211T102558.0001.fits (at gfa_actions.py)
2025-03-13 10:01:53,211 [INFO] Performing sigma clipping to derive background and stddev. (at gfa_actions.py)
2025-03-13 10:01:53,331 [INFO] Processing FITS: /media/shyunc/DATA/KSpec/KSPEC_ICS/GFA/Simul/kspec_gfa_controller/src/img/astroimg/astro_proc_KMTNgw.20231211T102558.0001.fits & /media/shyunc/DATA/KSpec/KSPEC_ICS/GFA/Simul/kspec_gfa_controller/src/img/procimg/proc_KMTNgw.20231211T102558.0001.fits (at gfa_actions.py)
2025-03-13 10:01:53,338 [INFO] Performing sigma clipping to derive background and stddev. (at gfa_actions.py)
2025-03-13 10:01:53,444 [WARNING] Offsets within critical threshold; returning 0, 0. (at gfa_actions.py)
2025-03-13 10:01:53,446 [INFO] FWHM: 1.81 arcsec (at gfa_actions.py)
2025-03-13 10:01:53,446 [INFO] Guide star calibration complete. Offsets => fdx=0.00000, fdy=0.00000, FWHM=1.80589 (at gfa_actions.py)
2025-03-13 10:01:53,447 [INFO] Offsets calculated: fdx= $$, fdy=$$, FWHM=$$$ arcsec (at gfa_actions.py)
2025-03-13 10:02:53,457 [INFO] Guiding starts... (at gfa_actions.py)
2025-03-13 10:02:53,458 [INFO] Step #1: Grab an image (uncomment if needed). (at gfa_actions.py)
2025-03-13 10:02:53,459 [INFO] Step #2: Astrometry... (at gfa_actions.py)
2025-03-13 10:02:53,459 [INFO] Step #3: Calculating the offset... (at gfa_actions.py)
2025-03-13 10:02:53,459 [INFO] Starting guide star calibration process. (at gfa_actions.py)
2025-03-13 10:02:53,461 [INFO] Found 4 astrometry files and 4 processed files. (at gfa_actions.py)
2025-03-13 10:02:53,461 [INFO] Processing FITS: /media/shyunc/DATA/KSpec/KSPEC_ICS/GFA/Simul/kspec_gfa_controller/src/img/astroimg/astro_proc_KMTNge.20231211T102558.0001.fits & /media/shyunc/DATA/KSpec/KSPEC_ICS/GFA/Simul/kspec_gfa_controller/src/img/procimg/proc_KMTNge.20231211T102558.0001.fits (at gfa_actions.py)
2025-03-13 10:02:53,476 [INFO] Performing sigma clipping to derive background and stddev. (at gfa_actions.py)
2025-03-13 10:02:53,587 [INFO] Processing FITS: /media/shyunc/DATA/KSpec/KSPEC_ICS/GFA/Simul/kspec_gfa_controller/src/img/astroimg/astro_proc_KMTNgn.20231211T102558.0001.fits & /media/shyunc/DATA/KSpec/KSPEC_ICS/GFA/Simul/kspec_gfa_controller/src/img/procimg/proc_KMTNgn.20231211T102558.0001.fits (at gfa_actions.py)
2025-03-13 10:02:53,594 [INFO] Performing sigma clipping to derive background and stddev. (at gfa_actions.py)
2025-03-13 10:02:53,710 [INFO] Processing FITS: /media/shyunc/DATA/KSpec/KSPEC_ICS/GFA/Simul/kspec_gfa_controller/src/img/astroimg/astro_proc_KMTNgs.20231211T102558.0001.fits & /media/shyunc/DATA/KSpec/KSPEC_ICS/GFA/Simul/kspec_gfa_controller/src/img/procimg/proc_KMTNgs.20231211T102558.0001.fits (at gfa_actions.py)
2025-03-13 10:02:53,717 [INFO] Performing sigma clipping to derive background and stddev. (at gfa_actions.py)
2025-03-13 10:02:53,837 [INFO] Processing FITS: /media/shyunc/DATA/KSpec/KSPEC_ICS/GFA/Simul/kspec_gfa_controller/src/img/astroimg/astro_proc_KMTNgw.20231211T102558.0001.fits & /media/shyunc/DATA/KSpec/KSPEC_ICS/GFA/Simul/kspec_gfa_controller/src/img/procimg/proc_KMTNgw.20231211T102558.0001.fits (at gfa_actions.py)
2025-03-13 10:02:53,844 [INFO] Performing sigma clipping to derive background and stddev. (at gfa_actions.py)
2025-03-13 10:02:53,950 [WARNING] Offsets within critical threshold; returning 0, 0. (at gfa_actions.py)
2025-03-13 10:02:53,952 [INFO] FWHM: 1.81 arcsec (at gfa_actions.py)
2025-03-13 10:02:53,952 [INFO] Guide star calibration complete. Offsets => fdx=0.00000, fdy=0.00000, FWHM=1.80589 (at gfa_actions.py)
2025-03-13 10:02:53,953 [INFO] Offsets calculated: fdx= $$, fdy=$$, FWHM=$$$ arcsec (at gfa_actions.py)
2025-03-13 10:03:53,963 [INFO] Guiding starts... (at gfa_actions.py)
2025-03-13 10:03:53,964 [INFO] Step #1: Grab an image (uncomment if needed). (at gfa_actions.py)
2025-03-13 10:03:53,964 [INFO] Step #2: Astrometry... (at gfa_actions.py)
2025-03-13 10:03:53,964 [INFO] Step #3: Calculating the offset... (at gfa_actions.py)
2025-03-13 10:03:53,964 [INFO] Starting guide star calibration process. (at gfa_actions.py)
2025-03-13 10:03:53,965 [INFO] Found 4 astrometry files and 4 processed files. (at gfa_actions.py)
2025-03-13 10:03:53,965 [INFO] Processing FITS: /media/shyunc/DATA/KSpec/KSPEC_ICS/GFA/Simul/kspec_gfa_controller/src/img/astroimg/astro_proc_KMTNge.20231211T102558.0001.fits & /media/shyunc/DATA/KSpec/KSPEC_ICS/GFA/Simul/kspec_gfa_controller/src/img/procimg/proc_KMTNge.20231211T102558.0001.fits (at gfa_actions.py)
2025-03-13 10:03:53,972 [INFO] Performing sigma clipping to derive background and stddev. (at gfa_actions.py)
2025-03-13 10:03:54,091 [INFO] Processing FITS: /media/shyunc/DATA/KSpec/KSPEC_ICS/GFA/Simul/kspec_gfa_controller/src/img/astroimg/astro_proc_KMTNgn.20231211T102558.0001.fits & /media/shyunc/DATA/KSpec/KSPEC_ICS/GFA/Simul/kspec_gfa_controller/src/img/procimg/proc_KMTNgn.20231211T102558.0001.fits (at gfa_actions.py)
2025-03-13 10:03:54,098 [INFO] Performing sigma clipping to derive background and stddev. (at gfa_actions.py)
2025-03-13 10:03:54,225 [INFO] Processing FITS: /media/shyunc/DATA/KSpec/KSPEC_ICS/GFA/Simul/kspec_gfa_controller/src/img/astroimg/astro_proc_KMTNgs.20231211T102558.0001.fits & /media/shyunc/DATA/KSpec/KSPEC_ICS/GFA/Simul/kspec_gfa_controller/src/img/procimg/proc_KMTNgs.20231211T102558.0001.fits (at gfa_actions.py)
2025-03-13 10:03:54,232 [INFO] Performing sigma clipping to derive background and stddev. (at gfa_actions.py)
2025-03-13 10:03:54,354 [INFO] Processing FITS: /media/shyunc/DATA/KSpec/KSPEC_ICS/GFA/Simul/kspec_gfa_controller/src/img/astroimg/astro_proc_KMTNgw.20231211T102558.0001.fits & /media/shyunc/DATA/KSpec/KSPEC_ICS/GFA/Simul/kspec_gfa_controller/src/img/procimg/proc_KMTNgw.20231211T102558.0001.fits (at gfa_actions.py)
2025-03-13 10:03:54,361 [INFO] Performing sigma clipping to derive background and stddev. (at gfa_actions.py)
2025-03-13 10:03:54,468 [WARNING] Offsets within critical threshold; returning 0, 0. (at gfa_actions.py)
2025-03-13 10:03:54,470 [INFO] FWHM: 1.81 arcsec (at gfa_actions.py)
2025-03-13 10:03:54,470 [INFO] Guide star calibration complete. Offsets => fdx=0.00000, fdy=0.00000, FWHM=1.80589 (at gfa_actions.py)
2025-03-13 10:03:54,471 [INFO] Offsets calculated: fdx= $$, fdy=$$, FWHM=$$$ arcsec (at gfa_actions.py)
2025-03-13 10:04:54,482 [INFO] Guiding starts... (at gfa_actions.py)
2025-03-13 10:04:54,483 [INFO] Step #1: Grab an image (uncomment if needed). (at gfa_actions.py)
2025-03-13 10:04:54,484 [INFO] Step #2: Astrometry... (at gfa_actions.py)
2025-03-13 10:04:54,484 [INFO] Step #3: Calculating the offset... (at gfa_actions.py)
2025-03-13 10:04:54,485 [INFO] Starting guide star calibration process. (at gfa_actions.py)
2025-03-13 10:04:54,486 [INFO] Found 4 astrometry files and 4 processed files. (at gfa_actions.py)
2025-03-13 10:04:54,487 [INFO] Processing FITS: /media/shyunc/DATA/KSpec/KSPEC_ICS/GFA/Simul/kspec_gfa_controller/src/img/astroimg/astro_proc_KMTNge.20231211T102558.0001.fits & /media/shyunc/DATA/KSpec/KSPEC_ICS/GFA/Simul/kspec_gfa_controller/src/img/procimg/proc_KMTNge.20231211T102558.0001.fits (at gfa_actions.py)
2025-03-13 10:04:54,502 [INFO] Performing sigma clipping to derive background and stddev. (at gfa_actions.py)
2025-03-13 10:04:54,612 [INFO] Processing FITS: /media/shyunc/DATA/KSpec/KSPEC_ICS/GFA/Simul/kspec_gfa_controller/src/img/astroimg/astro_proc_KMTNgn.20231211T102558.0001.fits & /media/shyunc/DATA/KSpec/KSPEC_ICS/GFA/Simul/kspec_gfa_controller/src/img/procimg/proc_KMTNgn.20231211T102558.0001.fits (at gfa_actions.py)
2025-03-13 10:04:54,619 [INFO] Performing sigma clipping to derive background and stddev. (at gfa_actions.py)
2025-03-13 10:04:54,737 [INFO] Processing FITS: /media/shyunc/DATA/KSpec/KSPEC_ICS/GFA/Simul/kspec_gfa_controller/src/img/astroimg/astro_proc_KMTNgs.20231211T102558.0001.fits & /media/shyunc/DATA/KSpec/KSPEC_ICS/GFA/Simul/kspec_gfa_controller/src/img/procimg/proc_KMTNgs.20231211T102558.0001.fits (at gfa_actions.py)
2025-03-13 10:04:54,744 [INFO] Performing sigma clipping to derive background and stddev. (at gfa_actions.py)
2025-03-13 10:04:54,865 [INFO] Processing FITS: /media/shyunc/DATA/KSpec/KSPEC_ICS/GFA/Simul/kspec_gfa_controller/src/img/astroimg/astro_proc_KMTNgw.20231211T102558.0001.fits & /media/shyunc/DATA/KSpec/KSPEC_ICS/GFA/Simul/kspec_gfa_controller/src/img/procimg/proc_KMTNgw.20231211T102558.0001.fits (at gfa_actions.py)
2025-03-13 10:04:54,896 [INFO] Performing sigma clipping to derive background and stddev. (at gfa_actions.py)
2025-03-13 10:04:54,999 [WARNING] Offsets within critical threshold; returning 0, 0. (at gfa_actions.py)
2025-03-13 10:04:55,001 [INFO] FWHM: 1.81 arcsec (at gfa_actions.py)
2025-03-13 10:04:55,001 [INFO] Guide star calibration complete. Offsets => fdx=0.00000, fdy=0.00000, FWHM=1.80589 (at gfa_actions.py)
2025-03-13 10:04:55,001 [INFO] Offsets calculated: fdx= $$, fdy=$$, FWHM=$$$ arcsec (at gfa_actions.py)
2025-03-13 10:05:55,014 [INFO] Guiding starts... (at gfa_actions.py)
2025-03-13 10:05:55,015 [INFO] Step #1: Grab an image (uncomment if needed). (at gfa_actions.py)
2025-03-13 10:05:55,015 [INFO] Step #2: Astrometry... (at gfa_actions.py)
2025-03-13 10:05:55,016 [INFO] Step #3: Calculating the offset... (at gfa_actions.py)
2025-03-13 10:05:55,017 [INFO] Starting guide star calibration process. (at gfa_actions.py)
2025-03-13 10:05:55,018 [INFO] Found 4 astrometry files and 4 processed files. (at gfa_actions.py)
2025-03-13 10:05:55,019 [INFO] Processing FITS: /media/shyunc/DATA/KSpec/KSPEC_ICS/GFA/Simul/kspec_gfa_controller/src/img/astroimg/astro_proc_KMTNge.20231211T102558.0001.fits & /media/shyunc/DATA/KSpec/KSPEC_ICS/GFA/Simul/kspec_gfa_controller/src/img/procimg/proc_KMTNge.20231211T102558.0001.fits (at gfa_actions.py)
2025-03-13 10:05:55,030 [INFO] Performing sigma clipping to derive background and stddev. (at gfa_actions.py)
2025-03-13 10:05:55,142 [INFO] Processing FITS: /media/shyunc/DATA/KSpec/KSPEC_ICS/GFA/Simul/kspec_gfa_controller/src/img/astroimg/astro_proc_KMTNgn.20231211T102558.0001.fits & /media/shyunc/DATA/KSpec/KSPEC_ICS/GFA/Simul/kspec_gfa_controller/src/img/procimg/proc_KMTNgn.20231211T102558.0001.fits (at gfa_actions.py)
2025-03-13 10:05:55,149 [INFO] Performing sigma clipping to derive background and stddev. (at gfa_actions.py)
2025-03-13 10:05:55,267 [INFO] Processing FITS: /media/shyunc/DATA/KSpec/KSPEC_ICS/GFA/Simul/kspec_gfa_controller/src/img/astroimg/astro_proc_KMTNgs.20231211T102558.0001.fits & /media/shyunc/DATA/KSpec/KSPEC_ICS/GFA/Simul/kspec_gfa_controller/src/img/procimg/proc_KMTNgs.20231211T102558.0001.fits (at gfa_actions.py)
2025-03-13 10:05:55,274 [INFO] Performing sigma clipping to derive background and stddev. (at gfa_actions.py)
2025-03-13 10:05:55,395 [INFO] Processing FITS: /media/shyunc/DATA/KSpec/KSPEC_ICS/GFA/Simul/kspec_gfa_controller/src/img/astroimg/astro_proc_KMTNgw.20231211T102558.0001.fits & /media/shyunc/DATA/KSpec/KSPEC_ICS/GFA/Simul/kspec_gfa_controller/src/img/procimg/proc_KMTNgw.20231211T102558.0001.fits (at gfa_actions.py)
2025-03-13 10:05:55,403 [INFO] Performing sigma clipping to derive background and stddev. (at gfa_actions.py)
2025-03-13 10:05:55,510 [WARNING] Offsets within critical threshold; returning 0, 0. (at gfa_actions.py)
2025-03-13 10:05:55,513 [INFO] FWHM: 1.81 arcsec (at gfa_actions.py)
2025-03-13 10:05:55,513 [INFO] Guide star calibration complete. Offsets => fdx=0.00000, fdy=0.00000, FWHM=1.80589 (at gfa_actions.py)
2025-03-13 10:05:55,513 [INFO] Offsets calculated: fdx= $$, fdy=$$, FWHM=$$$ arcsec (at gfa_actions.py)
2025-03-13 10:06:55,526 [INFO] Guiding starts... (at gfa_actions.py)
2025-03-13 10:06:55,527 [INFO] Step #1: Grab an image (uncomment if needed). (at gfa_actions.py)
2025-03-13 10:06:55,528 [INFO] Step #2: Astrometry... (at gfa_actions.py)
2025-03-13 10:06:55,528 [INFO] Step #3: Calculating the offset... (at gfa_actions.py)
2025-03-13 10:06:55,529 [INFO] Starting guide star calibration process. (at gfa_actions.py)
2025-03-13 10:06:55,530 [INFO] Found 4 astrometry files and 4 processed files. (at gfa_actions.py)
2025-03-13 10:06:55,531 [INFO] Processing FITS: /media/shyunc/DATA/KSpec/KSPEC_ICS/GFA/Simul/kspec_gfa_controller/src/img/astroimg/astro_proc_KMTNge.20231211T102558.0001.fits & /media/shyunc/DATA/KSpec/KSPEC_ICS/GFA/Simul/kspec_gfa_controller/src/img/procimg/proc_KMTNge.20231211T102558.0001.fits (at gfa_actions.py)
2025-03-13 10:06:55,539 [INFO] Performing sigma clipping to derive background and stddev. (at gfa_actions.py)
2025-03-13 10:06:55,649 [INFO] Processing FITS: /media/shyunc/DATA/KSpec/KSPEC_ICS/GFA/Simul/kspec_gfa_controller/src/img/astroimg/astro_proc_KMTNgn.20231211T102558.0001.fits & /media/shyunc/DATA/KSpec/KSPEC_ICS/GFA/Simul/kspec_gfa_controller/src/img/procimg/proc_KMTNgn.20231211T102558.0001.fits (at gfa_actions.py)
2025-03-13 10:06:55,656 [INFO] Performing sigma clipping to derive background and stddev. (at gfa_actions.py)
2025-03-13 10:06:55,773 [INFO] Processing FITS: /media/shyunc/DATA/KSpec/KSPEC_ICS/GFA/Simul/kspec_gfa_controller/src/img/astroimg/astro_proc_KMTNgs.20231211T102558.0001.fits & /media/shyunc/DATA/KSpec/KSPEC_ICS/GFA/Simul/kspec_gfa_controller/src/img/procimg/proc_KMTNgs.20231211T102558.0001.fits (at gfa_actions.py)
2025-03-13 10:06:55,779 [INFO] Performing sigma clipping to derive background and stddev. (at gfa_actions.py)
2025-03-13 10:06:55,900 [INFO] Processing FITS: /media/shyunc/DATA/KSpec/KSPEC_ICS/GFA/Simul/kspec_gfa_controller/src/img/astroimg/astro_proc_KMTNgw.20231211T102558.0001.fits & /media/shyunc/DATA/KSpec/KSPEC_ICS/GFA/Simul/kspec_gfa_controller/src/img/procimg/proc_KMTNgw.20231211T102558.0001.fits (at gfa_actions.py)
2025-03-13 10:06:55,907 [INFO] Performing sigma clipping to derive background and stddev. (at gfa_actions.py)
2025-03-13 10:06:56,013 [WARNING] Offsets within critical threshold; returning 0, 0. (at gfa_actions.py)
2025-03-13 10:06:56,016 [INFO] FWHM: 1.81 arcsec (at gfa_actions.py)
2025-03-13 10:06:56,016 [INFO] Guide star calibration complete. Offsets => fdx=0.00000, fdy=0.00000, FWHM=1.80589 (at gfa_actions.py)
2025-03-13 10:06:56,016 [INFO] Offsets calculated: fdx= $$, fdy=$$, FWHM=$$$ arcsec (at gfa_actions.py)
2025-03-13 10:07:56,031 [INFO] Guiding starts... (at gfa_actions.py)
2025-03-13 10:07:56,032 [INFO] Step #1: Grab an image (uncomment if needed). (at gfa_actions.py)
2025-03-13 10:07:56,032 [INFO] Step #2: Astrometry... (at gfa_actions.py)
2025-03-13 10:07:56,033 [INFO] Step #3: Calculating the offset... (at gfa_actions.py)
2025-03-13 10:07:56,033 [INFO] Starting guide star calibration process. (at gfa_actions.py)
2025-03-13 10:07:56,034 [INFO] Found 4 astrometry files and 4 processed files. (at gfa_actions.py)
2025-03-13 10:07:56,035 [INFO] Processing FITS: /media/shyunc/DATA/KSpec/KSPEC_ICS/GFA/Simul/kspec_gfa_controller/src/img/astroimg/astro_proc_KMTNge.20231211T102558.0001.fits & /media/shyunc/DATA/KSpec/KSPEC_ICS/GFA/Simul/kspec_gfa_controller/src/img/procimg/proc_KMTNge.20231211T102558.0001.fits (at gfa_actions.py)
2025-03-13 10:07:56,047 [INFO] Performing sigma clipping to derive background and stddev. (at gfa_actions.py)
2025-03-13 10:07:56,162 [INFO] Processing FITS: /media/shyunc/DATA/KSpec/KSPEC_ICS/GFA/Simul/kspec_gfa_controller/src/img/astroimg/astro_proc_KMTNgn.20231211T102558.0001.fits & /media/shyunc/DATA/KSpec/KSPEC_ICS/GFA/Simul/kspec_gfa_controller/src/img/procimg/proc_KMTNgn.20231211T102558.0001.fits (at gfa_actions.py)
2025-03-13 10:07:56,169 [INFO] Performing sigma clipping to derive background and stddev. (at gfa_actions.py)
2025-03-13 10:07:56,286 [INFO] Processing FITS: /media/shyunc/DATA/KSpec/KSPEC_ICS/GFA/Simul/kspec_gfa_controller/src/img/astroimg/astro_proc_KMTNgs.20231211T102558.0001.fits & /media/shyunc/DATA/KSpec/KSPEC_ICS/GFA/Simul/kspec_gfa_controller/src/img/procimg/proc_KMTNgs.20231211T102558.0001.fits (at gfa_actions.py)
2025-03-13 10:07:56,293 [INFO] Performing sigma clipping to derive background and stddev. (at gfa_actions.py)
2025-03-13 10:07:56,412 [INFO] Processing FITS: /media/shyunc/DATA/KSpec/KSPEC_ICS/GFA/Simul/kspec_gfa_controller/src/img/astroimg/astro_proc_KMTNgw.20231211T102558.0001.fits & /media/shyunc/DATA/KSpec/KSPEC_ICS/GFA/Simul/kspec_gfa_controller/src/img/procimg/proc_KMTNgw.20231211T102558.0001.fits (at gfa_actions.py)
2025-03-13 10:07:56,420 [INFO] Performing sigma clipping to derive background and stddev. (at gfa_actions.py)
2025-03-13 10:07:56,525 [WARNING] Offsets within critical threshold; returning 0, 0. (at gfa_actions.py)
2025-03-13 10:07:56,527 [INFO] FWHM: 1.81 arcsec (at gfa_actions.py)
2025-03-13 10:07:56,527 [INFO] Guide star calibration complete. Offsets => fdx=0.00000, fdy=0.00000, FWHM=1.80589 (at gfa_actions.py)
2025-03-13 10:07:56,528 [INFO] Offsets calculated: fdx= $$, fdy=$$, FWHM=$$$ arcsec (at gfa_actions.py)
2025-03-13 10:08:56,541 [INFO] Guiding starts... (at gfa_actions.py)
2025-03-13 10:08:56,542 [INFO] Step #1: Grab an image (uncomment if needed). (at gfa_actions.py)
2025-03-13 10:08:56,543 [INFO] Step #2: Astrometry... (at gfa_actions.py)
2025-03-13 10:08:56,544 [INFO] Step #3: Calculating the offset... (at gfa_actions.py)
2025-03-13 10:08:56,544 [INFO] Starting guide star calibration process. (at gfa_actions.py)
2025-03-13 10:08:56,546 [INFO] Found 4 astrometry files and 4 processed files. (at gfa_actions.py)
2025-03-13 10:08:56,546 [INFO] Processing FITS: /media/shyunc/DATA/KSpec/KSPEC_ICS/GFA/Simul/kspec_gfa_controller/src/img/astroimg/astro_proc_KMTNge.20231211T102558.0001.fits & /media/shyunc/DATA/KSpec/KSPEC_ICS/GFA/Simul/kspec_gfa_controller/src/img/procimg/proc_KMTNge.20231211T102558.0001.fits (at gfa_actions.py)
2025-03-13 10:08:56,562 [INFO] Performing sigma clipping to derive background and stddev. (at gfa_actions.py)
2025-03-13 10:08:56,673 [INFO] Processing FITS: /media/shyunc/DATA/KSpec/KSPEC_ICS/GFA/Simul/kspec_gfa_controller/src/img/astroimg/astro_proc_KMTNgn.20231211T102558.0001.fits & /media/shyunc/DATA/KSpec/KSPEC_ICS/GFA/Simul/kspec_gfa_controller/src/img/procimg/proc_KMTNgn.20231211T102558.0001.fits (at gfa_actions.py)
2025-03-13 10:08:56,681 [INFO] Performing sigma clipping to derive background and stddev. (at gfa_actions.py)
2025-03-13 10:08:56,799 [INFO] Processing FITS: /media/shyunc/DATA/KSpec/KSPEC_ICS/GFA/Simul/kspec_gfa_controller/src/img/astroimg/astro_proc_KMTNgs.20231211T102558.0001.fits & /media/shyunc/DATA/KSpec/KSPEC_ICS/GFA/Simul/kspec_gfa_controller/src/img/procimg/proc_KMTNgs.20231211T102558.0001.fits (at gfa_actions.py)
2025-03-13 10:08:56,806 [INFO] Performing sigma clipping to derive background and stddev. (at gfa_actions.py)
2025-03-13 10:08:56,926 [INFO] Processing FITS: /media/shyunc/DATA/KSpec/KSPEC_ICS/GFA/Simul/kspec_gfa_controller/src/img/astroimg/astro_proc_KMTNgw.20231211T102558.0001.fits & /media/shyunc/DATA/KSpec/KSPEC_ICS/GFA/Simul/kspec_gfa_controller/src/img/procimg/proc_KMTNgw.20231211T102558.0001.fits (at gfa_actions.py)
2025-03-13 10:08:56,933 [INFO] Performing sigma clipping to derive background and stddev. (at gfa_actions.py)
2025-03-13 10:08:57,039 [WARNING] Offsets within critical threshold; returning 0, 0. (at gfa_actions.py)
2025-03-13 10:08:57,041 [INFO] FWHM: 1.81 arcsec (at gfa_actions.py)
2025-03-13 10:08:57,041 [INFO] Guide star calibration complete. Offsets => fdx=0.00000, fdy=0.00000, FWHM=1.80589 (at gfa_actions.py)
2025-03-13 10:08:57,042 [INFO] Offsets calculated: fdx= $$, fdy=$$, FWHM=$$$ arcsec (at gfa_actions.py)
2025-03-13 10:09:57,056 [INFO] Guiding starts... (at gfa_actions.py)
2025-03-13 10:09:57,057 [INFO] Step #1: Grab an image (uncomment if needed). (at gfa_actions.py)
2025-03-13 10:09:57,057 [INFO] Step #2: Astrometry... (at gfa_actions.py)
2025-03-13 10:09:57,058 [INFO] Step #3: Calculating the offset... (at gfa_actions.py)
2025-03-13 10:09:57,058 [INFO] Starting guide star calibration process. (at gfa_actions.py)
2025-03-13 10:09:57,059 [INFO] Found 4 astrometry files and 4 processed files. (at gfa_actions.py)
2025-03-13 10:09:57,060 [INFO] Processing FITS: /media/shyunc/DATA/KSpec/KSPEC_ICS/GFA/Simul/kspec_gfa_controller/src/img/astroimg/astro_proc_KMTNge.20231211T102558.0001.fits & /media/shyunc/DATA/KSpec/KSPEC_ICS/GFA/Simul/kspec_gfa_controller/src/img/procimg/proc_KMTNge.20231211T102558.0001.fits (at gfa_actions.py)
2025-03-13 10:09:57,069 [INFO] Performing sigma clipping to derive background and stddev. (at gfa_actions.py)
2025-03-13 10:09:57,179 [INFO] Processing FITS: /media/shyunc/DATA/KSpec/KSPEC_ICS/GFA/Simul/kspec_gfa_controller/src/img/astroimg/astro_proc_KMTNgn.20231211T102558.0001.fits & /media/shyunc/DATA/KSpec/KSPEC_ICS/GFA/Simul/kspec_gfa_controller/src/img/procimg/proc_KMTNgn.20231211T102558.0001.fits (at gfa_actions.py)
2025-03-13 10:09:57,187 [INFO] Performing sigma clipping to derive background and stddev. (at gfa_actions.py)
2025-03-13 10:09:57,303 [INFO] Processing FITS: /media/shyunc/DATA/KSpec/KSPEC_ICS/GFA/Simul/kspec_gfa_controller/src/img/astroimg/astro_proc_KMTNgs.20231211T102558.0001.fits & /media/shyunc/DATA/KSpec/KSPEC_ICS/GFA/Simul/kspec_gfa_controller/src/img/procimg/proc_KMTNgs.20231211T102558.0001.fits (at gfa_actions.py)
2025-03-13 10:09:57,310 [INFO] Performing sigma clipping to derive background and stddev. (at gfa_actions.py)
2025-03-13 10:09:57,430 [INFO] Processing FITS: /media/shyunc/DATA/KSpec/KSPEC_ICS/GFA/Simul/kspec_gfa_controller/src/img/astroimg/astro_proc_KMTNgw.20231211T102558.0001.fits & /media/shyunc/DATA/KSpec/KSPEC_ICS/GFA/Simul/kspec_gfa_controller/src/img/procimg/proc_KMTNgw.20231211T102558.0001.fits (at gfa_actions.py)
2025-03-13 10:09:57,437 [INFO] Performing sigma clipping to derive background and stddev. (at gfa_actions.py)
2025-03-13 10:09:57,542 [WARNING] Offsets within critical threshold; returning 0, 0. (at gfa_actions.py)
2025-03-13 10:09:57,545 [INFO] FWHM: 1.81 arcsec (at gfa_actions.py)
2025-03-13 10:09:57,545 [INFO] Guide star calibration complete. Offsets => fdx=0.00000, fdy=0.00000, FWHM=1.80589 (at gfa_actions.py)
2025-03-13 10:09:57,545 [INFO] Offsets calculated: fdx= $$, fdy=$$, FWHM=$$$ arcsec (at gfa_actions.py)
2025-03-13 10:10:57,553 [INFO] Guiding starts... (at gfa_actions.py)
2025-03-13 10:10:57,554 [INFO] Step #1: Grab an image (uncomment if needed). (at gfa_actions.py)
2025-03-13 10:10:57,555 [INFO] Step #2: Astrometry... (at gfa_actions.py)
2025-03-13 10:10:57,555 [INFO] Step #3: Calculating the offset... (at gfa_actions.py)
2025-03-13 10:10:57,556 [INFO] Starting guide star calibration process. (at gfa_actions.py)
2025-03-13 10:10:57,558 [INFO] Found 4 astrometry files and 4 processed files. (at gfa_actions.py)
2025-03-13 10:10:57,558 [INFO] Processing FITS: /media/shyunc/DATA/KSpec/KSPEC_ICS/GFA/Simul/kspec_gfa_controller/src/img/astroimg/astro_proc_KMTNge.20231211T102558.0001.fits & /media/shyunc/DATA/KSpec/KSPEC_ICS/GFA/Simul/kspec_gfa_controller/src/img/procimg/proc_KMTNge.20231211T102558.0001.fits (at gfa_actions.py)
2025-03-13 10:10:57,571 [INFO] Performing sigma clipping to derive background and stddev. (at gfa_actions.py)
2025-03-13 10:10:57,687 [INFO] Processing FITS: /media/shyunc/DATA/KSpec/KSPEC_ICS/GFA/Simul/kspec_gfa_controller/src/img/astroimg/astro_proc_KMTNgn.20231211T102558.0001.fits & /media/shyunc/DATA/KSpec/KSPEC_ICS/GFA/Simul/kspec_gfa_controller/src/img/procimg/proc_KMTNgn.20231211T102558.0001.fits (at gfa_actions.py)
2025-03-13 10:10:57,694 [INFO] Performing sigma clipping to derive background and stddev. (at gfa_actions.py)
2025-03-13 10:10:57,812 [INFO] Processing FITS: /media/shyunc/DATA/KSpec/KSPEC_ICS/GFA/Simul/kspec_gfa_controller/src/img/astroimg/astro_proc_KMTNgs.20231211T102558.0001.fits & /media/shyunc/DATA/KSpec/KSPEC_ICS/GFA/Simul/kspec_gfa_controller/src/img/procimg/proc_KMTNgs.20231211T102558.0001.fits (at gfa_actions.py)
2025-03-13 10:10:57,819 [INFO] Performing sigma clipping to derive background and stddev. (at gfa_actions.py)
2025-03-13 10:10:57,939 [INFO] Processing FITS: /media/shyunc/DATA/KSpec/KSPEC_ICS/GFA/Simul/kspec_gfa_controller/src/img/astroimg/astro_proc_KMTNgw.20231211T102558.0001.fits & /media/shyunc/DATA/KSpec/KSPEC_ICS/GFA/Simul/kspec_gfa_controller/src/img/procimg/proc_KMTNgw.20231211T102558.0001.fits (at gfa_actions.py)
2025-03-13 10:10:57,946 [INFO] Performing sigma clipping to derive background and stddev. (at gfa_actions.py)
2025-03-13 10:10:58,052 [WARNING] Offsets within critical threshold; returning 0, 0. (at gfa_actions.py)
2025-03-13 10:10:58,054 [INFO] FWHM: 1.81 arcsec (at gfa_actions.py)
2025-03-13 10:10:58,054 [INFO] Guide star calibration complete. Offsets => fdx=0.00000, fdy=0.00000, FWHM=1.80589 (at gfa_actions.py)
2025-03-13 10:10:58,055 [INFO] Offsets calculated: fdx= $$, fdy=$$, FWHM=$$$ arcsec (at gfa_actions.py)
2025-03-13 10:11:58,070 [INFO] Guiding starts... (at gfa_actions.py)
2025-03-13 10:11:58,071 [INFO] Step #1: Grab an image (uncomment if needed). (at gfa_actions.py)
2025-03-13 10:11:58,071 [INFO] Step #2: Astrometry... (at gfa_actions.py)
2025-03-13 10:11:58,072 [INFO] Step #3: Calculating the offset... (at gfa_actions.py)
2025-03-13 10:11:58,072 [INFO] Starting guide star calibration process. (at gfa_actions.py)
2025-03-13 10:11:58,074 [INFO] Found 4 astrometry files and 4 processed files. (at gfa_actions.py)
2025-03-13 10:11:58,075 [INFO] Processing FITS: /media/shyunc/DATA/KSpec/KSPEC_ICS/GFA/Simul/kspec_gfa_controller/src/img/astroimg/astro_proc_KMTNge.20231211T102558.0001.fits & /media/shyunc/DATA/KSpec/KSPEC_ICS/GFA/Simul/kspec_gfa_controller/src/img/procimg/proc_KMTNge.20231211T102558.0001.fits (at gfa_actions.py)
2025-03-13 10:11:58,083 [INFO] Performing sigma clipping to derive background and stddev. (at gfa_actions.py)
2025-03-13 10:11:58,194 [INFO] Processing FITS: /media/shyunc/DATA/KSpec/KSPEC_ICS/GFA/Simul/kspec_gfa_controller/src/img/astroimg/astro_proc_KMTNgn.20231211T102558.0001.fits & /media/shyunc/DATA/KSpec/KSPEC_ICS/GFA/Simul/kspec_gfa_controller/src/img/procimg/proc_KMTNgn.20231211T102558.0001.fits (at gfa_actions.py)
2025-03-13 10:11:58,201 [INFO] Performing sigma clipping to derive background and stddev. (at gfa_actions.py)
2025-03-13 10:11:58,318 [INFO] Processing FITS: /media/shyunc/DATA/KSpec/KSPEC_ICS/GFA/Simul/kspec_gfa_controller/src/img/astroimg/astro_proc_KMTNgs.20231211T102558.0001.fits & /media/shyunc/DATA/KSpec/KSPEC_ICS/GFA/Simul/kspec_gfa_controller/src/img/procimg/proc_KMTNgs.20231211T102558.0001.fits (at gfa_actions.py)
2025-03-13 10:11:58,325 [INFO] Performing sigma clipping to derive background and stddev. (at gfa_actions.py)
2025-03-13 10:11:58,446 [INFO] Processing FITS: /media/shyunc/DATA/KSpec/KSPEC_ICS/GFA/Simul/kspec_gfa_controller/src/img/astroimg/astro_proc_KMTNgw.20231211T102558.0001.fits & /media/shyunc/DATA/KSpec/KSPEC_ICS/GFA/Simul/kspec_gfa_controller/src/img/procimg/proc_KMTNgw.20231211T102558.0001.fits (at gfa_actions.py)
2025-03-13 10:11:58,453 [INFO] Performing sigma clipping to derive background and stddev. (at gfa_actions.py)
2025-03-13 10:11:58,559 [WARNING] Offsets within critical threshold; returning 0, 0. (at gfa_actions.py)
2025-03-13 10:11:58,561 [INFO] FWHM: 1.81 arcsec (at gfa_actions.py)
2025-03-13 10:11:58,561 [INFO] Guide star calibration complete. Offsets => fdx=0.00000, fdy=0.00000, FWHM=1.80589 (at gfa_actions.py)
2025-03-13 10:11:58,561 [INFO] Offsets calculated: fdx= $$, fdy=$$, FWHM=$$$ arcsec (at gfa_actions.py)
2025-03-13 10:12:58,578 [INFO] Guiding starts... (at gfa_actions.py)
2025-03-13 10:12:58,578 [INFO] Step #1: Grab an image (uncomment if needed). (at gfa_actions.py)
2025-03-13 10:12:58,578 [INFO] Step #2: Astrometry... (at gfa_actions.py)
2025-03-13 10:12:58,579 [INFO] Step #3: Calculating the offset... (at gfa_actions.py)
2025-03-13 10:12:58,579 [INFO] Starting guide star calibration process. (at gfa_actions.py)
2025-03-13 10:12:58,580 [INFO] Found 4 astrometry files and 4 processed files. (at gfa_actions.py)
2025-03-13 10:12:58,581 [INFO] Processing FITS: /media/shyunc/DATA/KSpec/KSPEC_ICS/GFA/Simul/kspec_gfa_controller/src/img/astroimg/astro_proc_KMTNge.20231211T102558.0001.fits & /media/shyunc/DATA/KSpec/KSPEC_ICS/GFA/Simul/kspec_gfa_controller/src/img/procimg/proc_KMTNge.20231211T102558.0001.fits (at gfa_actions.py)
2025-03-13 10:12:58,588 [INFO] Performing sigma clipping to derive background and stddev. (at gfa_actions.py)
2025-03-13 10:12:58,698 [INFO] Processing FITS: /media/shyunc/DATA/KSpec/KSPEC_ICS/GFA/Simul/kspec_gfa_controller/src/img/astroimg/astro_proc_KMTNgn.20231211T102558.0001.fits & /media/shyunc/DATA/KSpec/KSPEC_ICS/GFA/Simul/kspec_gfa_controller/src/img/procimg/proc_KMTNgn.20231211T102558.0001.fits (at gfa_actions.py)
2025-03-13 10:12:58,705 [INFO] Performing sigma clipping to derive background and stddev. (at gfa_actions.py)
2025-03-13 10:12:58,821 [INFO] Processing FITS: /media/shyunc/DATA/KSpec/KSPEC_ICS/GFA/Simul/kspec_gfa_controller/src/img/astroimg/astro_proc_KMTNgs.20231211T102558.0001.fits & /media/shyunc/DATA/KSpec/KSPEC_ICS/GFA/Simul/kspec_gfa_controller/src/img/procimg/proc_KMTNgs.20231211T102558.0001.fits (at gfa_actions.py)
2025-03-13 10:12:58,829 [INFO] Performing sigma clipping to derive background and stddev. (at gfa_actions.py)
2025-03-13 10:12:58,950 [INFO] Processing FITS: /media/shyunc/DATA/KSpec/KSPEC_ICS/GFA/Simul/kspec_gfa_controller/src/img/astroimg/astro_proc_KMTNgw.20231211T102558.0001.fits & /media/shyunc/DATA/KSpec/KSPEC_ICS/GFA/Simul/kspec_gfa_controller/src/img/procimg/proc_KMTNgw.20231211T102558.0001.fits (at gfa_actions.py)
2025-03-13 10:12:58,957 [INFO] Performing sigma clipping to derive background and stddev. (at gfa_actions.py)
2025-03-13 10:12:59,064 [WARNING] Offsets within critical threshold; returning 0, 0. (at gfa_actions.py)
2025-03-13 10:12:59,066 [INFO] FWHM: 1.81 arcsec (at gfa_actions.py)
2025-03-13 10:12:59,066 [INFO] Guide star calibration complete. Offsets => fdx=0.00000, fdy=0.00000, FWHM=1.80589 (at gfa_actions.py)
2025-03-13 10:12:59,067 [INFO] Offsets calculated: fdx= $$, fdy=$$, FWHM=$$$ arcsec (at gfa_actions.py)
2025-03-13 10:24:36,600 [INFO] Guiding starts... (at gfa_actions.py)
2025-03-13 10:24:36,601 [INFO] Step #1: Grab an image (uncomment if needed). (at gfa_actions.py)
2025-03-13 10:24:36,602 [INFO] Step #2: Astrometry... (at gfa_actions.py)
2025-03-13 10:24:36,602 [INFO] Step #3: Calculating the offset... (at gfa_actions.py)
2025-03-13 10:24:36,603 [INFO] Starting guide star calibration process. (at gfa_actions.py)
2025-03-13 10:24:36,605 [INFO] Found 4 astrometry files and 4 processed files. (at gfa_actions.py)
2025-03-13 10:24:36,605 [INFO] Processing FITS: /media/shyunc/DATA/KSpec/KSPEC_ICS/GFA/Simul/kspec_gfa_controller/src/img/astroimg/astro_proc_KMTNge.20231211T102558.0001.fits & /media/shyunc/DATA/KSpec/KSPEC_ICS/GFA/Simul/kspec_gfa_controller/src/img/procimg/proc_KMTNge.20231211T102558.0001.fits (at gfa_actions.py)
2025-03-13 10:24:36,614 [INFO] Performing sigma clipping to derive background and stddev. (at gfa_actions.py)
2025-03-13 10:24:36,730 [INFO] Processing FITS: /media/shyunc/DATA/KSpec/KSPEC_ICS/GFA/Simul/kspec_gfa_controller/src/img/astroimg/astro_proc_KMTNgn.20231211T102558.0001.fits & /media/shyunc/DATA/KSpec/KSPEC_ICS/GFA/Simul/kspec_gfa_controller/src/img/procimg/proc_KMTNgn.20231211T102558.0001.fits (at gfa_actions.py)
2025-03-13 10:24:36,737 [INFO] Performing sigma clipping to derive background and stddev. (at gfa_actions.py)
2025-03-13 10:24:36,854 [INFO] Processing FITS: /media/shyunc/DATA/KSpec/KSPEC_ICS/GFA/Simul/kspec_gfa_controller/src/img/astroimg/astro_proc_KMTNgs.20231211T102558.0001.fits & /media/shyunc/DATA/KSpec/KSPEC_ICS/GFA/Simul/kspec_gfa_controller/src/img/procimg/proc_KMTNgs.20231211T102558.0001.fits (at gfa_actions.py)
2025-03-13 10:24:36,861 [INFO] Performing sigma clipping to derive background and stddev. (at gfa_actions.py)
2025-03-13 10:24:36,982 [INFO] Processing FITS: /media/shyunc/DATA/KSpec/KSPEC_ICS/GFA/Simul/kspec_gfa_controller/src/img/astroimg/astro_proc_KMTNgw.20231211T102558.0001.fits & /media/shyunc/DATA/KSpec/KSPEC_ICS/GFA/Simul/kspec_gfa_controller/src/img/procimg/proc_KMTNgw.20231211T102558.0001.fits (at gfa_actions.py)
2025-03-13 10:24:36,990 [INFO] Performing sigma clipping to derive background and stddev. (at gfa_actions.py)
2025-03-13 10:24:37,095 [WARNING] Offsets within critical threshold; returning 0, 0. (at gfa_actions.py)
2025-03-13 10:24:37,098 [INFO] FWHM: 1.81 arcsec (at gfa_actions.py)
2025-03-13 10:24:37,098 [INFO] Guide star calibration complete. Offsets => fdx=0.00000, fdy=0.00000, FWHM=1.80589 (at gfa_actions.py)
2025-03-13 10:24:37,098 [INFO] Offsets calculated: fdx= $$, fdy=$$, FWHM=$$$ arcsec (at gfa_actions.py)
2025-03-13 10:25:37,123 [INFO] Guiding starts... (at gfa_actions.py)
2025-03-13 10:25:37,124 [INFO] Step #1: Grab an image (uncomment if needed). (at gfa_actions.py)
2025-03-13 10:25:37,125 [INFO] Step #2: Astrometry... (at gfa_actions.py)
2025-03-13 10:25:37,125 [INFO] Step #3: Calculating the offset... (at gfa_actions.py)
2025-03-13 10:25:37,126 [INFO] Starting guide star calibration process. (at gfa_actions.py)
2025-03-13 10:25:37,128 [INFO] Found 4 astrometry files and 4 processed files. (at gfa_actions.py)
2025-03-13 10:25:37,128 [INFO] Processing FITS: /media/shyunc/DATA/KSpec/KSPEC_ICS/GFA/Simul/kspec_gfa_controller/src/img/astroimg/astro_proc_KMTNge.20231211T102558.0001.fits & /media/shyunc/DATA/KSpec/KSPEC_ICS/GFA/Simul/kspec_gfa_controller/src/img/procimg/proc_KMTNge.20231211T102558.0001.fits (at gfa_actions.py)
2025-03-13 10:25:37,141 [INFO] Performing sigma clipping to derive background and stddev. (at gfa_actions.py)
2025-03-13 10:25:37,254 [INFO] Processing FITS: /media/shyunc/DATA/KSpec/KSPEC_ICS/GFA/Simul/kspec_gfa_controller/src/img/astroimg/astro_proc_KMTNgn.20231211T102558.0001.fits & /media/shyunc/DATA/KSpec/KSPEC_ICS/GFA/Simul/kspec_gfa_controller/src/img/procimg/proc_KMTNgn.20231211T102558.0001.fits (at gfa_actions.py)
2025-03-13 10:25:37,261 [INFO] Performing sigma clipping to derive background and stddev. (at gfa_actions.py)
2025-03-13 10:25:37,379 [INFO] Processing FITS: /media/shyunc/DATA/KSpec/KSPEC_ICS/GFA/Simul/kspec_gfa_controller/src/img/astroimg/astro_proc_KMTNgs.20231211T102558.0001.fits & /media/shyunc/DATA/KSpec/KSPEC_ICS/GFA/Simul/kspec_gfa_controller/src/img/procimg/proc_KMTNgs.20231211T102558.0001.fits (at gfa_actions.py)
2025-03-13 10:25:37,386 [INFO] Performing sigma clipping to derive background and stddev. (at gfa_actions.py)
2025-03-13 10:25:37,506 [INFO] Processing FITS: /media/shyunc/DATA/KSpec/KSPEC_ICS/GFA/Simul/kspec_gfa_controller/src/img/astroimg/astro_proc_KMTNgw.20231211T102558.0001.fits & /media/shyunc/DATA/KSpec/KSPEC_ICS/GFA/Simul/kspec_gfa_controller/src/img/procimg/proc_KMTNgw.20231211T102558.0001.fits (at gfa_actions.py)
2025-03-13 10:25:37,513 [INFO] Performing sigma clipping to derive background and stddev. (at gfa_actions.py)
2025-03-13 10:25:37,620 [WARNING] Offsets within critical threshold; returning 0, 0. (at gfa_actions.py)
2025-03-13 10:25:37,622 [INFO] FWHM: 1.81 arcsec (at gfa_actions.py)
2025-03-13 10:25:37,622 [INFO] Guide star calibration complete. Offsets => fdx=0.00000, fdy=0.00000, FWHM=1.80589 (at gfa_actions.py)
2025-03-13 10:25:37,623 [INFO] Offsets calculated: fdx= $$, fdy=$$, FWHM=$$$ arcsec (at gfa_actions.py)
2025-03-13 10:26:37,648 [INFO] Guiding starts... (at gfa_actions.py)
2025-03-13 10:26:37,649 [INFO] Step #1: Grab an image (uncomment if needed). (at gfa_actions.py)
2025-03-13 10:26:37,650 [INFO] Step #2: Astrometry... (at gfa_actions.py)
2025-03-13 10:26:37,651 [INFO] Step #3: Calculating the offset... (at gfa_actions.py)
2025-03-13 10:26:37,651 [INFO] Starting guide star calibration process. (at gfa_actions.py)
2025-03-13 10:26:37,653 [INFO] Found 4 astrometry files and 4 processed files. (at gfa_actions.py)
2025-03-13 10:26:37,653 [INFO] Processing FITS: /media/shyunc/DATA/KSpec/KSPEC_ICS/GFA/Simul/kspec_gfa_controller/src/img/astroimg/astro_proc_KMTNge.20231211T102558.0001.fits & /media/shyunc/DATA/KSpec/KSPEC_ICS/GFA/Simul/kspec_gfa_controller/src/img/procimg/proc_KMTNge.20231211T102558.0001.fits (at gfa_actions.py)
2025-03-13 10:26:37,662 [INFO] Performing sigma clipping to derive background and stddev. (at gfa_actions.py)
2025-03-13 10:26:37,774 [INFO] Processing FITS: /media/shyunc/DATA/KSpec/KSPEC_ICS/GFA/Simul/kspec_gfa_controller/src/img/astroimg/astro_proc_KMTNgn.20231211T102558.0001.fits & /media/shyunc/DATA/KSpec/KSPEC_ICS/GFA/Simul/kspec_gfa_controller/src/img/procimg/proc_KMTNgn.20231211T102558.0001.fits (at gfa_actions.py)
2025-03-13 10:26:37,781 [INFO] Performing sigma clipping to derive background and stddev. (at gfa_actions.py)
2025-03-13 10:26:37,898 [INFO] Processing FITS: /media/shyunc/DATA/KSpec/KSPEC_ICS/GFA/Simul/kspec_gfa_controller/src/img/astroimg/astro_proc_KMTNgs.20231211T102558.0001.fits & /media/shyunc/DATA/KSpec/KSPEC_ICS/GFA/Simul/kspec_gfa_controller/src/img/procimg/proc_KMTNgs.20231211T102558.0001.fits (at gfa_actions.py)
2025-03-13 10:26:37,905 [INFO] Performing sigma clipping to derive background and stddev. (at gfa_actions.py)
2025-03-13 10:26:38,024 [INFO] Processing FITS: /media/shyunc/DATA/KSpec/KSPEC_ICS/GFA/Simul/kspec_gfa_controller/src/img/astroimg/astro_proc_KMTNgw.20231211T102558.0001.fits & /media/shyunc/DATA/KSpec/KSPEC_ICS/GFA/Simul/kspec_gfa_controller/src/img/procimg/proc_KMTNgw.20231211T102558.0001.fits (at gfa_actions.py)
2025-03-13 10:26:38,032 [INFO] Performing sigma clipping to derive background and stddev. (at gfa_actions.py)
2025-03-13 10:26:38,137 [WARNING] Offsets within critical threshold; returning 0, 0. (at gfa_actions.py)
2025-03-13 10:26:38,140 [INFO] FWHM: 1.81 arcsec (at gfa_actions.py)
2025-03-13 10:26:38,140 [INFO] Guide star calibration complete. Offsets => fdx=0.00000, fdy=0.00000, FWHM=1.80589 (at gfa_actions.py)
2025-03-13 10:26:38,140 [INFO] Offsets calculated: fdx= $$, fdy=$$, FWHM=$$$ arcsec (at gfa_actions.py)
2025-03-13 14:41:50,105 [INFO] Guiding starts... (at gfa_actions.py)
2025-03-13 14:41:50,106 [INFO] Step #1: Grab an image (uncomment if needed). (at gfa_actions.py)
2025-03-13 14:41:50,106 [INFO] Step #2: Astrometry... (at gfa_actions.py)
2025-03-13 14:41:50,107 [INFO] Step #3: Calculating the offset... (at gfa_actions.py)
2025-03-13 14:41:50,107 [INFO] Starting guide star calibration process. (at gfa_actions.py)
2025-03-13 14:41:50,109 [INFO] Found 4 astrometry files and 4 processed files. (at gfa_actions.py)
2025-03-13 14:41:50,109 [INFO] Processing FITS: /media/shyunc/DATA/KSpec/KSPEC_ICS/GFA/Simul/kspec_gfa_controller/src/img/astroimg/astro_proc_KMTNge.20231211T102558.0001.fits & /media/shyunc/DATA/KSpec/KSPEC_ICS/GFA/Simul/kspec_gfa_controller/src/img/procimg/proc_KMTNge.20231211T102558.0001.fits (at gfa_actions.py)
2025-03-13 14:41:50,132 [INFO] Performing sigma clipping to derive background and stddev. (at gfa_actions.py)
2025-03-13 14:41:50,245 [INFO] Processing FITS: /media/shyunc/DATA/KSpec/KSPEC_ICS/GFA/Simul/kspec_gfa_controller/src/img/astroimg/astro_proc_KMTNgn.20231211T102558.0001.fits & /media/shyunc/DATA/KSpec/KSPEC_ICS/GFA/Simul/kspec_gfa_controller/src/img/procimg/proc_KMTNgn.20231211T102558.0001.fits (at gfa_actions.py)
2025-03-13 14:41:50,253 [INFO] Performing sigma clipping to derive background and stddev. (at gfa_actions.py)
2025-03-13 14:41:50,369 [INFO] Processing FITS: /media/shyunc/DATA/KSpec/KSPEC_ICS/GFA/Simul/kspec_gfa_controller/src/img/astroimg/astro_proc_KMTNgs.20231211T102558.0001.fits & /media/shyunc/DATA/KSpec/KSPEC_ICS/GFA/Simul/kspec_gfa_controller/src/img/procimg/proc_KMTNgs.20231211T102558.0001.fits (at gfa_actions.py)
2025-03-13 14:41:50,376 [INFO] Performing sigma clipping to derive background and stddev. (at gfa_actions.py)
2025-03-13 14:41:50,497 [INFO] Processing FITS: /media/shyunc/DATA/KSpec/KSPEC_ICS/GFA/Simul/kspec_gfa_controller/src/img/astroimg/astro_proc_KMTNgw.20231211T102558.0001.fits & /media/shyunc/DATA/KSpec/KSPEC_ICS/GFA/Simul/kspec_gfa_controller/src/img/procimg/proc_KMTNgw.20231211T102558.0001.fits (at gfa_actions.py)
2025-03-13 14:41:50,504 [INFO] Performing sigma clipping to derive background and stddev. (at gfa_actions.py)
2025-03-13 14:41:50,610 [WARNING] Offsets within critical threshold; returning 0, 0. (at gfa_actions.py)
2025-03-13 14:41:50,613 [INFO] FWHM: 1.81 arcsec (at gfa_actions.py)
2025-03-13 14:41:50,613 [INFO] Guide star calibration complete. Offsets => fdx=0.00000, fdy=0.00000, FWHM=1.80589 (at gfa_actions.py)
2025-03-13 14:41:50,613 [INFO] Offsets calculated: fdx= $$, fdy=$$, FWHM=$$$ arcsec (at gfa_actions.py)
2025-03-13 14:42:50,622 [INFO] Guiding starts... (at gfa_actions.py)
2025-03-13 14:42:50,623 [INFO] Step #1: Grab an image (uncomment if needed). (at gfa_actions.py)
2025-03-13 14:42:50,623 [INFO] Step #2: Astrometry... (at gfa_actions.py)
2025-03-13 14:42:50,624 [INFO] Step #3: Calculating the offset... (at gfa_actions.py)
2025-03-13 14:42:50,624 [INFO] Starting guide star calibration process. (at gfa_actions.py)
2025-03-13 14:42:50,627 [INFO] Found 4 astrometry files and 4 processed files. (at gfa_actions.py)
2025-03-13 14:42:50,627 [INFO] Processing FITS: /media/shyunc/DATA/KSpec/KSPEC_ICS/GFA/Simul/kspec_gfa_controller/src/img/astroimg/astro_proc_KMTNge.20231211T102558.0001.fits & /media/shyunc/DATA/KSpec/KSPEC_ICS/GFA/Simul/kspec_gfa_controller/src/img/procimg/proc_KMTNge.20231211T102558.0001.fits (at gfa_actions.py)
2025-03-13 14:42:50,636 [INFO] Performing sigma clipping to derive background and stddev. (at gfa_actions.py)
2025-03-13 14:42:50,747 [INFO] Processing FITS: /media/shyunc/DATA/KSpec/KSPEC_ICS/GFA/Simul/kspec_gfa_controller/src/img/astroimg/astro_proc_KMTNgn.20231211T102558.0001.fits & /media/shyunc/DATA/KSpec/KSPEC_ICS/GFA/Simul/kspec_gfa_controller/src/img/procimg/proc_KMTNgn.20231211T102558.0001.fits (at gfa_actions.py)
2025-03-13 14:42:50,754 [INFO] Performing sigma clipping to derive background and stddev. (at gfa_actions.py)
2025-03-13 14:42:50,871 [INFO] Processing FITS: /media/shyunc/DATA/KSpec/KSPEC_ICS/GFA/Simul/kspec_gfa_controller/src/img/astroimg/astro_proc_KMTNgs.20231211T102558.0001.fits & /media/shyunc/DATA/KSpec/KSPEC_ICS/GFA/Simul/kspec_gfa_controller/src/img/procimg/proc_KMTNgs.20231211T102558.0001.fits (at gfa_actions.py)
2025-03-13 14:42:50,878 [INFO] Performing sigma clipping to derive background and stddev. (at gfa_actions.py)
2025-03-13 14:42:50,998 [INFO] Processing FITS: /media/shyunc/DATA/KSpec/KSPEC_ICS/GFA/Simul/kspec_gfa_controller/src/img/astroimg/astro_proc_KMTNgw.20231211T102558.0001.fits & /media/shyunc/DATA/KSpec/KSPEC_ICS/GFA/Simul/kspec_gfa_controller/src/img/procimg/proc_KMTNgw.20231211T102558.0001.fits (at gfa_actions.py)
2025-03-13 14:42:51,005 [INFO] Performing sigma clipping to derive background and stddev. (at gfa_actions.py)
2025-03-13 14:42:51,111 [WARNING] Offsets within critical threshold; returning 0, 0. (at gfa_actions.py)
2025-03-13 14:42:51,114 [INFO] FWHM: 1.81 arcsec (at gfa_actions.py)
2025-03-13 14:42:51,114 [INFO] Guide star calibration complete. Offsets => fdx=0.00000, fdy=0.00000, FWHM=1.80589 (at gfa_actions.py)
2025-03-13 14:42:51,114 [INFO] Offsets calculated: fdx= $$, fdy=$$, FWHM=$$$ arcsec (at gfa_actions.py)
2025-03-13 14:43:51,121 [INFO] Guiding starts... (at gfa_actions.py)
2025-03-13 14:43:51,122 [INFO] Step #1: Grab an image (uncomment if needed). (at gfa_actions.py)
2025-03-13 14:43:51,123 [INFO] Step #2: Astrometry... (at gfa_actions.py)
2025-03-13 14:43:51,123 [INFO] Step #3: Calculating the offset... (at gfa_actions.py)
2025-03-13 14:43:51,124 [INFO] Starting guide star calibration process. (at gfa_actions.py)
2025-03-13 14:43:51,125 [INFO] Found 4 astrometry files and 4 processed files. (at gfa_actions.py)
2025-03-13 14:43:51,125 [INFO] Processing FITS: /media/shyunc/DATA/KSpec/KSPEC_ICS/GFA/Simul/kspec_gfa_controller/src/img/astroimg/astro_proc_KMTNge.20231211T102558.0001.fits & /media/shyunc/DATA/KSpec/KSPEC_ICS/GFA/Simul/kspec_gfa_controller/src/img/procimg/proc_KMTNge.20231211T102558.0001.fits (at gfa_actions.py)
2025-03-13 14:43:51,142 [INFO] Performing sigma clipping to derive background and stddev. (at gfa_actions.py)
2025-03-13 14:43:51,254 [INFO] Processing FITS: /media/shyunc/DATA/KSpec/KSPEC_ICS/GFA/Simul/kspec_gfa_controller/src/img/astroimg/astro_proc_KMTNgn.20231211T102558.0001.fits & /media/shyunc/DATA/KSpec/KSPEC_ICS/GFA/Simul/kspec_gfa_controller/src/img/procimg/proc_KMTNgn.20231211T102558.0001.fits (at gfa_actions.py)
2025-03-13 14:43:51,261 [INFO] Performing sigma clipping to derive background and stddev. (at gfa_actions.py)
2025-03-13 14:43:51,378 [INFO] Processing FITS: /media/shyunc/DATA/KSpec/KSPEC_ICS/GFA/Simul/kspec_gfa_controller/src/img/astroimg/astro_proc_KMTNgs.20231211T102558.0001.fits & /media/shyunc/DATA/KSpec/KSPEC_ICS/GFA/Simul/kspec_gfa_controller/src/img/procimg/proc_KMTNgs.20231211T102558.0001.fits (at gfa_actions.py)
2025-03-13 14:43:51,385 [INFO] Performing sigma clipping to derive background and stddev. (at gfa_actions.py)
2025-03-13 14:43:51,505 [INFO] Processing FITS: /media/shyunc/DATA/KSpec/KSPEC_ICS/GFA/Simul/kspec_gfa_controller/src/img/astroimg/astro_proc_KMTNgw.20231211T102558.0001.fits & /media/shyunc/DATA/KSpec/KSPEC_ICS/GFA/Simul/kspec_gfa_controller/src/img/procimg/proc_KMTNgw.20231211T102558.0001.fits (at gfa_actions.py)
2025-03-13 14:43:51,512 [INFO] Performing sigma clipping to derive background and stddev. (at gfa_actions.py)
2025-03-13 14:43:51,618 [WARNING] Offsets within critical threshold; returning 0, 0. (at gfa_actions.py)
2025-03-13 14:43:51,621 [INFO] FWHM: 1.81 arcsec (at gfa_actions.py)
2025-03-13 14:43:51,621 [INFO] Guide star calibration complete. Offsets => fdx=0.00000, fdy=0.00000, FWHM=1.80589 (at gfa_actions.py)
2025-03-13 14:43:51,621 [INFO] Offsets calculated: fdx= $$, fdy=$$, FWHM=$$$ arcsec (at gfa_actions.py)
2025-03-13 14:44:51,629 [INFO] Guiding starts... (at gfa_actions.py)
2025-03-13 14:44:51,630 [INFO] Step #1: Grab an image (uncomment if needed). (at gfa_actions.py)
2025-03-13 14:44:51,631 [INFO] Step #2: Astrometry... (at gfa_actions.py)
2025-03-13 14:44:51,631 [INFO] Step #3: Calculating the offset... (at gfa_actions.py)
2025-03-13 14:44:51,631 [INFO] Starting guide star calibration process. (at gfa_actions.py)
2025-03-13 14:44:51,633 [INFO] Found 4 astrometry files and 4 processed files. (at gfa_actions.py)
2025-03-13 14:44:51,633 [INFO] Processing FITS: /media/shyunc/DATA/KSpec/KSPEC_ICS/GFA/Simul/kspec_gfa_controller/src/img/astroimg/astro_proc_KMTNge.20231211T102558.0001.fits & /media/shyunc/DATA/KSpec/KSPEC_ICS/GFA/Simul/kspec_gfa_controller/src/img/procimg/proc_KMTNge.20231211T102558.0001.fits (at gfa_actions.py)
2025-03-13 14:44:51,650 [INFO] Performing sigma clipping to derive background and stddev. (at gfa_actions.py)
2025-03-13 14:44:51,764 [INFO] Processing FITS: /media/shyunc/DATA/KSpec/KSPEC_ICS/GFA/Simul/kspec_gfa_controller/src/img/astroimg/astro_proc_KMTNgn.20231211T102558.0001.fits & /media/shyunc/DATA/KSpec/KSPEC_ICS/GFA/Simul/kspec_gfa_controller/src/img/procimg/proc_KMTNgn.20231211T102558.0001.fits (at gfa_actions.py)
2025-03-13 14:44:51,771 [INFO] Performing sigma clipping to derive background and stddev. (at gfa_actions.py)
2025-03-13 14:44:51,888 [INFO] Processing FITS: /media/shyunc/DATA/KSpec/KSPEC_ICS/GFA/Simul/kspec_gfa_controller/src/img/astroimg/astro_proc_KMTNgs.20231211T102558.0001.fits & /media/shyunc/DATA/KSpec/KSPEC_ICS/GFA/Simul/kspec_gfa_controller/src/img/procimg/proc_KMTNgs.20231211T102558.0001.fits (at gfa_actions.py)
2025-03-13 14:44:51,894 [INFO] Performing sigma clipping to derive background and stddev. (at gfa_actions.py)
2025-03-13 14:44:52,015 [INFO] Processing FITS: /media/shyunc/DATA/KSpec/KSPEC_ICS/GFA/Simul/kspec_gfa_controller/src/img/astroimg/astro_proc_KMTNgw.20231211T102558.0001.fits & /media/shyunc/DATA/KSpec/KSPEC_ICS/GFA/Simul/kspec_gfa_controller/src/img/procimg/proc_KMTNgw.20231211T102558.0001.fits (at gfa_actions.py)
2025-03-13 14:44:52,022 [INFO] Performing sigma clipping to derive background and stddev. (at gfa_actions.py)
2025-03-13 14:44:52,128 [WARNING] Offsets within critical threshold; returning 0, 0. (at gfa_actions.py)
2025-03-13 14:44:52,130 [INFO] FWHM: 1.81 arcsec (at gfa_actions.py)
2025-03-13 14:44:52,130 [INFO] Guide star calibration complete. Offsets => fdx=0.00000, fdy=0.00000, FWHM=1.80589 (at gfa_actions.py)
2025-03-13 14:44:52,131 [INFO] Offsets calculated: fdx= $$, fdy=$$, FWHM=$$$ arcsec (at gfa_actions.py)
2025-03-13 14:45:52,139 [INFO] Guiding starts... (at gfa_actions.py)
2025-03-13 14:45:52,140 [INFO] Step #1: Grab an image (uncomment if needed). (at gfa_actions.py)
2025-03-13 14:45:52,141 [INFO] Step #2: Astrometry... (at gfa_actions.py)
2025-03-13 14:45:52,142 [INFO] Step #3: Calculating the offset... (at gfa_actions.py)
2025-03-13 14:45:52,142 [INFO] Starting guide star calibration process. (at gfa_actions.py)
2025-03-13 14:45:52,144 [INFO] Found 4 astrometry files and 4 processed files. (at gfa_actions.py)
2025-03-13 14:45:52,144 [INFO] Processing FITS: /media/shyunc/DATA/KSpec/KSPEC_ICS/GFA/Simul/kspec_gfa_controller/src/img/astroimg/astro_proc_KMTNge.20231211T102558.0001.fits & /media/shyunc/DATA/KSpec/KSPEC_ICS/GFA/Simul/kspec_gfa_controller/src/img/procimg/proc_KMTNge.20231211T102558.0001.fits (at gfa_actions.py)
2025-03-13 14:45:52,152 [INFO] Performing sigma clipping to derive background and stddev. (at gfa_actions.py)
2025-03-13 14:45:52,263 [INFO] Processing FITS: /media/shyunc/DATA/KSpec/KSPEC_ICS/GFA/Simul/kspec_gfa_controller/src/img/astroimg/astro_proc_KMTNgn.20231211T102558.0001.fits & /media/shyunc/DATA/KSpec/KSPEC_ICS/GFA/Simul/kspec_gfa_controller/src/img/procimg/proc_KMTNgn.20231211T102558.0001.fits (at gfa_actions.py)
2025-03-13 14:45:52,270 [INFO] Performing sigma clipping to derive background and stddev. (at gfa_actions.py)
2025-03-13 14:45:52,389 [INFO] Processing FITS: /media/shyunc/DATA/KSpec/KSPEC_ICS/GFA/Simul/kspec_gfa_controller/src/img/astroimg/astro_proc_KMTNgs.20231211T102558.0001.fits & /media/shyunc/DATA/KSpec/KSPEC_ICS/GFA/Simul/kspec_gfa_controller/src/img/procimg/proc_KMTNgs.20231211T102558.0001.fits (at gfa_actions.py)
2025-03-13 14:45:52,397 [INFO] Performing sigma clipping to derive background and stddev. (at gfa_actions.py)
2025-03-13 14:45:52,517 [INFO] Processing FITS: /media/shyunc/DATA/KSpec/KSPEC_ICS/GFA/Simul/kspec_gfa_controller/src/img/astroimg/astro_proc_KMTNgw.20231211T102558.0001.fits & /media/shyunc/DATA/KSpec/KSPEC_ICS/GFA/Simul/kspec_gfa_controller/src/img/procimg/proc_KMTNgw.20231211T102558.0001.fits (at gfa_actions.py)
2025-03-13 14:45:52,525 [INFO] Performing sigma clipping to derive background and stddev. (at gfa_actions.py)
2025-03-13 14:45:52,631 [WARNING] Offsets within critical threshold; returning 0, 0. (at gfa_actions.py)
2025-03-13 14:45:52,633 [INFO] FWHM: 1.81 arcsec (at gfa_actions.py)
2025-03-13 14:45:52,633 [INFO] Guide star calibration complete. Offsets => fdx=0.00000, fdy=0.00000, FWHM=1.80589 (at gfa_actions.py)
2025-03-13 14:45:52,634 [INFO] Offsets calculated: fdx= $$, fdy=$$, FWHM=$$$ arcsec (at gfa_actions.py)
2025-03-13 14:46:52,643 [INFO] Guiding starts... (at gfa_actions.py)
2025-03-13 14:46:52,643 [INFO] Step #1: Grab an image (uncomment if needed). (at gfa_actions.py)
2025-03-13 14:46:52,644 [INFO] Step #2: Astrometry... (at gfa_actions.py)
2025-03-13 14:46:52,644 [INFO] Step #3: Calculating the offset... (at gfa_actions.py)
2025-03-13 14:46:52,645 [INFO] Starting guide star calibration process. (at gfa_actions.py)
2025-03-13 14:46:52,646 [INFO] Found 4 astrometry files and 4 processed files. (at gfa_actions.py)
2025-03-13 14:46:52,646 [INFO] Processing FITS: /media/shyunc/DATA/KSpec/KSPEC_ICS/GFA/Simul/kspec_gfa_controller/src/img/astroimg/astro_proc_KMTNge.20231211T102558.0001.fits & /media/shyunc/DATA/KSpec/KSPEC_ICS/GFA/Simul/kspec_gfa_controller/src/img/procimg/proc_KMTNge.20231211T102558.0001.fits (at gfa_actions.py)
2025-03-13 14:46:52,655 [INFO] Performing sigma clipping to derive background and stddev. (at gfa_actions.py)
2025-03-13 14:46:52,764 [INFO] Processing FITS: /media/shyunc/DATA/KSpec/KSPEC_ICS/GFA/Simul/kspec_gfa_controller/src/img/astroimg/astro_proc_KMTNgn.20231211T102558.0001.fits & /media/shyunc/DATA/KSpec/KSPEC_ICS/GFA/Simul/kspec_gfa_controller/src/img/procimg/proc_KMTNgn.20231211T102558.0001.fits (at gfa_actions.py)
2025-03-13 14:46:52,771 [INFO] Performing sigma clipping to derive background and stddev. (at gfa_actions.py)
2025-03-13 14:46:52,888 [INFO] Processing FITS: /media/shyunc/DATA/KSpec/KSPEC_ICS/GFA/Simul/kspec_gfa_controller/src/img/astroimg/astro_proc_KMTNgs.20231211T102558.0001.fits & /media/shyunc/DATA/KSpec/KSPEC_ICS/GFA/Simul/kspec_gfa_controller/src/img/procimg/proc_KMTNgs.20231211T102558.0001.fits (at gfa_actions.py)
2025-03-13 14:46:52,895 [INFO] Performing sigma clipping to derive background and stddev. (at gfa_actions.py)
2025-03-13 14:46:53,016 [INFO] Processing FITS: /media/shyunc/DATA/KSpec/KSPEC_ICS/GFA/Simul/kspec_gfa_controller/src/img/astroimg/astro_proc_KMTNgw.20231211T102558.0001.fits & /media/shyunc/DATA/KSpec/KSPEC_ICS/GFA/Simul/kspec_gfa_controller/src/img/procimg/proc_KMTNgw.20231211T102558.0001.fits (at gfa_actions.py)
2025-03-13 14:46:53,023 [INFO] Performing sigma clipping to derive background and stddev. (at gfa_actions.py)
2025-03-13 14:46:53,129 [WARNING] Offsets within critical threshold; returning 0, 0. (at gfa_actions.py)
2025-03-13 14:46:53,131 [INFO] FWHM: 1.81 arcsec (at gfa_actions.py)
2025-03-13 14:46:53,131 [INFO] Guide star calibration complete. Offsets => fdx=0.00000, fdy=0.00000, FWHM=1.80589 (at gfa_actions.py)
2025-03-13 14:46:53,132 [INFO] Offsets calculated: fdx= $$, fdy=$$, FWHM=$$$ arcsec (at gfa_actions.py)
2025-03-13 14:47:53,142 [INFO] Guiding starts... (at gfa_actions.py)
2025-03-13 14:47:53,143 [INFO] Step #1: Grab an image (uncomment if needed). (at gfa_actions.py)
2025-03-13 14:47:53,144 [INFO] Step #2: Astrometry... (at gfa_actions.py)
2025-03-13 14:47:53,144 [INFO] Step #3: Calculating the offset... (at gfa_actions.py)
2025-03-13 14:47:53,145 [INFO] Starting guide star calibration process. (at gfa_actions.py)
2025-03-13 14:47:53,146 [INFO] Found 4 astrometry files and 4 processed files. (at gfa_actions.py)
2025-03-13 14:47:53,147 [INFO] Processing FITS: /media/shyunc/DATA/KSpec/KSPEC_ICS/GFA/Simul/kspec_gfa_controller/src/img/astroimg/astro_proc_KMTNge.20231211T102558.0001.fits & /media/shyunc/DATA/KSpec/KSPEC_ICS/GFA/Simul/kspec_gfa_controller/src/img/procimg/proc_KMTNge.20231211T102558.0001.fits (at gfa_actions.py)
2025-03-13 14:47:53,163 [INFO] Performing sigma clipping to derive background and stddev. (at gfa_actions.py)
2025-03-13 14:47:53,274 [INFO] Processing FITS: /media/shyunc/DATA/KSpec/KSPEC_ICS/GFA/Simul/kspec_gfa_controller/src/img/astroimg/astro_proc_KMTNgn.20231211T102558.0001.fits & /media/shyunc/DATA/KSpec/KSPEC_ICS/GFA/Simul/kspec_gfa_controller/src/img/procimg/proc_KMTNgn.20231211T102558.0001.fits (at gfa_actions.py)
2025-03-13 14:47:53,281 [INFO] Performing sigma clipping to derive background and stddev. (at gfa_actions.py)
2025-03-13 14:47:53,398 [INFO] Processing FITS: /media/shyunc/DATA/KSpec/KSPEC_ICS/GFA/Simul/kspec_gfa_controller/src/img/astroimg/astro_proc_KMTNgs.20231211T102558.0001.fits & /media/shyunc/DATA/KSpec/KSPEC_ICS/GFA/Simul/kspec_gfa_controller/src/img/procimg/proc_KMTNgs.20231211T102558.0001.fits (at gfa_actions.py)
2025-03-13 14:47:53,405 [INFO] Performing sigma clipping to derive background and stddev. (at gfa_actions.py)
2025-03-13 14:47:53,526 [INFO] Processing FITS: /media/shyunc/DATA/KSpec/KSPEC_ICS/GFA/Simul/kspec_gfa_controller/src/img/astroimg/astro_proc_KMTNgw.20231211T102558.0001.fits & /media/shyunc/DATA/KSpec/KSPEC_ICS/GFA/Simul/kspec_gfa_controller/src/img/procimg/proc_KMTNgw.20231211T102558.0001.fits (at gfa_actions.py)
2025-03-13 14:47:53,533 [INFO] Performing sigma clipping to derive background and stddev. (at gfa_actions.py)
2025-03-13 14:47:53,639 [WARNING] Offsets within critical threshold; returning 0, 0. (at gfa_actions.py)
2025-03-13 14:47:53,641 [INFO] FWHM: 1.81 arcsec (at gfa_actions.py)
2025-03-13 14:47:53,641 [INFO] Guide star calibration complete. Offsets => fdx=0.00000, fdy=0.00000, FWHM=1.80589 (at gfa_actions.py)
2025-03-13 14:47:53,642 [INFO] Offsets calculated: fdx= $$, fdy=$$, FWHM=$$$ arcsec (at gfa_actions.py)
2025-03-13 14:48:53,652 [INFO] Guiding starts... (at gfa_actions.py)
2025-03-13 14:48:53,653 [INFO] Step #1: Grab an image (uncomment if needed). (at gfa_actions.py)
2025-03-13 14:48:53,653 [INFO] Step #2: Astrometry... (at gfa_actions.py)
2025-03-13 14:48:53,654 [INFO] Step #3: Calculating the offset... (at gfa_actions.py)
2025-03-13 14:48:53,654 [INFO] Starting guide star calibration process. (at gfa_actions.py)
2025-03-13 14:48:53,655 [INFO] Found 4 astrometry files and 4 processed files. (at gfa_actions.py)
2025-03-13 14:48:53,656 [INFO] Processing FITS: /media/shyunc/DATA/KSpec/KSPEC_ICS/GFA/Simul/kspec_gfa_controller/src/img/astroimg/astro_proc_KMTNge.20231211T102558.0001.fits & /media/shyunc/DATA/KSpec/KSPEC_ICS/GFA/Simul/kspec_gfa_controller/src/img/procimg/proc_KMTNge.20231211T102558.0001.fits (at gfa_actions.py)
2025-03-13 14:48:53,680 [INFO] Performing sigma clipping to derive background and stddev. (at gfa_actions.py)
2025-03-13 14:48:53,790 [INFO] Processing FITS: /media/shyunc/DATA/KSpec/KSPEC_ICS/GFA/Simul/kspec_gfa_controller/src/img/astroimg/astro_proc_KMTNgn.20231211T102558.0001.fits & /media/shyunc/DATA/KSpec/KSPEC_ICS/GFA/Simul/kspec_gfa_controller/src/img/procimg/proc_KMTNgn.20231211T102558.0001.fits (at gfa_actions.py)
2025-03-13 14:48:53,797 [INFO] Performing sigma clipping to derive background and stddev. (at gfa_actions.py)
2025-03-13 14:48:53,914 [INFO] Processing FITS: /media/shyunc/DATA/KSpec/KSPEC_ICS/GFA/Simul/kspec_gfa_controller/src/img/astroimg/astro_proc_KMTNgs.20231211T102558.0001.fits & /media/shyunc/DATA/KSpec/KSPEC_ICS/GFA/Simul/kspec_gfa_controller/src/img/procimg/proc_KMTNgs.20231211T102558.0001.fits (at gfa_actions.py)
2025-03-13 14:48:53,921 [INFO] Performing sigma clipping to derive background and stddev. (at gfa_actions.py)
2025-03-13 14:48:54,042 [INFO] Processing FITS: /media/shyunc/DATA/KSpec/KSPEC_ICS/GFA/Simul/kspec_gfa_controller/src/img/astroimg/astro_proc_KMTNgw.20231211T102558.0001.fits & /media/shyunc/DATA/KSpec/KSPEC_ICS/GFA/Simul/kspec_gfa_controller/src/img/procimg/proc_KMTNgw.20231211T102558.0001.fits (at gfa_actions.py)
2025-03-13 14:48:54,049 [INFO] Performing sigma clipping to derive background and stddev. (at gfa_actions.py)
2025-03-13 14:48:54,155 [WARNING] Offsets within critical threshold; returning 0, 0. (at gfa_actions.py)
2025-03-13 14:48:54,157 [INFO] FWHM: 1.81 arcsec (at gfa_actions.py)
2025-03-13 14:48:54,157 [INFO] Guide star calibration complete. Offsets => fdx=0.00000, fdy=0.00000, FWHM=1.80589 (at gfa_actions.py)
2025-03-13 14:48:54,158 [INFO] Offsets calculated: fdx= $$, fdy=$$, FWHM=$$$ arcsec (at gfa_actions.py)
2025-03-13 14:49:54,168 [INFO] Guiding starts... (at gfa_actions.py)
2025-03-13 14:49:54,169 [INFO] Step #1: Grab an image (uncomment if needed). (at gfa_actions.py)
2025-03-13 14:49:54,170 [INFO] Step #2: Astrometry... (at gfa_actions.py)
2025-03-13 14:49:54,171 [INFO] Step #3: Calculating the offset... (at gfa_actions.py)
2025-03-13 14:49:54,171 [INFO] Starting guide star calibration process. (at gfa_actions.py)
2025-03-13 14:49:54,173 [INFO] Found 4 astrometry files and 4 processed files. (at gfa_actions.py)
2025-03-13 14:49:54,174 [INFO] Processing FITS: /media/shyunc/DATA/KSpec/KSPEC_ICS/GFA/Simul/kspec_gfa_controller/src/img/astroimg/astro_proc_KMTNge.20231211T102558.0001.fits & /media/shyunc/DATA/KSpec/KSPEC_ICS/GFA/Simul/kspec_gfa_controller/src/img/procimg/proc_KMTNge.20231211T102558.0001.fits (at gfa_actions.py)
2025-03-13 14:49:54,185 [INFO] Performing sigma clipping to derive background and stddev. (at gfa_actions.py)
2025-03-13 14:49:54,295 [INFO] Processing FITS: /media/shyunc/DATA/KSpec/KSPEC_ICS/GFA/Simul/kspec_gfa_controller/src/img/astroimg/astro_proc_KMTNgn.20231211T102558.0001.fits & /media/shyunc/DATA/KSpec/KSPEC_ICS/GFA/Simul/kspec_gfa_controller/src/img/procimg/proc_KMTNgn.20231211T102558.0001.fits (at gfa_actions.py)
2025-03-13 14:49:54,302 [INFO] Performing sigma clipping to derive background and stddev. (at gfa_actions.py)
2025-03-13 14:49:54,418 [INFO] Processing FITS: /media/shyunc/DATA/KSpec/KSPEC_ICS/GFA/Simul/kspec_gfa_controller/src/img/astroimg/astro_proc_KMTNgs.20231211T102558.0001.fits & /media/shyunc/DATA/KSpec/KSPEC_ICS/GFA/Simul/kspec_gfa_controller/src/img/procimg/proc_KMTNgs.20231211T102558.0001.fits (at gfa_actions.py)
2025-03-13 14:49:54,426 [INFO] Performing sigma clipping to derive background and stddev. (at gfa_actions.py)
2025-03-13 14:49:54,545 [INFO] Processing FITS: /media/shyunc/DATA/KSpec/KSPEC_ICS/GFA/Simul/kspec_gfa_controller/src/img/astroimg/astro_proc_KMTNgw.20231211T102558.0001.fits & /media/shyunc/DATA/KSpec/KSPEC_ICS/GFA/Simul/kspec_gfa_controller/src/img/procimg/proc_KMTNgw.20231211T102558.0001.fits (at gfa_actions.py)
2025-03-13 14:49:54,552 [INFO] Performing sigma clipping to derive background and stddev. (at gfa_actions.py)
2025-03-13 14:49:54,658 [WARNING] Offsets within critical threshold; returning 0, 0. (at gfa_actions.py)
2025-03-13 14:49:54,661 [INFO] FWHM: 1.81 arcsec (at gfa_actions.py)
2025-03-13 14:49:54,661 [INFO] Guide star calibration complete. Offsets => fdx=0.00000, fdy=0.00000, FWHM=1.80589 (at gfa_actions.py)
2025-03-13 14:49:54,662 [INFO] Offsets calculated: fdx= $$, fdy=$$, FWHM=$$$ arcsec (at gfa_actions.py)
2025-03-13 14:50:54,673 [INFO] Guiding starts... (at gfa_actions.py)
2025-03-13 14:50:54,674 [INFO] Step #1: Grab an image (uncomment if needed). (at gfa_actions.py)
2025-03-13 14:50:54,674 [INFO] Step #2: Astrometry... (at gfa_actions.py)
2025-03-13 14:50:54,675 [INFO] Step #3: Calculating the offset... (at gfa_actions.py)
2025-03-13 14:50:54,675 [INFO] Starting guide star calibration process. (at gfa_actions.py)
2025-03-13 14:50:54,677 [INFO] Found 4 astrometry files and 4 processed files. (at gfa_actions.py)
2025-03-13 14:50:54,677 [INFO] Processing FITS: /media/shyunc/DATA/KSpec/KSPEC_ICS/GFA/Simul/kspec_gfa_controller/src/img/astroimg/astro_proc_KMTNge.20231211T102558.0001.fits & /media/shyunc/DATA/KSpec/KSPEC_ICS/GFA/Simul/kspec_gfa_controller/src/img/procimg/proc_KMTNge.20231211T102558.0001.fits (at gfa_actions.py)
2025-03-13 14:50:54,687 [INFO] Performing sigma clipping to derive background and stddev. (at gfa_actions.py)
2025-03-13 14:50:54,798 [INFO] Processing FITS: /media/shyunc/DATA/KSpec/KSPEC_ICS/GFA/Simul/kspec_gfa_controller/src/img/astroimg/astro_proc_KMTNgn.20231211T102558.0001.fits & /media/shyunc/DATA/KSpec/KSPEC_ICS/GFA/Simul/kspec_gfa_controller/src/img/procimg/proc_KMTNgn.20231211T102558.0001.fits (at gfa_actions.py)
2025-03-13 14:50:54,806 [INFO] Performing sigma clipping to derive background and stddev. (at gfa_actions.py)
2025-03-13 14:50:54,922 [INFO] Processing FITS: /media/shyunc/DATA/KSpec/KSPEC_ICS/GFA/Simul/kspec_gfa_controller/src/img/astroimg/astro_proc_KMTNgs.20231211T102558.0001.fits & /media/shyunc/DATA/KSpec/KSPEC_ICS/GFA/Simul/kspec_gfa_controller/src/img/procimg/proc_KMTNgs.20231211T102558.0001.fits (at gfa_actions.py)
2025-03-13 14:50:54,929 [INFO] Performing sigma clipping to derive background and stddev. (at gfa_actions.py)
2025-03-13 14:50:55,050 [INFO] Processing FITS: /media/shyunc/DATA/KSpec/KSPEC_ICS/GFA/Simul/kspec_gfa_controller/src/img/astroimg/astro_proc_KMTNgw.20231211T102558.0001.fits & /media/shyunc/DATA/KSpec/KSPEC_ICS/GFA/Simul/kspec_gfa_controller/src/img/procimg/proc_KMTNgw.20231211T102558.0001.fits (at gfa_actions.py)
2025-03-13 14:50:55,057 [INFO] Performing sigma clipping to derive background and stddev. (at gfa_actions.py)
2025-03-13 14:50:55,162 [WARNING] Offsets within critical threshold; returning 0, 0. (at gfa_actions.py)
2025-03-13 14:50:55,165 [INFO] FWHM: 1.81 arcsec (at gfa_actions.py)
2025-03-13 14:50:55,165 [INFO] Guide star calibration complete. Offsets => fdx=0.00000, fdy=0.00000, FWHM=1.80589 (at gfa_actions.py)
2025-03-13 14:50:55,165 [INFO] Offsets calculated: fdx= $$, fdy=$$, FWHM=$$$ arcsec (at gfa_actions.py)
2025-03-13 14:51:55,176 [INFO] Guiding starts... (at gfa_actions.py)
2025-03-13 14:51:55,177 [INFO] Step #1: Grab an image (uncomment if needed). (at gfa_actions.py)
2025-03-13 14:51:55,177 [INFO] Step #2: Astrometry... (at gfa_actions.py)
2025-03-13 14:51:55,178 [INFO] Step #3: Calculating the offset... (at gfa_actions.py)
2025-03-13 14:51:55,178 [INFO] Starting guide star calibration process. (at gfa_actions.py)
2025-03-13 14:51:55,180 [INFO] Found 4 astrometry files and 4 processed files. (at gfa_actions.py)
2025-03-13 14:51:55,180 [INFO] Processing FITS: /media/shyunc/DATA/KSpec/KSPEC_ICS/GFA/Simul/kspec_gfa_controller/src/img/astroimg/astro_proc_KMTNge.20231211T102558.0001.fits & /media/shyunc/DATA/KSpec/KSPEC_ICS/GFA/Simul/kspec_gfa_controller/src/img/procimg/proc_KMTNge.20231211T102558.0001.fits (at gfa_actions.py)
2025-03-13 14:51:55,205 [INFO] Performing sigma clipping to derive background and stddev. (at gfa_actions.py)
2025-03-13 14:51:55,315 [INFO] Processing FITS: /media/shyunc/DATA/KSpec/KSPEC_ICS/GFA/Simul/kspec_gfa_controller/src/img/astroimg/astro_proc_KMTNgn.20231211T102558.0001.fits & /media/shyunc/DATA/KSpec/KSPEC_ICS/GFA/Simul/kspec_gfa_controller/src/img/procimg/proc_KMTNgn.20231211T102558.0001.fits (at gfa_actions.py)
2025-03-13 14:51:55,322 [INFO] Performing sigma clipping to derive background and stddev. (at gfa_actions.py)
2025-03-13 14:51:55,442 [INFO] Processing FITS: /media/shyunc/DATA/KSpec/KSPEC_ICS/GFA/Simul/kspec_gfa_controller/src/img/astroimg/astro_proc_KMTNgs.20231211T102558.0001.fits & /media/shyunc/DATA/KSpec/KSPEC_ICS/GFA/Simul/kspec_gfa_controller/src/img/procimg/proc_KMTNgs.20231211T102558.0001.fits (at gfa_actions.py)
2025-03-13 14:51:55,449 [INFO] Performing sigma clipping to derive background and stddev. (at gfa_actions.py)
2025-03-13 14:51:55,570 [INFO] Processing FITS: /media/shyunc/DATA/KSpec/KSPEC_ICS/GFA/Simul/kspec_gfa_controller/src/img/astroimg/astro_proc_KMTNgw.20231211T102558.0001.fits & /media/shyunc/DATA/KSpec/KSPEC_ICS/GFA/Simul/kspec_gfa_controller/src/img/procimg/proc_KMTNgw.20231211T102558.0001.fits (at gfa_actions.py)
2025-03-13 14:51:55,577 [INFO] Performing sigma clipping to derive background and stddev. (at gfa_actions.py)
2025-03-13 14:51:55,683 [WARNING] Offsets within critical threshold; returning 0, 0. (at gfa_actions.py)
2025-03-13 14:51:55,685 [INFO] FWHM: 1.81 arcsec (at gfa_actions.py)
2025-03-13 14:51:55,685 [INFO] Guide star calibration complete. Offsets => fdx=0.00000, fdy=0.00000, FWHM=1.80589 (at gfa_actions.py)
2025-03-13 14:51:55,686 [INFO] Offsets calculated: fdx= $$, fdy=$$, FWHM=$$$ arcsec (at gfa_actions.py)
2025-03-13 14:52:55,698 [INFO] Guiding starts... (at gfa_actions.py)
2025-03-13 14:52:55,698 [INFO] Step #1: Grab an image (uncomment if needed). (at gfa_actions.py)
2025-03-13 14:52:55,699 [INFO] Step #2: Astrometry... (at gfa_actions.py)
2025-03-13 14:52:55,699 [INFO] Step #3: Calculating the offset... (at gfa_actions.py)
2025-03-13 14:52:55,700 [INFO] Starting guide star calibration process. (at gfa_actions.py)
2025-03-13 14:52:55,701 [INFO] Found 4 astrometry files and 4 processed files. (at gfa_actions.py)
2025-03-13 14:52:55,701 [INFO] Processing FITS: /media/shyunc/DATA/KSpec/KSPEC_ICS/GFA/Simul/kspec_gfa_controller/src/img/astroimg/astro_proc_KMTNge.20231211T102558.0001.fits & /media/shyunc/DATA/KSpec/KSPEC_ICS/GFA/Simul/kspec_gfa_controller/src/img/procimg/proc_KMTNge.20231211T102558.0001.fits (at gfa_actions.py)
2025-03-13 14:52:55,717 [INFO] Performing sigma clipping to derive background and stddev. (at gfa_actions.py)
2025-03-13 14:52:55,829 [INFO] Processing FITS: /media/shyunc/DATA/KSpec/KSPEC_ICS/GFA/Simul/kspec_gfa_controller/src/img/astroimg/astro_proc_KMTNgn.20231211T102558.0001.fits & /media/shyunc/DATA/KSpec/KSPEC_ICS/GFA/Simul/kspec_gfa_controller/src/img/procimg/proc_KMTNgn.20231211T102558.0001.fits (at gfa_actions.py)
2025-03-13 14:52:55,836 [INFO] Performing sigma clipping to derive background and stddev. (at gfa_actions.py)
2025-03-13 14:52:55,953 [INFO] Processing FITS: /media/shyunc/DATA/KSpec/KSPEC_ICS/GFA/Simul/kspec_gfa_controller/src/img/astroimg/astro_proc_KMTNgs.20231211T102558.0001.fits & /media/shyunc/DATA/KSpec/KSPEC_ICS/GFA/Simul/kspec_gfa_controller/src/img/procimg/proc_KMTNgs.20231211T102558.0001.fits (at gfa_actions.py)
2025-03-13 14:52:55,960 [INFO] Performing sigma clipping to derive background and stddev. (at gfa_actions.py)
2025-03-13 14:52:56,080 [INFO] Processing FITS: /media/shyunc/DATA/KSpec/KSPEC_ICS/GFA/Simul/kspec_gfa_controller/src/img/astroimg/astro_proc_KMTNgw.20231211T102558.0001.fits & /media/shyunc/DATA/KSpec/KSPEC_ICS/GFA/Simul/kspec_gfa_controller/src/img/procimg/proc_KMTNgw.20231211T102558.0001.fits (at gfa_actions.py)
2025-03-13 14:52:56,088 [INFO] Performing sigma clipping to derive background and stddev. (at gfa_actions.py)
2025-03-13 14:52:56,195 [WARNING] Offsets within critical threshold; returning 0, 0. (at gfa_actions.py)
2025-03-13 14:52:56,197 [INFO] FWHM: 1.81 arcsec (at gfa_actions.py)
2025-03-13 14:52:56,198 [INFO] Guide star calibration complete. Offsets => fdx=0.00000, fdy=0.00000, FWHM=1.80589 (at gfa_actions.py)
2025-03-13 14:52:56,198 [INFO] Offsets calculated: fdx= $$, fdy=$$, FWHM=$$$ arcsec (at gfa_actions.py)
