2025-09-09 10:01:35,581 [INFO] Initialized GFAEnvironment with role 'plate' and cameras [1, 2, 3, 4, 5, 6]
2025-09-09 10:01:35,581 [INFO] Initializing gfa_astrometry class.
2025-09-09 10:01:35,582 [INFO] Initializing GFAGuider...
2025-09-09 10:01:35,582 [DEBUG] Processed dir: /media/shyunc/DATA/KSpec/KSPEC_ICS/GFA/Simul/kspec_gfa_controller/src/img/procimg
2025-09-09 10:01:35,582 [DEBUG] Final astro dir: /media/shyunc/DATA/KSpec/KSPEC_ICS/GFA/Simul/kspec_gfa_controller/src/img/astroimg/
2025-09-09 10:01:35,582 [DEBUG] Cutout dir: /media/shyunc/DATA/KSpec/KSPEC_ICS/GFA/Simul/kspec_gfa_controller/src/img/cutout
2025-09-09 10:01:35,582 [INFO] GFAGuider setup complete.
2025-09-09 10:01:35,611 [INFO] Initialized GFAEnvironment with role 'finder' and cameras [7]
2025-09-09 10:05:17,344 [INFO] Querying camera statuses...
2025-09-09 10:05:56,251 [INFO] Image save path: /media/shyunc/DATA/KSpec/KSPEC_ICS/GFA/Simul/kspec_gfa_controller/src/img/grab/2025-09-09
2025-09-09 10:05:56,252 [INFO] Grabbing from camera 1 (ExpTime=2.0, Binning=4)
2025-09-09 10:12:49,039 [INFO] Initialized GFAEnvironment with role 'plate' and cameras [1, 2, 3, 4, 5, 6]
2025-09-09 10:12:49,039 [INFO] Initializing gfa_astrometry class.
2025-09-09 10:12:49,040 [INFO] Initializing GFAGuider...
2025-09-09 10:12:49,040 [DEBUG] Processed dir: /media/shyunc/DATA/KSpec/KSPEC_ICS/GFA/Simul/kspec_gfa_controller/src/img/procimg
2025-09-09 10:12:49,040 [DEBUG] Final astro dir: /media/shyunc/DATA/KSpec/KSPEC_ICS/GFA/Simul/kspec_gfa_controller/src/img/astroimg/
2025-09-09 10:12:49,040 [DEBUG] Cutout dir: /media/shyunc/DATA/KSpec/KSPEC_ICS/GFA/Simul/kspec_gfa_controller/src/img/cutout
2025-09-09 10:12:49,040 [INFO] GFAGuider setup complete.
2025-09-09 10:12:49,040 [INFO] Initialized GFAEnvironment with role 'finder' and cameras [7]
2025-09-09 10:12:54,110 [INFO] Querying camera statuses...
2025-09-09 10:17:23,403 [INFO] Initialized GFAEnvironment with role 'plate' and cameras [1, 2, 3, 4, 5, 6]
2025-09-09 10:17:23,403 [INFO] Initializing gfa_astrometry class.
2025-09-09 10:17:23,404 [INFO] Initializing GFAGuider...
2025-09-09 10:17:23,404 [DEBUG] Processed dir: /media/shyunc/DATA/KSpec/KSPEC_ICS/GFA/Simul/kspec_gfa_controller/src/img/procimg
2025-09-09 10:17:23,404 [DEBUG] Final astro dir: /media/shyunc/DATA/KSpec/KSPEC_ICS/GFA/Simul/kspec_gfa_controller/src/img/astroimg/
2025-09-09 10:17:23,404 [DEBUG] Cutout dir: /media/shyunc/DATA/KSpec/KSPEC_ICS/GFA/Simul/kspec_gfa_controller/src/img/cutout
2025-09-09 10:17:23,404 [INFO] GFAGuider setup complete.
2025-09-09 10:17:23,404 [INFO] Initialized GFAEnvironment with role 'finder' and cameras [7]
2025-09-09 10:17:26,564 [INFO] Querying camera statuses...
2025-09-09 13:46:07,015 [INFO] Querying camera statuses...
2025-09-09 13:51:19,575 [INFO] Querying camera statuses...
2025-09-09 15:00:34,775 [INFO] Querying camera statuses...
2025-09-09 15:02:00,387 [INFO] Querying camera statuses...
2025-09-09 15:19:08,198 [INFO] Querying camera statuses...
2025-09-09 15:20:39,782 [INFO] Querying camera statuses...
2025-09-09 15:25:23,294 [INFO] Querying camera statuses...
2025-09-09 15:26:51,983 [INFO] Querying camera statuses...
2025-09-09 15:27:54,375 [INFO] Querying camera statuses...
2025-09-09 15:28:56,672 [INFO] Querying camera statuses...
2025-09-09 16:06:30,222 [INFO] Querying camera statuses...
2025-09-09 16:07:23,318 [INFO] Querying camera statuses...
2025-09-09 16:08:17,271 [INFO] Querying camera statuses...
2025-09-09 16:09:38,172 [INFO] Querying camera statuses...
2025-09-09 16:10:24,567 [INFO] Querying camera statuses...
2025-09-09 16:12:37,769 [INFO] Querying camera statuses...
2025-09-09 16:13:28,412 [INFO] Querying camera statuses...
2025-09-09 16:41:30,065 [INFO] Querying camera statuses...
2025-09-09 16:58:44,480 [INFO] Querying camera statuses...
2025-09-09 17:00:43,056 [INFO] Starting guiding sequence...
2025-09-09 17:00:43,058 [INFO] Grabbing raw image...
2025-09-09 17:00:48,060 [INFO] Running astrometry preprocessing...
2025-09-09 17:00:48,060 [INFO] Executing guider offset calculation...
2025-09-09 17:00:48,061 [INFO] Clearing temp astrometry data...
2025-09-09 17:00:48,062 [INFO] Deleting raw and processed files.
2025-09-09 17:00:48,063 [INFO] Deleted 0 files in directory: /media/shyunc/DATA/KSpec/KSPEC_ICS/GFA/Simul/kspec_gfa_controller/src/img/raw
2025-09-09 17:00:48,064 [INFO] Deleted 0 files in directory: /media/shyunc/DATA/KSpec/KSPEC_ICS/GFA/Simul/kspec_gfa_controller/src/img/procimg
2025-09-09 17:00:48,064 [INFO] Deleted 0 raw files and 0 processed files.
2025-09-09 17:01:18,066 [INFO] Starting guiding sequence...
2025-09-09 17:01:18,067 [INFO] Grabbing raw image...
2025-09-09 17:01:23,069 [INFO] Running astrometry preprocessing...
2025-09-09 17:01:23,069 [INFO] Executing guider offset calculation...
2025-09-09 17:01:23,070 [INFO] Clearing temp astrometry data...
2025-09-09 17:01:23,071 [INFO] Deleting raw and processed files.
2025-09-09 17:01:23,072 [INFO] Deleted 0 files in directory: /media/shyunc/DATA/KSpec/KSPEC_ICS/GFA/Simul/kspec_gfa_controller/src/img/raw
2025-09-09 17:01:23,073 [INFO] Deleted 0 files in directory: /media/shyunc/DATA/KSpec/KSPEC_ICS/GFA/Simul/kspec_gfa_controller/src/img/procimg
2025-09-09 17:01:23,073 [INFO] Deleted 0 raw files and 0 processed files.
2025-09-09 17:01:53,075 [INFO] Starting guiding sequence...
2025-09-09 17:01:53,077 [INFO] Grabbing raw image...
2025-09-09 17:01:58,079 [INFO] Running astrometry preprocessing...
2025-09-09 17:01:58,080 [INFO] Executing guider offset calculation...
2025-09-09 17:01:58,080 [INFO] Clearing temp astrometry data...
2025-09-09 17:01:58,081 [INFO] Deleting raw and processed files.
2025-09-09 17:01:58,082 [INFO] Deleted 0 files in directory: /media/shyunc/DATA/KSpec/KSPEC_ICS/GFA/Simul/kspec_gfa_controller/src/img/raw
2025-09-09 17:01:58,084 [INFO] Deleted 0 files in directory: /media/shyunc/DATA/KSpec/KSPEC_ICS/GFA/Simul/kspec_gfa_controller/src/img/procimg
2025-09-09 17:01:58,084 [INFO] Deleted 0 raw files and 0 processed files.
2025-09-09 17:02:01,969 [INFO] Starting guiding sequence...
2025-09-09 17:02:01,970 [INFO] Grabbing raw image...
2025-09-09 17:03:12,431 [INFO] Starting guiding sequence...
2025-09-09 17:03:12,432 [INFO] Grabbing raw image...
2025-09-09 17:03:17,434 [INFO] Running astrometry preprocessing...
2025-09-09 17:03:17,435 [INFO] Executing guider offset calculation...
2025-09-09 17:03:17,435 [INFO] Clearing temp astrometry data...
2025-09-09 17:03:17,436 [INFO] Deleting raw and processed files.
2025-09-09 17:03:17,437 [INFO] Deleted 0 files in directory: /media/shyunc/DATA/KSpec/KSPEC_ICS/GFA/Simul/kspec_gfa_controller/src/img/raw
2025-09-09 17:03:17,438 [INFO] Deleted 0 files in directory: /media/shyunc/DATA/KSpec/KSPEC_ICS/GFA/Simul/kspec_gfa_controller/src/img/procimg
2025-09-09 17:03:17,438 [INFO] Deleted 0 raw files and 0 processed files.
2025-09-09 17:03:43,045 [INFO] Starting guiding sequence...
2025-09-09 17:03:43,047 [INFO] Grabbing raw image...
2025-09-09 17:04:59,780 [INFO] Starting guiding sequence...
2025-09-09 17:04:59,782 [INFO] Grabbing raw image...
2025-09-09 17:05:04,784 [INFO] Running astrometry preprocessing...
2025-09-09 17:05:04,785 [INFO] Executing guider offset calculation...
2025-09-09 17:05:04,786 [INFO] Clearing temp astrometry data...
2025-09-09 17:05:04,786 [INFO] Deleting raw and processed files.
2025-09-09 17:05:04,788 [INFO] Deleted 0 files in directory: /media/shyunc/DATA/KSpec/KSPEC_ICS/GFA/Simul/kspec_gfa_controller/src/img/raw
2025-09-09 17:05:04,788 [INFO] Deleted 0 files in directory: /media/shyunc/DATA/KSpec/KSPEC_ICS/GFA/Simul/kspec_gfa_controller/src/img/procimg
2025-09-09 17:05:04,788 [INFO] Deleted 0 raw files and 0 processed files.
2025-09-09 17:05:52,870 [INFO] Starting guiding sequence...
2025-09-09 17:05:52,870 [INFO] Grabbing raw image...
2025-09-09 17:05:57,872 [INFO] Running astrometry preprocessing...
2025-09-09 17:05:57,873 [INFO] Executing guider offset calculation...
2025-09-09 17:05:57,873 [INFO] Clearing temp astrometry data...
2025-09-09 17:05:57,874 [INFO] Deleting raw and processed files.
2025-09-09 17:05:57,875 [INFO] Deleted 0 files in directory: /media/shyunc/DATA/KSpec/KSPEC_ICS/GFA/Simul/kspec_gfa_controller/src/img/raw
2025-09-09 17:05:57,876 [INFO] Deleted 0 files in directory: /media/shyunc/DATA/KSpec/KSPEC_ICS/GFA/Simul/kspec_gfa_controller/src/img/procimg
2025-09-09 17:05:57,876 [INFO] Deleted 0 raw files and 0 processed files.
2025-09-09 17:06:38,902 [INFO] Querying camera statuses...
2025-09-09 17:07:17,714 [INFO] Starting guiding sequence...
2025-09-09 17:07:17,714 [INFO] Grabbing raw image...
2025-09-09 17:07:22,716 [INFO] Running astrometry preprocessing...
2025-09-09 17:07:22,717 [INFO] Executing guider offset calculation...
2025-09-09 17:07:22,717 [INFO] Clearing temp astrometry data...
2025-09-09 17:07:22,718 [INFO] Deleting raw and processed files.
2025-09-09 17:07:22,719 [INFO] Deleted 0 files in directory: /media/shyunc/DATA/KSpec/KSPEC_ICS/GFA/Simul/kspec_gfa_controller/src/img/raw
2025-09-09 17:07:22,721 [INFO] Deleted 0 files in directory: /media/shyunc/DATA/KSpec/KSPEC_ICS/GFA/Simul/kspec_gfa_controller/src/img/procimg
2025-09-09 17:07:22,721 [INFO] Deleted 0 raw files and 0 processed files.
2025-09-10 09:31:30,436 [INFO] Querying camera statuses...
2025-09-10 09:34:27,177 [INFO] Starting guiding sequence...
2025-09-10 09:34:27,179 [INFO] Grabbing raw image...
2025-09-10 09:34:32,181 [INFO] Running astrometry preprocessing...
2025-09-10 09:34:32,182 [INFO] Executing guider offset calculation...
2025-09-10 09:34:32,182 [INFO] Clearing temp astrometry data...
2025-09-10 09:34:32,183 [INFO] Deleting raw and processed files.
2025-09-10 09:34:32,184 [INFO] Deleted 0 files in directory: /media/shyunc/DATA/KSpec/KSPEC_ICS/GFA/Simul/kspec_gfa_controller/src/img/raw
2025-09-10 09:34:32,185 [INFO] Deleted 0 files in directory: /media/shyunc/DATA/KSpec/KSPEC_ICS/GFA/Simul/kspec_gfa_controller/src/img/procimg
2025-09-10 09:34:32,186 [INFO] Deleted 0 raw files and 0 processed files.
