2025-07-10 14:36:03,059 [INFO] Configuration file found: /media/shyunc/DATA/KSpec/KSPEC_ICS/GFA/Simul/kspec_gfa_controller/src/etc/cams.json (at gfa_actions.py)
2025-07-10 14:36:03,059 [INFO] Configuration file found: /media/shyunc/DATA/KSpec/KSPEC_ICS/GFA/Simul/kspec_gfa_controller/src/etc/astrometry_params.json (at gfa_actions.py)
2025-07-10 14:36:03,059 [INFO] Initializing gfa_astrometry class. (at gfa_actions.py)
2025-07-10 14:36:03,059 [INFO] Initializing GFAGuider... (at gfa_actions.py)
2025-07-10 14:36:03,060 [DEBUG] Processed dir: /media/shyunc/DATA/KSpec/KSPEC_ICS/GFA/Simul/kspec_gfa_controller/src/img/procimg (at gfa_actions.py)
2025-07-10 14:36:03,060 [DEBUG] Final astro dir: /media/shyunc/DATA/KSpec/KSPEC_ICS/GFA/Simul/kspec_gfa_controller/src/img/astroimg/ (at gfa_actions.py)
2025-07-10 14:36:03,060 [DEBUG] Cutout dir: /media/shyunc/DATA/KSpec/KSPEC_ICS/GFA/Simul/kspec_gfa_controller/src/img/cutout (at gfa_actions.py)
2025-07-10 14:36:03,060 [INFO] GFAGuider setup complete. (at gfa_actions.py)
2025-07-10 14:36:05,547 [INFO] Guiding starts... (at gfa_actions.py)
2025-07-10 14:36:10,571 [INFO] Astrometry preprocessing... (at gfa_actions.py)
2025-07-10 14:36:10,573 [DEBUG] Loaded 3 FITS files. (at gfa_actions.py)
2025-07-10 14:36:10,574 [INFO] Starting preprocessing for 3 files. (at gfa_actions.py)
2025-07-10 14:36:10,575 [INFO] No astrometry files found in /media/shyunc/DATA/KSpec/KSPEC_ICS/GFA/Simul/kspec_gfa_controller/src/img/astroimg/, starting astrometric processing. (at gfa_actions.py)
2025-07-10 14:36:10,576 [DEBUG] Starting combined function for file: KMTNge.20230905T094050.0001.fits. (at gfa_actions.py)
2025-07-10 14:36:10,577 [DEBUG] Processing file: KMTNge.20230905T094050.0001.fits (at gfa_actions.py)
2025-07-10 14:36:10,577 [DEBUG] Starting combined function for file: KMTNgn.20230905T094050.0001.fits. (at gfa_actions.py)
2025-07-10 14:36:10,577 [DEBUG] Starting combined function for file: KMTNgs.20230905T094050.0001.fits. (at gfa_actions.py)
2025-07-10 14:36:10,578 [DEBUG] Processing file: KMTNgn.20230905T094050.0001.fits (at gfa_actions.py)
2025-07-10 14:36:10,579 [DEBUG] Processing file: KMTNgs.20230905T094050.0001.fits (at gfa_actions.py)
2025-07-10 14:36:10,618 [INFO] Starting astrometry process for proc_KMTNge.20230905T094050.0001.fits. (at gfa_actions.py)
2025-07-10 14:36:10,618 [ERROR] Error processing KMTNge.20230905T094050.0001.fits: solve-field not found! Ensure it is installed and in PATH. (at gfa_actions.py)
2025-07-10 14:36:10,619 [INFO] Starting astrometry process for proc_KMTNgs.20230905T094050.0001.fits. (at gfa_actions.py)
2025-07-10 14:36:10,619 [INFO] Starting astrometry process for proc_KMTNgn.20230905T094050.0001.fits. (at gfa_actions.py)
2025-07-10 14:36:10,619 [ERROR] Error processing KMTNgs.20230905T094050.0001.fits: solve-field not found! Ensure it is installed and in PATH. (at gfa_actions.py)
2025-07-10 14:36:10,619 [ERROR] Error processing KMTNgn.20230905T094050.0001.fits: solve-field not found! Ensure it is installed and in PATH. (at gfa_actions.py)
2025-07-10 14:36:10,619 [DEBUG] CRVAL1 results: [] (at gfa_actions.py)
2025-07-10 14:36:10,619 [DEBUG] CRVAL2 results: [] (at gfa_actions.py)
2025-07-10 14:36:10,619 [WARNING] Failed to process 3 files: ['KMTNge.20230905T094050.0001.fits', 'KMTNgs.20230905T094050.0001.fits', 'KMTNgn.20230905T094050.0001.fits'] (at gfa_actions.py)
2025-07-10 14:36:10,619 [INFO] Starting star catalog generation. (at gfa_actions.py)
2025-07-10 14:36:10,620 [DEBUG] Found 0 .corr files in /media/shyunc/DATA/KSpec/KSPEC_ICS/GFA/Simul/kspec_gfa_controller/src/img/tempfiles. (at gfa_actions.py)
2025-07-10 14:36:10,620 [ERROR] No .corr files found in the temp directory. (at gfa_actions.py)
2025-07-10 14:36:10,620 [INFO] Removing temporary files. (at gfa_actions.py)
2025-07-10 14:36:10,620 [DEBUG] Temporary files removed from /media/shyunc/DATA/KSpec/KSPEC_ICS/GFA/Simul/kspec_gfa_controller/src/img/tempfiles. (at gfa_actions.py)
2025-07-10 14:36:10,620 [INFO] All files processed in 0.05 seconds. (at gfa_actions.py)
2025-07-10 14:36:10,620 [INFO] Preprocessing completed. (at gfa_actions.py)
2025-07-10 14:36:10,620 [INFO] Calculating guider offsets... (at gfa_actions.py)
2025-07-10 14:36:10,620 [INFO] Starting guide star calibration process. (at gfa_actions.py)
2025-07-10 14:36:10,620 [ERROR] No astrometry FITS files found in /media/shyunc/DATA/KSpec/KSPEC_ICS/GFA/Simul/kspec_gfa_controller/src/img/astroimg/. Calibration aborted. (at gfa_actions.py)
2025-07-10 14:36:10,620 [INFO] Clearing raw and processed files after guiding... (at gfa_actions.py)
2025-07-10 14:36:10,620 [INFO] Deleting raw and processed files. (at gfa_actions.py)
2025-07-10 14:36:10,620 [DEBUG] Deleted file: /media/shyunc/DATA/KSpec/KSPEC_ICS/GFA/Simul/kspec_gfa_controller/src/img/raw/KMTNge.20230905T094050.0001.fits (at gfa_actions.py)
2025-07-10 14:36:10,621 [DEBUG] Deleted file: /media/shyunc/DATA/KSpec/KSPEC_ICS/GFA/Simul/kspec_gfa_controller/src/img/raw/KMTNgn.20230905T094050.0001.fits (at gfa_actions.py)
2025-07-10 14:36:10,621 [DEBUG] Deleted file: /media/shyunc/DATA/KSpec/KSPEC_ICS/GFA/Simul/kspec_gfa_controller/src/img/raw/KMTNgs.20230905T094050.0001.fits (at gfa_actions.py)
2025-07-10 14:36:10,621 [INFO] Deleted 3 files in directory: /media/shyunc/DATA/KSpec/KSPEC_ICS/GFA/Simul/kspec_gfa_controller/src/img/raw (at gfa_actions.py)
2025-07-10 14:36:10,621 [DEBUG] Deleted file: /media/shyunc/DATA/KSpec/KSPEC_ICS/GFA/Simul/kspec_gfa_controller/src/img/procimg/proc_KMTNge.20230905T094050.0001.fits (at gfa_actions.py)
2025-07-10 14:36:10,621 [DEBUG] Deleted file: /media/shyunc/DATA/KSpec/KSPEC_ICS/GFA/Simul/kspec_gfa_controller/src/img/procimg/proc_KMTNgn.20230905T094050.0001.fits (at gfa_actions.py)
2025-07-10 14:36:10,621 [DEBUG] Deleted file: /media/shyunc/DATA/KSpec/KSPEC_ICS/GFA/Simul/kspec_gfa_controller/src/img/procimg/proc_KMTNgs.20230905T094050.0001.fits (at gfa_actions.py)
2025-07-10 14:36:10,621 [INFO] Deleted 3 files in directory: /media/shyunc/DATA/KSpec/KSPEC_ICS/GFA/Simul/kspec_gfa_controller/src/img/procimg (at gfa_actions.py)
2025-07-10 14:36:10,621 [INFO] Deleted 3 raw files and 3 processed files. (at gfa_actions.py)
2025-07-10 14:37:10,625 [INFO] Guiding starts... (at gfa_actions.py)
2025-07-10 14:37:15,654 [INFO] Astrometry preprocessing... (at gfa_actions.py)
2025-07-10 14:37:15,655 [DEBUG] Loaded 3 FITS files. (at gfa_actions.py)
2025-07-10 14:37:15,655 [INFO] Starting preprocessing for 3 files. (at gfa_actions.py)
2025-07-10 14:37:15,655 [INFO] No astrometry files found in /media/shyunc/DATA/KSpec/KSPEC_ICS/GFA/Simul/kspec_gfa_controller/src/img/astroimg/, starting astrometric processing. (at gfa_actions.py)
2025-07-10 14:37:15,655 [DEBUG] Starting combined function for file: KMTNge.20230905T094259.0001.fits. (at gfa_actions.py)
2025-07-10 14:37:15,656 [DEBUG] Processing file: KMTNge.20230905T094259.0001.fits (at gfa_actions.py)
2025-07-10 14:37:15,656 [DEBUG] Starting combined function for file: KMTNgn.20230905T094259.0001.fits. (at gfa_actions.py)
2025-07-10 14:37:15,656 [DEBUG] Processing file: KMTNgn.20230905T094259.0001.fits (at gfa_actions.py)
2025-07-10 14:37:15,656 [DEBUG] Starting combined function for file: KMTNgs.20230905T094259.0001.fits. (at gfa_actions.py)
2025-07-10 14:37:15,657 [DEBUG] Processing file: KMTNgs.20230905T094259.0001.fits (at gfa_actions.py)
2025-07-10 14:37:15,680 [INFO] Starting astrometry process for proc_KMTNgn.20230905T094259.0001.fits. (at gfa_actions.py)
2025-07-10 14:37:15,681 [ERROR] Error processing KMTNgn.20230905T094259.0001.fits: solve-field not found! Ensure it is installed and in PATH. (at gfa_actions.py)
2025-07-10 14:37:15,685 [INFO] Starting astrometry process for proc_KMTNge.20230905T094259.0001.fits. (at gfa_actions.py)
2025-07-10 14:37:15,685 [INFO] Starting astrometry process for proc_KMTNgs.20230905T094259.0001.fits. (at gfa_actions.py)
2025-07-10 14:37:15,685 [ERROR] Error processing KMTNge.20230905T094259.0001.fits: solve-field not found! Ensure it is installed and in PATH. (at gfa_actions.py)
2025-07-10 14:37:15,685 [ERROR] Error processing KMTNgs.20230905T094259.0001.fits: solve-field not found! Ensure it is installed and in PATH. (at gfa_actions.py)
2025-07-10 14:37:15,686 [DEBUG] CRVAL1 results: [] (at gfa_actions.py)
2025-07-10 14:37:15,686 [DEBUG] CRVAL2 results: [] (at gfa_actions.py)
2025-07-10 14:37:15,686 [WARNING] Failed to process 3 files: ['KMTNgn.20230905T094259.0001.fits', 'KMTNge.20230905T094259.0001.fits', 'KMTNgs.20230905T094259.0001.fits'] (at gfa_actions.py)
2025-07-10 14:37:15,686 [INFO] Starting star catalog generation. (at gfa_actions.py)
2025-07-10 14:37:15,687 [DEBUG] Found 0 .corr files in /media/shyunc/DATA/KSpec/KSPEC_ICS/GFA/Simul/kspec_gfa_controller/src/img/tempfiles. (at gfa_actions.py)
2025-07-10 14:37:15,687 [ERROR] No .corr files found in the temp directory. (at gfa_actions.py)
2025-07-10 14:37:15,687 [INFO] Removing temporary files. (at gfa_actions.py)
2025-07-10 14:37:15,687 [DEBUG] Temporary files removed from /media/shyunc/DATA/KSpec/KSPEC_ICS/GFA/Simul/kspec_gfa_controller/src/img/tempfiles. (at gfa_actions.py)
2025-07-10 14:37:15,687 [INFO] All files processed in 0.03 seconds. (at gfa_actions.py)
2025-07-10 14:37:15,687 [INFO] Preprocessing completed. (at gfa_actions.py)
2025-07-10 14:37:15,687 [INFO] Calculating guider offsets... (at gfa_actions.py)
2025-07-10 14:37:15,687 [INFO] Starting guide star calibration process. (at gfa_actions.py)
2025-07-10 14:37:15,687 [ERROR] No astrometry FITS files found in /media/shyunc/DATA/KSpec/KSPEC_ICS/GFA/Simul/kspec_gfa_controller/src/img/astroimg/. Calibration aborted. (at gfa_actions.py)
2025-07-10 14:37:15,687 [INFO] Clearing raw and processed files after guiding... (at gfa_actions.py)
2025-07-10 14:37:15,687 [INFO] Deleting raw and processed files. (at gfa_actions.py)
2025-07-10 14:37:15,688 [DEBUG] Deleted file: /media/shyunc/DATA/KSpec/KSPEC_ICS/GFA/Simul/kspec_gfa_controller/src/img/raw/KMTNge.20230905T094259.0001.fits (at gfa_actions.py)
2025-07-10 14:37:15,688 [DEBUG] Deleted file: /media/shyunc/DATA/KSpec/KSPEC_ICS/GFA/Simul/kspec_gfa_controller/src/img/raw/KMTNgn.20230905T094259.0001.fits (at gfa_actions.py)
2025-07-10 14:37:15,688 [DEBUG] Deleted file: /media/shyunc/DATA/KSpec/KSPEC_ICS/GFA/Simul/kspec_gfa_controller/src/img/raw/KMTNgs.20230905T094259.0001.fits (at gfa_actions.py)
2025-07-10 14:37:15,688 [INFO] Deleted 3 files in directory: /media/shyunc/DATA/KSpec/KSPEC_ICS/GFA/Simul/kspec_gfa_controller/src/img/raw (at gfa_actions.py)
2025-07-10 14:37:15,688 [DEBUG] Deleted file: /media/shyunc/DATA/KSpec/KSPEC_ICS/GFA/Simul/kspec_gfa_controller/src/img/procimg/proc_KMTNge.20230905T094259.0001.fits (at gfa_actions.py)
2025-07-10 14:37:15,688 [DEBUG] Deleted file: /media/shyunc/DATA/KSpec/KSPEC_ICS/GFA/Simul/kspec_gfa_controller/src/img/procimg/proc_KMTNgn.20230905T094259.0001.fits (at gfa_actions.py)
2025-07-10 14:37:15,689 [DEBUG] Deleted file: /media/shyunc/DATA/KSpec/KSPEC_ICS/GFA/Simul/kspec_gfa_controller/src/img/procimg/proc_KMTNgs.20230905T094259.0001.fits (at gfa_actions.py)
2025-07-10 14:37:15,689 [INFO] Deleted 3 files in directory: /media/shyunc/DATA/KSpec/KSPEC_ICS/GFA/Simul/kspec_gfa_controller/src/img/procimg (at gfa_actions.py)
2025-07-10 14:37:15,689 [INFO] Deleted 3 raw files and 3 processed files. (at gfa_actions.py)
2025-07-10 14:38:15,703 [INFO] Guiding starts... (at gfa_actions.py)
2025-07-10 14:38:20,730 [INFO] Astrometry preprocessing... (at gfa_actions.py)
2025-07-10 14:38:20,731 [DEBUG] Loaded 3 FITS files. (at gfa_actions.py)
2025-07-10 14:38:20,731 [INFO] Starting preprocessing for 3 files. (at gfa_actions.py)
2025-07-10 14:38:20,731 [INFO] No astrometry files found in /media/shyunc/DATA/KSpec/KSPEC_ICS/GFA/Simul/kspec_gfa_controller/src/img/astroimg/, starting astrometric processing. (at gfa_actions.py)
2025-07-10 14:38:20,731 [DEBUG] Starting combined function for file: KMTNge.20230905T094503.0001.fits. (at gfa_actions.py)
2025-07-10 14:38:20,731 [DEBUG] Processing file: KMTNge.20230905T094503.0001.fits (at gfa_actions.py)
2025-07-10 14:38:20,731 [DEBUG] Starting combined function for file: KMTNgn.20230905T094503.0001.fits. (at gfa_actions.py)
2025-07-10 14:38:20,732 [DEBUG] Starting combined function for file: KMTNgs.20230905T094503.0001.fits. (at gfa_actions.py)
2025-07-10 14:38:20,732 [DEBUG] Processing file: KMTNgs.20230905T094503.0001.fits (at gfa_actions.py)
2025-07-10 14:38:20,732 [DEBUG] Processing file: KMTNgn.20230905T094503.0001.fits (at gfa_actions.py)
2025-07-10 14:38:20,756 [INFO] Starting astrometry process for proc_KMTNge.20230905T094503.0001.fits. (at gfa_actions.py)
2025-07-10 14:38:20,757 [ERROR] Error processing KMTNge.20230905T094503.0001.fits: solve-field not found! Ensure it is installed and in PATH. (at gfa_actions.py)
2025-07-10 14:38:20,761 [INFO] Starting astrometry process for proc_KMTNgs.20230905T094503.0001.fits. (at gfa_actions.py)
2025-07-10 14:38:20,761 [INFO] Starting astrometry process for proc_KMTNgn.20230905T094503.0001.fits. (at gfa_actions.py)
2025-07-10 14:38:20,762 [ERROR] Error processing KMTNgs.20230905T094503.0001.fits: solve-field not found! Ensure it is installed and in PATH. (at gfa_actions.py)
2025-07-10 14:38:20,762 [ERROR] Error processing KMTNgn.20230905T094503.0001.fits: solve-field not found! Ensure it is installed and in PATH. (at gfa_actions.py)
2025-07-10 14:38:20,762 [DEBUG] CRVAL1 results: [] (at gfa_actions.py)
2025-07-10 14:38:20,762 [DEBUG] CRVAL2 results: [] (at gfa_actions.py)
2025-07-10 14:38:20,762 [WARNING] Failed to process 3 files: ['KMTNge.20230905T094503.0001.fits', 'KMTNgs.20230905T094503.0001.fits', 'KMTNgn.20230905T094503.0001.fits'] (at gfa_actions.py)
2025-07-10 14:38:20,762 [INFO] Starting star catalog generation. (at gfa_actions.py)
2025-07-10 14:38:20,762 [DEBUG] Found 0 .corr files in /media/shyunc/DATA/KSpec/KSPEC_ICS/GFA/Simul/kspec_gfa_controller/src/img/tempfiles. (at gfa_actions.py)
2025-07-10 14:38:20,762 [ERROR] No .corr files found in the temp directory. (at gfa_actions.py)
2025-07-10 14:38:20,762 [INFO] Removing temporary files. (at gfa_actions.py)
2025-07-10 14:38:20,763 [DEBUG] Temporary files removed from /media/shyunc/DATA/KSpec/KSPEC_ICS/GFA/Simul/kspec_gfa_controller/src/img/tempfiles. (at gfa_actions.py)
2025-07-10 14:38:20,763 [INFO] All files processed in 0.03 seconds. (at gfa_actions.py)
2025-07-10 14:38:20,763 [INFO] Preprocessing completed. (at gfa_actions.py)
2025-07-10 14:38:20,763 [INFO] Calculating guider offsets... (at gfa_actions.py)
2025-07-10 14:38:20,763 [INFO] Starting guide star calibration process. (at gfa_actions.py)
2025-07-10 14:38:20,763 [ERROR] No astrometry FITS files found in /media/shyunc/DATA/KSpec/KSPEC_ICS/GFA/Simul/kspec_gfa_controller/src/img/astroimg/. Calibration aborted. (at gfa_actions.py)
2025-07-10 14:38:20,763 [INFO] Clearing raw and processed files after guiding... (at gfa_actions.py)
2025-07-10 14:38:20,763 [INFO] Deleting raw and processed files. (at gfa_actions.py)
2025-07-10 14:38:20,763 [DEBUG] Deleted file: /media/shyunc/DATA/KSpec/KSPEC_ICS/GFA/Simul/kspec_gfa_controller/src/img/raw/KMTNge.20230905T094503.0001.fits (at gfa_actions.py)
2025-07-10 14:38:20,764 [DEBUG] Deleted file: /media/shyunc/DATA/KSpec/KSPEC_ICS/GFA/Simul/kspec_gfa_controller/src/img/raw/KMTNgn.20230905T094503.0001.fits (at gfa_actions.py)
2025-07-10 14:38:20,764 [DEBUG] Deleted file: /media/shyunc/DATA/KSpec/KSPEC_ICS/GFA/Simul/kspec_gfa_controller/src/img/raw/KMTNgs.20230905T094503.0001.fits (at gfa_actions.py)
2025-07-10 14:38:20,764 [INFO] Deleted 3 files in directory: /media/shyunc/DATA/KSpec/KSPEC_ICS/GFA/Simul/kspec_gfa_controller/src/img/raw (at gfa_actions.py)
2025-07-10 14:38:20,764 [DEBUG] Deleted file: /media/shyunc/DATA/KSpec/KSPEC_ICS/GFA/Simul/kspec_gfa_controller/src/img/procimg/proc_KMTNge.20230905T094503.0001.fits (at gfa_actions.py)
2025-07-10 14:38:20,765 [DEBUG] Deleted file: /media/shyunc/DATA/KSpec/KSPEC_ICS/GFA/Simul/kspec_gfa_controller/src/img/procimg/proc_KMTNgn.20230905T094503.0001.fits (at gfa_actions.py)
2025-07-10 14:38:20,765 [DEBUG] Deleted file: /media/shyunc/DATA/KSpec/KSPEC_ICS/GFA/Simul/kspec_gfa_controller/src/img/procimg/proc_KMTNgs.20230905T094503.0001.fits (at gfa_actions.py)
2025-07-10 14:38:20,765 [INFO] Deleted 3 files in directory: /media/shyunc/DATA/KSpec/KSPEC_ICS/GFA/Simul/kspec_gfa_controller/src/img/procimg (at gfa_actions.py)
2025-07-10 14:38:20,765 [INFO] Deleted 3 raw files and 3 processed files. (at gfa_actions.py)
2025-07-10 14:46:58,492 [INFO] Configuration file found: /media/shyunc/DATA/KSpec/KSPEC_ICS/GFA/Simul/kspec_gfa_controller/src/etc/cams.json (at gfa_actions.py)
2025-07-10 14:46:58,492 [INFO] Configuration file found: /media/shyunc/DATA/KSpec/KSPEC_ICS/GFA/Simul/kspec_gfa_controller/src/etc/astrometry_params.json (at gfa_actions.py)
2025-07-10 14:46:58,492 [INFO] Initializing gfa_astrometry class. (at gfa_actions.py)
2025-07-10 14:46:58,492 [INFO] Initializing GFAGuider... (at gfa_actions.py)
2025-07-10 14:46:58,493 [DEBUG] Processed dir: /media/shyunc/DATA/KSpec/KSPEC_ICS/GFA/Simul/kspec_gfa_controller/src/img/procimg (at gfa_actions.py)
2025-07-10 14:46:58,493 [DEBUG] Final astro dir: /media/shyunc/DATA/KSpec/KSPEC_ICS/GFA/Simul/kspec_gfa_controller/src/img/astroimg/ (at gfa_actions.py)
2025-07-10 14:46:58,493 [DEBUG] Cutout dir: /media/shyunc/DATA/KSpec/KSPEC_ICS/GFA/Simul/kspec_gfa_controller/src/img/cutout (at gfa_actions.py)
2025-07-10 14:46:58,493 [INFO] GFAGuider setup complete. (at gfa_actions.py)
2025-07-10 14:47:02,177 [INFO] Guiding starts... (at gfa_actions.py)
2025-07-10 14:47:07,202 [INFO] Astrometry preprocessing... (at gfa_actions.py)
2025-07-10 14:47:07,205 [DEBUG] Loaded 3 FITS files. (at gfa_actions.py)
2025-07-10 14:47:07,205 [INFO] Starting preprocessing for 3 files. (at gfa_actions.py)
2025-07-10 14:47:07,206 [INFO] No astrometry files found in /media/shyunc/DATA/KSpec/KSPEC_ICS/GFA/Simul/kspec_gfa_controller/src/img/astroimg/, starting astrometric processing. (at gfa_actions.py)
2025-07-10 14:47:07,207 [DEBUG] Starting combined function for file: KMTNge.20230905T094050.0001.fits. (at gfa_actions.py)
2025-07-10 14:47:07,207 [DEBUG] Processing file: KMTNge.20230905T094050.0001.fits (at gfa_actions.py)
2025-07-10 14:47:07,208 [DEBUG] Starting combined function for file: KMTNgn.20230905T094050.0001.fits. (at gfa_actions.py)
2025-07-10 14:47:07,209 [DEBUG] Starting combined function for file: KMTNgs.20230905T094050.0001.fits. (at gfa_actions.py)
2025-07-10 14:47:07,209 [DEBUG] Processing file: KMTNgn.20230905T094050.0001.fits (at gfa_actions.py)
2025-07-10 14:47:07,209 [DEBUG] Processing file: KMTNgs.20230905T094050.0001.fits (at gfa_actions.py)
2025-07-10 14:47:07,242 [INFO] Starting astrometry process for proc_KMTNgn.20230905T094050.0001.fits. (at gfa_actions.py)
2025-07-10 14:47:07,242 [ERROR] Error processing KMTNgn.20230905T094050.0001.fits: solve-field not found! Ensure it is installed and in PATH. (at gfa_actions.py)
2025-07-10 14:47:07,246 [INFO] Starting astrometry process for proc_KMTNgs.20230905T094050.0001.fits. (at gfa_actions.py)
2025-07-10 14:47:07,247 [ERROR] Error processing KMTNgs.20230905T094050.0001.fits: solve-field not found! Ensure it is installed and in PATH. (at gfa_actions.py)
2025-07-10 14:47:07,247 [INFO] Starting astrometry process for proc_KMTNge.20230905T094050.0001.fits. (at gfa_actions.py)
2025-07-10 14:47:07,247 [ERROR] Error processing KMTNge.20230905T094050.0001.fits: solve-field not found! Ensure it is installed and in PATH. (at gfa_actions.py)
2025-07-10 14:47:07,247 [DEBUG] CRVAL1 results: [] (at gfa_actions.py)
2025-07-10 14:47:07,247 [DEBUG] CRVAL2 results: [] (at gfa_actions.py)
2025-07-10 14:47:07,247 [WARNING] Failed to process 3 files: ['KMTNgn.20230905T094050.0001.fits', 'KMTNgs.20230905T094050.0001.fits', 'KMTNge.20230905T094050.0001.fits'] (at gfa_actions.py)
2025-07-10 14:47:07,247 [INFO] Starting star catalog generation. (at gfa_actions.py)
2025-07-10 14:47:07,248 [DEBUG] Found 0 .corr files in /media/shyunc/DATA/KSpec/KSPEC_ICS/GFA/Simul/kspec_gfa_controller/src/img/tempfiles. (at gfa_actions.py)
2025-07-10 14:47:07,248 [ERROR] No .corr files found in the temp directory. (at gfa_actions.py)
2025-07-10 14:47:07,248 [INFO] Removing temporary files. (at gfa_actions.py)
2025-07-10 14:47:07,248 [DEBUG] Temporary files removed from /media/shyunc/DATA/KSpec/KSPEC_ICS/GFA/Simul/kspec_gfa_controller/src/img/tempfiles. (at gfa_actions.py)
2025-07-10 14:47:07,248 [INFO] All files processed in 0.04 seconds. (at gfa_actions.py)
2025-07-10 14:47:07,248 [INFO] Preprocessing completed. (at gfa_actions.py)
2025-07-10 14:47:07,248 [INFO] Calculating guider offsets... (at gfa_actions.py)
2025-07-10 14:47:07,248 [INFO] Starting guide star calibration process. (at gfa_actions.py)
2025-07-10 14:47:07,248 [ERROR] No astrometry FITS files found in /media/shyunc/DATA/KSpec/KSPEC_ICS/GFA/Simul/kspec_gfa_controller/src/img/astroimg/. Calibration aborted. (at gfa_actions.py)
2025-07-10 14:47:07,248 [INFO] Clearing raw and processed files after guiding... (at gfa_actions.py)
2025-07-10 14:47:07,248 [INFO] Deleting raw and processed files. (at gfa_actions.py)
2025-07-10 14:47:07,248 [DEBUG] Deleted file: /media/shyunc/DATA/KSpec/KSPEC_ICS/GFA/Simul/kspec_gfa_controller/src/img/raw/KMTNge.20230905T094050.0001.fits (at gfa_actions.py)
2025-07-10 14:47:07,249 [DEBUG] Deleted file: /media/shyunc/DATA/KSpec/KSPEC_ICS/GFA/Simul/kspec_gfa_controller/src/img/raw/KMTNgn.20230905T094050.0001.fits (at gfa_actions.py)
2025-07-10 14:47:07,249 [DEBUG] Deleted file: /media/shyunc/DATA/KSpec/KSPEC_ICS/GFA/Simul/kspec_gfa_controller/src/img/raw/KMTNgs.20230905T094050.0001.fits (at gfa_actions.py)
2025-07-10 14:47:07,249 [INFO] Deleted 3 files in directory: /media/shyunc/DATA/KSpec/KSPEC_ICS/GFA/Simul/kspec_gfa_controller/src/img/raw (at gfa_actions.py)
2025-07-10 14:47:07,249 [DEBUG] Deleted file: /media/shyunc/DATA/KSpec/KSPEC_ICS/GFA/Simul/kspec_gfa_controller/src/img/procimg/proc_KMTNge.20230905T094050.0001.fits (at gfa_actions.py)
2025-07-10 14:47:07,249 [DEBUG] Deleted file: /media/shyunc/DATA/KSpec/KSPEC_ICS/GFA/Simul/kspec_gfa_controller/src/img/procimg/proc_KMTNgn.20230905T094050.0001.fits (at gfa_actions.py)
2025-07-10 14:47:07,250 [DEBUG] Deleted file: /media/shyunc/DATA/KSpec/KSPEC_ICS/GFA/Simul/kspec_gfa_controller/src/img/procimg/proc_KMTNgs.20230905T094050.0001.fits (at gfa_actions.py)
2025-07-10 14:47:07,250 [INFO] Deleted 3 files in directory: /media/shyunc/DATA/KSpec/KSPEC_ICS/GFA/Simul/kspec_gfa_controller/src/img/procimg (at gfa_actions.py)
2025-07-10 14:47:07,250 [INFO] Deleted 3 raw files and 3 processed files. (at gfa_actions.py)
2025-07-10 14:49:27,140 [INFO] Guiding starts... (at gfa_actions.py)
2025-07-10 14:49:32,163 [INFO] Astrometry preprocessing... (at gfa_actions.py)
2025-07-10 14:49:32,165 [DEBUG] Loaded 3 FITS files. (at gfa_actions.py)
2025-07-10 14:49:32,165 [INFO] Starting preprocessing for 3 files. (at gfa_actions.py)
2025-07-10 14:49:32,167 [INFO] No astrometry files found in /media/shyunc/DATA/KSpec/KSPEC_ICS/GFA/Simul/kspec_gfa_controller/src/img/astroimg/, starting astrometric processing. (at gfa_actions.py)
2025-07-10 14:49:32,167 [DEBUG] Starting combined function for file: KMTNge.20230905T094259.0001.fits. (at gfa_actions.py)
2025-07-10 14:49:32,168 [DEBUG] Processing file: KMTNge.20230905T094259.0001.fits (at gfa_actions.py)
2025-07-10 14:49:32,168 [DEBUG] Starting combined function for file: KMTNgn.20230905T094259.0001.fits. (at gfa_actions.py)
2025-07-10 14:49:32,169 [DEBUG] Starting combined function for file: KMTNgs.20230905T094259.0001.fits. (at gfa_actions.py)
2025-07-10 14:49:32,170 [DEBUG] Processing file: KMTNgn.20230905T094259.0001.fits (at gfa_actions.py)
2025-07-10 14:49:32,171 [DEBUG] Processing file: KMTNgs.20230905T094259.0001.fits (at gfa_actions.py)
2025-07-10 14:49:32,196 [INFO] Starting astrometry process for proc_KMTNge.20230905T094259.0001.fits. (at gfa_actions.py)
2025-07-10 14:49:32,196 [ERROR] Error processing KMTNge.20230905T094259.0001.fits: solve-field not found! Ensure it is installed and in PATH. (at gfa_actions.py)
2025-07-10 14:49:32,200 [INFO] Starting astrometry process for proc_KMTNgn.20230905T094259.0001.fits. (at gfa_actions.py)
2025-07-10 14:49:32,200 [INFO] Starting astrometry process for proc_KMTNgs.20230905T094259.0001.fits. (at gfa_actions.py)
2025-07-10 14:49:32,200 [ERROR] Error processing KMTNgn.20230905T094259.0001.fits: solve-field not found! Ensure it is installed and in PATH. (at gfa_actions.py)
2025-07-10 14:49:32,200 [ERROR] Error processing KMTNgs.20230905T094259.0001.fits: solve-field not found! Ensure it is installed and in PATH. (at gfa_actions.py)
2025-07-10 14:49:32,201 [DEBUG] CRVAL1 results: [] (at gfa_actions.py)
2025-07-10 14:49:32,201 [DEBUG] CRVAL2 results: [] (at gfa_actions.py)
2025-07-10 14:49:32,201 [WARNING] Failed to process 3 files: ['KMTNge.20230905T094259.0001.fits', 'KMTNgn.20230905T094259.0001.fits', 'KMTNgs.20230905T094259.0001.fits'] (at gfa_actions.py)
2025-07-10 14:49:32,201 [INFO] Starting star catalog generation. (at gfa_actions.py)
2025-07-10 14:49:32,201 [DEBUG] Found 0 .corr files in /media/shyunc/DATA/KSpec/KSPEC_ICS/GFA/Simul/kspec_gfa_controller/src/img/tempfiles. (at gfa_actions.py)
2025-07-10 14:49:32,201 [ERROR] No .corr files found in the temp directory. (at gfa_actions.py)
2025-07-10 14:49:32,201 [INFO] Removing temporary files. (at gfa_actions.py)
2025-07-10 14:49:32,202 [DEBUG] Temporary files removed from /media/shyunc/DATA/KSpec/KSPEC_ICS/GFA/Simul/kspec_gfa_controller/src/img/tempfiles. (at gfa_actions.py)
2025-07-10 14:49:32,202 [INFO] All files processed in 0.04 seconds. (at gfa_actions.py)
2025-07-10 14:49:32,202 [INFO] Preprocessing completed. (at gfa_actions.py)
2025-07-10 14:49:32,202 [INFO] Calculating guider offsets... (at gfa_actions.py)
2025-07-10 14:49:32,202 [INFO] Starting guide star calibration process. (at gfa_actions.py)
2025-07-10 14:49:32,202 [ERROR] No astrometry FITS files found in /media/shyunc/DATA/KSpec/KSPEC_ICS/GFA/Simul/kspec_gfa_controller/src/img/astroimg/. Calibration aborted. (at gfa_actions.py)
2025-07-10 14:49:32,202 [INFO] Clearing raw and processed files after guiding... (at gfa_actions.py)
2025-07-10 14:49:32,202 [INFO] Deleting raw and processed files. (at gfa_actions.py)
2025-07-10 14:49:32,202 [DEBUG] Deleted file: /media/shyunc/DATA/KSpec/KSPEC_ICS/GFA/Simul/kspec_gfa_controller/src/img/raw/KMTNge.20230905T094259.0001.fits (at gfa_actions.py)
2025-07-10 14:49:32,202 [DEBUG] Deleted file: /media/shyunc/DATA/KSpec/KSPEC_ICS/GFA/Simul/kspec_gfa_controller/src/img/raw/KMTNgn.20230905T094259.0001.fits (at gfa_actions.py)
2025-07-10 14:49:32,203 [DEBUG] Deleted file: /media/shyunc/DATA/KSpec/KSPEC_ICS/GFA/Simul/kspec_gfa_controller/src/img/raw/KMTNgs.20230905T094259.0001.fits (at gfa_actions.py)
2025-07-10 14:49:32,203 [INFO] Deleted 3 files in directory: /media/shyunc/DATA/KSpec/KSPEC_ICS/GFA/Simul/kspec_gfa_controller/src/img/raw (at gfa_actions.py)
2025-07-10 14:49:32,203 [DEBUG] Deleted file: /media/shyunc/DATA/KSpec/KSPEC_ICS/GFA/Simul/kspec_gfa_controller/src/img/procimg/proc_KMTNge.20230905T094259.0001.fits (at gfa_actions.py)
2025-07-10 14:49:32,203 [DEBUG] Deleted file: /media/shyunc/DATA/KSpec/KSPEC_ICS/GFA/Simul/kspec_gfa_controller/src/img/procimg/proc_KMTNgn.20230905T094259.0001.fits (at gfa_actions.py)
2025-07-10 14:49:32,203 [DEBUG] Deleted file: /media/shyunc/DATA/KSpec/KSPEC_ICS/GFA/Simul/kspec_gfa_controller/src/img/procimg/proc_KMTNgs.20230905T094259.0001.fits (at gfa_actions.py)
2025-07-10 14:49:32,203 [INFO] Deleted 3 files in directory: /media/shyunc/DATA/KSpec/KSPEC_ICS/GFA/Simul/kspec_gfa_controller/src/img/procimg (at gfa_actions.py)
2025-07-10 14:49:32,203 [INFO] Deleted 3 raw files and 3 processed files. (at gfa_actions.py)
2025-07-10 14:53:51,524 [INFO] Configuration file found: /media/shyunc/DATA/KSpec/KSPEC_ICS/GFA/Simul/kspec_gfa_controller/src/etc/cams.json (at gfa_actions.py)
2025-07-10 14:53:51,524 [INFO] Configuration file found: /media/shyunc/DATA/KSpec/KSPEC_ICS/GFA/Simul/kspec_gfa_controller/src/etc/astrometry_params.json (at gfa_actions.py)
2025-07-10 14:53:51,524 [INFO] Initializing gfa_astrometry class. (at gfa_actions.py)
2025-07-10 14:53:51,524 [INFO] Initializing GFAGuider... (at gfa_actions.py)
2025-07-10 14:53:51,525 [DEBUG] Processed dir: /media/shyunc/DATA/KSpec/KSPEC_ICS/GFA/Simul/kspec_gfa_controller/src/img/procimg (at gfa_actions.py)
2025-07-10 14:53:51,525 [DEBUG] Final astro dir: /media/shyunc/DATA/KSpec/KSPEC_ICS/GFA/Simul/kspec_gfa_controller/src/img/astroimg/ (at gfa_actions.py)
2025-07-10 14:53:51,525 [DEBUG] Cutout dir: /media/shyunc/DATA/KSpec/KSPEC_ICS/GFA/Simul/kspec_gfa_controller/src/img/cutout (at gfa_actions.py)
2025-07-10 14:53:51,525 [INFO] GFAGuider setup complete. (at gfa_actions.py)
2025-07-10 14:54:03,247 [INFO] Guiding starts... (at gfa_actions.py)
2025-07-10 14:54:08,271 [INFO] Astrometry preprocessing... (at gfa_actions.py)
2025-07-10 14:54:08,273 [DEBUG] Loaded 3 FITS files. (at gfa_actions.py)
2025-07-10 14:54:08,274 [INFO] Starting preprocessing for 3 files. (at gfa_actions.py)
2025-07-10 14:54:08,275 [INFO] No astrometry files found in /media/shyunc/DATA/KSpec/KSPEC_ICS/GFA/Simul/kspec_gfa_controller/src/img/astroimg/, starting astrometric processing. (at gfa_actions.py)
2025-07-10 14:54:08,277 [DEBUG] Starting combined function for file: KMTNge.20230905T094050.0001.fits. (at gfa_actions.py)
2025-07-10 14:54:08,277 [DEBUG] Processing file: KMTNge.20230905T094050.0001.fits (at gfa_actions.py)
2025-07-10 14:54:08,277 [DEBUG] Starting combined function for file: KMTNgn.20230905T094050.0001.fits. (at gfa_actions.py)
2025-07-10 14:54:08,278 [DEBUG] Starting combined function for file: KMTNgs.20230905T094050.0001.fits. (at gfa_actions.py)
2025-07-10 14:54:08,279 [DEBUG] Processing file: KMTNgn.20230905T094050.0001.fits (at gfa_actions.py)
2025-07-10 14:54:08,279 [DEBUG] Processing file: KMTNgs.20230905T094050.0001.fits (at gfa_actions.py)
2025-07-10 14:54:08,309 [INFO] Starting astrometry process for proc_KMTNge.20230905T094050.0001.fits. (at gfa_actions.py)
2025-07-10 14:54:08,309 [ERROR] Error processing KMTNge.20230905T094050.0001.fits: solve-field not found! Ensure it is installed and in PATH. (at gfa_actions.py)
2025-07-10 14:54:08,315 [INFO] Starting astrometry process for proc_KMTNgn.20230905T094050.0001.fits. (at gfa_actions.py)
2025-07-10 14:54:08,315 [INFO] Starting astrometry process for proc_KMTNgs.20230905T094050.0001.fits. (at gfa_actions.py)
2025-07-10 14:54:08,315 [ERROR] Error processing KMTNgn.20230905T094050.0001.fits: solve-field not found! Ensure it is installed and in PATH. (at gfa_actions.py)
2025-07-10 14:54:08,315 [ERROR] Error processing KMTNgs.20230905T094050.0001.fits: solve-field not found! Ensure it is installed and in PATH. (at gfa_actions.py)
2025-07-10 14:54:08,315 [DEBUG] CRVAL1 results: [] (at gfa_actions.py)
2025-07-10 14:54:08,315 [DEBUG] CRVAL2 results: [] (at gfa_actions.py)
2025-07-10 14:54:08,315 [WARNING] Failed to process 3 files: ['KMTNge.20230905T094050.0001.fits', 'KMTNgn.20230905T094050.0001.fits', 'KMTNgs.20230905T094050.0001.fits'] (at gfa_actions.py)
2025-07-10 14:54:08,315 [INFO] Starting star catalog generation. (at gfa_actions.py)
2025-07-10 14:54:08,316 [DEBUG] Found 0 .corr files in /media/shyunc/DATA/KSpec/KSPEC_ICS/GFA/Simul/kspec_gfa_controller/src/img/tempfiles. (at gfa_actions.py)
2025-07-10 14:54:08,316 [ERROR] No .corr files found in the temp directory. (at gfa_actions.py)
2025-07-10 14:54:08,316 [INFO] Removing temporary files. (at gfa_actions.py)
2025-07-10 14:54:08,316 [DEBUG] Temporary files removed from /media/shyunc/DATA/KSpec/KSPEC_ICS/GFA/Simul/kspec_gfa_controller/src/img/tempfiles. (at gfa_actions.py)
2025-07-10 14:54:08,316 [INFO] All files processed in 0.04 seconds. (at gfa_actions.py)
2025-07-10 14:54:08,316 [INFO] Preprocessing completed. (at gfa_actions.py)
2025-07-10 14:54:08,316 [INFO] Calculating guider offsets... (at gfa_actions.py)
2025-07-10 14:54:08,316 [INFO] Starting guide star calibration process. (at gfa_actions.py)
2025-07-10 14:54:08,316 [ERROR] No astrometry FITS files found in /media/shyunc/DATA/KSpec/KSPEC_ICS/GFA/Simul/kspec_gfa_controller/src/img/astroimg/. Calibration aborted. (at gfa_actions.py)
2025-07-10 14:54:08,316 [INFO] Clearing raw and processed files after guiding... (at gfa_actions.py)
2025-07-10 14:54:08,316 [INFO] Deleting raw and processed files. (at gfa_actions.py)
2025-07-10 14:54:08,316 [DEBUG] Deleted file: /media/shyunc/DATA/KSpec/KSPEC_ICS/GFA/Simul/kspec_gfa_controller/src/img/raw/KMTNge.20230905T094050.0001.fits (at gfa_actions.py)
2025-07-10 14:54:08,317 [DEBUG] Deleted file: /media/shyunc/DATA/KSpec/KSPEC_ICS/GFA/Simul/kspec_gfa_controller/src/img/raw/KMTNgn.20230905T094050.0001.fits (at gfa_actions.py)
2025-07-10 14:54:08,317 [DEBUG] Deleted file: /media/shyunc/DATA/KSpec/KSPEC_ICS/GFA/Simul/kspec_gfa_controller/src/img/raw/KMTNgs.20230905T094050.0001.fits (at gfa_actions.py)
2025-07-10 14:54:08,317 [INFO] Deleted 3 files in directory: /media/shyunc/DATA/KSpec/KSPEC_ICS/GFA/Simul/kspec_gfa_controller/src/img/raw (at gfa_actions.py)
2025-07-10 14:54:08,317 [DEBUG] Deleted file: /media/shyunc/DATA/KSpec/KSPEC_ICS/GFA/Simul/kspec_gfa_controller/src/img/procimg/proc_KMTNge.20230905T094050.0001.fits (at gfa_actions.py)
2025-07-10 14:54:08,317 [DEBUG] Deleted file: /media/shyunc/DATA/KSpec/KSPEC_ICS/GFA/Simul/kspec_gfa_controller/src/img/procimg/proc_KMTNgn.20230905T094050.0001.fits (at gfa_actions.py)
2025-07-10 14:54:08,317 [DEBUG] Deleted file: /media/shyunc/DATA/KSpec/KSPEC_ICS/GFA/Simul/kspec_gfa_controller/src/img/procimg/proc_KMTNgs.20230905T094050.0001.fits (at gfa_actions.py)
2025-07-10 14:54:08,317 [INFO] Deleted 3 files in directory: /media/shyunc/DATA/KSpec/KSPEC_ICS/GFA/Simul/kspec_gfa_controller/src/img/procimg (at gfa_actions.py)
2025-07-10 14:54:08,317 [INFO] Deleted 3 raw files and 3 processed files. (at gfa_actions.py)
2025-07-10 14:55:11,616 [INFO] Configuration file found: /media/shyunc/DATA/KSpec/KSPEC_ICS/GFA/Simul/kspec_gfa_controller/src/etc/cams.json (at gfa_actions.py)
2025-07-10 14:55:11,616 [INFO] Configuration file found: /media/shyunc/DATA/KSpec/KSPEC_ICS/GFA/Simul/kspec_gfa_controller/src/etc/astrometry_params.json (at gfa_actions.py)
2025-07-10 14:55:11,617 [INFO] Initializing gfa_astrometry class. (at gfa_actions.py)
2025-07-10 14:55:11,617 [INFO] Initializing GFAGuider... (at gfa_actions.py)
2025-07-10 14:55:11,617 [DEBUG] Processed dir: /media/shyunc/DATA/KSpec/KSPEC_ICS/GFA/Simul/kspec_gfa_controller/src/img/procimg (at gfa_actions.py)
2025-07-10 14:55:11,617 [DEBUG] Final astro dir: /media/shyunc/DATA/KSpec/KSPEC_ICS/GFA/Simul/kspec_gfa_controller/src/img/astroimg/ (at gfa_actions.py)
2025-07-10 14:55:11,617 [DEBUG] Cutout dir: /media/shyunc/DATA/KSpec/KSPEC_ICS/GFA/Simul/kspec_gfa_controller/src/img/cutout (at gfa_actions.py)
2025-07-10 14:55:11,617 [INFO] GFAGuider setup complete. (at gfa_actions.py)
2025-07-10 14:55:22,595 [INFO] Guiding starts... (at gfa_actions.py)
2025-07-10 14:55:27,622 [INFO] Astrometry preprocessing... (at gfa_actions.py)
2025-07-10 14:55:27,625 [DEBUG] Loaded 3 FITS files. (at gfa_actions.py)
2025-07-10 14:55:27,625 [INFO] Starting preprocessing for 3 files. (at gfa_actions.py)
2025-07-10 14:55:27,627 [INFO] No astrometry files found in /media/shyunc/DATA/KSpec/KSPEC_ICS/GFA/Simul/kspec_gfa_controller/src/img/astroimg/, starting astrometric processing. (at gfa_actions.py)
2025-07-10 14:55:27,628 [DEBUG] Starting combined function for file: KMTNge.20230905T094050.0001.fits. (at gfa_actions.py)
2025-07-10 14:55:27,628 [DEBUG] Processing file: KMTNge.20230905T094050.0001.fits (at gfa_actions.py)
2025-07-10 14:55:27,629 [DEBUG] Starting combined function for file: KMTNgn.20230905T094050.0001.fits. (at gfa_actions.py)
2025-07-10 14:55:27,629 [DEBUG] Starting combined function for file: KMTNgs.20230905T094050.0001.fits. (at gfa_actions.py)
2025-07-10 14:55:27,630 [DEBUG] Processing file: KMTNgn.20230905T094050.0001.fits (at gfa_actions.py)
2025-07-10 14:55:27,630 [DEBUG] Processing file: KMTNgs.20230905T094050.0001.fits (at gfa_actions.py)
2025-07-10 14:55:27,671 [INFO] Starting astrometry process for proc_KMTNgn.20230905T094050.0001.fits. (at gfa_actions.py)
2025-07-10 14:55:27,671 [INFO] Starting astrometry process for proc_KMTNge.20230905T094050.0001.fits. (at gfa_actions.py)
2025-07-10 14:55:27,671 [ERROR] Error processing KMTNgn.20230905T094050.0001.fits: solve-field not found! Ensure it is installed and in PATH. (at gfa_actions.py)
2025-07-10 14:55:27,671 [INFO] Starting astrometry process for proc_KMTNgs.20230905T094050.0001.fits. (at gfa_actions.py)
2025-07-10 14:55:27,672 [ERROR] Error processing KMTNge.20230905T094050.0001.fits: solve-field not found! Ensure it is installed and in PATH. (at gfa_actions.py)
2025-07-10 14:55:27,672 [ERROR] Error processing KMTNgs.20230905T094050.0001.fits: solve-field not found! Ensure it is installed and in PATH. (at gfa_actions.py)
2025-07-10 14:55:27,672 [DEBUG] CRVAL1 results: [] (at gfa_actions.py)
2025-07-10 14:55:27,672 [DEBUG] CRVAL2 results: [] (at gfa_actions.py)
2025-07-10 14:55:27,672 [WARNING] Failed to process 3 files: ['KMTNgn.20230905T094050.0001.fits', 'KMTNge.20230905T094050.0001.fits', 'KMTNgs.20230905T094050.0001.fits'] (at gfa_actions.py)
2025-07-10 14:55:27,672 [INFO] Starting star catalog generation. (at gfa_actions.py)
2025-07-10 14:55:27,672 [DEBUG] Found 0 .corr files in /media/shyunc/DATA/KSpec/KSPEC_ICS/GFA/Simul/kspec_gfa_controller/src/img/tempfiles. (at gfa_actions.py)
2025-07-10 14:55:27,672 [ERROR] No .corr files found in the temp directory. (at gfa_actions.py)
2025-07-10 14:55:27,672 [INFO] Removing temporary files. (at gfa_actions.py)
2025-07-10 14:55:27,672 [DEBUG] Temporary files removed from /media/shyunc/DATA/KSpec/KSPEC_ICS/GFA/Simul/kspec_gfa_controller/src/img/tempfiles. (at gfa_actions.py)
2025-07-10 14:55:27,672 [INFO] All files processed in 0.05 seconds. (at gfa_actions.py)
2025-07-10 14:55:27,673 [INFO] Preprocessing completed. (at gfa_actions.py)
2025-07-10 14:55:27,673 [INFO] Calculating guider offsets... (at gfa_actions.py)
2025-07-10 14:55:27,673 [INFO] Starting guide star calibration process. (at gfa_actions.py)
2025-07-10 14:55:27,673 [ERROR] No astrometry FITS files found in /media/shyunc/DATA/KSpec/KSPEC_ICS/GFA/Simul/kspec_gfa_controller/src/img/astroimg/. Calibration aborted. (at gfa_actions.py)
2025-07-10 14:55:27,673 [INFO] Clearing raw and processed files after guiding... (at gfa_actions.py)
2025-07-10 14:55:27,673 [INFO] Deleting raw and processed files. (at gfa_actions.py)
2025-07-10 14:55:27,673 [DEBUG] Deleted file: /media/shyunc/DATA/KSpec/KSPEC_ICS/GFA/Simul/kspec_gfa_controller/src/img/raw/KMTNge.20230905T094050.0001.fits (at gfa_actions.py)
2025-07-10 14:55:27,673 [DEBUG] Deleted file: /media/shyunc/DATA/KSpec/KSPEC_ICS/GFA/Simul/kspec_gfa_controller/src/img/raw/KMTNgn.20230905T094050.0001.fits (at gfa_actions.py)
2025-07-10 14:55:27,673 [DEBUG] Deleted file: /media/shyunc/DATA/KSpec/KSPEC_ICS/GFA/Simul/kspec_gfa_controller/src/img/raw/KMTNgs.20230905T094050.0001.fits (at gfa_actions.py)
2025-07-10 14:55:27,673 [INFO] Deleted 3 files in directory: /media/shyunc/DATA/KSpec/KSPEC_ICS/GFA/Simul/kspec_gfa_controller/src/img/raw (at gfa_actions.py)
2025-07-10 14:55:27,673 [DEBUG] Deleted file: /media/shyunc/DATA/KSpec/KSPEC_ICS/GFA/Simul/kspec_gfa_controller/src/img/procimg/proc_KMTNge.20230905T094050.0001.fits (at gfa_actions.py)
2025-07-10 14:55:27,674 [DEBUG] Deleted file: /media/shyunc/DATA/KSpec/KSPEC_ICS/GFA/Simul/kspec_gfa_controller/src/img/procimg/proc_KMTNgn.20230905T094050.0001.fits (at gfa_actions.py)
2025-07-10 14:55:27,674 [DEBUG] Deleted file: /media/shyunc/DATA/KSpec/KSPEC_ICS/GFA/Simul/kspec_gfa_controller/src/img/procimg/proc_KMTNgs.20230905T094050.0001.fits (at gfa_actions.py)
2025-07-10 14:55:27,674 [INFO] Deleted 3 files in directory: /media/shyunc/DATA/KSpec/KSPEC_ICS/GFA/Simul/kspec_gfa_controller/src/img/procimg (at gfa_actions.py)
2025-07-10 14:55:27,674 [INFO] Deleted 3 raw files and 3 processed files. (at gfa_actions.py)
2025-07-10 14:56:13,807 [INFO] Configuration file found: /media/shyunc/DATA/KSpec/KSPEC_ICS/GFA/Simul/kspec_gfa_controller/src/etc/cams.json (at gfa_actions.py)
2025-07-10 14:56:13,807 [INFO] Configuration file found: /media/shyunc/DATA/KSpec/KSPEC_ICS/GFA/Simul/kspec_gfa_controller/src/etc/astrometry_params.json (at gfa_actions.py)
2025-07-10 14:56:13,807 [INFO] Initializing gfa_astrometry class. (at gfa_actions.py)
2025-07-10 14:56:13,808 [INFO] Initializing GFAGuider... (at gfa_actions.py)
2025-07-10 14:56:13,808 [DEBUG] Processed dir: /media/shyunc/DATA/KSpec/KSPEC_ICS/GFA/Simul/kspec_gfa_controller/src/img/procimg (at gfa_actions.py)
2025-07-10 14:56:13,808 [DEBUG] Final astro dir: /media/shyunc/DATA/KSpec/KSPEC_ICS/GFA/Simul/kspec_gfa_controller/src/img/astroimg/ (at gfa_actions.py)
2025-07-10 14:56:13,808 [DEBUG] Cutout dir: /media/shyunc/DATA/KSpec/KSPEC_ICS/GFA/Simul/kspec_gfa_controller/src/img/cutout (at gfa_actions.py)
2025-07-10 14:56:13,808 [INFO] GFAGuider setup complete. (at gfa_actions.py)
2025-07-10 14:56:16,842 [INFO] Guiding starts... (at gfa_actions.py)
2025-07-10 14:56:21,867 [INFO] Astrometry preprocessing... (at gfa_actions.py)
2025-07-10 14:56:21,868 [DEBUG] Loaded 3 FITS files. (at gfa_actions.py)
2025-07-10 14:56:21,868 [INFO] Starting preprocessing for 3 files. (at gfa_actions.py)
2025-07-10 14:56:21,868 [INFO] No astrometry files found in /media/shyunc/DATA/KSpec/KSPEC_ICS/GFA/Simul/kspec_gfa_controller/src/img/astroimg/, starting astrometric processing. (at gfa_actions.py)
2025-07-10 14:56:21,868 [DEBUG] Starting combined function for file: KMTNge.20230905T094050.0001.fits. (at gfa_actions.py)
2025-07-10 14:56:21,869 [DEBUG] Processing file: KMTNge.20230905T094050.0001.fits (at gfa_actions.py)
2025-07-10 14:56:21,869 [DEBUG] Starting combined function for file: KMTNgn.20230905T094050.0001.fits. (at gfa_actions.py)
2025-07-10 14:56:21,869 [DEBUG] Processing file: KMTNgn.20230905T094050.0001.fits (at gfa_actions.py)
2025-07-10 14:56:21,869 [DEBUG] Starting combined function for file: KMTNgs.20230905T094050.0001.fits. (at gfa_actions.py)
2025-07-10 14:56:21,869 [DEBUG] Processing file: KMTNgs.20230905T094050.0001.fits (at gfa_actions.py)
2025-07-10 14:56:21,901 [INFO] Starting astrometry process for proc_KMTNgn.20230905T094050.0001.fits. (at gfa_actions.py)
2025-07-10 14:56:21,901 [ERROR] Error processing KMTNgn.20230905T094050.0001.fits: solve-field not found! Ensure it is installed and in PATH. (at gfa_actions.py)
2025-07-10 14:56:21,905 [INFO] Starting astrometry process for proc_KMTNge.20230905T094050.0001.fits. (at gfa_actions.py)
2025-07-10 14:56:21,905 [INFO] Starting astrometry process for proc_KMTNgs.20230905T094050.0001.fits. (at gfa_actions.py)
2025-07-10 14:56:21,905 [ERROR] Error processing KMTNge.20230905T094050.0001.fits: solve-field not found! Ensure it is installed and in PATH. (at gfa_actions.py)
2025-07-10 14:56:21,905 [ERROR] Error processing KMTNgs.20230905T094050.0001.fits: solve-field not found! Ensure it is installed and in PATH. (at gfa_actions.py)
2025-07-10 14:56:21,905 [DEBUG] CRVAL1 results: [] (at gfa_actions.py)
2025-07-10 14:56:21,905 [DEBUG] CRVAL2 results: [] (at gfa_actions.py)
2025-07-10 14:56:21,906 [WARNING] Failed to process 3 files: ['KMTNgn.20230905T094050.0001.fits', 'KMTNge.20230905T094050.0001.fits', 'KMTNgs.20230905T094050.0001.fits'] (at gfa_actions.py)
2025-07-10 14:56:21,906 [INFO] Starting star catalog generation. (at gfa_actions.py)
2025-07-10 14:56:21,906 [DEBUG] Found 0 .corr files in /media/shyunc/DATA/KSpec/KSPEC_ICS/GFA/Simul/kspec_gfa_controller/src/img/tempfiles. (at gfa_actions.py)
2025-07-10 14:56:21,906 [ERROR] No .corr files found in the temp directory. (at gfa_actions.py)
2025-07-10 14:56:21,906 [INFO] Removing temporary files. (at gfa_actions.py)
2025-07-10 14:56:21,906 [DEBUG] Temporary files removed from /media/shyunc/DATA/KSpec/KSPEC_ICS/GFA/Simul/kspec_gfa_controller/src/img/tempfiles. (at gfa_actions.py)
2025-07-10 14:56:21,906 [INFO] All files processed in 0.04 seconds. (at gfa_actions.py)
2025-07-10 14:56:21,906 [INFO] Preprocessing completed. (at gfa_actions.py)
2025-07-10 14:56:21,906 [INFO] Calculating guider offsets... (at gfa_actions.py)
2025-07-10 14:56:21,906 [INFO] Starting guide star calibration process. (at gfa_actions.py)
2025-07-10 14:56:21,906 [ERROR] No astrometry FITS files found in /media/shyunc/DATA/KSpec/KSPEC_ICS/GFA/Simul/kspec_gfa_controller/src/img/astroimg/. Calibration aborted. (at gfa_actions.py)
2025-07-10 14:56:21,906 [INFO] Clearing raw and processed files after guiding... (at gfa_actions.py)
2025-07-10 14:56:21,906 [INFO] Deleting raw and processed files. (at gfa_actions.py)
2025-07-10 14:56:21,907 [DEBUG] Deleted file: /media/shyunc/DATA/KSpec/KSPEC_ICS/GFA/Simul/kspec_gfa_controller/src/img/raw/KMTNge.20230905T094050.0001.fits (at gfa_actions.py)
2025-07-10 14:56:21,907 [DEBUG] Deleted file: /media/shyunc/DATA/KSpec/KSPEC_ICS/GFA/Simul/kspec_gfa_controller/src/img/raw/KMTNgn.20230905T094050.0001.fits (at gfa_actions.py)
2025-07-10 14:56:21,907 [DEBUG] Deleted file: /media/shyunc/DATA/KSpec/KSPEC_ICS/GFA/Simul/kspec_gfa_controller/src/img/raw/KMTNgs.20230905T094050.0001.fits (at gfa_actions.py)
2025-07-10 14:56:21,907 [INFO] Deleted 3 files in directory: /media/shyunc/DATA/KSpec/KSPEC_ICS/GFA/Simul/kspec_gfa_controller/src/img/raw (at gfa_actions.py)
2025-07-10 14:56:21,907 [DEBUG] Deleted file: /media/shyunc/DATA/KSpec/KSPEC_ICS/GFA/Simul/kspec_gfa_controller/src/img/procimg/proc_KMTNge.20230905T094050.0001.fits (at gfa_actions.py)
2025-07-10 14:56:21,907 [DEBUG] Deleted file: /media/shyunc/DATA/KSpec/KSPEC_ICS/GFA/Simul/kspec_gfa_controller/src/img/procimg/proc_KMTNgn.20230905T094050.0001.fits (at gfa_actions.py)
2025-07-10 14:56:21,907 [DEBUG] Deleted file: /media/shyunc/DATA/KSpec/KSPEC_ICS/GFA/Simul/kspec_gfa_controller/src/img/procimg/proc_KMTNgs.20230905T094050.0001.fits (at gfa_actions.py)
2025-07-10 14:56:21,908 [INFO] Deleted 3 files in directory: /media/shyunc/DATA/KSpec/KSPEC_ICS/GFA/Simul/kspec_gfa_controller/src/img/procimg (at gfa_actions.py)
2025-07-10 14:56:21,908 [INFO] Deleted 3 raw files and 3 processed files. (at gfa_actions.py)
2025-07-10 14:57:21,917 [INFO] Guiding starts... (at gfa_actions.py)
2025-07-10 14:57:26,943 [INFO] Astrometry preprocessing... (at gfa_actions.py)
2025-07-10 14:57:26,946 [DEBUG] Loaded 3 FITS files. (at gfa_actions.py)
2025-07-10 14:57:26,946 [INFO] Starting preprocessing for 3 files. (at gfa_actions.py)
2025-07-10 14:57:26,946 [INFO] No astrometry files found in /media/shyunc/DATA/KSpec/KSPEC_ICS/GFA/Simul/kspec_gfa_controller/src/img/astroimg/, starting astrometric processing. (at gfa_actions.py)
2025-07-10 14:57:26,947 [DEBUG] Starting combined function for file: KMTNge.20230905T094259.0001.fits. (at gfa_actions.py)
2025-07-10 14:57:26,948 [DEBUG] Starting combined function for file: KMTNgn.20230905T094259.0001.fits. (at gfa_actions.py)
2025-07-10 14:57:26,948 [DEBUG] Processing file: KMTNge.20230905T094259.0001.fits (at gfa_actions.py)
2025-07-10 14:57:26,949 [DEBUG] Starting combined function for file: KMTNgs.20230905T094259.0001.fits. (at gfa_actions.py)
2025-07-10 14:57:26,949 [DEBUG] Processing file: KMTNgn.20230905T094259.0001.fits (at gfa_actions.py)
2025-07-10 14:57:26,950 [DEBUG] Processing file: KMTNgs.20230905T094259.0001.fits (at gfa_actions.py)
2025-07-10 14:57:26,976 [INFO] Starting astrometry process for proc_KMTNge.20230905T094259.0001.fits. (at gfa_actions.py)
2025-07-10 14:57:26,976 [ERROR] Error processing KMTNge.20230905T094259.0001.fits: solve-field not found! Ensure it is installed and in PATH. (at gfa_actions.py)
2025-07-10 14:57:26,979 [INFO] Starting astrometry process for proc_KMTNgn.20230905T094259.0001.fits. (at gfa_actions.py)
2025-07-10 14:57:26,979 [INFO] Starting astrometry process for proc_KMTNgs.20230905T094259.0001.fits. (at gfa_actions.py)
2025-07-10 14:57:26,979 [ERROR] Error processing KMTNgn.20230905T094259.0001.fits: solve-field not found! Ensure it is installed and in PATH. (at gfa_actions.py)
2025-07-10 14:57:26,980 [ERROR] Error processing KMTNgs.20230905T094259.0001.fits: solve-field not found! Ensure it is installed and in PATH. (at gfa_actions.py)
2025-07-10 14:57:26,980 [DEBUG] CRVAL1 results: [] (at gfa_actions.py)
2025-07-10 14:57:26,981 [DEBUG] CRVAL2 results: [] (at gfa_actions.py)
2025-07-10 14:57:26,981 [WARNING] Failed to process 3 files: ['KMTNge.20230905T094259.0001.fits', 'KMTNgn.20230905T094259.0001.fits', 'KMTNgs.20230905T094259.0001.fits'] (at gfa_actions.py)
2025-07-10 14:57:26,981 [INFO] Starting star catalog generation. (at gfa_actions.py)
2025-07-10 14:57:26,981 [DEBUG] Found 0 .corr files in /media/shyunc/DATA/KSpec/KSPEC_ICS/GFA/Simul/kspec_gfa_controller/src/img/tempfiles. (at gfa_actions.py)
2025-07-10 14:57:26,981 [ERROR] No .corr files found in the temp directory. (at gfa_actions.py)
2025-07-10 14:57:26,981 [INFO] Removing temporary files. (at gfa_actions.py)
2025-07-10 14:57:26,981 [DEBUG] Temporary files removed from /media/shyunc/DATA/KSpec/KSPEC_ICS/GFA/Simul/kspec_gfa_controller/src/img/tempfiles. (at gfa_actions.py)
2025-07-10 14:57:26,981 [INFO] All files processed in 0.04 seconds. (at gfa_actions.py)
2025-07-10 14:57:26,981 [INFO] Preprocessing completed. (at gfa_actions.py)
2025-07-10 14:57:26,981 [INFO] Calculating guider offsets... (at gfa_actions.py)
2025-07-10 14:57:26,981 [INFO] Starting guide star calibration process. (at gfa_actions.py)
2025-07-10 14:57:26,981 [ERROR] No astrometry FITS files found in /media/shyunc/DATA/KSpec/KSPEC_ICS/GFA/Simul/kspec_gfa_controller/src/img/astroimg/. Calibration aborted. (at gfa_actions.py)
2025-07-10 14:57:26,981 [INFO] Clearing raw and processed files after guiding... (at gfa_actions.py)
2025-07-10 14:57:26,981 [INFO] Deleting raw and processed files. (at gfa_actions.py)
2025-07-10 14:57:26,982 [DEBUG] Deleted file: /media/shyunc/DATA/KSpec/KSPEC_ICS/GFA/Simul/kspec_gfa_controller/src/img/raw/KMTNge.20230905T094259.0001.fits (at gfa_actions.py)
2025-07-10 14:57:26,982 [DEBUG] Deleted file: /media/shyunc/DATA/KSpec/KSPEC_ICS/GFA/Simul/kspec_gfa_controller/src/img/raw/KMTNgn.20230905T094259.0001.fits (at gfa_actions.py)
2025-07-10 14:57:26,982 [DEBUG] Deleted file: /media/shyunc/DATA/KSpec/KSPEC_ICS/GFA/Simul/kspec_gfa_controller/src/img/raw/KMTNgs.20230905T094259.0001.fits (at gfa_actions.py)
2025-07-10 14:57:26,982 [INFO] Deleted 3 files in directory: /media/shyunc/DATA/KSpec/KSPEC_ICS/GFA/Simul/kspec_gfa_controller/src/img/raw (at gfa_actions.py)
2025-07-10 14:57:26,982 [DEBUG] Deleted file: /media/shyunc/DATA/KSpec/KSPEC_ICS/GFA/Simul/kspec_gfa_controller/src/img/procimg/proc_KMTNge.20230905T094259.0001.fits (at gfa_actions.py)
2025-07-10 14:57:26,982 [DEBUG] Deleted file: /media/shyunc/DATA/KSpec/KSPEC_ICS/GFA/Simul/kspec_gfa_controller/src/img/procimg/proc_KMTNgn.20230905T094259.0001.fits (at gfa_actions.py)
2025-07-10 14:57:26,983 [DEBUG] Deleted file: /media/shyunc/DATA/KSpec/KSPEC_ICS/GFA/Simul/kspec_gfa_controller/src/img/procimg/proc_KMTNgs.20230905T094259.0001.fits (at gfa_actions.py)
2025-07-10 14:57:26,983 [INFO] Deleted 3 files in directory: /media/shyunc/DATA/KSpec/KSPEC_ICS/GFA/Simul/kspec_gfa_controller/src/img/procimg (at gfa_actions.py)
2025-07-10 14:57:26,983 [INFO] Deleted 3 raw files and 3 processed files. (at gfa_actions.py)
2025-07-10 14:58:26,998 [INFO] Guiding starts... (at gfa_actions.py)
2025-07-10 14:58:32,025 [INFO] Astrometry preprocessing... (at gfa_actions.py)
2025-07-10 14:58:32,027 [DEBUG] Loaded 3 FITS files. (at gfa_actions.py)
2025-07-10 14:58:32,027 [INFO] Starting preprocessing for 3 files. (at gfa_actions.py)
2025-07-10 14:58:32,028 [INFO] No astrometry files found in /media/shyunc/DATA/KSpec/KSPEC_ICS/GFA/Simul/kspec_gfa_controller/src/img/astroimg/, starting astrometric processing. (at gfa_actions.py)
2025-07-10 14:58:32,028 [DEBUG] Starting combined function for file: KMTNge.20230905T094503.0001.fits. (at gfa_actions.py)
2025-07-10 14:58:32,029 [DEBUG] Processing file: KMTNge.20230905T094503.0001.fits (at gfa_actions.py)
2025-07-10 14:58:32,029 [DEBUG] Starting combined function for file: KMTNgn.20230905T094503.0001.fits. (at gfa_actions.py)
2025-07-10 14:58:32,030 [DEBUG] Starting combined function for file: KMTNgs.20230905T094503.0001.fits. (at gfa_actions.py)
2025-07-10 14:58:32,030 [DEBUG] Processing file: KMTNgn.20230905T094503.0001.fits (at gfa_actions.py)
2025-07-10 14:58:32,031 [DEBUG] Processing file: KMTNgs.20230905T094503.0001.fits (at gfa_actions.py)
2025-07-10 14:58:32,055 [INFO] Starting astrometry process for proc_KMTNge.20230905T094503.0001.fits. (at gfa_actions.py)
2025-07-10 14:58:32,055 [ERROR] Error processing KMTNge.20230905T094503.0001.fits: solve-field not found! Ensure it is installed and in PATH. (at gfa_actions.py)
2025-07-10 14:58:32,060 [INFO] Starting astrometry process for proc_KMTNgs.20230905T094503.0001.fits. (at gfa_actions.py)
2025-07-10 14:58:32,060 [ERROR] Error processing KMTNgs.20230905T094503.0001.fits: solve-field not found! Ensure it is installed and in PATH. (at gfa_actions.py)
2025-07-10 14:58:32,060 [INFO] Starting astrometry process for proc_KMTNgn.20230905T094503.0001.fits. (at gfa_actions.py)
2025-07-10 14:58:32,060 [ERROR] Error processing KMTNgn.20230905T094503.0001.fits: solve-field not found! Ensure it is installed and in PATH. (at gfa_actions.py)
2025-07-10 14:58:32,061 [DEBUG] CRVAL1 results: [] (at gfa_actions.py)
2025-07-10 14:58:32,061 [DEBUG] CRVAL2 results: [] (at gfa_actions.py)
2025-07-10 14:58:32,061 [WARNING] Failed to process 3 files: ['KMTNge.20230905T094503.0001.fits', 'KMTNgs.20230905T094503.0001.fits', 'KMTNgn.20230905T094503.0001.fits'] (at gfa_actions.py)
2025-07-10 14:58:32,061 [INFO] Starting star catalog generation. (at gfa_actions.py)
2025-07-10 14:58:32,062 [DEBUG] Found 0 .corr files in /media/shyunc/DATA/KSpec/KSPEC_ICS/GFA/Simul/kspec_gfa_controller/src/img/tempfiles. (at gfa_actions.py)
2025-07-10 14:58:32,062 [ERROR] No .corr files found in the temp directory. (at gfa_actions.py)
2025-07-10 14:58:32,062 [INFO] Removing temporary files. (at gfa_actions.py)
2025-07-10 14:58:32,062 [DEBUG] Temporary files removed from /media/shyunc/DATA/KSpec/KSPEC_ICS/GFA/Simul/kspec_gfa_controller/src/img/tempfiles. (at gfa_actions.py)
2025-07-10 14:58:32,062 [INFO] All files processed in 0.04 seconds. (at gfa_actions.py)
2025-07-10 14:58:32,062 [INFO] Preprocessing completed. (at gfa_actions.py)
2025-07-10 14:58:32,062 [INFO] Calculating guider offsets... (at gfa_actions.py)
2025-07-10 14:58:32,062 [INFO] Starting guide star calibration process. (at gfa_actions.py)
2025-07-10 14:58:32,062 [ERROR] No astrometry FITS files found in /media/shyunc/DATA/KSpec/KSPEC_ICS/GFA/Simul/kspec_gfa_controller/src/img/astroimg/. Calibration aborted. (at gfa_actions.py)
2025-07-10 14:58:32,062 [INFO] Clearing raw and processed files after guiding... (at gfa_actions.py)
2025-07-10 14:58:32,062 [INFO] Deleting raw and processed files. (at gfa_actions.py)
2025-07-10 14:58:32,063 [DEBUG] Deleted file: /media/shyunc/DATA/KSpec/KSPEC_ICS/GFA/Simul/kspec_gfa_controller/src/img/raw/KMTNge.20230905T094503.0001.fits (at gfa_actions.py)
2025-07-10 14:58:32,063 [DEBUG] Deleted file: /media/shyunc/DATA/KSpec/KSPEC_ICS/GFA/Simul/kspec_gfa_controller/src/img/raw/KMTNgn.20230905T094503.0001.fits (at gfa_actions.py)
2025-07-10 14:58:32,063 [DEBUG] Deleted file: /media/shyunc/DATA/KSpec/KSPEC_ICS/GFA/Simul/kspec_gfa_controller/src/img/raw/KMTNgs.20230905T094503.0001.fits (at gfa_actions.py)
2025-07-10 14:58:32,063 [INFO] Deleted 3 files in directory: /media/shyunc/DATA/KSpec/KSPEC_ICS/GFA/Simul/kspec_gfa_controller/src/img/raw (at gfa_actions.py)
2025-07-10 14:58:32,063 [DEBUG] Deleted file: /media/shyunc/DATA/KSpec/KSPEC_ICS/GFA/Simul/kspec_gfa_controller/src/img/procimg/proc_KMTNge.20230905T094503.0001.fits (at gfa_actions.py)
2025-07-10 14:58:32,063 [DEBUG] Deleted file: /media/shyunc/DATA/KSpec/KSPEC_ICS/GFA/Simul/kspec_gfa_controller/src/img/procimg/proc_KMTNgn.20230905T094503.0001.fits (at gfa_actions.py)
2025-07-10 14:58:32,063 [DEBUG] Deleted file: /media/shyunc/DATA/KSpec/KSPEC_ICS/GFA/Simul/kspec_gfa_controller/src/img/procimg/proc_KMTNgs.20230905T094503.0001.fits (at gfa_actions.py)
2025-07-10 14:58:32,064 [INFO] Deleted 3 files in directory: /media/shyunc/DATA/KSpec/KSPEC_ICS/GFA/Simul/kspec_gfa_controller/src/img/procimg (at gfa_actions.py)
2025-07-10 14:58:32,064 [INFO] Deleted 3 raw files and 3 processed files. (at gfa_actions.py)
