2025-11-28 10:27:31,726 [INFO] Initialized GFAEnvironment with role 'plate' and cameras [1, 2, 3, 4, 5, 6]
2025-11-28 10:27:31,726 [INFO] Initializing gfa_astrometry class.
2025-11-28 10:27:31,727 [INFO] Initializing GFAGuider...
2025-11-28 10:27:31,727 [DEBUG] Processed dir: /media/shyunc/DATA/KSpec/KSPEC_ICS/GFA/Simul/kspec_gfa_controller/src/img/procimg
2025-11-28 10:27:31,727 [DEBUG] Final astro dir: /media/shyunc/DATA/KSpec/KSPEC_ICS/GFA/Simul/kspec_gfa_controller/src/img/astroimg/
2025-11-28 10:27:31,727 [DEBUG] Cutout dir: /media/shyunc/DATA/KSpec/KSPEC_ICS/GFA/Simul/kspec_gfa_controller/src/img/cutout
2025-11-28 10:27:31,727 [INFO] GFAGuider setup complete.
2025-11-28 10:27:31,728 [INFO] Initialized GFAEnvironment with role 'finder' and cameras [7]
2025-11-28 10:28:06,143 [INFO] Querying camera statuses...
2025-11-28 10:35:28,973 [INFO] Starting guiding sequence...
2025-11-28 10:35:28,975 [INFO] Grabbing raw image...
2025-11-28 10:35:33,977 [INFO] Running astrometry preprocessing...
2025-11-28 10:35:33,978 [INFO] Executing guider offset calculation...
2025-11-28 10:35:33,978 [INFO] Clearing temp astrometry data...
2025-11-28 10:35:33,979 [INFO] Deleting raw and processed files.
2025-11-28 10:35:33,980 [INFO] Deleted 0 files in directory: /media/shyunc/DATA/KSpec/KSPEC_ICS/GFA/Simul/kspec_gfa_controller/src/img/raw
2025-11-28 10:35:33,981 [INFO] Deleted 0 files in directory: /media/shyunc/DATA/KSpec/KSPEC_ICS/GFA/Simul/kspec_gfa_controller/src/img/procimg
2025-11-28 10:35:33,981 [INFO] Deleted 0 raw files and 0 processed files.
2025-11-28 14:13:17,854 [INFO] Initialized GFAEnvironment with role 'plate' and cameras [1, 2, 3, 4, 5, 6]
2025-11-28 14:13:17,854 [INFO] Initializing gfa_astrometry class.
2025-11-28 14:13:17,855 [INFO] Initializing GFAGuider...
2025-11-28 14:13:17,855 [DEBUG] Processed dir: /media/shyunc/DATA/KSpec/KSPEC_ICS/GFA/Simul/kspec_gfa_controller/src/img/procimg
2025-11-28 14:13:17,855 [DEBUG] Final astro dir: /media/shyunc/DATA/KSpec/KSPEC_ICS/GFA/Simul/kspec_gfa_controller/src/img/astroimg/
2025-11-28 14:13:17,855 [DEBUG] Cutout dir: /media/shyunc/DATA/KSpec/KSPEC_ICS/GFA/Simul/kspec_gfa_controller/src/img/cutout
2025-11-28 14:13:17,855 [INFO] GFAGuider setup complete.
2025-11-28 14:13:17,855 [INFO] Initialized GFAEnvironment with role 'finder' and cameras [7]
2025-11-28 14:13:43,434 [INFO] Querying camera statuses...
2025-11-28 14:16:13,891 [INFO] Starting guiding sequence...
2025-11-28 14:16:13,891 [INFO] Grabbing raw image...
2025-11-28 14:16:18,892 [INFO] Running astrometry preprocessing...
2025-11-28 14:16:18,893 [INFO] Executing guider offset calculation...
2025-11-28 14:16:18,894 [INFO] Clearing temp astrometry data...
2025-11-28 14:16:18,894 [INFO] Deleting raw and processed files.
2025-11-28 14:16:18,896 [INFO] Deleted 0 files in directory: /media/shyunc/DATA/KSpec/KSPEC_ICS/GFA/Simul/kspec_gfa_controller/src/img/raw
2025-11-28 14:16:18,897 [INFO] Deleted 0 files in directory: /media/shyunc/DATA/KSpec/KSPEC_ICS/GFA/Simul/kspec_gfa_controller/src/img/procimg
2025-11-28 14:16:18,897 [INFO] Deleted 0 raw files and 0 processed files.
2025-11-28 14:16:48,899 [INFO] Starting guiding sequence...
2025-11-28 14:16:48,902 [INFO] Grabbing raw image...
2025-11-28 14:16:53,903 [INFO] Running astrometry preprocessing...
2025-11-28 14:16:53,904 [INFO] Executing guider offset calculation...
2025-11-28 14:16:53,905 [INFO] Clearing temp astrometry data...
2025-11-28 14:16:53,905 [INFO] Deleting raw and processed files.
2025-11-28 14:16:53,907 [INFO] Deleted 0 files in directory: /media/shyunc/DATA/KSpec/KSPEC_ICS/GFA/Simul/kspec_gfa_controller/src/img/raw
2025-11-28 14:16:53,908 [INFO] Deleted 0 files in directory: /media/shyunc/DATA/KSpec/KSPEC_ICS/GFA/Simul/kspec_gfa_controller/src/img/procimg
2025-11-28 14:16:53,908 [INFO] Deleted 0 raw files and 0 processed files.
2025-11-28 14:17:23,910 [INFO] Starting guiding sequence...
2025-11-28 14:17:23,912 [INFO] Grabbing raw image...
2025-11-28 14:17:28,913 [INFO] Running astrometry preprocessing...
2025-11-28 14:17:28,914 [INFO] Executing guider offset calculation...
2025-11-28 14:17:28,915 [INFO] Clearing temp astrometry data...
2025-11-28 14:17:28,915 [INFO] Deleting raw and processed files.
2025-11-28 14:17:28,916 [INFO] Deleted 0 files in directory: /media/shyunc/DATA/KSpec/KSPEC_ICS/GFA/Simul/kspec_gfa_controller/src/img/raw
2025-11-28 14:17:28,917 [INFO] Deleted 0 files in directory: /media/shyunc/DATA/KSpec/KSPEC_ICS/GFA/Simul/kspec_gfa_controller/src/img/procimg
2025-11-28 14:17:28,917 [INFO] Deleted 0 raw files and 0 processed files.
2025-11-28 14:18:41,716 [INFO] Initialized GFAEnvironment with role 'plate' and cameras [1, 2, 3, 4, 5, 6]
2025-11-28 14:18:41,716 [INFO] Initializing gfa_astrometry class.
2025-11-28 14:18:41,717 [INFO] Initializing GFAGuider...
2025-11-28 14:18:41,717 [DEBUG] Processed dir: /media/shyunc/DATA/KSpec/KSPEC_ICS/GFA/Simul/kspec_gfa_controller/src/img/procimg
2025-11-28 14:18:41,717 [DEBUG] Final astro dir: /media/shyunc/DATA/KSpec/KSPEC_ICS/GFA/Simul/kspec_gfa_controller/src/img/astroimg/
2025-11-28 14:18:41,717 [DEBUG] Cutout dir: /media/shyunc/DATA/KSpec/KSPEC_ICS/GFA/Simul/kspec_gfa_controller/src/img/cutout
2025-11-28 14:18:41,717 [INFO] GFAGuider setup complete.
2025-11-28 14:18:41,717 [INFO] Initialized GFAEnvironment with role 'finder' and cameras [7]
2025-11-28 14:18:48,292 [INFO] Starting guiding sequence...
2025-11-28 14:18:48,293 [INFO] Grabbing raw image...
2025-11-28 14:18:53,295 [INFO] Running astrometry preprocessing...
2025-11-28 14:18:53,296 [INFO] Executing guider offset calculation...
2025-11-28 14:18:53,296 [INFO] Clearing temp astrometry data...
2025-11-28 14:18:53,297 [INFO] Deleting raw and processed files.
2025-11-28 14:18:53,298 [INFO] Deleted 0 files in directory: /media/shyunc/DATA/KSpec/KSPEC_ICS/GFA/Simul/kspec_gfa_controller/src/img/raw
2025-11-28 14:18:53,299 [INFO] Deleted 0 files in directory: /media/shyunc/DATA/KSpec/KSPEC_ICS/GFA/Simul/kspec_gfa_controller/src/img/procimg
2025-11-28 14:18:53,300 [INFO] Deleted 0 raw files and 0 processed files.
2025-11-28 15:05:20,946 [INFO] Querying camera statuses...
2025-11-28 15:06:50,971 [INFO] Querying camera statuses...
2025-11-28 15:14:21,163 [INFO] Starting guiding sequence...
2025-11-28 15:14:21,163 [INFO] Grabbing raw image...
2025-11-28 15:14:26,164 [INFO] Running astrometry preprocessing...
2025-11-28 15:14:26,165 [INFO] Executing guider offset calculation...
2025-11-28 15:14:26,165 [INFO] Clearing temp astrometry data...
2025-11-28 15:14:26,165 [INFO] Deleting raw and processed files.
2025-11-28 15:14:26,166 [INFO] Deleted 0 files in directory: /media/shyunc/DATA/KSpec/KSPEC_ICS/GFA/Simul/kspec_gfa_controller/src/img/raw
2025-11-28 15:14:26,166 [INFO] Deleted 0 files in directory: /media/shyunc/DATA/KSpec/KSPEC_ICS/GFA/Simul/kspec_gfa_controller/src/img/procimg
2025-11-28 15:14:26,166 [INFO] Deleted 0 raw files and 0 processed files.
2025-11-28 15:14:56,168 [INFO] Starting guiding sequence...
2025-11-28 15:14:56,171 [INFO] Grabbing raw image...
2025-11-28 15:15:01,173 [INFO] Running astrometry preprocessing...
2025-11-28 15:15:01,174 [INFO] Executing guider offset calculation...
2025-11-28 15:15:01,174 [INFO] Clearing temp astrometry data...
2025-11-28 15:15:01,175 [INFO] Deleting raw and processed files.
2025-11-28 15:15:01,176 [INFO] Deleted 0 files in directory: /media/shyunc/DATA/KSpec/KSPEC_ICS/GFA/Simul/kspec_gfa_controller/src/img/raw
2025-11-28 15:15:01,178 [INFO] Deleted 0 files in directory: /media/shyunc/DATA/KSpec/KSPEC_ICS/GFA/Simul/kspec_gfa_controller/src/img/procimg
2025-11-28 15:15:01,178 [INFO] Deleted 0 raw files and 0 processed files.
2025-11-28 15:23:41,715 [INFO] Querying camera statuses...
2025-11-28 15:24:48,115 [INFO] Starting guiding sequence...
2025-11-28 15:24:48,116 [INFO] Grabbing raw image...
2025-11-28 15:24:53,118 [INFO] Running astrometry preprocessing...
2025-11-28 15:24:53,118 [INFO] Executing guider offset calculation...
2025-11-28 15:24:53,119 [INFO] Clearing temp astrometry data...
2025-11-28 15:24:53,119 [INFO] Deleting raw and processed files.
2025-11-28 15:24:53,120 [INFO] Deleted 0 files in directory: /media/shyunc/DATA/KSpec/KSPEC_ICS/GFA/Simul/kspec_gfa_controller/src/img/raw
2025-11-28 15:24:53,122 [INFO] Deleted 0 files in directory: /media/shyunc/DATA/KSpec/KSPEC_ICS/GFA/Simul/kspec_gfa_controller/src/img/procimg
2025-11-28 15:24:53,122 [INFO] Deleted 0 raw files and 0 processed files.
2025-11-28 15:27:58,502 [INFO] Initialized GFAEnvironment with role 'plate' and cameras [1, 2, 3, 4, 5, 6]
2025-11-28 15:27:58,502 [INFO] Initializing gfa_astrometry class.
2025-11-28 15:27:58,502 [INFO] Initializing GFAGuider...
2025-11-28 15:27:58,503 [DEBUG] Processed dir: /media/shyunc/DATA/KSpec/KSPEC_ICS/GFA/Simul/kspec_gfa_controller/src/img/procimg
2025-11-28 15:27:58,503 [DEBUG] Final astro dir: /media/shyunc/DATA/KSpec/KSPEC_ICS/GFA/Simul/kspec_gfa_controller/src/img/astroimg/
2025-11-28 15:27:58,503 [DEBUG] Cutout dir: /media/shyunc/DATA/KSpec/KSPEC_ICS/GFA/Simul/kspec_gfa_controller/src/img/cutout
2025-11-28 15:27:58,503 [INFO] GFAGuider setup complete.
2025-11-28 15:27:58,503 [INFO] Initialized GFAEnvironment with role 'finder' and cameras [7]
2025-11-28 15:56:15,861 [INFO] Initialized GFAEnvironment with role 'plate' and cameras [1, 2, 3, 4, 5, 6]
2025-11-28 15:56:15,861 [INFO] Initializing gfa_astrometry class.
2025-11-28 15:56:15,861 [INFO] Initializing GFAGuider...
2025-11-28 15:56:15,862 [DEBUG] Processed dir: /media/shyunc/DATA/KSpec/KSPEC_ICS/GFA/Simul/kspec_gfa_controller/src/img/procimg
2025-11-28 15:56:15,862 [DEBUG] Final astro dir: /media/shyunc/DATA/KSpec/KSPEC_ICS/GFA/Simul/kspec_gfa_controller/src/img/astroimg/
2025-11-28 15:56:15,862 [DEBUG] Cutout dir: /media/shyunc/DATA/KSpec/KSPEC_ICS/GFA/Simul/kspec_gfa_controller/src/img/cutout
2025-11-28 15:56:15,862 [INFO] GFAGuider setup complete.
2025-11-28 15:56:15,862 [INFO] Initialized GFAEnvironment with role 'finder' and cameras [7]
2025-11-28 15:56:18,791 [INFO] Starting guiding sequence...
2025-11-28 15:56:18,793 [INFO] Grabbing raw image...
2025-11-28 15:56:23,794 [INFO] Running astrometry preprocessing...
2025-11-28 15:56:23,795 [INFO] Executing guider offset calculation...
2025-11-28 15:56:23,796 [INFO] Clearing temp astrometry data...
2025-11-28 15:56:23,796 [INFO] Deleting raw and processed files.
2025-11-28 15:56:23,798 [INFO] Deleted 0 files in directory: /media/shyunc/DATA/KSpec/KSPEC_ICS/GFA/Simul/kspec_gfa_controller/src/img/raw
2025-11-28 15:56:23,799 [INFO] Deleted 0 files in directory: /media/shyunc/DATA/KSpec/KSPEC_ICS/GFA/Simul/kspec_gfa_controller/src/img/procimg
2025-11-28 15:56:23,799 [INFO] Deleted 0 raw files and 0 processed files.
2025-11-28 15:57:17,017 [INFO] Querying camera statuses...
2025-11-28 16:07:49,886 [INFO] Querying camera statuses...
2025-11-28 16:08:29,929 [INFO] Starting guiding sequence...
2025-11-28 16:08:29,929 [INFO] Grabbing raw image...
2025-11-28 16:08:34,931 [INFO] Running astrometry preprocessing...
2025-11-28 16:08:34,932 [INFO] Executing guider offset calculation...
2025-11-28 16:08:34,932 [INFO] Clearing temp astrometry data...
2025-11-28 16:08:34,933 [INFO] Deleting raw and processed files.
2025-11-28 16:08:34,934 [INFO] Deleted 0 files in directory: /media/shyunc/DATA/KSpec/KSPEC_ICS/GFA/Simul/kspec_gfa_controller/src/img/raw
2025-11-28 16:08:34,935 [INFO] Deleted 0 files in directory: /media/shyunc/DATA/KSpec/KSPEC_ICS/GFA/Simul/kspec_gfa_controller/src/img/procimg
2025-11-28 16:08:34,936 [INFO] Deleted 0 raw files and 0 processed files.
2025-11-28 16:09:18,724 [INFO] Querying camera statuses...
2025-11-28 16:09:55,432 [INFO] Starting guiding sequence...
2025-11-28 16:09:55,433 [INFO] Grabbing raw image...
2025-11-28 16:10:00,435 [INFO] Running astrometry preprocessing...
2025-11-28 16:10:00,435 [INFO] Executing guider offset calculation...
2025-11-28 16:10:00,436 [INFO] Clearing temp astrometry data...
2025-11-28 16:10:00,437 [INFO] Deleting raw and processed files.
2025-11-28 16:10:00,438 [INFO] Deleted 0 files in directory: /media/shyunc/DATA/KSpec/KSPEC_ICS/GFA/Simul/kspec_gfa_controller/src/img/raw
2025-11-28 16:10:00,439 [INFO] Deleted 0 files in directory: /media/shyunc/DATA/KSpec/KSPEC_ICS/GFA/Simul/kspec_gfa_controller/src/img/procimg
2025-11-28 16:10:00,439 [INFO] Deleted 0 raw files and 0 processed files.
2025-11-28 16:10:30,441 [INFO] Starting guiding sequence...
2025-11-28 16:10:30,444 [INFO] Grabbing raw image...
2025-11-28 16:10:35,446 [INFO] Running astrometry preprocessing...
2025-11-28 16:10:35,446 [INFO] Executing guider offset calculation...
2025-11-28 16:10:35,447 [INFO] Clearing temp astrometry data...
2025-11-28 16:10:35,447 [INFO] Deleting raw and processed files.
2025-11-28 16:10:35,448 [INFO] Deleted 0 files in directory: /media/shyunc/DATA/KSpec/KSPEC_ICS/GFA/Simul/kspec_gfa_controller/src/img/raw
2025-11-28 16:10:35,450 [INFO] Deleted 0 files in directory: /media/shyunc/DATA/KSpec/KSPEC_ICS/GFA/Simul/kspec_gfa_controller/src/img/procimg
2025-11-28 16:10:35,450 [INFO] Deleted 0 raw files and 0 processed files.
2025-11-28 16:38:20,659 [INFO] Initialized GFAEnvironment with role 'plate' and cameras [1, 2, 3, 4, 5, 6]
2025-11-28 16:38:20,659 [INFO] Initializing gfa_astrometry class.
2025-11-28 16:38:20,660 [INFO] Initializing GFAGuider...
2025-11-28 16:38:20,660 [DEBUG] Processed dir: /media/shyunc/DATA/KSpec/KSPEC_ICS/GFA/Simul/kspec_gfa_controller/src/img/procimg
2025-11-28 16:38:20,660 [DEBUG] Final astro dir: /media/shyunc/DATA/KSpec/KSPEC_ICS/GFA/Simul/kspec_gfa_controller/src/img/astroimg/
2025-11-28 16:38:20,660 [DEBUG] Cutout dir: /media/shyunc/DATA/KSpec/KSPEC_ICS/GFA/Simul/kspec_gfa_controller/src/img/cutout
2025-11-28 16:38:20,660 [INFO] GFAGuider setup complete.
2025-11-28 16:38:20,661 [INFO] Initialized GFAEnvironment with role 'finder' and cameras [7]
2025-11-28 16:38:45,049 [INFO] Querying camera statuses...
2025-11-28 16:39:29,008 [INFO] Starting guiding sequence...
2025-11-28 16:39:29,009 [INFO] Grabbing raw image...
2025-11-28 16:52:16,203 [INFO] Initialized GFAEnvironment with role 'plate' and cameras [1, 2, 3, 4, 5, 6]
2025-11-28 16:52:16,204 [INFO] Initializing gfa_astrometry class.
2025-11-28 16:52:16,204 [INFO] Initializing GFAGuider...
2025-11-28 16:52:16,205 [DEBUG] Processed dir: /media/shyunc/DATA/KSpec/KSPEC_ICS/GFA/Simul/kspec_gfa_controller/src/img/procimg
2025-11-28 16:52:16,205 [DEBUG] Final astro dir: /media/shyunc/DATA/KSpec/KSPEC_ICS/GFA/Simul/kspec_gfa_controller/src/img/astroimg/
2025-11-28 16:52:16,205 [DEBUG] Cutout dir: /media/shyunc/DATA/KSpec/KSPEC_ICS/GFA/Simul/kspec_gfa_controller/src/img/cutout
2025-11-28 16:52:16,205 [INFO] GFAGuider setup complete.
2025-11-28 16:52:16,205 [INFO] Initialized GFAEnvironment with role 'finder' and cameras [7]
2025-11-28 16:52:29,946 [INFO] Querying camera statuses...
2025-11-28 16:53:46,455 [INFO] Starting guiding sequence...
2025-11-28 16:53:46,457 [INFO] Grabbing raw image...
2025-11-28 16:53:51,462 [INFO] Images also copied to: /media/shyunc/DATA/KSpec/KSPEC_ICS/GFA/Simul/kspec_gfa_controller/src/img/grab/2025-11-28
2025-11-28 16:53:51,462 [INFO] Running astrometry preprocessing...
2025-11-28 16:53:51,463 [INFO] Executing guider offset calculation...
2025-11-28 16:53:51,463 [INFO] Clearing temp astrometry data...
2025-11-28 16:53:51,463 [INFO] Deleting raw and processed files.
2025-11-28 16:53:51,464 [INFO] Deleted 0 files in directory: /media/shyunc/DATA/KSpec/KSPEC_ICS/GFA/Simul/kspec_gfa_controller/src/img/raw
2025-11-28 16:53:51,464 [INFO] Deleted 0 files in directory: /media/shyunc/DATA/KSpec/KSPEC_ICS/GFA/Simul/kspec_gfa_controller/src/img/procimg
2025-11-28 16:53:51,464 [INFO] Deleted 0 raw files and 0 processed files.
2025-11-28 16:54:21,466 [INFO] Starting guiding sequence...
2025-11-28 16:54:21,469 [INFO] Grabbing raw image...
2025-11-28 16:54:26,472 [INFO] Images also copied to: /media/shyunc/DATA/KSpec/KSPEC_ICS/GFA/Simul/kspec_gfa_controller/src/img/grab/2025-11-28
2025-11-28 16:54:26,472 [INFO] Running astrometry preprocessing...
2025-11-28 16:54:26,472 [INFO] Executing guider offset calculation...
2025-11-28 16:54:26,472 [INFO] Clearing temp astrometry data...
2025-11-28 16:54:26,472 [INFO] Deleting raw and processed files.
2025-11-28 16:54:26,473 [INFO] Deleted 0 files in directory: /media/shyunc/DATA/KSpec/KSPEC_ICS/GFA/Simul/kspec_gfa_controller/src/img/raw
2025-11-28 16:54:26,473 [INFO] Deleted 0 files in directory: /media/shyunc/DATA/KSpec/KSPEC_ICS/GFA/Simul/kspec_gfa_controller/src/img/procimg
2025-11-28 16:54:26,473 [INFO] Deleted 0 raw files and 0 processed files.
2025-11-28 16:57:28,168 [INFO] Initialized GFAEnvironment with role 'plate' and cameras [1, 2, 3, 4, 5, 6]
2025-11-28 16:57:28,168 [INFO] Initializing gfa_astrometry class.
2025-11-28 16:57:28,169 [INFO] Initializing GFAGuider...
2025-11-28 16:57:28,169 [DEBUG] Processed dir: /media/shyunc/DATA/KSpec/KSPEC_ICS/GFA/Simul/kspec_gfa_controller/src/img/procimg
2025-11-28 16:57:28,169 [DEBUG] Final astro dir: /media/shyunc/DATA/KSpec/KSPEC_ICS/GFA/Simul/kspec_gfa_controller/src/img/astroimg/
2025-11-28 16:57:28,169 [DEBUG] Cutout dir: /media/shyunc/DATA/KSpec/KSPEC_ICS/GFA/Simul/kspec_gfa_controller/src/img/cutout
2025-11-28 16:57:28,169 [INFO] GFAGuider setup complete.
2025-11-28 16:57:28,169 [INFO] Initialized GFAEnvironment with role 'finder' and cameras [7]
2025-11-28 16:57:31,925 [INFO] Starting guiding sequence...
2025-11-28 16:57:31,926 [INFO] Grabbing raw image...
2025-11-28 16:57:36,930 [INFO] Images also copied to: /media/shyunc/DATA/KSpec/KSPEC_ICS/GFA/Simul/kspec_gfa_controller/src/img/grab/2025-11-28
2025-11-28 16:57:36,931 [INFO] Running astrometry preprocessing...
2025-11-28 16:57:36,931 [INFO] Executing guider offset calculation...
2025-11-28 16:57:36,931 [INFO] Clearing temp astrometry data...
2025-11-28 16:57:36,932 [INFO] Deleting raw and processed files.
2025-11-28 16:57:36,932 [INFO] Deleted 0 files in directory: /media/shyunc/DATA/KSpec/KSPEC_ICS/GFA/Simul/kspec_gfa_controller/src/img/raw
2025-11-28 16:57:36,933 [INFO] Deleted 0 files in directory: /media/shyunc/DATA/KSpec/KSPEC_ICS/GFA/Simul/kspec_gfa_controller/src/img/procimg
2025-11-28 16:57:36,933 [INFO] Deleted 0 raw files and 0 processed files.
2025-11-28 17:27:37,760 [INFO] Initialized GFAEnvironment with role 'plate' and cameras [1, 2, 3, 4, 5, 6]
2025-11-28 17:27:37,760 [INFO] Initializing gfa_astrometry class.
2025-11-28 17:27:37,761 [INFO] Initializing GFAGuider...
2025-11-28 17:27:37,762 [DEBUG] Processed dir: /media/shyunc/DATA/KSpec/KSPEC_ICS/GFA/Simul/kspec_gfa_controller/src/img/procimg
2025-11-28 17:27:37,762 [DEBUG] Final astro dir: /media/shyunc/DATA/KSpec/KSPEC_ICS/GFA/Simul/kspec_gfa_controller/src/img/astroimg/
2025-11-28 17:27:37,762 [DEBUG] Cutout dir: /media/shyunc/DATA/KSpec/KSPEC_ICS/GFA/Simul/kspec_gfa_controller/src/img/cutout
2025-11-28 17:27:37,762 [INFO] GFAGuider setup complete.
2025-11-28 17:27:37,762 [INFO] Initialized GFAEnvironment with role 'finder' and cameras [7]
2025-11-28 17:27:53,369 [INFO] Querying camera statuses...
2025-11-28 17:45:40,389 [INFO] Starting guiding sequence...
2025-11-28 17:45:40,391 [INFO] Grabbing raw image...
2025-11-28 17:45:45,395 [INFO] Images also copied to: /media/shyunc/DATA/KSpec/KSPEC_ICS/GFA/Simul/kspec_gfa_controller/src/img/grab/2025-11-28
2025-11-28 17:45:45,395 [INFO] Running astrometry preprocessing...
2025-11-28 17:45:45,396 [INFO] Executing guider offset calculation...
2025-11-28 17:45:45,396 [INFO] Clearing temp astrometry data...
2025-11-28 17:45:45,396 [INFO] Deleting raw and processed files.
2025-11-28 17:45:45,397 [INFO] Deleted 0 files in directory: /media/shyunc/DATA/KSpec/KSPEC_ICS/GFA/Simul/kspec_gfa_controller/src/img/raw
2025-11-28 17:45:45,399 [INFO] Deleted 0 files in directory: /media/shyunc/DATA/KSpec/KSPEC_ICS/GFA/Simul/kspec_gfa_controller/src/img/procimg
2025-11-28 17:45:45,399 [INFO] Deleted 0 raw files and 0 processed files.
2025-11-28 17:46:55,715 [INFO] Initialized GFAEnvironment with role 'plate' and cameras [1, 2, 3, 4, 5, 6]
2025-11-28 17:46:55,715 [INFO] Initializing gfa_astrometry class.
2025-11-28 17:46:55,716 [INFO] Initializing GFAGuider...
2025-11-28 17:46:55,716 [DEBUG] Processed dir: /media/shyunc/DATA/KSpec/KSPEC_ICS/GFA/Simul/kspec_gfa_controller/src/img/procimg
2025-11-28 17:46:55,716 [DEBUG] Final astro dir: /media/shyunc/DATA/KSpec/KSPEC_ICS/GFA/Simul/kspec_gfa_controller/src/img/astroimg/
2025-11-28 17:46:55,716 [DEBUG] Cutout dir: /media/shyunc/DATA/KSpec/KSPEC_ICS/GFA/Simul/kspec_gfa_controller/src/img/cutout
2025-11-28 17:46:55,716 [INFO] GFAGuider setup complete.
2025-11-28 17:46:55,716 [INFO] Initialized GFAEnvironment with role 'finder' and cameras [7]
2025-11-28 17:46:59,665 [INFO] Starting guiding sequence...
2025-11-28 17:46:59,666 [INFO] Grabbing raw image...
2025-11-28 17:47:04,671 [INFO] Images also copied to: /media/shyunc/DATA/KSpec/KSPEC_ICS/GFA/Simul/kspec_gfa_controller/src/img/grab/2025-11-28
2025-11-28 17:47:04,671 [INFO] Running astrometry preprocessing...
2025-11-28 17:47:04,672 [INFO] Executing guider offset calculation...
2025-11-28 17:47:04,672 [INFO] Clearing temp astrometry data...
2025-11-28 17:47:04,672 [INFO] Deleting raw and processed files.
2025-11-28 17:47:04,672 [INFO] Deleted 0 files in directory: /media/shyunc/DATA/KSpec/KSPEC_ICS/GFA/Simul/kspec_gfa_controller/src/img/raw
2025-11-28 17:47:04,672 [INFO] Deleted 0 files in directory: /media/shyunc/DATA/KSpec/KSPEC_ICS/GFA/Simul/kspec_gfa_controller/src/img/procimg
2025-11-28 17:47:04,672 [INFO] Deleted 0 raw files and 0 processed files.
2025-11-28 17:47:25,994 [INFO] Initialized GFAEnvironment with role 'plate' and cameras [1, 2, 3, 4, 5, 6]
2025-11-28 17:47:25,994 [INFO] Initializing gfa_astrometry class.
2025-11-28 17:47:25,995 [INFO] Initializing GFAGuider...
2025-11-28 17:47:25,995 [DEBUG] Processed dir: /media/shyunc/DATA/KSpec/KSPEC_ICS/GFA/Simul/kspec_gfa_controller/src/img/procimg
2025-11-28 17:47:25,995 [DEBUG] Final astro dir: /media/shyunc/DATA/KSpec/KSPEC_ICS/GFA/Simul/kspec_gfa_controller/src/img/astroimg/
2025-11-28 17:47:25,995 [DEBUG] Cutout dir: /media/shyunc/DATA/KSpec/KSPEC_ICS/GFA/Simul/kspec_gfa_controller/src/img/cutout
2025-11-28 17:47:25,995 [INFO] GFAGuider setup complete.
2025-11-28 17:47:25,995 [INFO] Initialized GFAEnvironment with role 'finder' and cameras [7]
2025-11-28 17:47:27,403 [INFO] Starting guiding sequence...
2025-11-28 17:47:27,404 [INFO] Grabbing raw image...
2025-11-28 17:47:32,410 [INFO] Images also copied to: /media/shyunc/DATA/KSpec/KSPEC_ICS/GFA/Simul/kspec_gfa_controller/src/img/grab/2025-11-28
2025-11-28 17:47:32,410 [INFO] Running astrometry preprocessing...
2025-11-28 17:47:32,411 [INFO] Executing guider offset calculation...
2025-11-28 17:47:32,411 [INFO] Clearing temp astrometry data...
2025-11-28 17:47:32,411 [INFO] Deleting raw and processed files.
2025-11-28 17:47:32,411 [INFO] Deleted 0 files in directory: /media/shyunc/DATA/KSpec/KSPEC_ICS/GFA/Simul/kspec_gfa_controller/src/img/raw
2025-11-28 17:47:32,411 [INFO] Deleted 0 files in directory: /media/shyunc/DATA/KSpec/KSPEC_ICS/GFA/Simul/kspec_gfa_controller/src/img/procimg
2025-11-28 17:47:32,411 [INFO] Deleted 0 raw files and 0 processed files.
2025-11-28 17:51:35,166 [INFO] Starting guiding sequence...
2025-11-28 17:51:35,168 [INFO] Grabbing raw image...
2025-11-28 17:51:40,171 [INFO] Images also copied to: /media/shyunc/DATA/KSpec/KSPEC_ICS/GFA/Simul/kspec_gfa_controller/src/img/grab/2025-11-28
2025-11-28 17:51:40,172 [INFO] Running astrometry preprocessing...
2025-11-28 17:51:40,172 [INFO] Executing guider offset calculation...
2025-11-28 17:51:40,172 [INFO] Clearing temp astrometry data...
2025-11-28 17:51:40,172 [INFO] Deleting raw and processed files.
2025-11-28 17:51:40,173 [INFO] Deleted 0 files in directory: /media/shyunc/DATA/KSpec/KSPEC_ICS/GFA/Simul/kspec_gfa_controller/src/img/raw
2025-11-28 17:51:40,173 [INFO] Deleted 0 files in directory: /media/shyunc/DATA/KSpec/KSPEC_ICS/GFA/Simul/kspec_gfa_controller/src/img/procimg
2025-11-28 17:51:40,173 [INFO] Deleted 0 raw files and 0 processed files.
2025-11-28 17:53:25,314 [INFO] Initialized GFAEnvironment with role 'plate' and cameras [1, 2, 3, 4, 5, 6]
2025-11-28 17:53:25,314 [INFO] Initializing gfa_astrometry class.
2025-11-28 17:53:25,314 [INFO] Initializing GFAGuider...
2025-11-28 17:53:25,315 [DEBUG] Processed dir: /media/shyunc/DATA/KSpec/KSPEC_ICS/GFA/Simul/kspec_gfa_controller/src/img/procimg
2025-11-28 17:53:25,315 [DEBUG] Final astro dir: /media/shyunc/DATA/KSpec/KSPEC_ICS/GFA/Simul/kspec_gfa_controller/src/img/astroimg/
2025-11-28 17:53:25,315 [DEBUG] Cutout dir: /media/shyunc/DATA/KSpec/KSPEC_ICS/GFA/Simul/kspec_gfa_controller/src/img/cutout
2025-11-28 17:53:25,315 [INFO] GFAGuider setup complete.
2025-11-28 17:53:25,315 [INFO] Initialized GFAEnvironment with role 'finder' and cameras [7]
2025-11-28 17:53:31,184 [INFO] Starting guiding sequence...
2025-11-28 17:53:31,186 [INFO] Grabbing raw image...
2025-11-28 17:53:36,190 [INFO] Images also copied to: /media/shyunc/DATA/KSpec/KSPEC_ICS/GFA/Simul/kspec_gfa_controller/src/img/grab/2025-11-28
2025-11-28 17:53:36,191 [INFO] Running astrometry preprocessing...
2025-11-28 17:53:36,191 [INFO] Executing guider offset calculation...
2025-11-28 17:53:36,191 [INFO] Clearing temp astrometry data...
2025-11-28 17:53:36,192 [INFO] Deleting raw and processed files.
2025-11-28 17:53:36,192 [INFO] Deleted 0 files in directory: /media/shyunc/DATA/KSpec/KSPEC_ICS/GFA/Simul/kspec_gfa_controller/src/img/raw
2025-11-28 17:53:36,192 [INFO] Deleted 0 files in directory: /media/shyunc/DATA/KSpec/KSPEC_ICS/GFA/Simul/kspec_gfa_controller/src/img/procimg
2025-11-28 17:53:36,192 [INFO] Deleted 0 raw files and 0 processed files.
2025-11-28 17:54:15,192 [INFO] Initialized GFAEnvironment with role 'plate' and cameras [1, 2, 3, 4, 5, 6]
2025-11-28 17:54:15,192 [INFO] Initializing gfa_astrometry class.
2025-11-28 17:54:15,193 [INFO] Initializing GFAGuider...
2025-11-28 17:54:15,193 [DEBUG] Processed dir: /media/shyunc/DATA/KSpec/KSPEC_ICS/GFA/Simul/kspec_gfa_controller/src/img/procimg
2025-11-28 17:54:15,193 [DEBUG] Final astro dir: /media/shyunc/DATA/KSpec/KSPEC_ICS/GFA/Simul/kspec_gfa_controller/src/img/astroimg/
2025-11-28 17:54:15,193 [DEBUG] Cutout dir: /media/shyunc/DATA/KSpec/KSPEC_ICS/GFA/Simul/kspec_gfa_controller/src/img/cutout
2025-11-28 17:54:15,193 [INFO] GFAGuider setup complete.
2025-11-28 17:54:15,194 [INFO] Initialized GFAEnvironment with role 'finder' and cameras [7]
2025-11-28 17:54:17,680 [INFO] Starting guiding sequence...
2025-11-28 17:54:17,681 [INFO] Grabbing raw image...
2025-11-28 17:54:22,686 [INFO] Images also copied to: /media/shyunc/DATA/KSpec/KSPEC_ICS/GFA/Simul/kspec_gfa_controller/src/img/grab/2025-11-28
2025-11-28 17:54:22,687 [INFO] Running astrometry preprocessing...
2025-11-28 17:54:22,687 [INFO] Executing guider offset calculation...
2025-11-28 17:54:22,687 [INFO] Clearing temp astrometry data...
2025-11-28 17:54:22,687 [INFO] Deleting raw and processed files.
2025-11-28 17:54:22,687 [INFO] Deleted 0 files in directory: /media/shyunc/DATA/KSpec/KSPEC_ICS/GFA/Simul/kspec_gfa_controller/src/img/raw
2025-11-28 17:54:22,687 [INFO] Deleted 0 files in directory: /media/shyunc/DATA/KSpec/KSPEC_ICS/GFA/Simul/kspec_gfa_controller/src/img/procimg
2025-11-28 17:54:22,687 [INFO] Deleted 0 raw files and 0 processed files.
2025-11-28 17:54:50,443 [INFO] Starting guiding sequence...
2025-11-28 17:54:50,445 [INFO] Grabbing raw image...
2025-11-28 17:54:55,450 [INFO] Images also copied to: /media/shyunc/DATA/KSpec/KSPEC_ICS/GFA/Simul/kspec_gfa_controller/src/img/grab/2025-11-28
2025-11-28 17:54:55,450 [INFO] Running astrometry preprocessing...
2025-11-28 17:54:55,450 [INFO] Executing guider offset calculation...
2025-11-28 17:54:55,450 [INFO] Clearing temp astrometry data...
2025-11-28 17:54:55,451 [INFO] Deleting raw and processed files.
2025-11-28 17:54:55,451 [INFO] Deleted 0 files in directory: /media/shyunc/DATA/KSpec/KSPEC_ICS/GFA/Simul/kspec_gfa_controller/src/img/raw
2025-11-28 17:54:55,451 [INFO] Deleted 0 files in directory: /media/shyunc/DATA/KSpec/KSPEC_ICS/GFA/Simul/kspec_gfa_controller/src/img/procimg
2025-11-28 17:54:55,451 [INFO] Deleted 0 raw files and 0 processed files.
2025-11-28 18:13:04,208 [INFO] Initialized GFAEnvironment with role 'plate' and cameras [1, 2, 3, 4, 5, 6]
2025-11-28 18:13:04,208 [INFO] Initializing gfa_astrometry class.
2025-11-28 18:13:04,209 [INFO] Initializing GFAGuider...
2025-11-28 18:13:04,209 [DEBUG] Processed dir: /media/shyunc/DATA/KSpec/KSPEC_ICS/GFA/Simul/kspec_gfa_controller/src/img/procimg
2025-11-28 18:13:04,209 [DEBUG] Final astro dir: /media/shyunc/DATA/KSpec/KSPEC_ICS/GFA/Simul/kspec_gfa_controller/src/img/astroimg/
2025-11-28 18:13:04,209 [DEBUG] Cutout dir: /media/shyunc/DATA/KSpec/KSPEC_ICS/GFA/Simul/kspec_gfa_controller/src/img/cutout
2025-11-28 18:13:04,209 [INFO] GFAGuider setup complete.
2025-11-28 18:13:04,209 [INFO] Initialized GFAEnvironment with role 'finder' and cameras [7]
2025-11-28 18:13:07,320 [INFO] Starting guiding sequence...
2025-11-28 18:13:07,320 [INFO] Grabbing raw image...
2025-11-28 18:13:12,321 [INFO] Running astrometry preprocessing...
2025-11-28 18:13:12,322 [INFO] Executing guider offset calculation...
2025-11-28 18:13:12,323 [INFO] Clearing temp astrometry data...
2025-11-28 18:13:12,323 [INFO] Deleting raw and processed files.
2025-11-28 18:13:12,324 [INFO] Deleted 0 files in directory: /media/shyunc/DATA/KSpec/KSPEC_ICS/GFA/Simul/kspec_gfa_controller/src/img/raw
2025-11-28 18:13:12,326 [INFO] Deleted 0 files in directory: /media/shyunc/DATA/KSpec/KSPEC_ICS/GFA/Simul/kspec_gfa_controller/src/img/procimg
2025-11-28 18:13:12,326 [INFO] Deleted 0 raw files and 0 processed files.
2025-11-28 18:13:25,903 [INFO] Starting guiding sequence...
2025-11-28 18:13:25,905 [INFO] Grabbing raw image...
2025-11-28 18:13:30,909 [INFO] Images also copied to: /media/shyunc/DATA/KSpec/KSPEC_ICS/GFA/Simul/kspec_gfa_controller/src/img/grab/2025-11-28
2025-11-28 18:13:30,909 [INFO] Running astrometry preprocessing...
2025-11-28 18:13:30,910 [INFO] Executing guider offset calculation...
2025-11-28 18:13:30,910 [INFO] Clearing temp astrometry data...
2025-11-28 18:13:30,910 [INFO] Deleting raw and processed files.
2025-11-28 18:13:30,911 [INFO] Deleted 0 files in directory: /media/shyunc/DATA/KSpec/KSPEC_ICS/GFA/Simul/kspec_gfa_controller/src/img/raw
2025-11-28 18:13:30,913 [INFO] Deleted 0 files in directory: /media/shyunc/DATA/KSpec/KSPEC_ICS/GFA/Simul/kspec_gfa_controller/src/img/procimg
2025-11-28 18:13:30,913 [INFO] Deleted 0 raw files and 0 processed files.
2025-11-28 18:21:28,413 [INFO] Initialized GFAEnvironment with role 'plate' and cameras [1, 2, 3, 4, 5, 6]
2025-11-28 18:21:28,413 [INFO] Initializing gfa_astrometry class.
2025-11-28 18:21:28,414 [INFO] Initializing GFAGuider...
2025-11-28 18:21:28,415 [DEBUG] Processed dir: /media/shyunc/DATA/KSpec/KSPEC_ICS/GFA/Simul/kspec_gfa_controller/src/img/procimg
2025-11-28 18:21:28,415 [DEBUG] Final astro dir: /media/shyunc/DATA/KSpec/KSPEC_ICS/GFA/Simul/kspec_gfa_controller/src/img/astroimg/
2025-11-28 18:21:28,415 [DEBUG] Cutout dir: /media/shyunc/DATA/KSpec/KSPEC_ICS/GFA/Simul/kspec_gfa_controller/src/img/cutout
2025-11-28 18:21:28,415 [INFO] GFAGuider setup complete.
2025-11-28 18:21:28,415 [INFO] Initialized GFAEnvironment with role 'finder' and cameras [7]
2025-11-28 18:21:39,998 [INFO] Querying camera statuses...
2025-11-28 18:22:24,170 [INFO] Starting guiding sequence...
2025-11-28 18:22:24,172 [INFO] Grabbing raw image...
2025-11-28 18:22:29,173 [INFO] Running astrometry preprocessing...
2025-11-28 18:22:29,174 [INFO] Executing guider offset calculation...
2025-11-28 18:22:29,174 [INFO] Clearing temp astrometry data...
2025-11-28 18:22:29,175 [INFO] Deleting raw and processed files.
2025-11-28 18:22:29,176 [INFO] Deleted 0 files in directory: /media/shyunc/DATA/KSpec/KSPEC_ICS/GFA/Simul/kspec_gfa_controller/src/img/raw
2025-11-28 18:22:29,177 [INFO] Deleted 0 files in directory: /media/shyunc/DATA/KSpec/KSPEC_ICS/GFA/Simul/kspec_gfa_controller/src/img/procimg
2025-11-28 18:22:29,177 [INFO] Deleted 0 raw files and 0 processed files.
2025-11-28 18:22:39,196 [INFO] Starting guiding sequence...
2025-11-28 18:22:39,197 [INFO] Grabbing raw image...
2025-11-28 18:22:44,199 [INFO] Running astrometry preprocessing...
2025-11-28 18:22:44,199 [INFO] Executing guider offset calculation...
2025-11-28 18:22:44,200 [INFO] Clearing temp astrometry data...
2025-11-28 18:22:44,201 [INFO] Deleting raw and processed files.
2025-11-28 18:22:44,202 [INFO] Deleted 0 files in directory: /media/shyunc/DATA/KSpec/KSPEC_ICS/GFA/Simul/kspec_gfa_controller/src/img/raw
2025-11-28 18:22:44,203 [INFO] Deleted 0 files in directory: /media/shyunc/DATA/KSpec/KSPEC_ICS/GFA/Simul/kspec_gfa_controller/src/img/procimg
2025-11-28 18:22:44,204 [INFO] Deleted 0 raw files and 0 processed files.
2025-11-28 18:24:24,499 [INFO] Initialized GFAEnvironment with role 'plate' and cameras [1, 2, 3, 4, 5, 6]
2025-11-28 18:24:24,499 [INFO] Initializing gfa_astrometry class.
2025-11-28 18:24:24,500 [INFO] Initializing GFAGuider...
2025-11-28 18:24:24,500 [DEBUG] Processed dir: /media/shyunc/DATA/KSpec/KSPEC_ICS/GFA/Simul/kspec_gfa_controller/src/img/procimg
2025-11-28 18:24:24,500 [DEBUG] Final astro dir: /media/shyunc/DATA/KSpec/KSPEC_ICS/GFA/Simul/kspec_gfa_controller/src/img/astroimg/
2025-11-28 18:24:24,500 [DEBUG] Cutout dir: /media/shyunc/DATA/KSpec/KSPEC_ICS/GFA/Simul/kspec_gfa_controller/src/img/cutout
2025-11-28 18:24:24,500 [INFO] GFAGuider setup complete.
2025-11-28 18:24:24,500 [INFO] Initialized GFAEnvironment with role 'finder' and cameras [7]
2025-11-28 18:24:32,422 [INFO] Starting guiding sequence...
2025-11-28 18:24:32,423 [INFO] Grabbing raw image...
2025-11-28 18:24:37,426 [INFO] Running astrometry preprocessing...
2025-11-28 18:24:37,427 [INFO] Executing guider offset calculation...
2025-11-28 18:24:37,427 [INFO] Clearing temp astrometry data...
2025-11-28 18:24:37,428 [INFO] Deleting raw and processed files.
2025-11-28 18:24:37,429 [INFO] Deleted 0 files in directory: /media/shyunc/DATA/KSpec/KSPEC_ICS/GFA/Simul/kspec_gfa_controller/src/img/raw
2025-11-28 18:24:37,430 [INFO] Deleted 0 files in directory: /media/shyunc/DATA/KSpec/KSPEC_ICS/GFA/Simul/kspec_gfa_controller/src/img/procimg
2025-11-28 18:24:37,430 [INFO] Deleted 0 raw files and 0 processed files.
2025-11-28 18:25:03,552 [INFO] Initialized GFAEnvironment with role 'plate' and cameras [1, 2, 3, 4, 5, 6]
2025-11-28 18:25:03,553 [INFO] Initializing gfa_astrometry class.
2025-11-28 18:25:03,553 [INFO] Initializing GFAGuider...
2025-11-28 18:25:03,554 [DEBUG] Processed dir: /media/shyunc/DATA/KSpec/KSPEC_ICS/GFA/Simul/kspec_gfa_controller/src/img/procimg
2025-11-28 18:25:03,554 [DEBUG] Final astro dir: /media/shyunc/DATA/KSpec/KSPEC_ICS/GFA/Simul/kspec_gfa_controller/src/img/astroimg/
2025-11-28 18:25:03,554 [DEBUG] Cutout dir: /media/shyunc/DATA/KSpec/KSPEC_ICS/GFA/Simul/kspec_gfa_controller/src/img/cutout
2025-11-28 18:25:03,554 [INFO] GFAGuider setup complete.
2025-11-28 18:25:03,554 [INFO] Initialized GFAEnvironment with role 'finder' and cameras [7]
2025-11-28 18:25:05,702 [INFO] Starting guiding sequence...
2025-11-28 18:25:05,703 [INFO] Grabbing raw image...
2025-11-28 18:25:10,707 [INFO] Images also copied to: /media/shyunc/DATA/KSpec/KSPEC_ICS/GFA/Simul/kspec_gfa_controller/src/img/grab/2025-11-28
2025-11-28 18:25:10,707 [INFO] Running astrometry preprocessing...
2025-11-28 18:25:10,707 [INFO] Executing guider offset calculation...
2025-11-28 18:25:10,707 [INFO] Clearing temp astrometry data...
2025-11-28 18:25:10,707 [INFO] Deleting raw and processed files.
2025-11-28 18:25:10,708 [INFO] Deleted 0 files in directory: /media/shyunc/DATA/KSpec/KSPEC_ICS/GFA/Simul/kspec_gfa_controller/src/img/raw
2025-11-28 18:25:10,708 [INFO] Deleted 0 files in directory: /media/shyunc/DATA/KSpec/KSPEC_ICS/GFA/Simul/kspec_gfa_controller/src/img/procimg
2025-11-28 18:25:10,708 [INFO] Deleted 0 raw files and 0 processed files.
2025-11-28 18:25:15,964 [INFO] Starting guiding sequence...
2025-11-28 18:25:15,964 [INFO] Grabbing raw image...
2025-11-28 18:25:20,966 [INFO] Running astrometry preprocessing...
2025-11-28 18:25:20,966 [INFO] Executing guider offset calculation...
2025-11-28 18:25:20,967 [INFO] Clearing temp astrometry data...
2025-11-28 18:25:20,968 [INFO] Deleting raw and processed files.
2025-11-28 18:25:20,969 [INFO] Deleted 0 files in directory: /media/shyunc/DATA/KSpec/KSPEC_ICS/GFA/Simul/kspec_gfa_controller/src/img/raw
2025-11-28 18:25:20,970 [INFO] Deleted 0 files in directory: /media/shyunc/DATA/KSpec/KSPEC_ICS/GFA/Simul/kspec_gfa_controller/src/img/procimg
2025-11-28 18:25:20,970 [INFO] Deleted 0 raw files and 0 processed files.
