2026-03-30 10:16:25,606 [INFO] Initialized GFAEnvironment with role 'plate' and cameras [1, 2, 3, 4, 5, 6]
2026-03-30 10:16:25,606 [INFO] Initializing GFAGuider...
2026-03-30 10:16:25,606 [DEBUG] Raw dir       : /media/shyunc/DATA/KSpec/KSPEC_ICS/GFA/Simul/kspec_gfa_controller/src/img/raw
2026-03-30 10:16:25,606 [DEBUG] Final astro dir: /media/shyunc/DATA/KSpec/KSPEC_ICS/GFA/Simul/kspec_gfa_controller/src/img/astroimg/
2026-03-30 10:16:25,606 [DEBUG] Cutout dir    : /media/shyunc/DATA/KSpec/KSPEC_ICS/GFA/Simul/kspec_gfa_controller/src/img/cutout
2026-03-30 10:16:25,606 [DEBUG] Star catalog  : /media/shyunc/DATA/KSpec/KSPEC_ICS/GFA/Simul/kspec_gfa_controller/src/img/combined_star.fits
2026-03-30 10:16:25,607 [INFO] GFAGuider setup complete.
2026-03-30 10:16:25,607 [INFO] Initialized GFAEnvironment with role 'finder' and cameras [7]
2026-03-30 10:16:25,612 [INFO] Open all plate cameras...
2026-03-30 10:31:49,062 [INFO] Initialized GFAEnvironment with role 'plate' and cameras [1, 2, 3, 4, 5, 6]
2026-03-30 10:31:49,062 [INFO] Initializing GFAGuider...
2026-03-30 10:31:49,063 [DEBUG] Raw dir       : /media/shyunc/DATA/KSpec/KSPEC_ICS/GFA/Simul/kspec_gfa_controller/src/img/raw
2026-03-30 10:31:49,063 [DEBUG] Final astro dir: /media/shyunc/DATA/KSpec/KSPEC_ICS/GFA/Simul/kspec_gfa_controller/src/img/astroimg/
2026-03-30 10:31:49,063 [DEBUG] Cutout dir    : /media/shyunc/DATA/KSpec/KSPEC_ICS/GFA/Simul/kspec_gfa_controller/src/img/cutout
2026-03-30 10:31:49,063 [DEBUG] Star catalog  : /media/shyunc/DATA/KSpec/KSPEC_ICS/GFA/Simul/kspec_gfa_controller/src/img/combined_star.fits
2026-03-30 10:31:49,063 [INFO] GFAGuider setup complete.
2026-03-30 10:31:49,064 [INFO] Initialized GFAEnvironment with role 'finder' and cameras [7]
2026-03-30 14:17:54,902 [INFO] Initialized GFAEnvironment with role 'plate' and cameras [1, 2, 3, 4, 5, 6]
2026-03-30 14:17:54,902 [INFO] Initializing GFAGuider...
2026-03-30 14:17:54,902 [DEBUG] Raw dir       : /media/shyunc/DATA/KSpec/KSPEC_ICS/GFA/Simul/kspec_gfa_controller/src/img/raw
2026-03-30 14:17:54,902 [DEBUG] Final astro dir: /media/shyunc/DATA/KSpec/KSPEC_ICS/GFA/Simul/kspec_gfa_controller/src/img/astroimg/
2026-03-30 14:17:54,902 [DEBUG] Cutout dir    : /media/shyunc/DATA/KSpec/KSPEC_ICS/GFA/Simul/kspec_gfa_controller/src/img/cutout
2026-03-30 14:17:54,902 [DEBUG] Star catalog  : /media/shyunc/DATA/KSpec/KSPEC_ICS/GFA/Simul/kspec_gfa_controller/src/img/combined_star.fits
2026-03-30 14:17:54,903 [INFO] GFAGuider setup complete.
2026-03-30 14:17:54,903 [INFO] Initialized GFAEnvironment with role 'finder' and cameras [7]
2026-03-30 14:17:58,132 [INFO] Open all plate cameras...
