2025-02-24 09:36:24,648 [INFO] Configuration file found: /media/shyunc/DATA/KSpec/KSPEC_ICS/GFA/Simul/kspec_gfa_controller/src/etc/cams.json (at gfa_actions.py)
2025-02-24 09:36:24,648 [INFO] Configuration file found: /media/shyunc/DATA/KSpec/KSPEC_ICS/GFA/Simul/kspec_gfa_controller/src/etc/astrometry_params.json (at gfa_actions.py)
2025-02-24 09:36:24,648 [INFO] Initializing gfa_astrometry class. (at gfa_actions.py)
2025-02-24 09:36:24,649 [INFO] Loaded 4 FITS files. (at gfa_actions.py)
2025-02-24 09:36:24,649 [INFO] Initializing GFAGuider... (at gfa_actions.py)
2025-02-24 09:36:24,649 [INFO] GFAGuider setup complete. (at gfa_actions.py)
2025-02-24 09:37:11,234 [INFO] Guiding starts... (at gfa_actions.py)
2025-02-24 09:37:11,235 [INFO] Step #1: Grab an image (uncomment if needed). (at gfa_actions.py)
2025-02-24 09:37:11,236 [INFO] Step #2: Astrometry... (at gfa_actions.py)
2025-02-24 09:37:11,236 [INFO] Step #3: Calculating the offset... (at gfa_actions.py)
2025-02-24 09:37:11,237 [INFO] Offsets calculated: fdx= $$, fdy=$$, FWHM=$$$ arcsec (at gfa_actions.py)
2025-02-24 09:37:41,256 [INFO] Guiding starts... (at gfa_actions.py)
2025-02-24 09:37:41,257 [INFO] Step #1: Grab an image (uncomment if needed). (at gfa_actions.py)
2025-02-24 09:37:41,257 [INFO] Step #2: Astrometry... (at gfa_actions.py)
2025-02-24 09:37:41,257 [INFO] Step #3: Calculating the offset... (at gfa_actions.py)
2025-02-24 09:37:41,257 [INFO] Offsets calculated: fdx= $$, fdy=$$, FWHM=$$$ arcsec (at gfa_actions.py)
2025-02-24 09:38:11,276 [INFO] Guiding starts... (at gfa_actions.py)
2025-02-24 09:38:11,277 [INFO] Step #1: Grab an image (uncomment if needed). (at gfa_actions.py)
2025-02-24 09:38:11,277 [INFO] Step #2: Astrometry... (at gfa_actions.py)
2025-02-24 09:38:11,278 [INFO] Step #3: Calculating the offset... (at gfa_actions.py)
2025-02-24 09:38:11,279 [INFO] Offsets calculated: fdx= $$, fdy=$$, FWHM=$$$ arcsec (at gfa_actions.py)
2025-02-24 09:42:12,100 [INFO] Guiding starts... (at gfa_actions.py)
2025-02-24 09:42:12,101 [INFO] Step #1: Grab an image (uncomment if needed). (at gfa_actions.py)
2025-02-24 09:42:12,101 [INFO] Step #2: Astrometry... (at gfa_actions.py)
2025-02-24 09:42:12,102 [INFO] Step #3: Calculating the offset... (at gfa_actions.py)
2025-02-24 09:42:12,102 [INFO] Offsets calculated: fdx= $$, fdy=$$, FWHM=$$$ arcsec (at gfa_actions.py)
2025-02-24 09:42:42,122 [INFO] Guiding starts... (at gfa_actions.py)
2025-02-24 09:42:42,123 [INFO] Step #1: Grab an image (uncomment if needed). (at gfa_actions.py)
2025-02-24 09:42:42,124 [INFO] Step #2: Astrometry... (at gfa_actions.py)
2025-02-24 09:42:42,125 [INFO] Step #3: Calculating the offset... (at gfa_actions.py)
2025-02-24 09:42:42,125 [INFO] Offsets calculated: fdx= $$, fdy=$$, FWHM=$$$ arcsec (at gfa_actions.py)
2025-02-24 09:43:12,145 [INFO] Guiding starts... (at gfa_actions.py)
2025-02-24 09:43:12,146 [INFO] Step #1: Grab an image (uncomment if needed). (at gfa_actions.py)
2025-02-24 09:43:12,147 [INFO] Step #2: Astrometry... (at gfa_actions.py)
2025-02-24 09:43:12,147 [INFO] Step #3: Calculating the offset... (at gfa_actions.py)
2025-02-24 09:43:12,148 [INFO] Offsets calculated: fdx= $$, fdy=$$, FWHM=$$$ arcsec (at gfa_actions.py)
2025-02-24 11:39:10,254 [INFO] Configuration file found: /media/shyunc/DATA/KSpec/KSPEC_ICS/GFA/Simul/kspec_gfa_controller/src/etc/cams.json (at gfa_actions.py)
2025-02-24 11:39:10,254 [INFO] Configuration file found: /media/shyunc/DATA/KSpec/KSPEC_ICS/GFA/Simul/kspec_gfa_controller/src/etc/astrometry_params.json (at gfa_actions.py)
2025-02-24 11:39:10,254 [INFO] Initializing gfa_astrometry class. (at gfa_actions.py)
2025-02-24 11:39:10,255 [INFO] Loaded 4 FITS files. (at gfa_actions.py)
2025-02-24 11:39:10,255 [INFO] Initializing GFAGuider... (at gfa_actions.py)
2025-02-24 11:39:10,255 [INFO] GFAGuider setup complete. (at gfa_actions.py)
2025-02-24 12:47:33,372 [INFO] Guiding starts... (at gfa_actions.py)
2025-02-24 12:47:33,373 [INFO] Step #1: Grab an image (uncomment if needed). (at gfa_actions.py)
2025-02-24 12:47:33,373 [INFO] Step #2: Astrometry... (at gfa_actions.py)
2025-02-24 12:47:33,374 [INFO] Step #3: Calculating the offset... (at gfa_actions.py)
2025-02-24 12:47:33,374 [INFO] Offsets calculated: fdx= $$, fdy=$$, FWHM=$$$ arcsec (at gfa_actions.py)
2025-02-24 12:48:03,401 [INFO] Guiding starts... (at gfa_actions.py)
2025-02-24 12:48:03,402 [INFO] Step #1: Grab an image (uncomment if needed). (at gfa_actions.py)
2025-02-24 12:48:03,403 [INFO] Step #2: Astrometry... (at gfa_actions.py)
2025-02-24 12:48:03,403 [INFO] Step #3: Calculating the offset... (at gfa_actions.py)
2025-02-24 12:48:03,404 [INFO] Offsets calculated: fdx= $$, fdy=$$, FWHM=$$$ arcsec (at gfa_actions.py)
2025-02-24 12:52:27,176 [INFO] Guiding starts... (at gfa_actions.py)
2025-02-24 12:52:27,176 [INFO] Step #1: Grab an image (uncomment if needed). (at gfa_actions.py)
2025-02-24 12:52:27,177 [INFO] Step #2: Astrometry... (at gfa_actions.py)
2025-02-24 12:52:27,177 [INFO] Step #3: Calculating the offset... (at gfa_actions.py)
2025-02-24 12:52:27,177 [INFO] Offsets calculated: fdx= $$, fdy=$$, FWHM=$$$ arcsec (at gfa_actions.py)
2025-02-24 12:52:57,197 [INFO] Guiding starts... (at gfa_actions.py)
2025-02-24 12:52:57,198 [INFO] Step #1: Grab an image (uncomment if needed). (at gfa_actions.py)
2025-02-24 12:52:57,198 [INFO] Step #2: Astrometry... (at gfa_actions.py)
2025-02-24 12:52:57,198 [INFO] Step #3: Calculating the offset... (at gfa_actions.py)
2025-02-24 12:52:57,199 [INFO] Offsets calculated: fdx= $$, fdy=$$, FWHM=$$$ arcsec (at gfa_actions.py)
2025-02-24 12:53:27,220 [INFO] Guiding starts... (at gfa_actions.py)
2025-02-24 12:53:27,220 [INFO] Step #1: Grab an image (uncomment if needed). (at gfa_actions.py)
2025-02-24 12:53:27,221 [INFO] Step #2: Astrometry... (at gfa_actions.py)
2025-02-24 12:53:27,221 [INFO] Step #3: Calculating the offset... (at gfa_actions.py)
2025-02-24 12:53:27,221 [INFO] Offsets calculated: fdx= $$, fdy=$$, FWHM=$$$ arcsec (at gfa_actions.py)
2025-02-24 12:53:57,241 [INFO] Guiding starts... (at gfa_actions.py)
2025-02-24 12:53:57,241 [INFO] Step #1: Grab an image (uncomment if needed). (at gfa_actions.py)
2025-02-24 12:53:57,242 [INFO] Step #2: Astrometry... (at gfa_actions.py)
2025-02-24 12:53:57,243 [INFO] Step #3: Calculating the offset... (at gfa_actions.py)
2025-02-24 12:53:57,243 [INFO] Offsets calculated: fdx= $$, fdy=$$, FWHM=$$$ arcsec (at gfa_actions.py)
2025-02-24 12:54:27,265 [INFO] Guiding starts... (at gfa_actions.py)
2025-02-24 12:54:27,265 [INFO] Step #1: Grab an image (uncomment if needed). (at gfa_actions.py)
2025-02-24 12:54:27,266 [INFO] Step #2: Astrometry... (at gfa_actions.py)
2025-02-24 12:54:27,266 [INFO] Step #3: Calculating the offset... (at gfa_actions.py)
2025-02-24 12:54:27,267 [INFO] Offsets calculated: fdx= $$, fdy=$$, FWHM=$$$ arcsec (at gfa_actions.py)
2025-02-24 12:54:57,287 [INFO] Guiding starts... (at gfa_actions.py)
2025-02-24 12:54:57,288 [INFO] Step #1: Grab an image (uncomment if needed). (at gfa_actions.py)
2025-02-24 12:54:57,289 [INFO] Step #2: Astrometry... (at gfa_actions.py)
2025-02-24 12:54:57,290 [INFO] Step #3: Calculating the offset... (at gfa_actions.py)
2025-02-24 12:54:57,290 [INFO] Offsets calculated: fdx= $$, fdy=$$, FWHM=$$$ arcsec (at gfa_actions.py)
2025-02-24 18:06:38,516 [INFO] Configuration file found: /media/shyunc/DATA/KSpec/KSPEC_ICS/GFA/Simul/kspec_gfa_controller/src/etc/cams.json (at gfa_actions.py)
2025-02-24 18:06:38,516 [INFO] Configuration file found: /media/shyunc/DATA/KSpec/KSPEC_ICS/GFA/Simul/kspec_gfa_controller/src/etc/astrometry_params.json (at gfa_actions.py)
2025-02-24 18:06:38,516 [INFO] Initializing gfa_astrometry class. (at gfa_actions.py)
2025-02-24 18:06:38,517 [INFO] Loaded 4 FITS files. (at gfa_actions.py)
2025-02-24 18:06:38,517 [INFO] Initializing GFAGuider... (at gfa_actions.py)
2025-02-24 18:06:38,517 [INFO] GFAGuider setup complete. (at gfa_actions.py)
