2025-09-17 14:50:17,814 [INFO] Initialized GFAEnvironment with role 'plate' and cameras [1, 2, 3, 4, 5, 6]
2025-09-17 14:50:17,815 [INFO] Initializing gfa_astrometry class.
2025-09-17 14:50:17,815 [INFO] Initializing GFAGuider...
2025-09-17 14:50:17,815 [DEBUG] Processed dir: /media/shyunc/DATA/KSpec/KSPEC_ICS/GFA/Simul/kspec_gfa_controller/src/img/procimg
2025-09-17 14:50:17,815 [DEBUG] Final astro dir: /media/shyunc/DATA/KSpec/KSPEC_ICS/GFA/Simul/kspec_gfa_controller/src/img/astroimg/
2025-09-17 14:50:17,816 [DEBUG] Cutout dir: /media/shyunc/DATA/KSpec/KSPEC_ICS/GFA/Simul/kspec_gfa_controller/src/img/cutout
2025-09-17 14:50:17,816 [INFO] GFAGuider setup complete.
2025-09-17 14:50:17,816 [INFO] Initialized GFAEnvironment with role 'finder' and cameras [7]
2025-09-17 14:50:21,167 [INFO] Starting guiding sequence...
2025-09-17 14:50:21,168 [INFO] Grabbing raw image...
2025-09-17 14:50:26,170 [INFO] Running astrometry preprocessing...
2025-09-17 14:50:26,170 [INFO] Executing guider offset calculation...
2025-09-17 14:50:26,171 [INFO] Clearing temp astrometry data...
2025-09-17 14:50:26,172 [INFO] Deleting raw and processed files.
2025-09-17 14:50:26,173 [INFO] Deleted 0 files in directory: /media/shyunc/DATA/KSpec/KSPEC_ICS/GFA/Simul/kspec_gfa_controller/src/img/raw
2025-09-17 14:50:26,173 [INFO] Deleted 0 files in directory: /media/shyunc/DATA/KSpec/KSPEC_ICS/GFA/Simul/kspec_gfa_controller/src/img/procimg
2025-09-17 14:50:26,174 [INFO] Deleted 0 raw files and 0 processed files.
2025-09-17 14:50:56,175 [INFO] Starting guiding sequence...
2025-09-17 14:50:56,177 [INFO] Grabbing raw image...
2025-09-17 14:51:02,290 [INFO] Starting guiding sequence...
2025-09-17 14:51:02,292 [INFO] Grabbing raw image...
2025-09-17 14:58:04,338 [INFO] Querying camera statuses...
2025-09-17 15:02:50,121 [INFO] Starting guiding sequence...
2025-09-17 15:02:50,121 [INFO] Grabbing raw image...
2025-09-17 15:02:55,123 [INFO] Running astrometry preprocessing...
2025-09-17 15:02:55,123 [INFO] Executing guider offset calculation...
2025-09-17 15:02:55,123 [INFO] Clearing temp astrometry data...
2025-09-17 15:02:55,123 [INFO] Deleting raw and processed files.
2025-09-17 15:02:55,123 [INFO] Deleted 0 files in directory: /media/shyunc/DATA/KSpec/KSPEC_ICS/GFA/Simul/kspec_gfa_controller/src/img/raw
2025-09-17 15:02:55,124 [INFO] Deleted 0 files in directory: /media/shyunc/DATA/KSpec/KSPEC_ICS/GFA/Simul/kspec_gfa_controller/src/img/procimg
2025-09-17 15:02:55,124 [INFO] Deleted 0 raw files and 0 processed files.
2025-09-17 15:03:25,125 [INFO] Starting guiding sequence...
2025-09-17 15:03:25,128 [INFO] Grabbing raw image...
2025-09-17 15:03:30,130 [INFO] Running astrometry preprocessing...
2025-09-17 15:03:30,131 [INFO] Executing guider offset calculation...
2025-09-17 15:03:30,131 [INFO] Clearing temp astrometry data...
2025-09-17 15:03:30,132 [INFO] Deleting raw and processed files.
2025-09-17 15:03:30,133 [INFO] Deleted 0 files in directory: /media/shyunc/DATA/KSpec/KSPEC_ICS/GFA/Simul/kspec_gfa_controller/src/img/raw
2025-09-17 15:03:30,135 [INFO] Deleted 0 files in directory: /media/shyunc/DATA/KSpec/KSPEC_ICS/GFA/Simul/kspec_gfa_controller/src/img/procimg
2025-09-17 15:03:30,135 [INFO] Deleted 0 raw files and 0 processed files.
2025-09-17 15:04:40,897 [INFO] Starting guiding sequence...
2025-09-17 15:04:40,899 [INFO] Grabbing raw image...
2025-09-17 15:04:45,900 [INFO] Running astrometry preprocessing...
2025-09-17 15:04:45,901 [INFO] Executing guider offset calculation...
2025-09-17 15:04:45,901 [INFO] Clearing temp astrometry data...
2025-09-17 15:04:45,901 [INFO] Deleting raw and processed files.
2025-09-17 15:04:45,903 [INFO] Deleted 0 files in directory: /media/shyunc/DATA/KSpec/KSPEC_ICS/GFA/Simul/kspec_gfa_controller/src/img/raw
2025-09-17 15:04:45,904 [INFO] Deleted 0 files in directory: /media/shyunc/DATA/KSpec/KSPEC_ICS/GFA/Simul/kspec_gfa_controller/src/img/procimg
2025-09-17 15:04:45,904 [INFO] Deleted 0 raw files and 0 processed files.
2025-09-17 15:05:15,907 [INFO] Starting guiding sequence...
2025-09-17 15:05:15,910 [INFO] Grabbing raw image...
2025-09-17 15:05:20,911 [INFO] Running astrometry preprocessing...
2025-09-17 15:05:20,912 [INFO] Executing guider offset calculation...
2025-09-17 15:05:20,913 [INFO] Clearing temp astrometry data...
2025-09-17 15:05:20,914 [INFO] Deleting raw and processed files.
2025-09-17 15:05:20,915 [INFO] Deleted 0 files in directory: /media/shyunc/DATA/KSpec/KSPEC_ICS/GFA/Simul/kspec_gfa_controller/src/img/raw
2025-09-17 15:05:20,916 [INFO] Deleted 0 files in directory: /media/shyunc/DATA/KSpec/KSPEC_ICS/GFA/Simul/kspec_gfa_controller/src/img/procimg
2025-09-17 15:05:20,917 [INFO] Deleted 0 raw files and 0 processed files.
2025-09-17 15:05:50,919 [INFO] Starting guiding sequence...
2025-09-17 15:05:50,922 [INFO] Grabbing raw image...
2025-09-17 15:05:55,924 [INFO] Running astrometry preprocessing...
2025-09-17 15:05:55,924 [INFO] Executing guider offset calculation...
2025-09-17 15:05:55,925 [INFO] Clearing temp astrometry data...
2025-09-17 15:05:55,925 [INFO] Deleting raw and processed files.
2025-09-17 15:05:55,926 [INFO] Deleted 0 files in directory: /media/shyunc/DATA/KSpec/KSPEC_ICS/GFA/Simul/kspec_gfa_controller/src/img/raw
2025-09-17 15:05:55,927 [INFO] Deleted 0 files in directory: /media/shyunc/DATA/KSpec/KSPEC_ICS/GFA/Simul/kspec_gfa_controller/src/img/procimg
2025-09-17 15:05:55,927 [INFO] Deleted 0 raw files and 0 processed files.
2025-09-17 15:06:25,931 [INFO] Starting guiding sequence...
2025-09-17 15:06:25,933 [INFO] Grabbing raw image...
2025-09-17 15:06:30,936 [INFO] Running astrometry preprocessing...
2025-09-17 15:06:30,936 [INFO] Executing guider offset calculation...
2025-09-17 15:06:30,937 [INFO] Clearing temp astrometry data...
2025-09-17 15:06:30,937 [INFO] Deleting raw and processed files.
2025-09-17 15:06:30,939 [INFO] Deleted 0 files in directory: /media/shyunc/DATA/KSpec/KSPEC_ICS/GFA/Simul/kspec_gfa_controller/src/img/raw
2025-09-17 15:06:30,939 [INFO] Deleted 0 files in directory: /media/shyunc/DATA/KSpec/KSPEC_ICS/GFA/Simul/kspec_gfa_controller/src/img/procimg
2025-09-17 15:06:30,939 [INFO] Deleted 0 raw files and 0 processed files.
2025-09-17 15:07:00,942 [INFO] Starting guiding sequence...
2025-09-17 15:07:00,945 [INFO] Grabbing raw image...
2025-09-17 15:07:05,947 [INFO] Running astrometry preprocessing...
2025-09-17 15:07:05,948 [INFO] Executing guider offset calculation...
2025-09-17 15:07:05,948 [INFO] Clearing temp astrometry data...
2025-09-17 15:07:05,949 [INFO] Deleting raw and processed files.
2025-09-17 15:07:05,950 [INFO] Deleted 0 files in directory: /media/shyunc/DATA/KSpec/KSPEC_ICS/GFA/Simul/kspec_gfa_controller/src/img/raw
2025-09-17 15:07:05,951 [INFO] Deleted 0 files in directory: /media/shyunc/DATA/KSpec/KSPEC_ICS/GFA/Simul/kspec_gfa_controller/src/img/procimg
2025-09-17 15:07:05,952 [INFO] Deleted 0 raw files and 0 processed files.
2025-09-17 15:46:00,698 [INFO] Querying camera statuses...
2025-09-17 18:07:57,633 [INFO] Querying camera statuses...
2025-09-17 18:09:27,919 [INFO] Querying camera statuses...
2025-09-17 18:10:38,815 [INFO] Starting guiding sequence...
2025-09-17 18:10:38,816 [INFO] Grabbing raw image...
2025-09-17 18:10:43,818 [INFO] Running astrometry preprocessing...
2025-09-17 18:10:43,818 [INFO] Executing guider offset calculation...
2025-09-17 18:10:43,819 [INFO] Clearing temp astrometry data...
2025-09-17 18:10:43,820 [INFO] Deleting raw and processed files.
2025-09-17 18:10:43,821 [INFO] Deleted 0 files in directory: /media/shyunc/DATA/KSpec/KSPEC_ICS/GFA/Simul/kspec_gfa_controller/src/img/raw
2025-09-17 18:10:43,822 [INFO] Deleted 0 files in directory: /media/shyunc/DATA/KSpec/KSPEC_ICS/GFA/Simul/kspec_gfa_controller/src/img/procimg
2025-09-17 18:10:43,822 [INFO] Deleted 0 raw files and 0 processed files.
2025-09-17 18:11:13,824 [INFO] Starting guiding sequence...
2025-09-17 18:11:13,827 [INFO] Grabbing raw image...
2025-09-17 18:11:18,829 [INFO] Running astrometry preprocessing...
2025-09-17 18:11:18,830 [INFO] Executing guider offset calculation...
2025-09-17 18:11:18,830 [INFO] Clearing temp astrometry data...
2025-09-17 18:11:18,831 [INFO] Deleting raw and processed files.
2025-09-17 18:11:18,832 [INFO] Deleted 0 files in directory: /media/shyunc/DATA/KSpec/KSPEC_ICS/GFA/Simul/kspec_gfa_controller/src/img/raw
2025-09-17 18:11:18,833 [INFO] Deleted 0 files in directory: /media/shyunc/DATA/KSpec/KSPEC_ICS/GFA/Simul/kspec_gfa_controller/src/img/procimg
2025-09-17 18:11:18,834 [INFO] Deleted 0 raw files and 0 processed files.
2025-09-17 18:11:48,837 [INFO] Starting guiding sequence...
2025-09-17 18:11:48,839 [INFO] Grabbing raw image...
2025-09-17 18:11:53,841 [INFO] Running astrometry preprocessing...
2025-09-17 18:11:53,842 [INFO] Executing guider offset calculation...
2025-09-17 18:11:53,842 [INFO] Clearing temp astrometry data...
2025-09-17 18:11:53,843 [INFO] Deleting raw and processed files.
2025-09-17 18:11:53,844 [INFO] Deleted 0 files in directory: /media/shyunc/DATA/KSpec/KSPEC_ICS/GFA/Simul/kspec_gfa_controller/src/img/raw
2025-09-17 18:11:53,845 [INFO] Deleted 0 files in directory: /media/shyunc/DATA/KSpec/KSPEC_ICS/GFA/Simul/kspec_gfa_controller/src/img/procimg
2025-09-17 18:11:53,845 [INFO] Deleted 0 raw files and 0 processed files.
2025-09-18 09:35:25,682 [INFO] Querying camera statuses...
2025-09-18 09:37:54,052 [INFO] Starting guiding sequence...
2025-09-18 09:37:54,054 [INFO] Grabbing raw image...
2025-09-18 09:37:59,055 [INFO] Running astrometry preprocessing...
2025-09-18 09:37:59,056 [INFO] Executing guider offset calculation...
2025-09-18 09:37:59,057 [INFO] Clearing temp astrometry data...
2025-09-18 09:37:59,057 [INFO] Deleting raw and processed files.
2025-09-18 09:37:59,058 [INFO] Deleted 0 files in directory: /media/shyunc/DATA/KSpec/KSPEC_ICS/GFA/Simul/kspec_gfa_controller/src/img/raw
2025-09-18 09:37:59,059 [INFO] Deleted 0 files in directory: /media/shyunc/DATA/KSpec/KSPEC_ICS/GFA/Simul/kspec_gfa_controller/src/img/procimg
2025-09-18 09:37:59,059 [INFO] Deleted 0 raw files and 0 processed files.
2025-09-18 09:38:29,061 [INFO] Starting guiding sequence...
2025-09-18 09:38:29,063 [INFO] Grabbing raw image...
2025-09-18 09:38:34,065 [INFO] Running astrometry preprocessing...
2025-09-18 09:38:34,065 [INFO] Executing guider offset calculation...
2025-09-18 09:38:34,066 [INFO] Clearing temp astrometry data...
2025-09-18 09:38:34,067 [INFO] Deleting raw and processed files.
2025-09-18 09:38:34,068 [INFO] Deleted 0 files in directory: /media/shyunc/DATA/KSpec/KSPEC_ICS/GFA/Simul/kspec_gfa_controller/src/img/raw
2025-09-18 09:38:34,069 [INFO] Deleted 0 files in directory: /media/shyunc/DATA/KSpec/KSPEC_ICS/GFA/Simul/kspec_gfa_controller/src/img/procimg
2025-09-18 09:38:34,069 [INFO] Deleted 0 raw files and 0 processed files.
2025-09-18 09:39:04,071 [INFO] Starting guiding sequence...
2025-09-18 09:39:04,074 [INFO] Grabbing raw image...
2025-09-18 09:39:09,075 [INFO] Running astrometry preprocessing...
2025-09-18 09:39:09,076 [INFO] Executing guider offset calculation...
2025-09-18 09:39:09,076 [INFO] Clearing temp astrometry data...
2025-09-18 09:39:09,077 [INFO] Deleting raw and processed files.
2025-09-18 09:39:09,078 [INFO] Deleted 0 files in directory: /media/shyunc/DATA/KSpec/KSPEC_ICS/GFA/Simul/kspec_gfa_controller/src/img/raw
2025-09-18 09:39:09,079 [INFO] Deleted 0 files in directory: /media/shyunc/DATA/KSpec/KSPEC_ICS/GFA/Simul/kspec_gfa_controller/src/img/procimg
2025-09-18 09:39:09,079 [INFO] Deleted 0 raw files and 0 processed files.
2025-09-18 11:50:17,555 [INFO] Querying camera statuses...
2025-09-18 11:52:12,686 [INFO] Querying camera statuses...
2025-09-18 11:59:22,702 [INFO] Querying camera statuses...
2025-09-18 12:00:26,088 [INFO] Starting guiding sequence...
2025-09-18 12:00:26,090 [INFO] Grabbing raw image...
2025-09-18 12:00:31,091 [INFO] Running astrometry preprocessing...
2025-09-18 12:00:31,091 [INFO] Executing guider offset calculation...
2025-09-18 12:00:31,092 [INFO] Clearing temp astrometry data...
2025-09-18 12:00:31,092 [INFO] Deleting raw and processed files.
2025-09-18 12:00:31,092 [INFO] Deleted 0 files in directory: /media/shyunc/DATA/KSpec/KSPEC_ICS/GFA/Simul/kspec_gfa_controller/src/img/raw
2025-09-18 12:00:31,092 [INFO] Deleted 0 files in directory: /media/shyunc/DATA/KSpec/KSPEC_ICS/GFA/Simul/kspec_gfa_controller/src/img/procimg
2025-09-18 12:00:31,092 [INFO] Deleted 0 raw files and 0 processed files.
2025-09-18 14:17:49,482 [INFO] Querying camera statuses...
2025-09-18 14:19:29,055 [INFO] Starting guiding sequence...
2025-09-18 14:19:29,056 [INFO] Grabbing raw image...
2025-09-18 14:19:34,058 [INFO] Running astrometry preprocessing...
2025-09-18 14:19:34,058 [INFO] Executing guider offset calculation...
2025-09-18 14:19:34,059 [INFO] Clearing temp astrometry data...
2025-09-18 14:19:34,059 [INFO] Deleting raw and processed files.
2025-09-18 14:19:34,060 [INFO] Deleted 0 files in directory: /media/shyunc/DATA/KSpec/KSPEC_ICS/GFA/Simul/kspec_gfa_controller/src/img/raw
2025-09-18 14:19:34,061 [INFO] Deleted 0 files in directory: /media/shyunc/DATA/KSpec/KSPEC_ICS/GFA/Simul/kspec_gfa_controller/src/img/procimg
2025-09-18 14:19:34,061 [INFO] Deleted 0 raw files and 0 processed files.
2025-09-18 14:20:04,064 [INFO] Starting guiding sequence...
2025-09-18 14:20:04,066 [INFO] Grabbing raw image...
2025-09-18 14:20:09,069 [INFO] Running astrometry preprocessing...
2025-09-18 14:20:09,069 [INFO] Executing guider offset calculation...
2025-09-18 14:20:09,070 [INFO] Clearing temp astrometry data...
2025-09-18 14:20:09,070 [INFO] Deleting raw and processed files.
2025-09-18 14:20:09,071 [INFO] Deleted 0 files in directory: /media/shyunc/DATA/KSpec/KSPEC_ICS/GFA/Simul/kspec_gfa_controller/src/img/raw
2025-09-18 14:20:09,072 [INFO] Deleted 0 files in directory: /media/shyunc/DATA/KSpec/KSPEC_ICS/GFA/Simul/kspec_gfa_controller/src/img/procimg
2025-09-18 14:20:09,072 [INFO] Deleted 0 raw files and 0 processed files.
2025-09-18 14:20:39,074 [INFO] Starting guiding sequence...
2025-09-18 14:20:39,077 [INFO] Grabbing raw image...
2025-09-18 14:20:44,079 [INFO] Running astrometry preprocessing...
2025-09-18 14:20:44,079 [INFO] Executing guider offset calculation...
2025-09-18 14:20:44,080 [INFO] Clearing temp astrometry data...
2025-09-18 14:20:44,080 [INFO] Deleting raw and processed files.
2025-09-18 14:20:44,081 [INFO] Deleted 0 files in directory: /media/shyunc/DATA/KSpec/KSPEC_ICS/GFA/Simul/kspec_gfa_controller/src/img/raw
2025-09-18 14:20:44,083 [INFO] Deleted 0 files in directory: /media/shyunc/DATA/KSpec/KSPEC_ICS/GFA/Simul/kspec_gfa_controller/src/img/procimg
2025-09-18 14:20:44,083 [INFO] Deleted 0 raw files and 0 processed files.
2025-09-18 14:21:14,086 [INFO] Starting guiding sequence...
2025-09-18 14:21:14,089 [INFO] Grabbing raw image...
2025-09-18 14:21:19,091 [INFO] Running astrometry preprocessing...
2025-09-18 14:21:19,092 [INFO] Executing guider offset calculation...
2025-09-18 14:21:19,093 [INFO] Clearing temp astrometry data...
2025-09-18 14:21:19,094 [INFO] Deleting raw and processed files.
2025-09-18 14:21:19,095 [INFO] Deleted 0 files in directory: /media/shyunc/DATA/KSpec/KSPEC_ICS/GFA/Simul/kspec_gfa_controller/src/img/raw
2025-09-18 14:21:19,096 [INFO] Deleted 0 files in directory: /media/shyunc/DATA/KSpec/KSPEC_ICS/GFA/Simul/kspec_gfa_controller/src/img/procimg
2025-09-18 14:21:19,096 [INFO] Deleted 0 raw files and 0 processed files.
2025-09-18 14:24:47,604 [INFO] Querying camera statuses...
2025-09-18 14:26:27,053 [INFO] Starting guiding sequence...
2025-09-18 14:26:27,055 [INFO] Grabbing raw image...
2025-09-18 14:26:32,057 [INFO] Running astrometry preprocessing...
2025-09-18 14:26:32,057 [INFO] Executing guider offset calculation...
2025-09-18 14:26:32,058 [INFO] Clearing temp astrometry data...
2025-09-18 14:26:32,059 [INFO] Deleting raw and processed files.
2025-09-18 14:26:32,060 [INFO] Deleted 0 files in directory: /media/shyunc/DATA/KSpec/KSPEC_ICS/GFA/Simul/kspec_gfa_controller/src/img/raw
2025-09-18 14:26:32,060 [INFO] Deleted 0 files in directory: /media/shyunc/DATA/KSpec/KSPEC_ICS/GFA/Simul/kspec_gfa_controller/src/img/procimg
2025-09-18 14:26:32,060 [INFO] Deleted 0 raw files and 0 processed files.
2025-09-18 14:27:02,062 [INFO] Starting guiding sequence...
2025-09-18 14:27:02,064 [INFO] Grabbing raw image...
2025-09-18 14:27:07,066 [INFO] Running astrometry preprocessing...
2025-09-18 14:27:07,066 [INFO] Executing guider offset calculation...
2025-09-18 14:27:07,067 [INFO] Clearing temp astrometry data...
2025-09-18 14:27:07,068 [INFO] Deleting raw and processed files.
2025-09-18 14:27:07,069 [INFO] Deleted 0 files in directory: /media/shyunc/DATA/KSpec/KSPEC_ICS/GFA/Simul/kspec_gfa_controller/src/img/raw
2025-09-18 14:27:07,070 [INFO] Deleted 0 files in directory: /media/shyunc/DATA/KSpec/KSPEC_ICS/GFA/Simul/kspec_gfa_controller/src/img/procimg
2025-09-18 14:27:07,071 [INFO] Deleted 0 raw files and 0 processed files.
2025-09-18 14:27:37,073 [INFO] Starting guiding sequence...
2025-09-18 14:27:37,076 [INFO] Grabbing raw image...
2025-09-18 14:27:42,077 [INFO] Running astrometry preprocessing...
2025-09-18 14:27:42,078 [INFO] Executing guider offset calculation...
2025-09-18 14:27:42,079 [INFO] Clearing temp astrometry data...
2025-09-18 14:27:42,079 [INFO] Deleting raw and processed files.
2025-09-18 14:27:42,081 [INFO] Deleted 0 files in directory: /media/shyunc/DATA/KSpec/KSPEC_ICS/GFA/Simul/kspec_gfa_controller/src/img/raw
2025-09-18 14:27:42,082 [INFO] Deleted 0 files in directory: /media/shyunc/DATA/KSpec/KSPEC_ICS/GFA/Simul/kspec_gfa_controller/src/img/procimg
2025-09-18 14:27:42,082 [INFO] Deleted 0 raw files and 0 processed files.
2025-09-18 14:28:12,084 [INFO] Starting guiding sequence...
2025-09-18 14:28:12,086 [INFO] Grabbing raw image...
2025-09-18 14:28:17,088 [INFO] Running astrometry preprocessing...
2025-09-18 14:28:17,089 [INFO] Executing guider offset calculation...
2025-09-18 14:28:17,089 [INFO] Clearing temp astrometry data...
2025-09-18 14:28:17,090 [INFO] Deleting raw and processed files.
2025-09-18 14:28:17,091 [INFO] Deleted 0 files in directory: /media/shyunc/DATA/KSpec/KSPEC_ICS/GFA/Simul/kspec_gfa_controller/src/img/raw
2025-09-18 14:28:17,091 [INFO] Deleted 0 files in directory: /media/shyunc/DATA/KSpec/KSPEC_ICS/GFA/Simul/kspec_gfa_controller/src/img/procimg
2025-09-18 14:28:17,091 [INFO] Deleted 0 raw files and 0 processed files.
2025-09-18 14:28:47,094 [INFO] Starting guiding sequence...
2025-09-18 14:28:47,097 [INFO] Grabbing raw image...
2025-09-18 14:28:52,098 [INFO] Running astrometry preprocessing...
2025-09-18 14:28:52,099 [INFO] Executing guider offset calculation...
2025-09-18 14:28:52,099 [INFO] Clearing temp astrometry data...
2025-09-18 14:28:52,100 [INFO] Deleting raw and processed files.
2025-09-18 14:28:52,101 [INFO] Deleted 0 files in directory: /media/shyunc/DATA/KSpec/KSPEC_ICS/GFA/Simul/kspec_gfa_controller/src/img/raw
2025-09-18 14:28:52,102 [INFO] Deleted 0 files in directory: /media/shyunc/DATA/KSpec/KSPEC_ICS/GFA/Simul/kspec_gfa_controller/src/img/procimg
2025-09-18 14:28:52,102 [INFO] Deleted 0 raw files and 0 processed files.
2025-09-18 14:31:43,243 [INFO] Querying camera statuses...
2025-09-18 14:33:12,054 [INFO] Starting guiding sequence...
2025-09-18 14:33:12,056 [INFO] Grabbing raw image...
2025-09-18 14:33:17,059 [INFO] Running astrometry preprocessing...
2025-09-18 14:33:17,059 [INFO] Executing guider offset calculation...
2025-09-18 14:33:17,059 [INFO] Clearing temp astrometry data...
2025-09-18 14:33:17,060 [INFO] Deleting raw and processed files.
2025-09-18 14:33:17,061 [INFO] Deleted 0 files in directory: /media/shyunc/DATA/KSpec/KSPEC_ICS/GFA/Simul/kspec_gfa_controller/src/img/raw
2025-09-18 14:33:17,062 [INFO] Deleted 0 files in directory: /media/shyunc/DATA/KSpec/KSPEC_ICS/GFA/Simul/kspec_gfa_controller/src/img/procimg
2025-09-18 14:33:17,062 [INFO] Deleted 0 raw files and 0 processed files.
2025-09-18 14:33:47,064 [INFO] Starting guiding sequence...
2025-09-18 14:33:47,066 [INFO] Grabbing raw image...
2025-09-18 14:33:52,068 [INFO] Running astrometry preprocessing...
2025-09-18 14:33:52,069 [INFO] Executing guider offset calculation...
2025-09-18 14:33:52,070 [INFO] Clearing temp astrometry data...
2025-09-18 14:33:52,071 [INFO] Deleting raw and processed files.
2025-09-18 14:33:52,072 [INFO] Deleted 0 files in directory: /media/shyunc/DATA/KSpec/KSPEC_ICS/GFA/Simul/kspec_gfa_controller/src/img/raw
2025-09-18 14:33:52,072 [INFO] Deleted 0 files in directory: /media/shyunc/DATA/KSpec/KSPEC_ICS/GFA/Simul/kspec_gfa_controller/src/img/procimg
2025-09-18 14:33:52,073 [INFO] Deleted 0 raw files and 0 processed files.
2025-09-18 14:34:22,075 [INFO] Starting guiding sequence...
2025-09-18 14:34:22,077 [INFO] Grabbing raw image...
2025-09-18 14:34:27,079 [INFO] Running astrometry preprocessing...
2025-09-18 14:34:27,079 [INFO] Executing guider offset calculation...
2025-09-18 14:34:27,079 [INFO] Clearing temp astrometry data...
2025-09-18 14:34:27,080 [INFO] Deleting raw and processed files.
2025-09-18 14:34:27,081 [INFO] Deleted 0 files in directory: /media/shyunc/DATA/KSpec/KSPEC_ICS/GFA/Simul/kspec_gfa_controller/src/img/raw
2025-09-18 14:34:27,082 [INFO] Deleted 0 files in directory: /media/shyunc/DATA/KSpec/KSPEC_ICS/GFA/Simul/kspec_gfa_controller/src/img/procimg
2025-09-18 14:34:27,082 [INFO] Deleted 0 raw files and 0 processed files.
2025-09-18 14:34:57,087 [INFO] Starting guiding sequence...
2025-09-18 14:34:57,090 [INFO] Grabbing raw image...
2025-09-18 14:35:02,091 [INFO] Running astrometry preprocessing...
2025-09-18 14:35:02,092 [INFO] Executing guider offset calculation...
2025-09-18 14:35:02,092 [INFO] Clearing temp astrometry data...
2025-09-18 14:35:02,093 [INFO] Deleting raw and processed files.
2025-09-18 14:35:02,094 [INFO] Deleted 0 files in directory: /media/shyunc/DATA/KSpec/KSPEC_ICS/GFA/Simul/kspec_gfa_controller/src/img/raw
2025-09-18 14:35:02,095 [INFO] Deleted 0 files in directory: /media/shyunc/DATA/KSpec/KSPEC_ICS/GFA/Simul/kspec_gfa_controller/src/img/procimg
2025-09-18 14:35:02,096 [INFO] Deleted 0 raw files and 0 processed files.
2025-09-18 14:35:32,098 [INFO] Starting guiding sequence...
2025-09-18 14:35:32,100 [INFO] Grabbing raw image...
2025-09-18 14:35:37,102 [INFO] Running astrometry preprocessing...
2025-09-18 14:35:37,103 [INFO] Executing guider offset calculation...
2025-09-18 14:35:37,103 [INFO] Clearing temp astrometry data...
2025-09-18 14:35:37,104 [INFO] Deleting raw and processed files.
2025-09-18 14:35:37,105 [INFO] Deleted 0 files in directory: /media/shyunc/DATA/KSpec/KSPEC_ICS/GFA/Simul/kspec_gfa_controller/src/img/raw
2025-09-18 14:35:37,106 [INFO] Deleted 0 files in directory: /media/shyunc/DATA/KSpec/KSPEC_ICS/GFA/Simul/kspec_gfa_controller/src/img/procimg
2025-09-18 14:35:37,106 [INFO] Deleted 0 raw files and 0 processed files.
2025-09-18 14:52:02,656 [INFO] Querying camera statuses...
2025-09-18 14:53:37,055 [INFO] Starting guiding sequence...
2025-09-18 14:53:37,057 [INFO] Grabbing raw image...
2025-09-18 14:53:42,060 [INFO] Running astrometry preprocessing...
2025-09-18 14:53:42,061 [INFO] Executing guider offset calculation...
2025-09-18 14:53:42,061 [INFO] Clearing temp astrometry data...
2025-09-18 14:53:42,062 [INFO] Deleting raw and processed files.
2025-09-18 14:53:42,063 [INFO] Deleted 0 files in directory: /media/shyunc/DATA/KSpec/KSPEC_ICS/GFA/Simul/kspec_gfa_controller/src/img/raw
2025-09-18 14:53:42,064 [INFO] Deleted 0 files in directory: /media/shyunc/DATA/KSpec/KSPEC_ICS/GFA/Simul/kspec_gfa_controller/src/img/procimg
2025-09-18 14:53:42,064 [INFO] Deleted 0 raw files and 0 processed files.
2025-09-18 14:54:12,066 [INFO] Starting guiding sequence...
2025-09-18 14:54:12,068 [INFO] Grabbing raw image...
2025-09-18 14:54:17,069 [INFO] Running astrometry preprocessing...
2025-09-18 14:54:17,070 [INFO] Executing guider offset calculation...
2025-09-18 14:54:17,071 [INFO] Clearing temp astrometry data...
2025-09-18 14:54:17,071 [INFO] Deleting raw and processed files.
2025-09-18 14:54:17,073 [INFO] Deleted 0 files in directory: /media/shyunc/DATA/KSpec/KSPEC_ICS/GFA/Simul/kspec_gfa_controller/src/img/raw
2025-09-18 14:54:17,074 [INFO] Deleted 0 files in directory: /media/shyunc/DATA/KSpec/KSPEC_ICS/GFA/Simul/kspec_gfa_controller/src/img/procimg
2025-09-18 14:54:17,074 [INFO] Deleted 0 raw files and 0 processed files.
2025-09-18 14:54:47,075 [INFO] Starting guiding sequence...
2025-09-18 14:54:47,078 [INFO] Grabbing raw image...
2025-09-18 14:54:52,080 [INFO] Running astrometry preprocessing...
2025-09-18 14:54:52,081 [INFO] Executing guider offset calculation...
2025-09-18 14:54:52,081 [INFO] Clearing temp astrometry data...
2025-09-18 14:54:52,082 [INFO] Deleting raw and processed files.
2025-09-18 14:54:52,083 [INFO] Deleted 0 files in directory: /media/shyunc/DATA/KSpec/KSPEC_ICS/GFA/Simul/kspec_gfa_controller/src/img/raw
2025-09-18 14:54:52,084 [INFO] Deleted 0 files in directory: /media/shyunc/DATA/KSpec/KSPEC_ICS/GFA/Simul/kspec_gfa_controller/src/img/procimg
2025-09-18 14:54:52,084 [INFO] Deleted 0 raw files and 0 processed files.
2025-09-18 14:55:22,086 [INFO] Starting guiding sequence...
2025-09-18 14:55:22,088 [INFO] Grabbing raw image...
2025-09-18 14:55:27,089 [INFO] Running astrometry preprocessing...
2025-09-18 14:55:27,089 [INFO] Executing guider offset calculation...
2025-09-18 14:55:27,090 [INFO] Clearing temp astrometry data...
2025-09-18 14:55:27,090 [INFO] Deleting raw and processed files.
2025-09-18 14:55:27,091 [INFO] Deleted 0 files in directory: /media/shyunc/DATA/KSpec/KSPEC_ICS/GFA/Simul/kspec_gfa_controller/src/img/raw
2025-09-18 14:55:27,092 [INFO] Deleted 0 files in directory: /media/shyunc/DATA/KSpec/KSPEC_ICS/GFA/Simul/kspec_gfa_controller/src/img/procimg
2025-09-18 14:55:27,092 [INFO] Deleted 0 raw files and 0 processed files.
2025-09-18 14:55:57,094 [INFO] Starting guiding sequence...
2025-09-18 14:55:57,097 [INFO] Grabbing raw image...
2025-09-18 14:56:02,100 [INFO] Running astrometry preprocessing...
2025-09-18 14:56:02,100 [INFO] Executing guider offset calculation...
2025-09-18 14:56:02,101 [INFO] Clearing temp astrometry data...
2025-09-18 14:56:02,101 [INFO] Deleting raw and processed files.
2025-09-18 14:56:02,103 [INFO] Deleted 0 files in directory: /media/shyunc/DATA/KSpec/KSPEC_ICS/GFA/Simul/kspec_gfa_controller/src/img/raw
2025-09-18 14:56:02,104 [INFO] Deleted 0 files in directory: /media/shyunc/DATA/KSpec/KSPEC_ICS/GFA/Simul/kspec_gfa_controller/src/img/procimg
2025-09-18 14:56:02,104 [INFO] Deleted 0 raw files and 0 processed files.
2025-09-19 10:28:03,954 [INFO] Querying camera statuses...
2025-09-19 11:49:18,521 [INFO] Querying camera statuses...
2025-09-19 11:57:49,904 [INFO] Querying camera statuses...
2025-09-19 11:59:00,369 [INFO] Querying camera statuses...
2025-09-19 13:26:02,063 [INFO] Querying camera statuses...
2025-09-19 13:30:48,471 [INFO] Querying camera statuses...
2025-09-19 13:49:57,053 [INFO] Starting guiding sequence...
2025-09-19 13:49:57,056 [INFO] Grabbing raw image...
2025-09-19 13:50:02,058 [INFO] Running astrometry preprocessing...
2025-09-19 13:50:02,058 [INFO] Executing guider offset calculation...
2025-09-19 13:50:02,059 [INFO] Clearing temp astrometry data...
2025-09-19 13:50:02,060 [INFO] Deleting raw and processed files.
2025-09-19 13:50:02,062 [INFO] Deleted 0 files in directory: /media/shyunc/DATA/KSpec/KSPEC_ICS/GFA/Simul/kspec_gfa_controller/src/img/raw
2025-09-19 13:50:02,063 [INFO] Deleted 0 files in directory: /media/shyunc/DATA/KSpec/KSPEC_ICS/GFA/Simul/kspec_gfa_controller/src/img/procimg
2025-09-19 13:50:02,063 [INFO] Deleted 0 raw files and 0 processed files.
2025-09-19 13:50:32,066 [INFO] Starting guiding sequence...
2025-09-19 13:50:32,069 [INFO] Grabbing raw image...
2025-09-19 13:50:37,071 [INFO] Running astrometry preprocessing...
2025-09-19 13:50:37,072 [INFO] Executing guider offset calculation...
2025-09-19 13:50:37,073 [INFO] Clearing temp astrometry data...
2025-09-19 13:50:37,073 [INFO] Deleting raw and processed files.
2025-09-19 13:50:37,075 [INFO] Deleted 0 files in directory: /media/shyunc/DATA/KSpec/KSPEC_ICS/GFA/Simul/kspec_gfa_controller/src/img/raw
2025-09-19 13:50:37,075 [INFO] Deleted 0 files in directory: /media/shyunc/DATA/KSpec/KSPEC_ICS/GFA/Simul/kspec_gfa_controller/src/img/procimg
2025-09-19 13:50:37,075 [INFO] Deleted 0 raw files and 0 processed files.
2025-09-19 13:51:07,077 [INFO] Starting guiding sequence...
2025-09-19 13:51:07,080 [INFO] Grabbing raw image...
2025-09-19 13:51:12,081 [INFO] Running astrometry preprocessing...
2025-09-19 13:51:12,082 [INFO] Executing guider offset calculation...
2025-09-19 13:51:12,083 [INFO] Clearing temp astrometry data...
2025-09-19 13:51:12,083 [INFO] Deleting raw and processed files.
2025-09-19 13:51:12,084 [INFO] Deleted 0 files in directory: /media/shyunc/DATA/KSpec/KSPEC_ICS/GFA/Simul/kspec_gfa_controller/src/img/raw
2025-09-19 13:51:12,085 [INFO] Deleted 0 files in directory: /media/shyunc/DATA/KSpec/KSPEC_ICS/GFA/Simul/kspec_gfa_controller/src/img/procimg
2025-09-19 13:51:12,086 [INFO] Deleted 0 raw files and 0 processed files.
2025-09-19 14:25:57,589 [INFO] Querying camera statuses...
2025-09-19 14:27:27,053 [INFO] Starting guiding sequence...
2025-09-19 14:27:27,055 [INFO] Grabbing raw image...
2025-09-19 14:27:32,057 [INFO] Running astrometry preprocessing...
2025-09-19 14:27:32,057 [INFO] Executing guider offset calculation...
2025-09-19 14:27:32,058 [INFO] Clearing temp astrometry data...
2025-09-19 14:27:32,059 [INFO] Deleting raw and processed files.
2025-09-19 14:27:32,060 [INFO] Deleted 0 files in directory: /media/shyunc/DATA/KSpec/KSPEC_ICS/GFA/Simul/kspec_gfa_controller/src/img/raw
2025-09-19 14:27:32,061 [INFO] Deleted 0 files in directory: /media/shyunc/DATA/KSpec/KSPEC_ICS/GFA/Simul/kspec_gfa_controller/src/img/procimg
2025-09-19 14:27:32,062 [INFO] Deleted 0 raw files and 0 processed files.
2025-09-19 14:28:02,064 [INFO] Starting guiding sequence...
2025-09-19 14:28:02,067 [INFO] Grabbing raw image...
2025-09-19 14:28:07,068 [INFO] Running astrometry preprocessing...
2025-09-19 14:28:07,069 [INFO] Executing guider offset calculation...
2025-09-19 14:28:07,070 [INFO] Clearing temp astrometry data...
2025-09-19 14:28:07,070 [INFO] Deleting raw and processed files.
2025-09-19 14:28:07,071 [INFO] Deleted 0 files in directory: /media/shyunc/DATA/KSpec/KSPEC_ICS/GFA/Simul/kspec_gfa_controller/src/img/raw
2025-09-19 14:28:07,072 [INFO] Deleted 0 files in directory: /media/shyunc/DATA/KSpec/KSPEC_ICS/GFA/Simul/kspec_gfa_controller/src/img/procimg
2025-09-19 14:28:07,073 [INFO] Deleted 0 raw files and 0 processed files.
2025-09-19 14:28:37,074 [INFO] Starting guiding sequence...
2025-09-19 14:28:37,077 [INFO] Grabbing raw image...
2025-09-19 14:28:42,080 [INFO] Running astrometry preprocessing...
2025-09-19 14:28:42,081 [INFO] Executing guider offset calculation...
2025-09-19 14:28:42,081 [INFO] Clearing temp astrometry data...
2025-09-19 14:28:42,082 [INFO] Deleting raw and processed files.
2025-09-19 14:28:42,083 [INFO] Deleted 0 files in directory: /media/shyunc/DATA/KSpec/KSPEC_ICS/GFA/Simul/kspec_gfa_controller/src/img/raw
2025-09-19 14:28:42,084 [INFO] Deleted 0 files in directory: /media/shyunc/DATA/KSpec/KSPEC_ICS/GFA/Simul/kspec_gfa_controller/src/img/procimg
2025-09-19 14:28:42,084 [INFO] Deleted 0 raw files and 0 processed files.
2025-09-19 14:29:12,087 [INFO] Starting guiding sequence...
2025-09-19 14:29:12,089 [INFO] Grabbing raw image...
2025-09-19 14:29:17,090 [INFO] Running astrometry preprocessing...
2025-09-19 14:29:17,091 [INFO] Executing guider offset calculation...
2025-09-19 14:29:17,092 [INFO] Clearing temp astrometry data...
2025-09-19 14:29:17,093 [INFO] Deleting raw and processed files.
2025-09-19 14:29:17,094 [INFO] Deleted 0 files in directory: /media/shyunc/DATA/KSpec/KSPEC_ICS/GFA/Simul/kspec_gfa_controller/src/img/raw
2025-09-19 14:29:17,095 [INFO] Deleted 0 files in directory: /media/shyunc/DATA/KSpec/KSPEC_ICS/GFA/Simul/kspec_gfa_controller/src/img/procimg
2025-09-19 14:29:17,095 [INFO] Deleted 0 raw files and 0 processed files.
2025-09-19 14:29:47,097 [INFO] Starting guiding sequence...
2025-09-19 14:29:47,099 [INFO] Grabbing raw image...
2025-09-19 14:29:52,101 [INFO] Running astrometry preprocessing...
2025-09-19 14:29:52,101 [INFO] Executing guider offset calculation...
2025-09-19 14:29:52,102 [INFO] Clearing temp astrometry data...
2025-09-19 14:29:52,103 [INFO] Deleting raw and processed files.
2025-09-19 14:29:52,104 [INFO] Deleted 0 files in directory: /media/shyunc/DATA/KSpec/KSPEC_ICS/GFA/Simul/kspec_gfa_controller/src/img/raw
2025-09-19 14:29:52,105 [INFO] Deleted 0 files in directory: /media/shyunc/DATA/KSpec/KSPEC_ICS/GFA/Simul/kspec_gfa_controller/src/img/procimg
2025-09-19 14:29:52,105 [INFO] Deleted 0 raw files and 0 processed files.
2025-09-19 14:30:22,107 [INFO] Starting guiding sequence...
2025-09-19 14:30:22,110 [INFO] Grabbing raw image...
2025-09-19 14:34:23,251 [INFO] Querying camera statuses...
2025-09-19 14:35:56,892 [INFO] Starting guiding sequence...
2025-09-19 14:35:56,894 [INFO] Grabbing raw image...
2025-09-19 14:36:01,896 [INFO] Running astrometry preprocessing...
2025-09-19 14:36:01,897 [INFO] Executing guider offset calculation...
2025-09-19 14:36:01,897 [INFO] Clearing temp astrometry data...
2025-09-19 14:36:01,898 [INFO] Deleting raw and processed files.
2025-09-19 14:36:01,899 [INFO] Deleted 0 files in directory: /media/shyunc/DATA/KSpec/KSPEC_ICS/GFA/Simul/kspec_gfa_controller/src/img/raw
2025-09-19 14:36:01,901 [INFO] Deleted 0 files in directory: /media/shyunc/DATA/KSpec/KSPEC_ICS/GFA/Simul/kspec_gfa_controller/src/img/procimg
2025-09-19 14:36:01,901 [INFO] Deleted 0 raw files and 0 processed files.
2025-09-19 14:36:31,903 [INFO] Starting guiding sequence...
2025-09-19 14:36:31,905 [INFO] Grabbing raw image...
2025-09-19 14:36:36,907 [INFO] Running astrometry preprocessing...
2025-09-19 14:36:36,908 [INFO] Executing guider offset calculation...
2025-09-19 14:36:36,908 [INFO] Clearing temp astrometry data...
2025-09-19 14:36:36,909 [INFO] Deleting raw and processed files.
2025-09-19 14:36:36,910 [INFO] Deleted 0 files in directory: /media/shyunc/DATA/KSpec/KSPEC_ICS/GFA/Simul/kspec_gfa_controller/src/img/raw
2025-09-19 14:36:36,911 [INFO] Deleted 0 files in directory: /media/shyunc/DATA/KSpec/KSPEC_ICS/GFA/Simul/kspec_gfa_controller/src/img/procimg
2025-09-19 14:36:36,911 [INFO] Deleted 0 raw files and 0 processed files.
2025-09-19 14:37:06,914 [INFO] Starting guiding sequence...
2025-09-19 14:37:06,916 [INFO] Grabbing raw image...
2025-09-19 14:37:11,918 [INFO] Running astrometry preprocessing...
2025-09-19 14:37:11,918 [INFO] Executing guider offset calculation...
2025-09-19 14:37:11,919 [INFO] Clearing temp astrometry data...
2025-09-19 14:37:11,919 [INFO] Deleting raw and processed files.
2025-09-19 14:37:11,921 [INFO] Deleted 0 files in directory: /media/shyunc/DATA/KSpec/KSPEC_ICS/GFA/Simul/kspec_gfa_controller/src/img/raw
2025-09-19 14:37:11,922 [INFO] Deleted 0 files in directory: /media/shyunc/DATA/KSpec/KSPEC_ICS/GFA/Simul/kspec_gfa_controller/src/img/procimg
2025-09-19 14:37:11,922 [INFO] Deleted 0 raw files and 0 processed files.
2025-09-19 14:37:41,925 [INFO] Starting guiding sequence...
2025-09-19 14:37:41,928 [INFO] Grabbing raw image...
2025-09-19 14:37:46,929 [INFO] Running astrometry preprocessing...
2025-09-19 14:37:46,930 [INFO] Executing guider offset calculation...
2025-09-19 14:37:46,930 [INFO] Clearing temp astrometry data...
2025-09-19 14:37:46,931 [INFO] Deleting raw and processed files.
2025-09-19 14:37:46,933 [INFO] Deleted 0 files in directory: /media/shyunc/DATA/KSpec/KSPEC_ICS/GFA/Simul/kspec_gfa_controller/src/img/raw
2025-09-19 14:37:46,934 [INFO] Deleted 0 files in directory: /media/shyunc/DATA/KSpec/KSPEC_ICS/GFA/Simul/kspec_gfa_controller/src/img/procimg
2025-09-19 14:37:46,934 [INFO] Deleted 0 raw files and 0 processed files.
2025-09-19 15:02:33,232 [INFO] Querying camera statuses...
2025-09-19 15:04:31,897 [INFO] Starting guiding sequence...
2025-09-19 15:04:31,899 [INFO] Grabbing raw image...
2025-09-19 15:04:36,901 [INFO] Running astrometry preprocessing...
2025-09-19 15:04:36,901 [INFO] Executing guider offset calculation...
2025-09-19 15:04:36,902 [INFO] Clearing temp astrometry data...
2025-09-19 15:04:36,903 [INFO] Deleting raw and processed files.
2025-09-19 15:04:36,904 [INFO] Deleted 0 files in directory: /media/shyunc/DATA/KSpec/KSPEC_ICS/GFA/Simul/kspec_gfa_controller/src/img/raw
2025-09-19 15:04:36,905 [INFO] Deleted 0 files in directory: /media/shyunc/DATA/KSpec/KSPEC_ICS/GFA/Simul/kspec_gfa_controller/src/img/procimg
2025-09-19 15:04:36,905 [INFO] Deleted 0 raw files and 0 processed files.
2025-09-19 15:05:06,907 [INFO] Starting guiding sequence...
2025-09-19 15:05:06,910 [INFO] Grabbing raw image...
2025-09-19 15:05:11,912 [INFO] Running astrometry preprocessing...
2025-09-19 15:05:11,913 [INFO] Executing guider offset calculation...
2025-09-19 15:05:11,914 [INFO] Clearing temp astrometry data...
2025-09-19 15:05:11,914 [INFO] Deleting raw and processed files.
2025-09-19 15:05:11,915 [INFO] Deleted 0 files in directory: /media/shyunc/DATA/KSpec/KSPEC_ICS/GFA/Simul/kspec_gfa_controller/src/img/raw
2025-09-19 15:05:11,916 [INFO] Deleted 0 files in directory: /media/shyunc/DATA/KSpec/KSPEC_ICS/GFA/Simul/kspec_gfa_controller/src/img/procimg
2025-09-19 15:05:11,917 [INFO] Deleted 0 raw files and 0 processed files.
2025-09-19 15:05:41,918 [INFO] Starting guiding sequence...
2025-09-19 15:05:41,921 [INFO] Grabbing raw image...
2025-09-19 15:05:46,922 [INFO] Running astrometry preprocessing...
2025-09-19 15:05:46,923 [INFO] Executing guider offset calculation...
2025-09-19 15:05:46,924 [INFO] Clearing temp astrometry data...
2025-09-19 15:05:46,924 [INFO] Deleting raw and processed files.
2025-09-19 15:05:46,925 [INFO] Deleted 0 files in directory: /media/shyunc/DATA/KSpec/KSPEC_ICS/GFA/Simul/kspec_gfa_controller/src/img/raw
2025-09-19 15:05:46,927 [INFO] Deleted 0 files in directory: /media/shyunc/DATA/KSpec/KSPEC_ICS/GFA/Simul/kspec_gfa_controller/src/img/procimg
2025-09-19 15:05:46,927 [INFO] Deleted 0 raw files and 0 processed files.
2025-09-19 15:06:16,930 [INFO] Starting guiding sequence...
2025-09-19 15:06:16,932 [INFO] Grabbing raw image...
2025-09-19 15:06:21,935 [INFO] Running astrometry preprocessing...
2025-09-19 15:06:21,935 [INFO] Executing guider offset calculation...
2025-09-19 15:06:21,936 [INFO] Clearing temp astrometry data...
2025-09-19 15:06:21,937 [INFO] Deleting raw and processed files.
2025-09-19 15:06:21,939 [INFO] Deleted 0 files in directory: /media/shyunc/DATA/KSpec/KSPEC_ICS/GFA/Simul/kspec_gfa_controller/src/img/raw
2025-09-19 15:06:21,939 [INFO] Deleted 0 files in directory: /media/shyunc/DATA/KSpec/KSPEC_ICS/GFA/Simul/kspec_gfa_controller/src/img/procimg
2025-09-19 15:06:21,939 [INFO] Deleted 0 raw files and 0 processed files.
2025-09-19 15:08:54,204 [INFO] Querying camera statuses...
2025-09-19 15:43:57,318 [INFO] Querying camera statuses...
2025-09-19 15:53:32,911 [INFO] Querying camera statuses...
2025-09-19 15:55:26,055 [INFO] Starting guiding sequence...
2025-09-19 15:55:26,058 [INFO] Grabbing raw image...
2025-09-19 15:55:31,059 [INFO] Running astrometry preprocessing...
2025-09-19 15:55:31,060 [INFO] Executing guider offset calculation...
2025-09-19 15:55:31,060 [INFO] Clearing temp astrometry data...
2025-09-19 15:55:31,061 [INFO] Deleting raw and processed files.
2025-09-19 15:55:31,063 [INFO] Deleted 0 files in directory: /media/shyunc/DATA/KSpec/KSPEC_ICS/GFA/Simul/kspec_gfa_controller/src/img/raw
2025-09-19 15:55:31,064 [INFO] Deleted 0 files in directory: /media/shyunc/DATA/KSpec/KSPEC_ICS/GFA/Simul/kspec_gfa_controller/src/img/procimg
2025-09-19 15:55:31,064 [INFO] Deleted 0 raw files and 0 processed files.
2025-09-19 15:56:01,066 [INFO] Starting guiding sequence...
2025-09-19 15:56:01,069 [INFO] Grabbing raw image...
2025-09-19 15:56:06,071 [INFO] Running astrometry preprocessing...
2025-09-19 15:56:06,072 [INFO] Executing guider offset calculation...
2025-09-19 15:56:06,072 [INFO] Clearing temp astrometry data...
2025-09-19 15:56:06,073 [INFO] Deleting raw and processed files.
2025-09-19 15:56:06,074 [INFO] Deleted 0 files in directory: /media/shyunc/DATA/KSpec/KSPEC_ICS/GFA/Simul/kspec_gfa_controller/src/img/raw
2025-09-19 15:56:06,075 [INFO] Deleted 0 files in directory: /media/shyunc/DATA/KSpec/KSPEC_ICS/GFA/Simul/kspec_gfa_controller/src/img/procimg
2025-09-19 15:56:06,076 [INFO] Deleted 0 raw files and 0 processed files.
2025-09-19 15:56:36,080 [INFO] Starting guiding sequence...
2025-09-19 15:56:36,083 [INFO] Grabbing raw image...
2025-09-19 15:56:41,086 [INFO] Running astrometry preprocessing...
2025-09-19 15:56:41,087 [INFO] Executing guider offset calculation...
2025-09-19 15:56:41,087 [INFO] Clearing temp astrometry data...
2025-09-19 15:56:41,088 [INFO] Deleting raw and processed files.
2025-09-19 15:56:41,089 [INFO] Deleted 0 files in directory: /media/shyunc/DATA/KSpec/KSPEC_ICS/GFA/Simul/kspec_gfa_controller/src/img/raw
2025-09-19 15:56:41,090 [INFO] Deleted 0 files in directory: /media/shyunc/DATA/KSpec/KSPEC_ICS/GFA/Simul/kspec_gfa_controller/src/img/procimg
2025-09-19 15:56:41,090 [INFO] Deleted 0 raw files and 0 processed files.
2025-09-19 15:57:11,093 [INFO] Starting guiding sequence...
2025-09-19 15:57:11,095 [INFO] Grabbing raw image...
2025-09-19 15:57:16,097 [INFO] Running astrometry preprocessing...
2025-09-19 15:57:16,098 [INFO] Executing guider offset calculation...
2025-09-19 15:57:16,098 [INFO] Clearing temp astrometry data...
2025-09-19 15:57:16,099 [INFO] Deleting raw and processed files.
2025-09-19 15:57:16,100 [INFO] Deleted 0 files in directory: /media/shyunc/DATA/KSpec/KSPEC_ICS/GFA/Simul/kspec_gfa_controller/src/img/raw
2025-09-19 15:57:16,102 [INFO] Deleted 0 files in directory: /media/shyunc/DATA/KSpec/KSPEC_ICS/GFA/Simul/kspec_gfa_controller/src/img/procimg
2025-09-19 15:57:16,102 [INFO] Deleted 0 raw files and 0 processed files.
2025-09-19 15:57:46,104 [INFO] Starting guiding sequence...
2025-09-19 15:57:46,107 [INFO] Grabbing raw image...
2025-09-19 15:57:51,109 [INFO] Running astrometry preprocessing...
2025-09-19 15:57:51,110 [INFO] Executing guider offset calculation...
2025-09-19 15:57:51,111 [INFO] Clearing temp astrometry data...
2025-09-19 15:57:51,111 [INFO] Deleting raw and processed files.
2025-09-19 15:57:51,112 [INFO] Deleted 0 files in directory: /media/shyunc/DATA/KSpec/KSPEC_ICS/GFA/Simul/kspec_gfa_controller/src/img/raw
2025-09-19 15:57:51,113 [INFO] Deleted 0 files in directory: /media/shyunc/DATA/KSpec/KSPEC_ICS/GFA/Simul/kspec_gfa_controller/src/img/procimg
2025-09-19 15:57:51,114 [INFO] Deleted 0 raw files and 0 processed files.
2025-09-19 16:06:49,945 [INFO] Querying camera statuses...
2025-09-19 16:09:21,893 [INFO] Starting guiding sequence...
2025-09-19 16:09:21,895 [INFO] Grabbing raw image...
2025-09-19 16:09:26,897 [INFO] Running astrometry preprocessing...
2025-09-19 16:09:26,898 [INFO] Executing guider offset calculation...
2025-09-19 16:09:26,898 [INFO] Clearing temp astrometry data...
2025-09-19 16:09:26,899 [INFO] Deleting raw and processed files.
2025-09-19 16:09:26,900 [INFO] Deleted 0 files in directory: /media/shyunc/DATA/KSpec/KSPEC_ICS/GFA/Simul/kspec_gfa_controller/src/img/raw
2025-09-19 16:09:26,900 [INFO] Deleted 0 files in directory: /media/shyunc/DATA/KSpec/KSPEC_ICS/GFA/Simul/kspec_gfa_controller/src/img/procimg
2025-09-19 16:09:26,900 [INFO] Deleted 0 raw files and 0 processed files.
2025-09-19 16:09:56,903 [INFO] Starting guiding sequence...
2025-09-19 16:09:56,903 [INFO] Grabbing raw image...
2025-09-19 16:10:01,904 [INFO] Running astrometry preprocessing...
2025-09-19 16:10:01,905 [INFO] Executing guider offset calculation...
2025-09-19 16:10:01,906 [INFO] Clearing temp astrometry data...
2025-09-19 16:10:01,907 [INFO] Deleting raw and processed files.
2025-09-19 16:10:01,908 [INFO] Deleted 0 files in directory: /media/shyunc/DATA/KSpec/KSPEC_ICS/GFA/Simul/kspec_gfa_controller/src/img/raw
2025-09-19 16:10:01,909 [INFO] Deleted 0 files in directory: /media/shyunc/DATA/KSpec/KSPEC_ICS/GFA/Simul/kspec_gfa_controller/src/img/procimg
2025-09-19 16:10:01,909 [INFO] Deleted 0 raw files and 0 processed files.
2025-09-19 16:10:31,912 [INFO] Starting guiding sequence...
2025-09-19 16:10:31,914 [INFO] Grabbing raw image...
2025-09-19 16:10:36,917 [INFO] Running astrometry preprocessing...
2025-09-19 16:10:36,918 [INFO] Executing guider offset calculation...
2025-09-19 16:10:36,918 [INFO] Clearing temp astrometry data...
2025-09-19 16:10:36,919 [INFO] Deleting raw and processed files.
2025-09-19 16:10:36,920 [INFO] Deleted 0 files in directory: /media/shyunc/DATA/KSpec/KSPEC_ICS/GFA/Simul/kspec_gfa_controller/src/img/raw
2025-09-19 16:10:36,921 [INFO] Deleted 0 files in directory: /media/shyunc/DATA/KSpec/KSPEC_ICS/GFA/Simul/kspec_gfa_controller/src/img/procimg
2025-09-19 16:10:36,922 [INFO] Deleted 0 raw files and 0 processed files.
2025-09-19 16:11:06,923 [INFO] Starting guiding sequence...
2025-09-19 16:11:06,924 [INFO] Grabbing raw image...
2025-09-19 16:11:11,926 [INFO] Running astrometry preprocessing...
2025-09-19 16:11:11,926 [INFO] Executing guider offset calculation...
2025-09-19 16:11:11,927 [INFO] Clearing temp astrometry data...
2025-09-19 16:11:11,928 [INFO] Deleting raw and processed files.
2025-09-19 16:11:11,929 [INFO] Deleted 0 files in directory: /media/shyunc/DATA/KSpec/KSPEC_ICS/GFA/Simul/kspec_gfa_controller/src/img/raw
2025-09-19 16:11:11,930 [INFO] Deleted 0 files in directory: /media/shyunc/DATA/KSpec/KSPEC_ICS/GFA/Simul/kspec_gfa_controller/src/img/procimg
2025-09-19 16:11:11,930 [INFO] Deleted 0 raw files and 0 processed files.
2025-09-19 16:11:41,932 [INFO] Starting guiding sequence...
2025-09-19 16:11:41,934 [INFO] Grabbing raw image...
2025-09-19 16:11:46,936 [INFO] Running astrometry preprocessing...
2025-09-19 16:11:46,937 [INFO] Executing guider offset calculation...
2025-09-19 16:11:46,937 [INFO] Clearing temp astrometry data...
2025-09-19 16:11:46,938 [INFO] Deleting raw and processed files.
2025-09-19 16:11:46,939 [INFO] Deleted 0 files in directory: /media/shyunc/DATA/KSpec/KSPEC_ICS/GFA/Simul/kspec_gfa_controller/src/img/raw
2025-09-19 16:11:46,940 [INFO] Deleted 0 files in directory: /media/shyunc/DATA/KSpec/KSPEC_ICS/GFA/Simul/kspec_gfa_controller/src/img/procimg
2025-09-19 16:11:46,941 [INFO] Deleted 0 raw files and 0 processed files.
2025-09-19 16:34:54,424 [INFO] Querying camera statuses...
2025-09-19 16:35:28,976 [INFO] Querying camera statuses...
2025-09-19 18:24:32,956 [INFO] Querying camera statuses...
2025-09-19 18:26:13,148 [INFO] Image save path: /media/shyunc/DATA/KSpec/KSPEC_ICS/GFA/Simul/kspec_gfa_controller/src/img/grab/2025-09-19
2025-09-19 18:26:13,148 [INFO] Grabbing from camera 2 (ExpTime=3.0, Binning=4)
