2025-02-20 10:34:45,705 [INFO] Configuration file found: /media/shyunc/DATA/KSpec/KSPEC_ICS/GFA/Simul/kspec_gfa_controller/src/etc/cams.json (at gfa_actions.py)
2025-02-20 10:34:45,705 [INFO] Configuration file found: /media/shyunc/DATA/KSpec/KSPEC_ICS/GFA/Simul/kspec_gfa_controller/src/etc/astrometry_params.json (at gfa_actions.py)
2025-02-20 10:34:45,705 [INFO] Initializing gfa_astrometry class. (at gfa_actions.py)
2025-02-20 10:34:45,706 [INFO] Loaded 4 FITS files. (at gfa_actions.py)
2025-02-20 10:34:45,706 [INFO] Initializing GFAGuider... (at gfa_actions.py)
2025-02-20 10:34:45,706 [INFO] GFAGuider setup complete. (at gfa_actions.py)
2025-02-20 10:35:29,045 [INFO] Checking status of all cameras. (at gfa_actions.py)
2025-02-20 10:35:43,196 [INFO] Checking status of all cameras. (at gfa_actions.py)
2025-02-20 10:38:24,724 [INFO] Image save path: /media/shyunc/DATA/KSpec/KSPEC_ICS/GFA/Simul/kspec_gfa_controller/src/img/grab (at gfa_actions.py)
2025-02-20 10:38:24,724 [INFO] Grabbing image from ALL cameras (ExpTime=10.0, Binning=4). (at gfa_actions.py)
2025-02-20 10:38:33,340 [INFO] Image save path: /media/shyunc/DATA/KSpec/KSPEC_ICS/GFA/Simul/kspec_gfa_controller/src/img/grab (at gfa_actions.py)
2025-02-20 10:38:33,341 [INFO] Grabbing image from camera 1 (ExpTime=4.0, Binning=4). (at gfa_actions.py)
2025-02-20 10:44:43,646 [INFO] Image save path: /media/shyunc/DATA/KSpec/KSPEC_ICS/GFA/Simul/kspec_gfa_controller/src/img/grab (at gfa_actions.py)
2025-02-20 10:44:43,647 [INFO] Grabbing image from ALL cameras (ExpTime=10.0, Binning=4). (at gfa_actions.py)
2025-02-20 10:45:43,947 [INFO] Guiding starts... (at gfa_actions.py)
2025-02-20 10:45:43,948 [INFO] Step #1: Grab an image (uncomment if needed). (at gfa_actions.py)
2025-02-20 10:45:43,948 [INFO] Step #2: Astrometry... (at gfa_actions.py)
2025-02-20 10:45:43,949 [INFO] Step #3: Calculating the offset... (at gfa_actions.py)
2025-02-20 10:45:43,949 [INFO] Offsets calculated: fdx= $$, fdy=$$, FWHM=$$$ arcsec (at gfa_actions.py)
2025-02-20 10:46:13,981 [INFO] Guiding starts... (at gfa_actions.py)
2025-02-20 10:46:13,982 [INFO] Step #1: Grab an image (uncomment if needed). (at gfa_actions.py)
2025-02-20 10:46:13,983 [INFO] Step #2: Astrometry... (at gfa_actions.py)
2025-02-20 10:46:13,984 [INFO] Step #3: Calculating the offset... (at gfa_actions.py)
2025-02-20 10:46:13,984 [INFO] Offsets calculated: fdx= $$, fdy=$$, FWHM=$$$ arcsec (at gfa_actions.py)
2025-02-20 10:46:44,015 [INFO] Guiding starts... (at gfa_actions.py)
2025-02-20 10:46:44,016 [INFO] Step #1: Grab an image (uncomment if needed). (at gfa_actions.py)
2025-02-20 10:46:44,017 [INFO] Step #2: Astrometry... (at gfa_actions.py)
2025-02-20 10:46:44,017 [INFO] Step #3: Calculating the offset... (at gfa_actions.py)
2025-02-20 10:46:44,018 [INFO] Offsets calculated: fdx= $$, fdy=$$, FWHM=$$$ arcsec (at gfa_actions.py)
2025-02-20 15:07:15,947 [INFO] Configuration file found: /media/shyunc/DATA/KSpec/KSPEC_ICS/GFA/Simul/kspec_gfa_controller/src/etc/cams.json (at gfa_actions.py)
2025-02-20 15:07:15,947 [INFO] Configuration file found: /media/shyunc/DATA/KSpec/KSPEC_ICS/GFA/Simul/kspec_gfa_controller/src/etc/astrometry_params.json (at gfa_actions.py)
2025-02-20 15:07:15,947 [INFO] Initializing gfa_astrometry class. (at gfa_actions.py)
2025-02-20 15:07:15,947 [INFO] Loaded 4 FITS files. (at gfa_actions.py)
2025-02-20 15:07:15,947 [INFO] Initializing GFAGuider... (at gfa_actions.py)
2025-02-20 15:07:15,947 [INFO] GFAGuider setup complete. (at gfa_actions.py)
2025-02-20 15:07:22,923 [INFO] Checking status of all cameras. (at gfa_actions.py)
2025-02-20 16:36:23,456 [INFO] Configuration file found: /media/shyunc/DATA/KSpec/KSPEC_ICS/GFA/Simul/kspec_gfa_controller/src/etc/cams.json (at gfa_actions.py)
2025-02-20 16:36:23,456 [INFO] Configuration file found: /media/shyunc/DATA/KSpec/KSPEC_ICS/GFA/Simul/kspec_gfa_controller/src/etc/astrometry_params.json (at gfa_actions.py)
2025-02-20 16:36:23,456 [INFO] Initializing gfa_astrometry class. (at gfa_actions.py)
2025-02-20 16:36:23,456 [INFO] Loaded 4 FITS files. (at gfa_actions.py)
2025-02-20 16:36:23,456 [INFO] Initializing GFAGuider... (at gfa_actions.py)
2025-02-20 16:36:23,456 [INFO] GFAGuider setup complete. (at gfa_actions.py)
2025-02-20 16:36:33,599 [INFO] Checking status of all cameras. (at gfa_actions.py)
2025-02-20 16:37:07,798 [INFO] Image save path: /media/shyunc/DATA/KSpec/KSPEC_ICS/GFA/Simul/kspec_gfa_controller/src/img/grab (at gfa_actions.py)
2025-02-20 16:37:07,798 [INFO] Grabbing image from camera 3 (ExpTime=10.0, Binning=4). (at gfa_actions.py)
