2025-07-09 15:30:19,982 [INFO] Configuration file found: /media/shyunc/DATA/KSpec/KSPEC_ICS/GFA/Simul/kspec_gfa_controller/src/etc/cams.json (at gfa_actions.py)
2025-07-09 15:30:19,982 [INFO] Configuration file found: /media/shyunc/DATA/KSpec/KSPEC_ICS/GFA/Simul/kspec_gfa_controller/src/etc/astrometry_params.json (at gfa_actions.py)
2025-07-09 15:30:19,982 [INFO] Initializing gfa_astrometry class. (at gfa_actions.py)
2025-07-09 15:30:19,982 [INFO] Initializing GFAGuider... (at gfa_actions.py)
2025-07-09 15:30:19,983 [DEBUG] Processed dir: /media/shyunc/DATA/KSpec/KSPEC_ICS/GFA/Simul/kspec_gfa_controller/src/img/procimg (at gfa_actions.py)
2025-07-09 15:30:19,983 [DEBUG] Final astro dir: /media/shyunc/DATA/KSpec/KSPEC_ICS/GFA/Simul/kspec_gfa_controller/src/img/astroimg/ (at gfa_actions.py)
2025-07-09 15:30:19,983 [DEBUG] Cutout dir: /media/shyunc/DATA/KSpec/KSPEC_ICS/GFA/Simul/kspec_gfa_controller/src/img/cutout (at gfa_actions.py)
2025-07-09 15:30:19,983 [INFO] GFAGuider setup complete. (at gfa_actions.py)
2025-07-09 15:36:11,417 [INFO] Image save path: /media/shyunc/DATA/KSpec/KSPEC_ICS/GFA/Simul/kspec_gfa_controller/src/img/grab (at gfa_actions.py)
2025-07-09 15:36:11,417 [INFO] Grabbing from camera 1 (ExpTime=10.0, Binning=4, PacketSize=8192, IPD=367318, FTD_Base=0) (at gfa_actions.py)
2025-07-09 15:42:48,991 [INFO] Checking status of all cameras. (at gfa_actions.py)
2025-07-09 15:42:54,989 [INFO] Configuration file found: /media/shyunc/DATA/KSpec/KSPEC_ICS/GFA/Simul/kspec_gfa_controller/src/etc/cams.json (at gfa_actions.py)
2025-07-09 15:42:54,989 [INFO] Configuration file found: /media/shyunc/DATA/KSpec/KSPEC_ICS/GFA/Simul/kspec_gfa_controller/src/etc/astrometry_params.json (at gfa_actions.py)
2025-07-09 15:42:54,989 [INFO] Initializing gfa_astrometry class. (at gfa_actions.py)
2025-07-09 15:42:54,989 [INFO] Initializing GFAGuider... (at gfa_actions.py)
2025-07-09 15:42:54,990 [DEBUG] Processed dir: /media/shyunc/DATA/KSpec/KSPEC_ICS/GFA/Simul/kspec_gfa_controller/src/img/procimg (at gfa_actions.py)
2025-07-09 15:42:54,990 [DEBUG] Final astro dir: /media/shyunc/DATA/KSpec/KSPEC_ICS/GFA/Simul/kspec_gfa_controller/src/img/astroimg/ (at gfa_actions.py)
2025-07-09 15:42:54,990 [DEBUG] Cutout dir: /media/shyunc/DATA/KSpec/KSPEC_ICS/GFA/Simul/kspec_gfa_controller/src/img/cutout (at gfa_actions.py)
2025-07-09 15:42:54,990 [INFO] GFAGuider setup complete. (at gfa_actions.py)
2025-07-09 15:43:06,587 [INFO] Guiding starts... (at gfa_actions.py)
2025-07-09 15:43:11,618 [INFO] Astrometry preprocessing... (at gfa_actions.py)
2025-07-09 15:43:11,621 [DEBUG] Loaded 3 FITS files. (at gfa_actions.py)
2025-07-09 15:43:11,621 [INFO] Starting preprocessing for 3 files. (at gfa_actions.py)
2025-07-09 15:43:11,623 [INFO] No astrometry files found in /media/shyunc/DATA/KSpec/KSPEC_ICS/GFA/Simul/kspec_gfa_controller/src/img/astroimg/, starting astrometric processing. (at gfa_actions.py)
2025-07-09 15:43:11,624 [DEBUG] Starting combined function for file: KMTNge.20230905T094050.0001.fits. (at gfa_actions.py)
2025-07-09 15:43:11,624 [DEBUG] Processing file: KMTNge.20230905T094050.0001.fits (at gfa_actions.py)
2025-07-09 15:43:11,625 [DEBUG] Starting combined function for file: KMTNgn.20230905T094050.0001.fits. (at gfa_actions.py)
2025-07-09 15:43:11,625 [DEBUG] Starting combined function for file: KMTNgs.20230905T094050.0001.fits. (at gfa_actions.py)
2025-07-09 15:43:11,626 [DEBUG] Processing file: KMTNgn.20230905T094050.0001.fits (at gfa_actions.py)
2025-07-09 15:43:11,626 [DEBUG] Processing file: KMTNgs.20230905T094050.0001.fits (at gfa_actions.py)
2025-07-09 15:43:11,666 [INFO] Starting astrometry process for proc_KMTNge.20230905T094050.0001.fits. (at gfa_actions.py)
2025-07-09 15:43:11,666 [INFO] Starting astrometry process for proc_KMTNgs.20230905T094050.0001.fits. (at gfa_actions.py)
2025-07-09 15:43:11,666 [INFO] Starting astrometry process for proc_KMTNgn.20230905T094050.0001.fits. (at gfa_actions.py)
2025-07-09 15:43:11,666 [ERROR] Error processing KMTNge.20230905T094050.0001.fits: solve-field not found! Ensure it is installed and in PATH. (at gfa_actions.py)
2025-07-09 15:43:11,667 [ERROR] Error processing KMTNgs.20230905T094050.0001.fits: solve-field not found! Ensure it is installed and in PATH. (at gfa_actions.py)
2025-07-09 15:43:11,667 [ERROR] Error processing KMTNgn.20230905T094050.0001.fits: solve-field not found! Ensure it is installed and in PATH. (at gfa_actions.py)
2025-07-09 15:43:11,667 [DEBUG] CRVAL1 results: [] (at gfa_actions.py)
2025-07-09 15:43:11,667 [DEBUG] CRVAL2 results: [] (at gfa_actions.py)
2025-07-09 15:43:11,667 [WARNING] Failed to process 3 files: ['KMTNge.20230905T094050.0001.fits', 'KMTNgs.20230905T094050.0001.fits', 'KMTNgn.20230905T094050.0001.fits'] (at gfa_actions.py)
2025-07-09 15:43:11,667 [INFO] Starting star catalog generation. (at gfa_actions.py)
2025-07-09 15:43:11,667 [DEBUG] Found 0 .corr files in /media/shyunc/DATA/KSpec/KSPEC_ICS/GFA/Simul/kspec_gfa_controller/src/img/tempfiles. (at gfa_actions.py)
2025-07-09 15:43:11,667 [ERROR] No .corr files found in the temp directory. (at gfa_actions.py)
2025-07-09 15:43:11,667 [INFO] Removing temporary files. (at gfa_actions.py)
2025-07-09 15:43:11,667 [DEBUG] Temporary files removed from /media/shyunc/DATA/KSpec/KSPEC_ICS/GFA/Simul/kspec_gfa_controller/src/img/tempfiles. (at gfa_actions.py)
2025-07-09 15:43:11,667 [INFO] All files processed in 0.05 seconds. (at gfa_actions.py)
2025-07-09 15:43:11,667 [INFO] Preprocessing completed. (at gfa_actions.py)
2025-07-09 15:43:11,667 [INFO] Calculating guider offsets... (at gfa_actions.py)
2025-07-09 15:43:11,668 [INFO] Starting guide star calibration process. (at gfa_actions.py)
2025-07-09 15:43:11,668 [ERROR] No astrometry FITS files found in /media/shyunc/DATA/KSpec/KSPEC_ICS/GFA/Simul/kspec_gfa_controller/src/img/astroimg/. Calibration aborted. (at gfa_actions.py)
2025-07-09 15:43:11,668 [INFO] Clearing raw and processed files after guiding... (at gfa_actions.py)
2025-07-09 15:43:11,668 [INFO] Deleting raw and processed files. (at gfa_actions.py)
2025-07-09 15:43:11,668 [DEBUG] Deleted file: /media/shyunc/DATA/KSpec/KSPEC_ICS/GFA/Simul/kspec_gfa_controller/src/img/raw/filelist.dat (at gfa_actions.py)
2025-07-09 15:43:11,668 [DEBUG] Deleted file: /media/shyunc/DATA/KSpec/KSPEC_ICS/GFA/Simul/kspec_gfa_controller/src/img/raw/KMTNge.20230905T094050.0001.fits (at gfa_actions.py)
2025-07-09 15:43:11,668 [DEBUG] Deleted file: /media/shyunc/DATA/KSpec/KSPEC_ICS/GFA/Simul/kspec_gfa_controller/src/img/raw/KMTNgn.20230905T094050.0001.fits (at gfa_actions.py)
2025-07-09 15:43:11,668 [DEBUG] Deleted file: /media/shyunc/DATA/KSpec/KSPEC_ICS/GFA/Simul/kspec_gfa_controller/src/img/raw/KMTNgs.20230905T094050.0001.fits (at gfa_actions.py)
2025-07-09 15:43:11,668 [INFO] Deleted 4 files in directory: /media/shyunc/DATA/KSpec/KSPEC_ICS/GFA/Simul/kspec_gfa_controller/src/img/raw (at gfa_actions.py)
2025-07-09 15:43:11,669 [DEBUG] Deleted file: /media/shyunc/DATA/KSpec/KSPEC_ICS/GFA/Simul/kspec_gfa_controller/src/img/procimg/proc_KMTNge.20230905T094050.0001.fits (at gfa_actions.py)
2025-07-09 15:43:11,669 [DEBUG] Deleted file: /media/shyunc/DATA/KSpec/KSPEC_ICS/GFA/Simul/kspec_gfa_controller/src/img/procimg/proc_KMTNgn.20230905T094050.0001.fits (at gfa_actions.py)
2025-07-09 15:43:11,669 [DEBUG] Deleted file: /media/shyunc/DATA/KSpec/KSPEC_ICS/GFA/Simul/kspec_gfa_controller/src/img/procimg/proc_KMTNgs.20230905T094050.0001.fits (at gfa_actions.py)
2025-07-09 15:43:11,669 [INFO] Deleted 3 files in directory: /media/shyunc/DATA/KSpec/KSPEC_ICS/GFA/Simul/kspec_gfa_controller/src/img/procimg (at gfa_actions.py)
2025-07-09 15:43:11,669 [INFO] Deleted 4 raw files and 3 processed files. (at gfa_actions.py)
2025-07-09 15:44:11,688 [INFO] Guiding starts... (at gfa_actions.py)
2025-07-09 15:44:16,715 [INFO] Astrometry preprocessing... (at gfa_actions.py)
2025-07-09 15:44:16,717 [DEBUG] Loaded 3 FITS files. (at gfa_actions.py)
2025-07-09 15:44:16,718 [INFO] Starting preprocessing for 3 files. (at gfa_actions.py)
2025-07-09 15:44:16,720 [INFO] No astrometry files found in /media/shyunc/DATA/KSpec/KSPEC_ICS/GFA/Simul/kspec_gfa_controller/src/img/astroimg/, starting astrometric processing. (at gfa_actions.py)
2025-07-09 15:44:16,721 [DEBUG] Starting combined function for file: KMTNge.20230905T094259.0001.fits. (at gfa_actions.py)
2025-07-09 15:44:16,722 [DEBUG] Processing file: KMTNge.20230905T094259.0001.fits (at gfa_actions.py)
2025-07-09 15:44:16,722 [DEBUG] Starting combined function for file: KMTNgn.20230905T094259.0001.fits. (at gfa_actions.py)
2025-07-09 15:44:16,723 [DEBUG] Starting combined function for file: KMTNgs.20230905T094259.0001.fits. (at gfa_actions.py)
2025-07-09 15:44:16,723 [DEBUG] Processing file: KMTNgn.20230905T094259.0001.fits (at gfa_actions.py)
2025-07-09 15:44:16,724 [DEBUG] Processing file: KMTNgs.20230905T094259.0001.fits (at gfa_actions.py)
2025-07-09 15:44:16,754 [INFO] Starting astrometry process for proc_KMTNge.20230905T094259.0001.fits. (at gfa_actions.py)
2025-07-09 15:44:16,755 [ERROR] Error processing KMTNge.20230905T094259.0001.fits: solve-field not found! Ensure it is installed and in PATH. (at gfa_actions.py)
2025-07-09 15:44:16,755 [INFO] Starting astrometry process for proc_KMTNgs.20230905T094259.0001.fits. (at gfa_actions.py)
2025-07-09 15:44:16,755 [INFO] Starting astrometry process for proc_KMTNgn.20230905T094259.0001.fits. (at gfa_actions.py)
2025-07-09 15:44:16,755 [ERROR] Error processing KMTNgs.20230905T094259.0001.fits: solve-field not found! Ensure it is installed and in PATH. (at gfa_actions.py)
2025-07-09 15:44:16,755 [ERROR] Error processing KMTNgn.20230905T094259.0001.fits: solve-field not found! Ensure it is installed and in PATH. (at gfa_actions.py)
2025-07-09 15:44:16,756 [DEBUG] CRVAL1 results: [] (at gfa_actions.py)
2025-07-09 15:44:16,756 [DEBUG] CRVAL2 results: [] (at gfa_actions.py)
2025-07-09 15:44:16,756 [WARNING] Failed to process 3 files: ['KMTNge.20230905T094259.0001.fits', 'KMTNgs.20230905T094259.0001.fits', 'KMTNgn.20230905T094259.0001.fits'] (at gfa_actions.py)
2025-07-09 15:44:16,756 [INFO] Starting star catalog generation. (at gfa_actions.py)
2025-07-09 15:44:16,756 [DEBUG] Found 0 .corr files in /media/shyunc/DATA/KSpec/KSPEC_ICS/GFA/Simul/kspec_gfa_controller/src/img/tempfiles. (at gfa_actions.py)
2025-07-09 15:44:16,756 [ERROR] No .corr files found in the temp directory. (at gfa_actions.py)
2025-07-09 15:44:16,756 [INFO] Removing temporary files. (at gfa_actions.py)
2025-07-09 15:44:16,757 [DEBUG] Temporary files removed from /media/shyunc/DATA/KSpec/KSPEC_ICS/GFA/Simul/kspec_gfa_controller/src/img/tempfiles. (at gfa_actions.py)
2025-07-09 15:44:16,757 [INFO] All files processed in 0.04 seconds. (at gfa_actions.py)
2025-07-09 15:44:16,757 [INFO] Preprocessing completed. (at gfa_actions.py)
2025-07-09 15:44:16,757 [INFO] Calculating guider offsets... (at gfa_actions.py)
2025-07-09 15:44:16,757 [INFO] Starting guide star calibration process. (at gfa_actions.py)
2025-07-09 15:44:16,757 [ERROR] No astrometry FITS files found in /media/shyunc/DATA/KSpec/KSPEC_ICS/GFA/Simul/kspec_gfa_controller/src/img/astroimg/. Calibration aborted. (at gfa_actions.py)
2025-07-09 15:44:16,757 [INFO] Clearing raw and processed files after guiding... (at gfa_actions.py)
2025-07-09 15:44:16,757 [INFO] Deleting raw and processed files. (at gfa_actions.py)
2025-07-09 15:44:16,757 [DEBUG] Deleted file: /media/shyunc/DATA/KSpec/KSPEC_ICS/GFA/Simul/kspec_gfa_controller/src/img/raw/KMTNge.20230905T094259.0001.fits (at gfa_actions.py)
2025-07-09 15:44:16,757 [DEBUG] Deleted file: /media/shyunc/DATA/KSpec/KSPEC_ICS/GFA/Simul/kspec_gfa_controller/src/img/raw/KMTNgn.20230905T094259.0001.fits (at gfa_actions.py)
2025-07-09 15:44:16,757 [DEBUG] Deleted file: /media/shyunc/DATA/KSpec/KSPEC_ICS/GFA/Simul/kspec_gfa_controller/src/img/raw/KMTNgs.20230905T094259.0001.fits (at gfa_actions.py)
2025-07-09 15:44:16,757 [INFO] Deleted 3 files in directory: /media/shyunc/DATA/KSpec/KSPEC_ICS/GFA/Simul/kspec_gfa_controller/src/img/raw (at gfa_actions.py)
2025-07-09 15:44:16,758 [DEBUG] Deleted file: /media/shyunc/DATA/KSpec/KSPEC_ICS/GFA/Simul/kspec_gfa_controller/src/img/procimg/proc_KMTNge.20230905T094259.0001.fits (at gfa_actions.py)
2025-07-09 15:44:16,758 [DEBUG] Deleted file: /media/shyunc/DATA/KSpec/KSPEC_ICS/GFA/Simul/kspec_gfa_controller/src/img/procimg/proc_KMTNgn.20230905T094259.0001.fits (at gfa_actions.py)
2025-07-09 15:44:16,758 [DEBUG] Deleted file: /media/shyunc/DATA/KSpec/KSPEC_ICS/GFA/Simul/kspec_gfa_controller/src/img/procimg/proc_KMTNgs.20230905T094259.0001.fits (at gfa_actions.py)
2025-07-09 15:44:16,758 [INFO] Deleted 3 files in directory: /media/shyunc/DATA/KSpec/KSPEC_ICS/GFA/Simul/kspec_gfa_controller/src/img/procimg (at gfa_actions.py)
2025-07-09 15:44:16,758 [INFO] Deleted 3 raw files and 3 processed files. (at gfa_actions.py)
2025-07-09 15:44:39,787 [INFO] Configuration file found: /media/shyunc/DATA/KSpec/KSPEC_ICS/GFA/Simul/kspec_gfa_controller/src/etc/cams.json (at gfa_actions.py)
2025-07-09 15:44:39,787 [INFO] Configuration file found: /media/shyunc/DATA/KSpec/KSPEC_ICS/GFA/Simul/kspec_gfa_controller/src/etc/astrometry_params.json (at gfa_actions.py)
2025-07-09 15:44:39,787 [INFO] Initializing gfa_astrometry class. (at gfa_actions.py)
2025-07-09 15:44:39,788 [INFO] Initializing GFAGuider... (at gfa_actions.py)
2025-07-09 15:44:39,788 [DEBUG] Processed dir: /media/shyunc/DATA/KSpec/KSPEC_ICS/GFA/Simul/kspec_gfa_controller/src/img/procimg (at gfa_actions.py)
2025-07-09 15:44:39,788 [DEBUG] Final astro dir: /media/shyunc/DATA/KSpec/KSPEC_ICS/GFA/Simul/kspec_gfa_controller/src/img/astroimg/ (at gfa_actions.py)
2025-07-09 15:44:39,788 [DEBUG] Cutout dir: /media/shyunc/DATA/KSpec/KSPEC_ICS/GFA/Simul/kspec_gfa_controller/src/img/cutout (at gfa_actions.py)
2025-07-09 15:44:39,788 [INFO] GFAGuider setup complete. (at gfa_actions.py)
2025-07-09 15:47:48,615 [INFO] Configuration file found: /media/shyunc/DATA/KSpec/KSPEC_ICS/GFA/Simul/kspec_gfa_controller/src/etc/cams.json (at gfa_actions.py)
2025-07-09 15:47:48,615 [INFO] Configuration file found: /media/shyunc/DATA/KSpec/KSPEC_ICS/GFA/Simul/kspec_gfa_controller/src/etc/astrometry_params.json (at gfa_actions.py)
2025-07-09 15:47:48,615 [INFO] Initializing gfa_astrometry class. (at gfa_actions.py)
2025-07-09 15:47:48,615 [INFO] Initializing GFAGuider... (at gfa_actions.py)
2025-07-09 15:47:48,616 [DEBUG] Processed dir: /media/shyunc/DATA/KSpec/KSPEC_ICS/GFA/Simul/kspec_gfa_controller/src/img/procimg (at gfa_actions.py)
2025-07-09 15:47:48,616 [DEBUG] Final astro dir: /media/shyunc/DATA/KSpec/KSPEC_ICS/GFA/Simul/kspec_gfa_controller/src/img/astroimg/ (at gfa_actions.py)
2025-07-09 15:47:48,616 [DEBUG] Cutout dir: /media/shyunc/DATA/KSpec/KSPEC_ICS/GFA/Simul/kspec_gfa_controller/src/img/cutout (at gfa_actions.py)
2025-07-09 15:47:48,616 [INFO] GFAGuider setup complete. (at gfa_actions.py)
2025-07-09 15:48:11,528 [INFO] Image save path: /media/shyunc/DATA/KSpec/KSPEC_ICS/GFA/Simul/kspec_gfa_controller/src/img/grab (at gfa_actions.py)
2025-07-09 15:48:11,529 [INFO] Grabbing from camera 1 (ExpTime=20.0, Binning=4, PacketSize=8192, IPD=367318, FTD_Base=0) (at gfa_actions.py)
2025-07-09 16:00:08,293 [INFO] Guiding starts... (at gfa_actions.py)
2025-07-09 16:00:13,323 [INFO] Astrometry preprocessing... (at gfa_actions.py)
2025-07-09 16:00:13,325 [DEBUG] Loaded 3 FITS files. (at gfa_actions.py)
2025-07-09 16:00:13,326 [INFO] Starting preprocessing for 3 files. (at gfa_actions.py)
2025-07-09 16:00:13,326 [INFO] No astrometry files found in /media/shyunc/DATA/KSpec/KSPEC_ICS/GFA/Simul/kspec_gfa_controller/src/img/astroimg/, starting astrometric processing. (at gfa_actions.py)
2025-07-09 16:00:13,327 [DEBUG] Starting combined function for file: KMTNge.20230905T094050.0001.fits. (at gfa_actions.py)
2025-07-09 16:00:13,328 [DEBUG] Processing file: KMTNge.20230905T094050.0001.fits (at gfa_actions.py)
2025-07-09 16:00:13,328 [DEBUG] Starting combined function for file: KMTNgn.20230905T094050.0001.fits. (at gfa_actions.py)
2025-07-09 16:00:13,329 [DEBUG] Starting combined function for file: KMTNgs.20230905T094050.0001.fits. (at gfa_actions.py)
2025-07-09 16:00:13,329 [DEBUG] Processing file: KMTNgn.20230905T094050.0001.fits (at gfa_actions.py)
2025-07-09 16:00:13,330 [DEBUG] Processing file: KMTNgs.20230905T094050.0001.fits (at gfa_actions.py)
2025-07-09 16:00:13,399 [INFO] Starting astrometry process for proc_KMTNge.20230905T094050.0001.fits. (at gfa_actions.py)
2025-07-09 16:00:13,399 [ERROR] Error processing KMTNge.20230905T094050.0001.fits: solve-field not found! Ensure it is installed and in PATH. (at gfa_actions.py)
2025-07-09 16:00:13,400 [INFO] Starting astrometry process for proc_KMTNgn.20230905T094050.0001.fits. (at gfa_actions.py)
2025-07-09 16:00:13,400 [INFO] Starting astrometry process for proc_KMTNgs.20230905T094050.0001.fits. (at gfa_actions.py)
2025-07-09 16:00:13,400 [ERROR] Error processing KMTNgn.20230905T094050.0001.fits: solve-field not found! Ensure it is installed and in PATH. (at gfa_actions.py)
2025-07-09 16:00:13,400 [ERROR] Error processing KMTNgs.20230905T094050.0001.fits: solve-field not found! Ensure it is installed and in PATH. (at gfa_actions.py)
2025-07-09 16:00:13,400 [DEBUG] CRVAL1 results: [] (at gfa_actions.py)
2025-07-09 16:00:13,400 [DEBUG] CRVAL2 results: [] (at gfa_actions.py)
2025-07-09 16:00:13,400 [WARNING] Failed to process 3 files: ['KMTNge.20230905T094050.0001.fits', 'KMTNgn.20230905T094050.0001.fits', 'KMTNgs.20230905T094050.0001.fits'] (at gfa_actions.py)
2025-07-09 16:00:13,400 [INFO] Starting star catalog generation. (at gfa_actions.py)
2025-07-09 16:00:13,401 [DEBUG] Found 0 .corr files in /media/shyunc/DATA/KSpec/KSPEC_ICS/GFA/Simul/kspec_gfa_controller/src/img/tempfiles. (at gfa_actions.py)
2025-07-09 16:00:13,401 [ERROR] No .corr files found in the temp directory. (at gfa_actions.py)
2025-07-09 16:00:13,401 [INFO] Removing temporary files. (at gfa_actions.py)
2025-07-09 16:00:13,401 [DEBUG] Temporary files removed from /media/shyunc/DATA/KSpec/KSPEC_ICS/GFA/Simul/kspec_gfa_controller/src/img/tempfiles. (at gfa_actions.py)
2025-07-09 16:00:13,401 [INFO] All files processed in 0.08 seconds. (at gfa_actions.py)
2025-07-09 16:00:13,401 [INFO] Preprocessing completed. (at gfa_actions.py)
2025-07-09 16:00:13,401 [INFO] Calculating guider offsets... (at gfa_actions.py)
2025-07-09 16:00:13,401 [INFO] Starting guide star calibration process. (at gfa_actions.py)
2025-07-09 16:00:13,401 [ERROR] No astrometry FITS files found in /media/shyunc/DATA/KSpec/KSPEC_ICS/GFA/Simul/kspec_gfa_controller/src/img/astroimg/. Calibration aborted. (at gfa_actions.py)
2025-07-09 16:00:13,401 [INFO] Clearing raw and processed files after guiding... (at gfa_actions.py)
2025-07-09 16:00:13,401 [INFO] Deleting raw and processed files. (at gfa_actions.py)
2025-07-09 16:00:13,401 [DEBUG] Deleted file: /media/shyunc/DATA/KSpec/KSPEC_ICS/GFA/Simul/kspec_gfa_controller/src/img/raw/KMTNge.20230905T094050.0001.fits (at gfa_actions.py)
2025-07-09 16:00:13,401 [DEBUG] Deleted file: /media/shyunc/DATA/KSpec/KSPEC_ICS/GFA/Simul/kspec_gfa_controller/src/img/raw/KMTNgn.20230905T094050.0001.fits (at gfa_actions.py)
2025-07-09 16:00:13,402 [DEBUG] Deleted file: /media/shyunc/DATA/KSpec/KSPEC_ICS/GFA/Simul/kspec_gfa_controller/src/img/raw/KMTNgs.20230905T094050.0001.fits (at gfa_actions.py)
2025-07-09 16:00:13,402 [INFO] Deleted 3 files in directory: /media/shyunc/DATA/KSpec/KSPEC_ICS/GFA/Simul/kspec_gfa_controller/src/img/raw (at gfa_actions.py)
2025-07-09 16:00:13,402 [DEBUG] Deleted file: /media/shyunc/DATA/KSpec/KSPEC_ICS/GFA/Simul/kspec_gfa_controller/src/img/procimg/proc_KMTNge.20230905T094050.0001.fits (at gfa_actions.py)
2025-07-09 16:00:13,402 [DEBUG] Deleted file: /media/shyunc/DATA/KSpec/KSPEC_ICS/GFA/Simul/kspec_gfa_controller/src/img/procimg/proc_KMTNgn.20230905T094050.0001.fits (at gfa_actions.py)
2025-07-09 16:00:13,402 [DEBUG] Deleted file: /media/shyunc/DATA/KSpec/KSPEC_ICS/GFA/Simul/kspec_gfa_controller/src/img/procimg/proc_KMTNgs.20230905T094050.0001.fits (at gfa_actions.py)
2025-07-09 16:00:13,402 [INFO] Deleted 3 files in directory: /media/shyunc/DATA/KSpec/KSPEC_ICS/GFA/Simul/kspec_gfa_controller/src/img/procimg (at gfa_actions.py)
2025-07-09 16:00:13,402 [INFO] Deleted 3 raw files and 3 processed files. (at gfa_actions.py)
2025-07-09 16:08:06,704 [INFO] Configuration file found: /media/shyunc/DATA/KSpec/KSPEC_ICS/GFA/Simul/kspec_gfa_controller/src/etc/cams.json (at gfa_actions.py)
2025-07-09 16:08:06,704 [INFO] Configuration file found: /media/shyunc/DATA/KSpec/KSPEC_ICS/GFA/Simul/kspec_gfa_controller/src/etc/astrometry_params.json (at gfa_actions.py)
2025-07-09 16:08:06,704 [INFO] Initializing gfa_astrometry class. (at gfa_actions.py)
2025-07-09 16:08:06,704 [INFO] Initializing GFAGuider... (at gfa_actions.py)
2025-07-09 16:08:06,704 [DEBUG] Processed dir: /media/shyunc/DATA/KSpec/KSPEC_ICS/GFA/Simul/kspec_gfa_controller/src/img/procimg (at gfa_actions.py)
2025-07-09 16:08:06,705 [DEBUG] Final astro dir: /media/shyunc/DATA/KSpec/KSPEC_ICS/GFA/Simul/kspec_gfa_controller/src/img/astroimg/ (at gfa_actions.py)
2025-07-09 16:08:06,705 [DEBUG] Cutout dir: /media/shyunc/DATA/KSpec/KSPEC_ICS/GFA/Simul/kspec_gfa_controller/src/img/cutout (at gfa_actions.py)
2025-07-09 16:08:06,705 [INFO] GFAGuider setup complete. (at gfa_actions.py)
2025-07-09 16:08:16,590 [INFO] Guiding starts... (at gfa_actions.py)
2025-07-09 16:08:21,618 [INFO] Astrometry preprocessing... (at gfa_actions.py)
2025-07-09 16:08:21,621 [DEBUG] Loaded 3 FITS files. (at gfa_actions.py)
2025-07-09 16:08:21,621 [INFO] Starting preprocessing for 3 files. (at gfa_actions.py)
2025-07-09 16:08:21,622 [INFO] No astrometry files found in /media/shyunc/DATA/KSpec/KSPEC_ICS/GFA/Simul/kspec_gfa_controller/src/img/astroimg/, starting astrometric processing. (at gfa_actions.py)
2025-07-09 16:08:21,622 [DEBUG] Starting combined function for file: KMTNge.20230905T094050.0001.fits. (at gfa_actions.py)
2025-07-09 16:08:21,623 [DEBUG] Processing file: KMTNge.20230905T094050.0001.fits (at gfa_actions.py)
2025-07-09 16:08:21,623 [DEBUG] Starting combined function for file: KMTNgn.20230905T094050.0001.fits. (at gfa_actions.py)
2025-07-09 16:08:21,624 [DEBUG] Starting combined function for file: KMTNgs.20230905T094050.0001.fits. (at gfa_actions.py)
2025-07-09 16:08:21,624 [DEBUG] Processing file: KMTNgn.20230905T094050.0001.fits (at gfa_actions.py)
2025-07-09 16:08:21,625 [DEBUG] Processing file: KMTNgs.20230905T094050.0001.fits (at gfa_actions.py)
2025-07-09 16:08:21,657 [INFO] Starting astrometry process for proc_KMTNge.20230905T094050.0001.fits. (at gfa_actions.py)
2025-07-09 16:08:21,658 [ERROR] Error processing KMTNge.20230905T094050.0001.fits: solve-field not found! Ensure it is installed and in PATH. (at gfa_actions.py)
2025-07-09 16:08:21,661 [INFO] Starting astrometry process for proc_KMTNgn.20230905T094050.0001.fits. (at gfa_actions.py)
2025-07-09 16:08:21,662 [INFO] Starting astrometry process for proc_KMTNgs.20230905T094050.0001.fits. (at gfa_actions.py)
2025-07-09 16:08:21,662 [ERROR] Error processing KMTNgn.20230905T094050.0001.fits: solve-field not found! Ensure it is installed and in PATH. (at gfa_actions.py)
2025-07-09 16:08:21,662 [ERROR] Error processing KMTNgs.20230905T094050.0001.fits: solve-field not found! Ensure it is installed and in PATH. (at gfa_actions.py)
2025-07-09 16:08:21,662 [DEBUG] CRVAL1 results: [] (at gfa_actions.py)
2025-07-09 16:08:21,662 [DEBUG] CRVAL2 results: [] (at gfa_actions.py)
2025-07-09 16:08:21,662 [WARNING] Failed to process 3 files: ['KMTNge.20230905T094050.0001.fits', 'KMTNgn.20230905T094050.0001.fits', 'KMTNgs.20230905T094050.0001.fits'] (at gfa_actions.py)
2025-07-09 16:08:21,662 [INFO] Starting star catalog generation. (at gfa_actions.py)
2025-07-09 16:08:21,662 [DEBUG] Found 0 .corr files in /media/shyunc/DATA/KSpec/KSPEC_ICS/GFA/Simul/kspec_gfa_controller/src/img/tempfiles. (at gfa_actions.py)
2025-07-09 16:08:21,662 [ERROR] No .corr files found in the temp directory. (at gfa_actions.py)
2025-07-09 16:08:21,663 [INFO] Removing temporary files. (at gfa_actions.py)
2025-07-09 16:08:21,663 [DEBUG] Temporary files removed from /media/shyunc/DATA/KSpec/KSPEC_ICS/GFA/Simul/kspec_gfa_controller/src/img/tempfiles. (at gfa_actions.py)
2025-07-09 16:08:21,663 [INFO] All files processed in 0.04 seconds. (at gfa_actions.py)
2025-07-09 16:08:21,663 [INFO] Preprocessing completed. (at gfa_actions.py)
2025-07-09 16:08:21,663 [INFO] Calculating guider offsets... (at gfa_actions.py)
2025-07-09 16:08:21,663 [INFO] Starting guide star calibration process. (at gfa_actions.py)
2025-07-09 16:08:21,663 [ERROR] No astrometry FITS files found in /media/shyunc/DATA/KSpec/KSPEC_ICS/GFA/Simul/kspec_gfa_controller/src/img/astroimg/. Calibration aborted. (at gfa_actions.py)
2025-07-09 16:08:21,663 [INFO] Clearing raw and processed files after guiding... (at gfa_actions.py)
2025-07-09 16:08:21,663 [INFO] Deleting raw and processed files. (at gfa_actions.py)
2025-07-09 16:08:21,663 [DEBUG] Deleted file: /media/shyunc/DATA/KSpec/KSPEC_ICS/GFA/Simul/kspec_gfa_controller/src/img/raw/KMTNge.20230905T094050.0001.fits (at gfa_actions.py)
2025-07-09 16:08:21,663 [DEBUG] Deleted file: /media/shyunc/DATA/KSpec/KSPEC_ICS/GFA/Simul/kspec_gfa_controller/src/img/raw/KMTNgn.20230905T094050.0001.fits (at gfa_actions.py)
2025-07-09 16:08:21,664 [DEBUG] Deleted file: /media/shyunc/DATA/KSpec/KSPEC_ICS/GFA/Simul/kspec_gfa_controller/src/img/raw/KMTNgs.20230905T094050.0001.fits (at gfa_actions.py)
2025-07-09 16:08:21,664 [INFO] Deleted 3 files in directory: /media/shyunc/DATA/KSpec/KSPEC_ICS/GFA/Simul/kspec_gfa_controller/src/img/raw (at gfa_actions.py)
2025-07-09 16:08:21,664 [DEBUG] Deleted file: /media/shyunc/DATA/KSpec/KSPEC_ICS/GFA/Simul/kspec_gfa_controller/src/img/procimg/proc_KMTNge.20230905T094050.0001.fits (at gfa_actions.py)
2025-07-09 16:08:21,664 [DEBUG] Deleted file: /media/shyunc/DATA/KSpec/KSPEC_ICS/GFA/Simul/kspec_gfa_controller/src/img/procimg/proc_KMTNgn.20230905T094050.0001.fits (at gfa_actions.py)
2025-07-09 16:08:21,664 [DEBUG] Deleted file: /media/shyunc/DATA/KSpec/KSPEC_ICS/GFA/Simul/kspec_gfa_controller/src/img/procimg/proc_KMTNgs.20230905T094050.0001.fits (at gfa_actions.py)
2025-07-09 16:08:21,664 [INFO] Deleted 3 files in directory: /media/shyunc/DATA/KSpec/KSPEC_ICS/GFA/Simul/kspec_gfa_controller/src/img/procimg (at gfa_actions.py)
2025-07-09 16:08:21,664 [INFO] Deleted 3 raw files and 3 processed files. (at gfa_actions.py)
2025-07-10 14:23:04,798 [INFO] Guiding starts... (at gfa_actions.py)
2025-07-10 14:23:09,822 [INFO] Astrometry preprocessing... (at gfa_actions.py)
2025-07-10 14:23:09,823 [DEBUG] Loaded 3 FITS files. (at gfa_actions.py)
2025-07-10 14:23:09,823 [INFO] Starting preprocessing for 3 files. (at gfa_actions.py)
2025-07-10 14:23:09,824 [INFO] No astrometry files found in /media/shyunc/DATA/KSpec/KSPEC_ICS/GFA/Simul/kspec_gfa_controller/src/img/astroimg/, starting astrometric processing. (at gfa_actions.py)
2025-07-10 14:23:09,824 [DEBUG] Starting combined function for file: KMTNge.20230905T094259.0001.fits. (at gfa_actions.py)
2025-07-10 14:23:09,824 [DEBUG] Starting combined function for file: KMTNgn.20230905T094259.0001.fits. (at gfa_actions.py)
2025-07-10 14:23:09,825 [DEBUG] Processing file: KMTNgn.20230905T094259.0001.fits (at gfa_actions.py)
2025-07-10 14:23:09,825 [DEBUG] Starting combined function for file: KMTNgs.20230905T094259.0001.fits. (at gfa_actions.py)
2025-07-10 14:23:09,825 [DEBUG] Processing file: KMTNgs.20230905T094259.0001.fits (at gfa_actions.py)
2025-07-10 14:23:09,825 [DEBUG] Processing file: KMTNge.20230905T094259.0001.fits (at gfa_actions.py)
2025-07-10 14:23:09,860 [INFO] Starting astrometry process for proc_KMTNgs.20230905T094259.0001.fits. (at gfa_actions.py)
2025-07-10 14:23:09,860 [INFO] Starting astrometry process for proc_KMTNge.20230905T094259.0001.fits. (at gfa_actions.py)
2025-07-10 14:23:09,860 [INFO] Starting astrometry process for proc_KMTNgn.20230905T094259.0001.fits. (at gfa_actions.py)
2025-07-10 14:23:09,860 [ERROR] Error processing KMTNgs.20230905T094259.0001.fits: solve-field not found! Ensure it is installed and in PATH. (at gfa_actions.py)
2025-07-10 14:23:09,860 [ERROR] Error processing KMTNge.20230905T094259.0001.fits: solve-field not found! Ensure it is installed and in PATH. (at gfa_actions.py)
2025-07-10 14:23:09,860 [ERROR] Error processing KMTNgn.20230905T094259.0001.fits: solve-field not found! Ensure it is installed and in PATH. (at gfa_actions.py)
2025-07-10 14:23:09,861 [DEBUG] CRVAL1 results: [] (at gfa_actions.py)
2025-07-10 14:23:09,861 [DEBUG] CRVAL2 results: [] (at gfa_actions.py)
2025-07-10 14:23:09,861 [WARNING] Failed to process 3 files: ['KMTNgs.20230905T094259.0001.fits', 'KMTNge.20230905T094259.0001.fits', 'KMTNgn.20230905T094259.0001.fits'] (at gfa_actions.py)
2025-07-10 14:23:09,861 [INFO] Starting star catalog generation. (at gfa_actions.py)
2025-07-10 14:23:09,861 [DEBUG] Found 0 .corr files in /media/shyunc/DATA/KSpec/KSPEC_ICS/GFA/Simul/kspec_gfa_controller/src/img/tempfiles. (at gfa_actions.py)
2025-07-10 14:23:09,861 [ERROR] No .corr files found in the temp directory. (at gfa_actions.py)
2025-07-10 14:23:09,861 [INFO] Removing temporary files. (at gfa_actions.py)
2025-07-10 14:23:09,861 [DEBUG] Temporary files removed from /media/shyunc/DATA/KSpec/KSPEC_ICS/GFA/Simul/kspec_gfa_controller/src/img/tempfiles. (at gfa_actions.py)
2025-07-10 14:23:09,861 [INFO] All files processed in 0.04 seconds. (at gfa_actions.py)
2025-07-10 14:23:09,861 [INFO] Preprocessing completed. (at gfa_actions.py)
2025-07-10 14:23:09,861 [INFO] Calculating guider offsets... (at gfa_actions.py)
2025-07-10 14:23:09,861 [INFO] Starting guide star calibration process. (at gfa_actions.py)
2025-07-10 14:23:09,862 [ERROR] No astrometry FITS files found in /media/shyunc/DATA/KSpec/KSPEC_ICS/GFA/Simul/kspec_gfa_controller/src/img/astroimg/. Calibration aborted. (at gfa_actions.py)
2025-07-10 14:23:09,862 [INFO] Clearing raw and processed files after guiding... (at gfa_actions.py)
2025-07-10 14:23:09,862 [INFO] Deleting raw and processed files. (at gfa_actions.py)
2025-07-10 14:23:09,862 [DEBUG] Deleted file: /media/shyunc/DATA/KSpec/KSPEC_ICS/GFA/Simul/kspec_gfa_controller/src/img/raw/KMTNge.20230905T094259.0001.fits (at gfa_actions.py)
2025-07-10 14:23:09,862 [DEBUG] Deleted file: /media/shyunc/DATA/KSpec/KSPEC_ICS/GFA/Simul/kspec_gfa_controller/src/img/raw/KMTNgn.20230905T094259.0001.fits (at gfa_actions.py)
2025-07-10 14:23:09,862 [DEBUG] Deleted file: /media/shyunc/DATA/KSpec/KSPEC_ICS/GFA/Simul/kspec_gfa_controller/src/img/raw/KMTNgs.20230905T094259.0001.fits (at gfa_actions.py)
2025-07-10 14:23:09,862 [INFO] Deleted 3 files in directory: /media/shyunc/DATA/KSpec/KSPEC_ICS/GFA/Simul/kspec_gfa_controller/src/img/raw (at gfa_actions.py)
2025-07-10 14:23:09,862 [DEBUG] Deleted file: /media/shyunc/DATA/KSpec/KSPEC_ICS/GFA/Simul/kspec_gfa_controller/src/img/procimg/proc_KMTNge.20230905T094259.0001.fits (at gfa_actions.py)
2025-07-10 14:23:09,863 [DEBUG] Deleted file: /media/shyunc/DATA/KSpec/KSPEC_ICS/GFA/Simul/kspec_gfa_controller/src/img/procimg/proc_KMTNgn.20230905T094259.0001.fits (at gfa_actions.py)
2025-07-10 14:23:09,863 [DEBUG] Deleted file: /media/shyunc/DATA/KSpec/KSPEC_ICS/GFA/Simul/kspec_gfa_controller/src/img/procimg/proc_KMTNgs.20230905T094259.0001.fits (at gfa_actions.py)
2025-07-10 14:23:09,863 [INFO] Deleted 3 files in directory: /media/shyunc/DATA/KSpec/KSPEC_ICS/GFA/Simul/kspec_gfa_controller/src/img/procimg (at gfa_actions.py)
2025-07-10 14:23:09,863 [INFO] Deleted 3 raw files and 3 processed files. (at gfa_actions.py)
2025-07-10 14:34:16,028 [INFO] Guiding starts... (at gfa_actions.py)
2025-07-10 14:34:21,056 [INFO] Astrometry preprocessing... (at gfa_actions.py)
2025-07-10 14:34:21,058 [DEBUG] Loaded 3 FITS files. (at gfa_actions.py)
2025-07-10 14:34:21,058 [INFO] Starting preprocessing for 3 files. (at gfa_actions.py)
2025-07-10 14:34:21,060 [INFO] No astrometry files found in /media/shyunc/DATA/KSpec/KSPEC_ICS/GFA/Simul/kspec_gfa_controller/src/img/astroimg/, starting astrometric processing. (at gfa_actions.py)
2025-07-10 14:34:21,061 [DEBUG] Starting combined function for file: KMTNge.20230905T094503.0001.fits. (at gfa_actions.py)
2025-07-10 14:34:21,061 [DEBUG] Starting combined function for file: KMTNgn.20230905T094503.0001.fits. (at gfa_actions.py)
2025-07-10 14:34:21,062 [DEBUG] Processing file: KMTNge.20230905T094503.0001.fits (at gfa_actions.py)
2025-07-10 14:34:21,062 [DEBUG] Starting combined function for file: KMTNgs.20230905T094503.0001.fits. (at gfa_actions.py)
2025-07-10 14:34:21,063 [DEBUG] Processing file: KMTNgn.20230905T094503.0001.fits (at gfa_actions.py)
2025-07-10 14:34:21,064 [DEBUG] Processing file: KMTNgs.20230905T094503.0001.fits (at gfa_actions.py)
2025-07-10 14:34:21,092 [INFO] Starting astrometry process for proc_KMTNge.20230905T094503.0001.fits. (at gfa_actions.py)
2025-07-10 14:34:21,092 [ERROR] Error processing KMTNge.20230905T094503.0001.fits: solve-field not found! Ensure it is installed and in PATH. (at gfa_actions.py)
2025-07-10 14:34:21,096 [INFO] Starting astrometry process for proc_KMTNgn.20230905T094503.0001.fits. (at gfa_actions.py)
2025-07-10 14:34:21,096 [INFO] Starting astrometry process for proc_KMTNgs.20230905T094503.0001.fits. (at gfa_actions.py)
2025-07-10 14:34:21,097 [ERROR] Error processing KMTNgn.20230905T094503.0001.fits: solve-field not found! Ensure it is installed and in PATH. (at gfa_actions.py)
2025-07-10 14:34:21,097 [ERROR] Error processing KMTNgs.20230905T094503.0001.fits: solve-field not found! Ensure it is installed and in PATH. (at gfa_actions.py)
2025-07-10 14:34:21,097 [DEBUG] CRVAL1 results: [] (at gfa_actions.py)
2025-07-10 14:34:21,097 [DEBUG] CRVAL2 results: [] (at gfa_actions.py)
2025-07-10 14:34:21,097 [WARNING] Failed to process 3 files: ['KMTNge.20230905T094503.0001.fits', 'KMTNgn.20230905T094503.0001.fits', 'KMTNgs.20230905T094503.0001.fits'] (at gfa_actions.py)
2025-07-10 14:34:21,097 [INFO] Starting star catalog generation. (at gfa_actions.py)
2025-07-10 14:34:21,097 [DEBUG] Found 0 .corr files in /media/shyunc/DATA/KSpec/KSPEC_ICS/GFA/Simul/kspec_gfa_controller/src/img/tempfiles. (at gfa_actions.py)
2025-07-10 14:34:21,097 [ERROR] No .corr files found in the temp directory. (at gfa_actions.py)
2025-07-10 14:34:21,097 [INFO] Removing temporary files. (at gfa_actions.py)
2025-07-10 14:34:21,097 [DEBUG] Temporary files removed from /media/shyunc/DATA/KSpec/KSPEC_ICS/GFA/Simul/kspec_gfa_controller/src/img/tempfiles. (at gfa_actions.py)
2025-07-10 14:34:21,097 [INFO] All files processed in 0.04 seconds. (at gfa_actions.py)
2025-07-10 14:34:21,098 [INFO] Preprocessing completed. (at gfa_actions.py)
2025-07-10 14:34:21,098 [INFO] Calculating guider offsets... (at gfa_actions.py)
2025-07-10 14:34:21,098 [INFO] Starting guide star calibration process. (at gfa_actions.py)
2025-07-10 14:34:21,098 [ERROR] No astrometry FITS files found in /media/shyunc/DATA/KSpec/KSPEC_ICS/GFA/Simul/kspec_gfa_controller/src/img/astroimg/. Calibration aborted. (at gfa_actions.py)
2025-07-10 14:34:21,098 [INFO] Clearing raw and processed files after guiding... (at gfa_actions.py)
2025-07-10 14:34:21,098 [INFO] Deleting raw and processed files. (at gfa_actions.py)
2025-07-10 14:34:21,098 [DEBUG] Deleted file: /media/shyunc/DATA/KSpec/KSPEC_ICS/GFA/Simul/kspec_gfa_controller/src/img/raw/KMTNge.20230905T094503.0001.fits (at gfa_actions.py)
2025-07-10 14:34:21,098 [DEBUG] Deleted file: /media/shyunc/DATA/KSpec/KSPEC_ICS/GFA/Simul/kspec_gfa_controller/src/img/raw/KMTNgn.20230905T094503.0001.fits (at gfa_actions.py)
2025-07-10 14:34:21,098 [DEBUG] Deleted file: /media/shyunc/DATA/KSpec/KSPEC_ICS/GFA/Simul/kspec_gfa_controller/src/img/raw/KMTNgs.20230905T094503.0001.fits (at gfa_actions.py)
2025-07-10 14:34:21,098 [INFO] Deleted 3 files in directory: /media/shyunc/DATA/KSpec/KSPEC_ICS/GFA/Simul/kspec_gfa_controller/src/img/raw (at gfa_actions.py)
2025-07-10 14:34:21,099 [DEBUG] Deleted file: /media/shyunc/DATA/KSpec/KSPEC_ICS/GFA/Simul/kspec_gfa_controller/src/img/procimg/proc_KMTNge.20230905T094503.0001.fits (at gfa_actions.py)
2025-07-10 14:34:21,099 [DEBUG] Deleted file: /media/shyunc/DATA/KSpec/KSPEC_ICS/GFA/Simul/kspec_gfa_controller/src/img/procimg/proc_KMTNgn.20230905T094503.0001.fits (at gfa_actions.py)
2025-07-10 14:34:21,099 [DEBUG] Deleted file: /media/shyunc/DATA/KSpec/KSPEC_ICS/GFA/Simul/kspec_gfa_controller/src/img/procimg/proc_KMTNgs.20230905T094503.0001.fits (at gfa_actions.py)
2025-07-10 14:34:21,099 [INFO] Deleted 3 files in directory: /media/shyunc/DATA/KSpec/KSPEC_ICS/GFA/Simul/kspec_gfa_controller/src/img/procimg (at gfa_actions.py)
2025-07-10 14:34:21,099 [INFO] Deleted 3 raw files and 3 processed files. (at gfa_actions.py)
2025-07-10 14:35:19,283 [INFO] Guiding starts... (at gfa_actions.py)
2025-07-10 14:35:19,283 [ERROR] Error during guiding: list index out of range (at gfa_actions.py)
