2025-07-31 15:50:27,172 [INFO] Initialized GFAEnvironment with role 'plate' and cameras [1, 2, 3, 4, 5, 6]
2025-07-31 15:50:27,172 [INFO] Initializing gfa_astrometry class.
2025-07-31 15:50:27,172 [INFO] Initializing GFAGuider...
2025-07-31 15:50:27,173 [DEBUG] Processed dir: /media/shyunc/DATA/KSpec/KSPEC_ICS/GFA/Simul/kspec_gfa_controller/src/img/procimg
2025-07-31 15:50:27,173 [DEBUG] Final astro dir: /media/shyunc/DATA/KSpec/KSPEC_ICS/GFA/Simul/kspec_gfa_controller/src/img/astroimg/
2025-07-31 15:50:27,173 [DEBUG] Cutout dir: /media/shyunc/DATA/KSpec/KSPEC_ICS/GFA/Simul/kspec_gfa_controller/src/img/cutout
2025-07-31 15:50:27,173 [INFO] GFAGuider setup complete.
2025-07-31 15:50:27,173 [INFO] Initialized GFAEnvironment with role 'finder' and cameras [7]
2025-07-31 15:51:04,626 [INFO] Starting guiding sequence...
2025-07-31 15:51:04,626 [INFO] Grabbing raw image...
2025-07-31 15:51:25,667 [INFO] Starting guiding sequence...
2025-07-31 15:51:25,668 [INFO] Grabbing raw image...
2025-07-31 16:04:14,104 [INFO] Initialized GFAEnvironment with role 'plate' and cameras [1, 2, 3, 4, 5, 6]
2025-07-31 16:04:14,104 [INFO] Initializing gfa_astrometry class.
2025-07-31 16:04:14,105 [INFO] Initializing GFAGuider...
2025-07-31 16:04:14,105 [DEBUG] Processed dir: /media/shyunc/DATA/KSpec/KSPEC_ICS/GFA/Simul/kspec_gfa_controller/src/img/procimg
2025-07-31 16:04:14,105 [DEBUG] Final astro dir: /media/shyunc/DATA/KSpec/KSPEC_ICS/GFA/Simul/kspec_gfa_controller/src/img/astroimg/
2025-07-31 16:04:14,105 [DEBUG] Cutout dir: /media/shyunc/DATA/KSpec/KSPEC_ICS/GFA/Simul/kspec_gfa_controller/src/img/cutout
2025-07-31 16:04:14,105 [INFO] GFAGuider setup complete.
2025-07-31 16:04:14,105 [INFO] Initialized GFAEnvironment with role 'finder' and cameras [7]
2025-07-31 16:04:21,431 [INFO] Starting guiding sequence...
2025-07-31 16:04:21,432 [INFO] Grabbing raw image...
2025-07-31 17:38:44,236 [INFO] Initialized GFAEnvironment with role 'plate' and cameras [1, 2, 3, 4, 5, 6]
2025-07-31 17:38:44,237 [INFO] Initializing gfa_astrometry class.
2025-07-31 17:38:44,237 [INFO] Initializing GFAGuider...
2025-07-31 17:38:44,237 [DEBUG] Processed dir: /media/shyunc/DATA/KSpec/KSPEC_ICS/GFA/Simul/kspec_gfa_controller/src/img/procimg
2025-07-31 17:38:44,237 [DEBUG] Final astro dir: /media/shyunc/DATA/KSpec/KSPEC_ICS/GFA/Simul/kspec_gfa_controller/src/img/astroimg/
2025-07-31 17:38:44,237 [DEBUG] Cutout dir: /media/shyunc/DATA/KSpec/KSPEC_ICS/GFA/Simul/kspec_gfa_controller/src/img/cutout
2025-07-31 17:38:44,237 [INFO] GFAGuider setup complete.
2025-07-31 17:38:44,237 [INFO] Initialized GFAEnvironment with role 'finder' and cameras [7]
2025-07-31 17:39:23,414 [INFO] Starting guiding sequence...
2025-07-31 17:39:23,414 [INFO] Grabbing raw image...
2025-07-31 17:39:28,419 [INFO] Running astrometry preprocessing...
2025-07-31 17:39:28,420 [INFO] Executing guider offset calculation...
2025-07-31 17:39:28,421 [INFO] Clearing temp astrometry data...
2025-07-31 17:39:28,422 [INFO] Deleting raw and processed files.
2025-07-31 17:39:28,423 [INFO] Deleted 0 files in directory: /media/shyunc/DATA/KSpec/KSPEC_ICS/GFA/Simul/kspec_gfa_controller/src/img/raw
2025-07-31 17:39:28,424 [INFO] Deleted 0 files in directory: /media/shyunc/DATA/KSpec/KSPEC_ICS/GFA/Simul/kspec_gfa_controller/src/img/procimg
2025-07-31 17:39:28,425 [INFO] Deleted 0 raw files and 0 processed files.
2025-07-31 17:39:31,319 [INFO] Starting guiding sequence...
2025-07-31 17:39:31,319 [INFO] Grabbing raw image...
2025-07-31 17:39:36,325 [INFO] Running astrometry preprocessing...
2025-07-31 17:39:36,326 [INFO] Executing guider offset calculation...
2025-07-31 17:39:36,327 [INFO] Clearing temp astrometry data...
2025-07-31 17:39:36,327 [INFO] Deleting raw and processed files.
2025-07-31 17:39:36,329 [INFO] Deleted 0 files in directory: /media/shyunc/DATA/KSpec/KSPEC_ICS/GFA/Simul/kspec_gfa_controller/src/img/raw
2025-07-31 17:39:36,329 [INFO] Deleted 0 files in directory: /media/shyunc/DATA/KSpec/KSPEC_ICS/GFA/Simul/kspec_gfa_controller/src/img/procimg
2025-07-31 17:39:36,329 [INFO] Deleted 0 raw files and 0 processed files.
2025-07-31 17:39:40,094 [INFO] Starting guiding sequence...
2025-07-31 17:39:40,094 [INFO] Grabbing raw image...
2025-07-31 17:39:45,096 [INFO] Running astrometry preprocessing...
2025-07-31 17:39:45,096 [INFO] Executing guider offset calculation...
2025-07-31 17:39:45,096 [INFO] Clearing temp astrometry data...
2025-07-31 17:39:45,096 [INFO] Deleting raw and processed files.
2025-07-31 17:39:45,096 [INFO] Deleted 0 files in directory: /media/shyunc/DATA/KSpec/KSPEC_ICS/GFA/Simul/kspec_gfa_controller/src/img/raw
2025-07-31 17:39:45,096 [INFO] Deleted 0 files in directory: /media/shyunc/DATA/KSpec/KSPEC_ICS/GFA/Simul/kspec_gfa_controller/src/img/procimg
2025-07-31 17:39:45,096 [INFO] Deleted 0 raw files and 0 processed files.
2025-07-31 17:40:39,185 [INFO] Initialized GFAEnvironment with role 'plate' and cameras [1, 2, 3, 4, 5, 6]
2025-07-31 17:40:39,185 [INFO] Initializing gfa_astrometry class.
2025-07-31 17:40:39,185 [INFO] Initializing GFAGuider...
2025-07-31 17:40:39,185 [DEBUG] Processed dir: /media/shyunc/DATA/KSpec/KSPEC_ICS/GFA/Simul/kspec_gfa_controller/src/img/procimg
2025-07-31 17:40:39,185 [DEBUG] Final astro dir: /media/shyunc/DATA/KSpec/KSPEC_ICS/GFA/Simul/kspec_gfa_controller/src/img/astroimg/
2025-07-31 17:40:39,185 [DEBUG] Cutout dir: /media/shyunc/DATA/KSpec/KSPEC_ICS/GFA/Simul/kspec_gfa_controller/src/img/cutout
2025-07-31 17:40:39,185 [INFO] GFAGuider setup complete.
2025-07-31 17:40:39,186 [INFO] Initialized GFAEnvironment with role 'finder' and cameras [7]
2025-07-31 17:40:39,190 [INFO] Starting guiding sequence...
2025-07-31 17:40:39,190 [INFO] Grabbing raw image...
2025-07-31 17:40:44,191 [INFO] Running astrometry preprocessing...
2025-07-31 17:40:44,192 [INFO] Executing guider offset calculation...
2025-07-31 17:40:44,192 [INFO] Clearing temp astrometry data...
2025-07-31 17:40:44,193 [INFO] Deleting raw and processed files.
2025-07-31 17:40:44,194 [INFO] Deleted 0 files in directory: /media/shyunc/DATA/KSpec/KSPEC_ICS/GFA/Simul/kspec_gfa_controller/src/img/raw
2025-07-31 17:40:44,195 [INFO] Deleted 0 files in directory: /media/shyunc/DATA/KSpec/KSPEC_ICS/GFA/Simul/kspec_gfa_controller/src/img/procimg
2025-07-31 17:40:44,195 [INFO] Deleted 0 raw files and 0 processed files.
2025-07-31 17:40:51,296 [INFO] Starting guiding sequence...
2025-07-31 17:40:51,297 [INFO] Grabbing raw image...
2025-07-31 17:40:56,303 [INFO] Running astrometry preprocessing...
2025-07-31 17:40:56,303 [INFO] Executing guider offset calculation...
2025-07-31 17:40:56,304 [INFO] Clearing temp astrometry data...
2025-07-31 17:40:56,305 [INFO] Deleting raw and processed files.
2025-07-31 17:40:56,306 [INFO] Deleted 0 files in directory: /media/shyunc/DATA/KSpec/KSPEC_ICS/GFA/Simul/kspec_gfa_controller/src/img/raw
2025-07-31 17:40:56,308 [INFO] Deleted 0 files in directory: /media/shyunc/DATA/KSpec/KSPEC_ICS/GFA/Simul/kspec_gfa_controller/src/img/procimg
2025-07-31 17:40:56,308 [INFO] Deleted 0 raw files and 0 processed files.
2025-07-31 17:40:59,695 [INFO] Starting guiding sequence...
2025-07-31 17:40:59,696 [INFO] Grabbing raw image...
2025-07-31 17:41:04,702 [INFO] Running astrometry preprocessing...
2025-07-31 17:41:04,703 [INFO] Executing guider offset calculation...
2025-07-31 17:41:04,703 [INFO] Clearing temp astrometry data...
2025-07-31 17:41:04,704 [INFO] Deleting raw and processed files.
2025-07-31 17:41:04,705 [INFO] Deleted 0 files in directory: /media/shyunc/DATA/KSpec/KSPEC_ICS/GFA/Simul/kspec_gfa_controller/src/img/raw
2025-07-31 17:41:04,706 [INFO] Deleted 0 files in directory: /media/shyunc/DATA/KSpec/KSPEC_ICS/GFA/Simul/kspec_gfa_controller/src/img/procimg
2025-07-31 17:41:04,706 [INFO] Deleted 0 raw files and 0 processed files.
2025-07-31 17:41:38,802 [INFO] Starting guiding sequence...
2025-07-31 17:41:38,803 [INFO] Grabbing raw image...
2025-07-31 17:41:43,809 [INFO] Running astrometry preprocessing...
2025-07-31 17:41:43,810 [INFO] Executing guider offset calculation...
2025-07-31 17:41:43,811 [INFO] Clearing temp astrometry data...
2025-07-31 17:41:43,812 [INFO] Deleting raw and processed files.
2025-07-31 17:41:43,813 [INFO] Deleted 0 files in directory: /media/shyunc/DATA/KSpec/KSPEC_ICS/GFA/Simul/kspec_gfa_controller/src/img/raw
2025-07-31 17:41:43,814 [INFO] Deleted 0 files in directory: /media/shyunc/DATA/KSpec/KSPEC_ICS/GFA/Simul/kspec_gfa_controller/src/img/procimg
2025-07-31 17:41:43,814 [INFO] Deleted 0 raw files and 0 processed files.
2025-07-31 17:44:55,299 [INFO] Initialized GFAEnvironment with role 'plate' and cameras [1, 2, 3, 4, 5, 6]
2025-07-31 17:44:55,299 [INFO] Initializing gfa_astrometry class.
2025-07-31 17:44:55,299 [INFO] Initializing GFAGuider...
2025-07-31 17:44:55,300 [DEBUG] Processed dir: /media/shyunc/DATA/KSpec/KSPEC_ICS/GFA/Simul/kspec_gfa_controller/src/img/procimg
2025-07-31 17:44:55,300 [DEBUG] Final astro dir: /media/shyunc/DATA/KSpec/KSPEC_ICS/GFA/Simul/kspec_gfa_controller/src/img/astroimg/
2025-07-31 17:44:55,300 [DEBUG] Cutout dir: /media/shyunc/DATA/KSpec/KSPEC_ICS/GFA/Simul/kspec_gfa_controller/src/img/cutout
2025-07-31 17:44:55,300 [INFO] GFAGuider setup complete.
2025-07-31 17:44:55,300 [INFO] Initialized GFAEnvironment with role 'finder' and cameras [7]
2025-07-31 17:45:14,988 [INFO] Starting guiding sequence...
2025-07-31 17:45:14,989 [INFO] Grabbing raw image...
2025-07-31 17:45:19,995 [INFO] Running astrometry preprocessing...
2025-07-31 17:45:19,996 [INFO] Executing guider offset calculation...
2025-07-31 17:45:19,996 [INFO] Clearing temp astrometry data...
2025-07-31 17:45:19,997 [INFO] Deleting raw and processed files.
2025-07-31 17:45:19,998 [INFO] Deleted 0 files in directory: /media/shyunc/DATA/KSpec/KSPEC_ICS/GFA/Simul/kspec_gfa_controller/src/img/raw
2025-07-31 17:45:19,998 [INFO] Deleted 0 files in directory: /media/shyunc/DATA/KSpec/KSPEC_ICS/GFA/Simul/kspec_gfa_controller/src/img/procimg
2025-07-31 17:45:19,999 [INFO] Deleted 0 raw files and 0 processed files.
2025-07-31 17:46:20,022 [INFO] Starting guiding sequence...
2025-07-31 17:46:20,024 [INFO] Grabbing raw image...
2025-07-31 17:46:25,028 [INFO] Running astrometry preprocessing...
2025-07-31 17:46:25,029 [INFO] Executing guider offset calculation...
2025-07-31 17:46:25,030 [INFO] Clearing temp astrometry data...
2025-07-31 17:46:25,030 [INFO] Deleting raw and processed files.
2025-07-31 17:46:25,031 [INFO] Deleted 0 files in directory: /media/shyunc/DATA/KSpec/KSPEC_ICS/GFA/Simul/kspec_gfa_controller/src/img/raw
2025-07-31 17:46:25,032 [INFO] Deleted 0 files in directory: /media/shyunc/DATA/KSpec/KSPEC_ICS/GFA/Simul/kspec_gfa_controller/src/img/procimg
2025-07-31 17:46:25,032 [INFO] Deleted 0 raw files and 0 processed files.
2025-07-31 17:46:47,476 [INFO] Starting guiding sequence...
2025-07-31 17:46:47,476 [INFO] Grabbing raw image...
2025-07-31 17:46:52,482 [INFO] Running astrometry preprocessing...
2025-07-31 17:46:52,483 [INFO] Executing guider offset calculation...
2025-07-31 17:46:52,484 [INFO] Clearing temp astrometry data...
2025-07-31 17:46:52,485 [INFO] Deleting raw and processed files.
2025-07-31 17:46:52,486 [INFO] Deleted 0 files in directory: /media/shyunc/DATA/KSpec/KSPEC_ICS/GFA/Simul/kspec_gfa_controller/src/img/raw
2025-07-31 17:46:52,487 [INFO] Deleted 0 files in directory: /media/shyunc/DATA/KSpec/KSPEC_ICS/GFA/Simul/kspec_gfa_controller/src/img/procimg
2025-07-31 17:46:52,487 [INFO] Deleted 0 raw files and 0 processed files.
2025-07-31 17:49:24,891 [INFO] Starting guiding sequence...
2025-07-31 17:49:24,891 [INFO] Grabbing raw image...
2025-07-31 17:49:29,897 [INFO] Running astrometry preprocessing...
2025-07-31 17:49:29,898 [INFO] Executing guider offset calculation...
2025-07-31 17:49:29,898 [INFO] Clearing temp astrometry data...
2025-07-31 17:49:29,899 [INFO] Deleting raw and processed files.
2025-07-31 17:49:29,901 [INFO] Deleted 0 files in directory: /media/shyunc/DATA/KSpec/KSPEC_ICS/GFA/Simul/kspec_gfa_controller/src/img/raw
2025-07-31 17:49:29,902 [INFO] Deleted 0 files in directory: /media/shyunc/DATA/KSpec/KSPEC_ICS/GFA/Simul/kspec_gfa_controller/src/img/procimg
2025-07-31 17:49:29,902 [INFO] Deleted 0 raw files and 0 processed files.
2025-07-31 17:50:29,909 [INFO] Starting guiding sequence...
2025-07-31 17:50:29,912 [INFO] Grabbing raw image...
2025-07-31 17:50:34,917 [INFO] Running astrometry preprocessing...
2025-07-31 17:50:34,918 [INFO] Executing guider offset calculation...
2025-07-31 17:50:34,919 [INFO] Clearing temp astrometry data...
2025-07-31 17:50:34,919 [INFO] Deleting raw and processed files.
2025-07-31 17:50:34,920 [INFO] Deleted 0 files in directory: /media/shyunc/DATA/KSpec/KSPEC_ICS/GFA/Simul/kspec_gfa_controller/src/img/raw
2025-07-31 17:50:34,922 [INFO] Deleted 0 files in directory: /media/shyunc/DATA/KSpec/KSPEC_ICS/GFA/Simul/kspec_gfa_controller/src/img/procimg
2025-07-31 17:50:34,922 [INFO] Deleted 0 raw files and 0 processed files.
2025-07-31 17:50:44,943 [INFO] Starting guiding sequence...
2025-07-31 17:50:44,943 [INFO] Grabbing raw image...
2025-07-31 17:50:49,949 [INFO] Running astrometry preprocessing...
2025-07-31 17:50:49,950 [INFO] Executing guider offset calculation...
2025-07-31 17:50:49,951 [INFO] Clearing temp astrometry data...
2025-07-31 17:50:49,952 [INFO] Deleting raw and processed files.
2025-07-31 17:50:49,953 [INFO] Deleted 0 files in directory: /media/shyunc/DATA/KSpec/KSPEC_ICS/GFA/Simul/kspec_gfa_controller/src/img/raw
2025-07-31 17:50:49,953 [INFO] Deleted 0 files in directory: /media/shyunc/DATA/KSpec/KSPEC_ICS/GFA/Simul/kspec_gfa_controller/src/img/procimg
2025-07-31 17:50:49,953 [INFO] Deleted 0 raw files and 0 processed files.
2025-07-31 18:17:48,017 [INFO] Initialized GFAEnvironment with role 'plate' and cameras [1, 2, 3, 4, 5, 6]
2025-07-31 18:17:48,017 [INFO] Initializing gfa_astrometry class.
2025-07-31 18:17:48,017 [INFO] Initializing GFAGuider...
2025-07-31 18:17:48,017 [DEBUG] Processed dir: /media/shyunc/DATA/KSpec/KSPEC_ICS/GFA/Simul/kspec_gfa_controller/src/img/procimg
2025-07-31 18:17:48,017 [DEBUG] Final astro dir: /media/shyunc/DATA/KSpec/KSPEC_ICS/GFA/Simul/kspec_gfa_controller/src/img/astroimg/
2025-07-31 18:17:48,017 [DEBUG] Cutout dir: /media/shyunc/DATA/KSpec/KSPEC_ICS/GFA/Simul/kspec_gfa_controller/src/img/cutout
2025-07-31 18:17:48,017 [INFO] GFAGuider setup complete.
2025-07-31 18:17:48,018 [INFO] Initialized GFAEnvironment with role 'finder' and cameras [7]
2025-07-31 18:17:54,333 [INFO] Starting guiding sequence...
2025-07-31 18:17:54,335 [INFO] Grabbing raw image...
2025-07-31 18:17:59,341 [INFO] Running astrometry preprocessing...
2025-07-31 18:17:59,341 [INFO] Executing guider offset calculation...
2025-07-31 18:17:59,342 [INFO] Clearing temp astrometry data...
2025-07-31 18:17:59,342 [INFO] Deleting raw and processed files.
2025-07-31 18:17:59,344 [INFO] Deleted 0 files in directory: /media/shyunc/DATA/KSpec/KSPEC_ICS/GFA/Simul/kspec_gfa_controller/src/img/raw
2025-07-31 18:17:59,345 [INFO] Deleted 0 files in directory: /media/shyunc/DATA/KSpec/KSPEC_ICS/GFA/Simul/kspec_gfa_controller/src/img/procimg
2025-07-31 18:17:59,345 [INFO] Deleted 0 raw files and 0 processed files.
2025-07-31 18:18:59,361 [INFO] Starting guiding sequence...
2025-07-31 18:18:59,362 [INFO] Grabbing raw image...
2025-07-31 18:19:04,368 [INFO] Running astrometry preprocessing...
2025-07-31 18:19:04,369 [INFO] Executing guider offset calculation...
2025-07-31 18:19:04,369 [INFO] Clearing temp astrometry data...
2025-07-31 18:19:04,369 [INFO] Deleting raw and processed files.
2025-07-31 18:19:04,370 [INFO] Deleted 0 files in directory: /media/shyunc/DATA/KSpec/KSPEC_ICS/GFA/Simul/kspec_gfa_controller/src/img/raw
2025-07-31 18:19:04,371 [INFO] Deleted 0 files in directory: /media/shyunc/DATA/KSpec/KSPEC_ICS/GFA/Simul/kspec_gfa_controller/src/img/procimg
2025-07-31 18:19:04,371 [INFO] Deleted 0 raw files and 0 processed files.
2025-07-31 18:19:58,464 [INFO] Starting guiding sequence...
2025-07-31 18:19:58,466 [INFO] Grabbing raw image...
2025-07-31 18:20:03,473 [INFO] Running astrometry preprocessing...
2025-07-31 18:20:03,474 [INFO] Executing guider offset calculation...
2025-07-31 18:20:03,474 [INFO] Clearing temp astrometry data...
2025-07-31 18:20:03,475 [INFO] Deleting raw and processed files.
2025-07-31 18:20:03,477 [INFO] Deleted 0 files in directory: /media/shyunc/DATA/KSpec/KSPEC_ICS/GFA/Simul/kspec_gfa_controller/src/img/raw
2025-07-31 18:20:03,477 [INFO] Deleted 0 files in directory: /media/shyunc/DATA/KSpec/KSPEC_ICS/GFA/Simul/kspec_gfa_controller/src/img/procimg
2025-07-31 18:20:03,478 [INFO] Deleted 0 raw files and 0 processed files.
2025-07-31 18:21:07,248 [INFO] Starting guiding sequence...
2025-07-31 18:21:07,249 [INFO] Grabbing raw image...
2025-07-31 18:21:12,255 [INFO] Running astrometry preprocessing...
2025-07-31 18:21:12,256 [INFO] Executing guider offset calculation...
2025-07-31 18:21:12,256 [INFO] Clearing temp astrometry data...
2025-07-31 18:21:12,257 [INFO] Deleting raw and processed files.
2025-07-31 18:21:12,258 [INFO] Deleted 0 files in directory: /media/shyunc/DATA/KSpec/KSPEC_ICS/GFA/Simul/kspec_gfa_controller/src/img/raw
2025-07-31 18:21:12,259 [INFO] Deleted 0 files in directory: /media/shyunc/DATA/KSpec/KSPEC_ICS/GFA/Simul/kspec_gfa_controller/src/img/procimg
2025-07-31 18:21:12,259 [INFO] Deleted 0 raw files and 0 processed files.
2025-07-31 18:21:26,147 [INFO] Starting guiding sequence...
2025-07-31 18:21:26,149 [INFO] Grabbing raw image...
2025-07-31 18:21:31,155 [INFO] Running astrometry preprocessing...
2025-07-31 18:21:31,156 [INFO] Executing guider offset calculation...
2025-07-31 18:21:31,156 [INFO] Clearing temp astrometry data...
2025-07-31 18:21:31,157 [INFO] Deleting raw and processed files.
2025-07-31 18:21:31,158 [INFO] Deleted 0 files in directory: /media/shyunc/DATA/KSpec/KSPEC_ICS/GFA/Simul/kspec_gfa_controller/src/img/raw
2025-07-31 18:21:31,159 [INFO] Deleted 0 files in directory: /media/shyunc/DATA/KSpec/KSPEC_ICS/GFA/Simul/kspec_gfa_controller/src/img/procimg
2025-07-31 18:21:31,159 [INFO] Deleted 0 raw files and 0 processed files.
2025-07-31 18:24:08,935 [INFO] Starting guiding sequence...
2025-07-31 18:24:08,936 [INFO] Grabbing raw image...
2025-07-31 18:24:13,942 [INFO] Running astrometry preprocessing...
2025-07-31 18:24:13,943 [INFO] Executing guider offset calculation...
2025-07-31 18:24:13,943 [INFO] Clearing temp astrometry data...
2025-07-31 18:24:13,944 [INFO] Deleting raw and processed files.
2025-07-31 18:24:13,946 [INFO] Deleted 0 files in directory: /media/shyunc/DATA/KSpec/KSPEC_ICS/GFA/Simul/kspec_gfa_controller/src/img/raw
2025-07-31 18:24:13,947 [INFO] Deleted 0 files in directory: /media/shyunc/DATA/KSpec/KSPEC_ICS/GFA/Simul/kspec_gfa_controller/src/img/procimg
2025-07-31 18:24:13,947 [INFO] Deleted 0 raw files and 0 processed files.
2025-07-31 18:24:41,538 [INFO] Starting guiding sequence...
2025-07-31 18:24:41,539 [INFO] Grabbing raw image...
2025-07-31 18:24:46,545 [INFO] Running astrometry preprocessing...
2025-07-31 18:24:46,545 [INFO] Executing guider offset calculation...
2025-07-31 18:24:46,546 [INFO] Clearing temp astrometry data...
2025-07-31 18:24:46,547 [INFO] Deleting raw and processed files.
2025-07-31 18:24:46,548 [INFO] Deleted 0 files in directory: /media/shyunc/DATA/KSpec/KSPEC_ICS/GFA/Simul/kspec_gfa_controller/src/img/raw
2025-07-31 18:24:46,549 [INFO] Deleted 0 files in directory: /media/shyunc/DATA/KSpec/KSPEC_ICS/GFA/Simul/kspec_gfa_controller/src/img/procimg
2025-07-31 18:24:46,549 [INFO] Deleted 0 raw files and 0 processed files.
2025-07-31 18:27:45,045 [INFO] Starting guiding sequence...
2025-07-31 18:27:45,045 [INFO] Grabbing raw image...
2025-07-31 18:27:50,048 [INFO] Running astrometry preprocessing...
2025-07-31 18:27:50,048 [INFO] Executing guider offset calculation...
2025-07-31 18:27:50,048 [INFO] Clearing temp astrometry data...
2025-07-31 18:27:50,048 [INFO] Deleting raw and processed files.
2025-07-31 18:27:50,048 [INFO] Deleted 0 files in directory: /media/shyunc/DATA/KSpec/KSPEC_ICS/GFA/Simul/kspec_gfa_controller/src/img/raw
2025-07-31 18:27:50,048 [INFO] Deleted 0 files in directory: /media/shyunc/DATA/KSpec/KSPEC_ICS/GFA/Simul/kspec_gfa_controller/src/img/procimg
2025-07-31 18:27:50,048 [INFO] Deleted 0 raw files and 0 processed files.
2025-07-31 18:39:45,054 [INFO] Initialized GFAEnvironment with role 'plate' and cameras [1, 2, 3, 4, 5, 6]
2025-07-31 18:39:45,054 [INFO] Initializing gfa_astrometry class.
2025-07-31 18:39:45,054 [INFO] Initializing GFAGuider...
2025-07-31 18:39:45,054 [DEBUG] Processed dir: /media/shyunc/DATA/KSpec/KSPEC_ICS/GFA/Simul/kspec_gfa_controller/src/img/procimg
2025-07-31 18:39:45,054 [DEBUG] Final astro dir: /media/shyunc/DATA/KSpec/KSPEC_ICS/GFA/Simul/kspec_gfa_controller/src/img/astroimg/
2025-07-31 18:39:45,054 [DEBUG] Cutout dir: /media/shyunc/DATA/KSpec/KSPEC_ICS/GFA/Simul/kspec_gfa_controller/src/img/cutout
2025-07-31 18:39:45,054 [INFO] GFAGuider setup complete.
2025-07-31 18:39:45,055 [INFO] Initialized GFAEnvironment with role 'finder' and cameras [7]
2025-07-31 18:39:59,469 [INFO] Starting guiding sequence...
2025-07-31 18:39:59,470 [INFO] Grabbing raw image...
2025-07-31 18:40:04,477 [INFO] Running astrometry preprocessing...
2025-07-31 18:40:04,477 [INFO] Executing guider offset calculation...
2025-07-31 18:40:04,477 [INFO] Clearing temp astrometry data...
2025-07-31 18:40:04,478 [INFO] Deleting raw and processed files.
2025-07-31 18:40:04,479 [INFO] Deleted 0 files in directory: /media/shyunc/DATA/KSpec/KSPEC_ICS/GFA/Simul/kspec_gfa_controller/src/img/raw
2025-07-31 18:40:04,479 [INFO] Deleted 0 files in directory: /media/shyunc/DATA/KSpec/KSPEC_ICS/GFA/Simul/kspec_gfa_controller/src/img/procimg
2025-07-31 18:40:04,480 [INFO] Deleted 0 raw files and 0 processed files.
2025-07-31 18:42:11,159 [INFO] Starting guiding sequence...
2025-07-31 18:42:11,159 [INFO] Grabbing raw image...
2025-07-31 18:42:16,161 [INFO] Running astrometry preprocessing...
2025-07-31 18:42:16,162 [INFO] Executing guider offset calculation...
2025-07-31 18:42:16,163 [INFO] Clearing temp astrometry data...
2025-07-31 18:42:16,163 [INFO] Deleting raw and processed files.
2025-07-31 18:42:16,164 [INFO] Deleted 0 files in directory: /media/shyunc/DATA/KSpec/KSPEC_ICS/GFA/Simul/kspec_gfa_controller/src/img/raw
2025-07-31 18:42:16,164 [INFO] Deleted 0 files in directory: /media/shyunc/DATA/KSpec/KSPEC_ICS/GFA/Simul/kspec_gfa_controller/src/img/procimg
2025-07-31 18:42:16,164 [INFO] Deleted 0 raw files and 0 processed files.
2025-07-31 18:44:02,018 [INFO] Initialized GFAEnvironment with role 'plate' and cameras [1, 2, 3, 4, 5, 6]
2025-07-31 18:44:02,018 [INFO] Initializing gfa_astrometry class.
2025-07-31 18:44:02,019 [INFO] Initializing GFAGuider...
2025-07-31 18:44:02,019 [DEBUG] Processed dir: /media/shyunc/DATA/KSpec/KSPEC_ICS/GFA/Simul/kspec_gfa_controller/src/img/procimg
2025-07-31 18:44:02,019 [DEBUG] Final astro dir: /media/shyunc/DATA/KSpec/KSPEC_ICS/GFA/Simul/kspec_gfa_controller/src/img/astroimg/
2025-07-31 18:44:02,019 [DEBUG] Cutout dir: /media/shyunc/DATA/KSpec/KSPEC_ICS/GFA/Simul/kspec_gfa_controller/src/img/cutout
2025-07-31 18:44:02,019 [INFO] GFAGuider setup complete.
2025-07-31 18:44:02,019 [INFO] Initialized GFAEnvironment with role 'finder' and cameras [7]
2025-07-31 18:44:42,564 [INFO] Starting guiding sequence...
2025-07-31 18:44:42,565 [INFO] Grabbing raw image...
2025-07-31 18:44:47,569 [INFO] Running astrometry preprocessing...
2025-07-31 18:44:47,570 [INFO] Executing guider offset calculation...
2025-07-31 18:44:47,570 [INFO] Clearing temp astrometry data...
2025-07-31 18:44:47,570 [INFO] Deleting raw and processed files.
2025-07-31 18:44:47,571 [INFO] Deleted 0 files in directory: /media/shyunc/DATA/KSpec/KSPEC_ICS/GFA/Simul/kspec_gfa_controller/src/img/raw
2025-07-31 18:44:47,571 [INFO] Deleted 0 files in directory: /media/shyunc/DATA/KSpec/KSPEC_ICS/GFA/Simul/kspec_gfa_controller/src/img/procimg
2025-07-31 18:44:47,571 [INFO] Deleted 0 raw files and 0 processed files.
2025-07-31 18:44:47,575 [INFO] Starting guiding sequence...
2025-07-31 18:44:47,575 [INFO] Grabbing raw image...
2025-07-31 18:44:52,581 [INFO] Running astrometry preprocessing...
2025-07-31 18:44:52,582 [INFO] Executing guider offset calculation...
2025-07-31 18:44:52,582 [INFO] Clearing temp astrometry data...
2025-07-31 18:44:52,583 [INFO] Deleting raw and processed files.
2025-07-31 18:44:52,585 [INFO] Deleted 0 files in directory: /media/shyunc/DATA/KSpec/KSPEC_ICS/GFA/Simul/kspec_gfa_controller/src/img/raw
2025-07-31 18:44:52,585 [INFO] Deleted 0 files in directory: /media/shyunc/DATA/KSpec/KSPEC_ICS/GFA/Simul/kspec_gfa_controller/src/img/procimg
2025-07-31 18:44:52,586 [INFO] Deleted 0 raw files and 0 processed files.
2025-07-31 18:44:52,597 [INFO] Starting guiding sequence...
2025-07-31 18:44:52,598 [INFO] Grabbing raw image...
2025-07-31 18:44:57,604 [INFO] Running astrometry preprocessing...
2025-07-31 18:44:57,605 [INFO] Executing guider offset calculation...
2025-07-31 18:44:57,606 [INFO] Clearing temp astrometry data...
2025-07-31 18:44:57,607 [INFO] Deleting raw and processed files.
2025-07-31 18:44:57,608 [INFO] Deleted 0 files in directory: /media/shyunc/DATA/KSpec/KSPEC_ICS/GFA/Simul/kspec_gfa_controller/src/img/raw
2025-07-31 18:44:57,609 [INFO] Deleted 0 files in directory: /media/shyunc/DATA/KSpec/KSPEC_ICS/GFA/Simul/kspec_gfa_controller/src/img/procimg
2025-07-31 18:44:57,609 [INFO] Deleted 0 raw files and 0 processed files.
2025-07-31 18:44:57,619 [INFO] Starting guiding sequence...
2025-07-31 18:44:57,620 [INFO] Grabbing raw image...
2025-07-31 18:45:02,621 [INFO] Running astrometry preprocessing...
2025-07-31 18:45:02,622 [INFO] Executing guider offset calculation...
2025-07-31 18:45:02,622 [INFO] Clearing temp astrometry data...
2025-07-31 18:45:02,623 [INFO] Deleting raw and processed files.
2025-07-31 18:45:02,624 [INFO] Deleted 0 files in directory: /media/shyunc/DATA/KSpec/KSPEC_ICS/GFA/Simul/kspec_gfa_controller/src/img/raw
2025-07-31 18:45:02,625 [INFO] Deleted 0 files in directory: /media/shyunc/DATA/KSpec/KSPEC_ICS/GFA/Simul/kspec_gfa_controller/src/img/procimg
2025-07-31 18:45:02,625 [INFO] Deleted 0 raw files and 0 processed files.
2025-07-31 18:45:02,634 [INFO] Starting guiding sequence...
2025-07-31 18:45:02,635 [INFO] Grabbing raw image...
2025-07-31 18:45:07,641 [INFO] Running astrometry preprocessing...
2025-07-31 18:45:07,641 [INFO] Executing guider offset calculation...
2025-07-31 18:45:07,642 [INFO] Clearing temp astrometry data...
2025-07-31 18:45:07,642 [INFO] Deleting raw and processed files.
2025-07-31 18:45:07,643 [INFO] Deleted 0 files in directory: /media/shyunc/DATA/KSpec/KSPEC_ICS/GFA/Simul/kspec_gfa_controller/src/img/raw
2025-07-31 18:45:07,644 [INFO] Deleted 0 files in directory: /media/shyunc/DATA/KSpec/KSPEC_ICS/GFA/Simul/kspec_gfa_controller/src/img/procimg
2025-07-31 18:45:07,644 [INFO] Deleted 0 raw files and 0 processed files.
2025-07-31 18:45:07,654 [INFO] Starting guiding sequence...
2025-07-31 18:45:07,655 [INFO] Grabbing raw image...
2025-07-31 18:45:12,661 [INFO] Running astrometry preprocessing...
2025-07-31 18:45:12,662 [INFO] Executing guider offset calculation...
2025-07-31 18:45:12,663 [INFO] Clearing temp astrometry data...
2025-07-31 18:45:12,663 [INFO] Deleting raw and processed files.
2025-07-31 18:45:12,665 [INFO] Deleted 0 files in directory: /media/shyunc/DATA/KSpec/KSPEC_ICS/GFA/Simul/kspec_gfa_controller/src/img/raw
2025-07-31 18:45:12,665 [INFO] Deleted 0 files in directory: /media/shyunc/DATA/KSpec/KSPEC_ICS/GFA/Simul/kspec_gfa_controller/src/img/procimg
2025-07-31 18:45:12,666 [INFO] Deleted 0 raw files and 0 processed files.
2025-07-31 18:45:12,675 [INFO] Starting guiding sequence...
2025-07-31 18:45:12,676 [INFO] Grabbing raw image...
2025-07-31 18:45:17,682 [INFO] Running astrometry preprocessing...
2025-07-31 18:45:17,683 [INFO] Executing guider offset calculation...
2025-07-31 18:45:17,683 [INFO] Clearing temp astrometry data...
2025-07-31 18:45:17,684 [INFO] Deleting raw and processed files.
2025-07-31 18:45:17,686 [INFO] Deleted 0 files in directory: /media/shyunc/DATA/KSpec/KSPEC_ICS/GFA/Simul/kspec_gfa_controller/src/img/raw
2025-07-31 18:45:17,687 [INFO] Deleted 0 files in directory: /media/shyunc/DATA/KSpec/KSPEC_ICS/GFA/Simul/kspec_gfa_controller/src/img/procimg
2025-07-31 18:45:17,687 [INFO] Deleted 0 raw files and 0 processed files.
2025-07-31 18:45:17,696 [INFO] Starting guiding sequence...
2025-07-31 18:45:17,697 [INFO] Grabbing raw image...
2025-07-31 18:45:22,703 [INFO] Running astrometry preprocessing...
2025-07-31 18:45:22,704 [INFO] Executing guider offset calculation...
2025-07-31 18:45:22,704 [INFO] Clearing temp astrometry data...
2025-07-31 18:45:22,705 [INFO] Deleting raw and processed files.
2025-07-31 18:45:22,706 [INFO] Deleted 0 files in directory: /media/shyunc/DATA/KSpec/KSPEC_ICS/GFA/Simul/kspec_gfa_controller/src/img/raw
2025-07-31 18:45:22,707 [INFO] Deleted 0 files in directory: /media/shyunc/DATA/KSpec/KSPEC_ICS/GFA/Simul/kspec_gfa_controller/src/img/procimg
2025-07-31 18:45:22,707 [INFO] Deleted 0 raw files and 0 processed files.
2025-07-31 18:45:22,718 [INFO] Starting guiding sequence...
2025-07-31 18:45:22,719 [INFO] Grabbing raw image...
