2025-04-16 17:47:29,379 [INFO] Configuration file found: /home/GAFOL/work/kspec_gfa_controller/src/etc/cams.json (at gfa_actions.py)
2025-04-16 17:47:29,379 [INFO] Configuration file found: /home/GAFOL/work/kspec_gfa_controller/src/etc/astrometry_params.json (at gfa_actions.py)
2025-04-16 17:47:29,379 [INFO] Initializing gfa_controller with provided config. (at gfa_actions.py)
2025-04-16 17:47:29,379 [INFO] GfaController initialization complete. (at gfa_actions.py)
2025-04-16 17:47:29,379 [INFO] Initializing gfa_astrometry class. (at gfa_actions.py)
2025-04-16 17:47:29,379 [DEBUG] Loaded 4 FITS files. (at gfa_actions.py)
2025-04-16 17:47:29,379 [INFO] Initializing GFAGuider... (at gfa_actions.py)
2025-04-16 17:47:29,379 [DEBUG] Processed dir: /home/GAFOL/work/kspec_gfa_controller/src/img/procimg (at gfa_actions.py)
2025-04-16 17:47:29,379 [DEBUG] Final astro dir: /home/GAFOL/work/kspec_gfa_controller/src/img/astroimg/ (at gfa_actions.py)
2025-04-16 17:47:29,379 [DEBUG] Cutout dir: /home/GAFOL/work/kspec_gfa_controller/src/img/cutout (at gfa_actions.py)
2025-04-16 17:47:29,379 [INFO] GFAGuider setup complete. (at gfa_actions.py)
2025-04-16 17:47:29,379 [INFO] Image save path: /home/GAFOL/work/kspec_gfa_controller/src/img/grab (at gfa_actions.py)
2025-04-16 17:47:29,379 [INFO] Grabbing image from camera 1 (ExpTime=0.01, Binning=4). (at gfa_actions.py)
2025-04-16 17:47:29,379 [INFO] Grabbing image from camera 1, ExpTime=0.01 (at gfa_actions.py)
2025-04-16 17:47:29,379 [DEBUG] Camera 1 IP: 192.168.9.67 (at gfa_actions.py)
2025-04-16 17:47:29,922 [DEBUG] Set exposure time: 10000.0 μs (at gfa_actions.py)
2025-04-16 17:47:29,990 [DEBUG] Set PixelFormat Mono12 (at gfa_actions.py)
2025-04-16 17:47:29,999 [DEBUG] Set binning: 4x4 (at gfa_actions.py)
2025-04-16 17:47:30,134 [DEBUG] Max pixel value of grabbed image (Cam 1): 943 (at gfa_actions.py)
2025-04-16 17:47:30,134 [DEBUG] FITS file will be saved to: /home/GAFOL/work/kspec_gfa_controller/src/img/grab/2025-04-16_17:47:29_grabone_cam1.fits (at gfa_actions.py)
2025-04-16 17:47:30,134 [DEBUG] Image array shape: (1152, 1332) (at gfa_actions.py)
2025-04-16 17:47:30,134 [WARNING] No date_obs provided. Using current date. (at gfa_actions.py)
2025-04-16 17:47:30,134 [WARNING] No time_obs provided. Using current time. (at gfa_actions.py)
2025-04-16 17:47:30,135 [DEBUG] FITS header details: SIMPLE  =                    T                                                  BITPIX  =                  -32                                                  NAXIS   =                    2                                                  NAXIS1  =                 1332                                                  NAXIS2  =                 1152                                                  CTYPE1  = 'PIXEL   '                                                            CTYPE2  = 'PIXEL   '                                                            TELESCOP= 'KMTNET  '                                                            INSTRUME= 'KSPEC-GFA'                                                           OBSERVER= 'Mingyeong'                                                           OBJECT  = 'Unknown '                                                            DATE-OBS= '2025-04-16'                                                          TIME-OBS= '17:47:30'                                                            RA      = 'UNKNOWN '                                                            DEC     = 'UNKNOWN '                                                            EXPTIME =                 0.01                                                  COMMENT FITS file created with custom header fields                             END                                                                                                                                                                                                                                                                                                                                                                                                                                                                                                                                                                                                                                                                                                                                                                                                                                                                                                                                                                                                                                                                                                                                                                                                                                                                                                                                                                                                                                                                                                                                                                              (at gfa_actions.py)
2025-04-16 17:47:30,139 [INFO] FITS file successfully saved to /home/GAFOL/work/kspec_gfa_controller/src/img/grab/2025-04-16_17:47:29_grabone_cam1.fits (at gfa_actions.py)
2025-04-16 17:47:30,148 [INFO] PNG save path: /home/GAFOL/work/kspec_gfa_controller/src/img/png (at gfa_actions.py)
2025-04-16 17:47:30,758 [DEBUG] Exposure time for camera 1: 0.01 sec (at gfa_actions.py)
2025-04-16 17:47:30,758 [DEBUG] Process time for camera 1: 1.3783082962036133 sec (at gfa_actions.py)
2025-04-16 17:48:51,117 [INFO] Configuration file found: /home/GAFOL/work/kspec_gfa_controller/src/etc/cams.json (at gfa_actions.py)
2025-04-16 17:48:51,117 [INFO] Configuration file found: /home/GAFOL/work/kspec_gfa_controller/src/etc/astrometry_params.json (at gfa_actions.py)
2025-04-16 17:48:51,117 [INFO] Initializing gfa_controller with provided config. (at gfa_actions.py)
2025-04-16 17:48:51,117 [INFO] GfaController initialization complete. (at gfa_actions.py)
2025-04-16 17:48:51,117 [INFO] Initializing gfa_astrometry class. (at gfa_actions.py)
2025-04-16 17:48:51,117 [DEBUG] Loaded 4 FITS files. (at gfa_actions.py)
2025-04-16 17:48:51,117 [INFO] Initializing GFAGuider... (at gfa_actions.py)
2025-04-16 17:48:51,117 [DEBUG] Processed dir: /home/GAFOL/work/kspec_gfa_controller/src/img/procimg (at gfa_actions.py)
2025-04-16 17:48:51,117 [DEBUG] Final astro dir: /home/GAFOL/work/kspec_gfa_controller/src/img/astroimg/ (at gfa_actions.py)
2025-04-16 17:48:51,117 [DEBUG] Cutout dir: /home/GAFOL/work/kspec_gfa_controller/src/img/cutout (at gfa_actions.py)
2025-04-16 17:48:51,117 [INFO] GFAGuider setup complete. (at gfa_actions.py)
2025-04-16 17:48:51,117 [INFO] Image save path: /home/GAFOL/work/kspec_gfa_controller/src/img/grab (at gfa_actions.py)
2025-04-16 17:48:51,117 [INFO] Grabbing image from camera 1 (ExpTime=0.01, Binning=4). (at gfa_actions.py)
2025-04-16 17:48:51,117 [INFO] Grabbing image from camera 1, ExpTime=0.01 (at gfa_actions.py)
2025-04-16 17:48:51,117 [DEBUG] Camera 1 IP: 192.168.9.67 (at gfa_actions.py)
2025-04-16 17:48:51,660 [DEBUG] Set exposure time: 10000.0 μs (at gfa_actions.py)
2025-04-16 17:48:51,730 [DEBUG] Set PixelFormat Mono12 (at gfa_actions.py)
2025-04-16 17:48:51,739 [DEBUG] Set binning: 4x4 (at gfa_actions.py)
2025-04-16 17:48:51,874 [DEBUG] Max pixel value of grabbed image (Cam 1): 949 (at gfa_actions.py)
2025-04-16 17:48:51,874 [DEBUG] FITS file will be saved to: /home/GAFOL/work/kspec_gfa_controller/src/img/grab/2025-04-16_17:48:51_grabone_cam1.fits (at gfa_actions.py)
2025-04-16 17:48:51,874 [DEBUG] Image array shape: (1152, 1332) (at gfa_actions.py)
2025-04-16 17:48:51,875 [WARNING] No date_obs provided. Using current date. (at gfa_actions.py)
2025-04-16 17:48:51,875 [WARNING] No time_obs provided. Using current time. (at gfa_actions.py)
2025-04-16 17:48:51,875 [DEBUG] FITS header details: SIMPLE  =                    T                                                  BITPIX  =                  -32                                                  NAXIS   =                    2                                                  NAXIS1  =                 1332                                                  NAXIS2  =                 1152                                                  CTYPE1  = 'PIXEL   '                                                            CTYPE2  = 'PIXEL   '                                                            TELESCOP= 'KMTNET  '                                                            INSTRUME= 'KSPEC-GFA'                                                           OBSERVER= 'Mingyeong'                                                           OBJECT  = 'Unknown '                                                            DATE-OBS= '2025-04-16'                                                          TIME-OBS= '17:48:51'                                                            RA      = 'UNKNOWN '                                                            DEC     = 'UNKNOWN '                                                            EXPTIME =                 0.01                                                  COMMENT FITS file created with custom header fields                             END                                                                                                                                                                                                                                                                                                                                                                                                                                                                                                                                                                                                                                                                                                                                                                                                                                                                                                                                                                                                                                                                                                                                                                                                                                                                                                                                                                                                                                                                                                                                                                              (at gfa_actions.py)
2025-04-16 17:48:51,879 [INFO] FITS file successfully saved to /home/GAFOL/work/kspec_gfa_controller/src/img/grab/2025-04-16_17:48:51_grabone_cam1.fits (at gfa_actions.py)
2025-04-16 17:48:51,888 [INFO] PNG save path: /home/GAFOL/work/kspec_gfa_controller/src/img/png (at gfa_actions.py)
2025-04-16 17:48:52,501 [DEBUG] Exposure time for camera 1: 0.01 sec (at gfa_actions.py)
2025-04-16 17:48:52,501 [DEBUG] Process time for camera 1: 1.383845329284668 sec (at gfa_actions.py)
