2025-08-04 09:50:37,408 [INFO] Initialized GFAEnvironment with role 'plate' and cameras [1, 2, 3, 4, 5, 6]
2025-08-04 09:50:37,408 [INFO] Initializing gfa_astrometry class.
2025-08-04 09:50:37,409 [INFO] Initializing GFAGuider...
2025-08-04 09:50:37,409 [DEBUG] Processed dir: /media/shyunc/DATA/KSpec/KSPEC_ICS/GFA/Simul/kspec_gfa_controller/src/img/procimg
2025-08-04 09:50:37,409 [DEBUG] Final astro dir: /media/shyunc/DATA/KSpec/KSPEC_ICS/GFA/Simul/kspec_gfa_controller/src/img/astroimg/
2025-08-04 09:50:37,409 [DEBUG] Cutout dir: /media/shyunc/DATA/KSpec/KSPEC_ICS/GFA/Simul/kspec_gfa_controller/src/img/cutout
2025-08-04 09:50:37,409 [INFO] GFAGuider setup complete.
2025-08-04 09:50:37,409 [INFO] Initialized GFAEnvironment with role 'finder' and cameras [7]
2025-08-04 09:51:48,225 [INFO] Starting guiding sequence...
2025-08-04 09:51:48,227 [INFO] Grabbing raw image...
2025-08-04 09:51:53,231 [INFO] Running astrometry preprocessing...
2025-08-04 09:51:53,232 [INFO] Executing guider offset calculation...
2025-08-04 09:51:53,232 [INFO] Clearing temp astrometry data...
2025-08-04 09:51:53,232 [INFO] Deleting raw and processed files.
2025-08-04 09:51:53,232 [INFO] Deleted 0 files in directory: /media/shyunc/DATA/KSpec/KSPEC_ICS/GFA/Simul/kspec_gfa_controller/src/img/raw
2025-08-04 09:51:53,232 [INFO] Deleted 0 files in directory: /media/shyunc/DATA/KSpec/KSPEC_ICS/GFA/Simul/kspec_gfa_controller/src/img/procimg
2025-08-04 09:51:53,232 [INFO] Deleted 0 raw files and 0 processed files.
2025-08-04 09:52:23,242 [INFO] Starting guiding sequence...
2025-08-04 09:52:23,243 [INFO] Grabbing raw image...
2025-08-04 09:52:28,249 [INFO] Running astrometry preprocessing...
2025-08-04 09:52:28,250 [INFO] Executing guider offset calculation...
2025-08-04 09:52:28,251 [INFO] Clearing temp astrometry data...
2025-08-04 09:52:28,251 [INFO] Deleting raw and processed files.
2025-08-04 09:52:28,253 [INFO] Deleted 0 files in directory: /media/shyunc/DATA/KSpec/KSPEC_ICS/GFA/Simul/kspec_gfa_controller/src/img/raw
2025-08-04 09:52:28,253 [INFO] Deleted 0 files in directory: /media/shyunc/DATA/KSpec/KSPEC_ICS/GFA/Simul/kspec_gfa_controller/src/img/procimg
2025-08-04 09:52:28,254 [INFO] Deleted 0 raw files and 0 processed files.
2025-08-04 09:59:46,309 [INFO] Initialized GFAEnvironment with role 'plate' and cameras [1, 2, 3, 4, 5, 6]
2025-08-04 09:59:46,309 [INFO] Initializing gfa_astrometry class.
2025-08-04 09:59:46,309 [INFO] Initializing GFAGuider...
2025-08-04 09:59:46,309 [DEBUG] Processed dir: /media/shyunc/DATA/KSpec/KSPEC_ICS/GFA/Simul/kspec_gfa_controller/src/img/procimg
2025-08-04 09:59:46,310 [DEBUG] Final astro dir: /media/shyunc/DATA/KSpec/KSPEC_ICS/GFA/Simul/kspec_gfa_controller/src/img/astroimg/
2025-08-04 09:59:46,310 [DEBUG] Cutout dir: /media/shyunc/DATA/KSpec/KSPEC_ICS/GFA/Simul/kspec_gfa_controller/src/img/cutout
2025-08-04 09:59:46,310 [INFO] GFAGuider setup complete.
2025-08-04 09:59:46,310 [INFO] Initialized GFAEnvironment with role 'finder' and cameras [7]
2025-08-04 09:59:50,626 [INFO] Starting guiding sequence...
2025-08-04 09:59:50,627 [INFO] Grabbing raw image...
2025-08-04 09:59:55,632 [INFO] Running astrometry preprocessing...
2025-08-04 09:59:55,633 [INFO] Executing guider offset calculation...
2025-08-04 09:59:55,633 [INFO] Clearing temp astrometry data...
2025-08-04 09:59:55,634 [INFO] Deleting raw and processed files.
2025-08-04 09:59:55,635 [INFO] Deleted 0 files in directory: /media/shyunc/DATA/KSpec/KSPEC_ICS/GFA/Simul/kspec_gfa_controller/src/img/raw
2025-08-04 09:59:55,635 [INFO] Deleted 0 files in directory: /media/shyunc/DATA/KSpec/KSPEC_ICS/GFA/Simul/kspec_gfa_controller/src/img/procimg
2025-08-04 09:59:55,635 [INFO] Deleted 0 raw files and 0 processed files.
2025-08-04 10:00:25,649 [INFO] Starting guiding sequence...
2025-08-04 10:00:25,650 [INFO] Grabbing raw image...
2025-08-04 10:00:30,655 [INFO] Running astrometry preprocessing...
2025-08-04 10:00:30,656 [INFO] Executing guider offset calculation...
2025-08-04 10:00:30,656 [INFO] Clearing temp astrometry data...
2025-08-04 10:00:30,657 [INFO] Deleting raw and processed files.
2025-08-04 10:00:30,658 [INFO] Deleted 0 files in directory: /media/shyunc/DATA/KSpec/KSPEC_ICS/GFA/Simul/kspec_gfa_controller/src/img/raw
2025-08-04 10:00:30,658 [INFO] Deleted 0 files in directory: /media/shyunc/DATA/KSpec/KSPEC_ICS/GFA/Simul/kspec_gfa_controller/src/img/procimg
2025-08-04 10:00:30,658 [INFO] Deleted 0 raw files and 0 processed files.
2025-08-04 10:00:39,383 [INFO] Starting guiding sequence...
2025-08-04 10:00:39,383 [INFO] Grabbing raw image...
2025-08-04 10:00:44,389 [INFO] Running astrometry preprocessing...
2025-08-04 10:00:44,390 [INFO] Executing guider offset calculation...
2025-08-04 10:00:44,390 [INFO] Clearing temp astrometry data...
2025-08-04 10:00:44,390 [INFO] Deleting raw and processed files.
2025-08-04 10:00:44,391 [INFO] Deleted 0 files in directory: /media/shyunc/DATA/KSpec/KSPEC_ICS/GFA/Simul/kspec_gfa_controller/src/img/raw
2025-08-04 10:00:44,392 [INFO] Deleted 0 files in directory: /media/shyunc/DATA/KSpec/KSPEC_ICS/GFA/Simul/kspec_gfa_controller/src/img/procimg
2025-08-04 10:00:44,392 [INFO] Deleted 0 raw files and 0 processed files.
2025-08-04 10:01:14,424 [INFO] Starting guiding sequence...
2025-08-04 10:01:14,425 [INFO] Grabbing raw image...
2025-08-04 10:01:19,429 [INFO] Running astrometry preprocessing...
2025-08-04 10:01:19,429 [INFO] Executing guider offset calculation...
2025-08-04 10:01:19,430 [INFO] Clearing temp astrometry data...
2025-08-04 10:01:19,430 [INFO] Deleting raw and processed files.
2025-08-04 10:01:19,431 [INFO] Deleted 0 files in directory: /media/shyunc/DATA/KSpec/KSPEC_ICS/GFA/Simul/kspec_gfa_controller/src/img/raw
2025-08-04 10:01:19,432 [INFO] Deleted 0 files in directory: /media/shyunc/DATA/KSpec/KSPEC_ICS/GFA/Simul/kspec_gfa_controller/src/img/procimg
2025-08-04 10:01:19,432 [INFO] Deleted 0 raw files and 0 processed files.
2025-08-04 10:18:47,345 [INFO] Initialized GFAEnvironment with role 'plate' and cameras [1, 2, 3, 4, 5, 6]
2025-08-04 10:18:47,345 [INFO] Initializing gfa_astrometry class.
2025-08-04 10:18:47,346 [INFO] Initializing GFAGuider...
2025-08-04 10:18:47,346 [DEBUG] Processed dir: /media/shyunc/DATA/KSpec/KSPEC_ICS/GFA/Simul/kspec_gfa_controller/src/img/procimg
2025-08-04 10:18:47,346 [DEBUG] Final astro dir: /media/shyunc/DATA/KSpec/KSPEC_ICS/GFA/Simul/kspec_gfa_controller/src/img/astroimg/
2025-08-04 10:18:47,346 [DEBUG] Cutout dir: /media/shyunc/DATA/KSpec/KSPEC_ICS/GFA/Simul/kspec_gfa_controller/src/img/cutout
2025-08-04 10:18:47,346 [INFO] GFAGuider setup complete.
2025-08-04 10:18:47,346 [INFO] Initialized GFAEnvironment with role 'finder' and cameras [7]
2025-08-04 10:22:45,816 [INFO] Starting guiding sequence...
2025-08-04 10:22:45,816 [INFO] Grabbing raw image...
2025-08-04 10:22:50,820 [INFO] Running astrometry preprocessing...
2025-08-04 10:22:50,821 [INFO] Executing guider offset calculation...
2025-08-04 10:22:50,822 [INFO] Clearing temp astrometry data...
2025-08-04 10:22:50,822 [INFO] Deleting raw and processed files.
2025-08-04 10:22:50,823 [INFO] Deleted 0 files in directory: /media/shyunc/DATA/KSpec/KSPEC_ICS/GFA/Simul/kspec_gfa_controller/src/img/raw
2025-08-04 10:22:50,824 [INFO] Deleted 0 files in directory: /media/shyunc/DATA/KSpec/KSPEC_ICS/GFA/Simul/kspec_gfa_controller/src/img/procimg
2025-08-04 10:22:50,824 [INFO] Deleted 0 raw files and 0 processed files.
2025-08-04 10:23:20,831 [INFO] Starting guiding sequence...
2025-08-04 10:23:20,833 [INFO] Grabbing raw image...
2025-08-04 10:23:25,839 [INFO] Running astrometry preprocessing...
2025-08-04 10:23:25,839 [INFO] Executing guider offset calculation...
2025-08-04 10:23:25,840 [INFO] Clearing temp astrometry data...
2025-08-04 10:23:25,840 [INFO] Deleting raw and processed files.
2025-08-04 10:23:25,842 [INFO] Deleted 0 files in directory: /media/shyunc/DATA/KSpec/KSPEC_ICS/GFA/Simul/kspec_gfa_controller/src/img/raw
2025-08-04 10:23:25,843 [INFO] Deleted 0 files in directory: /media/shyunc/DATA/KSpec/KSPEC_ICS/GFA/Simul/kspec_gfa_controller/src/img/procimg
2025-08-04 10:23:25,843 [INFO] Deleted 0 raw files and 0 processed files.
2025-08-04 10:55:17,949 [INFO] Starting guiding sequence...
2025-08-04 10:55:17,950 [INFO] Grabbing raw image...
2025-08-04 10:55:22,956 [INFO] Running astrometry preprocessing...
2025-08-04 10:55:22,957 [INFO] Executing guider offset calculation...
2025-08-04 10:55:22,958 [INFO] Clearing temp astrometry data...
2025-08-04 10:55:22,958 [INFO] Deleting raw and processed files.
2025-08-04 10:55:22,960 [INFO] Deleted 0 files in directory: /media/shyunc/DATA/KSpec/KSPEC_ICS/GFA/Simul/kspec_gfa_controller/src/img/raw
2025-08-04 10:55:22,960 [INFO] Deleted 0 files in directory: /media/shyunc/DATA/KSpec/KSPEC_ICS/GFA/Simul/kspec_gfa_controller/src/img/procimg
2025-08-04 10:55:22,961 [INFO] Deleted 0 raw files and 0 processed files.
2025-08-04 10:56:35,805 [INFO] Starting guiding sequence...
2025-08-04 10:56:35,805 [INFO] Grabbing raw image...
2025-08-04 10:56:40,811 [INFO] Running astrometry preprocessing...
2025-08-04 10:56:40,811 [INFO] Executing guider offset calculation...
2025-08-04 10:56:40,812 [INFO] Clearing temp astrometry data...
2025-08-04 10:56:40,812 [INFO] Deleting raw and processed files.
2025-08-04 10:56:40,813 [INFO] Deleted 0 files in directory: /media/shyunc/DATA/KSpec/KSPEC_ICS/GFA/Simul/kspec_gfa_controller/src/img/raw
2025-08-04 10:56:40,814 [INFO] Deleted 0 files in directory: /media/shyunc/DATA/KSpec/KSPEC_ICS/GFA/Simul/kspec_gfa_controller/src/img/procimg
2025-08-04 10:56:40,814 [INFO] Deleted 0 raw files and 0 processed files.
2025-08-04 10:57:10,088 [INFO] Starting guiding sequence...
2025-08-04 10:57:10,089 [INFO] Grabbing raw image...
2025-08-04 10:57:15,094 [INFO] Running astrometry preprocessing...
2025-08-04 10:57:15,095 [INFO] Executing guider offset calculation...
2025-08-04 10:57:15,095 [INFO] Clearing temp astrometry data...
2025-08-04 10:57:15,095 [INFO] Deleting raw and processed files.
2025-08-04 10:57:15,095 [INFO] Deleted 0 files in directory: /media/shyunc/DATA/KSpec/KSPEC_ICS/GFA/Simul/kspec_gfa_controller/src/img/raw
2025-08-04 10:57:15,095 [INFO] Deleted 0 files in directory: /media/shyunc/DATA/KSpec/KSPEC_ICS/GFA/Simul/kspec_gfa_controller/src/img/procimg
2025-08-04 10:57:15,095 [INFO] Deleted 0 raw files and 0 processed files.
2025-08-04 11:03:13,857 [INFO] Starting guiding sequence...
2025-08-04 11:03:13,858 [INFO] Grabbing raw image...
2025-08-04 11:03:18,861 [INFO] Running astrometry preprocessing...
2025-08-04 11:03:18,861 [INFO] Executing guider offset calculation...
2025-08-04 11:03:18,862 [INFO] Clearing temp astrometry data...
2025-08-04 11:03:18,862 [INFO] Deleting raw and processed files.
2025-08-04 11:03:18,863 [INFO] Deleted 0 files in directory: /media/shyunc/DATA/KSpec/KSPEC_ICS/GFA/Simul/kspec_gfa_controller/src/img/raw
2025-08-04 11:03:18,863 [INFO] Deleted 0 files in directory: /media/shyunc/DATA/KSpec/KSPEC_ICS/GFA/Simul/kspec_gfa_controller/src/img/procimg
2025-08-04 11:03:18,864 [INFO] Deleted 0 raw files and 0 processed files.
2025-08-04 11:04:17,216 [INFO] Starting guiding sequence...
2025-08-04 11:04:17,217 [INFO] Grabbing raw image...
2025-08-04 11:04:22,223 [INFO] Running astrometry preprocessing...
2025-08-04 11:04:22,223 [INFO] Executing guider offset calculation...
2025-08-04 11:04:22,224 [INFO] Clearing temp astrometry data...
2025-08-04 11:04:22,224 [INFO] Deleting raw and processed files.
2025-08-04 11:04:22,225 [INFO] Deleted 0 files in directory: /media/shyunc/DATA/KSpec/KSPEC_ICS/GFA/Simul/kspec_gfa_controller/src/img/raw
2025-08-04 11:04:22,226 [INFO] Deleted 0 files in directory: /media/shyunc/DATA/KSpec/KSPEC_ICS/GFA/Simul/kspec_gfa_controller/src/img/procimg
2025-08-04 11:04:22,226 [INFO] Deleted 0 raw files and 0 processed files.
2025-08-04 11:06:47,891 [INFO] Starting guiding sequence...
2025-08-04 11:06:47,892 [INFO] Grabbing raw image...
2025-08-04 11:06:52,898 [INFO] Running astrometry preprocessing...
2025-08-04 11:06:52,899 [INFO] Executing guider offset calculation...
2025-08-04 11:06:52,899 [INFO] Clearing temp astrometry data...
2025-08-04 11:06:52,900 [INFO] Deleting raw and processed files.
2025-08-04 11:06:52,901 [INFO] Deleted 0 files in directory: /media/shyunc/DATA/KSpec/KSPEC_ICS/GFA/Simul/kspec_gfa_controller/src/img/raw
2025-08-04 11:06:52,902 [INFO] Deleted 0 files in directory: /media/shyunc/DATA/KSpec/KSPEC_ICS/GFA/Simul/kspec_gfa_controller/src/img/procimg
2025-08-04 11:06:52,902 [INFO] Deleted 0 raw files and 0 processed files.
2025-08-04 11:07:22,911 [INFO] Starting guiding sequence...
2025-08-04 11:07:22,912 [INFO] Grabbing raw image...
2025-08-04 11:07:27,918 [INFO] Running astrometry preprocessing...
2025-08-04 11:07:27,918 [INFO] Executing guider offset calculation...
2025-08-04 11:07:27,918 [INFO] Clearing temp astrometry data...
2025-08-04 11:07:27,918 [INFO] Deleting raw and processed files.
2025-08-04 11:07:27,918 [INFO] Deleted 0 files in directory: /media/shyunc/DATA/KSpec/KSPEC_ICS/GFA/Simul/kspec_gfa_controller/src/img/raw
2025-08-04 11:07:27,919 [INFO] Deleted 0 files in directory: /media/shyunc/DATA/KSpec/KSPEC_ICS/GFA/Simul/kspec_gfa_controller/src/img/procimg
2025-08-04 11:07:27,919 [INFO] Deleted 0 raw files and 0 processed files.
2025-08-04 11:10:53,085 [INFO] Starting guiding sequence...
2025-08-04 11:10:53,085 [INFO] Grabbing raw image...
2025-08-04 11:10:58,091 [INFO] Running astrometry preprocessing...
2025-08-04 11:10:58,091 [INFO] Executing guider offset calculation...
2025-08-04 11:10:58,092 [INFO] Clearing temp astrometry data...
2025-08-04 11:10:58,092 [INFO] Deleting raw and processed files.
2025-08-04 11:10:58,092 [INFO] Deleted 0 files in directory: /media/shyunc/DATA/KSpec/KSPEC_ICS/GFA/Simul/kspec_gfa_controller/src/img/raw
2025-08-04 11:10:58,092 [INFO] Deleted 0 files in directory: /media/shyunc/DATA/KSpec/KSPEC_ICS/GFA/Simul/kspec_gfa_controller/src/img/procimg
2025-08-04 11:10:58,092 [INFO] Deleted 0 raw files and 0 processed files.
2025-08-04 11:11:28,104 [INFO] Starting guiding sequence...
2025-08-04 11:11:28,106 [INFO] Grabbing raw image...
2025-08-04 11:11:33,111 [INFO] Running astrometry preprocessing...
2025-08-04 11:11:33,112 [INFO] Executing guider offset calculation...
2025-08-04 11:11:33,113 [INFO] Clearing temp astrometry data...
2025-08-04 11:11:33,114 [INFO] Deleting raw and processed files.
2025-08-04 11:11:33,115 [INFO] Deleted 0 files in directory: /media/shyunc/DATA/KSpec/KSPEC_ICS/GFA/Simul/kspec_gfa_controller/src/img/raw
2025-08-04 11:11:33,116 [INFO] Deleted 0 files in directory: /media/shyunc/DATA/KSpec/KSPEC_ICS/GFA/Simul/kspec_gfa_controller/src/img/procimg
2025-08-04 11:11:33,116 [INFO] Deleted 0 raw files and 0 processed files.
