2025-07-29 15:10:55,035 [INFO] Initialized GFAEnvironment with role 'plate' and cameras [1, 2, 3, 4, 5, 6]
2025-07-29 15:10:55,035 [INFO] Initializing gfa_astrometry class.
2025-07-29 15:10:55,035 [INFO] Initializing GFAGuider...
2025-07-29 15:10:55,035 [DEBUG] Processed dir: /media/shyunc/DATA/KSpec/KSPEC_ICS/GFA/Simul/kspec_gfa_controller/src/img/procimg
2025-07-29 15:10:55,035 [DEBUG] Final astro dir: /media/shyunc/DATA/KSpec/KSPEC_ICS/GFA/Simul/kspec_gfa_controller/src/img/astroimg/
2025-07-29 15:10:55,036 [DEBUG] Cutout dir: /media/shyunc/DATA/KSpec/KSPEC_ICS/GFA/Simul/kspec_gfa_controller/src/img/cutout
2025-07-29 15:10:55,036 [INFO] GFAGuider setup complete.
2025-07-29 15:10:55,036 [INFO] Initialized GFAEnvironment with role 'finder' and cameras [7]
2025-07-29 15:11:08,832 [INFO] Image save path: /media/shyunc/DATA/KSpec/KSPEC_ICS/GFA/Simul/kspec_gfa_controller/src/img/grab/2025-07-29
2025-07-29 15:11:08,833 [INFO] Grabbing from camera 1 (ExpTime=2.0, Binning=4)
2025-07-29 15:11:13,487 [INFO] Starting guiding sequence...
2025-07-29 15:11:13,487 [INFO] Grabbing raw image...
2025-07-29 15:11:18,493 [INFO] Running astrometry preprocessing...
2025-07-29 15:11:18,494 [INFO] Executing guider offset calculation...
2025-07-29 15:11:18,494 [INFO] Clearing temp astrometry data...
2025-07-29 15:11:18,495 [INFO] Deleting raw and processed files.
2025-07-29 15:11:18,496 [INFO] Deleted 0 files in directory: /media/shyunc/DATA/KSpec/KSPEC_ICS/GFA/Simul/kspec_gfa_controller/src/img/raw
2025-07-29 15:11:18,497 [INFO] Deleted 0 files in directory: /media/shyunc/DATA/KSpec/KSPEC_ICS/GFA/Simul/kspec_gfa_controller/src/img/procimg
2025-07-29 15:11:18,497 [INFO] Deleted 0 raw files and 0 processed files.
2025-07-29 15:12:18,524 [INFO] Starting guiding sequence...
2025-07-29 15:12:18,526 [INFO] Grabbing raw image...
2025-07-29 15:12:23,531 [INFO] Running astrometry preprocessing...
2025-07-29 15:12:23,532 [INFO] Executing guider offset calculation...
2025-07-29 15:12:23,533 [INFO] Clearing temp astrometry data...
2025-07-29 15:12:23,534 [INFO] Deleting raw and processed files.
2025-07-29 15:12:23,535 [INFO] Deleted 0 files in directory: /media/shyunc/DATA/KSpec/KSPEC_ICS/GFA/Simul/kspec_gfa_controller/src/img/raw
2025-07-29 15:12:23,535 [INFO] Deleted 0 files in directory: /media/shyunc/DATA/KSpec/KSPEC_ICS/GFA/Simul/kspec_gfa_controller/src/img/procimg
2025-07-29 15:12:23,535 [INFO] Deleted 0 raw files and 0 processed files.
2025-07-29 15:13:23,567 [INFO] Starting guiding sequence...
2025-07-29 15:13:23,569 [INFO] Grabbing raw image...
2025-07-29 15:13:28,575 [INFO] Running astrometry preprocessing...
2025-07-29 15:13:28,576 [INFO] Executing guider offset calculation...
2025-07-29 15:13:28,576 [INFO] Clearing temp astrometry data...
2025-07-29 15:13:28,577 [INFO] Deleting raw and processed files.
2025-07-29 15:13:28,578 [INFO] Deleted 0 files in directory: /media/shyunc/DATA/KSpec/KSPEC_ICS/GFA/Simul/kspec_gfa_controller/src/img/raw
2025-07-29 15:13:28,579 [INFO] Deleted 0 files in directory: /media/shyunc/DATA/KSpec/KSPEC_ICS/GFA/Simul/kspec_gfa_controller/src/img/procimg
2025-07-29 15:13:28,579 [INFO] Deleted 0 raw files and 0 processed files.
2025-07-29 15:14:28,586 [INFO] Starting guiding sequence...
2025-07-29 15:14:28,588 [INFO] Grabbing raw image...
2025-07-29 15:14:33,594 [INFO] Running astrometry preprocessing...
2025-07-29 15:14:33,595 [INFO] Executing guider offset calculation...
2025-07-29 15:14:33,595 [INFO] Clearing temp astrometry data...
2025-07-29 15:14:33,596 [INFO] Deleting raw and processed files.
2025-07-29 15:14:33,598 [INFO] Deleted 0 files in directory: /media/shyunc/DATA/KSpec/KSPEC_ICS/GFA/Simul/kspec_gfa_controller/src/img/raw
2025-07-29 15:14:33,598 [INFO] Deleted 0 files in directory: /media/shyunc/DATA/KSpec/KSPEC_ICS/GFA/Simul/kspec_gfa_controller/src/img/procimg
2025-07-29 15:14:33,598 [INFO] Deleted 0 raw files and 0 processed files.
2025-07-29 15:15:33,610 [INFO] Starting guiding sequence...
2025-07-29 15:15:33,612 [INFO] Grabbing raw image...
2025-07-29 15:15:38,618 [INFO] Running astrometry preprocessing...
2025-07-29 15:15:38,619 [INFO] Executing guider offset calculation...
2025-07-29 15:15:38,620 [INFO] Clearing temp astrometry data...
2025-07-29 15:15:38,620 [INFO] Deleting raw and processed files.
2025-07-29 15:15:38,621 [INFO] Deleted 0 files in directory: /media/shyunc/DATA/KSpec/KSPEC_ICS/GFA/Simul/kspec_gfa_controller/src/img/raw
2025-07-29 15:15:38,622 [INFO] Deleted 0 files in directory: /media/shyunc/DATA/KSpec/KSPEC_ICS/GFA/Simul/kspec_gfa_controller/src/img/procimg
2025-07-29 15:15:38,622 [INFO] Deleted 0 raw files and 0 processed files.
2025-07-29 15:16:38,637 [INFO] Starting guiding sequence...
2025-07-29 15:16:38,639 [INFO] Grabbing raw image...
2025-07-29 15:16:43,645 [INFO] Running astrometry preprocessing...
2025-07-29 15:16:43,646 [INFO] Executing guider offset calculation...
2025-07-29 15:16:43,647 [INFO] Clearing temp astrometry data...
2025-07-29 15:16:43,647 [INFO] Deleting raw and processed files.
2025-07-29 15:16:43,649 [INFO] Deleted 0 files in directory: /media/shyunc/DATA/KSpec/KSPEC_ICS/GFA/Simul/kspec_gfa_controller/src/img/raw
2025-07-29 15:16:43,649 [INFO] Deleted 0 files in directory: /media/shyunc/DATA/KSpec/KSPEC_ICS/GFA/Simul/kspec_gfa_controller/src/img/procimg
2025-07-29 15:16:43,650 [INFO] Deleted 0 raw files and 0 processed files.
2025-07-29 15:17:43,671 [INFO] Starting guiding sequence...
2025-07-29 15:17:43,673 [INFO] Grabbing raw image...
2025-07-29 15:17:48,679 [INFO] Running astrometry preprocessing...
2025-07-29 15:17:48,680 [INFO] Executing guider offset calculation...
2025-07-29 15:17:48,680 [INFO] Clearing temp astrometry data...
2025-07-29 15:17:48,681 [INFO] Deleting raw and processed files.
2025-07-29 15:17:48,682 [INFO] Deleted 0 files in directory: /media/shyunc/DATA/KSpec/KSPEC_ICS/GFA/Simul/kspec_gfa_controller/src/img/raw
2025-07-29 15:17:48,683 [INFO] Deleted 0 files in directory: /media/shyunc/DATA/KSpec/KSPEC_ICS/GFA/Simul/kspec_gfa_controller/src/img/procimg
2025-07-29 15:17:48,683 [INFO] Deleted 0 raw files and 0 processed files.
2025-07-29 15:18:48,709 [INFO] Starting guiding sequence...
2025-07-29 15:18:48,712 [INFO] Grabbing raw image...
2025-07-29 15:18:53,718 [INFO] Running astrometry preprocessing...
2025-07-29 15:18:53,718 [INFO] Executing guider offset calculation...
2025-07-29 15:18:53,719 [INFO] Clearing temp astrometry data...
2025-07-29 15:18:53,720 [INFO] Deleting raw and processed files.
2025-07-29 15:18:53,721 [INFO] Deleted 0 files in directory: /media/shyunc/DATA/KSpec/KSPEC_ICS/GFA/Simul/kspec_gfa_controller/src/img/raw
2025-07-29 15:18:53,721 [INFO] Deleted 0 files in directory: /media/shyunc/DATA/KSpec/KSPEC_ICS/GFA/Simul/kspec_gfa_controller/src/img/procimg
2025-07-29 15:18:53,721 [INFO] Deleted 0 raw files and 0 processed files.
2025-07-29 15:19:53,754 [INFO] Starting guiding sequence...
2025-07-29 15:19:53,755 [INFO] Grabbing raw image...
2025-07-29 15:19:58,760 [INFO] Running astrometry preprocessing...
2025-07-29 15:19:58,761 [INFO] Executing guider offset calculation...
2025-07-29 15:19:58,762 [INFO] Clearing temp astrometry data...
2025-07-29 15:19:58,763 [INFO] Deleting raw and processed files.
2025-07-29 15:19:58,764 [INFO] Deleted 0 files in directory: /media/shyunc/DATA/KSpec/KSPEC_ICS/GFA/Simul/kspec_gfa_controller/src/img/raw
2025-07-29 15:19:58,764 [INFO] Deleted 0 files in directory: /media/shyunc/DATA/KSpec/KSPEC_ICS/GFA/Simul/kspec_gfa_controller/src/img/procimg
2025-07-29 15:19:58,764 [INFO] Deleted 0 raw files and 0 processed files.
2025-07-29 15:20:58,771 [INFO] Starting guiding sequence...
2025-07-29 15:20:58,772 [INFO] Grabbing raw image...
2025-07-29 15:21:03,778 [INFO] Running astrometry preprocessing...
2025-07-29 15:21:03,779 [INFO] Executing guider offset calculation...
2025-07-29 15:21:03,779 [INFO] Clearing temp astrometry data...
2025-07-29 15:21:03,780 [INFO] Deleting raw and processed files.
2025-07-29 15:21:03,781 [INFO] Deleted 0 files in directory: /media/shyunc/DATA/KSpec/KSPEC_ICS/GFA/Simul/kspec_gfa_controller/src/img/raw
2025-07-29 15:21:03,782 [INFO] Deleted 0 files in directory: /media/shyunc/DATA/KSpec/KSPEC_ICS/GFA/Simul/kspec_gfa_controller/src/img/procimg
2025-07-29 15:21:03,782 [INFO] Deleted 0 raw files and 0 processed files.
2025-07-29 15:22:03,794 [INFO] Starting guiding sequence...
2025-07-29 15:22:03,795 [INFO] Grabbing raw image...
2025-07-29 15:22:08,796 [INFO] Running astrometry preprocessing...
2025-07-29 15:22:08,796 [INFO] Executing guider offset calculation...
2025-07-29 15:22:08,797 [INFO] Clearing temp astrometry data...
2025-07-29 15:22:08,797 [INFO] Deleting raw and processed files.
2025-07-29 15:22:08,798 [INFO] Deleted 0 files in directory: /media/shyunc/DATA/KSpec/KSPEC_ICS/GFA/Simul/kspec_gfa_controller/src/img/raw
2025-07-29 15:22:08,799 [INFO] Deleted 0 files in directory: /media/shyunc/DATA/KSpec/KSPEC_ICS/GFA/Simul/kspec_gfa_controller/src/img/procimg
2025-07-29 15:22:08,799 [INFO] Deleted 0 raw files and 0 processed files.
