2026-03-17 13:46:23,960 [INFO] Initialized GFAEnvironment with role 'plate' and cameras [1, 2, 3, 4, 5, 6]
2026-03-17 13:46:23,960 [INFO] Initializing GFAGuider...
2026-03-17 13:46:23,960 [DEBUG] Raw dir       : /media/shyunc/DATA/KSpec/KSPEC_ICS/GFA/Simul/kspec_gfa_controller/src/img/raw
2026-03-17 13:46:23,960 [DEBUG] Final astro dir: /media/shyunc/DATA/KSpec/KSPEC_ICS/GFA/Simul/kspec_gfa_controller/src/img/astroimg/
2026-03-17 13:46:23,960 [DEBUG] Cutout dir    : /media/shyunc/DATA/KSpec/KSPEC_ICS/GFA/Simul/kspec_gfa_controller/src/img/cutout
2026-03-17 13:46:23,961 [DEBUG] Star catalog  : /media/shyunc/DATA/KSpec/KSPEC_ICS/GFA/Simul/kspec_gfa_controller/src/img/combined_star.fits
2026-03-17 13:46:23,961 [INFO] GFAGuider setup complete.
2026-03-17 13:46:23,962 [INFO] Initialized GFAEnvironment with role 'finder' and cameras [7]
2026-03-17 14:13:56,496 [INFO] [guiding] save=True, raw_save_path=/media/shyunc/DATA/KSpec/KSPEC_ICS/GFA/Simul/kspec_gfa_controller/src/img/raw, guiding_save_path=/media/shyunc/DATA/KSpec/KSPEC_ICS/GFA/Simul/kspec_gfa_controller/src/img/guiding_save/2026-03-17
2026-03-17 14:13:56,496 [INFO] Starting guiding sequence...
2026-03-17 14:13:56,496 [INFO] Ensuring astrometry outputs are ready (no procimg depeasync def guiding(ndency)...
2026-03-17 14:13:56,556 [INFO] Guiding test......
2026-03-17 14:14:26,561 [INFO] [guiding] save=True, raw_save_path=/media/shyunc/DATA/KSpec/KSPEC_ICS/GFA/Simul/kspec_gfa_controller/src/img/raw, guiding_save_path=/media/shyunc/DATA/KSpec/KSPEC_ICS/GFA/Simul/kspec_gfa_controller/src/img/guiding_save/2026-03-17
2026-03-17 14:14:26,561 [INFO] Starting guiding sequence...
2026-03-17 14:14:26,561 [INFO] Ensuring astrometry outputs are ready (no procimg depeasync def guiding(ndency)...
2026-03-17 14:14:26,621 [INFO] Guiding test......
2026-03-17 14:16:12,055 [INFO] [guiding] save=False, raw_save_path=/media/shyunc/DATA/KSpec/KSPEC_ICS/GFA/Simul/kspec_gfa_controller/src/img/raw, guiding_save_path=/media/shyunc/DATA/KSpec/KSPEC_ICS/GFA/Simul/kspec_gfa_controller/src/img/guiding_save/2026-03-17
2026-03-17 14:16:12,055 [INFO] Starting guiding sequence...
2026-03-17 14:16:12,055 [INFO] Ensuring astrometry outputs are ready (no procimg depeasync def guiding(ndency)...
2026-03-17 14:16:12,116 [INFO] Guiding test......
2026-03-17 14:23:43,056 [INFO] [guiding] save=False, raw_save_path=/media/shyunc/DATA/KSpec/KSPEC_ICS/GFA/Simul/kspec_gfa_controller/src/img/raw, guiding_save_path=/media/shyunc/DATA/KSpec/KSPEC_ICS/GFA/Simul/kspec_gfa_controller/src/img/guiding_save/2026-03-17
2026-03-17 14:23:43,056 [INFO] Starting guiding sequence...
2026-03-17 14:23:43,056 [INFO] Ensuring astrometry outputs are ready (no procimg depeasync def guiding(ndency)...
2026-03-17 14:23:43,117 [INFO] Guiding test......
2026-03-17 14:41:07,054 [INFO] [guiding] save=False, raw_save_path=/media/shyunc/DATA/KSpec/KSPEC_ICS/GFA/Simul/kspec_gfa_controller/src/img/raw, guiding_save_path=/media/shyunc/DATA/KSpec/KSPEC_ICS/GFA/Simul/kspec_gfa_controller/src/img/guiding_save/2026-03-17
2026-03-17 14:41:07,054 [INFO] Starting guiding sequence...
2026-03-17 14:41:07,054 [INFO] Ensuring astrometry outputs are ready (no procimg depeasync def guiding(ndency)...
2026-03-17 14:41:07,114 [INFO] Guiding test......
2026-03-17 14:41:37,118 [INFO] [guiding] save=False, raw_save_path=/media/shyunc/DATA/KSpec/KSPEC_ICS/GFA/Simul/kspec_gfa_controller/src/img/raw, guiding_save_path=/media/shyunc/DATA/KSpec/KSPEC_ICS/GFA/Simul/kspec_gfa_controller/src/img/guiding_save/2026-03-17
2026-03-17 14:41:37,119 [INFO] Starting guiding sequence...
2026-03-17 14:41:37,119 [INFO] Ensuring astrometry outputs are ready (no procimg depeasync def guiding(ndency)...
2026-03-17 14:41:37,180 [INFO] Guiding test......
2026-03-17 14:42:07,185 [INFO] [guiding] save=False, raw_save_path=/media/shyunc/DATA/KSpec/KSPEC_ICS/GFA/Simul/kspec_gfa_controller/src/img/raw, guiding_save_path=/media/shyunc/DATA/KSpec/KSPEC_ICS/GFA/Simul/kspec_gfa_controller/src/img/guiding_save/2026-03-17
2026-03-17 14:42:07,186 [INFO] Starting guiding sequence...
2026-03-17 14:42:07,186 [INFO] Ensuring astrometry outputs are ready (no procimg depeasync def guiding(ndency)...
2026-03-17 14:42:07,247 [INFO] Guiding test......
2026-03-17 15:14:36,067 [INFO] [guiding] save=False, raw_save_path=/media/shyunc/DATA/KSpec/KSPEC_ICS/GFA/Simul/kspec_gfa_controller/src/img/raw, guiding_save_path=/media/shyunc/DATA/KSpec/KSPEC_ICS/GFA/Simul/kspec_gfa_controller/src/img/guiding_save/2026-03-17
2026-03-17 15:14:36,067 [INFO] Starting guiding sequence...
2026-03-17 15:14:36,067 [INFO] Ensuring astrometry outputs are ready (no procimg depeasync def guiding(ndency)...
2026-03-17 15:14:36,130 [INFO] Guiding test......
2026-03-17 15:15:06,135 [INFO] [guiding] save=False, raw_save_path=/media/shyunc/DATA/KSpec/KSPEC_ICS/GFA/Simul/kspec_gfa_controller/src/img/raw, guiding_save_path=/media/shyunc/DATA/KSpec/KSPEC_ICS/GFA/Simul/kspec_gfa_controller/src/img/guiding_save/2026-03-17
2026-03-17 15:15:06,135 [INFO] Starting guiding sequence...
2026-03-17 15:15:06,136 [INFO] Ensuring astrometry outputs are ready (no procimg depeasync def guiding(ndency)...
2026-03-17 15:15:06,195 [INFO] Guiding test......
2026-03-17 15:15:36,199 [INFO] [guiding] save=False, raw_save_path=/media/shyunc/DATA/KSpec/KSPEC_ICS/GFA/Simul/kspec_gfa_controller/src/img/raw, guiding_save_path=/media/shyunc/DATA/KSpec/KSPEC_ICS/GFA/Simul/kspec_gfa_controller/src/img/guiding_save/2026-03-17
2026-03-17 15:15:36,200 [INFO] Starting guiding sequence...
2026-03-17 15:15:36,200 [INFO] Ensuring astrometry outputs are ready (no procimg depeasync def guiding(ndency)...
2026-03-17 15:15:36,261 [INFO] Guiding test......
2026-03-17 16:37:28,563 [INFO] [guiding] save=False, raw_save_path=/media/shyunc/DATA/KSpec/KSPEC_ICS/GFA/Simul/kspec_gfa_controller/src/img/raw, guiding_save_path=/media/shyunc/DATA/KSpec/KSPEC_ICS/GFA/Simul/kspec_gfa_controller/src/img/guiding_save/2026-03-17
2026-03-17 16:37:28,564 [INFO] Starting guiding sequence...
2026-03-17 16:37:28,564 [INFO] Ensuring astrometry outputs are ready (no procimg depeasync def guiding(ndency)...
2026-03-17 16:37:28,626 [INFO] Guiding test......
2026-03-17 16:42:35,063 [INFO] [guiding] save=False, raw_save_path=/media/shyunc/DATA/KSpec/KSPEC_ICS/GFA/Simul/kspec_gfa_controller/src/img/raw, guiding_save_path=/media/shyunc/DATA/KSpec/KSPEC_ICS/GFA/Simul/kspec_gfa_controller/src/img/guiding_save/2026-03-17
2026-03-17 16:42:35,063 [INFO] Starting guiding sequence...
2026-03-17 16:42:35,063 [INFO] Ensuring astrometry outputs are ready (no procimg depeasync def guiding(ndency)...
2026-03-17 16:42:35,132 [INFO] Guiding test......
2026-03-17 16:51:38,056 [INFO] [guiding] save=False, raw_save_path=/media/shyunc/DATA/KSpec/KSPEC_ICS/GFA/Simul/kspec_gfa_controller/src/img/raw, guiding_save_path=/media/shyunc/DATA/KSpec/KSPEC_ICS/GFA/Simul/kspec_gfa_controller/src/img/guiding_save/2026-03-17
2026-03-17 16:51:38,057 [INFO] Starting guiding sequence...
2026-03-17 16:51:38,057 [INFO] Ensuring astrometry outputs are ready (no procimg depeasync def guiding(ndency)...
2026-03-17 16:51:38,119 [INFO] Guiding test......
2026-03-17 17:06:50,055 [INFO] [guiding] save=False, raw_save_path=/media/shyunc/DATA/KSpec/KSPEC_ICS/GFA/Simul/kspec_gfa_controller/src/img/raw, guiding_save_path=/media/shyunc/DATA/KSpec/KSPEC_ICS/GFA/Simul/kspec_gfa_controller/src/img/guiding_save/2026-03-17
2026-03-17 17:06:50,055 [INFO] Starting guiding sequence...
2026-03-17 17:06:50,055 [INFO] Ensuring astrometry outputs are ready (no procimg depeasync def guiding(ndency)...
2026-03-17 17:06:50,117 [INFO] Guiding test......
2026-03-17 17:07:20,121 [INFO] [guiding] save=False, raw_save_path=/media/shyunc/DATA/KSpec/KSPEC_ICS/GFA/Simul/kspec_gfa_controller/src/img/raw, guiding_save_path=/media/shyunc/DATA/KSpec/KSPEC_ICS/GFA/Simul/kspec_gfa_controller/src/img/guiding_save/2026-03-17
2026-03-17 17:07:20,122 [INFO] Starting guiding sequence...
2026-03-17 17:07:20,122 [INFO] Ensuring astrometry outputs are ready (no procimg depeasync def guiding(ndency)...
2026-03-17 17:07:20,184 [INFO] Guiding test......
2026-03-17 17:07:50,189 [INFO] [guiding] save=False, raw_save_path=/media/shyunc/DATA/KSpec/KSPEC_ICS/GFA/Simul/kspec_gfa_controller/src/img/raw, guiding_save_path=/media/shyunc/DATA/KSpec/KSPEC_ICS/GFA/Simul/kspec_gfa_controller/src/img/guiding_save/2026-03-17
2026-03-17 17:07:50,190 [INFO] Starting guiding sequence...
2026-03-17 17:07:50,190 [INFO] Ensuring astrometry outputs are ready (no procimg depeasync def guiding(ndency)...
2026-03-17 17:07:50,252 [INFO] Guiding test......
2026-03-18 11:36:33,061 [INFO] [guiding] save=False, raw_save_path=/media/shyunc/DATA/KSpec/KSPEC_ICS/GFA/Simul/kspec_gfa_controller/src/img/raw, guiding_save_path=/media/shyunc/DATA/KSpec/KSPEC_ICS/GFA/Simul/kspec_gfa_controller/src/img/guiding_save/2026-03-18
2026-03-18 11:36:33,061 [INFO] Starting guiding sequence...
2026-03-18 11:36:33,061 [INFO] Ensuring astrometry outputs are ready (no procimg depeasync def guiding(ndency)...
2026-03-18 11:36:33,125 [INFO] Guiding test......
2026-03-18 11:37:03,131 [INFO] [guiding] save=False, raw_save_path=/media/shyunc/DATA/KSpec/KSPEC_ICS/GFA/Simul/kspec_gfa_controller/src/img/raw, guiding_save_path=/media/shyunc/DATA/KSpec/KSPEC_ICS/GFA/Simul/kspec_gfa_controller/src/img/guiding_save/2026-03-18
2026-03-18 11:37:03,131 [INFO] Starting guiding sequence...
2026-03-18 11:37:03,131 [INFO] Ensuring astrometry outputs are ready (no procimg depeasync def guiding(ndency)...
2026-03-18 11:37:03,192 [INFO] Guiding test......
2026-03-18 11:52:37,557 [INFO] [guiding] save=False, raw_save_path=/media/shyunc/DATA/KSpec/KSPEC_ICS/GFA/Simul/kspec_gfa_controller/src/img/raw, guiding_save_path=/media/shyunc/DATA/KSpec/KSPEC_ICS/GFA/Simul/kspec_gfa_controller/src/img/guiding_save/2026-03-18
2026-03-18 11:52:37,557 [INFO] Starting guiding sequence...
2026-03-18 11:52:37,557 [INFO] Ensuring astrometry outputs are ready (no procimg depeasync def guiding(ndency)...
2026-03-18 11:52:37,620 [INFO] Guiding test......
2026-03-18 11:53:07,624 [INFO] [guiding] save=False, raw_save_path=/media/shyunc/DATA/KSpec/KSPEC_ICS/GFA/Simul/kspec_gfa_controller/src/img/raw, guiding_save_path=/media/shyunc/DATA/KSpec/KSPEC_ICS/GFA/Simul/kspec_gfa_controller/src/img/guiding_save/2026-03-18
2026-03-18 11:53:07,624 [INFO] Starting guiding sequence...
2026-03-18 11:53:07,625 [INFO] Ensuring astrometry outputs are ready (no procimg depeasync def guiding(ndency)...
2026-03-18 11:53:07,687 [INFO] Guiding test......
2026-03-18 14:45:50,558 [INFO] [guiding] save=False, raw_save_path=/media/shyunc/DATA/KSpec/KSPEC_ICS/GFA/Simul/kspec_gfa_controller/src/img/raw, guiding_save_path=/media/shyunc/DATA/KSpec/KSPEC_ICS/GFA/Simul/kspec_gfa_controller/src/img/guiding_save/2026-03-18
2026-03-18 14:45:50,558 [INFO] Starting guiding sequence...
2026-03-18 14:45:50,559 [INFO] Ensuring astrometry outputs are ready (no procimg depeasync def guiding(ndency)...
2026-03-18 14:45:50,623 [INFO] Guiding test......
2026-03-18 14:46:20,628 [INFO] [guiding] save=False, raw_save_path=/media/shyunc/DATA/KSpec/KSPEC_ICS/GFA/Simul/kspec_gfa_controller/src/img/raw, guiding_save_path=/media/shyunc/DATA/KSpec/KSPEC_ICS/GFA/Simul/kspec_gfa_controller/src/img/guiding_save/2026-03-18
2026-03-18 14:46:20,628 [INFO] Starting guiding sequence...
2026-03-18 14:46:20,629 [INFO] Ensuring astrometry outputs are ready (no procimg depeasync def guiding(ndency)...
2026-03-18 14:46:20,688 [INFO] Guiding test......
2026-03-18 14:46:50,692 [INFO] [guiding] save=False, raw_save_path=/media/shyunc/DATA/KSpec/KSPEC_ICS/GFA/Simul/kspec_gfa_controller/src/img/raw, guiding_save_path=/media/shyunc/DATA/KSpec/KSPEC_ICS/GFA/Simul/kspec_gfa_controller/src/img/guiding_save/2026-03-18
2026-03-18 14:46:50,692 [INFO] Starting guiding sequence...
2026-03-18 14:46:50,692 [INFO] Ensuring astrometry outputs are ready (no procimg depeasync def guiding(ndency)...
2026-03-18 14:46:50,752 [INFO] Guiding test......
2026-03-18 14:47:20,758 [INFO] [guiding] save=False, raw_save_path=/media/shyunc/DATA/KSpec/KSPEC_ICS/GFA/Simul/kspec_gfa_controller/src/img/raw, guiding_save_path=/media/shyunc/DATA/KSpec/KSPEC_ICS/GFA/Simul/kspec_gfa_controller/src/img/guiding_save/2026-03-18
2026-03-18 14:47:20,758 [INFO] Starting guiding sequence...
2026-03-18 14:47:20,758 [INFO] Ensuring astrometry outputs are ready (no procimg depeasync def guiding(ndency)...
2026-03-18 14:47:20,819 [INFO] Guiding test......
2026-03-18 15:25:37,059 [INFO] [guiding] save=False, raw_save_path=/media/shyunc/DATA/KSpec/KSPEC_ICS/GFA/Simul/kspec_gfa_controller/src/img/raw, guiding_save_path=/media/shyunc/DATA/KSpec/KSPEC_ICS/GFA/Simul/kspec_gfa_controller/src/img/guiding_save/2026-03-18
2026-03-18 15:25:37,060 [INFO] Starting guiding sequence...
2026-03-18 15:25:37,060 [INFO] Ensuring astrometry outputs are ready (no procimg depeasync def guiding(ndency)...
2026-03-18 15:25:37,120 [INFO] Guiding test......
2026-03-18 15:26:07,126 [INFO] [guiding] save=False, raw_save_path=/media/shyunc/DATA/KSpec/KSPEC_ICS/GFA/Simul/kspec_gfa_controller/src/img/raw, guiding_save_path=/media/shyunc/DATA/KSpec/KSPEC_ICS/GFA/Simul/kspec_gfa_controller/src/img/guiding_save/2026-03-18
2026-03-18 15:26:07,126 [INFO] Starting guiding sequence...
2026-03-18 15:26:07,126 [INFO] Ensuring astrometry outputs are ready (no procimg depeasync def guiding(ndency)...
2026-03-18 15:26:07,188 [INFO] Guiding test......
2026-03-18 15:26:37,192 [INFO] [guiding] save=False, raw_save_path=/media/shyunc/DATA/KSpec/KSPEC_ICS/GFA/Simul/kspec_gfa_controller/src/img/raw, guiding_save_path=/media/shyunc/DATA/KSpec/KSPEC_ICS/GFA/Simul/kspec_gfa_controller/src/img/guiding_save/2026-03-18
2026-03-18 15:26:37,193 [INFO] Starting guiding sequence...
2026-03-18 15:26:37,193 [INFO] Ensuring astrometry outputs are ready (no procimg depeasync def guiding(ndency)...
2026-03-18 15:26:37,255 [INFO] Guiding test......
2026-03-18 15:27:07,260 [INFO] [guiding] save=False, raw_save_path=/media/shyunc/DATA/KSpec/KSPEC_ICS/GFA/Simul/kspec_gfa_controller/src/img/raw, guiding_save_path=/media/shyunc/DATA/KSpec/KSPEC_ICS/GFA/Simul/kspec_gfa_controller/src/img/guiding_save/2026-03-18
2026-03-18 15:27:07,260 [INFO] Starting guiding sequence...
2026-03-18 15:27:07,260 [INFO] Ensuring astrometry outputs are ready (no procimg depeasync def guiding(ndency)...
2026-03-18 15:27:07,324 [INFO] Guiding test......
2026-03-18 15:27:37,327 [INFO] [guiding] save=False, raw_save_path=/media/shyunc/DATA/KSpec/KSPEC_ICS/GFA/Simul/kspec_gfa_controller/src/img/raw, guiding_save_path=/media/shyunc/DATA/KSpec/KSPEC_ICS/GFA/Simul/kspec_gfa_controller/src/img/guiding_save/2026-03-18
2026-03-18 15:27:37,328 [INFO] Starting guiding sequence...
2026-03-18 15:27:37,328 [INFO] Ensuring astrometry outputs are ready (no procimg depeasync def guiding(ndency)...
2026-03-18 15:27:37,387 [INFO] Guiding test......
2026-03-18 15:28:07,393 [INFO] [guiding] save=False, raw_save_path=/media/shyunc/DATA/KSpec/KSPEC_ICS/GFA/Simul/kspec_gfa_controller/src/img/raw, guiding_save_path=/media/shyunc/DATA/KSpec/KSPEC_ICS/GFA/Simul/kspec_gfa_controller/src/img/guiding_save/2026-03-18
2026-03-18 15:28:07,393 [INFO] Starting guiding sequence...
2026-03-18 15:28:07,393 [INFO] Ensuring astrometry outputs are ready (no procimg depeasync def guiding(ndency)...
2026-03-18 15:28:07,454 [INFO] Guiding test......
2026-03-18 15:28:37,460 [INFO] [guiding] save=False, raw_save_path=/media/shyunc/DATA/KSpec/KSPEC_ICS/GFA/Simul/kspec_gfa_controller/src/img/raw, guiding_save_path=/media/shyunc/DATA/KSpec/KSPEC_ICS/GFA/Simul/kspec_gfa_controller/src/img/guiding_save/2026-03-18
2026-03-18 15:28:37,460 [INFO] Starting guiding sequence...
2026-03-18 15:28:37,461 [INFO] Ensuring astrometry outputs are ready (no procimg depeasync def guiding(ndency)...
2026-03-18 15:28:37,522 [INFO] Guiding test......
2026-03-18 15:29:07,526 [INFO] [guiding] save=False, raw_save_path=/media/shyunc/DATA/KSpec/KSPEC_ICS/GFA/Simul/kspec_gfa_controller/src/img/raw, guiding_save_path=/media/shyunc/DATA/KSpec/KSPEC_ICS/GFA/Simul/kspec_gfa_controller/src/img/guiding_save/2026-03-18
2026-03-18 15:29:07,527 [INFO] Starting guiding sequence...
2026-03-18 15:29:07,527 [INFO] Ensuring astrometry outputs are ready (no procimg depeasync def guiding(ndency)...
2026-03-18 15:29:07,588 [INFO] Guiding test......
2026-03-18 15:52:34,557 [INFO] [guiding] save=False, raw_save_path=/media/shyunc/DATA/KSpec/KSPEC_ICS/GFA/Simul/kspec_gfa_controller/src/img/raw, guiding_save_path=/media/shyunc/DATA/KSpec/KSPEC_ICS/GFA/Simul/kspec_gfa_controller/src/img/guiding_save/2026-03-18
2026-03-18 15:52:34,557 [INFO] Starting guiding sequence...
2026-03-18 15:52:34,557 [INFO] Ensuring astrometry outputs are ready (no procimg depeasync def guiding(ndency)...
2026-03-18 15:52:34,618 [INFO] Guiding test......
2026-03-18 15:53:04,622 [INFO] [guiding] save=False, raw_save_path=/media/shyunc/DATA/KSpec/KSPEC_ICS/GFA/Simul/kspec_gfa_controller/src/img/raw, guiding_save_path=/media/shyunc/DATA/KSpec/KSPEC_ICS/GFA/Simul/kspec_gfa_controller/src/img/guiding_save/2026-03-18
2026-03-18 15:53:04,622 [INFO] Starting guiding sequence...
2026-03-18 15:53:04,622 [INFO] Ensuring astrometry outputs are ready (no procimg depeasync def guiding(ndency)...
2026-03-18 15:53:04,683 [INFO] Guiding test......
2026-03-18 15:53:34,688 [INFO] [guiding] save=False, raw_save_path=/media/shyunc/DATA/KSpec/KSPEC_ICS/GFA/Simul/kspec_gfa_controller/src/img/raw, guiding_save_path=/media/shyunc/DATA/KSpec/KSPEC_ICS/GFA/Simul/kspec_gfa_controller/src/img/guiding_save/2026-03-18
2026-03-18 15:53:34,688 [INFO] Starting guiding sequence...
2026-03-18 15:53:34,689 [INFO] Ensuring astrometry outputs are ready (no procimg depeasync def guiding(ndency)...
2026-03-18 15:53:34,751 [INFO] Guiding test......
2026-03-18 15:54:04,754 [INFO] [guiding] save=False, raw_save_path=/media/shyunc/DATA/KSpec/KSPEC_ICS/GFA/Simul/kspec_gfa_controller/src/img/raw, guiding_save_path=/media/shyunc/DATA/KSpec/KSPEC_ICS/GFA/Simul/kspec_gfa_controller/src/img/guiding_save/2026-03-18
2026-03-18 15:54:04,755 [INFO] Starting guiding sequence...
2026-03-18 15:54:04,755 [INFO] Ensuring astrometry outputs are ready (no procimg depeasync def guiding(ndency)...
2026-03-18 15:54:04,814 [INFO] Guiding test......
2026-03-18 15:54:34,818 [INFO] [guiding] save=False, raw_save_path=/media/shyunc/DATA/KSpec/KSPEC_ICS/GFA/Simul/kspec_gfa_controller/src/img/raw, guiding_save_path=/media/shyunc/DATA/KSpec/KSPEC_ICS/GFA/Simul/kspec_gfa_controller/src/img/guiding_save/2026-03-18
2026-03-18 15:54:34,818 [INFO] Starting guiding sequence...
2026-03-18 15:54:34,819 [INFO] Ensuring astrometry outputs are ready (no procimg depeasync def guiding(ndency)...
2026-03-18 15:54:34,880 [INFO] Guiding test......
2026-03-18 15:55:04,885 [INFO] [guiding] save=False, raw_save_path=/media/shyunc/DATA/KSpec/KSPEC_ICS/GFA/Simul/kspec_gfa_controller/src/img/raw, guiding_save_path=/media/shyunc/DATA/KSpec/KSPEC_ICS/GFA/Simul/kspec_gfa_controller/src/img/guiding_save/2026-03-18
2026-03-18 15:55:04,886 [INFO] Starting guiding sequence...
2026-03-18 15:55:04,886 [INFO] Ensuring astrometry outputs are ready (no procimg depeasync def guiding(ndency)...
2026-03-18 15:55:04,949 [INFO] Guiding test......
2026-03-18 15:55:34,953 [INFO] [guiding] save=False, raw_save_path=/media/shyunc/DATA/KSpec/KSPEC_ICS/GFA/Simul/kspec_gfa_controller/src/img/raw, guiding_save_path=/media/shyunc/DATA/KSpec/KSPEC_ICS/GFA/Simul/kspec_gfa_controller/src/img/guiding_save/2026-03-18
2026-03-18 15:55:34,953 [INFO] Starting guiding sequence...
2026-03-18 15:55:34,953 [INFO] Ensuring astrometry outputs are ready (no procimg depeasync def guiding(ndency)...
2026-03-18 15:55:35,016 [INFO] Guiding test......
2026-03-18 16:10:41,050 [INFO] [guiding] save=False, raw_save_path=/media/shyunc/DATA/KSpec/KSPEC_ICS/GFA/Simul/kspec_gfa_controller/src/img/raw, guiding_save_path=/media/shyunc/DATA/KSpec/KSPEC_ICS/GFA/Simul/kspec_gfa_controller/src/img/guiding_save/2026-03-18
2026-03-18 16:10:41,050 [INFO] Starting guiding sequence...
2026-03-18 16:10:41,051 [INFO] Ensuring astrometry outputs are ready (no procimg depeasync def guiding(ndency)...
2026-03-18 16:10:41,111 [INFO] Guiding test......
2026-03-18 16:11:11,116 [INFO] [guiding] save=False, raw_save_path=/media/shyunc/DATA/KSpec/KSPEC_ICS/GFA/Simul/kspec_gfa_controller/src/img/raw, guiding_save_path=/media/shyunc/DATA/KSpec/KSPEC_ICS/GFA/Simul/kspec_gfa_controller/src/img/guiding_save/2026-03-18
2026-03-18 16:11:11,116 [INFO] Starting guiding sequence...
2026-03-18 16:11:11,116 [INFO] Ensuring astrometry outputs are ready (no procimg depeasync def guiding(ndency)...
2026-03-18 16:11:11,177 [INFO] Guiding test......
2026-03-18 16:11:41,180 [INFO] [guiding] save=False, raw_save_path=/media/shyunc/DATA/KSpec/KSPEC_ICS/GFA/Simul/kspec_gfa_controller/src/img/raw, guiding_save_path=/media/shyunc/DATA/KSpec/KSPEC_ICS/GFA/Simul/kspec_gfa_controller/src/img/guiding_save/2026-03-18
2026-03-18 16:11:41,180 [INFO] Starting guiding sequence...
2026-03-18 16:11:41,181 [INFO] Ensuring astrometry outputs are ready (no procimg depeasync def guiding(ndency)...
2026-03-18 16:11:41,241 [INFO] Guiding test......
2026-03-18 16:12:11,245 [INFO] [guiding] save=False, raw_save_path=/media/shyunc/DATA/KSpec/KSPEC_ICS/GFA/Simul/kspec_gfa_controller/src/img/raw, guiding_save_path=/media/shyunc/DATA/KSpec/KSPEC_ICS/GFA/Simul/kspec_gfa_controller/src/img/guiding_save/2026-03-18
2026-03-18 16:12:11,246 [INFO] Starting guiding sequence...
2026-03-18 16:12:11,246 [INFO] Ensuring astrometry outputs are ready (no procimg depeasync def guiding(ndency)...
2026-03-18 16:12:11,307 [INFO] Guiding test......
2026-03-18 16:12:41,310 [INFO] [guiding] save=False, raw_save_path=/media/shyunc/DATA/KSpec/KSPEC_ICS/GFA/Simul/kspec_gfa_controller/src/img/raw, guiding_save_path=/media/shyunc/DATA/KSpec/KSPEC_ICS/GFA/Simul/kspec_gfa_controller/src/img/guiding_save/2026-03-18
2026-03-18 16:12:41,311 [INFO] Starting guiding sequence...
2026-03-18 16:12:41,311 [INFO] Ensuring astrometry outputs are ready (no procimg depeasync def guiding(ndency)...
2026-03-18 16:12:41,369 [INFO] Guiding test......
2026-03-18 16:13:11,373 [INFO] [guiding] save=False, raw_save_path=/media/shyunc/DATA/KSpec/KSPEC_ICS/GFA/Simul/kspec_gfa_controller/src/img/raw, guiding_save_path=/media/shyunc/DATA/KSpec/KSPEC_ICS/GFA/Simul/kspec_gfa_controller/src/img/guiding_save/2026-03-18
2026-03-18 16:13:11,374 [INFO] Starting guiding sequence...
2026-03-18 16:13:11,374 [INFO] Ensuring astrometry outputs are ready (no procimg depeasync def guiding(ndency)...
2026-03-18 16:13:11,435 [INFO] Guiding test......
2026-03-18 16:13:41,437 [INFO] [guiding] save=False, raw_save_path=/media/shyunc/DATA/KSpec/KSPEC_ICS/GFA/Simul/kspec_gfa_controller/src/img/raw, guiding_save_path=/media/shyunc/DATA/KSpec/KSPEC_ICS/GFA/Simul/kspec_gfa_controller/src/img/guiding_save/2026-03-18
2026-03-18 16:13:41,438 [INFO] Starting guiding sequence...
2026-03-18 16:13:41,438 [INFO] Ensuring astrometry outputs are ready (no procimg depeasync def guiding(ndency)...
2026-03-18 16:13:41,503 [INFO] Guiding test......
2026-03-18 16:14:11,507 [INFO] [guiding] save=False, raw_save_path=/media/shyunc/DATA/KSpec/KSPEC_ICS/GFA/Simul/kspec_gfa_controller/src/img/raw, guiding_save_path=/media/shyunc/DATA/KSpec/KSPEC_ICS/GFA/Simul/kspec_gfa_controller/src/img/guiding_save/2026-03-18
2026-03-18 16:14:11,508 [INFO] Starting guiding sequence...
2026-03-18 16:14:11,508 [INFO] Ensuring astrometry outputs are ready (no procimg depeasync def guiding(ndency)...
2026-03-18 16:14:11,570 [INFO] Guiding test......
2026-03-18 16:14:41,574 [INFO] [guiding] save=False, raw_save_path=/media/shyunc/DATA/KSpec/KSPEC_ICS/GFA/Simul/kspec_gfa_controller/src/img/raw, guiding_save_path=/media/shyunc/DATA/KSpec/KSPEC_ICS/GFA/Simul/kspec_gfa_controller/src/img/guiding_save/2026-03-18
2026-03-18 16:14:41,575 [INFO] Starting guiding sequence...
2026-03-18 16:14:41,575 [INFO] Ensuring astrometry outputs are ready (no procimg depeasync def guiding(ndency)...
2026-03-18 16:14:41,637 [INFO] Guiding test......
2026-03-18 16:15:11,641 [INFO] [guiding] save=False, raw_save_path=/media/shyunc/DATA/KSpec/KSPEC_ICS/GFA/Simul/kspec_gfa_controller/src/img/raw, guiding_save_path=/media/shyunc/DATA/KSpec/KSPEC_ICS/GFA/Simul/kspec_gfa_controller/src/img/guiding_save/2026-03-18
2026-03-18 16:15:11,642 [INFO] Starting guiding sequence...
2026-03-18 16:15:11,642 [INFO] Ensuring astrometry outputs are ready (no procimg depeasync def guiding(ndency)...
2026-03-18 16:15:11,706 [INFO] Guiding test......
2026-03-18 16:15:41,711 [INFO] [guiding] save=False, raw_save_path=/media/shyunc/DATA/KSpec/KSPEC_ICS/GFA/Simul/kspec_gfa_controller/src/img/raw, guiding_save_path=/media/shyunc/DATA/KSpec/KSPEC_ICS/GFA/Simul/kspec_gfa_controller/src/img/guiding_save/2026-03-18
2026-03-18 16:15:41,711 [INFO] Starting guiding sequence...
2026-03-18 16:15:41,711 [INFO] Ensuring astrometry outputs are ready (no procimg depeasync def guiding(ndency)...
2026-03-18 16:15:41,776 [INFO] Guiding test......
2026-03-18 16:16:11,781 [INFO] [guiding] save=False, raw_save_path=/media/shyunc/DATA/KSpec/KSPEC_ICS/GFA/Simul/kspec_gfa_controller/src/img/raw, guiding_save_path=/media/shyunc/DATA/KSpec/KSPEC_ICS/GFA/Simul/kspec_gfa_controller/src/img/guiding_save/2026-03-18
2026-03-18 16:16:11,781 [INFO] Starting guiding sequence...
2026-03-18 16:16:11,782 [INFO] Ensuring astrometry outputs are ready (no procimg depeasync def guiding(ndency)...
2026-03-18 16:16:11,843 [INFO] Guiding test......
2026-03-18 16:16:41,847 [INFO] [guiding] save=False, raw_save_path=/media/shyunc/DATA/KSpec/KSPEC_ICS/GFA/Simul/kspec_gfa_controller/src/img/raw, guiding_save_path=/media/shyunc/DATA/KSpec/KSPEC_ICS/GFA/Simul/kspec_gfa_controller/src/img/guiding_save/2026-03-18
2026-03-18 16:16:41,848 [INFO] Starting guiding sequence...
2026-03-18 16:16:41,848 [INFO] Ensuring astrometry outputs are ready (no procimg depeasync def guiding(ndency)...
2026-03-18 16:16:41,911 [INFO] Guiding test......
2026-03-18 16:17:11,915 [INFO] [guiding] save=False, raw_save_path=/media/shyunc/DATA/KSpec/KSPEC_ICS/GFA/Simul/kspec_gfa_controller/src/img/raw, guiding_save_path=/media/shyunc/DATA/KSpec/KSPEC_ICS/GFA/Simul/kspec_gfa_controller/src/img/guiding_save/2026-03-18
2026-03-18 16:17:11,916 [INFO] Starting guiding sequence...
2026-03-18 16:17:11,917 [INFO] Ensuring astrometry outputs are ready (no procimg depeasync def guiding(ndency)...
2026-03-18 16:17:11,980 [INFO] Guiding test......
2026-03-18 17:07:38,056 [INFO] [guiding] save=False, raw_save_path=/media/shyunc/DATA/KSpec/KSPEC_ICS/GFA/Simul/kspec_gfa_controller/src/img/raw, guiding_save_path=/media/shyunc/DATA/KSpec/KSPEC_ICS/GFA/Simul/kspec_gfa_controller/src/img/guiding_save/2026-03-18
2026-03-18 17:07:38,057 [INFO] Starting guiding sequence...
2026-03-18 17:07:38,057 [INFO] Ensuring astrometry outputs are ready (no procimg depeasync def guiding(ndency)...
2026-03-18 17:07:38,142 [INFO] Guiding test......
2026-03-18 17:08:08,146 [INFO] [guiding] save=False, raw_save_path=/media/shyunc/DATA/KSpec/KSPEC_ICS/GFA/Simul/kspec_gfa_controller/src/img/raw, guiding_save_path=/media/shyunc/DATA/KSpec/KSPEC_ICS/GFA/Simul/kspec_gfa_controller/src/img/guiding_save/2026-03-18
2026-03-18 17:08:08,147 [INFO] Starting guiding sequence...
2026-03-18 17:08:08,147 [INFO] Ensuring astrometry outputs are ready (no procimg depeasync def guiding(ndency)...
2026-03-18 17:08:08,211 [INFO] Guiding test......
