2025-11-27 10:52:02,563 [INFO] Initialized GFAEnvironment with role 'plate' and cameras [1, 2, 3, 4, 5, 6]
2025-11-27 10:52:02,563 [INFO] Initializing gfa_astrometry class.
2025-11-27 10:52:02,564 [INFO] Initializing GFAGuider...
2025-11-27 10:52:02,564 [DEBUG] Processed dir: /media/shyunc/DATA/KSpec/KSPEC_ICS/GFA/Simul/kspec_gfa_controller/src/img/procimg
2025-11-27 10:52:02,564 [DEBUG] Final astro dir: /media/shyunc/DATA/KSpec/KSPEC_ICS/GFA/Simul/kspec_gfa_controller/src/img/astroimg/
2025-11-27 10:52:02,564 [DEBUG] Cutout dir: /media/shyunc/DATA/KSpec/KSPEC_ICS/GFA/Simul/kspec_gfa_controller/src/img/cutout
2025-11-27 10:52:02,564 [INFO] GFAGuider setup complete.
2025-11-27 10:52:02,564 [INFO] Initialized GFAEnvironment with role 'finder' and cameras [7]
2025-11-27 10:52:37,874 [INFO] Querying camera statuses...
2025-11-27 13:35:25,081 [INFO] Querying camera statuses...
2025-11-27 13:58:05,795 [INFO] Querying camera statuses...
2025-11-27 14:04:38,896 [INFO] Starting guiding sequence...
2025-11-27 14:04:38,897 [INFO] Grabbing raw image...
2025-11-27 14:04:43,899 [INFO] Running astrometry preprocessing...
2025-11-27 14:04:43,900 [INFO] Executing guider offset calculation...
2025-11-27 14:04:43,900 [INFO] Clearing temp astrometry data...
2025-11-27 14:04:43,901 [INFO] Deleting raw and processed files.
2025-11-27 14:04:43,903 [INFO] Deleted 0 files in directory: /media/shyunc/DATA/KSpec/KSPEC_ICS/GFA/Simul/kspec_gfa_controller/src/img/raw
2025-11-27 14:04:43,904 [INFO] Deleted 0 files in directory: /media/shyunc/DATA/KSpec/KSPEC_ICS/GFA/Simul/kspec_gfa_controller/src/img/procimg
2025-11-27 14:04:43,904 [INFO] Deleted 0 raw files and 0 processed files.
2025-11-27 14:05:13,907 [INFO] Starting guiding sequence...
2025-11-27 14:05:13,907 [INFO] Grabbing raw image...
2025-11-27 14:05:18,909 [INFO] Running astrometry preprocessing...
2025-11-27 14:05:18,910 [INFO] Executing guider offset calculation...
2025-11-27 14:05:18,911 [INFO] Clearing temp astrometry data...
2025-11-27 14:05:18,911 [INFO] Deleting raw and processed files.
2025-11-27 14:05:18,912 [INFO] Deleted 0 files in directory: /media/shyunc/DATA/KSpec/KSPEC_ICS/GFA/Simul/kspec_gfa_controller/src/img/raw
2025-11-27 14:05:18,913 [INFO] Deleted 0 files in directory: /media/shyunc/DATA/KSpec/KSPEC_ICS/GFA/Simul/kspec_gfa_controller/src/img/procimg
2025-11-27 14:05:18,913 [INFO] Deleted 0 raw files and 0 processed files.
2025-11-27 14:05:48,916 [INFO] Starting guiding sequence...
2025-11-27 14:05:48,919 [INFO] Grabbing raw image...
2025-11-27 14:05:53,922 [INFO] Running astrometry preprocessing...
2025-11-27 14:05:53,922 [INFO] Executing guider offset calculation...
2025-11-27 14:05:53,923 [INFO] Clearing temp astrometry data...
2025-11-27 14:05:53,924 [INFO] Deleting raw and processed files.
2025-11-27 14:05:53,925 [INFO] Deleted 0 files in directory: /media/shyunc/DATA/KSpec/KSPEC_ICS/GFA/Simul/kspec_gfa_controller/src/img/raw
2025-11-27 14:05:53,926 [INFO] Deleted 0 files in directory: /media/shyunc/DATA/KSpec/KSPEC_ICS/GFA/Simul/kspec_gfa_controller/src/img/procimg
2025-11-27 14:05:53,926 [INFO] Deleted 0 raw files and 0 processed files.
2025-11-27 14:06:23,928 [INFO] Starting guiding sequence...
2025-11-27 14:06:23,930 [INFO] Grabbing raw image...
2025-11-27 14:06:28,932 [INFO] Running astrometry preprocessing...
2025-11-27 14:06:28,932 [INFO] Executing guider offset calculation...
2025-11-27 14:06:28,933 [INFO] Clearing temp astrometry data...
2025-11-27 14:06:28,933 [INFO] Deleting raw and processed files.
2025-11-27 14:06:28,934 [INFO] Deleted 0 files in directory: /media/shyunc/DATA/KSpec/KSPEC_ICS/GFA/Simul/kspec_gfa_controller/src/img/raw
2025-11-27 14:06:28,935 [INFO] Deleted 0 files in directory: /media/shyunc/DATA/KSpec/KSPEC_ICS/GFA/Simul/kspec_gfa_controller/src/img/procimg
2025-11-27 14:06:28,936 [INFO] Deleted 0 raw files and 0 processed files.
2025-11-27 14:06:58,939 [INFO] Starting guiding sequence...
2025-11-27 14:06:58,941 [INFO] Grabbing raw image...
2025-11-27 14:07:03,943 [INFO] Running astrometry preprocessing...
2025-11-27 14:07:03,944 [INFO] Executing guider offset calculation...
2025-11-27 14:07:03,945 [INFO] Clearing temp astrometry data...
2025-11-27 14:07:03,945 [INFO] Deleting raw and processed files.
2025-11-27 14:07:03,946 [INFO] Deleted 0 files in directory: /media/shyunc/DATA/KSpec/KSPEC_ICS/GFA/Simul/kspec_gfa_controller/src/img/raw
2025-11-27 14:07:03,947 [INFO] Deleted 0 files in directory: /media/shyunc/DATA/KSpec/KSPEC_ICS/GFA/Simul/kspec_gfa_controller/src/img/procimg
2025-11-27 14:07:03,948 [INFO] Deleted 0 raw files and 0 processed files.
2025-11-27 14:07:33,950 [INFO] Starting guiding sequence...
2025-11-27 14:07:33,951 [INFO] Grabbing raw image...
2025-11-27 14:07:38,954 [INFO] Running astrometry preprocessing...
2025-11-27 14:07:38,954 [INFO] Executing guider offset calculation...
2025-11-27 14:07:38,955 [INFO] Clearing temp astrometry data...
2025-11-27 14:07:38,955 [INFO] Deleting raw and processed files.
2025-11-27 14:07:38,957 [INFO] Deleted 0 files in directory: /media/shyunc/DATA/KSpec/KSPEC_ICS/GFA/Simul/kspec_gfa_controller/src/img/raw
2025-11-27 14:07:38,958 [INFO] Deleted 0 files in directory: /media/shyunc/DATA/KSpec/KSPEC_ICS/GFA/Simul/kspec_gfa_controller/src/img/procimg
2025-11-27 14:07:38,958 [INFO] Deleted 0 raw files and 0 processed files.
2025-11-27 14:08:08,961 [INFO] Starting guiding sequence...
2025-11-27 14:08:08,963 [INFO] Grabbing raw image...
2025-11-27 14:08:13,965 [INFO] Running astrometry preprocessing...
2025-11-27 14:08:13,965 [INFO] Executing guider offset calculation...
2025-11-27 14:08:13,966 [INFO] Clearing temp astrometry data...
2025-11-27 14:08:13,967 [INFO] Deleting raw and processed files.
2025-11-27 14:08:13,968 [INFO] Deleted 0 files in directory: /media/shyunc/DATA/KSpec/KSPEC_ICS/GFA/Simul/kspec_gfa_controller/src/img/raw
2025-11-27 14:08:13,970 [INFO] Deleted 0 files in directory: /media/shyunc/DATA/KSpec/KSPEC_ICS/GFA/Simul/kspec_gfa_controller/src/img/procimg
2025-11-27 14:08:13,970 [INFO] Deleted 0 raw files and 0 processed files.
2025-11-27 14:25:54,040 [INFO] Starting guiding sequence...
2025-11-27 14:25:54,040 [INFO] Grabbing raw image...
2025-11-27 14:26:22,245 [INFO] Image save path: /media/shyunc/DATA/KSpec/KSPEC_ICS/GFA/Simul/kspec_gfa_controller/src/img/grab/2025-11-27
2025-11-27 14:26:22,246 [INFO] Grabbing from all plate cameras...
2025-11-27 14:26:22,246 [INFO] Grabbing from Cam1 (ExpTime=5.0, Binning=4)
2025-11-27 14:26:22,247 [INFO] Grabbing from Cam2 (ExpTime=5.0, Binning=4)
2025-11-27 14:26:22,247 [INFO] Grabbing from Cam3 (ExpTime=5.0, Binning=4)
2025-11-27 14:26:22,248 [INFO] Grabbing from Cam4 (ExpTime=5.0, Binning=4)
2025-11-27 14:26:22,248 [INFO] Grabbing from Cam5 (ExpTime=5.0, Binning=4)
2025-11-27 14:26:22,248 [INFO] Grabbing from Cam6 (ExpTime=5.0, Binning=4)
2025-11-27 18:17:56,804 [INFO] Querying camera statuses...
2025-11-27 18:19:41,685 [INFO] Image save path: /media/shyunc/DATA/KSpec/KSPEC_ICS/GFA/Simul/kspec_gfa_controller/src/img/grab/2025-11-27
2025-11-27 18:19:41,685 [INFO] Grabbing from all plate cameras...
2025-11-27 18:19:41,686 [INFO] Grabbing from Cam1 (ExpTime=6.0, Binning=4)
2025-11-27 18:19:41,686 [INFO] Grabbing from Cam2 (ExpTime=6.0, Binning=4)
2025-11-27 18:19:41,686 [INFO] Grabbing from Cam3 (ExpTime=6.0, Binning=4)
2025-11-27 18:19:41,686 [INFO] Grabbing from Cam4 (ExpTime=6.0, Binning=4)
2025-11-27 18:19:41,687 [INFO] Grabbing from Cam5 (ExpTime=6.0, Binning=4)
2025-11-27 18:19:41,687 [INFO] Grabbing from Cam6 (ExpTime=6.0, Binning=4)
2025-11-27 18:20:03,033 [INFO] Image save path: /media/shyunc/DATA/KSpec/KSPEC_ICS/GFA/Simul/kspec_gfa_controller/src/img/grab/2025-11-27
2025-11-27 18:20:03,033 [INFO] Grabbing from all plate cameras...
2025-11-27 18:20:03,033 [INFO] Grabbing from Cam1 (ExpTime=5.0, Binning=4)
2025-11-27 18:20:03,034 [INFO] Grabbing from Cam2 (ExpTime=5.0, Binning=4)
2025-11-27 18:20:03,034 [INFO] Grabbing from Cam3 (ExpTime=5.0, Binning=4)
2025-11-27 18:20:03,035 [INFO] Grabbing from Cam4 (ExpTime=5.0, Binning=4)
2025-11-27 18:20:03,035 [INFO] Grabbing from Cam5 (ExpTime=5.0, Binning=4)
2025-11-27 18:20:03,035 [INFO] Grabbing from Cam6 (ExpTime=5.0, Binning=4)
2025-11-27 18:20:14,844 [INFO] Image save path: /media/shyunc/DATA/KSpec/KSPEC_ICS/GFA/Simul/kspec_gfa_controller/src/img/grab/2025-11-27
2025-11-27 18:20:14,844 [INFO] Grabbing from all plate cameras...
2025-11-27 18:20:14,844 [INFO] Grabbing from Cam1 (ExpTime=10.0, Binning=4)
2025-11-27 18:20:14,845 [INFO] Grabbing from Cam2 (ExpTime=10.0, Binning=4)
2025-11-27 18:20:14,845 [INFO] Grabbing from Cam3 (ExpTime=10.0, Binning=4)
2025-11-27 18:20:14,845 [INFO] Grabbing from Cam4 (ExpTime=10.0, Binning=4)
2025-11-27 18:20:14,845 [INFO] Grabbing from Cam5 (ExpTime=10.0, Binning=4)
2025-11-27 18:20:14,846 [INFO] Grabbing from Cam6 (ExpTime=10.0, Binning=4)
2025-11-27 18:20:23,730 [INFO] Starting guiding sequence...
2025-11-27 18:20:23,732 [INFO] Grabbing raw image...
2025-11-27 18:20:28,734 [INFO] Running astrometry preprocessing...
2025-11-27 18:20:28,734 [INFO] Executing guider offset calculation...
2025-11-27 18:20:28,735 [INFO] Clearing temp astrometry data...
2025-11-27 18:20:28,735 [INFO] Deleting raw and processed files.
2025-11-27 18:20:28,736 [INFO] Deleted 0 files in directory: /media/shyunc/DATA/KSpec/KSPEC_ICS/GFA/Simul/kspec_gfa_controller/src/img/raw
2025-11-27 18:20:28,738 [INFO] Deleted 0 files in directory: /media/shyunc/DATA/KSpec/KSPEC_ICS/GFA/Simul/kspec_gfa_controller/src/img/procimg
2025-11-27 18:20:28,738 [INFO] Deleted 0 raw files and 0 processed files.
2025-11-27 18:20:58,740 [INFO] Starting guiding sequence...
2025-11-27 18:20:58,743 [INFO] Grabbing raw image...
2025-11-27 18:21:03,744 [INFO] Running astrometry preprocessing...
2025-11-27 18:21:03,745 [INFO] Executing guider offset calculation...
2025-11-27 18:21:03,745 [INFO] Clearing temp astrometry data...
2025-11-27 18:21:03,746 [INFO] Deleting raw and processed files.
2025-11-27 18:21:03,747 [INFO] Deleted 0 files in directory: /media/shyunc/DATA/KSpec/KSPEC_ICS/GFA/Simul/kspec_gfa_controller/src/img/raw
2025-11-27 18:21:03,748 [INFO] Deleted 0 files in directory: /media/shyunc/DATA/KSpec/KSPEC_ICS/GFA/Simul/kspec_gfa_controller/src/img/procimg
2025-11-27 18:21:03,748 [INFO] Deleted 0 raw files and 0 processed files.
2025-11-27 18:22:22,550 [INFO] Querying camera statuses...
2025-11-27 18:28:08,671 [INFO] Starting guiding sequence...
2025-11-27 18:28:08,672 [INFO] Grabbing raw image...
2025-11-27 18:28:13,674 [INFO] Running astrometry preprocessing...
2025-11-27 18:28:13,675 [INFO] Executing guider offset calculation...
2025-11-27 18:28:13,675 [INFO] Clearing temp astrometry data...
2025-11-27 18:28:13,676 [INFO] Deleting raw and processed files.
2025-11-27 18:28:13,677 [INFO] Deleted 0 files in directory: /media/shyunc/DATA/KSpec/KSPEC_ICS/GFA/Simul/kspec_gfa_controller/src/img/raw
2025-11-27 18:28:13,678 [INFO] Deleted 0 files in directory: /media/shyunc/DATA/KSpec/KSPEC_ICS/GFA/Simul/kspec_gfa_controller/src/img/procimg
2025-11-27 18:28:13,678 [INFO] Deleted 0 raw files and 0 processed files.
2025-11-27 18:28:19,204 [INFO] Starting guiding sequence...
2025-11-27 18:28:19,206 [INFO] Grabbing raw image...
2025-11-27 18:28:24,208 [INFO] Running astrometry preprocessing...
2025-11-27 18:28:24,208 [INFO] Executing guider offset calculation...
2025-11-27 18:28:24,209 [INFO] Clearing temp astrometry data...
2025-11-27 18:28:24,209 [INFO] Deleting raw and processed files.
2025-11-27 18:28:24,211 [INFO] Deleted 0 files in directory: /media/shyunc/DATA/KSpec/KSPEC_ICS/GFA/Simul/kspec_gfa_controller/src/img/raw
2025-11-27 18:28:24,211 [INFO] Deleted 0 files in directory: /media/shyunc/DATA/KSpec/KSPEC_ICS/GFA/Simul/kspec_gfa_controller/src/img/procimg
2025-11-27 18:28:24,212 [INFO] Deleted 0 raw files and 0 processed files.
2025-11-27 18:29:14,701 [INFO] Starting guiding sequence...
2025-11-27 18:29:14,702 [INFO] Grabbing raw image...
2025-11-27 18:29:19,703 [INFO] Running astrometry preprocessing...
2025-11-27 18:29:19,704 [INFO] Executing guider offset calculation...
2025-11-27 18:29:19,705 [INFO] Clearing temp astrometry data...
2025-11-27 18:29:19,705 [INFO] Deleting raw and processed files.
2025-11-27 18:29:19,706 [INFO] Deleted 0 files in directory: /media/shyunc/DATA/KSpec/KSPEC_ICS/GFA/Simul/kspec_gfa_controller/src/img/raw
2025-11-27 18:29:19,708 [INFO] Deleted 0 files in directory: /media/shyunc/DATA/KSpec/KSPEC_ICS/GFA/Simul/kspec_gfa_controller/src/img/procimg
2025-11-27 18:29:19,708 [INFO] Deleted 0 raw files and 0 processed files.
2025-11-27 18:29:29,674 [INFO] Starting guiding sequence...
2025-11-27 18:29:29,674 [INFO] Grabbing raw image...
2025-11-27 18:29:34,676 [INFO] Running astrometry preprocessing...
2025-11-27 18:29:34,677 [INFO] Executing guider offset calculation...
2025-11-27 18:29:34,677 [INFO] Clearing temp astrometry data...
2025-11-27 18:29:34,678 [INFO] Deleting raw and processed files.
2025-11-27 18:29:34,679 [INFO] Deleted 0 files in directory: /media/shyunc/DATA/KSpec/KSPEC_ICS/GFA/Simul/kspec_gfa_controller/src/img/raw
2025-11-27 18:29:34,681 [INFO] Deleted 0 files in directory: /media/shyunc/DATA/KSpec/KSPEC_ICS/GFA/Simul/kspec_gfa_controller/src/img/procimg
2025-11-27 18:29:34,681 [INFO] Deleted 0 raw files and 0 processed files.
2025-11-27 18:32:53,805 [INFO] Querying camera statuses...
2025-11-27 18:37:29,802 [INFO] Starting guiding sequence...
2025-11-27 18:37:29,804 [INFO] Grabbing raw image...
2025-11-27 18:37:34,805 [INFO] Running astrometry preprocessing...
2025-11-27 18:37:34,806 [INFO] Executing guider offset calculation...
2025-11-27 18:37:34,807 [INFO] Clearing temp astrometry data...
2025-11-27 18:37:34,807 [INFO] Deleting raw and processed files.
2025-11-27 18:37:34,809 [INFO] Deleted 0 files in directory: /media/shyunc/DATA/KSpec/KSPEC_ICS/GFA/Simul/kspec_gfa_controller/src/img/raw
2025-11-27 18:37:34,810 [INFO] Deleted 0 files in directory: /media/shyunc/DATA/KSpec/KSPEC_ICS/GFA/Simul/kspec_gfa_controller/src/img/procimg
2025-11-27 18:37:34,810 [INFO] Deleted 0 raw files and 0 processed files.
2025-11-27 18:37:40,394 [INFO] Image save path: /media/shyunc/DATA/KSpec/KSPEC_ICS/GFA/Simul/kspec_gfa_controller/src/img/grab/2025-11-27
2025-11-27 18:37:40,394 [INFO] Grabbing from all plate cameras...
2025-11-27 18:37:40,395 [INFO] Grabbing from Cam1 (ExpTime=7.0, Binning=4)
2025-11-27 18:37:40,395 [INFO] Grabbing from Cam2 (ExpTime=7.0, Binning=4)
2025-11-27 18:37:40,395 [INFO] Grabbing from Cam3 (ExpTime=7.0, Binning=4)
2025-11-27 18:37:40,395 [INFO] Grabbing from Cam4 (ExpTime=7.0, Binning=4)
2025-11-27 18:37:40,395 [INFO] Grabbing from Cam5 (ExpTime=7.0, Binning=4)
2025-11-27 18:37:40,395 [INFO] Grabbing from Cam6 (ExpTime=7.0, Binning=4)
2025-11-27 18:37:47,943 [INFO] Image save path: /media/shyunc/DATA/KSpec/KSPEC_ICS/GFA/Simul/kspec_gfa_controller/src/img/grab/2025-11-27
2025-11-27 18:37:47,943 [INFO] Grabbing from camera 3 (ExpTime=7.0, Binning=4)
2025-11-27 18:52:34,060 [INFO] Starting guiding sequence...
2025-11-27 18:52:34,062 [INFO] Grabbing raw image...
2025-11-27 18:52:39,064 [INFO] Running astrometry preprocessing...
2025-11-27 18:52:39,064 [INFO] Executing guider offset calculation...
2025-11-27 18:52:39,065 [INFO] Clearing temp astrometry data...
2025-11-27 18:52:39,066 [INFO] Deleting raw and processed files.
2025-11-27 18:52:39,067 [INFO] Deleted 0 files in directory: /media/shyunc/DATA/KSpec/KSPEC_ICS/GFA/Simul/kspec_gfa_controller/src/img/raw
2025-11-27 18:52:39,068 [INFO] Deleted 0 files in directory: /media/shyunc/DATA/KSpec/KSPEC_ICS/GFA/Simul/kspec_gfa_controller/src/img/procimg
2025-11-27 18:52:39,068 [INFO] Deleted 0 raw files and 0 processed files.
2025-11-27 18:53:09,070 [INFO] Starting guiding sequence...
2025-11-27 18:53:09,072 [INFO] Grabbing raw image...
2025-11-27 18:53:14,074 [INFO] Running astrometry preprocessing...
2025-11-27 18:53:14,075 [INFO] Executing guider offset calculation...
2025-11-27 18:53:14,075 [INFO] Clearing temp astrometry data...
2025-11-27 18:53:14,076 [INFO] Deleting raw and processed files.
2025-11-27 18:53:14,077 [INFO] Deleted 0 files in directory: /media/shyunc/DATA/KSpec/KSPEC_ICS/GFA/Simul/kspec_gfa_controller/src/img/raw
2025-11-27 18:53:14,078 [INFO] Deleted 0 files in directory: /media/shyunc/DATA/KSpec/KSPEC_ICS/GFA/Simul/kspec_gfa_controller/src/img/procimg
2025-11-27 18:53:14,078 [INFO] Deleted 0 raw files and 0 processed files.
2025-11-27 18:53:44,081 [INFO] Starting guiding sequence...
2025-11-27 18:53:44,083 [INFO] Grabbing raw image...
2025-11-27 18:53:49,084 [INFO] Running astrometry preprocessing...
2025-11-27 18:53:49,085 [INFO] Executing guider offset calculation...
2025-11-27 18:53:49,086 [INFO] Clearing temp astrometry data...
2025-11-27 18:53:49,086 [INFO] Deleting raw and processed files.
2025-11-27 18:53:49,087 [INFO] Deleted 0 files in directory: /media/shyunc/DATA/KSpec/KSPEC_ICS/GFA/Simul/kspec_gfa_controller/src/img/raw
2025-11-27 18:53:49,088 [INFO] Deleted 0 files in directory: /media/shyunc/DATA/KSpec/KSPEC_ICS/GFA/Simul/kspec_gfa_controller/src/img/procimg
2025-11-27 18:53:49,088 [INFO] Deleted 0 raw files and 0 processed files.
2025-11-27 18:54:19,092 [INFO] Starting guiding sequence...
2025-11-27 18:54:19,093 [INFO] Grabbing raw image...
2025-11-27 18:54:24,095 [INFO] Running astrometry preprocessing...
2025-11-27 18:54:24,095 [INFO] Executing guider offset calculation...
2025-11-27 18:54:24,096 [INFO] Clearing temp astrometry data...
2025-11-27 18:54:24,096 [INFO] Deleting raw and processed files.
2025-11-27 18:54:24,097 [INFO] Deleted 0 files in directory: /media/shyunc/DATA/KSpec/KSPEC_ICS/GFA/Simul/kspec_gfa_controller/src/img/raw
2025-11-27 18:54:24,099 [INFO] Deleted 0 files in directory: /media/shyunc/DATA/KSpec/KSPEC_ICS/GFA/Simul/kspec_gfa_controller/src/img/procimg
2025-11-27 18:54:24,099 [INFO] Deleted 0 raw files and 0 processed files.
2025-11-27 18:54:54,103 [INFO] Starting guiding sequence...
2025-11-27 18:54:54,105 [INFO] Grabbing raw image...
2025-11-27 18:54:59,107 [INFO] Running astrometry preprocessing...
2025-11-27 18:54:59,108 [INFO] Executing guider offset calculation...
2025-11-27 18:54:59,108 [INFO] Clearing temp astrometry data...
2025-11-27 18:54:59,109 [INFO] Deleting raw and processed files.
2025-11-27 18:54:59,110 [INFO] Deleted 0 files in directory: /media/shyunc/DATA/KSpec/KSPEC_ICS/GFA/Simul/kspec_gfa_controller/src/img/raw
2025-11-27 18:54:59,111 [INFO] Deleted 0 files in directory: /media/shyunc/DATA/KSpec/KSPEC_ICS/GFA/Simul/kspec_gfa_controller/src/img/procimg
2025-11-27 18:54:59,112 [INFO] Deleted 0 raw files and 0 processed files.
2025-11-27 18:55:29,114 [INFO] Starting guiding sequence...
2025-11-27 18:55:29,116 [INFO] Grabbing raw image...
2025-11-27 18:55:34,118 [INFO] Running astrometry preprocessing...
2025-11-27 18:55:34,119 [INFO] Executing guider offset calculation...
2025-11-27 18:55:34,119 [INFO] Clearing temp astrometry data...
2025-11-27 18:55:34,120 [INFO] Deleting raw and processed files.
2025-11-27 18:55:34,121 [INFO] Deleted 0 files in directory: /media/shyunc/DATA/KSpec/KSPEC_ICS/GFA/Simul/kspec_gfa_controller/src/img/raw
2025-11-27 18:55:34,122 [INFO] Deleted 0 files in directory: /media/shyunc/DATA/KSpec/KSPEC_ICS/GFA/Simul/kspec_gfa_controller/src/img/procimg
2025-11-27 18:55:34,122 [INFO] Deleted 0 raw files and 0 processed files.
2025-11-27 18:56:04,124 [INFO] Starting guiding sequence...
2025-11-27 18:56:04,127 [INFO] Grabbing raw image...
2025-11-27 18:56:09,128 [INFO] Running astrometry preprocessing...
2025-11-27 18:56:09,129 [INFO] Executing guider offset calculation...
2025-11-27 18:56:09,130 [INFO] Clearing temp astrometry data...
2025-11-27 18:56:09,131 [INFO] Deleting raw and processed files.
2025-11-27 18:56:09,132 [INFO] Deleted 0 files in directory: /media/shyunc/DATA/KSpec/KSPEC_ICS/GFA/Simul/kspec_gfa_controller/src/img/raw
2025-11-27 18:56:09,133 [INFO] Deleted 0 files in directory: /media/shyunc/DATA/KSpec/KSPEC_ICS/GFA/Simul/kspec_gfa_controller/src/img/procimg
2025-11-27 18:56:09,133 [INFO] Deleted 0 raw files and 0 processed files.
2025-11-27 18:57:50,886 [INFO] Starting guiding sequence...
2025-11-27 18:57:50,886 [INFO] Grabbing raw image...
2025-11-27 18:57:55,887 [INFO] Running astrometry preprocessing...
2025-11-27 18:57:55,888 [INFO] Executing guider offset calculation...
2025-11-27 18:57:55,889 [INFO] Clearing temp astrometry data...
2025-11-27 18:57:55,889 [INFO] Deleting raw and processed files.
2025-11-27 18:57:55,890 [INFO] Deleted 0 files in directory: /media/shyunc/DATA/KSpec/KSPEC_ICS/GFA/Simul/kspec_gfa_controller/src/img/raw
2025-11-27 18:57:55,891 [INFO] Deleted 0 files in directory: /media/shyunc/DATA/KSpec/KSPEC_ICS/GFA/Simul/kspec_gfa_controller/src/img/procimg
2025-11-27 18:57:55,891 [INFO] Deleted 0 raw files and 0 processed files.
2025-11-27 18:58:25,893 [INFO] Starting guiding sequence...
2025-11-27 18:58:25,895 [INFO] Grabbing raw image...
2025-11-27 18:58:30,897 [INFO] Running astrometry preprocessing...
2025-11-27 18:58:30,898 [INFO] Executing guider offset calculation...
2025-11-27 18:58:30,899 [INFO] Clearing temp astrometry data...
2025-11-27 18:58:30,899 [INFO] Deleting raw and processed files.
2025-11-27 18:58:30,900 [INFO] Deleted 0 files in directory: /media/shyunc/DATA/KSpec/KSPEC_ICS/GFA/Simul/kspec_gfa_controller/src/img/raw
2025-11-27 18:58:30,901 [INFO] Deleted 0 files in directory: /media/shyunc/DATA/KSpec/KSPEC_ICS/GFA/Simul/kspec_gfa_controller/src/img/procimg
2025-11-27 18:58:30,902 [INFO] Deleted 0 raw files and 0 processed files.
2025-11-27 18:59:00,904 [INFO] Starting guiding sequence...
2025-11-27 18:59:00,905 [INFO] Grabbing raw image...
2025-11-27 18:59:05,906 [INFO] Running astrometry preprocessing...
2025-11-27 18:59:05,907 [INFO] Executing guider offset calculation...
2025-11-27 18:59:05,907 [INFO] Clearing temp astrometry data...
2025-11-27 18:59:05,908 [INFO] Deleting raw and processed files.
2025-11-27 18:59:05,909 [INFO] Deleted 0 files in directory: /media/shyunc/DATA/KSpec/KSPEC_ICS/GFA/Simul/kspec_gfa_controller/src/img/raw
2025-11-27 18:59:05,910 [INFO] Deleted 0 files in directory: /media/shyunc/DATA/KSpec/KSPEC_ICS/GFA/Simul/kspec_gfa_controller/src/img/procimg
2025-11-27 18:59:05,910 [INFO] Deleted 0 raw files and 0 processed files.
2025-11-27 18:59:35,912 [INFO] Starting guiding sequence...
2025-11-27 18:59:35,914 [INFO] Grabbing raw image...
2025-11-27 18:59:40,916 [INFO] Running astrometry preprocessing...
2025-11-27 18:59:40,917 [INFO] Executing guider offset calculation...
2025-11-27 18:59:40,917 [INFO] Clearing temp astrometry data...
2025-11-27 18:59:40,918 [INFO] Deleting raw and processed files.
2025-11-27 18:59:40,919 [INFO] Deleted 0 files in directory: /media/shyunc/DATA/KSpec/KSPEC_ICS/GFA/Simul/kspec_gfa_controller/src/img/raw
2025-11-27 18:59:40,920 [INFO] Deleted 0 files in directory: /media/shyunc/DATA/KSpec/KSPEC_ICS/GFA/Simul/kspec_gfa_controller/src/img/procimg
2025-11-27 18:59:40,920 [INFO] Deleted 0 raw files and 0 processed files.
2025-11-27 19:00:10,923 [INFO] Starting guiding sequence...
2025-11-27 19:00:10,925 [INFO] Grabbing raw image...
2025-11-27 19:00:15,927 [INFO] Running astrometry preprocessing...
2025-11-27 19:00:15,928 [INFO] Executing guider offset calculation...
2025-11-27 19:00:15,928 [INFO] Clearing temp astrometry data...
2025-11-27 19:00:15,929 [INFO] Deleting raw and processed files.
2025-11-27 19:00:15,930 [INFO] Deleted 0 files in directory: /media/shyunc/DATA/KSpec/KSPEC_ICS/GFA/Simul/kspec_gfa_controller/src/img/raw
2025-11-27 19:00:15,931 [INFO] Deleted 0 files in directory: /media/shyunc/DATA/KSpec/KSPEC_ICS/GFA/Simul/kspec_gfa_controller/src/img/procimg
2025-11-27 19:00:15,932 [INFO] Deleted 0 raw files and 0 processed files.
