2025-08-13 10:26:03,060 [INFO] Initialized GFAEnvironment with role 'plate' and cameras [1, 2, 3, 4, 5, 6]
2025-08-13 10:26:03,060 [INFO] Initializing gfa_astrometry class.
2025-08-13 10:26:03,060 [INFO] Initializing GFAGuider...
2025-08-13 10:26:03,060 [DEBUG] Processed dir: /media/shyunc/DATA/KSpec/KSPEC_ICS/GFA/Simul/kspec_gfa_controller/src/img/procimg
2025-08-13 10:26:03,060 [DEBUG] Final astro dir: /media/shyunc/DATA/KSpec/KSPEC_ICS/GFA/Simul/kspec_gfa_controller/src/img/astroimg/
2025-08-13 10:26:03,060 [DEBUG] Cutout dir: /media/shyunc/DATA/KSpec/KSPEC_ICS/GFA/Simul/kspec_gfa_controller/src/img/cutout
2025-08-13 10:26:03,061 [INFO] GFAGuider setup complete.
2025-08-13 10:26:03,061 [INFO] Initialized GFAEnvironment with role 'finder' and cameras [7]
2025-08-13 10:28:40,060 [INFO] Starting guiding sequence...
2025-08-13 10:28:40,061 [INFO] Grabbing raw image...
2025-08-13 10:28:45,062 [INFO] Running astrometry preprocessing...
2025-08-13 10:28:45,063 [INFO] Executing guider offset calculation...
2025-08-13 10:28:45,063 [INFO] Clearing temp astrometry data...
2025-08-13 10:28:45,063 [INFO] Deleting raw and processed files.
2025-08-13 10:28:45,064 [INFO] Deleted 0 files in directory: /media/shyunc/DATA/KSpec/KSPEC_ICS/GFA/Simul/kspec_gfa_controller/src/img/raw
2025-08-13 10:28:45,065 [INFO] Deleted 0 files in directory: /media/shyunc/DATA/KSpec/KSPEC_ICS/GFA/Simul/kspec_gfa_controller/src/img/procimg
2025-08-13 10:28:45,065 [INFO] Deleted 0 raw files and 0 processed files.
2025-08-13 10:29:15,069 [INFO] Starting guiding sequence...
2025-08-13 10:29:15,071 [INFO] Grabbing raw image...
2025-08-13 10:29:20,073 [INFO] Running astrometry preprocessing...
2025-08-13 10:29:20,074 [INFO] Executing guider offset calculation...
2025-08-13 10:29:20,075 [INFO] Clearing temp astrometry data...
2025-08-13 10:29:20,075 [INFO] Deleting raw and processed files.
2025-08-13 10:29:20,077 [INFO] Deleted 0 files in directory: /media/shyunc/DATA/KSpec/KSPEC_ICS/GFA/Simul/kspec_gfa_controller/src/img/raw
2025-08-13 10:29:20,078 [INFO] Deleted 0 files in directory: /media/shyunc/DATA/KSpec/KSPEC_ICS/GFA/Simul/kspec_gfa_controller/src/img/procimg
2025-08-13 10:29:20,078 [INFO] Deleted 0 raw files and 0 processed files.
2025-08-13 10:29:50,082 [INFO] Starting guiding sequence...
2025-08-13 10:29:50,084 [INFO] Grabbing raw image...
2025-08-13 10:29:55,087 [INFO] Running astrometry preprocessing...
2025-08-13 10:29:55,087 [INFO] Executing guider offset calculation...
2025-08-13 10:29:55,088 [INFO] Clearing temp astrometry data...
2025-08-13 10:29:55,089 [INFO] Deleting raw and processed files.
2025-08-13 10:29:55,090 [INFO] Deleted 0 files in directory: /media/shyunc/DATA/KSpec/KSPEC_ICS/GFA/Simul/kspec_gfa_controller/src/img/raw
2025-08-13 10:29:55,090 [INFO] Deleted 0 files in directory: /media/shyunc/DATA/KSpec/KSPEC_ICS/GFA/Simul/kspec_gfa_controller/src/img/procimg
2025-08-13 10:29:55,090 [INFO] Deleted 0 raw files and 0 processed files.
2025-08-13 10:30:25,096 [INFO] Starting guiding sequence...
2025-08-13 10:30:25,098 [INFO] Grabbing raw image...
2025-08-13 10:30:30,100 [INFO] Running astrometry preprocessing...
2025-08-13 10:30:30,101 [INFO] Executing guider offset calculation...
2025-08-13 10:30:30,101 [INFO] Clearing temp astrometry data...
2025-08-13 10:30:30,102 [INFO] Deleting raw and processed files.
2025-08-13 10:30:30,103 [INFO] Deleted 0 files in directory: /media/shyunc/DATA/KSpec/KSPEC_ICS/GFA/Simul/kspec_gfa_controller/src/img/raw
2025-08-13 10:30:30,104 [INFO] Deleted 0 files in directory: /media/shyunc/DATA/KSpec/KSPEC_ICS/GFA/Simul/kspec_gfa_controller/src/img/procimg
2025-08-13 10:30:30,104 [INFO] Deleted 0 raw files and 0 processed files.
2025-08-13 10:31:00,108 [INFO] Starting guiding sequence...
2025-08-13 10:31:00,110 [INFO] Grabbing raw image...
2025-08-13 10:31:05,112 [INFO] Running astrometry preprocessing...
2025-08-13 10:31:05,113 [INFO] Executing guider offset calculation...
2025-08-13 10:31:05,114 [INFO] Clearing temp astrometry data...
2025-08-13 10:31:05,114 [INFO] Deleting raw and processed files.
2025-08-13 10:31:05,115 [INFO] Deleted 0 files in directory: /media/shyunc/DATA/KSpec/KSPEC_ICS/GFA/Simul/kspec_gfa_controller/src/img/raw
2025-08-13 10:31:05,116 [INFO] Deleted 0 files in directory: /media/shyunc/DATA/KSpec/KSPEC_ICS/GFA/Simul/kspec_gfa_controller/src/img/procimg
2025-08-13 10:31:05,116 [INFO] Deleted 0 raw files and 0 processed files.
2025-08-13 10:48:43,064 [INFO] Starting guiding sequence...
2025-08-13 10:48:43,066 [INFO] Grabbing raw image...
2025-08-13 10:48:48,068 [INFO] Running astrometry preprocessing...
2025-08-13 10:48:48,069 [INFO] Executing guider offset calculation...
2025-08-13 10:48:48,069 [INFO] Clearing temp astrometry data...
2025-08-13 10:48:48,069 [INFO] Deleting raw and processed files.
2025-08-13 10:48:48,070 [INFO] Deleted 0 files in directory: /media/shyunc/DATA/KSpec/KSPEC_ICS/GFA/Simul/kspec_gfa_controller/src/img/raw
2025-08-13 10:48:48,071 [INFO] Deleted 0 files in directory: /media/shyunc/DATA/KSpec/KSPEC_ICS/GFA/Simul/kspec_gfa_controller/src/img/procimg
2025-08-13 10:48:48,071 [INFO] Deleted 0 raw files and 0 processed files.
2025-08-13 10:49:18,073 [INFO] Starting guiding sequence...
2025-08-13 10:49:18,075 [INFO] Grabbing raw image...
2025-08-13 10:49:23,076 [INFO] Running astrometry preprocessing...
2025-08-13 10:49:23,077 [INFO] Executing guider offset calculation...
2025-08-13 10:49:23,078 [INFO] Clearing temp astrometry data...
2025-08-13 10:49:23,079 [INFO] Deleting raw and processed files.
2025-08-13 10:49:23,080 [INFO] Deleted 0 files in directory: /media/shyunc/DATA/KSpec/KSPEC_ICS/GFA/Simul/kspec_gfa_controller/src/img/raw
2025-08-13 10:49:23,081 [INFO] Deleted 0 files in directory: /media/shyunc/DATA/KSpec/KSPEC_ICS/GFA/Simul/kspec_gfa_controller/src/img/procimg
2025-08-13 10:49:23,081 [INFO] Deleted 0 raw files and 0 processed files.
2025-08-13 10:49:53,084 [INFO] Starting guiding sequence...
2025-08-13 10:49:53,086 [INFO] Grabbing raw image...
2025-08-13 10:49:58,088 [INFO] Running astrometry preprocessing...
2025-08-13 10:49:58,088 [INFO] Executing guider offset calculation...
2025-08-13 10:49:58,089 [INFO] Clearing temp astrometry data...
2025-08-13 10:49:58,089 [INFO] Deleting raw and processed files.
2025-08-13 10:49:58,090 [INFO] Deleted 0 files in directory: /media/shyunc/DATA/KSpec/KSPEC_ICS/GFA/Simul/kspec_gfa_controller/src/img/raw
2025-08-13 10:49:58,091 [INFO] Deleted 0 files in directory: /media/shyunc/DATA/KSpec/KSPEC_ICS/GFA/Simul/kspec_gfa_controller/src/img/procimg
2025-08-13 10:49:58,091 [INFO] Deleted 0 raw files and 0 processed files.
2025-08-13 10:50:28,096 [INFO] Starting guiding sequence...
2025-08-13 10:50:28,098 [INFO] Grabbing raw image...
2025-08-13 10:50:33,100 [INFO] Running astrometry preprocessing...
2025-08-13 10:50:33,101 [INFO] Executing guider offset calculation...
2025-08-13 10:50:33,101 [INFO] Clearing temp astrometry data...
2025-08-13 10:50:33,102 [INFO] Deleting raw and processed files.
2025-08-13 10:50:33,103 [INFO] Deleted 0 files in directory: /media/shyunc/DATA/KSpec/KSPEC_ICS/GFA/Simul/kspec_gfa_controller/src/img/raw
2025-08-13 10:50:33,104 [INFO] Deleted 0 files in directory: /media/shyunc/DATA/KSpec/KSPEC_ICS/GFA/Simul/kspec_gfa_controller/src/img/procimg
2025-08-13 10:50:33,104 [INFO] Deleted 0 raw files and 0 processed files.
2025-08-13 10:51:03,108 [INFO] Starting guiding sequence...
2025-08-13 10:51:03,110 [INFO] Grabbing raw image...
2025-08-13 10:51:08,111 [INFO] Running astrometry preprocessing...
2025-08-13 10:51:08,112 [INFO] Executing guider offset calculation...
2025-08-13 10:51:08,113 [INFO] Clearing temp astrometry data...
2025-08-13 10:51:08,113 [INFO] Deleting raw and processed files.
2025-08-13 10:51:08,115 [INFO] Deleted 0 files in directory: /media/shyunc/DATA/KSpec/KSPEC_ICS/GFA/Simul/kspec_gfa_controller/src/img/raw
2025-08-13 10:51:08,116 [INFO] Deleted 0 files in directory: /media/shyunc/DATA/KSpec/KSPEC_ICS/GFA/Simul/kspec_gfa_controller/src/img/procimg
2025-08-13 10:51:08,116 [INFO] Deleted 0 raw files and 0 processed files.
2025-08-13 11:09:47,061 [INFO] Starting guiding sequence...
2025-08-13 11:09:47,063 [INFO] Grabbing raw image...
2025-08-13 11:09:52,065 [INFO] Running astrometry preprocessing...
2025-08-13 11:09:52,065 [INFO] Executing guider offset calculation...
2025-08-13 11:09:52,066 [INFO] Clearing temp astrometry data...
2025-08-13 11:09:52,066 [INFO] Deleting raw and processed files.
2025-08-13 11:09:52,067 [INFO] Deleted 0 files in directory: /media/shyunc/DATA/KSpec/KSPEC_ICS/GFA/Simul/kspec_gfa_controller/src/img/raw
2025-08-13 11:09:52,067 [INFO] Deleted 0 files in directory: /media/shyunc/DATA/KSpec/KSPEC_ICS/GFA/Simul/kspec_gfa_controller/src/img/procimg
2025-08-13 11:09:52,067 [INFO] Deleted 0 raw files and 0 processed files.
2025-08-13 11:10:22,070 [INFO] Starting guiding sequence...
2025-08-13 11:10:22,072 [INFO] Grabbing raw image...
2025-08-13 11:10:27,073 [INFO] Running astrometry preprocessing...
2025-08-13 11:10:27,074 [INFO] Executing guider offset calculation...
2025-08-13 11:10:27,075 [INFO] Clearing temp astrometry data...
2025-08-13 11:10:27,075 [INFO] Deleting raw and processed files.
2025-08-13 11:10:27,076 [INFO] Deleted 0 files in directory: /media/shyunc/DATA/KSpec/KSPEC_ICS/GFA/Simul/kspec_gfa_controller/src/img/raw
2025-08-13 11:10:27,077 [INFO] Deleted 0 files in directory: /media/shyunc/DATA/KSpec/KSPEC_ICS/GFA/Simul/kspec_gfa_controller/src/img/procimg
2025-08-13 11:10:27,077 [INFO] Deleted 0 raw files and 0 processed files.
2025-08-13 11:10:57,081 [INFO] Starting guiding sequence...
2025-08-13 11:10:57,084 [INFO] Grabbing raw image...
2025-08-13 11:11:02,086 [INFO] Running astrometry preprocessing...
2025-08-13 11:11:02,087 [INFO] Executing guider offset calculation...
2025-08-13 11:11:02,088 [INFO] Clearing temp astrometry data...
2025-08-13 11:11:02,088 [INFO] Deleting raw and processed files.
2025-08-13 11:11:02,089 [INFO] Deleted 0 files in directory: /media/shyunc/DATA/KSpec/KSPEC_ICS/GFA/Simul/kspec_gfa_controller/src/img/raw
2025-08-13 11:11:02,090 [INFO] Deleted 0 files in directory: /media/shyunc/DATA/KSpec/KSPEC_ICS/GFA/Simul/kspec_gfa_controller/src/img/procimg
2025-08-13 11:11:02,090 [INFO] Deleted 0 raw files and 0 processed files.
2025-08-13 11:11:32,093 [INFO] Starting guiding sequence...
2025-08-13 11:11:32,095 [INFO] Grabbing raw image...
2025-08-13 11:11:37,097 [INFO] Running astrometry preprocessing...
2025-08-13 11:11:37,098 [INFO] Executing guider offset calculation...
2025-08-13 11:11:37,098 [INFO] Clearing temp astrometry data...
2025-08-13 11:11:37,099 [INFO] Deleting raw and processed files.
2025-08-13 11:11:37,101 [INFO] Deleted 0 files in directory: /media/shyunc/DATA/KSpec/KSPEC_ICS/GFA/Simul/kspec_gfa_controller/src/img/raw
2025-08-13 11:11:37,101 [INFO] Deleted 0 files in directory: /media/shyunc/DATA/KSpec/KSPEC_ICS/GFA/Simul/kspec_gfa_controller/src/img/procimg
2025-08-13 11:11:37,101 [INFO] Deleted 0 raw files and 0 processed files.
2025-08-13 11:12:07,105 [INFO] Starting guiding sequence...
2025-08-13 11:12:07,107 [INFO] Grabbing raw image...
2025-08-13 11:12:12,108 [INFO] Running astrometry preprocessing...
2025-08-13 11:12:12,109 [INFO] Executing guider offset calculation...
2025-08-13 11:12:12,110 [INFO] Clearing temp astrometry data...
2025-08-13 11:12:12,111 [INFO] Deleting raw and processed files.
2025-08-13 11:12:12,112 [INFO] Deleted 0 files in directory: /media/shyunc/DATA/KSpec/KSPEC_ICS/GFA/Simul/kspec_gfa_controller/src/img/raw
2025-08-13 11:12:12,112 [INFO] Deleted 0 files in directory: /media/shyunc/DATA/KSpec/KSPEC_ICS/GFA/Simul/kspec_gfa_controller/src/img/procimg
2025-08-13 11:12:12,113 [INFO] Deleted 0 raw files and 0 processed files.
2025-08-13 11:19:47,063 [INFO] Starting guiding sequence...
2025-08-13 11:19:47,064 [INFO] Grabbing raw image...
2025-08-13 11:19:52,064 [INFO] Running astrometry preprocessing...
2025-08-13 11:19:52,065 [INFO] Executing guider offset calculation...
2025-08-13 11:19:52,065 [INFO] Clearing temp astrometry data...
2025-08-13 11:19:52,065 [INFO] Deleting raw and processed files.
2025-08-13 11:19:52,065 [INFO] Deleted 0 files in directory: /media/shyunc/DATA/KSpec/KSPEC_ICS/GFA/Simul/kspec_gfa_controller/src/img/raw
2025-08-13 11:19:52,065 [INFO] Deleted 0 files in directory: /media/shyunc/DATA/KSpec/KSPEC_ICS/GFA/Simul/kspec_gfa_controller/src/img/procimg
2025-08-13 11:19:52,065 [INFO] Deleted 0 raw files and 0 processed files.
2025-08-13 11:20:22,068 [INFO] Starting guiding sequence...
2025-08-13 11:20:22,069 [INFO] Grabbing raw image...
2025-08-13 11:20:27,072 [INFO] Running astrometry preprocessing...
2025-08-13 11:20:27,072 [INFO] Executing guider offset calculation...
2025-08-13 11:20:27,073 [INFO] Clearing temp astrometry data...
2025-08-13 11:20:27,073 [INFO] Deleting raw and processed files.
2025-08-13 11:20:27,073 [INFO] Deleted 0 files in directory: /media/shyunc/DATA/KSpec/KSPEC_ICS/GFA/Simul/kspec_gfa_controller/src/img/raw
2025-08-13 11:20:27,074 [INFO] Deleted 0 files in directory: /media/shyunc/DATA/KSpec/KSPEC_ICS/GFA/Simul/kspec_gfa_controller/src/img/procimg
2025-08-13 11:20:27,074 [INFO] Deleted 0 raw files and 0 processed files.
2025-08-13 11:20:57,077 [INFO] Starting guiding sequence...
2025-08-13 11:20:57,079 [INFO] Grabbing raw image...
2025-08-13 11:21:02,081 [INFO] Running astrometry preprocessing...
2025-08-13 11:21:02,082 [INFO] Executing guider offset calculation...
2025-08-13 11:21:02,083 [INFO] Clearing temp astrometry data...
2025-08-13 11:21:02,084 [INFO] Deleting raw and processed files.
2025-08-13 11:21:02,085 [INFO] Deleted 0 files in directory: /media/shyunc/DATA/KSpec/KSPEC_ICS/GFA/Simul/kspec_gfa_controller/src/img/raw
2025-08-13 11:21:02,085 [INFO] Deleted 0 files in directory: /media/shyunc/DATA/KSpec/KSPEC_ICS/GFA/Simul/kspec_gfa_controller/src/img/procimg
2025-08-13 11:21:02,086 [INFO] Deleted 0 raw files and 0 processed files.
2025-08-13 11:21:32,089 [INFO] Starting guiding sequence...
2025-08-13 11:21:32,092 [INFO] Grabbing raw image...
2025-08-13 11:21:37,094 [INFO] Running astrometry preprocessing...
2025-08-13 11:21:37,095 [INFO] Executing guider offset calculation...
2025-08-13 11:21:37,095 [INFO] Clearing temp astrometry data...
2025-08-13 11:21:37,096 [INFO] Deleting raw and processed files.
2025-08-13 11:21:37,098 [INFO] Deleted 0 files in directory: /media/shyunc/DATA/KSpec/KSPEC_ICS/GFA/Simul/kspec_gfa_controller/src/img/raw
2025-08-13 11:21:37,098 [INFO] Deleted 0 files in directory: /media/shyunc/DATA/KSpec/KSPEC_ICS/GFA/Simul/kspec_gfa_controller/src/img/procimg
2025-08-13 11:21:37,098 [INFO] Deleted 0 raw files and 0 processed files.
2025-08-13 11:22:07,101 [INFO] Starting guiding sequence...
2025-08-13 11:22:07,102 [INFO] Grabbing raw image...
2025-08-13 11:22:12,104 [INFO] Running astrometry preprocessing...
2025-08-13 11:22:12,104 [INFO] Executing guider offset calculation...
2025-08-13 11:22:12,105 [INFO] Clearing temp astrometry data...
2025-08-13 11:22:12,106 [INFO] Deleting raw and processed files.
2025-08-13 11:22:12,108 [INFO] Deleted 0 files in directory: /media/shyunc/DATA/KSpec/KSPEC_ICS/GFA/Simul/kspec_gfa_controller/src/img/raw
2025-08-13 11:22:12,109 [INFO] Deleted 0 files in directory: /media/shyunc/DATA/KSpec/KSPEC_ICS/GFA/Simul/kspec_gfa_controller/src/img/procimg
2025-08-13 11:22:12,109 [INFO] Deleted 0 raw files and 0 processed files.
2025-08-13 11:26:44,062 [INFO] Starting guiding sequence...
2025-08-13 11:26:44,065 [INFO] Grabbing raw image...
2025-08-13 11:26:49,067 [INFO] Running astrometry preprocessing...
2025-08-13 11:26:49,067 [INFO] Executing guider offset calculation...
2025-08-13 11:26:49,068 [INFO] Clearing temp astrometry data...
2025-08-13 11:26:49,068 [INFO] Deleting raw and processed files.
2025-08-13 11:26:49,069 [INFO] Deleted 0 files in directory: /media/shyunc/DATA/KSpec/KSPEC_ICS/GFA/Simul/kspec_gfa_controller/src/img/raw
2025-08-13 11:26:49,069 [INFO] Deleted 0 files in directory: /media/shyunc/DATA/KSpec/KSPEC_ICS/GFA/Simul/kspec_gfa_controller/src/img/procimg
2025-08-13 11:26:49,069 [INFO] Deleted 0 raw files and 0 processed files.
2025-08-13 11:27:19,072 [INFO] Starting guiding sequence...
2025-08-13 11:27:19,073 [INFO] Grabbing raw image...
2025-08-13 11:27:24,075 [INFO] Running astrometry preprocessing...
2025-08-13 11:27:24,076 [INFO] Executing guider offset calculation...
2025-08-13 11:27:24,077 [INFO] Clearing temp astrometry data...
2025-08-13 11:27:24,077 [INFO] Deleting raw and processed files.
2025-08-13 11:27:24,079 [INFO] Deleted 0 files in directory: /media/shyunc/DATA/KSpec/KSPEC_ICS/GFA/Simul/kspec_gfa_controller/src/img/raw
2025-08-13 11:27:24,079 [INFO] Deleted 0 files in directory: /media/shyunc/DATA/KSpec/KSPEC_ICS/GFA/Simul/kspec_gfa_controller/src/img/procimg
2025-08-13 11:27:24,079 [INFO] Deleted 0 raw files and 0 processed files.
2025-08-13 11:27:54,082 [INFO] Starting guiding sequence...
2025-08-13 11:27:54,084 [INFO] Grabbing raw image...
2025-08-13 11:27:59,086 [INFO] Running astrometry preprocessing...
2025-08-13 11:27:59,087 [INFO] Executing guider offset calculation...
2025-08-13 11:27:59,087 [INFO] Clearing temp astrometry data...
2025-08-13 11:27:59,088 [INFO] Deleting raw and processed files.
2025-08-13 11:27:59,089 [INFO] Deleted 0 files in directory: /media/shyunc/DATA/KSpec/KSPEC_ICS/GFA/Simul/kspec_gfa_controller/src/img/raw
2025-08-13 11:27:59,090 [INFO] Deleted 0 files in directory: /media/shyunc/DATA/KSpec/KSPEC_ICS/GFA/Simul/kspec_gfa_controller/src/img/procimg
2025-08-13 11:27:59,090 [INFO] Deleted 0 raw files and 0 processed files.
2025-08-13 11:28:29,094 [INFO] Starting guiding sequence...
2025-08-13 11:28:29,095 [INFO] Grabbing raw image...
2025-08-13 11:28:34,097 [INFO] Running astrometry preprocessing...
2025-08-13 11:28:34,098 [INFO] Executing guider offset calculation...
2025-08-13 11:28:34,098 [INFO] Clearing temp astrometry data...
2025-08-13 11:28:34,099 [INFO] Deleting raw and processed files.
2025-08-13 11:28:34,100 [INFO] Deleted 0 files in directory: /media/shyunc/DATA/KSpec/KSPEC_ICS/GFA/Simul/kspec_gfa_controller/src/img/raw
2025-08-13 11:28:34,101 [INFO] Deleted 0 files in directory: /media/shyunc/DATA/KSpec/KSPEC_ICS/GFA/Simul/kspec_gfa_controller/src/img/procimg
2025-08-13 11:28:34,101 [INFO] Deleted 0 raw files and 0 processed files.
2025-08-13 11:29:04,105 [INFO] Starting guiding sequence...
2025-08-13 11:29:04,107 [INFO] Grabbing raw image...
2025-08-13 11:29:09,108 [INFO] Running astrometry preprocessing...
2025-08-13 11:29:09,109 [INFO] Executing guider offset calculation...
2025-08-13 11:29:09,110 [INFO] Clearing temp astrometry data...
2025-08-13 11:29:09,111 [INFO] Deleting raw and processed files.
2025-08-13 11:29:09,112 [INFO] Deleted 0 files in directory: /media/shyunc/DATA/KSpec/KSPEC_ICS/GFA/Simul/kspec_gfa_controller/src/img/raw
2025-08-13 11:29:09,113 [INFO] Deleted 0 files in directory: /media/shyunc/DATA/KSpec/KSPEC_ICS/GFA/Simul/kspec_gfa_controller/src/img/procimg
2025-08-13 11:29:09,113 [INFO] Deleted 0 raw files and 0 processed files.
2025-08-13 11:39:15,917 [INFO] Starting guiding sequence...
2025-08-13 11:39:15,919 [INFO] Grabbing raw image...
2025-08-13 11:39:20,921 [INFO] Running astrometry preprocessing...
2025-08-13 11:39:20,921 [INFO] Executing guider offset calculation...
2025-08-13 11:39:20,922 [INFO] Clearing temp astrometry data...
2025-08-13 11:39:20,922 [INFO] Deleting raw and processed files.
2025-08-13 11:39:20,923 [INFO] Deleted 0 files in directory: /media/shyunc/DATA/KSpec/KSPEC_ICS/GFA/Simul/kspec_gfa_controller/src/img/raw
2025-08-13 11:39:20,924 [INFO] Deleted 0 files in directory: /media/shyunc/DATA/KSpec/KSPEC_ICS/GFA/Simul/kspec_gfa_controller/src/img/procimg
2025-08-13 11:39:20,924 [INFO] Deleted 0 raw files and 0 processed files.
2025-08-13 11:39:50,927 [INFO] Starting guiding sequence...
2025-08-13 11:39:50,929 [INFO] Grabbing raw image...
2025-08-13 11:39:55,930 [INFO] Running astrometry preprocessing...
2025-08-13 11:39:55,931 [INFO] Executing guider offset calculation...
2025-08-13 11:39:55,932 [INFO] Clearing temp astrometry data...
2025-08-13 11:39:55,932 [INFO] Deleting raw and processed files.
2025-08-13 11:39:55,934 [INFO] Deleted 0 files in directory: /media/shyunc/DATA/KSpec/KSPEC_ICS/GFA/Simul/kspec_gfa_controller/src/img/raw
2025-08-13 11:39:55,935 [INFO] Deleted 0 files in directory: /media/shyunc/DATA/KSpec/KSPEC_ICS/GFA/Simul/kspec_gfa_controller/src/img/procimg
2025-08-13 11:39:55,935 [INFO] Deleted 0 raw files and 0 processed files.
2025-08-13 11:40:25,938 [INFO] Starting guiding sequence...
2025-08-13 11:40:25,939 [INFO] Grabbing raw image...
2025-08-13 11:40:30,940 [INFO] Running astrometry preprocessing...
2025-08-13 11:40:30,940 [INFO] Executing guider offset calculation...
2025-08-13 11:40:30,941 [INFO] Clearing temp astrometry data...
2025-08-13 11:40:30,942 [INFO] Deleting raw and processed files.
2025-08-13 11:40:30,943 [INFO] Deleted 0 files in directory: /media/shyunc/DATA/KSpec/KSPEC_ICS/GFA/Simul/kspec_gfa_controller/src/img/raw
2025-08-13 11:40:30,944 [INFO] Deleted 0 files in directory: /media/shyunc/DATA/KSpec/KSPEC_ICS/GFA/Simul/kspec_gfa_controller/src/img/procimg
2025-08-13 11:40:30,944 [INFO] Deleted 0 raw files and 0 processed files.
2025-08-13 11:41:00,947 [INFO] Starting guiding sequence...
2025-08-13 11:41:00,949 [INFO] Grabbing raw image...
2025-08-13 11:41:05,950 [INFO] Running astrometry preprocessing...
2025-08-13 11:41:05,951 [INFO] Executing guider offset calculation...
2025-08-13 11:41:05,952 [INFO] Clearing temp astrometry data...
2025-08-13 11:41:05,953 [INFO] Deleting raw and processed files.
2025-08-13 11:41:05,954 [INFO] Deleted 0 files in directory: /media/shyunc/DATA/KSpec/KSPEC_ICS/GFA/Simul/kspec_gfa_controller/src/img/raw
2025-08-13 11:41:05,955 [INFO] Deleted 0 files in directory: /media/shyunc/DATA/KSpec/KSPEC_ICS/GFA/Simul/kspec_gfa_controller/src/img/procimg
2025-08-13 11:41:05,955 [INFO] Deleted 0 raw files and 0 processed files.
2025-08-13 11:41:35,958 [INFO] Starting guiding sequence...
2025-08-13 11:41:35,960 [INFO] Grabbing raw image...
2025-08-13 11:41:40,961 [INFO] Running astrometry preprocessing...
2025-08-13 11:41:40,962 [INFO] Executing guider offset calculation...
2025-08-13 11:41:40,963 [INFO] Clearing temp astrometry data...
2025-08-13 11:41:40,964 [INFO] Deleting raw and processed files.
2025-08-13 11:41:40,965 [INFO] Deleted 0 files in directory: /media/shyunc/DATA/KSpec/KSPEC_ICS/GFA/Simul/kspec_gfa_controller/src/img/raw
2025-08-13 11:41:40,966 [INFO] Deleted 0 files in directory: /media/shyunc/DATA/KSpec/KSPEC_ICS/GFA/Simul/kspec_gfa_controller/src/img/procimg
2025-08-13 11:41:40,966 [INFO] Deleted 0 raw files and 0 processed files.
2025-08-13 15:12:42,987 [INFO] Starting guiding sequence...
2025-08-13 15:12:42,987 [INFO] Grabbing raw image...
2025-08-13 15:12:47,990 [INFO] Running astrometry preprocessing...
2025-08-13 15:12:47,991 [INFO] Executing guider offset calculation...
2025-08-13 15:12:47,991 [INFO] Clearing temp astrometry data...
2025-08-13 15:12:47,992 [INFO] Deleting raw and processed files.
2025-08-13 15:12:47,994 [INFO] Deleted 0 files in directory: /media/shyunc/DATA/KSpec/KSPEC_ICS/GFA/Simul/kspec_gfa_controller/src/img/raw
2025-08-13 15:12:47,994 [INFO] Deleted 0 files in directory: /media/shyunc/DATA/KSpec/KSPEC_ICS/GFA/Simul/kspec_gfa_controller/src/img/procimg
2025-08-13 15:12:47,995 [INFO] Deleted 0 raw files and 0 processed files.
2025-08-13 15:13:17,999 [INFO] Starting guiding sequence...
2025-08-13 15:13:18,000 [INFO] Grabbing raw image...
2025-08-13 15:13:23,002 [INFO] Running astrometry preprocessing...
2025-08-13 15:13:23,003 [INFO] Executing guider offset calculation...
2025-08-13 15:13:23,004 [INFO] Clearing temp astrometry data...
2025-08-13 15:13:23,004 [INFO] Deleting raw and processed files.
2025-08-13 15:13:23,006 [INFO] Deleted 0 files in directory: /media/shyunc/DATA/KSpec/KSPEC_ICS/GFA/Simul/kspec_gfa_controller/src/img/raw
2025-08-13 15:13:23,007 [INFO] Deleted 0 files in directory: /media/shyunc/DATA/KSpec/KSPEC_ICS/GFA/Simul/kspec_gfa_controller/src/img/procimg
2025-08-13 15:13:23,007 [INFO] Deleted 0 raw files and 0 processed files.
2025-08-13 15:38:22,062 [INFO] Starting guiding sequence...
2025-08-13 15:38:22,062 [INFO] Grabbing raw image...
2025-08-13 15:38:27,064 [INFO] Running astrometry preprocessing...
2025-08-13 15:38:27,065 [INFO] Executing guider offset calculation...
2025-08-13 15:38:27,066 [INFO] Clearing temp astrometry data...
2025-08-13 15:38:27,067 [INFO] Deleting raw and processed files.
2025-08-13 15:38:27,069 [INFO] Deleted 0 files in directory: /media/shyunc/DATA/KSpec/KSPEC_ICS/GFA/Simul/kspec_gfa_controller/src/img/raw
2025-08-13 15:38:27,070 [INFO] Deleted 0 files in directory: /media/shyunc/DATA/KSpec/KSPEC_ICS/GFA/Simul/kspec_gfa_controller/src/img/procimg
2025-08-13 15:38:27,070 [INFO] Deleted 0 raw files and 0 processed files.
2025-08-13 15:38:57,073 [INFO] Starting guiding sequence...
2025-08-13 15:38:57,075 [INFO] Grabbing raw image...
2025-08-13 15:39:02,077 [INFO] Running astrometry preprocessing...
2025-08-13 15:39:02,078 [INFO] Executing guider offset calculation...
2025-08-13 15:39:02,079 [INFO] Clearing temp astrometry data...
2025-08-13 15:39:02,079 [INFO] Deleting raw and processed files.
2025-08-13 15:39:02,080 [INFO] Deleted 0 files in directory: /media/shyunc/DATA/KSpec/KSPEC_ICS/GFA/Simul/kspec_gfa_controller/src/img/raw
2025-08-13 15:39:02,081 [INFO] Deleted 0 files in directory: /media/shyunc/DATA/KSpec/KSPEC_ICS/GFA/Simul/kspec_gfa_controller/src/img/procimg
2025-08-13 15:39:02,081 [INFO] Deleted 0 raw files and 0 processed files.
2025-08-13 15:39:32,084 [INFO] Starting guiding sequence...
2025-08-13 15:39:32,086 [INFO] Grabbing raw image...
2025-08-13 15:39:37,089 [INFO] Running astrometry preprocessing...
2025-08-13 15:39:37,090 [INFO] Executing guider offset calculation...
2025-08-13 15:39:37,090 [INFO] Clearing temp astrometry data...
2025-08-13 15:39:37,091 [INFO] Deleting raw and processed files.
2025-08-13 15:39:37,092 [INFO] Deleted 0 files in directory: /media/shyunc/DATA/KSpec/KSPEC_ICS/GFA/Simul/kspec_gfa_controller/src/img/raw
2025-08-13 15:39:37,093 [INFO] Deleted 0 files in directory: /media/shyunc/DATA/KSpec/KSPEC_ICS/GFA/Simul/kspec_gfa_controller/src/img/procimg
2025-08-13 15:39:37,093 [INFO] Deleted 0 raw files and 0 processed files.
2025-08-13 15:40:07,096 [INFO] Starting guiding sequence...
2025-08-13 15:40:07,098 [INFO] Grabbing raw image...
2025-08-13 15:40:12,101 [INFO] Running astrometry preprocessing...
2025-08-13 15:40:12,102 [INFO] Executing guider offset calculation...
2025-08-13 15:40:12,102 [INFO] Clearing temp astrometry data...
2025-08-13 15:40:12,103 [INFO] Deleting raw and processed files.
2025-08-13 15:40:12,104 [INFO] Deleted 0 files in directory: /media/shyunc/DATA/KSpec/KSPEC_ICS/GFA/Simul/kspec_gfa_controller/src/img/raw
2025-08-13 15:40:12,105 [INFO] Deleted 0 files in directory: /media/shyunc/DATA/KSpec/KSPEC_ICS/GFA/Simul/kspec_gfa_controller/src/img/procimg
2025-08-13 15:40:12,105 [INFO] Deleted 0 raw files and 0 processed files.
2025-08-13 15:40:42,109 [INFO] Starting guiding sequence...
2025-08-13 15:40:42,110 [INFO] Grabbing raw image...
2025-08-13 15:40:47,112 [INFO] Running astrometry preprocessing...
2025-08-13 15:40:47,113 [INFO] Executing guider offset calculation...
2025-08-13 15:40:47,114 [INFO] Clearing temp astrometry data...
2025-08-13 15:40:47,115 [INFO] Deleting raw and processed files.
2025-08-13 15:40:47,116 [INFO] Deleted 0 files in directory: /media/shyunc/DATA/KSpec/KSPEC_ICS/GFA/Simul/kspec_gfa_controller/src/img/raw
2025-08-13 15:40:47,117 [INFO] Deleted 0 files in directory: /media/shyunc/DATA/KSpec/KSPEC_ICS/GFA/Simul/kspec_gfa_controller/src/img/procimg
2025-08-13 15:40:47,117 [INFO] Deleted 0 raw files and 0 processed files.
2025-08-13 16:17:32,365 [INFO] Starting guiding sequence...
2025-08-13 16:17:32,365 [INFO] Grabbing raw image...
2025-08-13 16:17:37,366 [INFO] Running astrometry preprocessing...
2025-08-13 16:17:37,367 [INFO] Executing guider offset calculation...
2025-08-13 16:17:37,367 [INFO] Clearing temp astrometry data...
2025-08-13 16:17:37,368 [INFO] Deleting raw and processed files.
2025-08-13 16:17:37,369 [INFO] Deleted 0 files in directory: /media/shyunc/DATA/KSpec/KSPEC_ICS/GFA/Simul/kspec_gfa_controller/src/img/raw
2025-08-13 16:17:37,369 [INFO] Deleted 0 files in directory: /media/shyunc/DATA/KSpec/KSPEC_ICS/GFA/Simul/kspec_gfa_controller/src/img/procimg
2025-08-13 16:17:37,369 [INFO] Deleted 0 raw files and 0 processed files.
2025-08-13 16:52:10,033 [INFO] Starting guiding sequence...
2025-08-13 16:52:10,034 [INFO] Grabbing raw image...
2025-08-13 16:52:15,036 [INFO] Running astrometry preprocessing...
2025-08-13 16:52:15,037 [INFO] Executing guider offset calculation...
2025-08-13 16:52:15,037 [INFO] Clearing temp astrometry data...
2025-08-13 16:52:15,038 [INFO] Deleting raw and processed files.
2025-08-13 16:52:15,039 [INFO] Deleted 0 files in directory: /media/shyunc/DATA/KSpec/KSPEC_ICS/GFA/Simul/kspec_gfa_controller/src/img/raw
2025-08-13 16:52:15,040 [INFO] Deleted 0 files in directory: /media/shyunc/DATA/KSpec/KSPEC_ICS/GFA/Simul/kspec_gfa_controller/src/img/procimg
2025-08-13 16:52:15,040 [INFO] Deleted 0 raw files and 0 processed files.
2025-08-13 16:54:24,500 [INFO] Starting guiding sequence...
2025-08-13 16:54:24,503 [INFO] Grabbing raw image...
2025-08-13 16:54:29,504 [INFO] Running astrometry preprocessing...
2025-08-13 16:54:29,505 [INFO] Executing guider offset calculation...
2025-08-13 16:54:29,506 [INFO] Clearing temp astrometry data...
2025-08-13 16:54:29,507 [INFO] Deleting raw and processed files.
2025-08-13 16:54:29,508 [INFO] Deleted 0 files in directory: /media/shyunc/DATA/KSpec/KSPEC_ICS/GFA/Simul/kspec_gfa_controller/src/img/raw
2025-08-13 16:54:29,509 [INFO] Deleted 0 files in directory: /media/shyunc/DATA/KSpec/KSPEC_ICS/GFA/Simul/kspec_gfa_controller/src/img/procimg
2025-08-13 16:54:29,510 [INFO] Deleted 0 raw files and 0 processed files.
2025-08-13 16:54:47,291 [INFO] Starting guiding sequence...
2025-08-13 16:54:47,291 [INFO] Grabbing raw image...
2025-08-13 16:54:52,293 [INFO] Running astrometry preprocessing...
2025-08-13 16:54:52,293 [INFO] Executing guider offset calculation...
2025-08-13 16:54:52,294 [INFO] Clearing temp astrometry data...
2025-08-13 16:54:52,295 [INFO] Deleting raw and processed files.
2025-08-13 16:54:52,296 [INFO] Deleted 0 files in directory: /media/shyunc/DATA/KSpec/KSPEC_ICS/GFA/Simul/kspec_gfa_controller/src/img/raw
2025-08-13 16:54:52,297 [INFO] Deleted 0 files in directory: /media/shyunc/DATA/KSpec/KSPEC_ICS/GFA/Simul/kspec_gfa_controller/src/img/procimg
2025-08-13 16:54:52,297 [INFO] Deleted 0 raw files and 0 processed files.
