2025-10-28 14:24:01,003 [INFO] Initialized GFAEnvironment with role 'plate' and cameras [1, 2, 3, 4, 5, 6]
2025-10-28 14:24:01,003 [INFO] Initializing gfa_astrometry class.
2025-10-28 14:24:01,004 [INFO] Initializing GFAGuider...
2025-10-28 14:24:01,004 [DEBUG] Processed dir: /media/shyunc/DATA/KSpec/KSPEC_ICS/GFA/Simul/kspec_gfa_controller/src/img/procimg
2025-10-28 14:24:01,004 [DEBUG] Final astro dir: /media/shyunc/DATA/KSpec/KSPEC_ICS/GFA/Simul/kspec_gfa_controller/src/img/astroimg/
2025-10-28 14:24:01,004 [DEBUG] Cutout dir: /media/shyunc/DATA/KSpec/KSPEC_ICS/GFA/Simul/kspec_gfa_controller/src/img/cutout
2025-10-28 14:24:01,004 [INFO] GFAGuider setup complete.
2025-10-28 14:24:01,004 [INFO] Initialized GFAEnvironment with role 'finder' and cameras [7]
2025-10-28 14:25:26,816 [INFO] Querying camera statuses...
2025-10-28 14:28:37,361 [INFO] Starting guiding sequence...
2025-10-28 14:28:37,361 [INFO] Grabbing raw image...
2025-10-28 14:28:42,362 [INFO] Running astrometry preprocessing...
2025-10-28 14:28:42,363 [INFO] Executing guider offset calculation...
2025-10-28 14:28:42,364 [INFO] Clearing temp astrometry data...
2025-10-28 14:28:42,365 [INFO] Deleting raw and processed files.
2025-10-28 14:28:42,366 [INFO] Deleted 0 files in directory: /media/shyunc/DATA/KSpec/KSPEC_ICS/GFA/Simul/kspec_gfa_controller/src/img/raw
2025-10-28 14:28:42,367 [INFO] Deleted 0 files in directory: /media/shyunc/DATA/KSpec/KSPEC_ICS/GFA/Simul/kspec_gfa_controller/src/img/procimg
2025-10-28 14:28:42,367 [INFO] Deleted 0 raw files and 0 processed files.
2025-10-28 14:29:12,369 [INFO] Starting guiding sequence...
2025-10-28 14:29:12,370 [INFO] Grabbing raw image...
2025-10-28 14:29:17,372 [INFO] Running astrometry preprocessing...
2025-10-28 14:29:17,373 [INFO] Executing guider offset calculation...
2025-10-28 14:29:17,373 [INFO] Clearing temp astrometry data...
2025-10-28 14:29:17,374 [INFO] Deleting raw and processed files.
2025-10-28 14:29:17,376 [INFO] Deleted 0 files in directory: /media/shyunc/DATA/KSpec/KSPEC_ICS/GFA/Simul/kspec_gfa_controller/src/img/raw
2025-10-28 14:29:17,377 [INFO] Deleted 0 files in directory: /media/shyunc/DATA/KSpec/KSPEC_ICS/GFA/Simul/kspec_gfa_controller/src/img/procimg
2025-10-28 14:29:17,377 [INFO] Deleted 0 raw files and 0 processed files.
2025-10-28 14:36:49,794 [INFO] Querying camera statuses...
2025-10-28 16:45:02,825 [INFO] Querying camera statuses...
2025-10-28 17:00:28,723 [INFO] Querying camera statuses...
