2026-03-19 09:27:39,754 [INFO] Initialized GFAEnvironment with role 'plate' and cameras [1, 2, 3, 4, 5, 6]
2026-03-19 09:27:39,754 [INFO] Initializing GFAGuider...
2026-03-19 09:27:39,754 [DEBUG] Raw dir       : /media/shyunc/DATA/KSpec/KSPEC_ICS/GFA/Simul/kspec_gfa_controller/src/img/raw
2026-03-19 09:27:39,754 [DEBUG] Final astro dir: /media/shyunc/DATA/KSpec/KSPEC_ICS/GFA/Simul/kspec_gfa_controller/src/img/astroimg/
2026-03-19 09:27:39,754 [DEBUG] Cutout dir    : /media/shyunc/DATA/KSpec/KSPEC_ICS/GFA/Simul/kspec_gfa_controller/src/img/cutout
2026-03-19 09:27:39,754 [DEBUG] Star catalog  : /media/shyunc/DATA/KSpec/KSPEC_ICS/GFA/Simul/kspec_gfa_controller/src/img/combined_star.fits
2026-03-19 09:27:39,755 [INFO] GFAGuider setup complete.
2026-03-19 09:27:39,755 [INFO] Initialized GFAEnvironment with role 'finder' and cameras [7]
2026-03-19 09:39:45,564 [INFO] [guiding] save=False, raw_save_path=/media/shyunc/DATA/KSpec/KSPEC_ICS/GFA/Simul/kspec_gfa_controller/src/img/raw, guiding_save_path=/media/shyunc/DATA/KSpec/KSPEC_ICS/GFA/Simul/kspec_gfa_controller/src/img/guiding_save/2026-03-19
2026-03-19 09:39:45,564 [INFO] Starting guiding sequence...
2026-03-19 09:39:45,564 [INFO] Ensuring astrometry outputs are ready (no procimg depeasync def guiding(ndency)...
2026-03-19 09:39:45,626 [INFO] Guiding test......
2026-03-19 09:50:18,559 [INFO] [guiding] save=False, raw_save_path=/media/shyunc/DATA/KSpec/KSPEC_ICS/GFA/Simul/kspec_gfa_controller/src/img/raw, guiding_save_path=/media/shyunc/DATA/KSpec/KSPEC_ICS/GFA/Simul/kspec_gfa_controller/src/img/guiding_save/2026-03-19
2026-03-19 09:50:18,560 [INFO] Starting guiding sequence...
2026-03-19 09:50:18,560 [INFO] Ensuring astrometry outputs are ready (no procimg depeasync def guiding(ndency)...
2026-03-19 09:50:18,623 [INFO] Guiding test......
2026-03-19 09:53:13,062 [INFO] [guiding] save=False, raw_save_path=/media/shyunc/DATA/KSpec/KSPEC_ICS/GFA/Simul/kspec_gfa_controller/src/img/raw, guiding_save_path=/media/shyunc/DATA/KSpec/KSPEC_ICS/GFA/Simul/kspec_gfa_controller/src/img/guiding_save/2026-03-19
2026-03-19 09:53:13,062 [INFO] Starting guiding sequence...
2026-03-19 09:53:13,063 [INFO] Ensuring astrometry outputs are ready (no procimg depeasync def guiding(ndency)...
2026-03-19 09:53:13,127 [INFO] Guiding test......
2026-03-19 09:53:43,132 [INFO] [guiding] save=False, raw_save_path=/media/shyunc/DATA/KSpec/KSPEC_ICS/GFA/Simul/kspec_gfa_controller/src/img/raw, guiding_save_path=/media/shyunc/DATA/KSpec/KSPEC_ICS/GFA/Simul/kspec_gfa_controller/src/img/guiding_save/2026-03-19
2026-03-19 09:53:43,132 [INFO] Starting guiding sequence...
2026-03-19 09:53:43,132 [INFO] Ensuring astrometry outputs are ready (no procimg depeasync def guiding(ndency)...
2026-03-19 09:53:43,195 [INFO] Guiding test......
2026-03-19 13:43:26,558 [INFO] [guiding] save=False, raw_save_path=/media/shyunc/DATA/KSpec/KSPEC_ICS/GFA/Simul/kspec_gfa_controller/src/img/raw, guiding_save_path=/media/shyunc/DATA/KSpec/KSPEC_ICS/GFA/Simul/kspec_gfa_controller/src/img/guiding_save/2026-03-19
2026-03-19 13:43:26,558 [INFO] Starting guiding sequence...
2026-03-19 13:43:26,558 [INFO] Ensuring astrometry outputs are ready (no procimg depeasync def guiding(ndency)...
2026-03-19 13:43:26,625 [INFO] Guiding test......
2026-03-19 13:43:56,629 [INFO] [guiding] save=False, raw_save_path=/media/shyunc/DATA/KSpec/KSPEC_ICS/GFA/Simul/kspec_gfa_controller/src/img/raw, guiding_save_path=/media/shyunc/DATA/KSpec/KSPEC_ICS/GFA/Simul/kspec_gfa_controller/src/img/guiding_save/2026-03-19
2026-03-19 13:43:56,630 [INFO] Starting guiding sequence...
2026-03-19 13:43:56,630 [INFO] Ensuring astrometry outputs are ready (no procimg depeasync def guiding(ndency)...
2026-03-19 13:43:56,692 [INFO] Guiding test......
2026-03-19 13:44:26,697 [INFO] [guiding] save=False, raw_save_path=/media/shyunc/DATA/KSpec/KSPEC_ICS/GFA/Simul/kspec_gfa_controller/src/img/raw, guiding_save_path=/media/shyunc/DATA/KSpec/KSPEC_ICS/GFA/Simul/kspec_gfa_controller/src/img/guiding_save/2026-03-19
2026-03-19 13:44:26,698 [INFO] Starting guiding sequence...
2026-03-19 13:44:26,698 [INFO] Ensuring astrometry outputs are ready (no procimg depeasync def guiding(ndency)...
2026-03-19 13:44:26,762 [INFO] Guiding test......
2026-03-19 13:46:39,072 [INFO] [guiding] save=False, raw_save_path=/media/shyunc/DATA/KSpec/KSPEC_ICS/GFA/Simul/kspec_gfa_controller/src/img/raw, guiding_save_path=/media/shyunc/DATA/KSpec/KSPEC_ICS/GFA/Simul/kspec_gfa_controller/src/img/guiding_save/2026-03-19
2026-03-19 13:46:39,073 [INFO] Starting guiding sequence...
2026-03-19 13:46:39,073 [INFO] Ensuring astrometry outputs are ready (no procimg depeasync def guiding(ndency)...
2026-03-19 13:46:39,137 [INFO] Guiding test......
2026-03-19 13:48:44,561 [INFO] [guiding] save=False, raw_save_path=/media/shyunc/DATA/KSpec/KSPEC_ICS/GFA/Simul/kspec_gfa_controller/src/img/raw, guiding_save_path=/media/shyunc/DATA/KSpec/KSPEC_ICS/GFA/Simul/kspec_gfa_controller/src/img/guiding_save/2026-03-19
2026-03-19 13:48:44,561 [INFO] Starting guiding sequence...
2026-03-19 13:48:44,561 [INFO] Ensuring astrometry outputs are ready (no procimg depeasync def guiding(ndency)...
2026-03-19 13:48:44,623 [INFO] Guiding test......
2026-03-19 13:53:02,567 [INFO] [guiding] save=False, raw_save_path=/media/shyunc/DATA/KSpec/KSPEC_ICS/GFA/Simul/kspec_gfa_controller/src/img/raw, guiding_save_path=/media/shyunc/DATA/KSpec/KSPEC_ICS/GFA/Simul/kspec_gfa_controller/src/img/guiding_save/2026-03-19
2026-03-19 13:53:02,567 [INFO] Starting guiding sequence...
2026-03-19 13:53:02,567 [INFO] Ensuring astrometry outputs are ready (no procimg depeasync def guiding(ndency)...
2026-03-19 13:53:02,637 [INFO] Guiding test......
2026-03-19 14:22:45,067 [INFO] [guiding] save=False, raw_save_path=/media/shyunc/DATA/KSpec/KSPEC_ICS/GFA/Simul/kspec_gfa_controller/src/img/raw, guiding_save_path=/media/shyunc/DATA/KSpec/KSPEC_ICS/GFA/Simul/kspec_gfa_controller/src/img/guiding_save/2026-03-19
2026-03-19 14:22:45,068 [INFO] Starting guiding sequence...
2026-03-19 14:22:45,068 [INFO] Ensuring astrometry outputs are ready (no procimg depeasync def guiding(ndency)...
2026-03-19 14:22:45,130 [INFO] Guiding test......
2026-03-19 14:28:51,063 [INFO] [guiding] save=False, raw_save_path=/media/shyunc/DATA/KSpec/KSPEC_ICS/GFA/Simul/kspec_gfa_controller/src/img/raw, guiding_save_path=/media/shyunc/DATA/KSpec/KSPEC_ICS/GFA/Simul/kspec_gfa_controller/src/img/guiding_save/2026-03-19
2026-03-19 14:28:51,063 [INFO] Starting guiding sequence...
2026-03-19 14:28:51,063 [INFO] Ensuring astrometry outputs are ready (no procimg depeasync def guiding(ndency)...
2026-03-19 14:28:51,128 [INFO] Guiding test......
2026-03-19 14:31:36,068 [INFO] [guiding] save=False, raw_save_path=/media/shyunc/DATA/KSpec/KSPEC_ICS/GFA/Simul/kspec_gfa_controller/src/img/raw, guiding_save_path=/media/shyunc/DATA/KSpec/KSPEC_ICS/GFA/Simul/kspec_gfa_controller/src/img/guiding_save/2026-03-19
2026-03-19 14:31:36,068 [INFO] Starting guiding sequence...
2026-03-19 14:31:36,068 [INFO] Ensuring astrometry outputs are ready (no procimg depeasync def guiding(ndency)...
2026-03-19 14:31:36,133 [INFO] Guiding test......
2026-03-19 14:32:06,138 [INFO] [guiding] save=False, raw_save_path=/media/shyunc/DATA/KSpec/KSPEC_ICS/GFA/Simul/kspec_gfa_controller/src/img/raw, guiding_save_path=/media/shyunc/DATA/KSpec/KSPEC_ICS/GFA/Simul/kspec_gfa_controller/src/img/guiding_save/2026-03-19
2026-03-19 14:32:06,138 [INFO] Starting guiding sequence...
2026-03-19 14:32:06,139 [INFO] Ensuring astrometry outputs are ready (no procimg depeasync def guiding(ndency)...
2026-03-19 14:32:06,207 [INFO] Guiding test......
2026-03-19 14:35:23,061 [INFO] [guiding] save=False, raw_save_path=/media/shyunc/DATA/KSpec/KSPEC_ICS/GFA/Simul/kspec_gfa_controller/src/img/raw, guiding_save_path=/media/shyunc/DATA/KSpec/KSPEC_ICS/GFA/Simul/kspec_gfa_controller/src/img/guiding_save/2026-03-19
2026-03-19 14:35:23,061 [INFO] Starting guiding sequence...
2026-03-19 14:35:23,061 [INFO] Ensuring astrometry outputs are ready (no procimg depeasync def guiding(ndency)...
2026-03-19 14:35:23,124 [INFO] Guiding test......
2026-03-19 14:35:53,127 [INFO] [guiding] save=False, raw_save_path=/media/shyunc/DATA/KSpec/KSPEC_ICS/GFA/Simul/kspec_gfa_controller/src/img/raw, guiding_save_path=/media/shyunc/DATA/KSpec/KSPEC_ICS/GFA/Simul/kspec_gfa_controller/src/img/guiding_save/2026-03-19
2026-03-19 14:35:53,128 [INFO] Starting guiding sequence...
2026-03-19 14:35:53,128 [INFO] Ensuring astrometry outputs are ready (no procimg depeasync def guiding(ndency)...
2026-03-19 14:35:53,191 [INFO] Guiding test......
2026-03-19 14:36:23,195 [INFO] [guiding] save=False, raw_save_path=/media/shyunc/DATA/KSpec/KSPEC_ICS/GFA/Simul/kspec_gfa_controller/src/img/raw, guiding_save_path=/media/shyunc/DATA/KSpec/KSPEC_ICS/GFA/Simul/kspec_gfa_controller/src/img/guiding_save/2026-03-19
2026-03-19 14:36:23,195 [INFO] Starting guiding sequence...
2026-03-19 14:36:23,196 [INFO] Ensuring astrometry outputs are ready (no procimg depeasync def guiding(ndency)...
2026-03-19 14:36:23,258 [INFO] Guiding test......
2026-03-19 14:36:53,262 [INFO] [guiding] save=False, raw_save_path=/media/shyunc/DATA/KSpec/KSPEC_ICS/GFA/Simul/kspec_gfa_controller/src/img/raw, guiding_save_path=/media/shyunc/DATA/KSpec/KSPEC_ICS/GFA/Simul/kspec_gfa_controller/src/img/guiding_save/2026-03-19
2026-03-19 14:36:53,263 [INFO] Starting guiding sequence...
2026-03-19 14:36:53,263 [INFO] Ensuring astrometry outputs are ready (no procimg depeasync def guiding(ndency)...
2026-03-19 14:36:53,324 [INFO] Guiding test......
2026-03-19 14:37:23,330 [INFO] [guiding] save=False, raw_save_path=/media/shyunc/DATA/KSpec/KSPEC_ICS/GFA/Simul/kspec_gfa_controller/src/img/raw, guiding_save_path=/media/shyunc/DATA/KSpec/KSPEC_ICS/GFA/Simul/kspec_gfa_controller/src/img/guiding_save/2026-03-19
2026-03-19 14:37:23,330 [INFO] Starting guiding sequence...
2026-03-19 14:37:23,330 [INFO] Ensuring astrometry outputs are ready (no procimg depeasync def guiding(ndency)...
2026-03-19 14:37:23,391 [INFO] Guiding test......
2026-03-19 14:59:02,567 [INFO] [guiding] save=False, raw_save_path=/media/shyunc/DATA/KSpec/KSPEC_ICS/GFA/Simul/kspec_gfa_controller/src/img/raw, guiding_save_path=/media/shyunc/DATA/KSpec/KSPEC_ICS/GFA/Simul/kspec_gfa_controller/src/img/guiding_save/2026-03-19
2026-03-19 14:59:02,567 [INFO] Starting guiding sequence...
2026-03-19 14:59:02,567 [INFO] Ensuring astrometry outputs are ready (no procimg depeasync def guiding(ndency)...
2026-03-19 14:59:02,635 [INFO] Guiding test......
2026-03-19 14:59:32,639 [INFO] [guiding] save=False, raw_save_path=/media/shyunc/DATA/KSpec/KSPEC_ICS/GFA/Simul/kspec_gfa_controller/src/img/raw, guiding_save_path=/media/shyunc/DATA/KSpec/KSPEC_ICS/GFA/Simul/kspec_gfa_controller/src/img/guiding_save/2026-03-19
2026-03-19 14:59:32,640 [INFO] Starting guiding sequence...
2026-03-19 14:59:32,640 [INFO] Ensuring astrometry outputs are ready (no procimg depeasync def guiding(ndency)...
2026-03-19 14:59:32,704 [INFO] Guiding test......
2026-03-19 15:00:02,708 [INFO] [guiding] save=False, raw_save_path=/media/shyunc/DATA/KSpec/KSPEC_ICS/GFA/Simul/kspec_gfa_controller/src/img/raw, guiding_save_path=/media/shyunc/DATA/KSpec/KSPEC_ICS/GFA/Simul/kspec_gfa_controller/src/img/guiding_save/2026-03-19
2026-03-19 15:00:02,708 [INFO] Starting guiding sequence...
2026-03-19 15:00:02,709 [INFO] Ensuring astrometry outputs are ready (no procimg depeasync def guiding(ndency)...
2026-03-19 15:00:02,773 [INFO] Guiding test......
2026-03-19 15:00:32,778 [INFO] [guiding] save=False, raw_save_path=/media/shyunc/DATA/KSpec/KSPEC_ICS/GFA/Simul/kspec_gfa_controller/src/img/raw, guiding_save_path=/media/shyunc/DATA/KSpec/KSPEC_ICS/GFA/Simul/kspec_gfa_controller/src/img/guiding_save/2026-03-19
2026-03-19 15:00:32,778 [INFO] Starting guiding sequence...
2026-03-19 15:00:32,778 [INFO] Ensuring astrometry outputs are ready (no procimg depeasync def guiding(ndency)...
2026-03-19 15:00:32,841 [INFO] Guiding test......
2026-03-19 15:01:02,846 [INFO] [guiding] save=False, raw_save_path=/media/shyunc/DATA/KSpec/KSPEC_ICS/GFA/Simul/kspec_gfa_controller/src/img/raw, guiding_save_path=/media/shyunc/DATA/KSpec/KSPEC_ICS/GFA/Simul/kspec_gfa_controller/src/img/guiding_save/2026-03-19
2026-03-19 15:01:02,847 [INFO] Starting guiding sequence...
2026-03-19 15:01:02,847 [INFO] Ensuring astrometry outputs are ready (no procimg depeasync def guiding(ndency)...
2026-03-19 15:01:02,909 [INFO] Guiding test......
2026-03-19 15:10:38,570 [INFO] [guiding] save=False, raw_save_path=/media/shyunc/DATA/KSpec/KSPEC_ICS/GFA/Simul/kspec_gfa_controller/src/img/raw, guiding_save_path=/media/shyunc/DATA/KSpec/KSPEC_ICS/GFA/Simul/kspec_gfa_controller/src/img/guiding_save/2026-03-19
2026-03-19 15:10:38,570 [INFO] Starting guiding sequence...
2026-03-19 15:10:38,570 [INFO] Ensuring astrometry outputs are ready (no procimg depeasync def guiding(ndency)...
2026-03-19 15:10:38,635 [INFO] Guiding test......
2026-03-19 15:11:08,639 [INFO] [guiding] save=False, raw_save_path=/media/shyunc/DATA/KSpec/KSPEC_ICS/GFA/Simul/kspec_gfa_controller/src/img/raw, guiding_save_path=/media/shyunc/DATA/KSpec/KSPEC_ICS/GFA/Simul/kspec_gfa_controller/src/img/guiding_save/2026-03-19
2026-03-19 15:11:08,640 [INFO] Starting guiding sequence...
2026-03-19 15:11:08,640 [INFO] Ensuring astrometry outputs are ready (no procimg depeasync def guiding(ndency)...
2026-03-19 15:11:08,702 [INFO] Guiding test......
2026-03-19 15:11:38,707 [INFO] [guiding] save=False, raw_save_path=/media/shyunc/DATA/KSpec/KSPEC_ICS/GFA/Simul/kspec_gfa_controller/src/img/raw, guiding_save_path=/media/shyunc/DATA/KSpec/KSPEC_ICS/GFA/Simul/kspec_gfa_controller/src/img/guiding_save/2026-03-19
2026-03-19 15:11:38,708 [INFO] Starting guiding sequence...
2026-03-19 15:11:38,708 [INFO] Ensuring astrometry outputs are ready (no procimg depeasync def guiding(ndency)...
2026-03-19 15:11:38,771 [INFO] Guiding test......
2026-03-19 15:12:08,775 [INFO] [guiding] save=False, raw_save_path=/media/shyunc/DATA/KSpec/KSPEC_ICS/GFA/Simul/kspec_gfa_controller/src/img/raw, guiding_save_path=/media/shyunc/DATA/KSpec/KSPEC_ICS/GFA/Simul/kspec_gfa_controller/src/img/guiding_save/2026-03-19
2026-03-19 15:12:08,776 [INFO] Starting guiding sequence...
2026-03-19 15:12:08,776 [INFO] Ensuring astrometry outputs are ready (no procimg depeasync def guiding(ndency)...
2026-03-19 15:12:08,838 [INFO] Guiding test......
2026-03-19 15:12:38,843 [INFO] [guiding] save=False, raw_save_path=/media/shyunc/DATA/KSpec/KSPEC_ICS/GFA/Simul/kspec_gfa_controller/src/img/raw, guiding_save_path=/media/shyunc/DATA/KSpec/KSPEC_ICS/GFA/Simul/kspec_gfa_controller/src/img/guiding_save/2026-03-19
2026-03-19 15:12:38,844 [INFO] Starting guiding sequence...
2026-03-19 15:12:38,844 [INFO] Ensuring astrometry outputs are ready (no procimg depeasync def guiding(ndency)...
2026-03-19 15:12:38,904 [INFO] Guiding test......
2026-03-19 15:21:31,557 [INFO] [guiding] save=False, raw_save_path=/media/shyunc/DATA/KSpec/KSPEC_ICS/GFA/Simul/kspec_gfa_controller/src/img/raw, guiding_save_path=/media/shyunc/DATA/KSpec/KSPEC_ICS/GFA/Simul/kspec_gfa_controller/src/img/guiding_save/2026-03-19
2026-03-19 15:21:31,557 [INFO] Starting guiding sequence...
2026-03-19 15:21:31,557 [INFO] Ensuring astrometry outputs are ready (no procimg depeasync def guiding(ndency)...
2026-03-19 15:21:31,620 [INFO] Guiding test......
2026-03-19 15:22:01,625 [INFO] [guiding] save=False, raw_save_path=/media/shyunc/DATA/KSpec/KSPEC_ICS/GFA/Simul/kspec_gfa_controller/src/img/raw, guiding_save_path=/media/shyunc/DATA/KSpec/KSPEC_ICS/GFA/Simul/kspec_gfa_controller/src/img/guiding_save/2026-03-19
2026-03-19 15:22:01,625 [INFO] Starting guiding sequence...
2026-03-19 15:22:01,626 [INFO] Ensuring astrometry outputs are ready (no procimg depeasync def guiding(ndency)...
2026-03-19 15:22:01,695 [INFO] Guiding test......
2026-03-19 15:22:31,700 [INFO] [guiding] save=False, raw_save_path=/media/shyunc/DATA/KSpec/KSPEC_ICS/GFA/Simul/kspec_gfa_controller/src/img/raw, guiding_save_path=/media/shyunc/DATA/KSpec/KSPEC_ICS/GFA/Simul/kspec_gfa_controller/src/img/guiding_save/2026-03-19
2026-03-19 15:22:31,700 [INFO] Starting guiding sequence...
2026-03-19 15:22:31,701 [INFO] Ensuring astrometry outputs are ready (no procimg depeasync def guiding(ndency)...
2026-03-19 15:22:31,765 [INFO] Guiding test......
2026-03-19 15:23:01,770 [INFO] [guiding] save=False, raw_save_path=/media/shyunc/DATA/KSpec/KSPEC_ICS/GFA/Simul/kspec_gfa_controller/src/img/raw, guiding_save_path=/media/shyunc/DATA/KSpec/KSPEC_ICS/GFA/Simul/kspec_gfa_controller/src/img/guiding_save/2026-03-19
2026-03-19 15:23:01,770 [INFO] Starting guiding sequence...
2026-03-19 15:23:01,771 [INFO] Ensuring astrometry outputs are ready (no procimg depeasync def guiding(ndency)...
2026-03-19 15:23:01,833 [INFO] Guiding test......
2026-03-19 15:23:31,837 [INFO] [guiding] save=False, raw_save_path=/media/shyunc/DATA/KSpec/KSPEC_ICS/GFA/Simul/kspec_gfa_controller/src/img/raw, guiding_save_path=/media/shyunc/DATA/KSpec/KSPEC_ICS/GFA/Simul/kspec_gfa_controller/src/img/guiding_save/2026-03-19
2026-03-19 15:23:31,838 [INFO] Starting guiding sequence...
2026-03-19 15:23:31,838 [INFO] Ensuring astrometry outputs are ready (no procimg depeasync def guiding(ndency)...
2026-03-19 15:23:31,903 [INFO] Guiding test......
2026-03-19 16:17:59,561 [INFO] [guiding] save=False, raw_save_path=/media/shyunc/DATA/KSpec/KSPEC_ICS/GFA/Simul/kspec_gfa_controller/src/img/raw, guiding_save_path=/media/shyunc/DATA/KSpec/KSPEC_ICS/GFA/Simul/kspec_gfa_controller/src/img/guiding_save/2026-03-19
2026-03-19 16:17:59,561 [INFO] Starting guiding sequence...
2026-03-19 16:17:59,561 [INFO] Ensuring astrometry outputs are ready (no procimg depeasync def guiding(ndency)...
2026-03-19 16:17:59,623 [INFO] Guiding test......
2026-03-19 16:18:29,627 [INFO] [guiding] save=False, raw_save_path=/media/shyunc/DATA/KSpec/KSPEC_ICS/GFA/Simul/kspec_gfa_controller/src/img/raw, guiding_save_path=/media/shyunc/DATA/KSpec/KSPEC_ICS/GFA/Simul/kspec_gfa_controller/src/img/guiding_save/2026-03-19
2026-03-19 16:18:29,628 [INFO] Starting guiding sequence...
2026-03-19 16:18:29,628 [INFO] Ensuring astrometry outputs are ready (no procimg depeasync def guiding(ndency)...
2026-03-19 16:18:29,691 [INFO] Guiding test......
2026-03-19 16:18:59,695 [INFO] [guiding] save=False, raw_save_path=/media/shyunc/DATA/KSpec/KSPEC_ICS/GFA/Simul/kspec_gfa_controller/src/img/raw, guiding_save_path=/media/shyunc/DATA/KSpec/KSPEC_ICS/GFA/Simul/kspec_gfa_controller/src/img/guiding_save/2026-03-19
2026-03-19 16:18:59,695 [INFO] Starting guiding sequence...
2026-03-19 16:18:59,695 [INFO] Ensuring astrometry outputs are ready (no procimg depeasync def guiding(ndency)...
2026-03-19 16:18:59,759 [INFO] Guiding test......
2026-03-19 16:19:29,763 [INFO] [guiding] save=False, raw_save_path=/media/shyunc/DATA/KSpec/KSPEC_ICS/GFA/Simul/kspec_gfa_controller/src/img/raw, guiding_save_path=/media/shyunc/DATA/KSpec/KSPEC_ICS/GFA/Simul/kspec_gfa_controller/src/img/guiding_save/2026-03-19
2026-03-19 16:19:29,764 [INFO] Starting guiding sequence...
2026-03-19 16:19:29,764 [INFO] Ensuring astrometry outputs are ready (no procimg depeasync def guiding(ndency)...
2026-03-19 16:19:29,825 [INFO] Guiding test......
2026-03-19 16:19:59,829 [INFO] [guiding] save=False, raw_save_path=/media/shyunc/DATA/KSpec/KSPEC_ICS/GFA/Simul/kspec_gfa_controller/src/img/raw, guiding_save_path=/media/shyunc/DATA/KSpec/KSPEC_ICS/GFA/Simul/kspec_gfa_controller/src/img/guiding_save/2026-03-19
2026-03-19 16:19:59,829 [INFO] Starting guiding sequence...
2026-03-19 16:19:59,830 [INFO] Ensuring astrometry outputs are ready (no procimg depeasync def guiding(ndency)...
2026-03-19 16:19:59,888 [INFO] Guiding test......
