2025-12-14 10:39:18,392 [INFO] Initialized GFAEnvironment with role 'plate' and cameras [1, 2, 3, 4, 5, 6]
2025-12-14 10:39:18,392 [INFO] Initializing gfa_astrometry class.
2025-12-14 10:39:18,393 [INFO] Initializing GFAGuider...
2025-12-14 10:39:18,393 [DEBUG] Processed dir: /media/shyunc/DATA/KSpec/KSPEC_ICS/GFA/Simul/kspec_gfa_controller/src/img/procimg
2025-12-14 10:39:18,393 [DEBUG] Final astro dir: /media/shyunc/DATA/KSpec/KSPEC_ICS/GFA/Simul/kspec_gfa_controller/src/img/astroimg/
2025-12-14 10:39:18,393 [DEBUG] Cutout dir: /media/shyunc/DATA/KSpec/KSPEC_ICS/GFA/Simul/kspec_gfa_controller/src/img/cutout
2025-12-14 10:39:18,394 [INFO] GFAGuider setup complete.
2025-12-14 10:39:18,394 [INFO] Initialized GFAEnvironment with role 'finder' and cameras [7]
2025-12-14 10:50:45,490 [INFO] Initialized GFAEnvironment with role 'plate' and cameras [1, 2, 3, 4, 5, 6]
2025-12-14 10:50:45,490 [INFO] Initializing gfa_astrometry class.
2025-12-14 10:50:45,491 [INFO] Initializing GFAGuider...
2025-12-14 10:50:45,491 [DEBUG] Processed dir: /media/shyunc/DATA/KSpec/KSPEC_ICS/GFA/Simul/kspec_gfa_controller/src/img/procimg
2025-12-14 10:50:45,491 [DEBUG] Final astro dir: /media/shyunc/DATA/KSpec/KSPEC_ICS/GFA/Simul/kspec_gfa_controller/src/img/astroimg/
2025-12-14 10:50:45,491 [DEBUG] Cutout dir: /media/shyunc/DATA/KSpec/KSPEC_ICS/GFA/Simul/kspec_gfa_controller/src/img/cutout
2025-12-14 10:50:45,491 [INFO] GFAGuider setup complete.
2025-12-14 10:50:45,491 [INFO] Initialized GFAEnvironment with role 'finder' and cameras [7]
2025-12-14 10:51:24,465 [INFO] Querying camera statuses...
2025-12-14 10:51:24,466 [ERROR] Status query failed: name 'status_info' is not defined
2025-12-14 10:52:49,844 [INFO] Initialized GFAEnvironment with role 'plate' and cameras [1, 2, 3, 4, 5, 6]
2025-12-14 10:52:49,844 [INFO] Initializing gfa_astrometry class.
2025-12-14 10:52:49,845 [INFO] Initializing GFAGuider...
2025-12-14 10:52:49,845 [DEBUG] Processed dir: /media/shyunc/DATA/KSpec/KSPEC_ICS/GFA/Simul/kspec_gfa_controller/src/img/procimg
2025-12-14 10:52:49,845 [DEBUG] Final astro dir: /media/shyunc/DATA/KSpec/KSPEC_ICS/GFA/Simul/kspec_gfa_controller/src/img/astroimg/
2025-12-14 10:52:49,845 [DEBUG] Cutout dir: /media/shyunc/DATA/KSpec/KSPEC_ICS/GFA/Simul/kspec_gfa_controller/src/img/cutout
2025-12-14 10:52:49,845 [INFO] GFAGuider setup complete.
2025-12-14 10:52:49,845 [INFO] Initialized GFAEnvironment with role 'finder' and cameras [7]
2025-12-14 10:52:58,335 [INFO] Querying camera statuses...
2025-12-14 10:54:02,790 [INFO] Initialized GFAEnvironment with role 'plate' and cameras [1, 2, 3, 4, 5, 6]
2025-12-14 10:54:02,790 [INFO] Initializing gfa_astrometry class.
2025-12-14 10:54:02,791 [INFO] Initializing GFAGuider...
2025-12-14 10:54:02,791 [DEBUG] Processed dir: /media/shyunc/DATA/KSpec/KSPEC_ICS/GFA/Simul/kspec_gfa_controller/src/img/procimg
2025-12-14 10:54:02,791 [DEBUG] Final astro dir: /media/shyunc/DATA/KSpec/KSPEC_ICS/GFA/Simul/kspec_gfa_controller/src/img/astroimg/
2025-12-14 10:54:02,791 [DEBUG] Cutout dir: /media/shyunc/DATA/KSpec/KSPEC_ICS/GFA/Simul/kspec_gfa_controller/src/img/cutout
2025-12-14 10:54:02,791 [INFO] GFAGuider setup complete.
2025-12-14 10:54:02,791 [INFO] Initialized GFAEnvironment with role 'finder' and cameras [7]
2025-12-14 10:54:21,649 [INFO] Querying camera statuses...
2025-12-14 10:57:22,540 [INFO] Image save path: /media/shyunc/DATA/KSpec/KSPEC_ICS/GFA/Simul/kspec_gfa_controller/src/img/grab/2025-12-14
2025-12-14 10:57:22,540 [INFO] Grabbing from all plate cameras...
2025-12-14 10:57:22,541 [INFO] Grabbing from Cam1 (ExpTime=5.0, Binning=4)
2025-12-14 10:57:22,542 [INFO] Grabbing from Cam2 (ExpTime=5.0, Binning=4)
2025-12-14 10:57:22,542 [INFO] Grabbing from Cam3 (ExpTime=5.0, Binning=4)
2025-12-14 10:57:22,543 [INFO] Grabbing from Cam4 (ExpTime=5.0, Binning=4)
2025-12-14 10:57:22,543 [INFO] Grabbing from Cam5 (ExpTime=5.0, Binning=4)
2025-12-14 10:57:22,543 [INFO] Grabbing from Cam6 (ExpTime=5.0, Binning=4)
2025-12-14 10:58:34,200 [INFO] Image save path: /media/shyunc/DATA/KSpec/KSPEC_ICS/GFA/Simul/kspec_gfa_controller/src/img/grab/2025-12-14
2025-12-14 10:58:34,201 [INFO] Grabbing from camera 23 (ExpTime=5.0, Binning=4)
2025-12-14 10:59:43,931 [INFO] Initialized GFAEnvironment with role 'plate' and cameras [1, 2, 3, 4, 5, 6]
2025-12-14 10:59:43,931 [INFO] Initializing gfa_astrometry class.
2025-12-14 10:59:43,932 [INFO] Initializing GFAGuider...
2025-12-14 10:59:43,932 [DEBUG] Processed dir: /media/shyunc/DATA/KSpec/KSPEC_ICS/GFA/Simul/kspec_gfa_controller/src/img/procimg
2025-12-14 10:59:43,932 [DEBUG] Final astro dir: /media/shyunc/DATA/KSpec/KSPEC_ICS/GFA/Simul/kspec_gfa_controller/src/img/astroimg/
2025-12-14 10:59:43,932 [DEBUG] Cutout dir: /media/shyunc/DATA/KSpec/KSPEC_ICS/GFA/Simul/kspec_gfa_controller/src/img/cutout
2025-12-14 10:59:43,932 [INFO] GFAGuider setup complete.
2025-12-14 10:59:43,933 [INFO] Initialized GFAEnvironment with role 'finder' and cameras [7]
2025-12-14 10:59:49,921 [INFO] Image save path: /media/shyunc/DATA/KSpec/KSPEC_ICS/GFA/Simul/kspec_gfa_controller/src/img/grab/2025-12-14
2025-12-14 10:59:49,921 [INFO] Grabbing from all plate cameras...
2025-12-14 10:59:49,922 [INFO] Grabbing from Cam1 (ExpTime=5.0, Binning=4)
2025-12-14 10:59:49,922 [INFO] Grabbing from Cam2 (ExpTime=5.0, Binning=4)
2025-12-14 10:59:49,922 [INFO] Grabbing from Cam3 (ExpTime=5.0, Binning=4)
2025-12-14 10:59:49,923 [INFO] Grabbing from Cam4 (ExpTime=5.0, Binning=4)
2025-12-14 10:59:49,923 [INFO] Grabbing from Cam5 (ExpTime=5.0, Binning=4)
2025-12-14 10:59:49,923 [INFO] Grabbing from Cam6 (ExpTime=5.0, Binning=4)
2025-12-14 12:02:24,612 [INFO] Initialized GFAEnvironment with role 'plate' and cameras [1, 2, 3, 4, 5, 6]
2025-12-14 12:02:24,612 [INFO] Initializing gfa_astrometry class.
2025-12-14 12:02:24,613 [INFO] Initializing GFAGuider...
2025-12-14 12:02:24,613 [DEBUG] Processed dir: /media/shyunc/DATA/KSpec/KSPEC_ICS/GFA/Simul/kspec_gfa_controller/src/img/procimg
2025-12-14 12:02:24,613 [DEBUG] Final astro dir: /media/shyunc/DATA/KSpec/KSPEC_ICS/GFA/Simul/kspec_gfa_controller/src/img/astroimg/
2025-12-14 12:02:24,613 [DEBUG] Cutout dir: /media/shyunc/DATA/KSpec/KSPEC_ICS/GFA/Simul/kspec_gfa_controller/src/img/cutout
2025-12-14 12:02:24,613 [INFO] GFAGuider setup complete.
2025-12-14 12:02:24,614 [INFO] Initialized GFAEnvironment with role 'finder' and cameras [7]
2025-12-14 12:02:30,671 [INFO] Initialized GFAEnvironment with role 'plate' and cameras [1, 2, 3, 4, 5, 6]
2025-12-14 12:02:30,671 [INFO] Initializing gfa_astrometry class.
2025-12-14 12:02:30,672 [INFO] Initializing GFAGuider...
2025-12-14 12:02:30,672 [DEBUG] Processed dir: /media/shyunc/DATA/KSpec/KSPEC_ICS/GFA/Simul/kspec_gfa_controller/src/img/procimg
2025-12-14 12:02:30,672 [DEBUG] Final astro dir: /media/shyunc/DATA/KSpec/KSPEC_ICS/GFA/Simul/kspec_gfa_controller/src/img/astroimg/
2025-12-14 12:02:30,672 [DEBUG] Cutout dir: /media/shyunc/DATA/KSpec/KSPEC_ICS/GFA/Simul/kspec_gfa_controller/src/img/cutout
2025-12-14 12:02:30,672 [INFO] GFAGuider setup complete.
2025-12-14 12:02:30,672 [INFO] Initialized GFAEnvironment with role 'finder' and cameras [7]
2025-12-14 12:02:46,318 [INFO] Querying camera statuses...
2025-12-14 12:03:54,556 [INFO] Image save path: /media/shyunc/DATA/KSpec/KSPEC_ICS/GFA/Simul/kspec_gfa_controller/src/img/grab/2025-12-14
2025-12-14 12:03:54,557 [INFO] Grabbing from all plate cameras...
2025-12-14 12:03:54,558 [INFO] Grabbing from Cam1 (ExpTime=5.0, Binning=4)
2025-12-14 12:03:54,558 [INFO] Grabbing from Cam2 (ExpTime=5.0, Binning=4)
2025-12-14 12:03:54,558 [INFO] Grabbing from Cam3 (ExpTime=5.0, Binning=4)
2025-12-14 12:03:54,558 [INFO] Grabbing from Cam4 (ExpTime=5.0, Binning=4)
2025-12-14 12:03:54,558 [INFO] Grabbing from Cam5 (ExpTime=5.0, Binning=4)
2025-12-14 12:03:54,558 [INFO] Grabbing from Cam6 (ExpTime=5.0, Binning=4)
2025-12-14 12:06:04,204 [INFO] Querying camera statuses...
2025-12-14 12:06:50,394 [INFO] Starting guiding sequence...
2025-12-14 12:06:50,395 [INFO] Grabbing raw image...
2025-12-14 12:06:50,395 [ERROR] Guiding failed: 'GFAEnvironment' object has no attribute 'controller'
2025-12-14 12:07:20,396 [INFO] Starting guiding sequence...
2025-12-14 12:07:20,399 [INFO] Grabbing raw image...
2025-12-14 12:07:20,399 [ERROR] Guiding failed: 'GFAEnvironment' object has no attribute 'controller'
2025-12-14 12:37:13,001 [INFO] Initialized GFAEnvironment with role 'plate' and cameras [1, 2, 3, 4, 5, 6]
2025-12-14 12:37:13,001 [INFO] Initializing gfa_astrometry class.
2025-12-14 12:37:13,002 [INFO] Initializing GFAGuider...
2025-12-14 12:37:13,002 [DEBUG] Processed dir: /media/shyunc/DATA/KSpec/KSPEC_ICS/GFA/Simul/kspec_gfa_controller/src/img/procimg
2025-12-14 12:37:13,002 [DEBUG] Final astro dir: /media/shyunc/DATA/KSpec/KSPEC_ICS/GFA/Simul/kspec_gfa_controller/src/img/astroimg/
2025-12-14 12:37:13,002 [DEBUG] Cutout dir: /media/shyunc/DATA/KSpec/KSPEC_ICS/GFA/Simul/kspec_gfa_controller/src/img/cutout
2025-12-14 12:37:13,002 [INFO] GFAGuider setup complete.
2025-12-14 12:37:13,002 [INFO] Initialized GFAEnvironment with role 'finder' and cameras [7]
2025-12-14 12:37:32,900 [INFO] Querying camera statuses...
2025-12-14 12:38:05,954 [INFO] Starting guiding sequence...
2025-12-14 12:38:05,954 [INFO] Grabbing raw image...
2025-12-14 12:38:05,954 [INFO] Images also copied to: /media/shyunc/DATA/KSpec/KSPEC_ICS/GFA/Simul/kspec_gfa_controller/src/img/grab/2025-12-14
2025-12-14 12:38:05,954 [INFO] Running astrometry preprocessing...
2025-12-14 12:38:05,954 [INFO] Executing guider offset calculation...
2025-12-14 12:38:05,954 [INFO] Clearing temp astrometry data...
2025-12-14 12:38:05,954 [ERROR] Guiding failed: cannot access local variable 'fwhm' where it is not associated with a value
2025-12-14 12:38:35,956 [INFO] Starting guiding sequence...
2025-12-14 12:38:35,959 [INFO] Grabbing raw image...
2025-12-14 12:38:35,960 [INFO] Images also copied to: /media/shyunc/DATA/KSpec/KSPEC_ICS/GFA/Simul/kspec_gfa_controller/src/img/grab/2025-12-14
2025-12-14 12:38:35,961 [INFO] Running astrometry preprocessing...
2025-12-14 12:38:35,961 [INFO] Executing guider offset calculation...
2025-12-14 12:38:35,961 [INFO] Clearing temp astrometry data...
2025-12-14 12:38:35,961 [ERROR] Guiding failed: cannot access local variable 'fwhm' where it is not associated with a value
2025-12-14 12:39:05,857 [INFO] Initialized GFAEnvironment with role 'plate' and cameras [1, 2, 3, 4, 5, 6]
2025-12-14 12:39:05,857 [INFO] Initializing gfa_astrometry class.
2025-12-14 12:39:05,858 [INFO] Initializing GFAGuider...
2025-12-14 12:39:05,858 [DEBUG] Processed dir: /media/shyunc/DATA/KSpec/KSPEC_ICS/GFA/Simul/kspec_gfa_controller/src/img/procimg
2025-12-14 12:39:05,858 [DEBUG] Final astro dir: /media/shyunc/DATA/KSpec/KSPEC_ICS/GFA/Simul/kspec_gfa_controller/src/img/astroimg/
2025-12-14 12:39:05,858 [DEBUG] Cutout dir: /media/shyunc/DATA/KSpec/KSPEC_ICS/GFA/Simul/kspec_gfa_controller/src/img/cutout
2025-12-14 12:39:05,858 [INFO] GFAGuider setup complete.
2025-12-14 12:39:05,858 [INFO] Initialized GFAEnvironment with role 'finder' and cameras [7]
2025-12-14 12:39:08,964 [INFO] Starting guiding sequence...
2025-12-14 12:39:08,964 [INFO] Grabbing raw image...
2025-12-14 12:39:08,965 [INFO] Images also copied to: /media/shyunc/DATA/KSpec/KSPEC_ICS/GFA/Simul/kspec_gfa_controller/src/img/grab/2025-12-14
2025-12-14 12:39:08,965 [INFO] Running astrometry preprocessing...
2025-12-14 12:39:08,965 [INFO] Executing guider offset calculation...
2025-12-14 12:39:08,965 [INFO] Clearing temp astrometry data...
2025-12-14 12:39:08,965 [ERROR] Guiding failed: name 'fwhm' is not defined
2025-12-14 12:40:38,698 [INFO] Initialized GFAEnvironment with role 'plate' and cameras [1, 2, 3, 4, 5, 6]
2025-12-14 12:40:38,698 [INFO] Initializing gfa_astrometry class.
2025-12-14 12:40:38,699 [INFO] Initializing GFAGuider...
2025-12-14 12:40:38,699 [DEBUG] Processed dir: /media/shyunc/DATA/KSpec/KSPEC_ICS/GFA/Simul/kspec_gfa_controller/src/img/procimg
2025-12-14 12:40:38,699 [DEBUG] Final astro dir: /media/shyunc/DATA/KSpec/KSPEC_ICS/GFA/Simul/kspec_gfa_controller/src/img/astroimg/
2025-12-14 12:40:38,699 [DEBUG] Cutout dir: /media/shyunc/DATA/KSpec/KSPEC_ICS/GFA/Simul/kspec_gfa_controller/src/img/cutout
2025-12-14 12:40:38,699 [INFO] GFAGuider setup complete.
2025-12-14 12:40:38,700 [INFO] Initialized GFAEnvironment with role 'finder' and cameras [7]
2025-12-14 12:40:41,834 [INFO] Starting guiding sequence...
2025-12-14 12:40:41,834 [INFO] Grabbing raw image...
2025-12-14 12:40:41,834 [INFO] Images also copied to: /media/shyunc/DATA/KSpec/KSPEC_ICS/GFA/Simul/kspec_gfa_controller/src/img/grab/2025-12-14
2025-12-14 12:40:41,834 [INFO] Running astrometry preprocessing...
2025-12-14 12:40:41,835 [INFO] Executing guider offset calculation...
2025-12-14 12:40:41,835 [INFO] Clearing temp astrometry data...
2025-12-14 12:50:51,144 [INFO] Querying camera statuses...
2025-12-14 12:51:29,651 [INFO] Image save path: /media/shyunc/DATA/KSpec/KSPEC_ICS/GFA/Simul/kspec_gfa_controller/src/img/grab/2025-12-14
2025-12-14 12:51:29,652 [INFO] Grabbing from all plate cameras...
2025-12-14 12:51:29,652 [INFO] Grabbing from Cam1 (ExpTime=5.0, Binning=4)
2025-12-14 12:51:29,652 [INFO] Grabbing from Cam2 (ExpTime=5.0, Binning=4)
2025-12-14 12:51:29,652 [INFO] Grabbing from Cam3 (ExpTime=5.0, Binning=4)
2025-12-14 12:51:29,652 [INFO] Grabbing from Cam4 (ExpTime=5.0, Binning=4)
2025-12-14 12:51:29,652 [INFO] Grabbing from Cam5 (ExpTime=5.0, Binning=4)
2025-12-14 12:51:29,652 [INFO] Grabbing from Cam6 (ExpTime=5.0, Binning=4)
2025-12-14 12:51:38,677 [INFO] Starting guiding sequence...
2025-12-14 12:51:38,678 [INFO] Grabbing raw image...
2025-12-14 12:51:38,678 [INFO] Images also copied to: /media/shyunc/DATA/KSpec/KSPEC_ICS/GFA/Simul/kspec_gfa_controller/src/img/grab/2025-12-14
2025-12-14 12:51:38,678 [INFO] Running astrometry preprocessing...
2025-12-14 12:51:38,678 [INFO] Executing guider offset calculation...
2025-12-14 12:51:38,678 [INFO] Clearing temp astrometry data...
2025-12-14 12:52:08,680 [INFO] Starting guiding sequence...
2025-12-14 12:52:08,682 [INFO] Grabbing raw image...
2025-12-14 12:52:08,684 [INFO] Images also copied to: /media/shyunc/DATA/KSpec/KSPEC_ICS/GFA/Simul/kspec_gfa_controller/src/img/grab/2025-12-14
2025-12-14 12:52:08,684 [INFO] Running astrometry preprocessing...
2025-12-14 12:52:08,685 [INFO] Executing guider offset calculation...
2025-12-14 12:52:08,685 [INFO] Clearing temp astrometry data...
2025-12-14 12:52:38,688 [INFO] Starting guiding sequence...
2025-12-14 12:52:38,690 [INFO] Grabbing raw image...
2025-12-14 12:52:38,692 [INFO] Images also copied to: /media/shyunc/DATA/KSpec/KSPEC_ICS/GFA/Simul/kspec_gfa_controller/src/img/grab/2025-12-14
2025-12-14 12:52:38,692 [INFO] Running astrometry preprocessing...
2025-12-14 12:52:38,692 [INFO] Executing guider offset calculation...
2025-12-14 12:52:38,692 [INFO] Clearing temp astrometry data...
2025-12-14 12:52:46,197 [INFO] Starting guiding sequence...
2025-12-14 12:52:46,199 [INFO] Grabbing raw image...
2025-12-14 12:52:46,200 [INFO] Images also copied to: /media/shyunc/DATA/KSpec/KSPEC_ICS/GFA/Simul/kspec_gfa_controller/src/img/grab/2025-12-14
2025-12-14 12:52:46,200 [INFO] Running astrometry preprocessing...
2025-12-14 12:52:46,200 [INFO] Executing guider offset calculation...
2025-12-14 12:52:46,201 [INFO] Clearing temp astrometry data...
2025-12-14 12:53:16,203 [INFO] Starting guiding sequence...
2025-12-14 12:53:16,205 [INFO] Grabbing raw image...
2025-12-14 12:53:16,207 [INFO] Images also copied to: /media/shyunc/DATA/KSpec/KSPEC_ICS/GFA/Simul/kspec_gfa_controller/src/img/grab/2025-12-14
2025-12-14 12:53:16,207 [INFO] Running astrometry preprocessing...
2025-12-14 12:53:16,207 [INFO] Executing guider offset calculation...
2025-12-14 12:53:16,207 [INFO] Clearing temp astrometry data...
2025-12-14 13:01:27,899 [INFO] Querying camera statuses...
2025-12-14 13:02:02,706 [INFO] Starting guiding sequence...
2025-12-14 13:02:02,708 [INFO] Grabbing raw image...
2025-12-14 13:02:02,710 [INFO] Images also copied to: /media/shyunc/DATA/KSpec/KSPEC_ICS/GFA/Simul/kspec_gfa_controller/src/img/grab/2025-12-14
2025-12-14 13:02:02,710 [INFO] Running astrometry preprocessing...
2025-12-14 13:02:02,710 [INFO] Executing guider offset calculation...
2025-12-14 13:02:02,710 [INFO] Clearing temp astrometry data...
2025-12-14 13:02:32,712 [INFO] Starting guiding sequence...
2025-12-14 13:02:32,714 [INFO] Grabbing raw image...
2025-12-14 13:02:32,716 [INFO] Images also copied to: /media/shyunc/DATA/KSpec/KSPEC_ICS/GFA/Simul/kspec_gfa_controller/src/img/grab/2025-12-14
2025-12-14 13:02:32,716 [INFO] Running astrometry preprocessing...
2025-12-14 13:02:32,716 [INFO] Executing guider offset calculation...
2025-12-14 13:02:32,717 [INFO] Clearing temp astrometry data...
2025-12-14 13:06:34,026 [INFO] Starting guiding sequence...
2025-12-14 13:06:34,026 [INFO] Grabbing raw image...
2025-12-14 13:06:34,027 [INFO] Images also copied to: /media/shyunc/DATA/KSpec/KSPEC_ICS/GFA/Simul/kspec_gfa_controller/src/img/grab/2025-12-14
2025-12-14 13:06:34,027 [INFO] Running astrometry preprocessing...
2025-12-14 13:06:34,027 [INFO] Executing guider offset calculation...
2025-12-14 13:06:34,027 [INFO] Clearing temp astrometry data...
2025-12-14 13:07:04,029 [INFO] Starting guiding sequence...
2025-12-14 13:07:04,032 [INFO] Grabbing raw image...
2025-12-14 13:07:04,033 [INFO] Images also copied to: /media/shyunc/DATA/KSpec/KSPEC_ICS/GFA/Simul/kspec_gfa_controller/src/img/grab/2025-12-14
2025-12-14 13:07:04,033 [INFO] Running astrometry preprocessing...
2025-12-14 13:07:04,033 [INFO] Executing guider offset calculation...
2025-12-14 13:07:04,033 [INFO] Clearing temp astrometry data...
2025-12-14 13:07:16,453 [INFO] Starting guiding sequence...
2025-12-14 13:07:16,454 [INFO] Grabbing raw image...
2025-12-14 13:07:16,454 [INFO] Images also copied to: /media/shyunc/DATA/KSpec/KSPEC_ICS/GFA/Simul/kspec_gfa_controller/src/img/grab/2025-12-14
2025-12-14 13:07:16,454 [INFO] Running astrometry preprocessing...
2025-12-14 13:07:16,454 [INFO] Executing guider offset calculation...
2025-12-14 13:07:16,454 [INFO] Clearing temp astrometry data...
2025-12-14 13:07:19,923 [INFO] Starting guiding sequence...
2025-12-14 13:07:19,923 [INFO] Grabbing raw image...
2025-12-14 13:07:19,923 [INFO] Images also copied to: /media/shyunc/DATA/KSpec/KSPEC_ICS/GFA/Simul/kspec_gfa_controller/src/img/grab/2025-12-14
2025-12-14 13:07:19,923 [INFO] Running astrometry preprocessing...
2025-12-14 13:07:19,923 [INFO] Executing guider offset calculation...
2025-12-14 13:07:19,923 [INFO] Clearing temp astrometry data...
2025-12-14 13:19:33,723 [INFO] Querying camera statuses...
2025-12-14 13:20:04,138 [INFO] Starting guiding sequence...
2025-12-14 13:20:04,138 [INFO] Grabbing raw image...
2025-12-14 13:20:04,139 [INFO] Images also copied to: /media/shyunc/DATA/KSpec/KSPEC_ICS/GFA/Simul/kspec_gfa_controller/src/img/grab/2025-12-14
2025-12-14 13:20:04,139 [INFO] Running astrometry preprocessing...
2025-12-14 13:20:04,139 [INFO] Executing guider offset calculation...
2025-12-14 13:20:04,139 [INFO] Clearing temp astrometry data...
2025-12-14 13:20:12,910 [INFO] Starting guiding sequence...
2025-12-14 13:20:12,912 [INFO] Grabbing raw image...
2025-12-14 13:20:12,913 [INFO] Images also copied to: /media/shyunc/DATA/KSpec/KSPEC_ICS/GFA/Simul/kspec_gfa_controller/src/img/grab/2025-12-14
2025-12-14 13:20:12,914 [INFO] Running astrometry preprocessing...
2025-12-14 13:20:12,914 [INFO] Executing guider offset calculation...
2025-12-14 13:20:12,914 [INFO] Clearing temp astrometry data...
2025-12-14 13:20:53,346 [INFO] Initialized GFAEnvironment with role 'plate' and cameras [1, 2, 3, 4, 5, 6]
2025-12-14 13:20:53,346 [INFO] Initializing gfa_astrometry class.
2025-12-14 13:20:53,347 [INFO] Initializing GFAGuider...
2025-12-14 13:20:53,347 [DEBUG] Processed dir: /media/shyunc/DATA/KSpec/KSPEC_ICS/GFA/Simul/kspec_gfa_controller/src/img/procimg
2025-12-14 13:20:53,347 [DEBUG] Final astro dir: /media/shyunc/DATA/KSpec/KSPEC_ICS/GFA/Simul/kspec_gfa_controller/src/img/astroimg/
2025-12-14 13:20:53,347 [DEBUG] Cutout dir: /media/shyunc/DATA/KSpec/KSPEC_ICS/GFA/Simul/kspec_gfa_controller/src/img/cutout
2025-12-14 13:20:53,347 [INFO] GFAGuider setup complete.
2025-12-14 13:20:53,347 [INFO] Initialized GFAEnvironment with role 'finder' and cameras [7]
2025-12-14 13:21:01,207 [INFO] Starting guiding sequence...
2025-12-14 13:21:01,209 [INFO] Grabbing raw image...
2025-12-14 13:21:01,209 [INFO] Running astrometry preprocessing...
2025-12-14 13:21:01,210 [INFO] Executing guider offset calculation...
2025-12-14 13:21:01,210 [INFO] Clearing temp astrometry data...
2025-12-14 13:21:11,400 [INFO] Starting guiding sequence...
2025-12-14 13:21:11,402 [INFO] Grabbing raw image...
2025-12-14 13:21:11,403 [INFO] Images also copied to: /media/shyunc/DATA/KSpec/KSPEC_ICS/GFA/Simul/kspec_gfa_controller/src/img/grab/2025-12-14
2025-12-14 13:21:11,403 [INFO] Running astrometry preprocessing...
2025-12-14 13:21:11,403 [INFO] Executing guider offset calculation...
2025-12-14 13:21:11,403 [INFO] Clearing temp astrometry data...
