2025-02-25 15:22:41,802 [INFO] Configuration file found: /home/kspec/mingyeong/kspec_gfa_controller/src/etc/cams.json (at gfa_actions.py)
2025-02-25 15:22:41,802 [INFO] Configuration file found: /home/kspec/mingyeong/kspec_gfa_controller/src/etc/astrometry_params.json (at gfa_actions.py)
2025-02-25 15:22:41,802 [INFO] Initializing gfa_controller with provided config. (at gfa_actions.py)
2025-02-25 15:22:41,802 [INFO] GfaController initialization complete. (at gfa_actions.py)
2025-02-25 15:22:41,803 [INFO] Initializing gfa_astrometry class. (at gfa_actions.py)
2025-02-25 15:22:41,803 [INFO] Loaded 4 FITS files. (at gfa_actions.py)
2025-02-25 15:22:41,803 [INFO] Initializing GFAGuider... (at gfa_actions.py)
2025-02-25 15:22:41,804 [DEBUG] Processed dir: /home/kspec/mingyeong/kspec_gfa_controller/src/img/procimg (at gfa_actions.py)
2025-02-25 15:22:41,804 [DEBUG] Final astro dir: /home/kspec/mingyeong/kspec_gfa_controller/src/img/astroimg/ (at gfa_actions.py)
2025-02-25 15:22:41,804 [DEBUG] Cutout dir: /home/kspec/mingyeong/kspec_gfa_controller/src/img/cutout (at gfa_actions.py)
2025-02-25 15:22:41,804 [INFO] GFAGuider setup complete. (at gfa_actions.py)
2025-02-25 15:22:41,804 [INFO] Image save path: /home/kspec/mingyeong/kspec_gfa_controller/src/img/grab (at gfa_actions.py)
2025-02-25 15:22:41,804 [INFO] Grabbing image from ALL cameras (ExpTime=1.0, Binning=4). (at gfa_actions.py)
2025-02-25 15:22:41,804 [INFO] Grabbing images from ALL cameras, ExpTime=1.0 (at gfa_actions.py)
2025-02-25 15:22:41,804 [DEBUG] Camera 1 IP: 192.168.9.67 (at gfa_actions.py)
2025-02-25 15:22:41,805 [DEBUG] Camera 2 IP: 192.168.9.58 (at gfa_actions.py)
2025-02-25 15:22:41,805 [DEBUG] Camera 3 IP: 192.168.9.34 (at gfa_actions.py)
2025-02-25 15:22:41,805 [DEBUG] Camera 4 IP: 192.168.9.63 (at gfa_actions.py)
2025-02-25 15:22:41,805 [DEBUG] Camera 5 IP: 192.168.9.31 (at gfa_actions.py)
2025-02-25 15:22:41,805 [DEBUG] Camera 6 IP: 192.168.9.33 (at gfa_actions.py)
2025-02-25 15:22:44,963 [DEBUG] Opened camera: 40103667 (at gfa_actions.py)
2025-02-25 15:22:44,964 [DEBUG] Opened camera: 40074358 (at gfa_actions.py)
2025-02-25 15:22:44,965 [DEBUG] Opened camera: 40103834 (at gfa_actions.py)
2025-02-25 15:22:44,965 [DEBUG] Opened camera: 40103663 (at gfa_actions.py)
2025-02-25 15:22:44,966 [DEBUG] Opened camera: 40103831 (at gfa_actions.py)
2025-02-25 15:22:44,966 [DEBUG] Opened camera: 40103833 (at gfa_actions.py)
2025-02-25 15:22:46,334 [INFO] Image grabbed from camera: 40103667 (at gfa_actions.py)
2025-02-25 15:22:46,337 [DEBUG] Max pixel value of grabbed image (Cam <pypylon.pylon.DeviceInfo; proxy of <Swig Object of type 'Pylon::CDeviceInfo *' at 0x7ed4e36af690> >): 4095 (at gfa_actions.py)
2025-02-25 15:22:46,337 [DEBUG] FITS file will be saved to: /home/kspec/mingyeong/kspec_gfa_controller/src/img/grab/2025-02-25_15:22:41_grab_cam_40103667.fits (at gfa_actions.py)
2025-02-25 15:22:46,337 [DEBUG] Image array shape: (1152, 1332) (at gfa_actions.py)
2025-02-25 15:22:46,337 [WARNING] No date_obs provided. Using current date. (at gfa_actions.py)
2025-02-25 15:22:46,337 [WARNING] No time_obs provided. Using current time. (at gfa_actions.py)
2025-02-25 15:22:46,341 [DEBUG] FITS header details: SIMPLE  =                    T                                                  BITPIX  =                  -32                                                  NAXIS   =                    2                                                  NAXIS1  =                 1332                                                  NAXIS2  =                 1152                                                  CTYPE1  = 'PIXEL   '                                                            CTYPE2  = 'PIXEL   '                                                            TELESCOP= 'KMTNET  '                                                            INSTRUME= 'KSPEC-GFA'                                                           OBSERVER= 'Mingyeong'                                                           OBJECT  = 'Unknown '                                                            DATE-OBS= '2025-02-25'                                                          TIME-OBS= '15:22:46'                                                            RA      = 'UNKNOWN '                                                            DEC     = 'UNKNOWN '                                                            EXPTIME =                  1.0                                                  COMMENT FITS file created with custom header fields                             END                                                                                                                                                                                                                                                                                                                                                                                                                                                                                                                                                                                                                                                                                                                                                                                                                                                                                                                                                                                                                                                                                                                                                                                                                                                                                                                                                                                                                                                                                                                                                                              (at gfa_actions.py)
2025-02-25 15:22:46,367 [INFO] FITS file successfully saved to /home/kspec/mingyeong/kspec_gfa_controller/src/img/grab/2025-02-25_15:22:41_grab_cam_40103667.fits (at gfa_actions.py)
2025-02-25 15:22:46,547 [INFO] Image grabbed from camera: 40103831 (at gfa_actions.py)
2025-02-25 15:22:46,547 [DEBUG] Max pixel value of grabbed image (Cam <pypylon.pylon.DeviceInfo; proxy of <Swig Object of type 'Pylon::CDeviceInfo *' at 0x7ed486f03960> >): 4095 (at gfa_actions.py)
2025-02-25 15:22:46,547 [DEBUG] FITS file will be saved to: /home/kspec/mingyeong/kspec_gfa_controller/src/img/grab/2025-02-25_15:22:43_grab_cam_40103831.fits (at gfa_actions.py)
2025-02-25 15:22:46,547 [DEBUG] Image array shape: (1152, 1332) (at gfa_actions.py)
2025-02-25 15:22:46,547 [WARNING] No date_obs provided. Using current date. (at gfa_actions.py)
2025-02-25 15:22:46,548 [WARNING] No time_obs provided. Using current time. (at gfa_actions.py)
2025-02-25 15:22:46,548 [DEBUG] FITS header details: SIMPLE  =                    T                                                  BITPIX  =                  -32                                                  NAXIS   =                    2                                                  NAXIS1  =                 1332                                                  NAXIS2  =                 1152                                                  CTYPE1  = 'PIXEL   '                                                            CTYPE2  = 'PIXEL   '                                                            TELESCOP= 'KMTNET  '                                                            INSTRUME= 'KSPEC-GFA'                                                           OBSERVER= 'Mingyeong'                                                           OBJECT  = 'Unknown '                                                            DATE-OBS= '2025-02-25'                                                          TIME-OBS= '15:22:46'                                                            RA      = 'UNKNOWN '                                                            DEC     = 'UNKNOWN '                                                            EXPTIME =                  1.0                                                  COMMENT FITS file created with custom header fields                             END                                                                                                                                                                                                                                                                                                                                                                                                                                                                                                                                                                                                                                                                                                                                                                                                                                                                                                                                                                                                                                                                                                                                                                                                                                                                                                                                                                                                                                                                                                                                                                              (at gfa_actions.py)
2025-02-25 15:22:46,551 [INFO] FITS file successfully saved to /home/kspec/mingyeong/kspec_gfa_controller/src/img/grab/2025-02-25_15:22:43_grab_cam_40103831.fits (at gfa_actions.py)
2025-02-25 15:22:46,711 [INFO] Image grabbed from camera: 40103833 (at gfa_actions.py)
2025-02-25 15:22:46,712 [DEBUG] Max pixel value of grabbed image (Cam <pypylon.pylon.DeviceInfo; proxy of <Swig Object of type 'Pylon::CDeviceInfo *' at 0x7ed486f03ba0> >): 4095 (at gfa_actions.py)
2025-02-25 15:22:46,712 [DEBUG] FITS file will be saved to: /home/kspec/mingyeong/kspec_gfa_controller/src/img/grab/2025-02-25_15:22:44_grab_cam_40103833.fits (at gfa_actions.py)
2025-02-25 15:22:46,712 [DEBUG] Image array shape: (1152, 1332) (at gfa_actions.py)
2025-02-25 15:22:46,712 [WARNING] No date_obs provided. Using current date. (at gfa_actions.py)
2025-02-25 15:22:46,712 [WARNING] No time_obs provided. Using current time. (at gfa_actions.py)
2025-02-25 15:22:46,713 [DEBUG] FITS header details: SIMPLE  =                    T                                                  BITPIX  =                  -32                                                  NAXIS   =                    2                                                  NAXIS1  =                 1332                                                  NAXIS2  =                 1152                                                  CTYPE1  = 'PIXEL   '                                                            CTYPE2  = 'PIXEL   '                                                            TELESCOP= 'KMTNET  '                                                            INSTRUME= 'KSPEC-GFA'                                                           OBSERVER= 'Mingyeong'                                                           OBJECT  = 'Unknown '                                                            DATE-OBS= '2025-02-25'                                                          TIME-OBS= '15:22:46'                                                            RA      = 'UNKNOWN '                                                            DEC     = 'UNKNOWN '                                                            EXPTIME =                  1.0                                                  COMMENT FITS file created with custom header fields                             END                                                                                                                                                                                                                                                                                                                                                                                                                                                                                                                                                                                                                                                                                                                                                                                                                                                                                                                                                                                                                                                                                                                                                                                                                                                                                                                                                                                                                                                                                                                                                                              (at gfa_actions.py)
2025-02-25 15:22:46,716 [INFO] FITS file successfully saved to /home/kspec/mingyeong/kspec_gfa_controller/src/img/grab/2025-02-25_15:22:44_grab_cam_40103833.fits (at gfa_actions.py)
2025-02-25 15:22:46,876 [INFO] Image grabbed from camera: 40103834 (at gfa_actions.py)
2025-02-25 15:22:46,876 [DEBUG] Max pixel value of grabbed image (Cam <pypylon.pylon.DeviceInfo; proxy of <Swig Object of type 'Pylon::CDeviceInfo *' at 0x7ed4e36af300> >): 4095 (at gfa_actions.py)
2025-02-25 15:22:46,876 [DEBUG] FITS file will be saved to: /home/kspec/mingyeong/kspec_gfa_controller/src/img/grab/2025-02-25_15:22:42_grab_cam_40103834.fits (at gfa_actions.py)
2025-02-25 15:22:46,876 [DEBUG] Image array shape: (1152, 1332) (at gfa_actions.py)
2025-02-25 15:22:46,876 [WARNING] No date_obs provided. Using current date. (at gfa_actions.py)
2025-02-25 15:22:46,877 [WARNING] No time_obs provided. Using current time. (at gfa_actions.py)
2025-02-25 15:22:46,877 [DEBUG] FITS header details: SIMPLE  =                    T                                                  BITPIX  =                  -32                                                  NAXIS   =                    2                                                  NAXIS1  =                 1332                                                  NAXIS2  =                 1152                                                  CTYPE1  = 'PIXEL   '                                                            CTYPE2  = 'PIXEL   '                                                            TELESCOP= 'KMTNET  '                                                            INSTRUME= 'KSPEC-GFA'                                                           OBSERVER= 'Mingyeong'                                                           OBJECT  = 'Unknown '                                                            DATE-OBS= '2025-02-25'                                                          TIME-OBS= '15:22:46'                                                            RA      = 'UNKNOWN '                                                            DEC     = 'UNKNOWN '                                                            EXPTIME =                  1.0                                                  COMMENT FITS file created with custom header fields                             END                                                                                                                                                                                                                                                                                                                                                                                                                                                                                                                                                                                                                                                                                                                                                                                                                                                                                                                                                                                                                                                                                                                                                                                                                                                                                                                                                                                                                                                                                                                                                                              (at gfa_actions.py)
2025-02-25 15:22:46,880 [INFO] FITS file successfully saved to /home/kspec/mingyeong/kspec_gfa_controller/src/img/grab/2025-02-25_15:22:42_grab_cam_40103834.fits (at gfa_actions.py)
2025-02-25 15:22:47,042 [INFO] Image grabbed from camera: 40103663 (at gfa_actions.py)
2025-02-25 15:22:47,043 [DEBUG] Max pixel value of grabbed image (Cam <pypylon.pylon.DeviceInfo; proxy of <Swig Object of type 'Pylon::CDeviceInfo *' at 0x7ed4e36af240> >): 4095 (at gfa_actions.py)
2025-02-25 15:22:47,043 [DEBUG] FITS file will be saved to: /home/kspec/mingyeong/kspec_gfa_controller/src/img/grab/2025-02-25_15:22:43_grab_cam_40103663.fits (at gfa_actions.py)
2025-02-25 15:22:47,043 [DEBUG] Image array shape: (1152, 1332) (at gfa_actions.py)
2025-02-25 15:22:47,043 [WARNING] No date_obs provided. Using current date. (at gfa_actions.py)
2025-02-25 15:22:47,043 [WARNING] No time_obs provided. Using current time. (at gfa_actions.py)
2025-02-25 15:22:47,044 [DEBUG] FITS header details: SIMPLE  =                    T                                                  BITPIX  =                  -32                                                  NAXIS   =                    2                                                  NAXIS1  =                 1332                                                  NAXIS2  =                 1152                                                  CTYPE1  = 'PIXEL   '                                                            CTYPE2  = 'PIXEL   '                                                            TELESCOP= 'KMTNET  '                                                            INSTRUME= 'KSPEC-GFA'                                                           OBSERVER= 'Mingyeong'                                                           OBJECT  = 'Unknown '                                                            DATE-OBS= '2025-02-25'                                                          TIME-OBS= '15:22:47'                                                            RA      = 'UNKNOWN '                                                            DEC     = 'UNKNOWN '                                                            EXPTIME =                  1.0                                                  COMMENT FITS file created with custom header fields                             END                                                                                                                                                                                                                                                                                                                                                                                                                                                                                                                                                                                                                                                                                                                                                                                                                                                                                                                                                                                                                                                                                                                                                                                                                                                                                                                                                                                                                                                                                                                                                                              (at gfa_actions.py)
2025-02-25 15:22:47,046 [INFO] FITS file successfully saved to /home/kspec/mingyeong/kspec_gfa_controller/src/img/grab/2025-02-25_15:22:43_grab_cam_40103663.fits (at gfa_actions.py)
2025-02-25 15:22:47,205 [DEBUG] Closed camera: 40103667 (at gfa_actions.py)
2025-02-25 15:22:47,207 [DEBUG] Closed camera: 40103831 (at gfa_actions.py)
2025-02-25 15:22:47,209 [DEBUG] Closed camera: 40103833 (at gfa_actions.py)
2025-02-25 15:22:47,211 [DEBUG] Closed camera: 40103834 (at gfa_actions.py)
2025-02-25 15:22:47,212 [DEBUG] Closed camera: 40103663 (at gfa_actions.py)
2025-02-25 15:23:01,062 [ERROR] TimeoutException while grabbing image from camera 40074358 (at gfa_actions.py)
2025-02-25 15:23:01,067 [INFO] Timeout occurred for camera 40074358 (at gfa_actions.py)
2025-02-25 15:23:01,075 [DEBUG] Final process time for grab: 19.27 seconds (at gfa_actions.py)
2025-02-25 15:27:51,285 [INFO] Configuration file found: /home/kspec/mingyeong/kspec_gfa_controller/src/etc/cams.json (at gfa_actions.py)
2025-02-25 15:27:51,286 [INFO] Configuration file found: /home/kspec/mingyeong/kspec_gfa_controller/src/etc/astrometry_params.json (at gfa_actions.py)
2025-02-25 15:27:51,286 [INFO] Initializing gfa_controller with provided config. (at gfa_actions.py)
2025-02-25 15:27:51,287 [INFO] GfaController initialization complete. (at gfa_actions.py)
2025-02-25 15:27:51,287 [INFO] Initializing gfa_astrometry class. (at gfa_actions.py)
2025-02-25 15:27:51,287 [DEBUG] Loaded 4 FITS files. (at gfa_actions.py)
2025-02-25 15:27:51,287 [INFO] Initializing GFAGuider... (at gfa_actions.py)
2025-02-25 15:27:51,288 [DEBUG] Processed dir: /home/kspec/mingyeong/kspec_gfa_controller/src/img/procimg (at gfa_actions.py)
2025-02-25 15:27:51,288 [DEBUG] Final astro dir: /home/kspec/mingyeong/kspec_gfa_controller/src/img/astroimg/ (at gfa_actions.py)
2025-02-25 15:27:51,288 [DEBUG] Cutout dir: /home/kspec/mingyeong/kspec_gfa_controller/src/img/cutout (at gfa_actions.py)
2025-02-25 15:27:51,288 [INFO] GFAGuider setup complete. (at gfa_actions.py)
2025-02-25 15:27:51,288 [INFO] Image save path: /home/kspec/mingyeong/kspec_gfa_controller/src/img/grab (at gfa_actions.py)
2025-02-25 15:27:51,288 [INFO] Grabbing image from camera 1 (ExpTime=0.01, Binning=4). (at gfa_actions.py)
2025-02-25 15:27:51,288 [INFO] Grabbing image from camera 1, ExpTime=0.01 (at gfa_actions.py)
2025-02-25 15:27:51,288 [DEBUG] Camera 1 IP: 192.168.9.67 (at gfa_actions.py)
2025-02-25 15:27:51,835 [DEBUG] Set exposure time: 10000.0 μs (at gfa_actions.py)
2025-02-25 15:27:51,900 [DEBUG] Set PixelFormat Mono12 (at gfa_actions.py)
2025-02-25 15:27:51,909 [DEBUG] Set binning: 4x4 (at gfa_actions.py)
2025-02-25 15:27:52,165 [DEBUG] Max pixel value of grabbed image (Cam 1): 4095 (at gfa_actions.py)
2025-02-25 15:27:52,165 [DEBUG] FITS file will be saved to: /home/kspec/mingyeong/kspec_gfa_controller/src/img/grab/2025-02-25_15:27:51_grabone_cam1.fits (at gfa_actions.py)
2025-02-25 15:27:52,165 [DEBUG] Image array shape: (1152, 1332) (at gfa_actions.py)
2025-02-25 15:27:52,165 [WARNING] No date_obs provided. Using current date. (at gfa_actions.py)
2025-02-25 15:27:52,167 [WARNING] No time_obs provided. Using current time. (at gfa_actions.py)
2025-02-25 15:27:52,171 [DEBUG] FITS header details: SIMPLE  =                    T                                                  BITPIX  =                  -32                                                  NAXIS   =                    2                                                  NAXIS1  =                 1332                                                  NAXIS2  =                 1152                                                  CTYPE1  = 'PIXEL   '                                                            CTYPE2  = 'PIXEL   '                                                            TELESCOP= 'KMTNET  '                                                            INSTRUME= 'KSPEC-GFA'                                                           OBSERVER= 'Mingyeong'                                                           OBJECT  = 'Unknown '                                                            DATE-OBS= '2025-02-25'                                                          TIME-OBS= '15:27:52'                                                            RA      = 'UNKNOWN '                                                            DEC     = 'UNKNOWN '                                                            EXPTIME =                 0.01                                                  COMMENT FITS file created with custom header fields                             END                                                                                                                                                                                                                                                                                                                                                                                                                                                                                                                                                                                                                                                                                                                                                                                                                                                                                                                                                                                                                                                                                                                                                                                                                                                                                                                                                                                                                                                                                                                                                                              (at gfa_actions.py)
2025-02-25 15:27:52,199 [INFO] FITS file successfully saved to /home/kspec/mingyeong/kspec_gfa_controller/src/img/grab/2025-02-25_15:27:51_grabone_cam1.fits (at gfa_actions.py)
2025-02-25 15:27:52,376 [DEBUG] Exposure time for camera 1: 0.01 sec (at gfa_actions.py)
2025-02-25 15:27:52,376 [DEBUG] Process time for camera 1: 1.08768892288208 sec (at gfa_actions.py)
2025-02-25 15:31:23,001 [INFO] Configuration file found: /home/kspec/mingyeong/kspec_gfa_controller/src/etc/cams.json (at gfa_actions.py)
2025-02-25 15:31:23,001 [INFO] Configuration file found: /home/kspec/mingyeong/kspec_gfa_controller/src/etc/astrometry_params.json (at gfa_actions.py)
2025-02-25 15:31:23,002 [INFO] Initializing gfa_controller with provided config. (at gfa_actions.py)
2025-02-25 15:31:23,002 [INFO] GfaController initialization complete. (at gfa_actions.py)
2025-02-25 15:31:23,002 [INFO] Initializing gfa_astrometry class. (at gfa_actions.py)
2025-02-25 15:31:23,003 [DEBUG] Loaded 4 FITS files. (at gfa_actions.py)
2025-02-25 15:31:23,003 [INFO] Initializing GFAGuider... (at gfa_actions.py)
2025-02-25 15:31:23,003 [DEBUG] Processed dir: /home/kspec/mingyeong/kspec_gfa_controller/src/img/procimg (at gfa_actions.py)
2025-02-25 15:31:23,003 [DEBUG] Final astro dir: /home/kspec/mingyeong/kspec_gfa_controller/src/img/astroimg/ (at gfa_actions.py)
2025-02-25 15:31:23,003 [DEBUG] Cutout dir: /home/kspec/mingyeong/kspec_gfa_controller/src/img/cutout (at gfa_actions.py)
2025-02-25 15:31:23,003 [INFO] GFAGuider setup complete. (at gfa_actions.py)
2025-02-25 15:31:23,003 [INFO] Checking status of all cameras. (at gfa_actions.py)
2025-02-25 15:31:23,003 [INFO] Checking status of all cameras (at gfa_actions.py)
2025-02-25 15:31:23,004 [DEBUG] Camera 1 IP address: 192.168.9.67 (at gfa_actions.py)
2025-02-25 15:31:23,548 [INFO] Camera 1 is online and in standby mode. (at gfa_actions.py)
2025-02-25 15:31:23,553 [DEBUG] Camera 2 IP address: 192.168.9.58 (at gfa_actions.py)
2025-02-25 15:31:24,064 [INFO] Camera 2 is online and in standby mode. (at gfa_actions.py)
2025-02-25 15:31:24,068 [DEBUG] Camera 3 IP address: 192.168.9.34 (at gfa_actions.py)
2025-02-25 15:31:24,598 [INFO] Camera 3 is online and in standby mode. (at gfa_actions.py)
2025-02-25 15:31:24,603 [DEBUG] Camera 4 IP address: 192.168.9.63 (at gfa_actions.py)
2025-02-25 15:31:25,126 [INFO] Camera 4 is online and in standby mode. (at gfa_actions.py)
2025-02-25 15:31:25,132 [DEBUG] Camera 5 IP address: 192.168.9.31 (at gfa_actions.py)
2025-02-25 15:31:25,659 [INFO] Camera 5 is online and in standby mode. (at gfa_actions.py)
2025-02-25 15:31:25,664 [DEBUG] Camera 6 IP address: 192.168.9.33 (at gfa_actions.py)
2025-02-25 15:31:26,192 [INFO] Camera 6 is online and in standby mode. (at gfa_actions.py)
2025-02-25 15:31:26,203 [ERROR] Error occurred while checking status: 'NoneType' object is not iterable (at gfa_actions.py)
2025-02-25 15:35:01,995 [INFO] Configuration file found: /home/kspec/mingyeong/kspec_gfa_controller/src/etc/cams.json (at gfa_actions.py)
2025-02-25 15:35:01,996 [INFO] Configuration file found: /home/kspec/mingyeong/kspec_gfa_controller/src/etc/astrometry_params.json (at gfa_actions.py)
2025-02-25 15:35:01,996 [INFO] Initializing gfa_controller with provided config. (at gfa_actions.py)
2025-02-25 15:35:01,996 [INFO] GfaController initialization complete. (at gfa_actions.py)
2025-02-25 15:35:01,997 [INFO] Initializing gfa_astrometry class. (at gfa_actions.py)
2025-02-25 15:35:01,997 [DEBUG] Loaded 4 FITS files. (at gfa_actions.py)
2025-02-25 15:35:01,997 [INFO] Initializing GFAGuider... (at gfa_actions.py)
2025-02-25 15:35:01,997 [DEBUG] Processed dir: /home/kspec/mingyeong/kspec_gfa_controller/src/img/procimg (at gfa_actions.py)
2025-02-25 15:35:01,997 [DEBUG] Final astro dir: /home/kspec/mingyeong/kspec_gfa_controller/src/img/astroimg/ (at gfa_actions.py)
2025-02-25 15:35:01,997 [DEBUG] Cutout dir: /home/kspec/mingyeong/kspec_gfa_controller/src/img/cutout (at gfa_actions.py)
2025-02-25 15:35:01,997 [INFO] GFAGuider setup complete. (at gfa_actions.py)
2025-02-25 15:35:01,997 [INFO] Checking status of all cameras. (at gfa_actions.py)
2025-02-25 15:35:01,998 [INFO] Checking status of all cameras (at gfa_actions.py)
2025-02-25 15:35:01,998 [DEBUG] Camera 1 IP address: 192.168.9.67 (at gfa_actions.py)
2025-02-25 15:35:02,530 [INFO] Camera 1 is online and in standby mode. (at gfa_actions.py)
2025-02-25 15:35:02,535 [DEBUG] Camera 2 IP address: 192.168.9.58 (at gfa_actions.py)
2025-02-25 15:35:03,033 [INFO] Camera 2 is online and in standby mode. (at gfa_actions.py)
2025-02-25 15:35:03,037 [DEBUG] Camera 3 IP address: 192.168.9.34 (at gfa_actions.py)
2025-02-25 15:35:03,563 [INFO] Camera 3 is online and in standby mode. (at gfa_actions.py)
2025-02-25 15:35:03,569 [DEBUG] Camera 4 IP address: 192.168.9.63 (at gfa_actions.py)
2025-02-25 15:35:04,098 [INFO] Camera 4 is online and in standby mode. (at gfa_actions.py)
2025-02-25 15:35:04,104 [DEBUG] Camera 5 IP address: 192.168.9.31 (at gfa_actions.py)
2025-02-25 15:35:04,630 [INFO] Camera 5 is online and in standby mode. (at gfa_actions.py)
2025-02-25 15:35:04,635 [DEBUG] Camera 6 IP address: 192.168.9.33 (at gfa_actions.py)
2025-02-25 15:35:05,173 [INFO] Camera 6 is online and in standby mode. (at gfa_actions.py)
2025-02-25 15:35:05,185 [ERROR] self.env.controller.status() returned None. (at gfa_actions.py)
2025-02-25 15:35:48,959 [INFO] Configuration file found: /home/kspec/mingyeong/kspec_gfa_controller/src/etc/cams.json (at gfa_actions.py)
2025-02-25 15:35:48,959 [INFO] Configuration file found: /home/kspec/mingyeong/kspec_gfa_controller/src/etc/astrometry_params.json (at gfa_actions.py)
2025-02-25 15:35:48,959 [INFO] Initializing gfa_controller with provided config. (at gfa_actions.py)
2025-02-25 15:35:48,960 [INFO] GfaController initialization complete. (at gfa_actions.py)
2025-02-25 15:35:48,960 [INFO] Initializing gfa_astrometry class. (at gfa_actions.py)
2025-02-25 15:35:48,960 [DEBUG] Loaded 4 FITS files. (at gfa_actions.py)
2025-02-25 15:35:48,960 [INFO] Initializing GFAGuider... (at gfa_actions.py)
2025-02-25 15:35:48,961 [DEBUG] Processed dir: /home/kspec/mingyeong/kspec_gfa_controller/src/img/procimg (at gfa_actions.py)
2025-02-25 15:35:48,961 [DEBUG] Final astro dir: /home/kspec/mingyeong/kspec_gfa_controller/src/img/astroimg/ (at gfa_actions.py)
2025-02-25 15:35:48,961 [DEBUG] Cutout dir: /home/kspec/mingyeong/kspec_gfa_controller/src/img/cutout (at gfa_actions.py)
2025-02-25 15:35:48,961 [INFO] GFAGuider setup complete. (at gfa_actions.py)
2025-02-25 15:35:48,961 [INFO] Checking status of all cameras. (at gfa_actions.py)
2025-02-25 15:35:48,961 [INFO] Checking status of all cameras (at gfa_actions.py)
2025-02-25 15:35:48,961 [DEBUG] Camera 1 IP address: 192.168.9.67 (at gfa_actions.py)
2025-02-25 15:35:49,495 [INFO] Camera 1 is online and in standby mode. (at gfa_actions.py)
2025-02-25 15:35:49,501 [DEBUG] Camera 2 IP address: 192.168.9.58 (at gfa_actions.py)
2025-02-25 15:35:50,001 [INFO] Camera 2 is online and in standby mode. (at gfa_actions.py)
2025-02-25 15:35:50,005 [DEBUG] Camera 3 IP address: 192.168.9.34 (at gfa_actions.py)
2025-02-25 15:35:50,532 [INFO] Camera 3 is online and in standby mode. (at gfa_actions.py)
2025-02-25 15:35:50,537 [DEBUG] Camera 4 IP address: 192.168.9.63 (at gfa_actions.py)
2025-02-25 15:35:51,067 [INFO] Camera 4 is online and in standby mode. (at gfa_actions.py)
2025-02-25 15:35:51,071 [DEBUG] Camera 5 IP address: 192.168.9.31 (at gfa_actions.py)
2025-02-25 15:35:51,597 [INFO] Camera 5 is online and in standby mode. (at gfa_actions.py)
2025-02-25 15:35:51,601 [DEBUG] Camera 6 IP address: 192.168.9.33 (at gfa_actions.py)
2025-02-25 15:35:52,129 [INFO] Camera 6 is online and in standby mode. (at gfa_actions.py)
2025-02-25 15:35:52,140 [DEBUG] Controller status response: None (at gfa_actions.py)
2025-02-25 15:35:52,140 [ERROR] self.env.controller.status() returned None. (at gfa_actions.py)
2025-02-25 15:37:22,612 [INFO] Configuration file found: /home/kspec/mingyeong/kspec_gfa_controller/src/etc/cams.json (at gfa_actions.py)
2025-02-25 15:37:22,613 [INFO] Configuration file found: /home/kspec/mingyeong/kspec_gfa_controller/src/etc/astrometry_params.json (at gfa_actions.py)
2025-02-25 15:37:22,613 [INFO] Initializing gfa_controller with provided config. (at gfa_actions.py)
2025-02-25 15:37:22,613 [INFO] GfaController initialization complete. (at gfa_actions.py)
2025-02-25 15:37:22,614 [INFO] Initializing gfa_astrometry class. (at gfa_actions.py)
2025-02-25 15:37:22,614 [DEBUG] Loaded 4 FITS files. (at gfa_actions.py)
2025-02-25 15:37:22,614 [INFO] Initializing GFAGuider... (at gfa_actions.py)
2025-02-25 15:37:22,614 [DEBUG] Processed dir: /home/kspec/mingyeong/kspec_gfa_controller/src/img/procimg (at gfa_actions.py)
2025-02-25 15:37:22,614 [DEBUG] Final astro dir: /home/kspec/mingyeong/kspec_gfa_controller/src/img/astroimg/ (at gfa_actions.py)
2025-02-25 15:37:22,614 [DEBUG] Cutout dir: /home/kspec/mingyeong/kspec_gfa_controller/src/img/cutout (at gfa_actions.py)
2025-02-25 15:37:22,614 [INFO] GFAGuider setup complete. (at gfa_actions.py)
2025-02-25 15:37:22,615 [INFO] Checking status of all cameras. (at gfa_actions.py)
2025-02-25 15:37:22,615 [INFO] Checking status of all cameras (at gfa_actions.py)
2025-02-25 15:37:22,615 [DEBUG] Camera 1 IP address: 192.168.9.67 (at gfa_actions.py)
2025-02-25 15:37:23,148 [INFO] Camera 1 is online and in standby mode. (at gfa_actions.py)
2025-02-25 15:37:23,153 [DEBUG] Camera 2 IP address: 192.168.9.58 (at gfa_actions.py)
2025-02-25 15:37:23,663 [INFO] Camera 2 is online and in standby mode. (at gfa_actions.py)
2025-02-25 15:37:23,667 [DEBUG] Camera 3 IP address: 192.168.9.34 (at gfa_actions.py)
2025-02-25 15:37:24,194 [INFO] Camera 3 is online and in standby mode. (at gfa_actions.py)
2025-02-25 15:37:24,199 [DEBUG] Camera 4 IP address: 192.168.9.63 (at gfa_actions.py)
2025-02-25 15:37:24,721 [INFO] Camera 4 is online and in standby mode. (at gfa_actions.py)
2025-02-25 15:37:24,726 [DEBUG] Camera 5 IP address: 192.168.9.31 (at gfa_actions.py)
2025-02-25 15:37:25,258 [INFO] Camera 5 is online and in standby mode. (at gfa_actions.py)
2025-02-25 15:37:25,263 [DEBUG] Camera 6 IP address: 192.168.9.33 (at gfa_actions.py)
2025-02-25 15:37:25,788 [INFO] Camera 6 is online and in standby mode. (at gfa_actions.py)
2025-02-25 15:37:25,799 [DEBUG] Controller status response: ['Camera 1 is online and in standby mode.', 'Camera 2 is online and in standby mode.', 'Camera 3 is online and in standby mode.', 'Camera 4 is online and in standby mode.', 'Camera 5 is online and in standby mode.', 'Camera 6 is online and in standby mode.'] (at gfa_actions.py)
2025-02-25 15:39:10,782 [INFO] Configuration file found: /home/kspec/mingyeong/kspec_gfa_controller/src/etc/cams.json (at gfa_actions.py)
2025-02-25 15:39:10,782 [INFO] Configuration file found: /home/kspec/mingyeong/kspec_gfa_controller/src/etc/astrometry_params.json (at gfa_actions.py)
2025-02-25 15:39:10,783 [INFO] Initializing gfa_controller with provided config. (at gfa_actions.py)
2025-02-25 15:39:10,783 [INFO] GfaController initialization complete. (at gfa_actions.py)
2025-02-25 15:39:10,783 [INFO] Initializing gfa_astrometry class. (at gfa_actions.py)
2025-02-25 15:39:10,784 [DEBUG] Loaded 4 FITS files. (at gfa_actions.py)
2025-02-25 15:39:10,784 [INFO] Initializing GFAGuider... (at gfa_actions.py)
2025-02-25 15:39:10,784 [DEBUG] Processed dir: /home/kspec/mingyeong/kspec_gfa_controller/src/img/procimg (at gfa_actions.py)
2025-02-25 15:39:10,784 [DEBUG] Final astro dir: /home/kspec/mingyeong/kspec_gfa_controller/src/img/astroimg/ (at gfa_actions.py)
2025-02-25 15:39:10,784 [DEBUG] Cutout dir: /home/kspec/mingyeong/kspec_gfa_controller/src/img/cutout (at gfa_actions.py)
2025-02-25 15:39:10,784 [INFO] GFAGuider setup complete. (at gfa_actions.py)
2025-02-25 15:39:10,784 [INFO] Checking status of all cameras. (at gfa_actions.py)
2025-02-25 15:39:10,784 [INFO] Checking status of all cameras (at gfa_actions.py)
2025-02-25 15:39:10,785 [DEBUG] Camera 1 IP address: 192.168.9.67 (at gfa_actions.py)
2025-02-25 15:39:11,318 [INFO] Camera 1 is online and in standby mode. (at gfa_actions.py)
2025-02-25 15:39:11,323 [DEBUG] Camera 2 IP address: 192.168.9.58 (at gfa_actions.py)
2025-02-25 15:39:11,821 [INFO] Camera 2 is online and in standby mode. (at gfa_actions.py)
2025-02-25 15:39:11,825 [DEBUG] Camera 3 IP address: 192.168.9.34 (at gfa_actions.py)
2025-02-25 15:39:12,351 [INFO] Camera 3 is online and in standby mode. (at gfa_actions.py)
2025-02-25 15:39:12,356 [DEBUG] Camera 4 IP address: 192.168.9.63 (at gfa_actions.py)
2025-02-25 15:39:12,884 [INFO] Camera 4 is online and in standby mode. (at gfa_actions.py)
2025-02-25 15:39:12,889 [DEBUG] Camera 5 IP address: 192.168.9.31 (at gfa_actions.py)
2025-02-25 15:39:13,418 [INFO] Camera 5 is online and in standby mode. (at gfa_actions.py)
2025-02-25 15:39:13,423 [DEBUG] Camera 6 IP address: 192.168.9.33 (at gfa_actions.py)
2025-02-25 15:39:13,949 [INFO] Camera 6 is online and in standby mode. (at gfa_actions.py)
2025-02-25 15:39:46,376 [INFO] Configuration file found: /home/kspec/mingyeong/kspec_gfa_controller/src/etc/cams.json (at gfa_actions.py)
2025-02-25 15:39:46,377 [INFO] Configuration file found: /home/kspec/mingyeong/kspec_gfa_controller/src/etc/astrometry_params.json (at gfa_actions.py)
2025-02-25 15:39:46,377 [INFO] Initializing gfa_controller with provided config. (at gfa_actions.py)
2025-02-25 15:39:46,377 [INFO] GfaController initialization complete. (at gfa_actions.py)
2025-02-25 15:39:46,378 [INFO] Initializing gfa_astrometry class. (at gfa_actions.py)
2025-02-25 15:39:46,378 [DEBUG] Loaded 4 FITS files. (at gfa_actions.py)
2025-02-25 15:39:46,378 [INFO] Initializing GFAGuider... (at gfa_actions.py)
2025-02-25 15:39:46,378 [DEBUG] Processed dir: /home/kspec/mingyeong/kspec_gfa_controller/src/img/procimg (at gfa_actions.py)
2025-02-25 15:39:46,378 [DEBUG] Final astro dir: /home/kspec/mingyeong/kspec_gfa_controller/src/img/astroimg/ (at gfa_actions.py)
2025-02-25 15:39:46,379 [DEBUG] Cutout dir: /home/kspec/mingyeong/kspec_gfa_controller/src/img/cutout (at gfa_actions.py)
2025-02-25 15:39:46,379 [INFO] GFAGuider setup complete. (at gfa_actions.py)
2025-02-25 15:39:46,379 [INFO] Checking status of all cameras. (at gfa_actions.py)
2025-02-25 15:39:46,379 [INFO] Checking status of all cameras (at gfa_actions.py)
2025-02-25 15:39:46,379 [DEBUG] Camera 1 IP address: 192.168.9.67 (at gfa_actions.py)
2025-02-25 15:39:46,913 [INFO] Camera 1 is online and in standby mode. (at gfa_actions.py)
2025-02-25 15:39:46,918 [DEBUG] Camera 2 IP address: 192.168.9.58 (at gfa_actions.py)
2025-02-25 15:39:47,426 [INFO] Camera 2 is online and in standby mode. (at gfa_actions.py)
2025-02-25 15:39:47,430 [DEBUG] Camera 3 IP address: 192.168.9.34 (at gfa_actions.py)
2025-02-25 15:39:47,956 [INFO] Camera 3 is online and in standby mode. (at gfa_actions.py)
2025-02-25 15:39:47,961 [DEBUG] Camera 4 IP address: 192.168.9.63 (at gfa_actions.py)
2025-02-25 15:39:48,488 [INFO] Camera 4 is online and in standby mode. (at gfa_actions.py)
2025-02-25 15:39:48,493 [DEBUG] Camera 5 IP address: 192.168.9.31 (at gfa_actions.py)
2025-02-25 15:39:49,018 [INFO] Camera 5 is online and in standby mode. (at gfa_actions.py)
2025-02-25 15:39:49,023 [DEBUG] Camera 6 IP address: 192.168.9.33 (at gfa_actions.py)
2025-02-25 15:39:49,551 [INFO] Camera 6 is online and in standby mode. (at gfa_actions.py)
2025-02-25 15:40:07,728 [INFO] Configuration file found: /home/kspec/mingyeong/kspec_gfa_controller/src/etc/cams.json (at gfa_actions.py)
2025-02-25 15:40:07,729 [INFO] Configuration file found: /home/kspec/mingyeong/kspec_gfa_controller/src/etc/astrometry_params.json (at gfa_actions.py)
2025-02-25 15:40:07,729 [INFO] Initializing gfa_controller with provided config. (at gfa_actions.py)
2025-02-25 15:40:07,730 [INFO] GfaController initialization complete. (at gfa_actions.py)
2025-02-25 15:40:07,730 [INFO] Initializing gfa_astrometry class. (at gfa_actions.py)
2025-02-25 15:40:07,731 [DEBUG] Loaded 4 FITS files. (at gfa_actions.py)
2025-02-25 15:40:07,731 [INFO] Initializing GFAGuider... (at gfa_actions.py)
2025-02-25 15:40:07,731 [DEBUG] Processed dir: /home/kspec/mingyeong/kspec_gfa_controller/src/img/procimg (at gfa_actions.py)
2025-02-25 15:40:07,731 [DEBUG] Final astro dir: /home/kspec/mingyeong/kspec_gfa_controller/src/img/astroimg/ (at gfa_actions.py)
2025-02-25 15:40:07,731 [DEBUG] Cutout dir: /home/kspec/mingyeong/kspec_gfa_controller/src/img/cutout (at gfa_actions.py)
2025-02-25 15:40:07,731 [INFO] GFAGuider setup complete. (at gfa_actions.py)
2025-02-25 15:40:07,732 [INFO] Image save path: /home/kspec/mingyeong/kspec_gfa_controller/src/img/grab (at gfa_actions.py)
2025-02-25 15:40:07,732 [INFO] Grabbing image from camera 1 (ExpTime=0.01, Binning=4). (at gfa_actions.py)
2025-02-25 15:40:07,732 [INFO] Grabbing image from camera 1, ExpTime=0.01 (at gfa_actions.py)
2025-02-25 15:40:07,733 [DEBUG] Camera 1 IP: 192.168.9.67 (at gfa_actions.py)
2025-02-25 15:40:08,275 [DEBUG] Set exposure time: 10000.0 μs (at gfa_actions.py)
2025-02-25 15:40:08,341 [DEBUG] Set PixelFormat Mono12 (at gfa_actions.py)
2025-02-25 15:40:08,351 [DEBUG] Set binning: 4x4 (at gfa_actions.py)
2025-02-25 15:40:08,606 [DEBUG] Max pixel value of grabbed image (Cam 1): 849 (at gfa_actions.py)
2025-02-25 15:40:08,607 [DEBUG] FITS file will be saved to: /home/kspec/mingyeong/kspec_gfa_controller/src/img/grab/2025-02-25_15:40:07_grabone_cam1.fits (at gfa_actions.py)
2025-02-25 15:40:08,607 [DEBUG] Image array shape: (1152, 1332) (at gfa_actions.py)
2025-02-25 15:40:08,607 [WARNING] No date_obs provided. Using current date. (at gfa_actions.py)
2025-02-25 15:40:08,609 [WARNING] No time_obs provided. Using current time. (at gfa_actions.py)
2025-02-25 15:40:08,613 [DEBUG] FITS header details: SIMPLE  =                    T                                                  BITPIX  =                  -32                                                  NAXIS   =                    2                                                  NAXIS1  =                 1332                                                  NAXIS2  =                 1152                                                  CTYPE1  = 'PIXEL   '                                                            CTYPE2  = 'PIXEL   '                                                            TELESCOP= 'KMTNET  '                                                            INSTRUME= 'KSPEC-GFA'                                                           OBSERVER= 'Mingyeong'                                                           OBJECT  = 'Unknown '                                                            DATE-OBS= '2025-02-25'                                                          TIME-OBS= '15:40:08'                                                            RA      = 'UNKNOWN '                                                            DEC     = 'UNKNOWN '                                                            EXPTIME =                 0.01                                                  COMMENT FITS file created with custom header fields                             END                                                                                                                                                                                                                                                                                                                                                                                                                                                                                                                                                                                                                                                                                                                                                                                                                                                                                                                                                                                                                                                                                                                                                                                                                                                                                                                                                                                                                                                                                                                                                                              (at gfa_actions.py)
2025-02-25 15:40:08,635 [INFO] FITS file successfully saved to /home/kspec/mingyeong/kspec_gfa_controller/src/img/grab/2025-02-25_15:40:07_grabone_cam1.fits (at gfa_actions.py)
2025-02-25 15:40:09,162 [DEBUG] Exposure time for camera 1: 0.01 sec (at gfa_actions.py)
2025-02-25 15:40:09,162 [DEBUG] Process time for camera 1: 1.4296002388000488 sec (at gfa_actions.py)
