2025-02-19 14:14:27,089 [INFO] Configuration file found: /home/kspec/mingyeong/kspec_gfa_controller/src/etc/cams.json (at gfa_actions.py)
2025-02-19 14:14:27,090 [INFO] Configuration file found: /home/kspec/mingyeong/kspec_gfa_controller/src/etc/astrometry_params.json (at gfa_actions.py)
2025-02-19 14:14:27,090 [INFO] Initializing gfa_controller with provided config. (at gfa_actions.py)
2025-02-19 14:14:27,090 [INFO] GfaController initialization complete. (at gfa_actions.py)
2025-02-19 14:14:27,090 [INFO] Initializing gfa_astrometry class. (at gfa_actions.py)
2025-02-19 14:14:27,091 [INFO] Loaded 4 FITS files. (at gfa_actions.py)
2025-02-19 14:14:27,091 [INFO] Initializing GFAGuider... (at gfa_actions.py)
2025-02-19 14:14:27,092 [INFO] GFAGuider setup complete. (at gfa_actions.py)
2025-02-19 14:14:27,092 [INFO] Retrieving parameters for ALL cameras. (at gfa_actions.py)
2025-02-19 14:14:27,092 [INFO] Checking parameters of camera 1 (at gfa_actions.py)
2025-02-19 14:14:27,625 [INFO] Camera Device Information (at gfa_actions.py)
2025-02-19 14:14:27,626 [INFO] ========================= (at gfa_actions.py)
2025-02-19 14:14:27,627 [INFO] DeviceModelName : a2A5328-4gmPRO (at gfa_actions.py)
2025-02-19 14:14:27,629 [INFO] DeviceSerialNumber : 40103667 (at gfa_actions.py)
2025-02-19 14:14:27,630 [INFO] DeviceUserID : 108121-01 (at gfa_actions.py)
2025-02-19 14:14:27,632 [INFO] Width : 1332 (at gfa_actions.py)
2025-02-19 14:14:27,635 [INFO] Height : 1152 (at gfa_actions.py)
2025-02-19 14:14:27,638 [INFO] PixelFormat : Mono8 (at gfa_actions.py)
2025-02-19 14:14:27,640 [INFO] ExposureTime (μs) : 2000000.0 (at gfa_actions.py)
2025-02-19 14:14:27,641 [INFO] BinningHorizontalMode : Sum (at gfa_actions.py)
2025-02-19 14:14:27,644 [INFO] BinningHorizontal : 4 (at gfa_actions.py)
2025-02-19 14:14:27,645 [INFO] BinningVerticalMode : Sum (at gfa_actions.py)
2025-02-19 14:14:27,647 [INFO] BinningVertical : 4 (at gfa_actions.py)
2025-02-19 14:14:27,653 [INFO] Checking parameters of camera 2 (at gfa_actions.py)
2025-02-19 14:14:28,138 [INFO] Camera Device Information (at gfa_actions.py)
2025-02-19 14:14:28,140 [INFO] ========================= (at gfa_actions.py)
2025-02-19 14:14:28,143 [INFO] DeviceModelName : a2A5328-4gmPRO (at gfa_actions.py)
2025-02-19 14:14:28,145 [INFO] DeviceSerialNumber : 40074358 (at gfa_actions.py)
2025-02-19 14:14:28,147 [INFO] DeviceUserID : 108121-02 (at gfa_actions.py)
2025-02-19 14:14:28,151 [INFO] Width : 1332 (at gfa_actions.py)
2025-02-19 14:14:28,154 [INFO] Height : 1152 (at gfa_actions.py)
2025-02-19 14:14:28,159 [INFO] PixelFormat : Mono8 (at gfa_actions.py)
2025-02-19 14:14:28,161 [INFO] ExposureTime (μs) : 100000.0 (at gfa_actions.py)
2025-02-19 14:14:28,163 [INFO] BinningHorizontalMode : Sum (at gfa_actions.py)
2025-02-19 14:14:28,166 [INFO] BinningHorizontal : 4 (at gfa_actions.py)
2025-02-19 14:14:28,168 [INFO] BinningVerticalMode : Sum (at gfa_actions.py)
2025-02-19 14:14:28,171 [INFO] BinningVertical : 4 (at gfa_actions.py)
2025-02-19 14:14:28,175 [INFO] Checking parameters of camera 3 (at gfa_actions.py)
2025-02-19 14:14:28,714 [INFO] Camera Device Information (at gfa_actions.py)
2025-02-19 14:14:28,717 [INFO] ========================= (at gfa_actions.py)
2025-02-19 14:14:28,719 [INFO] DeviceModelName : a2A5328-4gmPRO (at gfa_actions.py)
2025-02-19 14:14:28,722 [INFO] DeviceSerialNumber : 40103834 (at gfa_actions.py)
2025-02-19 14:14:28,723 [INFO] DeviceUserID : 108121-03 (at gfa_actions.py)
2025-02-19 14:14:28,727 [INFO] Width : 1332 (at gfa_actions.py)
2025-02-19 14:14:28,730 [INFO] Height : 1152 (at gfa_actions.py)
2025-02-19 14:14:28,734 [INFO] PixelFormat : Mono8 (at gfa_actions.py)
2025-02-19 14:14:28,736 [INFO] ExposureTime (μs) : 100000.0 (at gfa_actions.py)
2025-02-19 14:14:28,738 [INFO] BinningHorizontalMode : Sum (at gfa_actions.py)
2025-02-19 14:14:28,741 [INFO] BinningHorizontal : 4 (at gfa_actions.py)
2025-02-19 14:14:28,743 [INFO] BinningVerticalMode : Sum (at gfa_actions.py)
2025-02-19 14:14:28,746 [INFO] BinningVertical : 4 (at gfa_actions.py)
2025-02-19 14:14:28,757 [INFO] Checking parameters of camera 4 (at gfa_actions.py)
2025-02-19 14:14:29,288 [INFO] Camera Device Information (at gfa_actions.py)
2025-02-19 14:14:29,289 [INFO] ========================= (at gfa_actions.py)
2025-02-19 14:14:29,292 [INFO] DeviceModelName : a2A5328-4gmPRO (at gfa_actions.py)
2025-02-19 14:14:29,295 [INFO] DeviceSerialNumber : 40103663 (at gfa_actions.py)
2025-02-19 14:14:29,298 [INFO] DeviceUserID : 108121-05 (at gfa_actions.py)
2025-02-19 14:14:29,301 [INFO] Width : 1332 (at gfa_actions.py)
2025-02-19 14:14:29,305 [INFO] Height : 1152 (at gfa_actions.py)
2025-02-19 14:14:29,309 [INFO] PixelFormat : Mono8 (at gfa_actions.py)
2025-02-19 14:14:29,312 [INFO] ExposureTime (μs) : 100000.0 (at gfa_actions.py)
2025-02-19 14:14:29,314 [INFO] BinningHorizontalMode : Sum (at gfa_actions.py)
2025-02-19 14:14:29,318 [INFO] BinningHorizontal : 4 (at gfa_actions.py)
2025-02-19 14:14:29,321 [INFO] BinningVerticalMode : Sum (at gfa_actions.py)
2025-02-19 14:14:29,324 [INFO] BinningVertical : 4 (at gfa_actions.py)
2025-02-19 14:14:29,335 [INFO] Checking parameters of camera 5 (at gfa_actions.py)
2025-02-19 14:14:29,861 [INFO] Camera Device Information (at gfa_actions.py)
2025-02-19 14:14:29,863 [INFO] ========================= (at gfa_actions.py)
2025-02-19 14:14:29,865 [INFO] DeviceModelName : a2A5328-4gmPRO (at gfa_actions.py)
2025-02-19 14:14:29,867 [INFO] DeviceSerialNumber : 40103831 (at gfa_actions.py)
2025-02-19 14:14:29,869 [INFO] DeviceUserID : 108121-06 (at gfa_actions.py)
2025-02-19 14:14:29,872 [INFO] Width : 1332 (at gfa_actions.py)
2025-02-19 14:14:29,875 [INFO] Height : 1152 (at gfa_actions.py)
2025-02-19 14:14:29,880 [INFO] PixelFormat : Mono8 (at gfa_actions.py)
2025-02-19 14:14:29,882 [INFO] ExposureTime (μs) : 100000.0 (at gfa_actions.py)
2025-02-19 14:14:29,884 [INFO] BinningHorizontalMode : Sum (at gfa_actions.py)
2025-02-19 14:14:29,887 [INFO] BinningHorizontal : 4 (at gfa_actions.py)
2025-02-19 14:14:29,890 [INFO] BinningVerticalMode : Sum (at gfa_actions.py)
2025-02-19 14:14:29,893 [INFO] BinningVertical : 4 (at gfa_actions.py)
2025-02-19 14:14:29,903 [INFO] Checking parameters of camera 6 (at gfa_actions.py)
2025-02-19 14:14:30,437 [INFO] Camera Device Information (at gfa_actions.py)
2025-02-19 14:14:30,439 [INFO] ========================= (at gfa_actions.py)
2025-02-19 14:14:30,441 [INFO] DeviceModelName : a2A5328-4gmPRO (at gfa_actions.py)
2025-02-19 14:14:30,444 [INFO] DeviceSerialNumber : 40103833 (at gfa_actions.py)
2025-02-19 14:14:30,446 [INFO] DeviceUserID : 108121-07 (at gfa_actions.py)
2025-02-19 14:14:30,449 [INFO] Width : 1332 (at gfa_actions.py)
2025-02-19 14:14:30,453 [INFO] Height : 1152 (at gfa_actions.py)
2025-02-19 14:14:30,457 [INFO] PixelFormat : Mono8 (at gfa_actions.py)
2025-02-19 14:14:30,459 [INFO] ExposureTime (μs) : 100000.0 (at gfa_actions.py)
2025-02-19 14:14:30,461 [INFO] BinningHorizontalMode : Sum (at gfa_actions.py)
2025-02-19 14:14:30,464 [INFO] BinningHorizontal : 4 (at gfa_actions.py)
2025-02-19 14:14:30,466 [INFO] BinningVerticalMode : Sum (at gfa_actions.py)
2025-02-19 14:14:30,469 [INFO] BinningVertical : 4 (at gfa_actions.py)
2025-02-19 14:19:40,192 [INFO] Configuration file found: /home/kspec/mingyeong/kspec_gfa_controller/src/etc/cams.json (at gfa_actions.py)
2025-02-19 14:19:40,192 [INFO] Configuration file found: /home/kspec/mingyeong/kspec_gfa_controller/src/etc/astrometry_params.json (at gfa_actions.py)
2025-02-19 14:19:40,193 [INFO] Initializing gfa_controller with provided config. (at gfa_actions.py)
2025-02-19 14:19:40,193 [INFO] GfaController initialization complete. (at gfa_actions.py)
2025-02-19 14:19:40,193 [INFO] Initializing gfa_astrometry class. (at gfa_actions.py)
2025-02-19 14:19:40,193 [INFO] Loaded 4 FITS files. (at gfa_actions.py)
2025-02-19 14:19:40,194 [INFO] Initializing GFAGuider... (at gfa_actions.py)
2025-02-19 14:19:40,194 [INFO] GFAGuider setup complete. (at gfa_actions.py)
2025-02-19 14:19:40,194 [INFO] Retrieving parameters for ALL cameras. (at gfa_actions.py)
2025-02-19 14:19:40,194 [INFO] Checking parameters of camera 1 (at gfa_actions.py)
2025-02-19 14:19:40,730 [INFO] Camera Device Information (at gfa_actions.py)
2025-02-19 14:19:40,732 [INFO] ========================= (at gfa_actions.py)
2025-02-19 14:19:40,735 [INFO] DeviceModelName : a2A5328-4gmPRO (at gfa_actions.py)
2025-02-19 14:19:40,737 [INFO] DeviceSerialNumber : 40103667 (at gfa_actions.py)
2025-02-19 14:19:40,739 [INFO] DeviceUserID : 108121-01 (at gfa_actions.py)
2025-02-19 14:19:40,743 [INFO] Width : 1332 (at gfa_actions.py)
2025-02-19 14:19:40,746 [INFO] Height : 1152 (at gfa_actions.py)
2025-02-19 14:19:40,750 [INFO] PixelFormat : Mono8 (at gfa_actions.py)
2025-02-19 14:19:40,752 [INFO] ExposureTime (μs) : 2000000.0 (at gfa_actions.py)
2025-02-19 14:19:40,755 [INFO] BinningHorizontalMode : Sum (at gfa_actions.py)
2025-02-19 14:19:40,758 [INFO] BinningHorizontal : 4 (at gfa_actions.py)
2025-02-19 14:19:40,761 [INFO] BinningVerticalMode : Sum (at gfa_actions.py)
2025-02-19 14:19:40,764 [INFO] BinningVertical : 4 (at gfa_actions.py)
2025-02-19 14:19:40,775 [INFO] Checking parameters of camera 2 (at gfa_actions.py)
2025-02-19 14:19:41,265 [INFO] Camera Device Information (at gfa_actions.py)
2025-02-19 14:19:41,267 [INFO] ========================= (at gfa_actions.py)
2025-02-19 14:19:41,269 [INFO] DeviceModelName : a2A5328-4gmPRO (at gfa_actions.py)
2025-02-19 14:19:41,272 [INFO] DeviceSerialNumber : 40074358 (at gfa_actions.py)
2025-02-19 14:19:41,275 [INFO] DeviceUserID : 108121-02 (at gfa_actions.py)
2025-02-19 14:19:41,279 [INFO] Width : 1332 (at gfa_actions.py)
2025-02-19 14:19:41,282 [INFO] Height : 1152 (at gfa_actions.py)
2025-02-19 14:19:41,287 [INFO] PixelFormat : Mono8 (at gfa_actions.py)
2025-02-19 14:19:41,289 [INFO] ExposureTime (μs) : 100000.0 (at gfa_actions.py)
2025-02-19 14:19:41,291 [INFO] BinningHorizontalMode : Sum (at gfa_actions.py)
2025-02-19 14:19:41,294 [INFO] BinningHorizontal : 4 (at gfa_actions.py)
2025-02-19 14:19:41,296 [INFO] BinningVerticalMode : Sum (at gfa_actions.py)
2025-02-19 14:19:41,299 [INFO] BinningVertical : 4 (at gfa_actions.py)
2025-02-19 14:19:41,308 [INFO] Checking parameters of camera 3 (at gfa_actions.py)
2025-02-19 14:19:41,834 [INFO] Camera Device Information (at gfa_actions.py)
2025-02-19 14:19:41,835 [INFO] ========================= (at gfa_actions.py)
2025-02-19 14:19:41,838 [INFO] DeviceModelName : a2A5328-4gmPRO (at gfa_actions.py)
2025-02-19 14:19:41,841 [INFO] DeviceSerialNumber : 40103834 (at gfa_actions.py)
2025-02-19 14:19:41,844 [INFO] DeviceUserID : 108121-03 (at gfa_actions.py)
2025-02-19 14:19:41,847 [INFO] Width : 1332 (at gfa_actions.py)
2025-02-19 14:19:41,851 [INFO] Height : 1152 (at gfa_actions.py)
2025-02-19 14:19:41,855 [INFO] PixelFormat : Mono8 (at gfa_actions.py)
2025-02-19 14:19:41,857 [INFO] ExposureTime (μs) : 100000.0 (at gfa_actions.py)
2025-02-19 14:19:41,859 [INFO] BinningHorizontalMode : Sum (at gfa_actions.py)
2025-02-19 14:19:41,862 [INFO] BinningHorizontal : 4 (at gfa_actions.py)
2025-02-19 14:19:41,864 [INFO] BinningVerticalMode : Sum (at gfa_actions.py)
2025-02-19 14:19:41,867 [INFO] BinningVertical : 4 (at gfa_actions.py)
2025-02-19 14:19:41,877 [INFO] Checking parameters of camera 4 (at gfa_actions.py)
2025-02-19 14:19:42,413 [INFO] Camera Device Information (at gfa_actions.py)
2025-02-19 14:19:42,414 [INFO] ========================= (at gfa_actions.py)
2025-02-19 14:19:42,417 [INFO] DeviceModelName : a2A5328-4gmPRO (at gfa_actions.py)
2025-02-19 14:19:42,419 [INFO] DeviceSerialNumber : 40103663 (at gfa_actions.py)
2025-02-19 14:19:42,422 [INFO] DeviceUserID : 108121-05 (at gfa_actions.py)
2025-02-19 14:19:42,425 [INFO] Width : 1332 (at gfa_actions.py)
2025-02-19 14:19:42,428 [INFO] Height : 1152 (at gfa_actions.py)
2025-02-19 14:19:42,433 [INFO] PixelFormat : Mono8 (at gfa_actions.py)
2025-02-19 14:19:42,436 [INFO] ExposureTime (μs) : 100000.0 (at gfa_actions.py)
2025-02-19 14:19:42,438 [INFO] BinningHorizontalMode : Sum (at gfa_actions.py)
2025-02-19 14:19:42,442 [INFO] BinningHorizontal : 4 (at gfa_actions.py)
2025-02-19 14:19:42,444 [INFO] BinningVerticalMode : Sum (at gfa_actions.py)
2025-02-19 14:19:42,448 [INFO] BinningVertical : 4 (at gfa_actions.py)
2025-02-19 14:19:42,459 [INFO] Checking parameters of camera 5 (at gfa_actions.py)
2025-02-19 14:19:42,985 [INFO] Camera Device Information (at gfa_actions.py)
2025-02-19 14:19:42,986 [INFO] ========================= (at gfa_actions.py)
2025-02-19 14:19:42,989 [INFO] DeviceModelName : a2A5328-4gmPRO (at gfa_actions.py)
2025-02-19 14:19:42,991 [INFO] DeviceSerialNumber : 40103831 (at gfa_actions.py)
2025-02-19 14:19:42,994 [INFO] DeviceUserID : 108121-06 (at gfa_actions.py)
2025-02-19 14:19:42,997 [INFO] Width : 1332 (at gfa_actions.py)
2025-02-19 14:19:43,001 [INFO] Height : 1152 (at gfa_actions.py)
2025-02-19 14:19:43,005 [INFO] PixelFormat : Mono8 (at gfa_actions.py)
2025-02-19 14:19:43,007 [INFO] ExposureTime (μs) : 100000.0 (at gfa_actions.py)
2025-02-19 14:19:43,008 [INFO] BinningHorizontalMode : Sum (at gfa_actions.py)
2025-02-19 14:19:43,010 [INFO] BinningHorizontal : 4 (at gfa_actions.py)
2025-02-19 14:19:43,012 [INFO] BinningVerticalMode : Sum (at gfa_actions.py)
2025-02-19 14:19:43,015 [INFO] BinningVertical : 4 (at gfa_actions.py)
2025-02-19 14:19:43,025 [INFO] Checking parameters of camera 6 (at gfa_actions.py)
2025-02-19 14:19:43,551 [INFO] Camera Device Information (at gfa_actions.py)
2025-02-19 14:19:43,553 [INFO] ========================= (at gfa_actions.py)
2025-02-19 14:19:43,555 [INFO] DeviceModelName : a2A5328-4gmPRO (at gfa_actions.py)
2025-02-19 14:19:43,557 [INFO] DeviceSerialNumber : 40103833 (at gfa_actions.py)
2025-02-19 14:19:43,559 [INFO] DeviceUserID : 108121-07 (at gfa_actions.py)
2025-02-19 14:19:43,562 [INFO] Width : 1332 (at gfa_actions.py)
2025-02-19 14:19:43,565 [INFO] Height : 1152 (at gfa_actions.py)
2025-02-19 14:19:43,569 [INFO] PixelFormat : Mono8 (at gfa_actions.py)
2025-02-19 14:19:43,572 [INFO] ExposureTime (μs) : 100000.0 (at gfa_actions.py)
2025-02-19 14:19:43,574 [INFO] BinningHorizontalMode : Sum (at gfa_actions.py)
2025-02-19 14:19:43,577 [INFO] BinningHorizontal : 4 (at gfa_actions.py)
2025-02-19 14:19:43,579 [INFO] BinningVerticalMode : Sum (at gfa_actions.py)
2025-02-19 14:19:43,582 [INFO] BinningVertical : 4 (at gfa_actions.py)
2025-02-19 14:20:05,094 [INFO] Configuration file found: /home/kspec/mingyeong/kspec_gfa_controller/src/etc/cams.json (at gfa_actions.py)
2025-02-19 14:20:05,095 [INFO] Configuration file found: /home/kspec/mingyeong/kspec_gfa_controller/src/etc/astrometry_params.json (at gfa_actions.py)
2025-02-19 14:20:05,095 [INFO] Initializing gfa_controller with provided config. (at gfa_actions.py)
2025-02-19 14:20:05,095 [INFO] GfaController initialization complete. (at gfa_actions.py)
2025-02-19 14:20:05,095 [INFO] Initializing gfa_astrometry class. (at gfa_actions.py)
2025-02-19 14:20:05,096 [INFO] Loaded 4 FITS files. (at gfa_actions.py)
2025-02-19 14:20:05,096 [INFO] Initializing GFAGuider... (at gfa_actions.py)
2025-02-19 14:20:05,096 [INFO] GFAGuider setup complete. (at gfa_actions.py)
2025-02-19 14:20:05,097 [INFO] Image save path: /home/kspec/mingyeong/kspec_gfa_controller/src/img/grab (at gfa_actions.py)
2025-02-19 14:20:05,097 [INFO] Grabbing image from ALL cameras (ExpTime=1.0, Binning=4). (at gfa_actions.py)
2025-02-19 14:20:05,097 [INFO] Grabbing images from ALL cameras, ExpTime=1.0 (at gfa_actions.py)
2025-02-19 14:20:09,601 [INFO] Image grabbed from camera: 40103831 (at gfa_actions.py)
2025-02-19 14:20:09,604 [WARNING] No date_obs provided. Using current date. (at gfa_actions.py)
2025-02-19 14:20:09,605 [WARNING] No time_obs provided. Using current time. (at gfa_actions.py)
2025-02-19 14:20:09,637 [INFO] FITS file successfully saved to /home/kspec/mingyeong/kspec_gfa_controller/src/img/grab/2025-02-19_14:20:07_grab_cam_40103831.fits (at gfa_actions.py)
2025-02-19 14:20:09,815 [INFO] Image grabbed from camera: 40103663 (at gfa_actions.py)
2025-02-19 14:20:09,816 [WARNING] No date_obs provided. Using current date. (at gfa_actions.py)
2025-02-19 14:20:09,816 [WARNING] No time_obs provided. Using current time. (at gfa_actions.py)
2025-02-19 14:20:09,819 [INFO] FITS file successfully saved to /home/kspec/mingyeong/kspec_gfa_controller/src/img/grab/2025-02-19_14:20:06_grab_cam_40103663.fits (at gfa_actions.py)
2025-02-19 14:20:09,979 [INFO] Image grabbed from camera: 40103833 (at gfa_actions.py)
2025-02-19 14:20:09,980 [WARNING] No date_obs provided. Using current date. (at gfa_actions.py)
2025-02-19 14:20:09,980 [WARNING] No time_obs provided. Using current time. (at gfa_actions.py)
2025-02-19 14:20:09,983 [INFO] FITS file successfully saved to /home/kspec/mingyeong/kspec_gfa_controller/src/img/grab/2025-02-19_14:20:07_grab_cam_40103833.fits (at gfa_actions.py)
2025-02-19 14:20:10,139 [INFO] Image grabbed from camera: 40103834 (at gfa_actions.py)
2025-02-19 14:20:10,140 [WARNING] No date_obs provided. Using current date. (at gfa_actions.py)
2025-02-19 14:20:10,141 [WARNING] No time_obs provided. Using current time. (at gfa_actions.py)
2025-02-19 14:20:10,144 [INFO] FITS file successfully saved to /home/kspec/mingyeong/kspec_gfa_controller/src/img/grab/2025-02-19_14:20:06_grab_cam_40103834.fits (at gfa_actions.py)
2025-02-19 14:20:10,300 [INFO] Image grabbed from camera: 40103667 (at gfa_actions.py)
2025-02-19 14:20:10,301 [WARNING] No date_obs provided. Using current date. (at gfa_actions.py)
2025-02-19 14:20:10,301 [WARNING] No time_obs provided. Using current time. (at gfa_actions.py)
2025-02-19 14:20:10,304 [INFO] FITS file successfully saved to /home/kspec/mingyeong/kspec_gfa_controller/src/img/grab/2025-02-19_14:20:05_grab_cam_40103667.fits (at gfa_actions.py)
2025-02-19 14:20:24,346 [ERROR] TimeoutException while grabbing image from camera 40074358 (at gfa_actions.py)
2025-02-19 14:20:24,351 [INFO] Timeout occurred for camera 40074358 (at gfa_actions.py)
2025-02-19 14:23:23,662 [INFO] Configuration file found: /home/kspec/mingyeong/kspec_gfa_controller/src/etc/cams.json (at gfa_actions.py)
2025-02-19 14:23:23,662 [INFO] Configuration file found: /home/kspec/mingyeong/kspec_gfa_controller/src/etc/astrometry_params.json (at gfa_actions.py)
2025-02-19 14:23:23,662 [INFO] Initializing gfa_controller with provided config. (at gfa_actions.py)
2025-02-19 14:23:23,662 [INFO] GfaController initialization complete. (at gfa_actions.py)
2025-02-19 14:23:23,662 [INFO] Initializing gfa_astrometry class. (at gfa_actions.py)
2025-02-19 14:23:23,663 [INFO] Loaded 4 FITS files. (at gfa_actions.py)
2025-02-19 14:23:23,663 [INFO] Initializing GFAGuider... (at gfa_actions.py)
2025-02-19 14:23:23,663 [DEBUG] Processed dir: /home/kspec/mingyeong/kspec_gfa_controller/src/img/procimg (at gfa_actions.py)
2025-02-19 14:23:23,663 [DEBUG] Final astro dir: /home/kspec/mingyeong/kspec_gfa_controller/src/img/astroimg/ (at gfa_actions.py)
2025-02-19 14:23:23,663 [DEBUG] Cutout dir: /home/kspec/mingyeong/kspec_gfa_controller/src/img/cutout (at gfa_actions.py)
2025-02-19 14:23:23,663 [INFO] GFAGuider setup complete. (at gfa_actions.py)
2025-02-19 14:23:23,664 [INFO] Image save path: /home/kspec/mingyeong/kspec_gfa_controller/src/img/grab (at gfa_actions.py)
2025-02-19 14:23:23,664 [INFO] Grabbing image from ALL cameras (ExpTime=1.0, Binning=4). (at gfa_actions.py)
2025-02-19 14:23:23,664 [INFO] Grabbing images from ALL cameras, ExpTime=1.0 (at gfa_actions.py)
2025-02-19 14:23:23,664 [DEBUG] Camera 1 IP: 192.168.9.67 (at gfa_actions.py)
2025-02-19 14:23:23,664 [DEBUG] Camera 2 IP: 192.168.9.58 (at gfa_actions.py)
2025-02-19 14:23:23,664 [DEBUG] Camera 3 IP: 192.168.9.34 (at gfa_actions.py)
2025-02-19 14:23:23,664 [DEBUG] Camera 4 IP: 192.168.9.63 (at gfa_actions.py)
2025-02-19 14:23:23,664 [DEBUG] Camera 5 IP: 192.168.9.31 (at gfa_actions.py)
2025-02-19 14:23:23,664 [DEBUG] Camera 6 IP: 192.168.9.33 (at gfa_actions.py)
2025-02-19 14:23:26,815 [DEBUG] Opened camera: 40103667 (at gfa_actions.py)
2025-02-19 14:23:26,816 [DEBUG] Opened camera: 40074358 (at gfa_actions.py)
2025-02-19 14:23:26,817 [DEBUG] Opened camera: 40103834 (at gfa_actions.py)
2025-02-19 14:23:26,817 [DEBUG] Opened camera: 40103663 (at gfa_actions.py)
2025-02-19 14:23:26,818 [DEBUG] Opened camera: 40103831 (at gfa_actions.py)
2025-02-19 14:23:26,818 [DEBUG] Opened camera: 40103833 (at gfa_actions.py)
2025-02-19 14:23:28,176 [INFO] Image grabbed from camera: 40103834 (at gfa_actions.py)
2025-02-19 14:23:28,177 [DEBUG] Max pixel value of grabbed image (Cam <pypylon.pylon.DeviceInfo; proxy of <Swig Object of type 'Pylon::CDeviceInfo *' at 0x71ae1f783d20> >): 4095 (at gfa_actions.py)
2025-02-19 14:23:28,177 [DEBUG] FITS file will be saved to: /home/kspec/mingyeong/kspec_gfa_controller/src/img/grab/2025-02-19_14:23:24_grab_cam_40103834.fits (at gfa_actions.py)
2025-02-19 14:23:28,177 [DEBUG] Image array shape: (1152, 1332) (at gfa_actions.py)
2025-02-19 14:23:28,177 [WARNING] No date_obs provided. Using current date. (at gfa_actions.py)
2025-02-19 14:23:28,178 [WARNING] No time_obs provided. Using current time. (at gfa_actions.py)
2025-02-19 14:23:28,180 [DEBUG] FITS header details: SIMPLE  =                    T                                                  BITPIX  =                  -32                                                  NAXIS   =                    2                                                  NAXIS1  =                 1332                                                  NAXIS2  =                 1152                                                  CTYPE1  = 'PIXEL   '                                                            CTYPE2  = 'PIXEL   '                                                            TELESCOP= 'KMTNET  '                                                            INSTRUME= 'KSPEC-GFA'                                                           OBSERVER= 'Mingyeong'                                                           OBJECT  = 'Unknown '                                                            DATE-OBS= '2025-02-19'                                                          TIME-OBS= '14:23:28'                                                            RA      = 'UNKNOWN '                                                            DEC     = 'UNKNOWN '                                                            EXPTIME =                  1.0                                                  COMMENT FITS file created with custom header fields                             END                                                                                                                                                                                                                                                                                                                                                                                                                                                                                                                                                                                                                                                                                                                                                                                                                                                                                                                                                                                                                                                                                                                                                                                                                                                                                                                                                                                                                                                                                                                                                                              (at gfa_actions.py)
2025-02-19 14:23:28,208 [INFO] FITS file successfully saved to /home/kspec/mingyeong/kspec_gfa_controller/src/img/grab/2025-02-19_14:23:24_grab_cam_40103834.fits (at gfa_actions.py)
2025-02-19 14:23:28,393 [INFO] Image grabbed from camera: 40103667 (at gfa_actions.py)
2025-02-19 14:23:28,394 [DEBUG] Max pixel value of grabbed image (Cam <pypylon.pylon.DeviceInfo; proxy of <Swig Object of type 'Pylon::CDeviceInfo *' at 0x71ae1f783ae0> >): 4095 (at gfa_actions.py)
2025-02-19 14:23:28,394 [DEBUG] FITS file will be saved to: /home/kspec/mingyeong/kspec_gfa_controller/src/img/grab/2025-02-19_14:23:23_grab_cam_40103667.fits (at gfa_actions.py)
2025-02-19 14:23:28,394 [DEBUG] Image array shape: (1152, 1332) (at gfa_actions.py)
2025-02-19 14:23:28,394 [WARNING] No date_obs provided. Using current date. (at gfa_actions.py)
2025-02-19 14:23:28,394 [WARNING] No time_obs provided. Using current time. (at gfa_actions.py)
2025-02-19 14:23:28,395 [DEBUG] FITS header details: SIMPLE  =                    T                                                  BITPIX  =                  -32                                                  NAXIS   =                    2                                                  NAXIS1  =                 1332                                                  NAXIS2  =                 1152                                                  CTYPE1  = 'PIXEL   '                                                            CTYPE2  = 'PIXEL   '                                                            TELESCOP= 'KMTNET  '                                                            INSTRUME= 'KSPEC-GFA'                                                           OBSERVER= 'Mingyeong'                                                           OBJECT  = 'Unknown '                                                            DATE-OBS= '2025-02-19'                                                          TIME-OBS= '14:23:28'                                                            RA      = 'UNKNOWN '                                                            DEC     = 'UNKNOWN '                                                            EXPTIME =                  1.0                                                  COMMENT FITS file created with custom header fields                             END                                                                                                                                                                                                                                                                                                                                                                                                                                                                                                                                                                                                                                                                                                                                                                                                                                                                                                                                                                                                                                                                                                                                                                                                                                                                                                                                                                                                                                                                                                                                                                              (at gfa_actions.py)
2025-02-19 14:23:28,397 [INFO] FITS file successfully saved to /home/kspec/mingyeong/kspec_gfa_controller/src/img/grab/2025-02-19_14:23:23_grab_cam_40103667.fits (at gfa_actions.py)
2025-02-19 14:23:28,555 [INFO] Image grabbed from camera: 40103663 (at gfa_actions.py)
2025-02-19 14:23:28,556 [DEBUG] Max pixel value of grabbed image (Cam <pypylon.pylon.DeviceInfo; proxy of <Swig Object of type 'Pylon::CDeviceInfo *' at 0x71ae1f783db0> >): 4095 (at gfa_actions.py)
2025-02-19 14:23:28,556 [DEBUG] FITS file will be saved to: /home/kspec/mingyeong/kspec_gfa_controller/src/img/grab/2025-02-19_14:23:25_grab_cam_40103663.fits (at gfa_actions.py)
2025-02-19 14:23:28,556 [DEBUG] Image array shape: (1152, 1332) (at gfa_actions.py)
2025-02-19 14:23:28,556 [WARNING] No date_obs provided. Using current date. (at gfa_actions.py)
2025-02-19 14:23:28,557 [WARNING] No time_obs provided. Using current time. (at gfa_actions.py)
2025-02-19 14:23:28,557 [DEBUG] FITS header details: SIMPLE  =                    T                                                  BITPIX  =                  -32                                                  NAXIS   =                    2                                                  NAXIS1  =                 1332                                                  NAXIS2  =                 1152                                                  CTYPE1  = 'PIXEL   '                                                            CTYPE2  = 'PIXEL   '                                                            TELESCOP= 'KMTNET  '                                                            INSTRUME= 'KSPEC-GFA'                                                           OBSERVER= 'Mingyeong'                                                           OBJECT  = 'Unknown '                                                            DATE-OBS= '2025-02-19'                                                          TIME-OBS= '14:23:28'                                                            RA      = 'UNKNOWN '                                                            DEC     = 'UNKNOWN '                                                            EXPTIME =                  1.0                                                  COMMENT FITS file created with custom header fields                             END                                                                                                                                                                                                                                                                                                                                                                                                                                                                                                                                                                                                                                                                                                                                                                                                                                                                                                                                                                                                                                                                                                                                                                                                                                                                                                                                                                                                                                                                                                                                                                              (at gfa_actions.py)
2025-02-19 14:23:28,560 [INFO] FITS file successfully saved to /home/kspec/mingyeong/kspec_gfa_controller/src/img/grab/2025-02-19_14:23:25_grab_cam_40103663.fits (at gfa_actions.py)
2025-02-19 14:23:28,719 [INFO] Image grabbed from camera: 40103831 (at gfa_actions.py)
2025-02-19 14:23:28,720 [DEBUG] Max pixel value of grabbed image (Cam <pypylon.pylon.DeviceInfo; proxy of <Swig Object of type 'Pylon::CDeviceInfo *' at 0x71adc300edf0> >): 4095 (at gfa_actions.py)
2025-02-19 14:23:28,720 [DEBUG] FITS file will be saved to: /home/kspec/mingyeong/kspec_gfa_controller/src/img/grab/2025-02-19_14:23:25_grab_cam_40103831.fits (at gfa_actions.py)
2025-02-19 14:23:28,720 [DEBUG] Image array shape: (1152, 1332) (at gfa_actions.py)
2025-02-19 14:23:28,721 [WARNING] No date_obs provided. Using current date. (at gfa_actions.py)
2025-02-19 14:23:28,721 [WARNING] No time_obs provided. Using current time. (at gfa_actions.py)
2025-02-19 14:23:28,721 [DEBUG] FITS header details: SIMPLE  =                    T                                                  BITPIX  =                  -32                                                  NAXIS   =                    2                                                  NAXIS1  =                 1332                                                  NAXIS2  =                 1152                                                  CTYPE1  = 'PIXEL   '                                                            CTYPE2  = 'PIXEL   '                                                            TELESCOP= 'KMTNET  '                                                            INSTRUME= 'KSPEC-GFA'                                                           OBSERVER= 'Mingyeong'                                                           OBJECT  = 'Unknown '                                                            DATE-OBS= '2025-02-19'                                                          TIME-OBS= '14:23:28'                                                            RA      = 'UNKNOWN '                                                            DEC     = 'UNKNOWN '                                                            EXPTIME =                  1.0                                                  COMMENT FITS file created with custom header fields                             END                                                                                                                                                                                                                                                                                                                                                                                                                                                                                                                                                                                                                                                                                                                                                                                                                                                                                                                                                                                                                                                                                                                                                                                                                                                                                                                                                                                                                                                                                                                                                                              (at gfa_actions.py)
2025-02-19 14:23:28,724 [INFO] FITS file successfully saved to /home/kspec/mingyeong/kspec_gfa_controller/src/img/grab/2025-02-19_14:23:25_grab_cam_40103831.fits (at gfa_actions.py)
2025-02-19 14:23:28,882 [INFO] Image grabbed from camera: 40103833 (at gfa_actions.py)
2025-02-19 14:23:28,882 [DEBUG] Max pixel value of grabbed image (Cam <pypylon.pylon.DeviceInfo; proxy of <Swig Object of type 'Pylon::CDeviceInfo *' at 0x71adc300ec40> >): 4095 (at gfa_actions.py)
2025-02-19 14:23:28,883 [DEBUG] FITS file will be saved to: /home/kspec/mingyeong/kspec_gfa_controller/src/img/grab/2025-02-19_14:23:26_grab_cam_40103833.fits (at gfa_actions.py)
2025-02-19 14:23:28,883 [DEBUG] Image array shape: (1152, 1332) (at gfa_actions.py)
2025-02-19 14:23:28,883 [WARNING] No date_obs provided. Using current date. (at gfa_actions.py)
2025-02-19 14:23:28,883 [WARNING] No time_obs provided. Using current time. (at gfa_actions.py)
2025-02-19 14:23:28,884 [DEBUG] FITS header details: SIMPLE  =                    T                                                  BITPIX  =                  -32                                                  NAXIS   =                    2                                                  NAXIS1  =                 1332                                                  NAXIS2  =                 1152                                                  CTYPE1  = 'PIXEL   '                                                            CTYPE2  = 'PIXEL   '                                                            TELESCOP= 'KMTNET  '                                                            INSTRUME= 'KSPEC-GFA'                                                           OBSERVER= 'Mingyeong'                                                           OBJECT  = 'Unknown '                                                            DATE-OBS= '2025-02-19'                                                          TIME-OBS= '14:23:28'                                                            RA      = 'UNKNOWN '                                                            DEC     = 'UNKNOWN '                                                            EXPTIME =                  1.0                                                  COMMENT FITS file created with custom header fields                             END                                                                                                                                                                                                                                                                                                                                                                                                                                                                                                                                                                                                                                                                                                                                                                                                                                                                                                                                                                                                                                                                                                                                                                                                                                                                                                                                                                                                                                                                                                                                                                              (at gfa_actions.py)
2025-02-19 14:23:28,886 [INFO] FITS file successfully saved to /home/kspec/mingyeong/kspec_gfa_controller/src/img/grab/2025-02-19_14:23:26_grab_cam_40103833.fits (at gfa_actions.py)
2025-02-19 14:23:29,042 [DEBUG] Closed camera: 40103834 (at gfa_actions.py)
2025-02-19 14:23:29,044 [DEBUG] Closed camera: 40103667 (at gfa_actions.py)
2025-02-19 14:23:29,045 [DEBUG] Closed camera: 40103663 (at gfa_actions.py)
2025-02-19 14:23:29,047 [DEBUG] Closed camera: 40103831 (at gfa_actions.py)
2025-02-19 14:23:29,049 [DEBUG] Closed camera: 40103833 (at gfa_actions.py)
2025-02-19 14:23:42,918 [ERROR] TimeoutException while grabbing image from camera 40074358 (at gfa_actions.py)
2025-02-19 14:23:42,923 [INFO] Timeout occurred for camera 40074358 (at gfa_actions.py)
2025-02-19 14:23:42,930 [DEBUG] Final process time for grab: 19.27 seconds (at gfa_actions.py)
2025-02-19 14:24:21,480 [INFO] Configuration file found: /home/kspec/mingyeong/kspec_gfa_controller/src/etc/cams.json (at gfa_actions.py)
2025-02-19 14:24:21,481 [INFO] Configuration file found: /home/kspec/mingyeong/kspec_gfa_controller/src/etc/astrometry_params.json (at gfa_actions.py)
2025-02-19 14:24:21,482 [INFO] Initializing gfa_controller with provided config. (at gfa_actions.py)
2025-02-19 14:24:21,482 [INFO] GfaController initialization complete. (at gfa_actions.py)
2025-02-19 14:24:21,482 [INFO] Initializing gfa_astrometry class. (at gfa_actions.py)
2025-02-19 14:24:21,483 [INFO] Loaded 4 FITS files. (at gfa_actions.py)
2025-02-19 14:24:21,483 [INFO] Initializing GFAGuider... (at gfa_actions.py)
2025-02-19 14:24:21,484 [DEBUG] Processed dir: /home/kspec/mingyeong/kspec_gfa_controller/src/img/procimg (at gfa_actions.py)
2025-02-19 14:24:21,484 [DEBUG] Final astro dir: /home/kspec/mingyeong/kspec_gfa_controller/src/img/astroimg/ (at gfa_actions.py)
2025-02-19 14:24:21,484 [DEBUG] Cutout dir: /home/kspec/mingyeong/kspec_gfa_controller/src/img/cutout (at gfa_actions.py)
2025-02-19 14:24:21,484 [INFO] GFAGuider setup complete. (at gfa_actions.py)
2025-02-19 14:24:21,484 [INFO] Retrieving parameters for ALL cameras. (at gfa_actions.py)
2025-02-19 14:24:21,485 [INFO] Checking parameters of camera 1 (at gfa_actions.py)
2025-02-19 14:24:21,485 [DEBUG] Camera 1 IP: 192.168.9.67, Serial: 40103667 (at gfa_actions.py)
2025-02-19 14:24:22,009 [INFO] Camera Device Information (at gfa_actions.py)
2025-02-19 14:24:22,011 [INFO] ========================= (at gfa_actions.py)
2025-02-19 14:24:22,013 [INFO] DeviceModelName : a2A5328-4gmPRO (at gfa_actions.py)
2025-02-19 14:24:22,016 [INFO] DeviceSerialNumber : 40103667 (at gfa_actions.py)
2025-02-19 14:24:22,018 [INFO] DeviceUserID : 108121-01 (at gfa_actions.py)
2025-02-19 14:24:22,022 [INFO] Width : 1332 (at gfa_actions.py)
2025-02-19 14:24:22,026 [INFO] Height : 1152 (at gfa_actions.py)
2025-02-19 14:24:22,031 [INFO] PixelFormat : Mono12 (at gfa_actions.py)
2025-02-19 14:24:22,034 [INFO] ExposureTime (μs) : 1000000.0 (at gfa_actions.py)
2025-02-19 14:24:22,037 [INFO] BinningHorizontalMode : Sum (at gfa_actions.py)
2025-02-19 14:24:22,041 [INFO] BinningHorizontal : 4 (at gfa_actions.py)
2025-02-19 14:24:22,044 [INFO] BinningVerticalMode : Sum (at gfa_actions.py)
2025-02-19 14:24:22,048 [INFO] BinningVertical : 4 (at gfa_actions.py)
2025-02-19 14:24:22,054 [INFO] Checking parameters of camera 2 (at gfa_actions.py)
2025-02-19 14:24:22,054 [DEBUG] Camera 2 IP: 192.168.9.58, Serial: 40074358 (at gfa_actions.py)
2025-02-19 14:24:22,539 [INFO] Camera Device Information (at gfa_actions.py)
2025-02-19 14:24:22,541 [INFO] ========================= (at gfa_actions.py)
2025-02-19 14:24:22,543 [INFO] DeviceModelName : a2A5328-4gmPRO (at gfa_actions.py)
2025-02-19 14:24:22,546 [INFO] DeviceSerialNumber : 40074358 (at gfa_actions.py)
2025-02-19 14:24:22,548 [INFO] DeviceUserID : 108121-02 (at gfa_actions.py)
2025-02-19 14:24:22,552 [INFO] Width : 1332 (at gfa_actions.py)
2025-02-19 14:24:22,555 [INFO] Height : 1152 (at gfa_actions.py)
2025-02-19 14:24:22,559 [INFO] PixelFormat : Mono12 (at gfa_actions.py)
2025-02-19 14:24:22,561 [INFO] ExposureTime (μs) : 1000000.0 (at gfa_actions.py)
2025-02-19 14:24:22,563 [INFO] BinningHorizontalMode : Sum (at gfa_actions.py)
2025-02-19 14:24:22,566 [INFO] BinningHorizontal : 4 (at gfa_actions.py)
2025-02-19 14:24:22,568 [INFO] BinningVerticalMode : Sum (at gfa_actions.py)
2025-02-19 14:24:22,571 [INFO] BinningVertical : 4 (at gfa_actions.py)
2025-02-19 14:24:22,578 [INFO] Checking parameters of camera 3 (at gfa_actions.py)
2025-02-19 14:24:22,579 [DEBUG] Camera 3 IP: 192.168.9.34, Serial: 40103834 (at gfa_actions.py)
2025-02-19 14:24:23,104 [INFO] Camera Device Information (at gfa_actions.py)
2025-02-19 14:24:23,106 [INFO] ========================= (at gfa_actions.py)
2025-02-19 14:24:23,109 [INFO] DeviceModelName : a2A5328-4gmPRO (at gfa_actions.py)
2025-02-19 14:24:23,112 [INFO] DeviceSerialNumber : 40103834 (at gfa_actions.py)
2025-02-19 14:24:23,114 [INFO] DeviceUserID : 108121-03 (at gfa_actions.py)
2025-02-19 14:24:23,118 [INFO] Width : 1332 (at gfa_actions.py)
2025-02-19 14:24:23,122 [INFO] Height : 1152 (at gfa_actions.py)
2025-02-19 14:24:23,126 [INFO] PixelFormat : Mono12 (at gfa_actions.py)
2025-02-19 14:24:23,129 [INFO] ExposureTime (μs) : 1000000.0 (at gfa_actions.py)
2025-02-19 14:24:23,131 [INFO] BinningHorizontalMode : Sum (at gfa_actions.py)
2025-02-19 14:24:23,135 [INFO] BinningHorizontal : 4 (at gfa_actions.py)
2025-02-19 14:24:23,137 [INFO] BinningVerticalMode : Sum (at gfa_actions.py)
2025-02-19 14:24:23,141 [INFO] BinningVertical : 4 (at gfa_actions.py)
2025-02-19 14:24:23,151 [INFO] Checking parameters of camera 4 (at gfa_actions.py)
2025-02-19 14:24:23,152 [DEBUG] Camera 4 IP: 192.168.9.63, Serial: 40103663 (at gfa_actions.py)
2025-02-19 14:24:23,681 [INFO] Camera Device Information (at gfa_actions.py)
2025-02-19 14:24:23,683 [INFO] ========================= (at gfa_actions.py)
2025-02-19 14:24:23,685 [INFO] DeviceModelName : a2A5328-4gmPRO (at gfa_actions.py)
2025-02-19 14:24:23,688 [INFO] DeviceSerialNumber : 40103663 (at gfa_actions.py)
2025-02-19 14:24:23,690 [INFO] DeviceUserID : 108121-05 (at gfa_actions.py)
2025-02-19 14:24:23,693 [INFO] Width : 1332 (at gfa_actions.py)
2025-02-19 14:24:23,697 [INFO] Height : 1152 (at gfa_actions.py)
2025-02-19 14:24:23,703 [INFO] PixelFormat : Mono12 (at gfa_actions.py)
2025-02-19 14:24:23,705 [INFO] ExposureTime (μs) : 1000000.0 (at gfa_actions.py)
2025-02-19 14:24:23,707 [INFO] BinningHorizontalMode : Sum (at gfa_actions.py)
2025-02-19 14:24:23,711 [INFO] BinningHorizontal : 4 (at gfa_actions.py)
2025-02-19 14:24:23,713 [INFO] BinningVerticalMode : Sum (at gfa_actions.py)
2025-02-19 14:24:23,716 [INFO] BinningVertical : 4 (at gfa_actions.py)
2025-02-19 14:24:23,726 [INFO] Checking parameters of camera 5 (at gfa_actions.py)
2025-02-19 14:24:23,727 [DEBUG] Camera 5 IP: 192.168.9.31, Serial: 40103831 (at gfa_actions.py)
2025-02-19 14:24:24,254 [INFO] Camera Device Information (at gfa_actions.py)
2025-02-19 14:24:24,255 [INFO] ========================= (at gfa_actions.py)
2025-02-19 14:24:24,258 [INFO] DeviceModelName : a2A5328-4gmPRO (at gfa_actions.py)
2025-02-19 14:24:24,261 [INFO] DeviceSerialNumber : 40103831 (at gfa_actions.py)
2025-02-19 14:24:24,263 [INFO] DeviceUserID : 108121-06 (at gfa_actions.py)
2025-02-19 14:24:24,267 [INFO] Width : 1332 (at gfa_actions.py)
2025-02-19 14:24:24,270 [INFO] Height : 1152 (at gfa_actions.py)
2025-02-19 14:24:24,275 [INFO] PixelFormat : Mono12 (at gfa_actions.py)
2025-02-19 14:24:24,277 [INFO] ExposureTime (μs) : 1000000.0 (at gfa_actions.py)
2025-02-19 14:24:24,280 [INFO] BinningHorizontalMode : Sum (at gfa_actions.py)
2025-02-19 14:24:24,283 [INFO] BinningHorizontal : 4 (at gfa_actions.py)
2025-02-19 14:24:24,285 [INFO] BinningVerticalMode : Sum (at gfa_actions.py)
2025-02-19 14:24:24,288 [INFO] BinningVertical : 4 (at gfa_actions.py)
2025-02-19 14:24:24,299 [INFO] Checking parameters of camera 6 (at gfa_actions.py)
2025-02-19 14:24:24,300 [DEBUG] Camera 6 IP: 192.168.9.33, Serial: 40103833 (at gfa_actions.py)
2025-02-19 14:24:24,825 [INFO] Camera Device Information (at gfa_actions.py)
2025-02-19 14:24:24,827 [INFO] ========================= (at gfa_actions.py)
2025-02-19 14:24:24,830 [INFO] DeviceModelName : a2A5328-4gmPRO (at gfa_actions.py)
2025-02-19 14:24:24,832 [INFO] DeviceSerialNumber : 40103833 (at gfa_actions.py)
2025-02-19 14:24:24,834 [INFO] DeviceUserID : 108121-07 (at gfa_actions.py)
2025-02-19 14:24:24,837 [INFO] Width : 1332 (at gfa_actions.py)
2025-02-19 14:24:24,841 [INFO] Height : 1152 (at gfa_actions.py)
2025-02-19 14:24:24,845 [INFO] PixelFormat : Mono12 (at gfa_actions.py)
2025-02-19 14:24:24,847 [INFO] ExposureTime (μs) : 1000000.0 (at gfa_actions.py)
2025-02-19 14:24:24,849 [INFO] BinningHorizontalMode : Sum (at gfa_actions.py)
2025-02-19 14:24:24,852 [INFO] BinningHorizontal : 4 (at gfa_actions.py)
2025-02-19 14:24:24,854 [INFO] BinningVerticalMode : Sum (at gfa_actions.py)
2025-02-19 14:24:24,857 [INFO] BinningVertical : 4 (at gfa_actions.py)
2025-02-19 14:25:33,201 [INFO] Configuration file found: /home/kspec/mingyeong/kspec_gfa_controller/src/etc/cams.json (at gfa_actions.py)
2025-02-19 14:25:33,201 [INFO] Configuration file found: /home/kspec/mingyeong/kspec_gfa_controller/src/etc/astrometry_params.json (at gfa_actions.py)
2025-02-19 14:25:33,202 [INFO] Initializing gfa_controller with provided config. (at gfa_actions.py)
2025-02-19 14:25:33,202 [INFO] GfaController initialization complete. (at gfa_actions.py)
2025-02-19 14:25:33,202 [INFO] Initializing gfa_astrometry class. (at gfa_actions.py)
2025-02-19 14:25:33,203 [INFO] Loaded 4 FITS files. (at gfa_actions.py)
2025-02-19 14:25:33,203 [INFO] Initializing GFAGuider... (at gfa_actions.py)
2025-02-19 14:25:33,203 [DEBUG] Processed dir: /home/kspec/mingyeong/kspec_gfa_controller/src/img/procimg (at gfa_actions.py)
2025-02-19 14:25:33,203 [DEBUG] Final astro dir: /home/kspec/mingyeong/kspec_gfa_controller/src/img/astroimg/ (at gfa_actions.py)
2025-02-19 14:25:33,203 [DEBUG] Cutout dir: /home/kspec/mingyeong/kspec_gfa_controller/src/img/cutout (at gfa_actions.py)
2025-02-19 14:25:33,203 [INFO] GFAGuider setup complete. (at gfa_actions.py)
2025-02-19 14:25:33,204 [INFO] Image save path: /home/kspec/mingyeong/kspec_gfa_controller/src/img/grab (at gfa_actions.py)
2025-02-19 14:25:33,204 [INFO] Grabbing image from ALL cameras (ExpTime=1.0, Binning=4). (at gfa_actions.py)
2025-02-19 14:25:33,204 [INFO] Grabbing images from ALL cameras, ExpTime=1.0 (at gfa_actions.py)
2025-02-19 14:25:33,204 [DEBUG] Camera 1 IP: 192.168.9.67 (at gfa_actions.py)
2025-02-19 14:25:33,204 [DEBUG] Camera 2 IP: 192.168.9.58 (at gfa_actions.py)
2025-02-19 14:25:33,204 [DEBUG] Camera 3 IP: 192.168.9.34 (at gfa_actions.py)
2025-02-19 14:25:33,205 [DEBUG] Camera 4 IP: 192.168.9.63 (at gfa_actions.py)
2025-02-19 14:25:33,205 [DEBUG] Camera 5 IP: 192.168.9.31 (at gfa_actions.py)
2025-02-19 14:25:33,205 [DEBUG] Camera 6 IP: 192.168.9.33 (at gfa_actions.py)
2025-02-19 14:25:36,347 [DEBUG] Opened camera: 40103667 (at gfa_actions.py)
2025-02-19 14:25:36,348 [DEBUG] Opened camera: 40074358 (at gfa_actions.py)
2025-02-19 14:25:36,349 [DEBUG] Opened camera: 40103834 (at gfa_actions.py)
2025-02-19 14:25:36,349 [DEBUG] Opened camera: 40103663 (at gfa_actions.py)
2025-02-19 14:25:36,350 [DEBUG] Opened camera: 40103831 (at gfa_actions.py)
2025-02-19 14:25:36,350 [DEBUG] Opened camera: 40103833 (at gfa_actions.py)
2025-02-19 14:25:36,361 [ERROR] Error occurred: Feature 'PixelFormat' : cannot convert value 'Mono16', the value is invalid. : InvalidArgumentException thrown in node 'PixelFormat' while calling 'PixelFormat.FromString()' (file 'Enumeration.cpp', line 134) (at gfa_actions.py)
