2025-02-18 13:51:33,601 [INFO] Configuration file found: /home/kspec/mingyeong/kspec_gfa_controller/src/etc/cams.json (at gfa_actions.py)
2025-02-18 13:51:33,602 [INFO] Configuration file found: /home/kspec/mingyeong/kspec_gfa_controller/src/etc/astrometry_params.json (at gfa_actions.py)
2025-02-18 13:51:33,602 [INFO] Initializing gfa_controller with provided config. (at gfa_actions.py)
2025-02-18 13:51:33,602 [INFO] GfaController initialization complete. (at gfa_actions.py)
2025-02-18 13:51:33,603 [INFO] Initializing gfa_astrometry class. (at gfa_actions.py)
2025-02-18 13:51:33,603 [INFO] Loaded 4 FITS files. (at gfa_actions.py)
2025-02-18 13:51:33,603 [INFO] Initializing GFAGuider... (at gfa_actions.py)
2025-02-18 13:51:33,604 [INFO] GFAGuider setup complete. (at gfa_actions.py)
2025-02-18 13:51:33,604 [INFO] Retrieving parameters for ALL cameras. (at gfa_actions.py)
2025-02-18 13:51:33,604 [INFO] Checking parameters of camera 1 (at gfa_actions.py)
2025-02-18 13:51:34,147 [INFO] Camera Device Information (at gfa_actions.py)
2025-02-18 13:51:34,148 [INFO] ========================= (at gfa_actions.py)
2025-02-18 13:51:34,178 [INFO] Checking parameters of camera 2 (at gfa_actions.py)
2025-02-18 13:51:34,666 [INFO] Camera Device Information (at gfa_actions.py)
2025-02-18 13:51:34,667 [INFO] ========================= (at gfa_actions.py)
2025-02-18 13:51:34,696 [INFO] Checking parameters of camera 3 (at gfa_actions.py)
2025-02-18 13:51:35,223 [INFO] Camera Device Information (at gfa_actions.py)
2025-02-18 13:51:35,225 [INFO] ========================= (at gfa_actions.py)
2025-02-18 13:51:35,256 [INFO] Checking parameters of camera 4 (at gfa_actions.py)
2025-02-18 13:51:35,782 [INFO] Camera Device Information (at gfa_actions.py)
2025-02-18 13:51:35,784 [INFO] ========================= (at gfa_actions.py)
2025-02-18 13:51:35,815 [INFO] Checking parameters of camera 5 (at gfa_actions.py)
2025-02-18 13:51:36,349 [INFO] Camera Device Information (at gfa_actions.py)
2025-02-18 13:51:36,350 [INFO] ========================= (at gfa_actions.py)
2025-02-18 13:51:36,381 [INFO] Checking parameters of camera 6 (at gfa_actions.py)
2025-02-18 13:51:36,909 [INFO] Camera Device Information (at gfa_actions.py)
2025-02-18 13:51:36,910 [INFO] ========================= (at gfa_actions.py)
2025-02-18 13:53:57,573 [INFO] Configuration file found: /home/kspec/mingyeong/kspec_gfa_controller/src/etc/cams.json (at gfa_actions.py)
2025-02-18 13:53:57,573 [INFO] Configuration file found: /home/kspec/mingyeong/kspec_gfa_controller/src/etc/astrometry_params.json (at gfa_actions.py)
2025-02-18 13:53:57,573 [INFO] Initializing gfa_controller with provided config. (at gfa_actions.py)
2025-02-18 13:53:57,574 [INFO] GfaController initialization complete. (at gfa_actions.py)
2025-02-18 13:53:57,574 [INFO] Initializing gfa_astrometry class. (at gfa_actions.py)
2025-02-18 13:53:57,575 [INFO] Loaded 4 FITS files. (at gfa_actions.py)
2025-02-18 13:53:57,575 [INFO] Initializing GFAGuider... (at gfa_actions.py)
2025-02-18 13:53:57,575 [INFO] GFAGuider setup complete. (at gfa_actions.py)
2025-02-18 13:53:57,575 [INFO] Retrieving parameters for ALL cameras. (at gfa_actions.py)
2025-02-18 13:53:57,576 [INFO] Checking parameters of camera 1 (at gfa_actions.py)
2025-02-18 13:53:58,109 [INFO] Camera Device Information (at gfa_actions.py)
2025-02-18 13:53:58,111 [INFO] ========================= (at gfa_actions.py)
2025-02-18 13:53:58,113 [INFO] DeviceModelName : a2A5328-4gmPRO (at gfa_actions.py)
2025-02-18 13:53:58,115 [INFO] DeviceSerialNumber : 40103667 (at gfa_actions.py)
2025-02-18 13:53:58,118 [INFO] DeviceUserID : 108121-01 (at gfa_actions.py)
2025-02-18 13:53:58,122 [INFO] Width : 1332 (at gfa_actions.py)
2025-02-18 13:53:58,126 [INFO] Height : 1152 (at gfa_actions.py)
2025-02-18 13:53:58,131 [INFO] PixelFormat : Mono8 (at gfa_actions.py)
2025-02-18 13:53:58,133 [INFO] ExposureTime (μs) : 2000000.0 (at gfa_actions.py)
2025-02-18 13:53:58,135 [INFO] BinningHorizontalMode : Sum (at gfa_actions.py)
2025-02-18 13:53:58,138 [INFO] BinningHorizontal : 4 (at gfa_actions.py)
2025-02-18 13:53:58,140 [INFO] BinningVerticalMode : Sum (at gfa_actions.py)
2025-02-18 13:53:58,143 [INFO] BinningVertical : 4 (at gfa_actions.py)
2025-02-18 13:53:58,154 [INFO] Checking parameters of camera 2 (at gfa_actions.py)
2025-02-18 13:53:58,645 [INFO] Camera Device Information (at gfa_actions.py)
2025-02-18 13:53:58,646 [INFO] ========================= (at gfa_actions.py)
2025-02-18 13:53:58,649 [INFO] DeviceModelName : a2A5328-4gmPRO (at gfa_actions.py)
2025-02-18 13:53:58,651 [INFO] DeviceSerialNumber : 40074358 (at gfa_actions.py)
2025-02-18 13:53:58,654 [INFO] DeviceUserID : 108121-02 (at gfa_actions.py)
2025-02-18 13:53:58,657 [INFO] Width : 1332 (at gfa_actions.py)
2025-02-18 13:53:58,661 [INFO] Height : 1152 (at gfa_actions.py)
2025-02-18 13:53:58,665 [INFO] PixelFormat : Mono8 (at gfa_actions.py)
2025-02-18 13:53:58,667 [INFO] ExposureTime (μs) : 100000.0 (at gfa_actions.py)
2025-02-18 13:53:58,669 [INFO] BinningHorizontalMode : Sum (at gfa_actions.py)
2025-02-18 13:53:58,672 [INFO] BinningHorizontal : 4 (at gfa_actions.py)
2025-02-18 13:53:58,675 [INFO] BinningVerticalMode : Sum (at gfa_actions.py)
2025-02-18 13:53:58,678 [INFO] BinningVertical : 4 (at gfa_actions.py)
2025-02-18 13:53:58,686 [INFO] Checking parameters of camera 3 (at gfa_actions.py)
2025-02-18 13:53:59,214 [INFO] Camera Device Information (at gfa_actions.py)
2025-02-18 13:53:59,215 [INFO] ========================= (at gfa_actions.py)
2025-02-18 13:53:59,218 [INFO] DeviceModelName : a2A5328-4gmPRO (at gfa_actions.py)
2025-02-18 13:53:59,221 [INFO] DeviceSerialNumber : 40103834 (at gfa_actions.py)
2025-02-18 13:53:59,223 [INFO] DeviceUserID : 108121-03 (at gfa_actions.py)
2025-02-18 13:53:59,227 [INFO] Width : 1332 (at gfa_actions.py)
2025-02-18 13:53:59,230 [INFO] Height : 1152 (at gfa_actions.py)
2025-02-18 13:53:59,234 [INFO] PixelFormat : Mono8 (at gfa_actions.py)
2025-02-18 13:53:59,236 [INFO] ExposureTime (μs) : 100000.0 (at gfa_actions.py)
2025-02-18 13:53:59,238 [INFO] BinningHorizontalMode : Sum (at gfa_actions.py)
2025-02-18 13:53:59,242 [INFO] BinningHorizontal : 4 (at gfa_actions.py)
2025-02-18 13:53:59,245 [INFO] BinningVerticalMode : Sum (at gfa_actions.py)
2025-02-18 13:53:59,248 [INFO] BinningVertical : 4 (at gfa_actions.py)
2025-02-18 13:53:59,258 [INFO] Checking parameters of camera 4 (at gfa_actions.py)
2025-02-18 13:53:59,781 [INFO] Camera Device Information (at gfa_actions.py)
2025-02-18 13:53:59,782 [INFO] ========================= (at gfa_actions.py)
2025-02-18 13:53:59,785 [INFO] DeviceModelName : a2A5328-4gmPRO (at gfa_actions.py)
2025-02-18 13:53:59,787 [INFO] DeviceSerialNumber : 40103663 (at gfa_actions.py)
2025-02-18 13:53:59,790 [INFO] DeviceUserID : 108121-05 (at gfa_actions.py)
2025-02-18 13:53:59,794 [INFO] Width : 1332 (at gfa_actions.py)
2025-02-18 13:53:59,798 [INFO] Height : 1152 (at gfa_actions.py)
2025-02-18 13:53:59,802 [INFO] PixelFormat : Mono8 (at gfa_actions.py)
2025-02-18 13:53:59,804 [INFO] ExposureTime (μs) : 100000.0 (at gfa_actions.py)
2025-02-18 13:53:59,806 [INFO] BinningHorizontalMode : Sum (at gfa_actions.py)
2025-02-18 13:53:59,809 [INFO] BinningHorizontal : 4 (at gfa_actions.py)
2025-02-18 13:53:59,811 [INFO] BinningVerticalMode : Sum (at gfa_actions.py)
2025-02-18 13:53:59,814 [INFO] BinningVertical : 4 (at gfa_actions.py)
2025-02-18 13:53:59,825 [INFO] Checking parameters of camera 5 (at gfa_actions.py)
2025-02-18 13:54:00,364 [INFO] Camera Device Information (at gfa_actions.py)
2025-02-18 13:54:00,366 [INFO] ========================= (at gfa_actions.py)
2025-02-18 13:54:00,369 [INFO] DeviceModelName : a2A5328-4gmPRO (at gfa_actions.py)
2025-02-18 13:54:00,371 [INFO] DeviceSerialNumber : 40103831 (at gfa_actions.py)
2025-02-18 13:54:00,373 [INFO] DeviceUserID : 108121-06 (at gfa_actions.py)
2025-02-18 13:54:00,377 [INFO] Width : 1332 (at gfa_actions.py)
2025-02-18 13:54:00,380 [INFO] Height : 1152 (at gfa_actions.py)
2025-02-18 13:54:00,385 [INFO] PixelFormat : Mono8 (at gfa_actions.py)
2025-02-18 13:54:00,387 [INFO] ExposureTime (μs) : 100000.0 (at gfa_actions.py)
2025-02-18 13:54:00,389 [INFO] BinningHorizontalMode : Sum (at gfa_actions.py)
2025-02-18 13:54:00,392 [INFO] BinningHorizontal : 4 (at gfa_actions.py)
2025-02-18 13:54:00,395 [INFO] BinningVerticalMode : Sum (at gfa_actions.py)
2025-02-18 13:54:00,398 [INFO] BinningVertical : 4 (at gfa_actions.py)
2025-02-18 13:54:00,409 [INFO] Checking parameters of camera 6 (at gfa_actions.py)
2025-02-18 13:54:00,937 [INFO] Camera Device Information (at gfa_actions.py)
2025-02-18 13:54:00,938 [INFO] ========================= (at gfa_actions.py)
2025-02-18 13:54:00,941 [INFO] DeviceModelName : a2A5328-4gmPRO (at gfa_actions.py)
2025-02-18 13:54:00,943 [INFO] DeviceSerialNumber : 40103833 (at gfa_actions.py)
2025-02-18 13:54:00,946 [INFO] DeviceUserID : 108121-07 (at gfa_actions.py)
2025-02-18 13:54:00,950 [INFO] Width : 1332 (at gfa_actions.py)
2025-02-18 13:54:00,954 [INFO] Height : 1152 (at gfa_actions.py)
2025-02-18 13:54:00,960 [INFO] PixelFormat : Mono8 (at gfa_actions.py)
2025-02-18 13:54:00,962 [INFO] ExposureTime (μs) : 100000.0 (at gfa_actions.py)
2025-02-18 13:54:00,964 [INFO] BinningHorizontalMode : Sum (at gfa_actions.py)
2025-02-18 13:54:00,968 [INFO] BinningHorizontal : 4 (at gfa_actions.py)
2025-02-18 13:54:00,970 [INFO] BinningVerticalMode : Sum (at gfa_actions.py)
2025-02-18 13:54:00,974 [INFO] BinningVertical : 4 (at gfa_actions.py)
