2025-04-15 20:12:27,886 [INFO] Configuration file found: /home/GAFOL/work/kspec_gfa_controller/src/etc/cams.json (at gfa_actions.py)
2025-04-15 20:12:27,886 [INFO] Configuration file found: /home/GAFOL/work/kspec_gfa_controller/src/etc/astrometry_params.json (at gfa_actions.py)
2025-04-15 20:12:27,886 [INFO] Initializing gfa_controller with provided config. (at gfa_actions.py)
2025-04-15 20:12:27,886 [INFO] GfaController initialization complete. (at gfa_actions.py)
2025-04-15 20:12:27,886 [INFO] Initializing gfa_astrometry class. (at gfa_actions.py)
2025-04-15 20:12:27,887 [DEBUG] Loaded 4 FITS files. (at gfa_actions.py)
2025-04-15 20:12:27,887 [INFO] Initializing GFAGuider... (at gfa_actions.py)
2025-04-15 20:12:27,887 [DEBUG] Processed dir: /home/GAFOL/work/kspec_gfa_controller/src/img/procimg (at gfa_actions.py)
2025-04-15 20:12:27,887 [DEBUG] Final astro dir: /home/GAFOL/work/kspec_gfa_controller/src/img/astroimg/ (at gfa_actions.py)
2025-04-15 20:12:27,887 [DEBUG] Cutout dir: /home/GAFOL/work/kspec_gfa_controller/src/img/cutout (at gfa_actions.py)
2025-04-15 20:12:27,887 [INFO] GFAGuider setup complete. (at gfa_actions.py)
2025-04-15 20:12:27,887 [INFO] Checking status of all cameras. (at gfa_actions.py)
2025-04-15 20:12:27,887 [INFO] Checking status of all cameras (at gfa_actions.py)
2025-04-15 20:12:27,887 [DEBUG] Camera 1 IP address: 192.168.9.67 (at gfa_actions.py)
2025-04-15 20:12:28,438 [INFO] Camera 1 is online and in standby mode. (at gfa_actions.py)
2025-04-15 20:12:28,441 [DEBUG] Camera 2 IP address: 192.168.9.58 (at gfa_actions.py)
2025-04-15 20:12:28,697 [ERROR] Error with Camera 2 (192.168.9.58): No device is available or no device contains the provided device info properties. : RuntimeException thrown (file 'TlFactory.cpp', line 694) (at gfa_actions.py)
2025-04-15 20:12:28,697 [DEBUG] Camera 3 IP address: 192.168.9.34 (at gfa_actions.py)
2025-04-15 20:12:28,952 [ERROR] Error with Camera 3 (192.168.9.34): No device is available or no device contains the provided device info properties. : RuntimeException thrown (file 'TlFactory.cpp', line 694) (at gfa_actions.py)
2025-04-15 20:12:28,952 [DEBUG] Camera 4 IP address: 192.168.9.63 (at gfa_actions.py)
2025-04-15 20:12:29,207 [ERROR] Error with Camera 4 (192.168.9.63): No device is available or no device contains the provided device info properties. : RuntimeException thrown (file 'TlFactory.cpp', line 694) (at gfa_actions.py)
2025-04-15 20:12:29,207 [DEBUG] Camera 5 IP address: 192.168.9.31 (at gfa_actions.py)
2025-04-15 20:12:29,462 [ERROR] Error with Camera 5 (192.168.9.31): No device is available or no device contains the provided device info properties. : RuntimeException thrown (file 'TlFactory.cpp', line 694) (at gfa_actions.py)
2025-04-15 20:12:29,462 [DEBUG] Camera 6 IP address: 192.168.9.33 (at gfa_actions.py)
2025-04-15 20:12:29,718 [ERROR] Error with Camera 6 (192.168.9.33): No device is available or no device contains the provided device info properties. : RuntimeException thrown (file 'TlFactory.cpp', line 694) (at gfa_actions.py)
2025-04-15 20:12:39,288 [INFO] Configuration file found: /home/GAFOL/work/kspec_gfa_controller/src/etc/cams.json (at gfa_actions.py)
2025-04-15 20:12:39,289 [INFO] Configuration file found: /home/GAFOL/work/kspec_gfa_controller/src/etc/astrometry_params.json (at gfa_actions.py)
2025-04-15 20:12:39,289 [INFO] Initializing gfa_controller with provided config. (at gfa_actions.py)
2025-04-15 20:12:39,289 [INFO] GfaController initialization complete. (at gfa_actions.py)
2025-04-15 20:12:39,289 [INFO] Initializing gfa_astrometry class. (at gfa_actions.py)
2025-04-15 20:12:39,289 [DEBUG] Loaded 4 FITS files. (at gfa_actions.py)
2025-04-15 20:12:39,289 [INFO] Initializing GFAGuider... (at gfa_actions.py)
2025-04-15 20:12:39,289 [DEBUG] Processed dir: /home/GAFOL/work/kspec_gfa_controller/src/img/procimg (at gfa_actions.py)
2025-04-15 20:12:39,289 [DEBUG] Final astro dir: /home/GAFOL/work/kspec_gfa_controller/src/img/astroimg/ (at gfa_actions.py)
2025-04-15 20:12:39,289 [DEBUG] Cutout dir: /home/GAFOL/work/kspec_gfa_controller/src/img/cutout (at gfa_actions.py)
2025-04-15 20:12:39,289 [INFO] GFAGuider setup complete. (at gfa_actions.py)
2025-04-15 20:12:39,289 [INFO] Checking status of all cameras. (at gfa_actions.py)
2025-04-15 20:12:39,289 [INFO] Checking status of all cameras (at gfa_actions.py)
2025-04-15 20:12:39,289 [DEBUG] Camera 1 IP address: 192.168.9.67 (at gfa_actions.py)
2025-04-15 20:12:39,836 [INFO] Camera 1 is online and in standby mode. (at gfa_actions.py)
2025-04-15 20:12:39,839 [DEBUG] Camera 2 IP address: 192.168.9.58 (at gfa_actions.py)
2025-04-15 20:12:40,094 [ERROR] Error with Camera 2 (192.168.9.58): No device is available or no device contains the provided device info properties. : RuntimeException thrown (file 'TlFactory.cpp', line 694) (at gfa_actions.py)
2025-04-15 20:12:40,094 [DEBUG] Camera 3 IP address: 192.168.9.34 (at gfa_actions.py)
2025-04-15 20:12:40,349 [ERROR] Error with Camera 3 (192.168.9.34): No device is available or no device contains the provided device info properties. : RuntimeException thrown (file 'TlFactory.cpp', line 694) (at gfa_actions.py)
2025-04-15 20:12:40,349 [DEBUG] Camera 4 IP address: 192.168.9.63 (at gfa_actions.py)
2025-04-15 20:12:40,604 [ERROR] Error with Camera 4 (192.168.9.63): No device is available or no device contains the provided device info properties. : RuntimeException thrown (file 'TlFactory.cpp', line 694) (at gfa_actions.py)
2025-04-15 20:12:40,604 [DEBUG] Camera 5 IP address: 192.168.9.31 (at gfa_actions.py)
2025-04-15 20:12:40,859 [ERROR] Error with Camera 5 (192.168.9.31): No device is available or no device contains the provided device info properties. : RuntimeException thrown (file 'TlFactory.cpp', line 694) (at gfa_actions.py)
2025-04-15 20:12:40,859 [DEBUG] Camera 6 IP address: 192.168.9.33 (at gfa_actions.py)
2025-04-15 20:12:41,114 [ERROR] Error with Camera 6 (192.168.9.33): No device is available or no device contains the provided device info properties. : RuntimeException thrown (file 'TlFactory.cpp', line 694) (at gfa_actions.py)
2025-04-15 20:14:32,458 [INFO] Configuration file found: /home/GAFOL/work/kspec_gfa_controller/src/etc/cams.json (at gfa_actions.py)
2025-04-15 20:14:32,458 [INFO] Configuration file found: /home/GAFOL/work/kspec_gfa_controller/src/etc/astrometry_params.json (at gfa_actions.py)
2025-04-15 20:14:32,458 [INFO] Initializing gfa_controller with provided config. (at gfa_actions.py)
2025-04-15 20:14:32,458 [INFO] GfaController initialization complete. (at gfa_actions.py)
2025-04-15 20:14:32,458 [INFO] Initializing gfa_astrometry class. (at gfa_actions.py)
2025-04-15 20:14:32,458 [DEBUG] Loaded 4 FITS files. (at gfa_actions.py)
2025-04-15 20:14:32,458 [INFO] Initializing GFAGuider... (at gfa_actions.py)
2025-04-15 20:14:32,458 [DEBUG] Processed dir: /home/GAFOL/work/kspec_gfa_controller/src/img/procimg (at gfa_actions.py)
2025-04-15 20:14:32,458 [DEBUG] Final astro dir: /home/GAFOL/work/kspec_gfa_controller/src/img/astroimg/ (at gfa_actions.py)
2025-04-15 20:14:32,458 [DEBUG] Cutout dir: /home/GAFOL/work/kspec_gfa_controller/src/img/cutout (at gfa_actions.py)
2025-04-15 20:14:32,458 [INFO] GFAGuider setup complete. (at gfa_actions.py)
2025-04-15 20:14:32,458 [INFO] Image save path: /home/GAFOL/work/kspec_gfa_controller/src/img/grab (at gfa_actions.py)
2025-04-15 20:14:32,458 [INFO] Grabbing image from camera 1 (ExpTime=0.01, Binning=4). (at gfa_actions.py)
2025-04-15 20:14:32,458 [INFO] Grabbing image from camera 1, ExpTime=0.01 (at gfa_actions.py)
2025-04-15 20:14:32,458 [DEBUG] Camera 1 IP: 192.168.9.67 (at gfa_actions.py)
2025-04-15 20:14:33,012 [DEBUG] Set exposure time: 10000.0 μs (at gfa_actions.py)
2025-04-15 20:14:33,076 [DEBUG] Set PixelFormat Mono12 (at gfa_actions.py)
2025-04-15 20:14:33,085 [DEBUG] Set binning: 4x4 (at gfa_actions.py)
2025-04-15 20:14:33,221 [DEBUG] Max pixel value of grabbed image (Cam 1): 169 (at gfa_actions.py)
2025-04-15 20:14:33,221 [DEBUG] FITS file will be saved to: /home/GAFOL/work/kspec_gfa_controller/src/img/grab/2025-04-15_20:14:32_grabone_cam1.fits (at gfa_actions.py)
2025-04-15 20:14:33,221 [DEBUG] Image array shape: (1152, 1332) (at gfa_actions.py)
2025-04-15 20:14:33,221 [WARNING] No date_obs provided. Using current date. (at gfa_actions.py)
2025-04-15 20:14:33,221 [WARNING] No time_obs provided. Using current time. (at gfa_actions.py)
2025-04-15 20:14:33,222 [DEBUG] FITS header details: SIMPLE  =                    T                                                  BITPIX  =                  -32                                                  NAXIS   =                    2                                                  NAXIS1  =                 1332                                                  NAXIS2  =                 1152                                                  CTYPE1  = 'PIXEL   '                                                            CTYPE2  = 'PIXEL   '                                                            TELESCOP= 'KMTNET  '                                                            INSTRUME= 'KSPEC-GFA'                                                           OBSERVER= 'Mingyeong'                                                           OBJECT  = 'Unknown '                                                            DATE-OBS= '2025-04-15'                                                          TIME-OBS= '20:14:33'                                                            RA      = 'UNKNOWN '                                                            DEC     = 'UNKNOWN '                                                            EXPTIME =                 0.01                                                  COMMENT FITS file created with custom header fields                             END                                                                                                                                                                                                                                                                                                                                                                                                                                                                                                                                                                                                                                                                                                                                                                                                                                                                                                                                                                                                                                                                                                                                                                                                                                                                                                                                                                                                                                                                                                                                                                              (at gfa_actions.py)
2025-04-15 20:14:33,227 [INFO] FITS file successfully saved to /home/GAFOL/work/kspec_gfa_controller/src/img/grab/2025-04-15_20:14:32_grabone_cam1.fits (at gfa_actions.py)
2025-04-15 20:14:33,676 [ERROR] Error occurred: [Errno 2] No such file or directory: '/home/kspec/mingyeong/png_save/2025-04-15_20:14:32_grabone_cam1.png' (at gfa_actions.py)
2025-04-15 20:20:10,728 [INFO] Configuration file found: /home/GAFOL/work/kspec_gfa_controller/src/etc/cams.json (at gfa_actions.py)
2025-04-15 20:20:10,729 [INFO] Configuration file found: /home/GAFOL/work/kspec_gfa_controller/src/etc/astrometry_params.json (at gfa_actions.py)
2025-04-15 20:20:10,729 [INFO] Initializing gfa_controller with provided config. (at gfa_actions.py)
2025-04-15 20:20:10,729 [INFO] GfaController initialization complete. (at gfa_actions.py)
2025-04-15 20:20:10,729 [INFO] Initializing gfa_astrometry class. (at gfa_actions.py)
2025-04-15 20:20:10,729 [DEBUG] Loaded 4 FITS files. (at gfa_actions.py)
2025-04-15 20:20:10,729 [INFO] Initializing GFAGuider... (at gfa_actions.py)
2025-04-15 20:20:10,729 [DEBUG] Processed dir: /home/GAFOL/work/kspec_gfa_controller/src/img/procimg (at gfa_actions.py)
2025-04-15 20:20:10,729 [DEBUG] Final astro dir: /home/GAFOL/work/kspec_gfa_controller/src/img/astroimg/ (at gfa_actions.py)
2025-04-15 20:20:10,729 [DEBUG] Cutout dir: /home/GAFOL/work/kspec_gfa_controller/src/img/cutout (at gfa_actions.py)
2025-04-15 20:20:10,729 [INFO] GFAGuider setup complete. (at gfa_actions.py)
2025-04-15 20:20:10,729 [INFO] Image save path: /home/GAFOL/work/kspec_gfa_controller/src/img/grab (at gfa_actions.py)
2025-04-15 20:20:10,729 [INFO] Grabbing image from camera 1 (ExpTime=0.01, Binning=4). (at gfa_actions.py)
2025-04-15 20:20:10,729 [INFO] Grabbing image from camera 1, ExpTime=0.01 (at gfa_actions.py)
2025-04-15 20:20:10,729 [DEBUG] Camera 1 IP: 192.168.9.67 (at gfa_actions.py)
2025-04-15 20:20:11,283 [DEBUG] Set exposure time: 10000.0 μs (at gfa_actions.py)
2025-04-15 20:20:11,347 [DEBUG] Set PixelFormat Mono12 (at gfa_actions.py)
2025-04-15 20:20:11,356 [DEBUG] Set binning: 4x4 (at gfa_actions.py)
2025-04-15 20:20:11,492 [DEBUG] Max pixel value of grabbed image (Cam 1): 172 (at gfa_actions.py)
2025-04-15 20:20:11,492 [DEBUG] FITS file will be saved to: /home/GAFOL/work/kspec_gfa_controller/src/img/grab/2025-04-15_20:20:10_grabone_cam1.fits (at gfa_actions.py)
2025-04-15 20:20:11,492 [DEBUG] Image array shape: (1152, 1332) (at gfa_actions.py)
2025-04-15 20:20:11,492 [WARNING] No date_obs provided. Using current date. (at gfa_actions.py)
2025-04-15 20:20:11,492 [WARNING] No time_obs provided. Using current time. (at gfa_actions.py)
2025-04-15 20:20:11,492 [DEBUG] FITS header details: SIMPLE  =                    T                                                  BITPIX  =                  -32                                                  NAXIS   =                    2                                                  NAXIS1  =                 1332                                                  NAXIS2  =                 1152                                                  CTYPE1  = 'PIXEL   '                                                            CTYPE2  = 'PIXEL   '                                                            TELESCOP= 'KMTNET  '                                                            INSTRUME= 'KSPEC-GFA'                                                           OBSERVER= 'Mingyeong'                                                           OBJECT  = 'Unknown '                                                            DATE-OBS= '2025-04-15'                                                          TIME-OBS= '20:20:11'                                                            RA      = 'UNKNOWN '                                                            DEC     = 'UNKNOWN '                                                            EXPTIME =                 0.01                                                  COMMENT FITS file created with custom header fields                             END                                                                                                                                                                                                                                                                                                                                                                                                                                                                                                                                                                                                                                                                                                                                                                                                                                                                                                                                                                                                                                                                                                                                                                                                                                                                                                                                                                                                                                                                                                                                                                              (at gfa_actions.py)
2025-04-15 20:20:11,497 [INFO] FITS file successfully saved to /home/GAFOL/work/kspec_gfa_controller/src/img/grab/2025-04-15_20:20:10_grabone_cam1.fits (at gfa_actions.py)
2025-04-15 20:20:11,671 [INFO] PNG save path: /home/GAFOL/work/kspec_gfa_controller/src/img/png (at gfa_actions.py)
2025-04-15 20:20:12,226 [DEBUG] Exposure time for camera 1: 0.01 sec (at gfa_actions.py)
2025-04-15 20:20:12,227 [DEBUG] Process time for camera 1: 1.4971199035644531 sec (at gfa_actions.py)
2025-04-15 20:20:45,237 [INFO] Configuration file found: /home/GAFOL/work/kspec_gfa_controller/src/etc/cams.json (at gfa_actions.py)
2025-04-15 20:20:45,237 [INFO] Configuration file found: /home/GAFOL/work/kspec_gfa_controller/src/etc/astrometry_params.json (at gfa_actions.py)
2025-04-15 20:20:45,237 [INFO] Initializing gfa_controller with provided config. (at gfa_actions.py)
2025-04-15 20:20:45,237 [INFO] GfaController initialization complete. (at gfa_actions.py)
2025-04-15 20:20:45,237 [INFO] Initializing gfa_astrometry class. (at gfa_actions.py)
2025-04-15 20:20:45,238 [DEBUG] Loaded 4 FITS files. (at gfa_actions.py)
2025-04-15 20:20:45,238 [INFO] Initializing GFAGuider... (at gfa_actions.py)
2025-04-15 20:20:45,238 [DEBUG] Processed dir: /home/GAFOL/work/kspec_gfa_controller/src/img/procimg (at gfa_actions.py)
2025-04-15 20:20:45,238 [DEBUG] Final astro dir: /home/GAFOL/work/kspec_gfa_controller/src/img/astroimg/ (at gfa_actions.py)
2025-04-15 20:20:45,238 [DEBUG] Cutout dir: /home/GAFOL/work/kspec_gfa_controller/src/img/cutout (at gfa_actions.py)
2025-04-15 20:20:45,238 [INFO] GFAGuider setup complete. (at gfa_actions.py)
2025-04-15 20:20:45,238 [INFO] Image save path: /home/GAFOL/work/kspec_gfa_controller/src/img/grab (at gfa_actions.py)
2025-04-15 20:20:45,238 [INFO] Grabbing image from camera 1 (ExpTime=0.01, Binning=4). (at gfa_actions.py)
2025-04-15 20:20:45,238 [INFO] Grabbing image from camera 1, ExpTime=0.01 (at gfa_actions.py)
2025-04-15 20:20:45,238 [DEBUG] Camera 1 IP: 192.168.9.67 (at gfa_actions.py)
2025-04-15 20:20:45,792 [DEBUG] Set exposure time: 10000.0 μs (at gfa_actions.py)
2025-04-15 20:20:45,857 [DEBUG] Set PixelFormat Mono12 (at gfa_actions.py)
2025-04-15 20:20:45,866 [DEBUG] Set binning: 4x4 (at gfa_actions.py)
2025-04-15 20:20:46,002 [DEBUG] Max pixel value of grabbed image (Cam 1): 172 (at gfa_actions.py)
2025-04-15 20:20:46,002 [DEBUG] FITS file will be saved to: /home/GAFOL/work/kspec_gfa_controller/src/img/grab/2025-04-15_20:20:45_grabone_cam1.fits (at gfa_actions.py)
2025-04-15 20:20:46,002 [DEBUG] Image array shape: (1152, 1332) (at gfa_actions.py)
2025-04-15 20:20:46,002 [WARNING] No date_obs provided. Using current date. (at gfa_actions.py)
2025-04-15 20:20:46,002 [WARNING] No time_obs provided. Using current time. (at gfa_actions.py)
2025-04-15 20:20:46,002 [DEBUG] FITS header details: SIMPLE  =                    T                                                  BITPIX  =                  -32                                                  NAXIS   =                    2                                                  NAXIS1  =                 1332                                                  NAXIS2  =                 1152                                                  CTYPE1  = 'PIXEL   '                                                            CTYPE2  = 'PIXEL   '                                                            TELESCOP= 'KMTNET  '                                                            INSTRUME= 'KSPEC-GFA'                                                           OBSERVER= 'Mingyeong'                                                           OBJECT  = 'Unknown '                                                            DATE-OBS= '2025-04-15'                                                          TIME-OBS= '20:20:46'                                                            RA      = 'UNKNOWN '                                                            DEC     = 'UNKNOWN '                                                            EXPTIME =                 0.01                                                  COMMENT FITS file created with custom header fields                             END                                                                                                                                                                                                                                                                                                                                                                                                                                                                                                                                                                                                                                                                                                                                                                                                                                                                                                                                                                                                                                                                                                                                                                                                                                                                                                                                                                                                                                                                                                                                                                              (at gfa_actions.py)
2025-04-15 20:20:46,007 [INFO] FITS file successfully saved to /home/GAFOL/work/kspec_gfa_controller/src/img/grab/2025-04-15_20:20:45_grabone_cam1.fits (at gfa_actions.py)
2025-04-15 20:20:46,176 [INFO] PNG save path: /home/GAFOL/work/kspec_gfa_controller/src/img/png (at gfa_actions.py)
2025-04-15 20:20:46,416 [ERROR] Error occurred: [Errno 2] No such file or directory: '/home/GAFOL/work/kspec_gfa_controller/src/img/png/2025-04-15_20:20:45_grabone_cam1.png' (at gfa_actions.py)
2025-04-15 20:21:04,110 [INFO] Configuration file found: /home/GAFOL/work/kspec_gfa_controller/src/etc/cams.json (at gfa_actions.py)
2025-04-15 20:21:04,110 [INFO] Configuration file found: /home/GAFOL/work/kspec_gfa_controller/src/etc/astrometry_params.json (at gfa_actions.py)
2025-04-15 20:21:04,110 [INFO] Initializing gfa_controller with provided config. (at gfa_actions.py)
2025-04-15 20:21:04,111 [INFO] GfaController initialization complete. (at gfa_actions.py)
2025-04-15 20:21:04,111 [INFO] Initializing gfa_astrometry class. (at gfa_actions.py)
2025-04-15 20:21:04,111 [DEBUG] Loaded 4 FITS files. (at gfa_actions.py)
2025-04-15 20:21:04,111 [INFO] Initializing GFAGuider... (at gfa_actions.py)
2025-04-15 20:21:04,111 [DEBUG] Processed dir: /home/GAFOL/work/kspec_gfa_controller/src/img/procimg (at gfa_actions.py)
2025-04-15 20:21:04,111 [DEBUG] Final astro dir: /home/GAFOL/work/kspec_gfa_controller/src/img/astroimg/ (at gfa_actions.py)
2025-04-15 20:21:04,111 [DEBUG] Cutout dir: /home/GAFOL/work/kspec_gfa_controller/src/img/cutout (at gfa_actions.py)
2025-04-15 20:21:04,111 [INFO] GFAGuider setup complete. (at gfa_actions.py)
2025-04-15 20:21:04,111 [INFO] Image save path: /home/GAFOL/work/kspec_gfa_controller/src/img/grab (at gfa_actions.py)
2025-04-15 20:21:04,111 [INFO] Grabbing image from camera 1 (ExpTime=0.01, Binning=4). (at gfa_actions.py)
2025-04-15 20:21:04,111 [INFO] Grabbing image from camera 1, ExpTime=0.01 (at gfa_actions.py)
2025-04-15 20:21:04,111 [DEBUG] Camera 1 IP: 192.168.9.67 (at gfa_actions.py)
2025-04-15 20:21:04,665 [DEBUG] Set exposure time: 10000.0 μs (at gfa_actions.py)
2025-04-15 20:21:04,727 [DEBUG] Set PixelFormat Mono12 (at gfa_actions.py)
2025-04-15 20:21:04,736 [DEBUG] Set binning: 4x4 (at gfa_actions.py)
2025-04-15 20:21:04,872 [DEBUG] Max pixel value of grabbed image (Cam 1): 169 (at gfa_actions.py)
2025-04-15 20:21:04,872 [DEBUG] FITS file will be saved to: /home/GAFOL/work/kspec_gfa_controller/src/img/grab/2025-04-15_20:21:04_grabone_cam1.fits (at gfa_actions.py)
2025-04-15 20:21:04,872 [DEBUG] Image array shape: (1152, 1332) (at gfa_actions.py)
2025-04-15 20:21:04,872 [WARNING] No date_obs provided. Using current date. (at gfa_actions.py)
2025-04-15 20:21:04,872 [WARNING] No time_obs provided. Using current time. (at gfa_actions.py)
2025-04-15 20:21:04,872 [DEBUG] FITS header details: SIMPLE  =                    T                                                  BITPIX  =                  -32                                                  NAXIS   =                    2                                                  NAXIS1  =                 1332                                                  NAXIS2  =                 1152                                                  CTYPE1  = 'PIXEL   '                                                            CTYPE2  = 'PIXEL   '                                                            TELESCOP= 'KMTNET  '                                                            INSTRUME= 'KSPEC-GFA'                                                           OBSERVER= 'Mingyeong'                                                           OBJECT  = 'Unknown '                                                            DATE-OBS= '2025-04-15'                                                          TIME-OBS= '20:21:04'                                                            RA      = 'UNKNOWN '                                                            DEC     = 'UNKNOWN '                                                            EXPTIME =                 0.01                                                  COMMENT FITS file created with custom header fields                             END                                                                                                                                                                                                                                                                                                                                                                                                                                                                                                                                                                                                                                                                                                                                                                                                                                                                                                                                                                                                                                                                                                                                                                                                                                                                                                                                                                                                                                                                                                                                                                              (at gfa_actions.py)
2025-04-15 20:21:04,877 [INFO] FITS file successfully saved to /home/GAFOL/work/kspec_gfa_controller/src/img/grab/2025-04-15_20:21:04_grabone_cam1.fits (at gfa_actions.py)
2025-04-15 20:21:05,045 [INFO] PNG save path: /home/GAFOL/work/kspec_gfa_controller/src/img/png (at gfa_actions.py)
2025-04-15 20:21:05,636 [DEBUG] Exposure time for camera 1: 0.01 sec (at gfa_actions.py)
2025-04-15 20:21:05,636 [DEBUG] Process time for camera 1: 1.5250732898712158 sec (at gfa_actions.py)
